-----BEGIN-----
-----SETTINGS-----
STRATEGY:feddf
MODEL_NAME:resnet8
NUM_CLIENTS:20
NUM_ROUNDS:30
FRACTION_FIT:0.4
FRACTION_EVALUATE:0.0
DATASET_NAME:pathmnist
PARTITION_ALPHA:1.0
PARTITION_VAL_RATIO:0.1
BATCH_SIZE:512
LOCAL_EPOCHS:40
LOCAL_LR:0.05
DISTILL_BATCH_SIZE:512
SERVER_LR:0.005
SERVER_STEPS:500
SERVER_EARLY_STEPS:1000
USE_EARLY_STOPPING:False
USE_ADAPTIVE_LR:False
SEED:42
CUDA_DETERMINISTIC:False
USE_CROPS:True
IMG_NAME:colonpath_sample.jpg
DISTILL_DATASET:cifar100
DISTILL_ALPHA:1.0
NUM_DISTILL_IMAGES:10000
DISTILL_TRANSFORMS:v0
WARM_START:True
WARM_START_ROUNDS:1
WARM_START_INTERVAL:5
KMEANS_N_CLUSTER:20
KMEANS_HEURISTICS:easy
KMEANS_MIXED_FACTOR:50-50
CLIPPING_FACTOR:3.5
-----SETTINGS END-----
-----EXPERIMENT BEGINS-----
---------
Generating crops for FedDF
Namespace(img_size=32, batch_size=32, num_imgs=100000, threads=18, vflip=False, deg=30, shear=30, cropfirst=True, initcrop=0.5, scale=[500, 1], randinterp=False, debug=False, imgpath='./static/single_images/colonpath_sample.jpg', targetpath='/scratch-local/sunnys.3069143/1689352523_065725025', seed=42, img_per_thread=5555)
will save 100000 patches in /scratch-local/sunnys.3069143/1689352523_065725025/single_img_crops/crops
100000 took 0.44min with 18 threads
---------
Simulating feddf training
INFO simulate 2023-07-14 18:36:10,292 | simulate.py:50 | Python script started : simulate.py
DEBUG simulate 2023-07-14 18:36:10,292 | simulate.py:55 | Reading args from argument parser
Downloading https://zenodo.org/record/6496656/files/pathmnist.npz?download=1 to /scratch-local/sunnys.3069143/1689352523_065725025/pathmnist.npz
Generating unified pathmnist dataset
Class histogram for 0-th partition (alpha=1.0, 9 classes): [ 797  772  834   92   22  456  457 1046   24]
INFO flwr 2023-07-14 18:37:11,848 | app.py:145 | Starting Flower simulation, config: ServerConfig(num_rounds=30, round_timeout=None)
2023-07-14 18:37:14,714	INFO worker.py:1529 -- Started a local Ray instance. View the dashboard at [1m[32m127.0.0.1:8265 [39m[22m
INFO flwr 2023-07-14 18:37:16,310 | app.py:179 | Flower VCE: Ray initialized with resources: {'GPU': 1.0, 'CPU': 18.0, 'object_store_memory': 61847529062.0, 'node:145.136.62.51': 1.0, 'accelerator_type:A100': 1.0, 'memory': 103079215104.0}
INFO flwr 2023-07-14 18:37:16,310 | server.py:86 | Initializing global parameters
INFO flwr 2023-07-14 18:37:16,311 | server.py:266 | Using initial parameters provided by strategy
INFO flwr 2023-07-14 18:37:16,311 | server.py:88 | Evaluating initial parameters
INFO flwr 2023-07-14 18:37:24,183 | server.py:91 | initial parameters (loss, other metrics): 2.1845225108367154, {'server_test_acc': 0.11030640668523677}
INFO flwr 2023-07-14 18:37:24,183 | server.py:101 | FL starting
DEBUG flwr 2023-07-14 18:37:32,347 | server.py:215 | fit_round 1: strategy sampled 8 clients (out of 20)
[2m[36m(launch_and_fit pid=3390801)[0m corrupted size vs. prev_size in fastbins
[2m[36m(launch_and_fit pid=3390795)[0m double free or corruption (fasttop)
DEBUG flwr 2023-07-14 18:38:55,310 | server.py:229 | fit_round 1 received 8 results and 0 failures
Cluster score for round 1 = 1282.541015625
[2m[36m(launch_and_fit pid=3390809)[0m Fitting Client 5
[2m[36m(launch_and_fit pid=3390797)[0m Fitting Client 3
[2m[36m(launch_and_fit pid=3390795)[0m Fitting Client 8
[2m[36m(launch_and_fit pid=3390801)[0m Fitting Client 14
[2m[36m(launch_and_fit pid=3390799)[0m Fitting Client 11
[2m[36m(launch_and_fit pid=3390810)[0m Fitting Client 13
[2m[36m(launch_and_fit pid=3390800)[0m Fitting Client 2
[2m[36m(launch_and_fit pid=3390798)[0m Fitting Client 12
Warm start at round 1
Performing server side distillation training...
[2m[36m(launch_and_fit pid=3390797)[0m double free or corruption (fasttop)
[2m[36m(launch_and_fit pid=3390809)[0m malloc_consolidate(): invalid chunk size
[2m[36m(launch_and_fit pid=3390799)[0m malloc_consolidate(): invalid chunk size
E0714 18:38:56.732976558 3385615 chttp2_transport.cc:1079]             ipv4:145.136.62.51:49883: Received a GOAWAY with error code ENHANCE_YOUR_CALM and debug data equal to "too_many_pings". Current keepalive time (before throttling): 60000ms
[2m[36m(launch_and_fit pid=3390810)[0m double free or corruption (fasttop)
[2m[36m(launch_and_fit pid=3390800)[0m malloc_consolidate(): invalid chunk size
Distillation training stopped at step number : 500
Average fusion training loss : 0.1854676113575697, val accuracy : 0.4269786571809693, best val accuracy : 0.4829924410849266
Average local training loss : 6.586316051706671
Average local training accuracy : 0.7488996913580247
INFO flwr 2023-07-14 18:39:51,707 | server.py:116 | fit progress: (1, 2.084911567188571, {'server_test_acc': 0.3848189415041783}, 147.52389864099678)
INFO flwr 2023-07-14 18:39:51,707 | server.py:163 | evaluate_round 1: no clients selected, cancel
DEBUG flwr 2023-07-14 18:40:00,055 | server.py:215 | fit_round 2: strategy sampled 8 clients (out of 20)
[2m[36m(launch_and_fit pid=3668324)[0m malloc_consolidate(): invalid chunk size
[2m[36m(launch_and_fit pid=3668328)[0m malloc_consolidate(): invalid chunk size
DEBUG flwr 2023-07-14 18:41:17,321 | server.py:229 | fit_round 2 received 8 results and 0 failures
[2m[36m(launch_and_fit pid=3668326)[0m double free or corruption (fasttop)
Cluster score for round 2 = 148202.828125
[2m[36m(launch_and_fit pid=3668319)[0m Fitting Client 6
[2m[36m(launch_and_fit pid=3668322)[0m Fitting Client 8
[2m[36m(launch_and_fit pid=3668324)[0m Fitting Client 2
[2m[36m(launch_and_fit pid=3668326)[0m Fitting Client 5
[2m[36m(launch_and_fit pid=3668327)[0m Fitting Client 17
[2m[36m(launch_and_fit pid=3668328)[0m Fitting Client 7
[2m[36m(launch_and_fit pid=3668330)[0m Fitting Client 19
[2m[36m(launch_and_fit pid=3668329)[0m Fitting Client 15
Performing server side distillation training...
[2m[36m(launch_and_fit pid=3668319)[0m corrupted size vs. prev_size in fastbins
[2m[36m(launch_and_fit pid=3668329)[0m malloc_consolidate(): invalid chunk size
[2m[36m(launch_and_fit pid=3668322)[0m double free or corruption (fasttop)
[2m[36m(launch_and_fit pid=3668327)[0m malloc_consolidate(): invalid chunk size
[2m[36m(launch_and_fit pid=3668330)[0m malloc_consolidate(): invalid chunk size
E0714 18:41:19.900412597 3575314 chttp2_transport.cc:1079]             ipv4:145.136.62.51:49883: Received a GOAWAY with error code ENHANCE_YOUR_CALM and debug data equal to "too_many_pings". Current keepalive time (before throttling): 120000ms
Distillation training stopped at step number : 500
Average fusion training loss : 0.1488614446669817, val accuracy : 0.5553690529124055, best val accuracy : 0.61827478879502
Average local training loss : 4.656833139341324
Average local training accuracy : 0.8418479938271606
INFO flwr 2023-07-14 18:42:20,376 | server.py:116 | fit progress: (2, 2.2476308551671447, {'server_test_acc': 0.49610027855153205}, 296.1928223450086)
INFO flwr 2023-07-14 18:42:20,376 | server.py:163 | evaluate_round 2: no clients selected, cancel
DEBUG flwr 2023-07-14 18:42:29,028 | server.py:215 | fit_round 3: strategy sampled 8 clients (out of 20)
[2m[36m(launch_and_fit pid=3943863)[0m double free or corruption (fasttop)
[2m[36m(launch_and_fit pid=3943860)[0m malloc_consolidate(): invalid chunk size
[2m[36m(launch_and_fit pid=3944004)[0m double free or corruption (fasttop)
DEBUG flwr 2023-07-14 18:43:44,970 | server.py:229 | fit_round 3 received 8 results and 0 failures
[2m[36m(launch_and_fit pid=3943862)[0m double free or corruption (fasttop)
Cluster score for round 3 = 141355.53125
[2m[36m(launch_and_fit pid=3943860)[0m Fitting Client 8
[2m[36m(launch_and_fit pid=3943862)[0m Fitting Client 17
[2m[36m(launch_and_fit pid=3943863)[0m Fitting Client 7
[2m[36m(launch_and_fit pid=3944005)[0m Fitting Client 0
[2m[36m(launch_and_fit pid=3943945)[0m Fitting Client 3
[2m[36m(launch_and_fit pid=3943933)[0m Fitting Client 10
[2m[36m(launch_and_fit pid=3943934)[0m Fitting Client 1
[2m[36m(launch_and_fit pid=3944004)[0m Fitting Client 13
Performing server side distillation training...
[2m[36m(launch_and_fit pid=3943933)[0m malloc_consolidate(): invalid chunk size
[2m[36m(launch_and_fit pid=3943945)[0m malloc_consolidate(): invalid chunk size
[2m[36m(launch_and_fit pid=3944005)[0m corrupted size vs. prev_size in fastbins
[2m[36m(launch_and_fit pid=3943934)[0m corrupted size vs. prev_size in fastbins
E0714 18:43:47.420891267 3849519 chttp2_transport.cc:1079]             ipv4:145.136.62.51:49883: Received a GOAWAY with error code ENHANCE_YOUR_CALM and debug data equal to "too_many_pings". Current keepalive time (before throttling): 240000ms
Distillation training stopped at step number : 500
Average fusion training loss : 0.1324099041968584, val accuracy : 0.555402401067141, best val accuracy : 0.5981547354379725
Average local training loss : 4.772302977740765
Average local training accuracy : 0.8334621913580248
INFO flwr 2023-07-14 18:44:47,436 | server.py:116 | fit progress: (3, 1.833981183511633, {'server_test_acc': 0.567966573816156}, 443.2531395769911)
INFO flwr 2023-07-14 18:44:47,436 | server.py:163 | evaluate_round 3: no clients selected, cancel
DEBUG flwr 2023-07-14 18:44:56,030 | server.py:215 | fit_round 4: strategy sampled 8 clients (out of 20)
[2m[36m(launch_and_fit pid=23400)[0m double free or corruption (fasttop)
[2m[36m(launch_and_fit pid=23611)[0m malloc_consolidate(): invalid chunk size
[2m[36m(launch_and_fit pid=23613)[0m malloc_consolidate(): invalid chunk size
DEBUG flwr 2023-07-14 18:46:10,365 | server.py:229 | fit_round 4 received 8 results and 0 failures
[2m[36m(launch_and_fit pid=23610)[0m double free or corruption (fasttop)
Cluster score for round 4 = 166087.078125
[2m[36m(launch_and_fit pid=23471)[0m Fitting Client 2
[2m[36m(launch_and_fit pid=23400)[0m Fitting Client 10
[2m[36m(launch_and_fit pid=23401)[0m Fitting Client 12
[2m[36m(launch_and_fit pid=23474)[0m Fitting Client 8
[2m[36m(launch_and_fit pid=23612)[0m Fitting Client 11
[2m[36m(launch_and_fit pid=23611)[0m Fitting Client 9
[2m[36m(launch_and_fit pid=23610)[0m Fitting Client 14
[2m[36m(launch_and_fit pid=23613)[0m Fitting Client 6
Performing server side distillation training...
[2m[36m(launch_and_fit pid=23474)[0m malloc_consolidate(): invalid chunk size
E0714 18:46:11.145446909 4119495 chttp2_transport.cc:1079]             ipv4:145.136.62.51:49883: Received a GOAWAY with error code ENHANCE_YOUR_CALM and debug data equal to "too_many_pings". Current keepalive time (before throttling): 480000ms
[2m[36m(launch_and_fit pid=23401)[0m double free or corruption (fasttop)
[2m[36m(launch_and_fit pid=23612)[0m malloc_consolidate(): invalid chunk size
[2m[36m(launch_and_fit pid=23471)[0m double free or corruption (fasttop)
Distillation training stopped at step number : 500
Average fusion training loss : 0.15703063797950745, val accuracy : 0.5744775455758114, best val accuracy : 0.6122721209426412
Average local training loss : 4.828455503098667
Average local training accuracy : 0.8314344135802468
INFO flwr 2023-07-14 18:47:14,343 | server.py:116 | fit progress: (4, 1.6701365571832258, {'server_test_acc': 0.532033426183844}, 590.1601769989938)
INFO flwr 2023-07-14 18:47:14,343 | server.py:163 | evaluate_round 4: no clients selected, cancel
DEBUG flwr 2023-07-14 18:47:23,168 | server.py:215 | fit_round 5: strategy sampled 8 clients (out of 20)
[2m[36m(launch_and_fit pid=322491)[0m malloc_consolidate(): invalid chunk size
DEBUG flwr 2023-07-14 18:48:37,166 | server.py:229 | fit_round 5 received 8 results and 0 failures
Cluster score for round 5 = 184752.859375
[2m[36m(launch_and_fit pid=321932)[0m Fitting Client 15
[2m[36m(launch_and_fit pid=322269)[0m Fitting Client 14
[2m[36m(launch_and_fit pid=322209)[0m Fitting Client 10
[2m[36m(launch_and_fit pid=322305)[0m Fitting Client 2
[2m[36m(launch_and_fit pid=322491)[0m Fitting Client 4
[2m[36m(launch_and_fit pid=322490)[0m Fitting Client 17
[2m[36m(launch_and_fit pid=321807)[0m Fitting Client 6
[2m[36m(launch_and_fit pid=322298)[0m Fitting Client 12
Warm start at round 5
Performing server side distillation training...
[2m[36m(launch_and_fit pid=321932)[0m malloc_consolidate(): invalid chunk size
[2m[36m(launch_and_fit pid=321807)[0m double free or corruption (fasttop)
[2m[36m(launch_and_fit pid=322490)[0m double free or corruption (fasttop)
E0714 18:48:38.234928068  187269 chttp2_transport.cc:1079]             ipv4:145.136.62.51:49883: Received a GOAWAY with error code ENHANCE_YOUR_CALM and debug data equal to "too_many_pings". Current keepalive time (before throttling): 960000ms
[2m[36m(launch_and_fit pid=322305)[0m malloc_consolidate(): invalid chunk size
[2m[36m(launch_and_fit pid=322209)[0m malloc_consolidate(): invalid chunk size
[2m[36m(launch_and_fit pid=322269)[0m malloc_consolidate(): invalid chunk size
Distillation training stopped at step number : 500
Average fusion training loss : 0.2579917880296707, val accuracy : 0.38680524677634504, best val accuracy : 0.47087594486438417
Average local training loss : 4.78768548052758
Average local training accuracy : 0.833974537037037
INFO flwr 2023-07-14 18:49:40,452 | server.py:116 | fit progress: (5, 3.472159413308486, {'server_test_acc': 0.4077994428969359}, 736.2685778809828)
INFO flwr 2023-07-14 18:49:40,452 | server.py:163 | evaluate_round 5: no clients selected, cancel
DEBUG flwr 2023-07-14 18:49:49,050 | server.py:215 | fit_round 6: strategy sampled 8 clients (out of 20)
[2m[36m(launch_and_fit pid=608147)[0m malloc_consolidate(): invalid chunk size
[2m[36m(launch_and_fit pid=608159)[0m malloc_consolidate(): invalid chunk size
DEBUG flwr 2023-07-14 18:51:03,403 | server.py:229 | fit_round 6 received 8 results and 0 failures
Cluster score for round 6 = 69385.9375
[2m[36m(launch_and_fit pid=608148)[0m Fitting Client 17
[2m[36m(launch_and_fit pid=608147)[0m Fitting Client 7
[2m[36m(launch_and_fit pid=608159)[0m Fitting Client 18
[2m[36m(launch_and_fit pid=608231)[0m Fitting Client 6
[2m[36m(launch_and_fit pid=608160)[0m Fitting Client 8
[2m[36m(launch_and_fit pid=608161)[0m Fitting Client 13
[2m[36m(launch_and_fit pid=608196)[0m Fitting Client 14
[2m[36m(launch_and_fit pid=608230)[0m Fitting Client 9
Performing server side distillation training...
[2m[36m(launch_and_fit pid=608148)[0m double free or corruption (fasttop)
[2m[36m(launch_and_fit pid=608160)[0m malloc_consolidate(): invalid chunk size
[2m[36m(launch_and_fit pid=608196)[0m malloc_consolidate(): invalid chunk size
[2m[36m(launch_and_fit pid=608231)[0m malloc_consolidate(): invalid chunk size
[2m[36m(launch_and_fit pid=608230)[0m double free or corruption (fasttop)
[2m[36m(launch_and_fit pid=608161)[0m malloc_consolidate(): invalid chunk size
E0714 18:51:06.060973195  498954 chttp2_transport.cc:1079]             ipv4:145.136.62.51:49883: Received a GOAWAY with error code ENHANCE_YOUR_CALM and debug data equal to "too_many_pings". Current keepalive time (before throttling): 1920000ms
Distillation training stopped at step number : 500
Average fusion training loss : 0.15103893497586252, val accuracy : 0.5762672298799465, best val accuracy : 0.6147176522899066
Average local training loss : 3.78803745135665
Average local training accuracy : 0.8864313271604939
INFO flwr 2023-07-14 18:52:07,439 | server.py:116 | fit progress: (6, 2.1615877706692412, {'server_test_acc': 0.6052924791086352}, 883.2555716850329)
INFO flwr 2023-07-14 18:52:07,439 | server.py:163 | evaluate_round 6: no clients selected, cancel
DEBUG flwr 2023-07-14 18:52:16,066 | server.py:215 | fit_round 7: strategy sampled 8 clients (out of 20)
[2m[36m(launch_and_fit pid=879291)[0m malloc_consolidate(): invalid chunk size
[2m[36m(launch_and_fit pid=879221)[0m malloc_consolidate(): invalid chunk size
DEBUG flwr 2023-07-14 18:53:30,294 | server.py:229 | fit_round 7 received 8 results and 0 failures
Cluster score for round 7 = 85412.0703125
[2m[36m(launch_and_fit pid=879221)[0m Fitting Client 11
[2m[36m(launch_and_fit pid=879291)[0m Fitting Client 7
[2m[36m(launch_and_fit pid=879380)[0m Fitting Client 4
[2m[36m(launch_and_fit pid=879381)[0m Fitting Client 16
[2m[36m(launch_and_fit pid=879419)[0m Fitting Client 12
[2m[36m(launch_and_fit pid=879423)[0m Fitting Client 0
[2m[36m(launch_and_fit pid=879421)[0m Fitting Client 15
[2m[36m(launch_and_fit pid=879422)[0m Fitting Client 1
Performing server side distillation training...
[2m[36m(launch_and_fit pid=879421)[0m malloc_consolidate(): invalid chunk size
[2m[36m(launch_and_fit pid=879381)[0m double free or corruption (fasttop)
[2m[36m(launch_and_fit pid=879380)[0m double free or corruption (fasttop)
E0714 18:53:31.513099906  761817 chttp2_transport.cc:1079]             ipv4:145.136.62.51:49883: Received a GOAWAY with error code ENHANCE_YOUR_CALM and debug data equal to "too_many_pings". Current keepalive time (before throttling): 3840000ms
[2m[36m(launch_and_fit pid=879423)[0m double free or corruption (fasttop)
[2m[36m(launch_and_fit pid=879422)[0m double free or corruption (fasttop)
[2m[36m(launch_and_fit pid=879419)[0m double free or corruption (fasttop)
Distillation training stopped at step number : 500
Average fusion training loss : 0.22664837342500688, val accuracy : 0.641440640284571, best val accuracy : 0.6758559359715429
Average local training loss : 3.969452349934727
Average local training accuracy : 0.8769830246913579
INFO flwr 2023-07-14 18:54:34,965 | server.py:116 | fit progress: (7, 2.8841617658609797, {'server_test_acc': 0.5232590529247911}, 1030.7816396399867)
INFO flwr 2023-07-14 18:54:34,965 | server.py:163 | evaluate_round 7: no clients selected, cancel
DEBUG flwr 2023-07-14 18:54:43,568 | server.py:215 | fit_round 8: strategy sampled 8 clients (out of 20)
[2m[36m(launch_and_fit pid=1151904)[0m malloc_consolidate(): invalid chunk size
[2m[36m(launch_and_fit pid=1151905)[0m malloc_consolidate(): invalid chunk size
DEBUG flwr 2023-07-14 18:55:59,691 | server.py:229 | fit_round 8 received 8 results and 0 failures
Cluster score for round 8 = 91399.75
[2m[36m(launch_and_fit pid=1151904)[0m Fitting Client 2
[2m[36m(launch_and_fit pid=1151905)[0m Fitting Client 13
[2m[36m(launch_and_fit pid=1151976)[0m Fitting Client 14
[2m[36m(launch_and_fit pid=1151977)[0m Fitting Client 9
[2m[36m(launch_and_fit pid=1151906)[0m Fitting Client 4
[2m[36m(launch_and_fit pid=1151974)[0m Fitting Client 5
[2m[36m(launch_and_fit pid=1151975)[0m Fitting Client 6
[2m[36m(launch_and_fit pid=1151903)[0m Fitting Client 3
Performing server side distillation training...
[2m[36m(launch_and_fit pid=1151976)[0m double free or corruption (fasttop)
[2m[36m(launch_and_fit pid=1151906)[0m malloc_consolidate(): invalid chunk size
[2m[36m(launch_and_fit pid=1151975)[0m malloc_consolidate(): invalid chunk size
[2m[36m(launch_and_fit pid=1151977)[0m malloc_consolidate(): invalid chunk size
[2m[36m(launch_and_fit pid=1151903)[0m malloc_consolidate(): invalid chunk size
[2m[36m(launch_and_fit pid=1151974)[0m malloc_consolidate(): invalid chunk size
E0714 18:56:02.776594255 1293266 chttp2_transport.cc:1079]             ipv4:145.136.62.51:49883: Received a GOAWAY with error code ENHANCE_YOUR_CALM and debug data equal to "too_many_pings". Current keepalive time (before throttling): 7680000ms
E0714 18:57:03.017374406 1295039 chttp2_transport.cc:1079]             ipv4:145.136.62.51:49883: Received a GOAWAY with error code ENHANCE_YOUR_CALM and debug data equal to "too_many_pings". Current keepalive time (before throttling): 15360000ms
Distillation training stopped at step number : 500
Average fusion training loss : 0.1314178959429264, val accuracy : 0.555168963983993, best val accuracy : 0.5858159181858604
Average local training loss : 3.9513953194953504
Average local training accuracy : 0.8793966049382717
INFO flwr 2023-07-14 18:57:04,593 | server.py:116 | fit progress: (8, 2.442362301064069, {'server_test_acc': 0.479108635097493}, 1180.4096093130065)
INFO flwr 2023-07-14 18:57:04,593 | server.py:163 | evaluate_round 8: no clients selected, cancel
DEBUG flwr 2023-07-14 18:57:13,209 | server.py:215 | fit_round 9: strategy sampled 8 clients (out of 20)
[2m[36m(launch_and_fit pid=1424743)[0m double free or corruption (fasttop)
[2m[36m(launch_and_fit pid=1424745)[0m malloc_consolidate(): invalid chunk size
[2m[36m(launch_and_fit pid=1424750)[0m double free or corruption (fasttop)
DEBUG flwr 2023-07-14 18:58:29,155 | server.py:229 | fit_round 9 received 8 results and 0 failures
Cluster score for round 9 = 84102.859375
[2m[36m(launch_and_fit pid=1424743)[0m Fitting Client 16
[2m[36m(launch_and_fit pid=1424745)[0m Fitting Client 14
[2m[36m(launch_and_fit pid=1424747)[0m Fitting Client 8
[2m[36m(launch_and_fit pid=1424757)[0m Fitting Client 12
[2m[36m(launch_and_fit pid=1424748)[0m Fitting Client 3
[2m[36m(launch_and_fit pid=1424750)[0m Fitting Client 10
[2m[36m(launch_and_fit pid=1424752)[0m Fitting Client 0
[2m[36m(launch_and_fit pid=1424753)[0m Fitting Client 17
Performing server side distillation training...
[2m[36m(launch_and_fit pid=1424748)[0m double free or corruption (fasttop)
[2m[36m(launch_and_fit pid=1424757)[0m malloc_consolidate(): invalid chunk size
[2m[36m(launch_and_fit pid=1424752)[0m double free or corruption (fasttop)
E0714 18:58:30.272073334 1415958 chttp2_transport.cc:1079]             ipv4:145.136.62.51:49883: Received a GOAWAY with error code ENHANCE_YOUR_CALM and debug data equal to "too_many_pings". Current keepalive time (before throttling): 30720000ms
[2m[36m(launch_and_fit pid=1424747)[0m double free or corruption (fasttop)
Distillation training stopped at step number : 500
Average fusion training loss : 0.1697039235830307, val accuracy : 0.5947309915518006, best val accuracy : 0.6222765673632725
Average local training loss : 4.020604602620006
Average local training accuracy : 0.8742932098765431
INFO flwr 2023-07-14 18:59:33,358 | server.py:116 | fit progress: (9, 2.520055152712426, {'server_test_acc': 0.54025069637883}, 1329.1752657989855)
INFO flwr 2023-07-14 18:59:33,358 | server.py:163 | evaluate_round 9: no clients selected, cancel
DEBUG flwr 2023-07-14 18:59:41,941 | server.py:215 | fit_round 10: strategy sampled 8 clients (out of 20)
[2m[36m(launch_and_fit pid=1697592)[0m corrupted size vs. prev_size in fastbins
[2m[36m(launch_and_fit pid=1697610)[0m double free or corruption (fasttop)
DEBUG flwr 2023-07-14 19:00:56,503 | server.py:229 | fit_round 10 received 8 results and 0 failures
[2m[36m(launch_and_fit pid=1697599)[0m malloc_consolidate(): invalid chunk size
Cluster score for round 10 = 105563.765625
[2m[36m(launch_and_fit pid=1697592)[0m Fitting Client 8
[2m[36m(launch_and_fit pid=1697598)[0m Fitting Client 9
[2m[36m(launch_and_fit pid=1697597)[0m Fitting Client 3
[2m[36m(launch_and_fit pid=1697604)[0m Fitting Client 13
[2m[36m(launch_and_fit pid=1697599)[0m Fitting Client 10
[2m[36m(launch_and_fit pid=1697603)[0m Fitting Client 2
[2m[36m(launch_and_fit pid=1697610)[0m Fitting Client 0
[2m[36m(launch_and_fit pid=1697605)[0m Fitting Client 7
Warm start at round 10
Performing server side distillation training...
[2m[36m(launch_and_fit pid=1697597)[0m corrupted size vs. prev_size in fastbins
[2m[36m(launch_and_fit pid=1697604)[0m malloc_consolidate(): invalid chunk size
[2m[36m(launch_and_fit pid=1697605)[0m malloc_consolidate(): invalid chunk size
[2m[36m(launch_and_fit pid=1697603)[0m malloc_consolidate(): invalid chunk size
[2m[36m(launch_and_fit pid=1697598)[0m double free or corruption (fasttop)
Distillation training stopped at step number : 500
Average fusion training loss : 0.1957514645755291, val accuracy : 0.6115829257447756, best val accuracy : 0.6816362827923521
Average local training loss : 4.0120201443322
Average local training accuracy : 0.8748819444444444
INFO flwr 2023-07-14 19:02:01,137 | server.py:116 | fit progress: (10, 2.181179812758082, {'server_test_acc': 0.5923398328690808}, 1476.9544490400003)
INFO flwr 2023-07-14 19:02:01,138 | server.py:163 | evaluate_round 10: no clients selected, cancel
DEBUG flwr 2023-07-14 19:02:09,700 | server.py:215 | fit_round 11: strategy sampled 8 clients (out of 20)
[2m[36m(launch_and_fit pid=1969293)[0m double free or corruption (fasttop)
[2m[36m(launch_and_fit pid=1969129)[0m malloc_consolidate(): invalid chunk size
[2m[36m(launch_and_fit pid=1969266)[0m double free or corruption (fasttop)
[2m[36m(launch_and_fit pid=1969053)[0m malloc_consolidate(): invalid chunk size
[2m[36m(launch_and_fit pid=1969055)[0m malloc_consolidate(): invalid chunk size
DEBUG flwr 2023-07-14 19:03:26,012 | server.py:229 | fit_round 11 received 8 results and 0 failures
Cluster score for round 11 = 69959.046875
[2m[36m(launch_and_fit pid=1969054)[0m Fitting Client 16
[2m[36m(launch_and_fit pid=1969129)[0m Fitting Client 18
[2m[36m(launch_and_fit pid=1969053)[0m Fitting Client 8
[2m[36m(launch_and_fit pid=1969203)[0m Fitting Client 3
[2m[36m(launch_and_fit pid=1969055)[0m Fitting Client 5
[2m[36m(launch_and_fit pid=1969293)[0m Fitting Client 4
[2m[36m(launch_and_fit pid=1969266)[0m Fitting Client 13
[2m[36m(launch_and_fit pid=1969292)[0m Fitting Client 10
Performing server side distillation training...
[2m[36m(launch_and_fit pid=1969203)[0m malloc_consolidate(): invalid chunk size
[2m[36m(launch_and_fit pid=1969292)[0m double free or corruption (fasttop)
[2m[36m(launch_and_fit pid=1969054)[0m double free or corruption (fasttop)
E0714 19:03:32.617201082 1556478 chttp2_transport.cc:1079]             ipv4:145.136.62.51:49883: Received a GOAWAY with error code ENHANCE_YOUR_CALM and debug data equal to "too_many_pings". Current keepalive time (before throttling): 61440000ms
Distillation training stopped at step number : 500
Average fusion training loss : 0.129074589908123, val accuracy : 0.6866051578479324, best val accuracy : 0.7089817696754113
Average local training loss : 3.176222136244178
Average local training accuracy : 0.9172422839506172
INFO flwr 2023-07-14 19:04:30,823 | server.py:116 | fit progress: (11, 3.035546481310491, {'server_test_acc': 0.6335654596100279}, 1626.639985743037)
INFO flwr 2023-07-14 19:04:30,823 | server.py:163 | evaluate_round 11: no clients selected, cancel
DEBUG flwr 2023-07-14 19:04:39,539 | server.py:215 | fit_round 12: strategy sampled 8 clients (out of 20)
[2m[36m(launch_and_fit pid=2279136)[0m malloc_consolidate(): invalid chunk size
[2m[36m(launch_and_fit pid=2279134)[0m malloc_consolidate(): invalid chunk size
[2m[36m(launch_and_fit pid=2279566)[0m malloc_consolidate(): invalid chunk size
[2m[36m(launch_and_fit pid=2279565)[0m malloc_consolidate(): invalid chunk size
DEBUG flwr 2023-07-14 19:05:55,679 | server.py:229 | fit_round 12 received 8 results and 0 failures
Cluster score for round 12 = 79103.6875
[2m[36m(launch_and_fit pid=2279136)[0m Fitting Client 16
[2m[36m(launch_and_fit pid=2279134)[0m Fitting Client 6
[2m[36m(launch_and_fit pid=2279430)[0m Fitting Client 11
[2m[36m(launch_and_fit pid=2279290)[0m Fitting Client 4
[2m[36m(launch_and_fit pid=2279565)[0m Fitting Client 8
[2m[36m(launch_and_fit pid=2279566)[0m Fitting Client 5
[2m[36m(launch_and_fit pid=2279568)[0m Fitting Client 14
[2m[36m(launch_and_fit pid=2279567)[0m Fitting Client 12
Performing server side distillation training...
[2m[36m(launch_and_fit pid=2279430)[0m malloc_consolidate(): invalid chunk size
[2m[36m(launch_and_fit pid=2279568)[0m double free or corruption (fasttop)
[2m[36m(launch_and_fit pid=2279290)[0m double free or corruption (fasttop)
[2m[36m(launch_and_fit pid=2279567)[0m malloc_consolidate(): invalid chunk size
E0714 19:05:58.019610674 2423525 chttp2_transport.cc:1079]             ipv4:145.136.62.51:49883: Received a GOAWAY with error code ENHANCE_YOUR_CALM and debug data equal to "too_many_pings". Current keepalive time (before throttling): 122880000ms
Distillation training stopped at step number : 500
Average fusion training loss : 0.12578074468672276, val accuracy : 0.6129613161405068, best val accuracy : 0.6486216096042685
Average local training loss : 3.135296665504575
Average local training accuracy : 0.9197608024691357
INFO flwr 2023-07-14 19:07:00,403 | server.py:116 | fit progress: (12, 1.9018831567843977, {'server_test_acc': 0.6920612813370474}, 1776.2204111529863)
INFO flwr 2023-07-14 19:07:00,404 | server.py:163 | evaluate_round 12: no clients selected, cancel
DEBUG flwr 2023-07-14 19:07:09,256 | server.py:215 | fit_round 13: strategy sampled 8 clients (out of 20)
[2m[36m(launch_and_fit pid=2546213)[0m malloc_consolidate(): invalid chunk size
[2m[36m(launch_and_fit pid=2546248)[0m corrupted size vs. prev_size in fastbins
[2m[36m(launch_and_fit pid=2545807)[0m malloc_consolidate(): invalid chunk size
DEBUG flwr 2023-07-14 19:08:25,162 | server.py:229 | fit_round 13 received 8 results and 0 failures
[2m[36m(launch_and_fit pid=2545941)[0m double free or corruption (fasttop)
[2m[36m(launch_and_fit pid=2545949)[0m double free or corruption (fasttop)
Cluster score for round 13 = 83297.3359375
[2m[36m(launch_and_fit pid=2545807)[0m Fitting Client 0
[2m[36m(launch_and_fit pid=2545941)[0m Fitting Client 10
[2m[36m(launch_and_fit pid=2545949)[0m Fitting Client 19
[2m[36m(launch_and_fit pid=2546213)[0m Fitting Client 14
[2m[36m(launch_and_fit pid=2546212)[0m Fitting Client 3
[2m[36m(launch_and_fit pid=2546248)[0m Fitting Client 5
[2m[36m(launch_and_fit pid=2546345)[0m Fitting Client 12
[2m[36m(launch_and_fit pid=2545948)[0m Fitting Client 15
Performing server side distillation training...
[2m[36m(launch_and_fit pid=2546212)[0m malloc_consolidate(): invalid chunk size
E0714 19:08:26.154354977 2424280 chttp2_transport.cc:1079]             ipv4:145.136.62.51:49883: Received a GOAWAY with error code ENHANCE_YOUR_CALM and debug data equal to "too_many_pings". Current keepalive time (before throttling): 245760000ms
[2m[36m(launch_and_fit pid=2545948)[0m malloc_consolidate(): invalid chunk size
[2m[36m(launch_and_fit pid=2546345)[0m malloc_consolidate(): invalid chunk size
Distillation training stopped at step number : 500
Average fusion training loss : 0.17237295919656753, val accuracy : 0.5628056914184081, best val accuracy : 0.6126056024899955
Average local training loss : 3.20641403729096
Average local training accuracy : 0.9150223765432098
INFO flwr 2023-07-14 19:09:29,067 | server.py:116 | fit progress: (13, 2.380699873900347, {'server_test_acc': 0.5646239554317549}, 1924.884102134034)
INFO flwr 2023-07-14 19:09:29,067 | server.py:163 | evaluate_round 13: no clients selected, cancel
DEBUG flwr 2023-07-14 19:09:37,740 | server.py:215 | fit_round 14: strategy sampled 8 clients (out of 20)
[2m[36m(launch_and_fit pid=2814822)[0m malloc_consolidate(): invalid chunk size
DEBUG flwr 2023-07-14 19:10:52,627 | server.py:229 | fit_round 14 received 8 results and 0 failures
Cluster score for round 14 = 101085.0625
[2m[36m(launch_and_fit pid=2814822)[0m Fitting Client 9
[2m[36m(launch_and_fit pid=2814835)[0m Fitting Client 16
[2m[36m(launch_and_fit pid=2814821)[0m Fitting Client 7
[2m[36m(launch_and_fit pid=2814828)[0m Fitting Client 1
[2m[36m(launch_and_fit pid=2814832)[0m Fitting Client 2
[2m[36m(launch_and_fit pid=2814833)[0m Fitting Client 17
[2m[36m(launch_and_fit pid=2814834)[0m Fitting Client 11
[2m[36m(launch_and_fit pid=2814831)[0m Fitting Client 18
Performing server side distillation training...
[2m[36m(launch_and_fit pid=2814833)[0m malloc_consolidate(): invalid chunk size
[2m[36m(launch_and_fit pid=2814832)[0m malloc_consolidate(): invalid chunk size
E0714 19:10:53.416995994 2695953 chttp2_transport.cc:1079]             ipv4:145.136.62.51:49883: Received a GOAWAY with error code ENHANCE_YOUR_CALM and debug data equal to "too_many_pings". Current keepalive time (before throttling): 491520000ms
[2m[36m(launch_and_fit pid=2814828)[0m malloc_consolidate(): invalid chunk size
[2m[36m(launch_and_fit pid=2814831)[0m malloc_consolidate(): invalid chunk size
[2m[36m(launch_and_fit pid=2814834)[0m double free or corruption (fasttop)
[2m[36m(launch_and_fit pid=2814821)[0m malloc_consolidate(): invalid chunk size
[2m[36m(launch_and_fit pid=2814835)[0m double free or corruption (fasttop)
Distillation training stopped at step number : 500
Average fusion training loss : 0.18945956867933272, val accuracy : 0.6710093374833259, best val accuracy : 0.6900844819919965
Average local training loss : 3.4267712326254696
Average local training accuracy : 0.9055061728395062
INFO flwr 2023-07-14 19:11:56,266 | server.py:116 | fit progress: (14, 3.0973987434567847, {'server_test_acc': 0.5541782729805014}, 2072.0834514250164)
INFO flwr 2023-07-14 19:11:56,267 | server.py:163 | evaluate_round 14: no clients selected, cancel
DEBUG flwr 2023-07-14 19:12:05,089 | server.py:215 | fit_round 15: strategy sampled 8 clients (out of 20)
[2m[36m(launch_and_fit pid=3079645)[0m double free or corruption (fasttop)
[2m[36m(launch_and_fit pid=3079784)[0m malloc_consolidate(): invalid chunk size
[2m[36m(launch_and_fit pid=3079649)[0m malloc_consolidate(): invalid chunk size
DEBUG flwr 2023-07-14 19:13:21,259 | server.py:229 | fit_round 15 received 8 results and 0 failures
Cluster score for round 15 = 106639.46875
[2m[36m(launch_and_fit pid=3079645)[0m Fitting Client 2
[2m[36m(launch_and_fit pid=3079642)[0m Fitting Client 17
[2m[36m(launch_and_fit pid=3079647)[0m Fitting Client 18
[2m[36m(launch_and_fit pid=3079753)[0m Fitting Client 8
[2m[36m(launch_and_fit pid=3079784)[0m Fitting Client 4
[2m[36m(launch_and_fit pid=3079787)[0m Fitting Client 16
[2m[36m(launch_and_fit pid=3079649)[0m Fitting Client 15
[2m[36m(launch_and_fit pid=3079786)[0m Fitting Client 19
Warm start at round 15
Performing server side distillation training...
[2m[36m(launch_and_fit pid=3079647)[0m malloc_consolidate(): invalid chunk size
[2m[36m(launch_and_fit pid=3079753)[0m double free or corruption (fasttop)
E0714 19:13:21.931359325 3219856 chttp2_transport.cc:1079]             ipv4:145.136.62.51:49883: Received a GOAWAY with error code ENHANCE_YOUR_CALM and debug data equal to "too_many_pings". Current keepalive time (before throttling): 983040000ms
[2m[36m(launch_and_fit pid=3079786)[0m double free or corruption (fasttop)
[2m[36m(launch_and_fit pid=3079642)[0m malloc_consolidate(): invalid chunk size
[2m[36m(launch_and_fit pid=3079787)[0m malloc_consolidate(): invalid chunk size
Distillation training stopped at step number : 500
Average fusion training loss : 0.20640601487457752, val accuracy : 0.5508559359715429, best val accuracy : 0.61293908403735
Average local training loss : 3.4624757579062133
Average local training accuracy : 0.9030447530864197
INFO flwr 2023-07-14 19:14:24,203 | server.py:116 | fit progress: (15, 2.9769006152671027, {'server_test_acc': 0.5618384401114206}, 2220.020056531008)
INFO flwr 2023-07-14 19:14:24,203 | server.py:163 | evaluate_round 15: no clients selected, cancel
DEBUG flwr 2023-07-14 19:14:32,722 | server.py:215 | fit_round 16: strategy sampled 8 clients (out of 20)
[2m[36m(launch_and_fit pid=3304999)[0m malloc_consolidate(): invalid chunk size
[2m[36m(launch_and_fit pid=3305006)[0m double free or corruption (fasttop)
DEBUG flwr 2023-07-14 19:15:48,387 | server.py:229 | fit_round 16 received 8 results and 0 failures
Cluster score for round 16 = 69744.0703125
[2m[36m(launch_and_fit pid=3305001)[0m Fitting Client 16
[2m[36m(launch_and_fit pid=3304999)[0m Fitting Client 13
[2m[36m(launch_and_fit pid=3305004)[0m Fitting Client 6
[2m[36m(launch_and_fit pid=3305006)[0m Fitting Client 9
[2m[36m(launch_and_fit pid=3305125)[0m Fitting Client 19
[2m[36m(launch_and_fit pid=3305002)[0m Fitting Client 17
[2m[36m(launch_and_fit pid=3305139)[0m Fitting Client 10
[2m[36m(launch_and_fit pid=3305140)[0m Fitting Client 18
Performing server side distillation training...
[2m[36m(launch_and_fit pid=3305001)[0m double free or corruption (fasttop)
[2m[36m(launch_and_fit pid=3305004)[0m double free or corruption (fasttop)
[2m[36m(launch_and_fit pid=3305125)[0m double free or corruption (fasttop)
[2m[36m(launch_and_fit pid=3305002)[0m malloc_consolidate(): invalid chunk size
[2m[36m(launch_and_fit pid=3305140)[0m double free or corruption (fasttop)
[2m[36m(launch_and_fit pid=3305139)[0m double free or corruption (fasttop)
E0714 19:15:50.757517157 3220259 chttp2_transport.cc:1079]             ipv4:145.136.62.51:49883: Received a GOAWAY with error code ENHANCE_YOUR_CALM and debug data equal to "too_many_pings". Current keepalive time (before throttling): 1966080000ms
Distillation training stopped at step number : 500
Average fusion training loss : 0.1424748496413231, val accuracy : 0.5039906625166741, best val accuracy : 0.5774788795020009
Average local training loss : 2.7393522973172364
Average local training accuracy : 0.9386381172839506
INFO flwr 2023-07-14 19:16:51,744 | server.py:116 | fit progress: (16, 5.927551928336906, {'server_test_acc': 0.5004178272980502}, 2367.560919601994)
INFO flwr 2023-07-14 19:16:51,744 | server.py:163 | evaluate_round 16: no clients selected, cancel
DEBUG flwr 2023-07-14 19:17:00,354 | server.py:215 | fit_round 17: strategy sampled 8 clients (out of 20)
[2m[36m(launch_and_fit pid=3582801)[0m malloc_consolidate(): invalid chunk size
[2m[36m(launch_and_fit pid=3582802)[0m malloc_consolidate(): invalid chunk size
[2m[36m(launch_and_fit pid=3582805)[0m double free or corruption (fasttop)
DEBUG flwr 2023-07-14 19:18:16,629 | server.py:229 | fit_round 17 received 8 results and 0 failures
[2m[36m(launch_and_fit pid=3582806)[0m malloc_consolidate(): invalid chunk size
Cluster score for round 17 = 63155.3359375
[2m[36m(launch_and_fit pid=3582795)[0m Fitting Client 14
[2m[36m(launch_and_fit pid=3582797)[0m Fitting Client 11
[2m[36m(launch_and_fit pid=3582800)[0m Fitting Client 16
[2m[36m(launch_and_fit pid=3582801)[0m Fitting Client 18
[2m[36m(launch_and_fit pid=3582802)[0m Fitting Client 3
[2m[36m(launch_and_fit pid=3582806)[0m Fitting Client 17
[2m[36m(launch_and_fit pid=3582803)[0m Fitting Client 15
[2m[36m(launch_and_fit pid=3582805)[0m Fitting Client 1
Performing server side distillation training...
[2m[36m(launch_and_fit pid=3582800)[0m malloc_consolidate(): invalid chunk size
E0714 19:18:17.617478072 3772283 chttp2_transport.cc:1079]             ipv4:145.136.62.51:49883: Received a GOAWAY with error code ENHANCE_YOUR_CALM and debug data equal to "too_many_pings". Current keepalive time (before throttling): ∞
[2m[36m(launch_and_fit pid=3582803)[0m double free or corruption (fasttop)
[2m[36m(launch_and_fit pid=3582795)[0m malloc_consolidate(): invalid chunk size
[2m[36m(launch_and_fit pid=3582797)[0m malloc_consolidate(): invalid chunk size
Distillation training stopped at step number : 500
Average fusion training loss : 0.16925633950531482, val accuracy : 0.6666629613161407, best val accuracy : 0.6836371720764784
Average local training loss : 2.9074163379147646
Average local training accuracy : 0.9312993827160494
INFO flwr 2023-07-14 19:19:49,290 | server.py:116 | fit progress: (17, 3.351877828560832, {'server_test_acc': 0.5621169916434541}, 2545.106798716006)
INFO flwr 2023-07-14 19:19:49,290 | server.py:163 | evaluate_round 17: no clients selected, cancel
DEBUG flwr 2023-07-14 19:19:58,070 | server.py:215 | fit_round 18: strategy sampled 8 clients (out of 20)
DEBUG flwr 2023-07-14 19:21:15,068 | server.py:229 | fit_round 18 received 8 results and 0 failures
[2m[36m(launch_and_fit pid=3902547)[0m malloc_consolidate(): invalid chunk size
[2m[36m(launch_and_fit pid=3902553)[0m corrupted size vs. prev_size in fastbins
Cluster score for round 18 = 83117.9765625
[2m[36m(launch_and_fit pid=3902547)[0m Fitting Client 17
[2m[36m(launch_and_fit pid=3902548)[0m Fitting Client 0
[2m[36m(launch_and_fit pid=3902552)[0m Fitting Client 16
[2m[36m(launch_and_fit pid=3902550)[0m Fitting Client 1
[2m[36m(launch_and_fit pid=3902553)[0m Fitting Client 18
[2m[36m(launch_and_fit pid=3902546)[0m Fitting Client 10
[2m[36m(launch_and_fit pid=3902549)[0m Fitting Client 7
[2m[36m(launch_and_fit pid=3902551)[0m Fitting Client 11
Performing server side distillation training...
[2m[36m(launch_and_fit pid=3902548)[0m malloc_consolidate(): invalid chunk size
[2m[36m(launch_and_fit pid=3902546)[0m double free or corruption (fasttop)
[2m[36m(launch_and_fit pid=3902552)[0m malloc_consolidate(): invalid chunk size
[2m[36m(launch_and_fit pid=3902550)[0m malloc_consolidate(): invalid chunk size
[2m[36m(launch_and_fit pid=3902551)[0m double free or corruption (fasttop)
[2m[36m(launch_and_fit pid=3902549)[0m malloc_consolidate(): invalid chunk size
E0714 19:21:18.170238717 3772561 chttp2_transport.cc:1079]             ipv4:145.136.62.51:49883: Received a GOAWAY with error code ENHANCE_YOUR_CALM and debug data equal to "too_many_pings". Current keepalive time (before throttling): ∞
Distillation training stopped at step number : 500
Average fusion training loss : 0.10646695201098919, val accuracy : 0.6596487327701201, best val accuracy : 0.6963094708759449
Average local training loss : 2.85211134525016
Average local training accuracy : 0.9335424382716049
INFO flwr 2023-07-14 19:22:18,046 | server.py:116 | fit progress: (18, 3.3996805697098416, {'server_test_acc': 0.6388579387186629}, 2693.8629940809915)
INFO flwr 2023-07-14 19:22:18,046 | server.py:163 | evaluate_round 18: no clients selected, cancel
DEBUG flwr 2023-07-14 19:22:26,730 | server.py:215 | fit_round 19: strategy sampled 8 clients (out of 20)
[2m[36m(launch_and_fit pid=4178325)[0m double free or corruption (fasttop)
[2m[36m(launch_and_fit pid=4178510)[0m double free or corruption (fasttop)
[2m[36m(launch_and_fit pid=4178509)[0m malloc_consolidate(): invalid chunk size
DEBUG flwr 2023-07-14 19:23:43,518 | server.py:229 | fit_round 19 received 8 results and 0 failures
[2m[36m(launch_and_fit pid=4178548)[0m malloc_consolidate(): invalid chunk size
Cluster score for round 19 = 81005.2109375
[2m[36m(launch_and_fit pid=4178325)[0m Fitting Client 1
[2m[36m(launch_and_fit pid=4178499)[0m Fitting Client 2
[2m[36m(launch_and_fit pid=4178509)[0m Fitting Client 7
[2m[36m(launch_and_fit pid=4178510)[0m Fitting Client 19
[2m[36m(launch_and_fit pid=4178546)[0m Fitting Client 16
[2m[36m(launch_and_fit pid=4178511)[0m Fitting Client 10
[2m[36m(launch_and_fit pid=4178547)[0m Fitting Client 8
[2m[36m(launch_and_fit pid=4178548)[0m Fitting Client 3
Performing server side distillation training...
[2m[36m(launch_and_fit pid=4178499)[0m double free or corruption (fasttop)
[2m[36m(launch_and_fit pid=4178546)[0m double free or corruption (fasttop)
[2m[36m(launch_and_fit pid=4178547)[0m double free or corruption (fasttop)
[2m[36m(launch_and_fit pid=4178511)[0m double free or corruption (fasttop)
E0714 19:23:45.765392941 4087224 chttp2_transport.cc:1079]             ipv4:145.136.62.51:49883: Received a GOAWAY with error code ENHANCE_YOUR_CALM and debug data equal to "too_many_pings". Current keepalive time (before throttling): ∞
Distillation training stopped at step number : 500
Average fusion training loss : 0.14918812066316606, val accuracy : 0.7052801244997776, best val accuracy : 0.7200978212538907
Average local training loss : 2.776962680742145
Average local training accuracy : 0.937488425925926
INFO flwr 2023-07-14 19:24:45,948 | server.py:116 | fit progress: (19, 2.7013951112965024, {'server_test_acc': 0.6927576601671309}, 2841.7653565839864)
INFO flwr 2023-07-14 19:24:45,949 | server.py:163 | evaluate_round 19: no clients selected, cancel
DEBUG flwr 2023-07-14 19:24:54,617 | server.py:215 | fit_round 20: strategy sampled 8 clients (out of 20)
[2m[36m(launch_and_fit pid=259356)[0m malloc_consolidate(): invalid chunk size
DEBUG flwr 2023-07-14 19:26:10,013 | server.py:229 | fit_round 20 received 8 results and 0 failures
[2m[36m(launch_and_fit pid=259426)[0m double free or corruption (fasttop)
Cluster score for round 20 = 63801.01953125
[2m[36m(launch_and_fit pid=259356)[0m Fitting Client 8
[2m[36m(launch_and_fit pid=259428)[0m Fitting Client 4
[2m[36m(launch_and_fit pid=259464)[0m Fitting Client 18
[2m[36m(launch_and_fit pid=259499)[0m Fitting Client 7
[2m[36m(launch_and_fit pid=259426)[0m Fitting Client 15
[2m[36m(launch_and_fit pid=259498)[0m Fitting Client 12
[2m[36m(launch_and_fit pid=259427)[0m Fitting Client 6
[2m[36m(launch_and_fit pid=259429)[0m Fitting Client 3
Warm start at round 20
Performing server side distillation training...
[2m[36m(launch_and_fit pid=259429)[0m double free or corruption (fasttop)
[2m[36m(launch_and_fit pid=259464)[0m double free or corruption (fasttop)
[2m[36m(launch_and_fit pid=259498)[0m malloc_consolidate(): invalid chunk size
E0714 19:26:11.631023960  428529 chttp2_transport.cc:1079]             ipv4:145.136.62.51:49883: Received a GOAWAY with error code ENHANCE_YOUR_CALM and debug data equal to "too_many_pings". Current keepalive time (before throttling): ∞
[2m[36m(launch_and_fit pid=259428)[0m double free or corruption (fasttop)
[2m[36m(launch_and_fit pid=259427)[0m malloc_consolidate(): invalid chunk size
[2m[36m(launch_and_fit pid=259499)[0m malloc_consolidate(): invalid chunk size
Distillation training stopped at step number : 500
Average fusion training loss : 0.18298137186467647, val accuracy : 0.7345598043574922, best val accuracy : 0.8045798132503335
Average local training loss : 2.947987490566447
Average local training accuracy : 0.9302091049382717
INFO flwr 2023-07-14 19:27:12,694 | server.py:116 | fit progress: (20, 2.256969121040408, {'server_test_acc': 0.6803621169916435}, 2988.5113054630347)
INFO flwr 2023-07-14 19:27:12,694 | server.py:163 | evaluate_round 20: no clients selected, cancel
DEBUG flwr 2023-07-14 19:27:21,504 | server.py:215 | fit_round 21: strategy sampled 8 clients (out of 20)
[2m[36m(launch_and_fit pid=530668)[0m double free or corruption (fasttop)
[2m[36m(launch_and_fit pid=530661)[0m malloc_consolidate(): invalid chunk size
DEBUG flwr 2023-07-14 19:28:35,773 | server.py:229 | fit_round 21 received 8 results and 0 failures
Cluster score for round 21 = 40286.46875
[2m[36m(launch_and_fit pid=530659)[0m Fitting Client 13
[2m[36m(launch_and_fit pid=530661)[0m Fitting Client 6
[2m[36m(launch_and_fit pid=530665)[0m Fitting Client 17
[2m[36m(launch_and_fit pid=530664)[0m Fitting Client 3
[2m[36m(launch_and_fit pid=530668)[0m Fitting Client 15
[2m[36m(launch_and_fit pid=530667)[0m Fitting Client 5
[2m[36m(launch_and_fit pid=530669)[0m Fitting Client 18
[2m[36m(launch_and_fit pid=530666)[0m Fitting Client 19
Performing server side distillation training...
[2m[36m(launch_and_fit pid=530669)[0m malloc_consolidate(): invalid chunk size
[2m[36m(launch_and_fit pid=530667)[0m malloc_consolidate(): invalid chunk size
[2m[36m(launch_and_fit pid=530665)[0m double free or corruption (fasttop)
[2m[36m(launch_and_fit pid=530659)[0m malloc_consolidate(): invalid chunk size
[2m[36m(launch_and_fit pid=530664)[0m malloc_consolidate(): invalid chunk size
E0714 19:28:37.354721130  429303 chttp2_transport.cc:1079]             ipv4:145.136.62.51:49883: Received a GOAWAY with error code ENHANCE_YOUR_CALM and debug data equal to "too_many_pings". Current keepalive time (before throttling): ∞
[2m[36m(launch_and_fit pid=530666)[0m malloc_consolidate(): invalid chunk size
Distillation training stopped at step number : 500
Average fusion training loss : 0.11653127877414227, val accuracy : 0.763494886616274, best val accuracy : 0.8000222321031569
Average local training loss : 2.438741961913183
Average local training accuracy : 0.9534922839506174
INFO flwr 2023-07-14 19:29:38,246 | server.py:116 | fit progress: (21, 3.2540363476468994, {'server_test_acc': 0.7149025069637883}, 3134.062931000022)
INFO flwr 2023-07-14 19:29:38,246 | server.py:163 | evaluate_round 21: no clients selected, cancel
DEBUG flwr 2023-07-14 19:29:46,921 | server.py:215 | fit_round 22: strategy sampled 8 clients (out of 20)
DEBUG flwr 2023-07-14 19:31:01,315 | server.py:229 | fit_round 22 received 8 results and 0 failures
[2m[36m(launch_and_fit pid=803764)[0m malloc_consolidate(): invalid chunk size
Cluster score for round 22 = 44548.84375
[2m[36m(launch_and_fit pid=803626)[0m Fitting Client 1
[2m[36m(launch_and_fit pid=803624)[0m Fitting Client 18
[2m[36m(launch_and_fit pid=803625)[0m Fitting Client 3
[2m[36m(launch_and_fit pid=803764)[0m Fitting Client 11
[2m[36m(launch_and_fit pid=803763)[0m Fitting Client 12
[2m[36m(launch_and_fit pid=803555)[0m Fitting Client 14
[2m[36m(launch_and_fit pid=803765)[0m Fitting Client 5
[2m[36m(launch_and_fit pid=803792)[0m Fitting Client 15
Performing server side distillation training...
[2m[36m(launch_and_fit pid=803625)[0m malloc_consolidate(): invalid chunk size
[2m[36m(launch_and_fit pid=803763)[0m double free or corruption (fasttop)
[2m[36m(launch_and_fit pid=803624)[0m malloc_consolidate(): invalid chunk size
[2m[36m(launch_and_fit pid=803626)[0m double free or corruption (fasttop)
[2m[36m(launch_and_fit pid=803765)[0m double free or corruption (fasttop)
[2m[36m(launch_and_fit pid=803555)[0m double free or corruption (fasttop)
[2m[36m(launch_and_fit pid=803792)[0m double free or corruption (fasttop)
E0714 19:31:03.965378535  693648 chttp2_transport.cc:1079]             ipv4:145.136.62.51:49883: Received a GOAWAY with error code ENHANCE_YOUR_CALM and debug data equal to "too_many_pings". Current keepalive time (before throttling): ∞
Distillation training stopped at step number : 500
Average fusion training loss : 0.11111351627111435, val accuracy : 0.7495553579368608, best val accuracy : 0.7811249444197421
Average local training loss : 2.4240908764302733
Average local training accuracy : 0.9541543209876543
INFO flwr 2023-07-14 19:32:05,400 | server.py:116 | fit progress: (22, 2.223084980133184, {'server_test_acc': 0.6582172701949861}, 3281.2168748230324)
INFO flwr 2023-07-14 19:32:05,400 | server.py:163 | evaluate_round 22: no clients selected, cancel
DEBUG flwr 2023-07-14 19:32:14,057 | server.py:215 | fit_round 23: strategy sampled 8 clients (out of 20)
[2m[36m(launch_and_fit pid=1075407)[0m double free or corruption (fasttop)
[2m[36m(launch_and_fit pid=1075547)[0m malloc_consolidate(): invalid chunk size
[2m[36m(launch_and_fit pid=1075478)[0m malloc_consolidate(): invalid chunk size
[2m[36m(launch_and_fit pid=1075475)[0m malloc_consolidate(): invalid chunk size
DEBUG flwr 2023-07-14 19:33:29,206 | server.py:229 | fit_round 23 received 8 results and 0 failures
[2m[36m(launch_and_fit pid=1075477)[0m double free or corruption (fasttop)
Cluster score for round 23 = 51308.0859375
[2m[36m(launch_and_fit pid=1075405)[0m Fitting Client 7
[2m[36m(launch_and_fit pid=1075476)[0m Fitting Client 17
[2m[36m(launch_and_fit pid=1075477)[0m Fitting Client 2
[2m[36m(launch_and_fit pid=1075407)[0m Fitting Client 3
[2m[36m(launch_and_fit pid=1075475)[0m Fitting Client 6
[2m[36m(launch_and_fit pid=1075478)[0m Fitting Client 14
[2m[36m(launch_and_fit pid=1075546)[0m Fitting Client 16
[2m[36m(launch_and_fit pid=1075547)[0m Fitting Client 15
Performing server side distillation training...
[2m[36m(launch_and_fit pid=1075405)[0m double free or corruption (fasttop)
[2m[36m(launch_and_fit pid=1075546)[0m malloc_consolidate(): invalid chunk size
E0714 19:33:31.567381885 1227132 chttp2_transport.cc:1079]             ipv4:145.136.62.51:49883: Received a GOAWAY with error code ENHANCE_YOUR_CALM and debug data equal to "too_many_pings". Current keepalive time (before throttling): ∞
[2m[36m(launch_and_fit pid=1075476)[0m malloc_consolidate(): invalid chunk size
Distillation training stopped at step number : 500
Average fusion training loss : 0.10913932938873767, val accuracy : 0.7408959537572254, best val accuracy : 0.7650066696309471
Average local training loss : 2.5381387972738594
Average local training accuracy : 0.9491828703703704
INFO flwr 2023-07-14 19:34:33,946 | server.py:116 | fit progress: (23, 3.176699237637533, {'server_test_acc': 0.6949860724233984}, 3429.762649371987)
INFO flwr 2023-07-14 19:34:33,946 | server.py:163 | evaluate_round 23: no clients selected, cancel
DEBUG flwr 2023-07-14 19:34:42,632 | server.py:215 | fit_round 24: strategy sampled 8 clients (out of 20)
[2m[36m(launch_and_fit pid=1379149)[0m double free or corruption (fasttop)
[2m[36m(launch_and_fit pid=1379359)[0m malloc_consolidate(): invalid chunk size
DEBUG flwr 2023-07-14 19:35:57,985 | server.py:229 | fit_round 24 received 8 results and 0 failures
[2m[36m(launch_and_fit pid=1379219)[0m double free or corruption (fasttop)
[2m[36m(launch_and_fit pid=1379288)[0m malloc_consolidate(): invalid chunk size
Cluster score for round 24 = 56781.44921875
[2m[36m(launch_and_fit pid=1379149)[0m Fitting Client 8
[2m[36m(launch_and_fit pid=1379219)[0m Fitting Client 14
[2m[36m(launch_and_fit pid=1379288)[0m Fitting Client 7
[2m[36m(launch_and_fit pid=1379359)[0m Fitting Client 13
[2m[36m(launch_and_fit pid=1379289)[0m Fitting Client 2
[2m[36m(launch_and_fit pid=1379291)[0m Fitting Client 18
[2m[36m(launch_and_fit pid=1379290)[0m Fitting Client 12
[2m[36m(launch_and_fit pid=1379360)[0m Fitting Client 19
Performing server side distillation training...
[2m[36m(launch_and_fit pid=1379291)[0m malloc_consolidate(): invalid chunk size
[2m[36m(launch_and_fit pid=1379360)[0m double free or corruption (fasttop)
[2m[36m(launch_and_fit pid=1379289)[0m double free or corruption (fasttop)
[2m[36m(launch_and_fit pid=1379290)[0m malloc_consolidate(): invalid chunk size
E0714 19:36:02.746805097 1228920 chttp2_transport.cc:1079]             ipv4:145.136.62.51:49883: Received a GOAWAY with error code ENHANCE_YOUR_CALM and debug data equal to "too_many_pings". Current keepalive time (before throttling): ∞
Distillation training stopped at step number : 500
Average fusion training loss : 0.17645940965414048, val accuracy : 0.6773454868830592, best val accuracy : 0.7046465095598043
Average local training loss : 2.454021616792306
Average local training accuracy : 0.9531635802469135
INFO flwr 2023-07-14 19:37:05,720 | server.py:116 | fit progress: (24, 2.7902110253867995, {'server_test_acc': 0.6132311977715877}, 3581.537354740023)
INFO flwr 2023-07-14 19:37:05,721 | server.py:163 | evaluate_round 24: no clients selected, cancel
DEBUG flwr 2023-07-14 19:37:14,419 | server.py:215 | fit_round 25: strategy sampled 8 clients (out of 20)
[2m[36m(launch_and_fit pid=1652533)[0m malloc_consolidate(): invalid chunk size
DEBUG flwr 2023-07-14 19:38:29,273 | server.py:229 | fit_round 25 received 8 results and 0 failures
[2m[36m(launch_and_fit pid=1652538)[0m malloc_consolidate(): invalid chunk size
Cluster score for round 25 = 66197.703125
[2m[36m(launch_and_fit pid=1652531)[0m Fitting Client 1
[2m[36m(launch_and_fit pid=1652533)[0m Fitting Client 3
[2m[36m(launch_and_fit pid=1652537)[0m Fitting Client 17
[2m[36m(launch_and_fit pid=1652539)[0m Fitting Client 14
[2m[36m(launch_and_fit pid=1652538)[0m Fitting Client 2
[2m[36m(launch_and_fit pid=1652541)[0m Fitting Client 19
[2m[36m(launch_and_fit pid=1652540)[0m Fitting Client 12
[2m[36m(launch_and_fit pid=1652536)[0m Fitting Client 0
Warm start at round 25
Performing server side distillation training...
E0714 19:38:29.987743719 1515296 chttp2_transport.cc:1079]             ipv4:145.136.62.51:49883: Received a GOAWAY with error code ENHANCE_YOUR_CALM and debug data equal to "too_many_pings". Current keepalive time (before throttling): ∞
[2m[36m(launch_and_fit pid=1652541)[0m malloc_consolidate(): invalid chunk size
[2m[36m(launch_and_fit pid=1652536)[0m malloc_consolidate(): invalid chunk size
[2m[36m(launch_and_fit pid=1652531)[0m double free or corruption (fasttop)
[2m[36m(launch_and_fit pid=1652537)[0m double free or corruption (fasttop)
[2m[36m(launch_and_fit pid=1652539)[0m double free or corruption (fasttop)
Distillation training stopped at step number : 500
Average fusion training loss : 0.20936265882849694, val accuracy : 0.6060471320586927, best val accuracy : 0.6671854157403291
Average local training loss : 2.623553396947682
Average local training accuracy : 0.9449930555555555
INFO flwr 2023-07-14 19:39:35,404 | server.py:116 | fit progress: (25, 1.6599827916509262, {'server_test_acc': 0.5915041782729805}, 3731.2208339230274)
INFO flwr 2023-07-14 19:39:35,404 | server.py:163 | evaluate_round 25: no clients selected, cancel
DEBUG flwr 2023-07-14 19:39:44,058 | server.py:215 | fit_round 26: strategy sampled 8 clients (out of 20)
[2m[36m(launch_and_fit pid=1924801)[0m malloc_consolidate(): invalid chunk size
[2m[36m(launch_and_fit pid=1924803)[0m corrupted size vs. prev_size in fastbins
[2m[36m(launch_and_fit pid=1924931)[0m malloc_consolidate(): invalid chunk size
[2m[36m(launch_and_fit pid=1924930)[0m malloc_consolidate(): invalid chunk size
DEBUG flwr 2023-07-14 19:40:58,772 | server.py:229 | fit_round 26 received 8 results and 0 failures
[2m[36m(launch_and_fit pid=1924927)[0m malloc_consolidate(): invalid chunk size
Cluster score for round 26 = 42823.8671875
[2m[36m(launch_and_fit pid=1924801)[0m Fitting Client 5
[2m[36m(launch_and_fit pid=1924927)[0m Fitting Client 17
[2m[36m(launch_and_fit pid=1924803)[0m Fitting Client 13
[2m[36m(launch_and_fit pid=1924928)[0m Fitting Client 6
[2m[36m(launch_and_fit pid=1924930)[0m Fitting Client 15
[2m[36m(launch_and_fit pid=1924931)[0m Fitting Client 16
[2m[36m(launch_and_fit pid=1924929)[0m Fitting Client 18
[2m[36m(launch_and_fit pid=1924932)[0m Fitting Client 0
Performing server side distillation training...
[2m[36m(launch_and_fit pid=1924932)[0m malloc_consolidate(): invalid chunk size
[2m[36m(launch_and_fit pid=1924928)[0m malloc_consolidate(): invalid chunk size
[2m[36m(launch_and_fit pid=1924929)[0m double free or corruption (fasttop)
E0714 19:41:00.995798124 1783323 chttp2_transport.cc:1079]             ipv4:145.136.62.51:49883: Received a GOAWAY with error code ENHANCE_YOUR_CALM and debug data equal to "too_many_pings". Current keepalive time (before throttling): ∞
Distillation training stopped at step number : 500
Average fusion training loss : 0.1309611746519804, val accuracy : 0.6250111160515786, best val accuracy : 0.6497332147621165
Average local training loss : 2.313347891299054
Average local training accuracy : 0.959670524691358
INFO flwr 2023-07-14 19:42:04,652 | server.py:116 | fit progress: (26, 1.9577301190092038, {'server_test_acc': 0.6266016713091922}, 3880.468691773014)
INFO flwr 2023-07-14 19:42:04,652 | server.py:163 | evaluate_round 26: no clients selected, cancel
DEBUG flwr 2023-07-14 19:42:13,309 | server.py:215 | fit_round 27: strategy sampled 8 clients (out of 20)
[2m[36m(launch_and_fit pid=2196900)[0m double free or corruption (fasttop)
[2m[36m(launch_and_fit pid=2196904)[0m double free or corruption (fasttop)
DEBUG flwr 2023-07-14 19:43:27,748 | server.py:229 | fit_round 27 received 8 results and 0 failures
[2m[36m(launch_and_fit pid=2196903)[0m malloc_consolidate(): invalid chunk size
[2m[36m(launch_and_fit pid=2196975)[0m malloc_consolidate(): invalid chunk size
Cluster score for round 27 = 61829.66015625
[2m[36m(launch_and_fit pid=2196900)[0m Fitting Client 12
[2m[36m(launch_and_fit pid=2196904)[0m Fitting Client 5
[2m[36m(launch_and_fit pid=2196906)[0m Fitting Client 18
[2m[36m(launch_and_fit pid=2196903)[0m Fitting Client 0
[2m[36m(launch_and_fit pid=2196974)[0m Fitting Client 14
[2m[36m(launch_and_fit pid=2196973)[0m Fitting Client 16
[2m[36m(launch_and_fit pid=2196975)[0m Fitting Client 8
[2m[36m(launch_and_fit pid=2196976)[0m Fitting Client 13
Performing server side distillation training...
[2m[36m(launch_and_fit pid=2196906)[0m malloc_consolidate(): invalid chunk size
[2m[36m(launch_and_fit pid=2196976)[0m double free or corruption (fasttop)
E0714 19:43:28.476388119 2336077 chttp2_transport.cc:1079]             ipv4:145.136.62.51:49883: Received a GOAWAY with error code ENHANCE_YOUR_CALM and debug data equal to "too_many_pings". Current keepalive time (before throttling): ∞
[2m[36m(launch_and_fit pid=2196974)[0m double free or corruption (fasttop)
[2m[36m(launch_and_fit pid=2196973)[0m malloc_consolidate(): invalid chunk size
Distillation training stopped at step number : 500
Average fusion training loss : 0.15248858354985714, val accuracy : 0.45833703868385944, best val accuracy : 0.4867718986216096
Average local training loss : 2.2962007987312973
Average local training accuracy : 0.9607276234567902
INFO flwr 2023-07-14 19:44:31,844 | server.py:116 | fit progress: (27, 4.184284472133456, {'server_test_acc': 0.44122562674094706}, 4027.660792267008)
INFO flwr 2023-07-14 19:44:31,844 | server.py:163 | evaluate_round 27: no clients selected, cancel
DEBUG flwr 2023-07-14 19:44:40,695 | server.py:215 | fit_round 28: strategy sampled 8 clients (out of 20)
[2m[36m(launch_and_fit pid=2460902)[0m malloc_consolidate(): invalid chunk size
[2m[36m(launch_and_fit pid=2461008)[0m double free or corruption (fasttop)
[2m[36m(launch_and_fit pid=2461009)[0m malloc_consolidate(): invalid chunk size
DEBUG flwr 2023-07-14 19:45:57,520 | server.py:229 | fit_round 28 received 8 results and 0 failures
Cluster score for round 28 = 65530.7734375
[2m[36m(launch_and_fit pid=2460902)[0m Fitting Client 14
[2m[36m(launch_and_fit pid=2461009)[0m Fitting Client 13
[2m[36m(launch_and_fit pid=2461008)[0m Fitting Client 9
[2m[36m(launch_and_fit pid=2461723)[0m Fitting Client 19
[2m[36m(launch_and_fit pid=2461604)[0m Fitting Client 4
[2m[36m(launch_and_fit pid=2461724)[0m Fitting Client 16
[2m[36m(launch_and_fit pid=2461722)[0m Fitting Client 3
[2m[36m(launch_and_fit pid=2461701)[0m Fitting Client 15
Performing server side distillation training...
[2m[36m(launch_and_fit pid=2461604)[0m double free or corruption (fasttop)
[2m[36m(launch_and_fit pid=2461723)[0m malloc_consolidate(): invalid chunk size
[2m[36m(launch_and_fit pid=2461724)[0m double free or corruption (fasttop)
[2m[36m(launch_and_fit pid=2461701)[0m double free or corruption (fasttop)
[2m[36m(launch_and_fit pid=2461722)[0m corrupted size vs. prev_size in fastbins
E0714 19:46:00.048235990 2336182 chttp2_transport.cc:1079]             ipv4:145.136.62.51:49883: Received a GOAWAY with error code ENHANCE_YOUR_CALM and debug data equal to "too_many_pings". Current keepalive time (before throttling): ∞
Distillation training stopped at step number : 500
Average fusion training loss : 0.1328991721123457, val accuracy : 0.6207536682970208, best val accuracy : 0.6658514895509116
Average local training loss : 2.3506708725355567
Average local training accuracy : 0.9581412037037037
INFO flwr 2023-07-14 19:47:01,728 | server.py:116 | fit progress: (28, 2.3970507749275907, {'server_test_acc': 0.6176880222841226}, 4177.544792053988)
INFO flwr 2023-07-14 19:47:01,728 | server.py:163 | evaluate_round 28: no clients selected, cancel
DEBUG flwr 2023-07-14 19:47:10,632 | server.py:215 | fit_round 29: strategy sampled 8 clients (out of 20)
[2m[36m(launch_and_fit pid=2727937)[0m double free or corruption (fasttop)
[2m[36m(launch_and_fit pid=2727938)[0m malloc_consolidate(): invalid chunk size
DEBUG flwr 2023-07-14 19:48:25,686 | server.py:229 | fit_round 29 received 8 results and 0 failures
[2m[36m(launch_and_fit pid=2728397)[0m double free or corruption (fasttop)
Cluster score for round 29 = 76553.109375
[2m[36m(launch_and_fit pid=2727938)[0m Fitting Client 18
[2m[36m(launch_and_fit pid=2728397)[0m Fitting Client 14
[2m[36m(launch_and_fit pid=2727937)[0m Fitting Client 1
[2m[36m(launch_and_fit pid=2728296)[0m Fitting Client 17
[2m[36m(launch_and_fit pid=2728295)[0m Fitting Client 19
[2m[36m(launch_and_fit pid=2728395)[0m Fitting Client 0
[2m[36m(launch_and_fit pid=2728394)[0m Fitting Client 10
[2m[36m(launch_and_fit pid=2728396)[0m Fitting Client 9
Performing server side distillation training...
E0714 19:48:26.445069447 2879363 chttp2_transport.cc:1079]             ipv4:145.136.62.51:49883: Received a GOAWAY with error code ENHANCE_YOUR_CALM and debug data equal to "too_many_pings". Current keepalive time (before throttling): ∞
[2m[36m(launch_and_fit pid=2728295)[0m double free or corruption (fasttop)
[2m[36m(launch_and_fit pid=2728394)[0m double free or corruption (fasttop)
[2m[36m(launch_and_fit pid=2728396)[0m malloc_consolidate(): invalid chunk size
[2m[36m(launch_and_fit pid=2728296)[0m malloc_consolidate(): invalid chunk size
[2m[36m(launch_and_fit pid=2728395)[0m malloc_consolidate(): invalid chunk size
Distillation training stopped at step number : 500
Average fusion training loss : 0.14585014288127424, val accuracy : 0.5826478434859939, best val accuracy : 0.6826367274344153
Average local training loss : 2.312901561241597
Average local training accuracy : 0.9595092592592593
INFO flwr 2023-07-14 19:49:34,180 | server.py:116 | fit progress: (29, 2.2803696807712566, {'server_test_acc': 0.6420612813370473}, 4329.996845371032)
INFO flwr 2023-07-14 19:49:34,180 | server.py:163 | evaluate_round 29: no clients selected, cancel
DEBUG flwr 2023-07-14 19:49:43,294 | server.py:215 | fit_round 30: strategy sampled 8 clients (out of 20)
[2m[36m(launch_and_fit pid=3019995)[0m malloc_consolidate(): invalid chunk size
[2m[36m(launch_and_fit pid=3020157)[0m malloc_consolidate(): invalid chunk size
[2m[36m(launch_and_fit pid=3019994)[0m double free or corruption (fasttop)
[2m[36m(launch_and_fit pid=3020198)[0m malloc_consolidate(): invalid chunk size
DEBUG flwr 2023-07-14 19:50:59,017 | server.py:229 | fit_round 30 received 8 results and 0 failures
Cluster score for round 30 = 76189.59375
[2m[36m(launch_and_fit pid=3019995)[0m Fitting Client 16
[2m[36m(launch_and_fit pid=3020158)[0m Fitting Client 1
[2m[36m(launch_and_fit pid=3019994)[0m Fitting Client 15
[2m[36m(launch_and_fit pid=3020040)[0m Fitting Client 18
[2m[36m(launch_and_fit pid=3020198)[0m Fitting Client 19
[2m[36m(launch_and_fit pid=3020197)[0m Fitting Client 2
[2m[36m(launch_and_fit pid=3020157)[0m Fitting Client 8
[2m[36m(launch_and_fit pid=3020156)[0m Fitting Client 5
Warm start at round 30
Performing server side distillation training...
[2m[36m(launch_and_fit pid=3020197)[0m double free or corruption (fasttop)
[2m[36m(launch_and_fit pid=3020158)[0m malloc_consolidate(): invalid chunk size
[2m[36m(launch_and_fit pid=3020040)[0m double free or corruption (fasttop)
[2m[36m(launch_and_fit pid=3020156)[0m malloc_consolidate(): invalid chunk size
E0714 19:51:03.476211727 2879938 chttp2_transport.cc:1079]             ipv4:145.136.62.51:49883: Received a GOAWAY with error code ENHANCE_YOUR_CALM and debug data equal to "too_many_pings". Current keepalive time (before throttling): ∞
Distillation training stopped at step number : 500
Average fusion training loss : 0.1916634709239006, val accuracy : 0.6295464650955981, best val accuracy : 0.7189862160960427
Average local training loss : 2.3983866054099052
Average local training accuracy : 0.9565655864197531
INFO flwr 2023-07-14 19:52:02,029 | server.py:116 | fit progress: (30, 1.9722288499635574, {'server_test_acc': 0.6473537604456825}, 4477.845763880003)
INFO flwr 2023-07-14 19:52:02,029 | server.py:163 | evaluate_round 30: no clients selected, cancel
INFO flwr 2023-07-14 19:52:02,029 | server.py:144 | FL finished in 4477.846115244029
INFO flwr 2023-07-14 19:52:02,029 | app.py:202 | app_fit: losses_distributed []
INFO flwr 2023-07-14 19:52:02,030 | app.py:203 | app_fit: metrics_distributed {}
INFO flwr 2023-07-14 19:52:02,030 | app.py:204 | app_fit: losses_centralized [(0, 2.1845225108367154), (1, 2.084911567188571), (2, 2.2476308551671447), (3, 1.833981183511633), (4, 1.6701365571832258), (5, 3.472159413308486), (6, 2.1615877706692412), (7, 2.8841617658609797), (8, 2.442362301064069), (9, 2.520055152712426), (10, 2.181179812758082), (11, 3.035546481310491), (12, 1.9018831567843977), (13, 2.380699873900347), (14, 3.0973987434567847), (15, 2.9769006152671027), (16, 5.927551928336906), (17, 3.351877828560832), (18, 3.3996805697098416), (19, 2.7013951112965024), (20, 2.256969121040408), (21, 3.2540363476468994), (22, 2.223084980133184), (23, 3.176699237637533), (24, 2.7902110253867995), (25, 1.6599827916509262), (26, 1.9577301190092038), (27, 4.184284472133456), (28, 2.3970507749275907), (29, 2.2803696807712566), (30, 1.9722288499635574)]
INFO flwr 2023-07-14 19:52:02,030 | app.py:205 | app_fit: metrics_centralized {'server_test_acc': [(0, 0.11030640668523677), (1, 0.3848189415041783), (2, 0.49610027855153205), (3, 0.567966573816156), (4, 0.532033426183844), (5, 0.4077994428969359), (6, 0.6052924791086352), (7, 0.5232590529247911), (8, 0.479108635097493), (9, 0.54025069637883), (10, 0.5923398328690808), (11, 0.6335654596100279), (12, 0.6920612813370474), (13, 0.5646239554317549), (14, 0.5541782729805014), (15, 0.5618384401114206), (16, 0.5004178272980502), (17, 0.5621169916434541), (18, 0.6388579387186629), (19, 0.6927576601671309), (20, 0.6803621169916435), (21, 0.7149025069637883), (22, 0.6582172701949861), (23, 0.6949860724233984), (24, 0.6132311977715877), (25, 0.5915041782729805), (26, 0.6266016713091922), (27, 0.44122562674094706), (28, 0.6176880222841226), (29, 0.6420612813370473), (30, 0.6473537604456825)]}
malloc_consolidate(): invalid chunk size
srun: error: gcn51: task 0: Aborted
srun: launch/slurm: _step_signal: Terminating StepId=3069143.1
-----EXPERIMENT ENDS-----
-----END-----

JOB STATISTICS
==============
Job ID: 3069143
Cluster: snellius
User/Group: sunnys/sunnys
State: RUNNING
Nodes: 1
Cores per node: 18
CPU Utilized: 02:50:34
CPU Efficiency: 12.31% of 23:05:06 core-walltime
Job Wall-clock time: 01:16:57
Memory Utilized: 68.28 GB
Memory Efficiency: 56.90% of 120.00 GB
WARNING: Efficiency statistics may be misleading for RUNNING jobs.
