-----BEGIN-----
-----SETTINGS-----
TOTAL CROPS:5000
STRATEGY:feddf
MODEL_NAME:resnet8
NUM_CLIENTS:20
NUM_ROUNDS:30
FRACTION_FIT:0.4
FRACTION_EVALUATE:0.0
DATASET_NAME:cifar10
PARTITION_ALPHA:1.0
PARTITION_VAL_RATIO:0.1
BATCH_SIZE:512
LOCAL_EPOCHS:40
LOCAL_LR:0.01
DISTILL_BATCH_SIZE:512
SERVER_LR:0.005
SERVER_STEPS:500
SERVER_EARLY_STEPS:1000
USE_EARLY_STOPPING:False
USE_ADAPTIVE_LR:False
USE_ADAPTIVE_LR_ROUND:False
SEED:84
CUDA_DETERMINISTIC:False
USE_CROPS:True
IMG_NAME:ameyoko.jpg
DISTILL_DATASET:pathmnist
DISTILL_ALPHA:1.0
NUM_DISTILL_IMAGES:5000
DISTILL_TRANSFORMS:v0
WARM_START:True
WARM_START_ROUNDS:1
WARM_START_INTERVAL:1
KMEANS_N_CLUSTER:1000
KMEANS_HEURISTICS:hard
KMEANS_MIXED_FACTOR:50-50
KMEANS_BALANCING:1.0
CONFIDENCE_THRESHOLD:0.9
CONFIDENCE_STRATEGY:top
CONFIDENCE_ADAPTIVE:False
CONFIDENCE_MAX_THRESH:0.5
CLIPPING_FACTOR:2.5
FEDPROX_FACTOR:2.0
FEDPROX_ADAPTIVE:False
USE_CLIPPING:True
USE_ENTROPY:False
USE_KMEANS:False
USE_FEDPROX:False
-----SETTINGS END-----
-----EXPERIMENT BEGINS-----
---------
Generating crops for FedDF
Namespace(img_size=32, batch_size=32, num_imgs=5000, threads=18, vflip=False, deg=30, shear=30, cropfirst=True, initcrop=0.5, scale=[500, 1], randinterp=False, debug=False, imgpath='./static/single_images/ameyoko.jpg', targetpath='/scratch-local/sunnys.3429388/1692555657_266185275', seed=84, img_per_thread=277)
will save 5000 patches in /scratch-local/sunnys.3429388/1692555657_266185275/single_img_crops/crops
5000 took 0.09min with 18 threads
---------
Simulating feddf training
INFO simulate 2023-08-20 20:21:33,067 | simulate.py:50 | Python script started : simulate.py
DEBUG simulate 2023-08-20 20:21:33,068 | simulate.py:55 | Reading args from argument parser
Downloading https://www.cs.toronto.edu/~kriz/cifar-10-python.tar.gz to /scratch-local/sunnys.3429388/1692555657_266185275/cifar-10-python.tar.gz
Extracting /scratch-local/sunnys.3429388/1692555657_266185275/cifar-10-python.tar.gz to /scratch-local/sunnys.3429388/1692555657_266185275
Generating unified cifar10 dataset
Class histogram for 0-th partition (alpha=1.0, 10 classes): [342 114 363 765  49 204 467  25  55 116]
INFO flwr 2023-08-20 20:21:50,509 | app.py:145 | Starting Flower simulation, config: ServerConfig(num_rounds=30, round_timeout=None)
2023-08-20 20:21:53,034	INFO worker.py:1529 -- Started a local Ray instance. View the dashboard at [1m[32m127.0.0.1:8266 [39m[22m
INFO flwr 2023-08-20 20:21:54,174 | app.py:179 | Flower VCE: Ray initialized with resources: {'object_store_memory': 61847529062.0, 'GPU': 1.0, 'CPU': 18.0, 'node:145.136.62.56': 1.0, 'accelerator_type:A100': 1.0, 'memory': 103079215104.0}
INFO flwr 2023-08-20 20:21:54,175 | server.py:86 | Initializing global parameters
INFO flwr 2023-08-20 20:21:54,175 | server.py:266 | Using initial parameters provided by strategy
INFO flwr 2023-08-20 20:21:54,175 | server.py:88 | Evaluating initial parameters
INFO flwr 2023-08-20 20:22:04,648 | server.py:91 | initial parameters (loss, other metrics): 2.319245477294922, {'server_test_acc': 0.0811}
INFO flwr 2023-08-20 20:22:04,648 | server.py:101 | FL starting
DEBUG flwr 2023-08-20 20:22:08,070 | server.py:215 | fit_round 1: strategy sampled 8 clients (out of 20)
[2m[36m(launch_and_fit pid=2072973)[0m malloc_consolidate(): invalid chunk size
[2m[36m(launch_and_fit pid=2072979)[0m double free or corruption (fasttop)
[2m[36m(launch_and_fit pid=2072977)[0m malloc_consolidate(): invalid chunk size
DEBUG flwr 2023-08-20 20:23:33,030 | server.py:229 | fit_round 1 received 8 results and 0 failures
[2m[36m(launch_and_fit pid=2072978)[0m malloc_consolidate(): invalid chunk size
INFO flwr 2023-08-20 20:23:33,132 | fed_df.py:365 | Warm start at round 1
INFO flwr 2023-08-20 20:23:33,226 | fed_df.py:463 | Performing server side distillation training...
[2m[36m(launch_and_fit pid=2072965)[0m Fitting Client 19
[2m[36m(launch_and_fit pid=2072974)[0m Fitting Client 4
[2m[36m(launch_and_fit pid=2072977)[0m Fitting Client 8
[2m[36m(launch_and_fit pid=2072979)[0m Fitting Client 5
[2m[36m(launch_and_fit pid=2072976)[0m Fitting Client 11
[2m[36m(launch_and_fit pid=2072973)[0m Fitting Client 10
[2m[36m(launch_and_fit pid=2072975)[0m Fitting Client 18
[2m[36m(launch_and_fit pid=2072978)[0m Fitting Client 2
[2m[36m(launch_and_fit pid=2072974)[0m malloc_consolidate(): invalid chunk size
[2m[36m(launch_and_fit pid=2072965)[0m malloc_consolidate(): invalid chunk size
[2m[36m(launch_and_fit pid=2072976)[0m malloc_consolidate(): invalid chunk size
[2m[36m(launch_and_fit pid=2072975)[0m double free or corruption (fasttop)
E0820 20:23:37.307864715 2255133 chttp2_transport.cc:1079]             ipv4:145.136.62.56:60870: Received a GOAWAY with error code ENHANCE_YOUR_CALM and debug data equal to "too_many_pings". Current keepalive time (before throttling): 60000ms
E0820 20:24:09.068959397 2327440 chttp2_transport.cc:1079]             ipv4:145.136.62.56:60870: Received a GOAWAY with error code ENHANCE_YOUR_CALM and debug data equal to "too_many_pings". Current keepalive time (before throttling): 120000ms
INFO flwr 2023-08-20 20:25:01,228 | fed_df.py:540 | Distillation training stopped at step number : 500
INFO flwr 2023-08-20 20:25:01,229 | fed_df.py:547 | Average fusion training loss : 0.012500669403467328, val accuracy : 0.40626000000000007, best val accuracy : 0.434
INFO flwr 2023-08-20 20:25:01,230 | common.py:35 | Avg. local train loss : 6.30437042620033, train acc : 0.639775
INFO flwr 2023-08-20 20:25:03,762 | server.py:116 | fit progress: (1, 1.6438419158935547, {'server_test_acc': 0.4316}, 179.11355074634776)
INFO flwr 2023-08-20 20:25:03,762 | server.py:163 | evaluate_round 1: no clients selected, cancel
DEBUG flwr 2023-08-20 20:25:07,152 | server.py:215 | fit_round 2: strategy sampled 8 clients (out of 20)
[2m[36m(launch_and_fit pid=2439275)[0m malloc_consolidate(): invalid chunk size
[2m[36m(launch_and_fit pid=2439272)[0m malloc_consolidate(): invalid chunk size
DEBUG flwr 2023-08-20 20:26:28,578 | server.py:229 | fit_round 2 received 8 results and 0 failures
INFO flwr 2023-08-20 20:26:28,685 | fed_df.py:365 | Warm start at round 2
INFO flwr 2023-08-20 20:26:28,783 | fed_df.py:463 | Performing server side distillation training...
[2m[36m(launch_and_fit pid=2439275)[0m Fitting Client 13
[2m[36m(launch_and_fit pid=2439272)[0m Fitting Client 15
[2m[36m(launch_and_fit pid=2439277)[0m Fitting Client 5
[2m[36m(launch_and_fit pid=2439280)[0m Fitting Client 7
[2m[36m(launch_and_fit pid=2439279)[0m Fitting Client 0
[2m[36m(launch_and_fit pid=2439278)[0m Fitting Client 2
[2m[36m(launch_and_fit pid=2439281)[0m Fitting Client 3
[2m[36m(launch_and_fit pid=2439282)[0m Fitting Client 16
[2m[36m(launch_and_fit pid=2439280)[0m malloc_consolidate(): invalid chunk size
[2m[36m(launch_and_fit pid=2439278)[0m malloc_consolidate(): invalid chunk size
E0820 20:26:29.354647250 2328727 chttp2_transport.cc:1079]             ipv4:145.136.62.56:60870: Received a GOAWAY with error code ENHANCE_YOUR_CALM and debug data equal to "too_many_pings". Current keepalive time (before throttling): 240000ms
[2m[36m(launch_and_fit pid=2439277)[0m malloc_consolidate(): invalid chunk size
[2m[36m(launch_and_fit pid=2439279)[0m double free or corruption (fasttop)
[2m[36m(launch_and_fit pid=2439281)[0m double free or corruption (fasttop)
[2m[36m(launch_and_fit pid=2439282)[0m double free or corruption (fasttop)
E0820 20:26:39.496474836 2635101 chttp2_transport.cc:1079]             ipv4:145.136.62.56:60870: Received a GOAWAY with error code ENHANCE_YOUR_CALM and debug data equal to "too_many_pings". Current keepalive time (before throttling): 480000ms
INFO flwr 2023-08-20 20:27:56,390 | fed_df.py:540 | Distillation training stopped at step number : 500
INFO flwr 2023-08-20 20:27:56,391 | fed_df.py:547 | Average fusion training loss : 0.009738383883144706, val accuracy : 0.56938, best val accuracy : 0.5972
INFO flwr 2023-08-20 20:27:56,392 | common.py:35 | Avg. local train loss : 5.893108661286534, train acc : 0.6856986111111111
INFO flwr 2023-08-20 20:27:58,999 | server.py:116 | fit progress: (2, 1.4605193603515625, {'server_test_acc': 0.5924}, 354.35046765441075)
INFO flwr 2023-08-20 20:27:58,999 | server.py:163 | evaluate_round 2: no clients selected, cancel
DEBUG flwr 2023-08-20 20:28:02,446 | server.py:215 | fit_round 3: strategy sampled 8 clients (out of 20)
[2m[36m(launch_and_fit pid=2776039)[0m malloc_consolidate(): invalid chunk size
[2m[36m(launch_and_fit pid=2776034)[0m double free or corruption (fasttop)
[2m[36m(launch_and_fit pid=2776083)[0m malloc_consolidate(): invalid chunk size
DEBUG flwr 2023-08-20 20:29:27,225 | server.py:229 | fit_round 3 received 8 results and 0 failures
[2m[36m(launch_and_fit pid=2776041)[0m malloc_consolidate(): invalid chunk size
INFO flwr 2023-08-20 20:29:27,328 | fed_df.py:365 | Warm start at round 3
INFO flwr 2023-08-20 20:29:27,423 | fed_df.py:463 | Performing server side distillation training...
[2m[36m(launch_and_fit pid=2775955)[0m Fitting Client 19
[2m[36m(launch_and_fit pid=2776034)[0m Fitting Client 8
[2m[36m(launch_and_fit pid=2776082)[0m Fitting Client 10
[2m[36m(launch_and_fit pid=2776036)[0m Fitting Client 4
[2m[36m(launch_and_fit pid=2776039)[0m Fitting Client 13
[2m[36m(launch_and_fit pid=2776040)[0m Fitting Client 2
[2m[36m(launch_and_fit pid=2776083)[0m Fitting Client 6
[2m[36m(launch_and_fit pid=2776041)[0m Fitting Client 18
[2m[36m(launch_and_fit pid=2776036)[0m malloc_consolidate(): invalid chunk size
[2m[36m(launch_and_fit pid=2775955)[0m double free or corruption (fasttop)
[2m[36m(launch_and_fit pid=2776082)[0m double free or corruption (fasttop)
[2m[36m(launch_and_fit pid=2776040)[0m double free or corruption (fasttop)
E0820 20:29:30.877230741 2636041 chttp2_transport.cc:1079]             ipv4:145.136.62.56:60870: Received a GOAWAY with error code ENHANCE_YOUR_CALM and debug data equal to "too_many_pings". Current keepalive time (before throttling): 960000ms
E0820 20:30:05.360729033 3022006 chttp2_transport.cc:1079]             ipv4:145.136.62.56:60870: Received a GOAWAY with error code ENHANCE_YOUR_CALM and debug data equal to "too_many_pings". Current keepalive time (before throttling): 1920000ms
INFO flwr 2023-08-20 20:30:56,619 | fed_df.py:540 | Distillation training stopped at step number : 500
INFO flwr 2023-08-20 20:30:56,619 | fed_df.py:547 | Average fusion training loss : 0.010346606855746359, val accuracy : 0.46584000000000003, best val accuracy : 0.5076
INFO flwr 2023-08-20 20:30:56,620 | common.py:35 | Avg. local train loss : 4.451294821500778, train acc : 0.8358263888888887
INFO flwr 2023-08-20 20:30:59,178 | server.py:116 | fit progress: (3, 1.6250325073242187, {'server_test_acc': 0.4984}, 534.5299465693533)
INFO flwr 2023-08-20 20:30:59,179 | server.py:163 | evaluate_round 3: no clients selected, cancel
DEBUG flwr 2023-08-20 20:31:02,678 | server.py:215 | fit_round 4: strategy sampled 8 clients (out of 20)
[2m[36m(launch_and_fit pid=3113689)[0m malloc_consolidate(): invalid chunk size
DEBUG flwr 2023-08-20 20:32:24,496 | server.py:229 | fit_round 4 received 8 results and 0 failures
INFO flwr 2023-08-20 20:32:24,599 | fed_df.py:365 | Warm start at round 4
INFO flwr 2023-08-20 20:32:24,693 | fed_df.py:463 | Performing server side distillation training...
[2m[36m(launch_and_fit pid=3113687)[0m malloc_consolidate(): invalid chunk size
[2m[36m(launch_and_fit pid=3113686)[0m malloc_consolidate(): invalid chunk size
[2m[36m(launch_and_fit pid=3113681)[0m Fitting Client 8
[2m[36m(launch_and_fit pid=3113682)[0m Fitting Client 12
[2m[36m(launch_and_fit pid=3113687)[0m Fitting Client 1
[2m[36m(launch_and_fit pid=3113684)[0m Fitting Client 11
[2m[36m(launch_and_fit pid=3113690)[0m Fitting Client 0
[2m[36m(launch_and_fit pid=3113688)[0m Fitting Client 19
[2m[36m(launch_and_fit pid=3113686)[0m Fitting Client 17
[2m[36m(launch_and_fit pid=3113689)[0m Fitting Client 18
[2m[36m(launch_and_fit pid=3113681)[0m double free or corruption (fasttop)
[2m[36m(launch_and_fit pid=3113688)[0m double free or corruption (fasttop)
[2m[36m(launch_and_fit pid=3113682)[0m malloc_consolidate(): invalid chunk size
[2m[36m(launch_and_fit pid=3113690)[0m double free or corruption (fasttop)
[2m[36m(launch_and_fit pid=3113684)[0m malloc_consolidate(): invalid chunk size
E0820 20:32:27.097306020 3298126 chttp2_transport.cc:1079]             ipv4:145.136.62.56:60870: Received a GOAWAY with error code ENHANCE_YOUR_CALM and debug data equal to "too_many_pings". Current keepalive time (before throttling): 3840000ms
INFO flwr 2023-08-20 20:33:52,547 | fed_df.py:540 | Distillation training stopped at step number : 500
INFO flwr 2023-08-20 20:33:52,548 | fed_df.py:547 | Average fusion training loss : 0.007620456174248829, val accuracy : 0.53514, best val accuracy : 0.5574
INFO flwr 2023-08-20 20:33:52,549 | common.py:35 | Avg. local train loss : 4.13723419830203, train acc : 0.8692166666666665
INFO flwr 2023-08-20 20:33:55,082 | server.py:116 | fit progress: (4, 1.667604019165039, {'server_test_acc': 0.5509}, 710.4337403373793)
INFO flwr 2023-08-20 20:33:55,083 | server.py:163 | evaluate_round 4: no clients selected, cancel
DEBUG flwr 2023-08-20 20:33:58,545 | server.py:215 | fit_round 5: strategy sampled 8 clients (out of 20)
[2m[36m(launch_and_fit pid=3450585)[0m malloc_consolidate(): invalid chunk size
[2m[36m(launch_and_fit pid=3450586)[0m malloc_consolidate(): invalid chunk size
DEBUG flwr 2023-08-20 20:35:20,385 | server.py:229 | fit_round 5 received 8 results and 0 failures
INFO flwr 2023-08-20 20:35:20,488 | fed_df.py:365 | Warm start at round 5
INFO flwr 2023-08-20 20:35:20,583 | fed_df.py:463 | Performing server side distillation training...
[2m[36m(launch_and_fit pid=3450583)[0m Fitting Client 9
[2m[36m(launch_and_fit pid=3450588)[0m Fitting Client 16
[2m[36m(launch_and_fit pid=3450587)[0m Fitting Client 2
[2m[36m(launch_and_fit pid=3450585)[0m Fitting Client 19
[2m[36m(launch_and_fit pid=3450581)[0m Fitting Client 11
[2m[36m(launch_and_fit pid=3450586)[0m Fitting Client 17
[2m[36m(launch_and_fit pid=3450590)[0m Fitting Client 18
[2m[36m(launch_and_fit pid=3450589)[0m Fitting Client 3
[2m[36m(launch_and_fit pid=3450581)[0m malloc_consolidate(): invalid chunk size
[2m[36m(launch_and_fit pid=3450583)[0m double free or corruption (fasttop)
[2m[36m(launch_and_fit pid=3450589)[0m double free or corruption (fasttop)
[2m[36m(launch_and_fit pid=3450587)[0m malloc_consolidate(): invalid chunk size
[2m[36m(launch_and_fit pid=3450588)[0m malloc_consolidate(): invalid chunk size
[2m[36m(launch_and_fit pid=3450590)[0m malloc_consolidate(): invalid chunk size
E0820 20:35:23.029812261 3633274 chttp2_transport.cc:1079]             ipv4:145.136.62.56:60870: Received a GOAWAY with error code ENHANCE_YOUR_CALM and debug data equal to "too_many_pings". Current keepalive time (before throttling): 7680000ms
E0820 20:36:32.638816152 3635292 chttp2_transport.cc:1079]             ipv4:145.136.62.56:60870: Received a GOAWAY with error code ENHANCE_YOUR_CALM and debug data equal to "too_many_pings". Current keepalive time (before throttling): 15360000ms
INFO flwr 2023-08-20 20:36:48,695 | fed_df.py:540 | Distillation training stopped at step number : 500
INFO flwr 2023-08-20 20:36:48,695 | fed_df.py:547 | Average fusion training loss : 0.005578857646556571, val accuracy : 0.51522, best val accuracy : 0.548
INFO flwr 2023-08-20 20:36:48,696 | common.py:35 | Avg. local train loss : 4.133993712812662, train acc : 0.8789374999999999
INFO flwr 2023-08-20 20:36:51,243 | server.py:116 | fit progress: (5, 1.7174170227050782, {'server_test_acc': 0.5423}, 886.5948512293398)
INFO flwr 2023-08-20 20:36:51,244 | server.py:163 | evaluate_round 5: no clients selected, cancel
DEBUG flwr 2023-08-20 20:36:54,703 | server.py:215 | fit_round 6: strategy sampled 8 clients (out of 20)
DEBUG flwr 2023-08-20 20:38:16,849 | server.py:229 | fit_round 6 received 8 results and 0 failures
INFO flwr 2023-08-20 20:38:16,952 | fed_df.py:365 | Warm start at round 6
INFO flwr 2023-08-20 20:38:17,051 | fed_df.py:463 | Performing server side distillation training...
[2m[36m(launch_and_fit pid=3787173)[0m Fitting Client 12
[2m[36m(launch_and_fit pid=3787179)[0m Fitting Client 7
[2m[36m(launch_and_fit pid=3787178)[0m Fitting Client 4
[2m[36m(launch_and_fit pid=3787174)[0m Fitting Client 18
[2m[36m(launch_and_fit pid=3787172)[0m Fitting Client 8
[2m[36m(launch_and_fit pid=3787176)[0m Fitting Client 15
[2m[36m(launch_and_fit pid=3787175)[0m Fitting Client 10
[2m[36m(launch_and_fit pid=3787177)[0m Fitting Client 17
[2m[36m(launch_and_fit pid=3787177)[0m malloc_consolidate(): invalid chunk size
[2m[36m(launch_and_fit pid=3787176)[0m malloc_consolidate(): invalid chunk size
[2m[36m(launch_and_fit pid=3787173)[0m double free or corruption (fasttop)
[2m[36m(launch_and_fit pid=3787174)[0m malloc_consolidate(): invalid chunk size
[2m[36m(launch_and_fit pid=3787175)[0m malloc_consolidate(): invalid chunk size
[2m[36m(launch_and_fit pid=3787172)[0m malloc_consolidate(): invalid chunk size
[2m[36m(launch_and_fit pid=3787179)[0m double free or corruption (fasttop)
[2m[36m(launch_and_fit pid=3787178)[0m malloc_consolidate(): invalid chunk size
E0820 20:38:18.917488736 3970737 chttp2_transport.cc:1079]             ipv4:145.136.62.56:60870: Received a GOAWAY with error code ENHANCE_YOUR_CALM and debug data equal to "too_many_pings". Current keepalive time (before throttling): 30720000ms
INFO flwr 2023-08-20 20:39:46,107 | fed_df.py:540 | Distillation training stopped at step number : 500
INFO flwr 2023-08-20 20:39:46,108 | fed_df.py:547 | Average fusion training loss : 0.0054763176791602745, val accuracy : 0.62294, best val accuracy : 0.653
INFO flwr 2023-08-20 20:39:46,109 | common.py:35 | Avg. local train loss : 4.184064766578376, train acc : 0.8793277777777777
INFO flwr 2023-08-20 20:39:48,657 | server.py:116 | fit progress: (6, 1.7196744201660157, {'server_test_acc': 0.6363}, 1064.0084748133086)
INFO flwr 2023-08-20 20:39:48,657 | server.py:163 | evaluate_round 6: no clients selected, cancel
DEBUG flwr 2023-08-20 20:39:52,155 | server.py:215 | fit_round 7: strategy sampled 8 clients (out of 20)
[2m[36m(launch_and_fit pid=4139373)[0m double free or corruption (fasttop)
[2m[36m(launch_and_fit pid=4139320)[0m malloc_consolidate(): invalid chunk size
[2m[36m(launch_and_fit pid=4139343)[0m malloc_consolidate(): invalid chunk size
DEBUG flwr 2023-08-20 20:41:14,544 | server.py:229 | fit_round 7 received 8 results and 0 failures
INFO flwr 2023-08-20 20:41:14,646 | fed_df.py:365 | Warm start at round 7
INFO flwr 2023-08-20 20:41:14,740 | fed_df.py:463 | Performing server side distillation training...
[2m[36m(launch_and_fit pid=4139320)[0m Fitting Client 8
[2m[36m(launch_and_fit pid=4139328)[0m Fitting Client 12
[2m[36m(launch_and_fit pid=4139373)[0m Fitting Client 3
[2m[36m(launch_and_fit pid=4139414)[0m Fitting Client 2
[2m[36m(launch_and_fit pid=4139343)[0m Fitting Client 19
[2m[36m(launch_and_fit pid=4139419)[0m Fitting Client 4
[2m[36m(launch_and_fit pid=4139330)[0m Fitting Client 0
[2m[36m(launch_and_fit pid=4139418)[0m Fitting Client 15
E0820 20:41:15.088981564  139948 chttp2_transport.cc:1079]             ipv4:145.136.62.56:60870: Received a GOAWAY with error code ENHANCE_YOUR_CALM and debug data equal to "too_many_pings". Current keepalive time (before throttling): 61440000ms
[2m[36m(launch_and_fit pid=4139330)[0m malloc_consolidate(): invalid chunk size
[2m[36m(launch_and_fit pid=4139418)[0m malloc_consolidate(): invalid chunk size
[2m[36m(launch_and_fit pid=4139328)[0m double free or corruption (fasttop)
[2m[36m(launch_and_fit pid=4139414)[0m double free or corruption (fasttop)
E0820 20:41:16.932257383  141270 chttp2_transport.cc:1079]             ipv4:145.136.62.56:60870: Received a GOAWAY with error code ENHANCE_YOUR_CALM and debug data equal to "too_many_pings". Current keepalive time (before throttling): 122880000ms
E0820 20:41:38.255585497  180625 chttp2_transport.cc:1079]             ipv4:145.136.62.56:60870: Received a GOAWAY with error code ENHANCE_YOUR_CALM and debug data equal to "too_many_pings". Current keepalive time (before throttling): 245760000ms
E0820 20:42:28.899853111  143408 chttp2_transport.cc:1079]             ipv4:145.136.62.56:60870: Received a GOAWAY with error code ENHANCE_YOUR_CALM and debug data equal to "too_many_pings". Current keepalive time (before throttling): 491520000ms
INFO flwr 2023-08-20 20:42:43,817 | fed_df.py:540 | Distillation training stopped at step number : 500
INFO flwr 2023-08-20 20:42:43,817 | fed_df.py:547 | Average fusion training loss : 0.00552226385276299, val accuracy : 0.63042, best val accuracy : 0.6626
INFO flwr 2023-08-20 20:42:43,818 | common.py:35 | Avg. local train loss : 4.109401928447187, train acc : 0.8913027777777778
INFO flwr 2023-08-20 20:42:46,370 | server.py:116 | fit progress: (7, 1.7511853149414063, {'server_test_acc': 0.647}, 1241.721463429276)
INFO flwr 2023-08-20 20:42:46,370 | server.py:163 | evaluate_round 7: no clients selected, cancel
DEBUG flwr 2023-08-20 20:42:49,830 | server.py:215 | fit_round 8: strategy sampled 8 clients (out of 20)
[2m[36m(launch_and_fit pid=296891)[0m double free or corruption (fasttop)
DEBUG flwr 2023-08-20 20:44:10,906 | server.py:229 | fit_round 8 received 8 results and 0 failures
INFO flwr 2023-08-20 20:44:11,010 | fed_df.py:365 | Warm start at round 8
INFO flwr 2023-08-20 20:44:11,106 | fed_df.py:463 | Performing server side distillation training...
[2m[36m(launch_and_fit pid=296884)[0m Fitting Client 7
[2m[36m(launch_and_fit pid=296886)[0m Fitting Client 5
[2m[36m(launch_and_fit pid=296882)[0m Fitting Client 14
[2m[36m(launch_and_fit pid=296887)[0m Fitting Client 15
[2m[36m(launch_and_fit pid=296889)[0m Fitting Client 9
[2m[36m(launch_and_fit pid=296891)[0m Fitting Client 13
[2m[36m(launch_and_fit pid=296890)[0m Fitting Client 4
[2m[36m(launch_and_fit pid=296888)[0m Fitting Client 19
[2m[36m(launch_and_fit pid=296887)[0m malloc_consolidate(): invalid chunk size
[2m[36m(launch_and_fit pid=296889)[0m double free or corruption (fasttop)
[2m[36m(launch_and_fit pid=296888)[0m double free or corruption (fasttop)
[2m[36m(launch_and_fit pid=296890)[0m malloc_consolidate(): invalid chunk size
[2m[36m(launch_and_fit pid=296882)[0m double free or corruption (fasttop)
[2m[36m(launch_and_fit pid=296886)[0m malloc_consolidate(): invalid chunk size
[2m[36m(launch_and_fit pid=296884)[0m double free or corruption (fasttop)
E0820 20:44:14.523338034  268857 chttp2_transport.cc:1079]             ipv4:145.136.62.56:60870: Received a GOAWAY with error code ENHANCE_YOUR_CALM and debug data equal to "too_many_pings". Current keepalive time (before throttling): 983040000ms
E0820 20:45:04.562757599  483857 chttp2_transport.cc:1079]             ipv4:145.136.62.56:60870: Received a GOAWAY with error code ENHANCE_YOUR_CALM and debug data equal to "too_many_pings". Current keepalive time (before throttling): 1966080000ms
INFO flwr 2023-08-20 20:45:39,602 | fed_df.py:540 | Distillation training stopped at step number : 500
INFO flwr 2023-08-20 20:45:39,603 | fed_df.py:547 | Average fusion training loss : 0.004939502236549743, val accuracy : 0.6504399999999999, best val accuracy : 0.6732
INFO flwr 2023-08-20 20:45:39,604 | common.py:35 | Avg. local train loss : 4.0602633025497195, train acc : 0.8949236111111112
INFO flwr 2023-08-20 20:45:42,135 | server.py:116 | fit progress: (8, 1.741760076904297, {'server_test_acc': 0.6598}, 1417.4868877283297)
INFO flwr 2023-08-20 20:45:42,136 | server.py:163 | evaluate_round 8: no clients selected, cancel
DEBUG flwr 2023-08-20 20:45:45,602 | server.py:215 | fit_round 9: strategy sampled 8 clients (out of 20)
DEBUG flwr 2023-08-20 20:47:07,796 | server.py:229 | fit_round 9 received 8 results and 0 failures
INFO flwr 2023-08-20 20:47:07,900 | fed_df.py:365 | Warm start at round 9
INFO flwr 2023-08-20 20:47:08,006 | fed_df.py:463 | Performing server side distillation training...
[2m[36m(launch_and_fit pid=633611)[0m malloc_consolidate(): invalid chunk size
[2m[36m(launch_and_fit pid=633609)[0m Fitting Client 2
[2m[36m(launch_and_fit pid=633606)[0m Fitting Client 3
[2m[36m(launch_and_fit pid=633615)[0m Fitting Client 19
[2m[36m(launch_and_fit pid=633612)[0m Fitting Client 18
[2m[36m(launch_and_fit pid=633611)[0m Fitting Client 5
[2m[36m(launch_and_fit pid=633616)[0m Fitting Client 13
[2m[36m(launch_and_fit pid=633613)[0m Fitting Client 4
[2m[36m(launch_and_fit pid=633614)[0m Fitting Client 16
[2m[36m(launch_and_fit pid=633609)[0m double free or corruption (fasttop)
[2m[36m(launch_and_fit pid=633613)[0m double free or corruption (fasttop)
[2m[36m(launch_and_fit pid=633616)[0m malloc_consolidate(): invalid chunk size
[2m[36m(launch_and_fit pid=633615)[0m double free or corruption (fasttop)
[2m[36m(launch_and_fit pid=633612)[0m malloc_consolidate(): invalid chunk size
[2m[36m(launch_and_fit pid=633606)[0m malloc_consolidate(): invalid chunk size
[2m[36m(launch_and_fit pid=633614)[0m malloc_consolidate(): invalid chunk size
E0820 20:47:10.133387684  818040 chttp2_transport.cc:1079]             ipv4:145.136.62.56:60870: Received a GOAWAY with error code ENHANCE_YOUR_CALM and debug data equal to "too_many_pings". Current keepalive time (before throttling): ∞
E0820 20:47:34.570048473  860393 chttp2_transport.cc:1079]             ipv4:145.136.62.56:60870: Received a GOAWAY with error code ENHANCE_YOUR_CALM and debug data equal to "too_many_pings". Current keepalive time (before throttling): ∞
E0820 20:47:59.698374542  903564 chttp2_transport.cc:1079]             ipv4:145.136.62.56:60870: Received a GOAWAY with error code ENHANCE_YOUR_CALM and debug data equal to "too_many_pings". Current keepalive time (before throttling): ∞
INFO flwr 2023-08-20 20:48:37,178 | fed_df.py:540 | Distillation training stopped at step number : 500
INFO flwr 2023-08-20 20:48:37,179 | fed_df.py:547 | Average fusion training loss : 0.005138897285796702, val accuracy : 0.6448599999999999, best val accuracy : 0.6722
INFO flwr 2023-08-20 20:48:37,180 | common.py:35 | Avg. local train loss : 3.8590018047019843, train acc : 0.9128680555555556
INFO flwr 2023-08-20 20:48:39,725 | server.py:116 | fit progress: (9, 1.7822871368408204, {'server_test_acc': 0.6611}, 1595.0763134201989)
INFO flwr 2023-08-20 20:48:39,725 | server.py:163 | evaluate_round 9: no clients selected, cancel
DEBUG flwr 2023-08-20 20:48:43,208 | server.py:215 | fit_round 10: strategy sampled 8 clients (out of 20)
[2m[36m(launch_and_fit pid=970897)[0m malloc_consolidate(): invalid chunk size
[2m[36m(launch_and_fit pid=970889)[0m double free or corruption (fasttop)
[2m[36m(launch_and_fit pid=970898)[0m malloc_consolidate(): invalid chunk size
DEBUG flwr 2023-08-20 20:50:05,139 | server.py:229 | fit_round 10 received 8 results and 0 failures
INFO flwr 2023-08-20 20:50:05,243 | fed_df.py:365 | Warm start at round 10
INFO flwr 2023-08-20 20:50:05,338 | fed_df.py:463 | Performing server side distillation training...
[2m[36m(launch_and_fit pid=970895)[0m Fitting Client 19
[2m[36m(launch_and_fit pid=970889)[0m Fitting Client 13
[2m[36m(launch_and_fit pid=970888)[0m Fitting Client 5
[2m[36m(launch_and_fit pid=970894)[0m Fitting Client 0
[2m[36m(launch_and_fit pid=970893)[0m Fitting Client 10
[2m[36m(launch_and_fit pid=970897)[0m Fitting Client 1
[2m[36m(launch_and_fit pid=970898)[0m Fitting Client 7
[2m[36m(launch_and_fit pid=970896)[0m Fitting Client 9
[2m[36m(launch_and_fit pid=970893)[0m malloc_consolidate(): invalid chunk size
[2m[36m(launch_and_fit pid=970888)[0m malloc_consolidate(): invalid chunk size
E0820 20:50:06.389973161 1152872 chttp2_transport.cc:1079]             ipv4:145.136.62.56:60870: Received a GOAWAY with error code ENHANCE_YOUR_CALM and debug data equal to "too_many_pings". Current keepalive time (before throttling): ∞
[2m[36m(launch_and_fit pid=970896)[0m double free or corruption (fasttop)
[2m[36m(launch_and_fit pid=970894)[0m malloc_consolidate(): invalid chunk size
[2m[36m(launch_and_fit pid=970895)[0m double free or corruption (fasttop)
E0820 20:50:35.614006333 1202949 chttp2_transport.cc:1079]             ipv4:145.136.62.56:60870: Received a GOAWAY with error code ENHANCE_YOUR_CALM and debug data equal to "too_many_pings". Current keepalive time (before throttling): ∞
E0820 20:51:25.934729041 1204165 chttp2_transport.cc:1079]             ipv4:145.136.62.56:60870: Received a GOAWAY with error code ENHANCE_YOUR_CALM and debug data equal to "too_many_pings". Current keepalive time (before throttling): ∞
INFO flwr 2023-08-20 20:51:34,213 | fed_df.py:540 | Distillation training stopped at step number : 500
INFO flwr 2023-08-20 20:51:34,213 | fed_df.py:547 | Average fusion training loss : 0.005251578011317179, val accuracy : 0.6958, best val accuracy : 0.7184
INFO flwr 2023-08-20 20:51:34,214 | common.py:35 | Avg. local train loss : 3.9579442689195274, train acc : 0.9049625
INFO flwr 2023-08-20 20:51:36,745 | server.py:116 | fit progress: (10, 1.745355923461914, {'server_test_acc': 0.7026}, 1772.096604180988)
INFO flwr 2023-08-20 20:51:36,745 | server.py:163 | evaluate_round 10: no clients selected, cancel
DEBUG flwr 2023-08-20 20:51:40,218 | server.py:215 | fit_round 11: strategy sampled 8 clients (out of 20)
[2m[36m(launch_and_fit pid=1307539)[0m malloc_consolidate(): invalid chunk size
[2m[36m(launch_and_fit pid=1307530)[0m malloc_consolidate(): invalid chunk size
[2m[36m(launch_and_fit pid=1307538)[0m malloc_consolidate(): invalid chunk size
[2m[36m(launch_and_fit pid=1307537)[0m malloc_consolidate(): invalid chunk size
DEBUG flwr 2023-08-20 20:53:02,410 | server.py:229 | fit_round 11 received 8 results and 0 failures
INFO flwr 2023-08-20 20:53:02,513 | fed_df.py:365 | Warm start at round 11
INFO flwr 2023-08-20 20:53:02,617 | fed_df.py:463 | Performing server side distillation training...
[2m[36m(launch_and_fit pid=1307530)[0m Fitting Client 3
[2m[36m(launch_and_fit pid=1307537)[0m Fitting Client 16
[2m[36m(launch_and_fit pid=1307536)[0m Fitting Client 6
[2m[36m(launch_and_fit pid=1307538)[0m Fitting Client 5
[2m[36m(launch_and_fit pid=1307535)[0m Fitting Client 13
[2m[36m(launch_and_fit pid=1307533)[0m Fitting Client 11
[2m[36m(launch_and_fit pid=1307539)[0m Fitting Client 0
[2m[36m(launch_and_fit pid=1307540)[0m Fitting Client 14
[2m[36m(launch_and_fit pid=1307535)[0m malloc_consolidate(): invalid chunk size
E0820 20:53:02.849530506 1290715 chttp2_transport.cc:1079]             ipv4:145.136.62.56:60870: Received a GOAWAY with error code ENHANCE_YOUR_CALM and debug data equal to "too_many_pings". Current keepalive time (before throttling): ∞
[2m[36m(launch_and_fit pid=1307536)[0m malloc_consolidate(): invalid chunk size
[2m[36m(launch_and_fit pid=1307540)[0m double free or corruption (fasttop)
INFO flwr 2023-08-20 20:54:31,509 | fed_df.py:540 | Distillation training stopped at step number : 500
INFO flwr 2023-08-20 20:54:31,510 | fed_df.py:547 | Average fusion training loss : 0.004151760655455292, val accuracy : 0.7196999999999999, best val accuracy : 0.7382
INFO flwr 2023-08-20 20:54:31,511 | common.py:35 | Avg. local train loss : 4.033617071993649, train acc : 0.9030972222222222
INFO flwr 2023-08-20 20:54:34,114 | server.py:116 | fit progress: (11, 1.7224241912841798, {'server_test_acc': 0.7305}, 1949.4652665583417)
INFO flwr 2023-08-20 20:54:34,114 | server.py:163 | evaluate_round 11: no clients selected, cancel
DEBUG flwr 2023-08-20 20:54:37,607 | server.py:215 | fit_round 12: strategy sampled 8 clients (out of 20)
[2m[36m(launch_and_fit pid=1651385)[0m malloc_consolidate(): invalid chunk size
[2m[36m(launch_and_fit pid=1651426)[0m double free or corruption (fasttop)
DEBUG flwr 2023-08-20 20:55:59,323 | server.py:229 | fit_round 12 received 8 results and 0 failures
INFO flwr 2023-08-20 20:55:59,426 | fed_df.py:365 | Warm start at round 12
[2m[36m(launch_and_fit pid=1651432)[0m malloc_consolidate(): invalid chunk size
INFO flwr 2023-08-20 20:55:59,523 | fed_df.py:463 | Performing server side distillation training...
[2m[36m(launch_and_fit pid=1651426)[0m Fitting Client 3
[2m[36m(launch_and_fit pid=1651385)[0m Fitting Client 8
[2m[36m(launch_and_fit pid=1651427)[0m Fitting Client 0
[2m[36m(launch_and_fit pid=1651422)[0m Fitting Client 17
[2m[36m(launch_and_fit pid=1651452)[0m Fitting Client 18
[2m[36m(launch_and_fit pid=1651439)[0m Fitting Client 5
[2m[36m(launch_and_fit pid=1651384)[0m Fitting Client 14
[2m[36m(launch_and_fit pid=1651432)[0m Fitting Client 1
[2m[36m(launch_and_fit pid=1651422)[0m double free or corruption (fasttop)
[2m[36m(launch_and_fit pid=1651427)[0m malloc_consolidate(): invalid chunk size
[2m[36m(launch_and_fit pid=1651384)[0m malloc_consolidate(): invalid chunk size
[2m[36m(launch_and_fit pid=1651452)[0m malloc_consolidate(): invalid chunk size
[2m[36m(launch_and_fit pid=1651439)[0m double free or corruption (fasttop)
E0820 20:56:12.990294796 1488092 chttp2_transport.cc:1079]             ipv4:145.136.62.56:60870: Received a GOAWAY with error code ENHANCE_YOUR_CALM and debug data equal to "too_many_pings". Current keepalive time (before throttling): ∞
E0820 20:56:32.213968487 1876335 chttp2_transport.cc:1079]             ipv4:145.136.62.56:60870: Received a GOAWAY with error code ENHANCE_YOUR_CALM and debug data equal to "too_many_pings". Current keepalive time (before throttling): ∞
E0820 20:56:57.416046721 1909285 chttp2_transport.cc:1079]             ipv4:145.136.62.56:60870: Received a GOAWAY with error code ENHANCE_YOUR_CALM and debug data equal to "too_many_pings". Current keepalive time (before throttling): ∞
INFO flwr 2023-08-20 20:57:28,634 | fed_df.py:540 | Distillation training stopped at step number : 500
INFO flwr 2023-08-20 20:57:28,635 | fed_df.py:547 | Average fusion training loss : 0.004358505638781935, val accuracy : 0.69984, best val accuracy : 0.7128
INFO flwr 2023-08-20 20:57:28,636 | common.py:35 | Avg. local train loss : 3.786603748425841, train acc : 0.921088888888889
INFO flwr 2023-08-20 20:57:31,257 | server.py:116 | fit progress: (12, 1.7705797149658202, {'server_test_acc': 0.6942}, 2126.608441052027)
INFO flwr 2023-08-20 20:57:31,257 | server.py:163 | evaluate_round 12: no clients selected, cancel
DEBUG flwr 2023-08-20 20:57:34,739 | server.py:215 | fit_round 13: strategy sampled 8 clients (out of 20)
[2m[36m(launch_and_fit pid=2009866)[0m malloc_consolidate(): invalid chunk size
[2m[36m(launch_and_fit pid=2009858)[0m malloc_consolidate(): invalid chunk size
[2m[36m(launch_and_fit pid=2009869)[0m malloc_consolidate(): invalid chunk size
DEBUG flwr 2023-08-20 20:58:56,973 | server.py:229 | fit_round 13 received 8 results and 0 failures
INFO flwr 2023-08-20 20:58:57,077 | fed_df.py:365 | Warm start at round 13
INFO flwr 2023-08-20 20:58:57,173 | fed_df.py:463 | Performing server side distillation training...
[2m[36m(launch_and_fit pid=2009865)[0m Fitting Client 18
[2m[36m(launch_and_fit pid=2009869)[0m Fitting Client 5
[2m[36m(launch_and_fit pid=2009867)[0m Fitting Client 14
[2m[36m(launch_and_fit pid=2009868)[0m Fitting Client 0
[2m[36m(launch_and_fit pid=2009858)[0m Fitting Client 19
[2m[36m(launch_and_fit pid=2009863)[0m Fitting Client 11
[2m[36m(launch_and_fit pid=2009866)[0m Fitting Client 7
[2m[36m(launch_and_fit pid=2009864)[0m Fitting Client 3
[2m[36m(launch_and_fit pid=2009863)[0m malloc_consolidate(): invalid chunk size
[2m[36m(launch_and_fit pid=2009868)[0m double free or corruption (fasttop)
[2m[36m(launch_and_fit pid=2009865)[0m malloc_consolidate(): invalid chunk size
[2m[36m(launch_and_fit pid=2009864)[0m double free or corruption (fasttop)
[2m[36m(launch_and_fit pid=2009867)[0m double free or corruption (fasttop)
E0820 20:58:59.407012326 2194703 chttp2_transport.cc:1079]             ipv4:145.136.62.56:60870: Received a GOAWAY with error code ENHANCE_YOUR_CALM and debug data equal to "too_many_pings". Current keepalive time (before throttling): ∞
E0820 20:59:33.217252539 2196087 chttp2_transport.cc:1079]             ipv4:145.136.62.56:60870: Received a GOAWAY with error code ENHANCE_YOUR_CALM and debug data equal to "too_many_pings". Current keepalive time (before throttling): ∞
E0820 20:59:58.114256864 2254575 chttp2_transport.cc:1079]             ipv4:145.136.62.56:60870: Received a GOAWAY with error code ENHANCE_YOUR_CALM and debug data equal to "too_many_pings". Current keepalive time (before throttling): ∞
INFO flwr 2023-08-20 21:00:26,509 | fed_df.py:540 | Distillation training stopped at step number : 500
INFO flwr 2023-08-20 21:00:26,510 | fed_df.py:547 | Average fusion training loss : 0.004681834231945686, val accuracy : 0.70292, best val accuracy : 0.7186
INFO flwr 2023-08-20 21:00:26,511 | common.py:35 | Avg. local train loss : 3.6295758774504066, train acc : 0.9335097222222222
INFO flwr 2023-08-20 21:00:29,108 | server.py:116 | fit progress: (13, 1.772320199584961, {'server_test_acc': 0.6978}, 2304.4589657951146)
INFO flwr 2023-08-20 21:00:29,108 | server.py:163 | evaluate_round 13: no clients selected, cancel
DEBUG flwr 2023-08-20 21:00:32,577 | server.py:215 | fit_round 14: strategy sampled 8 clients (out of 20)
[2m[36m(launch_and_fit pid=2348843)[0m malloc_consolidate(): invalid chunk size
DEBUG flwr 2023-08-20 21:01:53,789 | server.py:229 | fit_round 14 received 8 results and 0 failures
INFO flwr 2023-08-20 21:01:53,892 | fed_df.py:365 | Warm start at round 14
[2m[36m(launch_and_fit pid=2348845)[0m malloc_consolidate(): invalid chunk size
INFO flwr 2023-08-20 21:01:53,988 | fed_df.py:463 | Performing server side distillation training...
[2m[36m(launch_and_fit pid=2348849)[0m Fitting Client 4
[2m[36m(launch_and_fit pid=2348845)[0m Fitting Client 3
[2m[36m(launch_and_fit pid=2348843)[0m Fitting Client 16
[2m[36m(launch_and_fit pid=2348847)[0m Fitting Client 10
[2m[36m(launch_and_fit pid=2348848)[0m Fitting Client 9
[2m[36m(launch_and_fit pid=2348850)[0m Fitting Client 18
[2m[36m(launch_and_fit pid=2348846)[0m Fitting Client 8
[2m[36m(launch_and_fit pid=2348851)[0m Fitting Client 14
[2m[36m(launch_and_fit pid=2348849)[0m malloc_consolidate(): invalid chunk size
[2m[36m(launch_and_fit pid=2348847)[0m double free or corruption (fasttop)
[2m[36m(launch_and_fit pid=2348850)[0m malloc_consolidate(): invalid chunk size
[2m[36m(launch_and_fit pid=2348848)[0m double free or corruption (fasttop)
E0820 21:01:54.997895391 2532052 chttp2_transport.cc:1079]             ipv4:145.136.62.56:60870: Received a GOAWAY with error code ENHANCE_YOUR_CALM and debug data equal to "too_many_pings". Current keepalive time (before throttling): ∞
[2m[36m(launch_and_fit pid=2348846)[0m malloc_consolidate(): invalid chunk size
[2m[36m(launch_and_fit pid=2348851)[0m malloc_consolidate(): invalid chunk size
INFO flwr 2023-08-20 21:03:23,096 | fed_df.py:540 | Distillation training stopped at step number : 500
INFO flwr 2023-08-20 21:03:23,097 | fed_df.py:547 | Average fusion training loss : 0.00424729382165242, val accuracy : 0.7305400000000001, best val accuracy : 0.7426
INFO flwr 2023-08-20 21:03:23,098 | common.py:35 | Avg. local train loss : 3.6984788235276937, train acc : 0.9286833333333333
INFO flwr 2023-08-20 21:03:25,660 | server.py:116 | fit progress: (14, 1.7515800048828125, {'server_test_acc': 0.7284}, 2481.0114641049877)
INFO flwr 2023-08-20 21:03:25,660 | server.py:163 | evaluate_round 14: no clients selected, cancel
DEBUG flwr 2023-08-20 21:03:29,291 | server.py:215 | fit_round 15: strategy sampled 8 clients (out of 20)
[2m[36m(launch_and_fit pid=2685715)[0m malloc_consolidate(): invalid chunk size
DEBUG flwr 2023-08-20 21:04:50,796 | server.py:229 | fit_round 15 received 8 results and 0 failures
[2m[36m(launch_and_fit pid=2685717)[0m double free or corruption (fasttop)
[2m[36m(launch_and_fit pid=2685719)[0m double free or corruption (fasttop)
INFO flwr 2023-08-20 21:04:50,902 | fed_df.py:365 | Warm start at round 15
[2m[36m(launch_and_fit pid=2685714)[0m malloc_consolidate(): invalid chunk size
INFO flwr 2023-08-20 21:04:50,999 | fed_df.py:463 | Performing server side distillation training...
[2m[36m(launch_and_fit pid=2685712)[0m Fitting Client 7
[2m[36m(launch_and_fit pid=2685715)[0m Fitting Client 5
[2m[36m(launch_and_fit pid=2685713)[0m Fitting Client 8
[2m[36m(launch_and_fit pid=2685714)[0m Fitting Client 15
[2m[36m(launch_and_fit pid=2685716)[0m Fitting Client 1
[2m[36m(launch_and_fit pid=2685717)[0m Fitting Client 18
[2m[36m(launch_and_fit pid=2685718)[0m Fitting Client 12
[2m[36m(launch_and_fit pid=2685719)[0m Fitting Client 14
[2m[36m(launch_and_fit pid=2685718)[0m malloc_consolidate(): invalid chunk size
[2m[36m(launch_and_fit pid=2685712)[0m malloc_consolidate(): invalid chunk size
[2m[36m(launch_and_fit pid=2685713)[0m malloc_consolidate(): invalid chunk size
[2m[36m(launch_and_fit pid=2685716)[0m malloc_consolidate(): invalid chunk size
E0820 21:04:56.106997099 2532199 chttp2_transport.cc:1079]             ipv4:145.136.62.56:60870: Received a GOAWAY with error code ENHANCE_YOUR_CALM and debug data equal to "too_many_pings". Current keepalive time (before throttling): ∞
E0820 21:05:34.924006457 2877150 chttp2_transport.cc:1079]             ipv4:145.136.62.56:60870: Received a GOAWAY with error code ENHANCE_YOUR_CALM and debug data equal to "too_many_pings". Current keepalive time (before throttling): ∞
INFO flwr 2023-08-20 21:06:19,961 | fed_df.py:540 | Distillation training stopped at step number : 500
INFO flwr 2023-08-20 21:06:19,961 | fed_df.py:547 | Average fusion training loss : 0.004677318245870993, val accuracy : 0.7341599999999999, best val accuracy : 0.747
INFO flwr 2023-08-20 21:06:19,962 | common.py:35 | Avg. local train loss : 3.648929090984166, train acc : 0.9318416666666667
INFO flwr 2023-08-20 21:06:22,557 | server.py:116 | fit progress: (15, 1.7360977844238281, {'server_test_acc': 0.7277}, 2657.9079744461924)
INFO flwr 2023-08-20 21:06:22,557 | server.py:163 | evaluate_round 15: no clients selected, cancel
DEBUG flwr 2023-08-20 21:06:26,277 | server.py:215 | fit_round 16: strategy sampled 8 clients (out of 20)
[2m[36m(launch_and_fit pid=3023055)[0m malloc_consolidate(): invalid chunk size
DEBUG flwr 2023-08-20 21:07:47,781 | server.py:229 | fit_round 16 received 8 results and 0 failures
INFO flwr 2023-08-20 21:07:47,884 | fed_df.py:365 | Warm start at round 16
INFO flwr 2023-08-20 21:07:47,992 | fed_df.py:463 | Performing server side distillation training...
[2m[36m(launch_and_fit pid=3023053)[0m Fitting Client 10
[2m[36m(launch_and_fit pid=3023059)[0m Fitting Client 7
[2m[36m(launch_and_fit pid=3023055)[0m Fitting Client 11
[2m[36m(launch_and_fit pid=3023056)[0m Fitting Client 12
[2m[36m(launch_and_fit pid=3023052)[0m Fitting Client 17
[2m[36m(launch_and_fit pid=3023058)[0m Fitting Client 15
[2m[36m(launch_and_fit pid=3023060)[0m Fitting Client 9
[2m[36m(launch_and_fit pid=3023057)[0m Fitting Client 18
[2m[36m(launch_and_fit pid=3023060)[0m double free or corruption (fasttop)
[2m[36m(launch_and_fit pid=3023052)[0m malloc_consolidate(): invalid chunk size
[2m[36m(launch_and_fit pid=3023059)[0m malloc_consolidate(): invalid chunk size
[2m[36m(launch_and_fit pid=3023058)[0m double free or corruption (fasttop)
[2m[36m(launch_and_fit pid=3023056)[0m double free or corruption (fasttop)
[2m[36m(launch_and_fit pid=3023053)[0m malloc_consolidate(): invalid chunk size
[2m[36m(launch_and_fit pid=3023057)[0m malloc_consolidate(): invalid chunk size
E0820 21:07:51.894252971 2944194 chttp2_transport.cc:1079]             ipv4:145.136.62.56:60870: Received a GOAWAY with error code ENHANCE_YOUR_CALM and debug data equal to "too_many_pings". Current keepalive time (before throttling): ∞
E0820 21:08:10.384890419 3212804 chttp2_transport.cc:1079]             ipv4:145.136.62.56:60870: Received a GOAWAY with error code ENHANCE_YOUR_CALM and debug data equal to "too_many_pings". Current keepalive time (before throttling): ∞
E0820 21:08:56.104038133 3321457 chttp2_transport.cc:1079]             ipv4:145.136.62.56:60870: Received a GOAWAY with error code ENHANCE_YOUR_CALM and debug data equal to "too_many_pings". Current keepalive time (before throttling): ∞
INFO flwr 2023-08-20 21:09:17,029 | fed_df.py:540 | Distillation training stopped at step number : 500
INFO flwr 2023-08-20 21:09:17,029 | fed_df.py:547 | Average fusion training loss : 0.005755259081488475, val accuracy : 0.71976, best val accuracy : 0.731
INFO flwr 2023-08-20 21:09:17,031 | common.py:35 | Avg. local train loss : 3.636447492800653, train acc : 0.9337624999999999
INFO flwr 2023-08-20 21:09:19,669 | server.py:116 | fit progress: (16, 1.742492477416992, {'server_test_acc': 0.7193}, 2835.0208055451512)
INFO flwr 2023-08-20 21:09:19,670 | server.py:163 | evaluate_round 16: no clients selected, cancel
DEBUG flwr 2023-08-20 21:09:23,495 | server.py:215 | fit_round 17: strategy sampled 8 clients (out of 20)
[2m[36m(launch_and_fit pid=3360085)[0m malloc_consolidate(): invalid chunk size
[2m[36m(launch_and_fit pid=3360024)[0m double free or corruption (fasttop)
[2m[36m(launch_and_fit pid=3360065)[0m malloc_consolidate(): invalid chunk size
[2m[36m(launch_and_fit pid=3360046)[0m malloc_consolidate(): invalid chunk size
[2m[36m(launch_and_fit pid=3360022)[0m double free or corruption (fasttop)
DEBUG flwr 2023-08-20 21:10:46,565 | server.py:229 | fit_round 17 received 8 results and 0 failures
[2m[36m(launch_and_fit pid=3360047)[0m double free or corruption (fasttop)
INFO flwr 2023-08-20 21:10:46,669 | fed_df.py:365 | Warm start at round 17
INFO flwr 2023-08-20 21:10:46,766 | fed_df.py:463 | Performing server side distillation training...
[2m[36m(launch_and_fit pid=3360022)[0m Fitting Client 15
[2m[36m(launch_and_fit pid=3360046)[0m Fitting Client 17
[2m[36m(launch_and_fit pid=3360047)[0m Fitting Client 1
[2m[36m(launch_and_fit pid=3360084)[0m Fitting Client 16
[2m[36m(launch_and_fit pid=3360065)[0m Fitting Client 0
[2m[36m(launch_and_fit pid=3360083)[0m Fitting Client 14
[2m[36m(launch_and_fit pid=3360085)[0m Fitting Client 11
[2m[36m(launch_and_fit pid=3360024)[0m Fitting Client 9
E0820 21:10:47.124659439 3550979 chttp2_transport.cc:1079]             ipv4:145.136.62.56:60870: Received a GOAWAY with error code ENHANCE_YOUR_CALM and debug data equal to "too_many_pings". Current keepalive time (before throttling): ∞
[2m[36m(launch_and_fit pid=3360083)[0m double free or corruption (fasttop)
[2m[36m(launch_and_fit pid=3360084)[0m malloc_consolidate(): invalid chunk size
E0820 21:11:56.974519466 3551895 chttp2_transport.cc:1079]             ipv4:145.136.62.56:60870: Received a GOAWAY with error code ENHANCE_YOUR_CALM and debug data equal to "too_many_pings". Current keepalive time (before throttling): ∞
INFO flwr 2023-08-20 21:12:16,761 | fed_df.py:540 | Distillation training stopped at step number : 500
INFO flwr 2023-08-20 21:12:16,762 | fed_df.py:547 | Average fusion training loss : 0.0038253103888127955, val accuracy : 0.73984, best val accuracy : 0.7488
INFO flwr 2023-08-20 21:12:16,763 | common.py:35 | Avg. local train loss : 3.658580973185599, train acc : 0.9335027777777778
INFO flwr 2023-08-20 21:12:19,323 | server.py:116 | fit progress: (17, 1.6934538696289063, {'server_test_acc': 0.7341}, 3014.6747529422864)
INFO flwr 2023-08-20 21:12:19,324 | server.py:163 | evaluate_round 17: no clients selected, cancel
DEBUG flwr 2023-08-20 21:12:22,816 | server.py:215 | fit_round 18: strategy sampled 8 clients (out of 20)
[2m[36m(launch_and_fit pid=3725807)[0m double free or corruption (fasttop)
[2m[36m(launch_and_fit pid=3725802)[0m malloc_consolidate(): invalid chunk size
[2m[36m(launch_and_fit pid=3725809)[0m malloc_consolidate(): invalid chunk size
DEBUG flwr 2023-08-20 21:13:44,396 | server.py:229 | fit_round 18 received 8 results and 0 failures
INFO flwr 2023-08-20 21:13:44,500 | fed_df.py:365 | Warm start at round 18
INFO flwr 2023-08-20 21:13:44,595 | fed_df.py:463 | Performing server side distillation training...
[2m[36m(launch_and_fit pid=3725805)[0m Fitting Client 10
[2m[36m(launch_and_fit pid=3725807)[0m Fitting Client 16
[2m[36m(launch_and_fit pid=3725802)[0m Fitting Client 12
[2m[36m(launch_and_fit pid=3725810)[0m Fitting Client 19
[2m[36m(launch_and_fit pid=3725801)[0m Fitting Client 3
[2m[36m(launch_and_fit pid=3725809)[0m Fitting Client 2
[2m[36m(launch_and_fit pid=3725811)[0m Fitting Client 14
[2m[36m(launch_and_fit pid=3725808)[0m Fitting Client 7
[2m[36m(launch_and_fit pid=3725805)[0m malloc_consolidate(): invalid chunk size
[2m[36m(launch_and_fit pid=3725810)[0m double free or corruption (fasttop)
[2m[36m(launch_and_fit pid=3725811)[0m malloc_consolidate(): invalid chunk size
[2m[36m(launch_and_fit pid=3725808)[0m malloc_consolidate(): invalid chunk size
E0820 21:13:45.664942207 3692778 chttp2_transport.cc:1079]             ipv4:145.136.62.56:60870: Received a GOAWAY with error code ENHANCE_YOUR_CALM and debug data equal to "too_many_pings". Current keepalive time (before throttling): ∞
[2m[36m(launch_and_fit pid=3725801)[0m malloc_consolidate(): invalid chunk size
E0820 21:14:01.990168887 3940330 chttp2_transport.cc:1079]             ipv4:145.136.62.56:60870: Received a GOAWAY with error code ENHANCE_YOUR_CALM and debug data equal to "too_many_pings". Current keepalive time (before throttling): ∞
E0820 21:14:52.579902256 3941138 chttp2_transport.cc:1079]             ipv4:145.136.62.56:60870: Received a GOAWAY with error code ENHANCE_YOUR_CALM and debug data equal to "too_many_pings". Current keepalive time (before throttling): ∞
INFO flwr 2023-08-20 21:15:13,502 | fed_df.py:540 | Distillation training stopped at step number : 500
INFO flwr 2023-08-20 21:15:13,503 | fed_df.py:547 | Average fusion training loss : 0.005313160332618281, val accuracy : 0.74018, best val accuracy : 0.7496
INFO flwr 2023-08-20 21:15:13,504 | common.py:35 | Avg. local train loss : 3.5638626405969265, train acc : 0.9389291666666666
INFO flwr 2023-08-20 21:15:16,056 | server.py:116 | fit progress: (18, 1.7172296875, {'server_test_acc': 0.7335}, 3191.4074006699957)
INFO flwr 2023-08-20 21:15:16,056 | server.py:163 | evaluate_round 18: no clients selected, cancel
DEBUG flwr 2023-08-20 21:15:19,611 | server.py:215 | fit_round 19: strategy sampled 8 clients (out of 20)
[2m[36m(launch_and_fit pid=4062672)[0m corrupted size vs. prev_size in fastbins
[2m[36m(launch_and_fit pid=4062680)[0m malloc_consolidate(): invalid chunk size
[2m[36m(launch_and_fit pid=4062677)[0m double free or corruption (fasttop)
DEBUG flwr 2023-08-20 21:16:40,336 | server.py:229 | fit_round 19 received 8 results and 0 failures
INFO flwr 2023-08-20 21:16:40,439 | fed_df.py:365 | Warm start at round 19
INFO flwr 2023-08-20 21:16:40,535 | fed_df.py:463 | Performing server side distillation training...
[2m[36m(launch_and_fit pid=4062678)[0m Fitting Client 1
[2m[36m(launch_and_fit pid=4062672)[0m Fitting Client 16
[2m[36m(launch_and_fit pid=4062675)[0m Fitting Client 11
[2m[36m(launch_and_fit pid=4062679)[0m Fitting Client 6
[2m[36m(launch_and_fit pid=4062681)[0m Fitting Client 8
[2m[36m(launch_and_fit pid=4062674)[0m Fitting Client 17
[2m[36m(launch_and_fit pid=4062677)[0m Fitting Client 14
[2m[36m(launch_and_fit pid=4062680)[0m Fitting Client 10
[2m[36m(launch_and_fit pid=4062679)[0m malloc_consolidate(): invalid chunk size
[2m[36m(launch_and_fit pid=4062674)[0m malloc_consolidate(): invalid chunk size
E0820 21:16:41.326044280   54721 chttp2_transport.cc:1079]             ipv4:145.136.62.56:60870: Received a GOAWAY with error code ENHANCE_YOUR_CALM and debug data equal to "too_many_pings". Current keepalive time (before throttling): ∞
[2m[36m(launch_and_fit pid=4062681)[0m malloc_consolidate(): invalid chunk size
[2m[36m(launch_and_fit pid=4062678)[0m malloc_consolidate(): invalid chunk size
E0820 21:17:02.818774200   55126 chttp2_transport.cc:1079]             ipv4:145.136.62.56:60870: Received a GOAWAY with error code ENHANCE_YOUR_CALM and debug data equal to "too_many_pings". Current keepalive time (before throttling): ∞
INFO flwr 2023-08-20 21:18:09,534 | fed_df.py:540 | Distillation training stopped at step number : 500
INFO flwr 2023-08-20 21:18:09,534 | fed_df.py:547 | Average fusion training loss : 0.004274967121658846, val accuracy : 0.7453200000000001, best val accuracy : 0.7538
INFO flwr 2023-08-20 21:18:09,536 | common.py:35 | Avg. local train loss : 3.5839800540357825, train acc : 0.9378166666666666
INFO flwr 2023-08-20 21:18:12,100 | server.py:116 | fit progress: (19, 1.688163540649414, {'server_test_acc': 0.7362}, 3367.451029718388)
INFO flwr 2023-08-20 21:18:12,100 | server.py:163 | evaluate_round 19: no clients selected, cancel
DEBUG flwr 2023-08-20 21:18:15,614 | server.py:215 | fit_round 20: strategy sampled 8 clients (out of 20)
DEBUG flwr 2023-08-20 21:19:36,990 | server.py:229 | fit_round 20 received 8 results and 0 failures
[2m[36m(launch_and_fit pid=206306)[0m malloc_consolidate(): invalid chunk size
INFO flwr 2023-08-20 21:19:37,094 | fed_df.py:365 | Warm start at round 20
INFO flwr 2023-08-20 21:19:37,193 | fed_df.py:463 | Performing server side distillation training...
[2m[36m(launch_and_fit pid=206306)[0m Fitting Client 9
[2m[36m(launch_and_fit pid=206309)[0m Fitting Client 11
[2m[36m(launch_and_fit pid=206308)[0m Fitting Client 12
[2m[36m(launch_and_fit pid=206307)[0m Fitting Client 10
[2m[36m(launch_and_fit pid=206312)[0m Fitting Client 0
[2m[36m(launch_and_fit pid=206310)[0m Fitting Client 7
[2m[36m(launch_and_fit pid=206311)[0m Fitting Client 16
[2m[36m(launch_and_fit pid=206313)[0m Fitting Client 5
[2m[36m(launch_and_fit pid=206312)[0m malloc_consolidate(): invalid chunk size
[2m[36m(launch_and_fit pid=206311)[0m malloc_consolidate(): invalid chunk size
[2m[36m(launch_and_fit pid=206308)[0m malloc_consolidate(): invalid chunk size
[2m[36m(launch_and_fit pid=206310)[0m malloc_consolidate(): invalid chunk size
[2m[36m(launch_and_fit pid=206309)[0m double free or corruption (fasttop)
[2m[36m(launch_and_fit pid=206313)[0m malloc_consolidate(): invalid chunk size
[2m[36m(launch_and_fit pid=206307)[0m double free or corruption (fasttop)
E0820 21:19:39.512297296   92108 chttp2_transport.cc:1079]             ipv4:145.136.62.56:60870: Received a GOAWAY with error code ENHANCE_YOUR_CALM and debug data equal to "too_many_pings". Current keepalive time (before throttling): ∞
E0820 21:20:29.068132156  477471 chttp2_transport.cc:1079]             ipv4:145.136.62.56:60870: Received a GOAWAY with error code ENHANCE_YOUR_CALM and debug data equal to "too_many_pings". Current keepalive time (before throttling): ∞
INFO flwr 2023-08-20 21:21:06,586 | fed_df.py:540 | Distillation training stopped at step number : 500
INFO flwr 2023-08-20 21:21:06,586 | fed_df.py:547 | Average fusion training loss : 0.004552630070829764, val accuracy : 0.74122, best val accuracy : 0.7554
INFO flwr 2023-08-20 21:21:06,587 | common.py:35 | Avg. local train loss : 3.644721370190382, train acc : 0.9345902777777777
INFO flwr 2023-08-20 21:21:09,153 | server.py:116 | fit progress: (20, 1.7037287384033204, {'server_test_acc': 0.7404}, 3544.5045369071886)
INFO flwr 2023-08-20 21:21:09,153 | server.py:163 | evaluate_round 20: no clients selected, cancel
DEBUG flwr 2023-08-20 21:21:12,689 | server.py:215 | fit_round 21: strategy sampled 8 clients (out of 20)
[2m[36m(launch_and_fit pid=543070)[0m malloc_consolidate(): invalid chunk size
[2m[36m(launch_and_fit pid=543065)[0m double free or corruption (fasttop)
[2m[36m(launch_and_fit pid=543067)[0m malloc_consolidate(): invalid chunk size
[2m[36m(launch_and_fit pid=543069)[0m malloc_consolidate(): invalid chunk size
DEBUG flwr 2023-08-20 21:22:34,418 | server.py:229 | fit_round 21 received 8 results and 0 failures
INFO flwr 2023-08-20 21:22:34,521 | fed_df.py:365 | Warm start at round 21
INFO flwr 2023-08-20 21:22:34,616 | fed_df.py:463 | Performing server side distillation training...
[2m[36m(launch_and_fit pid=543061)[0m Fitting Client 2
[2m[36m(launch_and_fit pid=543065)[0m Fitting Client 11
[2m[36m(launch_and_fit pid=543068)[0m Fitting Client 10
[2m[36m(launch_and_fit pid=543067)[0m Fitting Client 12
[2m[36m(launch_and_fit pid=543066)[0m Fitting Client 3
[2m[36m(launch_and_fit pid=543070)[0m Fitting Client 16
[2m[36m(launch_and_fit pid=543071)[0m Fitting Client 5
[2m[36m(launch_and_fit pid=543069)[0m Fitting Client 7
[2m[36m(launch_and_fit pid=543066)[0m double free or corruption (fasttop)
[2m[36m(launch_and_fit pid=543066)[0m malloc_consolidate(): invalid chunk size
E0820 21:22:35.450135224  478921 chttp2_transport.cc:1079]             ipv4:145.136.62.56:60870: Received a GOAWAY with error code ENHANCE_YOUR_CALM and debug data equal to "too_many_pings". Current keepalive time (before throttling): ∞
[2m[36m(launch_and_fit pid=543061)[0m malloc_consolidate(): invalid chunk size
[2m[36m(launch_and_fit pid=543071)[0m double free or corruption (fasttop)
[2m[36m(launch_and_fit pid=543068)[0m double free or corruption (fasttop)
E0820 21:23:25.138515158  728091 chttp2_transport.cc:1079]             ipv4:145.136.62.56:60870: Received a GOAWAY with error code ENHANCE_YOUR_CALM and debug data equal to "too_many_pings". Current keepalive time (before throttling): ∞
INFO flwr 2023-08-20 21:24:03,749 | fed_df.py:540 | Distillation training stopped at step number : 500
INFO flwr 2023-08-20 21:24:03,749 | fed_df.py:547 | Average fusion training loss : 0.004998132704524323, val accuracy : 0.75986, best val accuracy : 0.7686
INFO flwr 2023-08-20 21:24:03,750 | common.py:35 | Avg. local train loss : 3.612127077765763, train acc : 0.937488888888889
INFO flwr 2023-08-20 21:24:06,324 | server.py:116 | fit progress: (21, 1.6445595336914063, {'server_test_acc': 0.7538}, 3721.675651509315)
INFO flwr 2023-08-20 21:24:06,324 | server.py:163 | evaluate_round 21: no clients selected, cancel
DEBUG flwr 2023-08-20 21:24:09,788 | server.py:215 | fit_round 22: strategy sampled 8 clients (out of 20)
[2m[36m(launch_and_fit pid=880323)[0m double free or corruption (fasttop)
[2m[36m(launch_and_fit pid=880322)[0m double free or corruption (fasttop)
[2m[36m(launch_and_fit pid=880327)[0m double free or corruption (fasttop)
[2m[36m(launch_and_fit pid=880318)[0m malloc_consolidate(): invalid chunk size
[2m[36m(launch_and_fit pid=880319)[0m double free or corruption (fasttop)
[2m[36m(launch_and_fit pid=880320)[0m malloc_consolidate(): invalid chunk size
DEBUG flwr 2023-08-20 21:25:32,529 | server.py:229 | fit_round 22 received 8 results and 0 failures
INFO flwr 2023-08-20 21:25:32,634 | fed_df.py:365 | Warm start at round 22
INFO flwr 2023-08-20 21:25:32,731 | fed_df.py:463 | Performing server side distillation training...
[2m[36m(launch_and_fit pid=880318)[0m Fitting Client 17
[2m[36m(launch_and_fit pid=880323)[0m Fitting Client 14
[2m[36m(launch_and_fit pid=880320)[0m Fitting Client 19
[2m[36m(launch_and_fit pid=880319)[0m Fitting Client 12
[2m[36m(launch_and_fit pid=880326)[0m Fitting Client 1
[2m[36m(launch_and_fit pid=880322)[0m Fitting Client 0
[2m[36m(launch_and_fit pid=880321)[0m Fitting Client 3
[2m[36m(launch_and_fit pid=880327)[0m Fitting Client 4
[2m[36m(launch_and_fit pid=880326)[0m corrupted size vs. prev_size in fastbins
E0820 21:25:33.217101559  813466 chttp2_transport.cc:1079]             ipv4:145.136.62.56:60870: Received a GOAWAY with error code ENHANCE_YOUR_CALM and debug data equal to "too_many_pings". Current keepalive time (before throttling): ∞
[2m[36m(launch_and_fit pid=880321)[0m malloc_consolidate(): invalid chunk size
E0820 21:26:51.280682947 1066009 chttp2_transport.cc:1079]             ipv4:145.136.62.56:60870: Received a GOAWAY with error code ENHANCE_YOUR_CALM and debug data equal to "too_many_pings". Current keepalive time (before throttling): ∞
INFO flwr 2023-08-20 21:27:02,588 | fed_df.py:540 | Distillation training stopped at step number : 500
INFO flwr 2023-08-20 21:27:02,588 | fed_df.py:547 | Average fusion training loss : 0.003569328797166236, val accuracy : 0.7128, best val accuracy : 0.7262
INFO flwr 2023-08-20 21:27:02,590 | common.py:35 | Avg. local train loss : 3.501159559562802, train acc : 0.9431291666666665
INFO flwr 2023-08-20 21:27:05,155 | server.py:116 | fit progress: (22, 1.657333056640625, {'server_test_acc': 0.7068}, 3900.506516722031)
INFO flwr 2023-08-20 21:27:05,155 | server.py:163 | evaluate_round 22: no clients selected, cancel
DEBUG flwr 2023-08-20 21:27:08,859 | server.py:215 | fit_round 23: strategy sampled 8 clients (out of 20)
[2m[36m(launch_and_fit pid=1246098)[0m malloc_consolidate(): invalid chunk size
[2m[36m(launch_and_fit pid=1246089)[0m double free or corruption (fasttop)
DEBUG flwr 2023-08-20 21:28:29,919 | server.py:229 | fit_round 23 received 8 results and 0 failures
[2m[36m(launch_and_fit pid=1246093)[0m double free or corruption (fasttop)
INFO flwr 2023-08-20 21:28:30,022 | fed_df.py:365 | Warm start at round 23
INFO flwr 2023-08-20 21:28:30,118 | fed_df.py:463 | Performing server side distillation training...
[2m[36m(launch_and_fit pid=1246092)[0m Fitting Client 9
[2m[36m(launch_and_fit pid=1246089)[0m Fitting Client 19
[2m[36m(launch_and_fit pid=1246095)[0m Fitting Client 11
[2m[36m(launch_and_fit pid=1246097)[0m Fitting Client 16
[2m[36m(launch_and_fit pid=1246093)[0m Fitting Client 4
[2m[36m(launch_and_fit pid=1246096)[0m Fitting Client 3
[2m[36m(launch_and_fit pid=1246098)[0m Fitting Client 17
[2m[36m(launch_and_fit pid=1246094)[0m Fitting Client 6
[2m[36m(launch_and_fit pid=1246092)[0m malloc_consolidate(): invalid chunk size
[2m[36m(launch_and_fit pid=1246096)[0m malloc_consolidate(): invalid chunk size
[2m[36m(launch_and_fit pid=1246095)[0m malloc_consolidate(): invalid chunk size
[2m[36m(launch_and_fit pid=1246097)[0m double free or corruption (fasttop)
[2m[36m(launch_and_fit pid=1246094)[0m malloc_consolidate(): invalid chunk size
E0820 21:29:01.362517572 1482666 chttp2_transport.cc:1079]             ipv4:145.136.62.56:60870: Received a GOAWAY with error code ENHANCE_YOUR_CALM and debug data equal to "too_many_pings". Current keepalive time (before throttling): ∞
E0820 21:29:26.268561398 1483560 chttp2_transport.cc:1079]             ipv4:145.136.62.56:60870: Received a GOAWAY with error code ENHANCE_YOUR_CALM and debug data equal to "too_many_pings". Current keepalive time (before throttling): ∞
INFO flwr 2023-08-20 21:29:59,482 | fed_df.py:540 | Distillation training stopped at step number : 500
INFO flwr 2023-08-20 21:29:59,482 | fed_df.py:547 | Average fusion training loss : 0.004158125213580206, val accuracy : 0.7353599999999999, best val accuracy : 0.7516
INFO flwr 2023-08-20 21:29:59,484 | common.py:35 | Avg. local train loss : 3.4553993307054047, train acc : 0.9460652777777777
INFO flwr 2023-08-20 21:30:02,115 | server.py:116 | fit progress: (23, 1.6442877380371095, {'server_test_acc': 0.7363}, 4077.4669168032706)
INFO flwr 2023-08-20 21:30:02,116 | server.py:163 | evaluate_round 23: no clients selected, cancel
DEBUG flwr 2023-08-20 21:30:05,625 | server.py:215 | fit_round 24: strategy sampled 8 clients (out of 20)
[2m[36m(launch_and_fit pid=1583000)[0m double free or corruption (fasttop)
[2m[36m(launch_and_fit pid=1582998)[0m double free or corruption (!prev)
[2m[36m(launch_and_fit pid=1582994)[0m malloc_consolidate(): invalid chunk size
[2m[36m(launch_and_fit pid=1583003)[0m malloc_consolidate(): invalid chunk size
DEBUG flwr 2023-08-20 21:31:27,386 | server.py:229 | fit_round 24 received 8 results and 0 failures
INFO flwr 2023-08-20 21:31:27,491 | fed_df.py:365 | Warm start at round 24
[2m[36m(launch_and_fit pid=1582997)[0m double free or corruption (fasttop)
INFO flwr 2023-08-20 21:31:27,587 | fed_df.py:463 | Performing server side distillation training...
[2m[36m(launch_and_fit pid=1582994)[0m Fitting Client 8
[2m[36m(launch_and_fit pid=1582998)[0m Fitting Client 4
[2m[36m(launch_and_fit pid=1582997)[0m Fitting Client 1
[2m[36m(launch_and_fit pid=1582999)[0m Fitting Client 5
[2m[36m(launch_and_fit pid=1583002)[0m Fitting Client 10
[2m[36m(launch_and_fit pid=1583003)[0m Fitting Client 9
[2m[36m(launch_and_fit pid=1583001)[0m Fitting Client 15
[2m[36m(launch_and_fit pid=1583000)[0m Fitting Client 2
[2m[36m(launch_and_fit pid=1582999)[0m malloc_consolidate(): invalid chunk size
E0820 21:31:28.605258411 1526002 chttp2_transport.cc:1079]             ipv4:145.136.62.56:60870: Received a GOAWAY with error code ENHANCE_YOUR_CALM and debug data equal to "too_many_pings". Current keepalive time (before throttling): ∞
[2m[36m(launch_and_fit pid=1583001)[0m double free or corruption (fasttop)
[2m[36m(launch_and_fit pid=1583002)[0m malloc_consolidate(): invalid chunk size
INFO flwr 2023-08-20 21:32:57,110 | fed_df.py:540 | Distillation training stopped at step number : 500
INFO flwr 2023-08-20 21:32:57,110 | fed_df.py:547 | Average fusion training loss : 0.0037776689211605117, val accuracy : 0.75924, best val accuracy : 0.7706
INFO flwr 2023-08-20 21:32:57,112 | common.py:35 | Avg. local train loss : 3.6283049510791896, train acc : 0.933536111111111
INFO flwr 2023-08-20 21:32:59,691 | server.py:116 | fit progress: (24, 1.5939476135253907, {'server_test_acc': 0.7555}, 4255.042799848132)
INFO flwr 2023-08-20 21:32:59,692 | server.py:163 | evaluate_round 24: no clients selected, cancel
DEBUG flwr 2023-08-20 21:33:03,485 | server.py:215 | fit_round 25: strategy sampled 8 clients (out of 20)
[2m[36m(launch_and_fit pid=1919874)[0m malloc_consolidate(): invalid chunk size
[2m[36m(launch_and_fit pid=1919875)[0m malloc_consolidate(): invalid chunk size
[2m[36m(launch_and_fit pid=1919876)[0m double free or corruption (fasttop)
DEBUG flwr 2023-08-20 21:34:25,976 | server.py:229 | fit_round 25 received 8 results and 0 failures
[2m[36m(launch_and_fit pid=1919798)[0m double free or corruption (fasttop)
INFO flwr 2023-08-20 21:34:26,080 | fed_df.py:365 | Warm start at round 25
INFO flwr 2023-08-20 21:34:26,175 | fed_df.py:463 | Performing server side distillation training...
[2m[36m(launch_and_fit pid=1919824)[0m malloc_consolidate(): invalid chunk size
[2m[36m(launch_and_fit pid=1919796)[0m corrupted size vs. prev_size in fastbins
[2m[36m(launch_and_fit pid=1919886)[0m double free or corruption (fasttop)
[2m[36m(launch_and_fit pid=1919876)[0m Fitting Client 4
[2m[36m(launch_and_fit pid=1919819)[0m Fitting Client 17
[2m[36m(launch_and_fit pid=1919798)[0m Fitting Client 14
[2m[36m(launch_and_fit pid=1919874)[0m Fitting Client 15
[2m[36m(launch_and_fit pid=1919824)[0m Fitting Client 6
[2m[36m(launch_and_fit pid=1919796)[0m Fitting Client 9
[2m[36m(launch_and_fit pid=1919875)[0m Fitting Client 0
[2m[36m(launch_and_fit pid=1919886)[0m Fitting Client 18
[2m[36m(launch_and_fit pid=1919819)[0m malloc_consolidate(): invalid chunk size
E0820 21:34:28.272097518 1768194 chttp2_transport.cc:1079]             ipv4:145.136.62.56:60870: Received a GOAWAY with error code ENHANCE_YOUR_CALM and debug data equal to "too_many_pings". Current keepalive time (before throttling): ∞
INFO flwr 2023-08-20 21:35:55,309 | fed_df.py:540 | Distillation training stopped at step number : 500
INFO flwr 2023-08-20 21:35:55,310 | fed_df.py:547 | Average fusion training loss : 0.004476370711694472, val accuracy : 0.7376799999999999, best val accuracy : 0.7458
INFO flwr 2023-08-20 21:35:55,311 | common.py:35 | Avg. local train loss : 3.471437880396843, train acc : 0.9459527777777778
INFO flwr 2023-08-20 21:35:58,006 | server.py:116 | fit progress: (25, 1.6674922912597656, {'server_test_acc': 0.7395}, 4433.357702665031)
INFO flwr 2023-08-20 21:35:58,006 | server.py:163 | evaluate_round 25: no clients selected, cancel
DEBUG flwr 2023-08-20 21:36:01,616 | server.py:215 | fit_round 26: strategy sampled 8 clients (out of 20)
[2m[36m(launch_and_fit pid=2258515)[0m malloc_consolidate(): invalid chunk size
[2m[36m(launch_and_fit pid=2258518)[0m malloc_consolidate(): invalid chunk size
[2m[36m(launch_and_fit pid=2258524)[0m malloc_consolidate(): invalid chunk size
[2m[36m(launch_and_fit pid=2258521)[0m malloc_consolidate(): invalid chunk size
DEBUG flwr 2023-08-20 21:37:23,870 | server.py:229 | fit_round 26 received 8 results and 0 failures
INFO flwr 2023-08-20 21:37:23,975 | fed_df.py:365 | Warm start at round 26
INFO flwr 2023-08-20 21:37:24,072 | fed_df.py:463 | Performing server side distillation training...
[2m[36m(launch_and_fit pid=2258515)[0m Fitting Client 12
[2m[36m(launch_and_fit pid=2258518)[0m Fitting Client 15
[2m[36m(launch_and_fit pid=2258520)[0m Fitting Client 13
[2m[36m(launch_and_fit pid=2258523)[0m Fitting Client 6
[2m[36m(launch_and_fit pid=2258525)[0m Fitting Client 9
[2m[36m(launch_and_fit pid=2258524)[0m Fitting Client 5
[2m[36m(launch_and_fit pid=2258521)[0m Fitting Client 1
[2m[36m(launch_and_fit pid=2258522)[0m Fitting Client 8
[2m[36m(launch_and_fit pid=2258520)[0m malloc_consolidate(): invalid chunk size
[2m[36m(launch_and_fit pid=2258525)[0m malloc_consolidate(): invalid chunk size
[2m[36m(launch_and_fit pid=2258522)[0m malloc_consolidate(): invalid chunk size
[2m[36m(launch_and_fit pid=2258523)[0m double free or corruption (fasttop)
E0820 21:37:26.393167752 2445433 chttp2_transport.cc:1079]             ipv4:145.136.62.56:60870: Received a GOAWAY with error code ENHANCE_YOUR_CALM and debug data equal to "too_many_pings". Current keepalive time (before throttling): ∞
INFO flwr 2023-08-20 21:38:53,307 | fed_df.py:540 | Distillation training stopped at step number : 500
INFO flwr 2023-08-20 21:38:53,308 | fed_df.py:547 | Average fusion training loss : 0.00500687578972429, val accuracy : 0.76544, best val accuracy : 0.772
INFO flwr 2023-08-20 21:38:53,309 | common.py:35 | Avg. local train loss : 3.5842994611710304, train acc : 0.9380430555555557
INFO flwr 2023-08-20 21:38:55,885 | server.py:116 | fit progress: (26, 1.563975729370117, {'server_test_acc': 0.7555}, 4611.236332410015)
INFO flwr 2023-08-20 21:38:55,885 | server.py:163 | evaluate_round 26: no clients selected, cancel
DEBUG flwr 2023-08-20 21:38:59,509 | server.py:215 | fit_round 27: strategy sampled 8 clients (out of 20)
[2m[36m(launch_and_fit pid=2595321)[0m double free or corruption (fasttop)
[2m[36m(launch_and_fit pid=2595322)[0m malloc_consolidate(): invalid chunk size
DEBUG flwr 2023-08-20 21:40:20,603 | server.py:229 | fit_round 27 received 8 results and 0 failures
INFO flwr 2023-08-20 21:40:20,708 | fed_df.py:365 | Warm start at round 27
INFO flwr 2023-08-20 21:40:20,806 | fed_df.py:463 | Performing server side distillation training...
[2m[36m(launch_and_fit pid=2595323)[0m Fitting Client 14
[2m[36m(launch_and_fit pid=2595316)[0m Fitting Client 3
[2m[36m(launch_and_fit pid=2595321)[0m Fitting Client 8
[2m[36m(launch_and_fit pid=2595327)[0m Fitting Client 13
[2m[36m(launch_and_fit pid=2595325)[0m Fitting Client 6
[2m[36m(launch_and_fit pid=2595324)[0m Fitting Client 18
[2m[36m(launch_and_fit pid=2595322)[0m Fitting Client 15
[2m[36m(launch_and_fit pid=2595326)[0m Fitting Client 4
[2m[36m(launch_and_fit pid=2595323)[0m malloc_consolidate(): invalid chunk size
[2m[36m(launch_and_fit pid=2595326)[0m malloc_consolidate(): invalid chunk size
[2m[36m(launch_and_fit pid=2595324)[0m malloc_consolidate(): invalid chunk size
[2m[36m(launch_and_fit pid=2595327)[0m malloc_consolidate(): invalid chunk size
E0820 21:40:21.806680424 2781343 chttp2_transport.cc:1079]             ipv4:145.136.62.56:60870: Received a GOAWAY with error code ENHANCE_YOUR_CALM and debug data equal to "too_many_pings". Current keepalive time (before throttling): ∞
[2m[36m(launch_and_fit pid=2595316)[0m corrupted size vs. prev_size in fastbins
[2m[36m(launch_and_fit pid=2595325)[0m double free or corruption (fasttop)
E0820 21:40:29.298597673 2782283 chttp2_transport.cc:1079]             ipv4:145.136.62.56:60870: Received a GOAWAY with error code ENHANCE_YOUR_CALM and debug data equal to "too_many_pings". Current keepalive time (before throttling): ∞
INFO flwr 2023-08-20 21:41:55,935 | fed_df.py:540 | Distillation training stopped at step number : 500
INFO flwr 2023-08-20 21:41:55,935 | fed_df.py:547 | Average fusion training loss : 0.005631213987013325, val accuracy : 0.76006, best val accuracy : 0.7676
INFO flwr 2023-08-20 21:41:55,937 | common.py:35 | Avg. local train loss : 3.4547810787335034, train acc : 0.9472833333333333
INFO flwr 2023-08-20 21:41:58,631 | server.py:116 | fit progress: (27, 1.6226907775878907, {'server_test_acc': 0.7516}, 4793.982813468203)
INFO flwr 2023-08-20 21:41:58,632 | server.py:163 | evaluate_round 27: no clients selected, cancel
DEBUG flwr 2023-08-20 21:42:02,199 | server.py:215 | fit_round 28: strategy sampled 8 clients (out of 20)
[2m[36m(launch_and_fit pid=2954886)[0m malloc_consolidate(): invalid chunk size
[2m[36m(launch_and_fit pid=2954888)[0m malloc_consolidate(): invalid chunk size
[2m[36m(launch_and_fit pid=2954697)[0m malloc_consolidate(): invalid chunk size
DEBUG flwr 2023-08-20 21:43:22,954 | server.py:229 | fit_round 28 received 8 results and 0 failures
INFO flwr 2023-08-20 21:43:23,057 | fed_df.py:365 | Warm start at round 28
INFO flwr 2023-08-20 21:43:23,146 | fed_df.py:463 | Performing server side distillation training...
[2m[36m(launch_and_fit pid=2954688)[0m Fitting Client 15
[2m[36m(launch_and_fit pid=2954886)[0m Fitting Client 13
[2m[36m(launch_and_fit pid=2954890)[0m Fitting Client 8
[2m[36m(launch_and_fit pid=2954888)[0m Fitting Client 3
[2m[36m(launch_and_fit pid=2954893)[0m Fitting Client 11
[2m[36m(launch_and_fit pid=2954697)[0m Fitting Client 7
[2m[36m(launch_and_fit pid=2954889)[0m Fitting Client 14
[2m[36m(launch_and_fit pid=2954737)[0m Fitting Client 9
[2m[36m(launch_and_fit pid=2954890)[0m malloc_consolidate(): invalid chunk size
[2m[36m(launch_and_fit pid=2954889)[0m malloc_consolidate(): invalid chunk size
[2m[36m(launch_and_fit pid=2954893)[0m malloc_consolidate(): invalid chunk size
[2m[36m(launch_and_fit pid=2954737)[0m malloc_consolidate(): invalid chunk size
[2m[36m(launch_and_fit pid=2954688)[0m malloc_consolidate(): invalid chunk size
E0820 21:43:25.883716678 2790957 chttp2_transport.cc:1079]             ipv4:145.136.62.56:60870: Received a GOAWAY with error code ENHANCE_YOUR_CALM and debug data equal to "too_many_pings". Current keepalive time (before throttling): ∞
E0820 21:43:55.743315381 3205816 chttp2_transport.cc:1079]             ipv4:145.136.62.56:60870: Received a GOAWAY with error code ENHANCE_YOUR_CALM and debug data equal to "too_many_pings". Current keepalive time (before throttling): ∞
E0820 21:44:20.770470651 3249381 chttp2_transport.cc:1079]             ipv4:145.136.62.56:60870: Received a GOAWAY with error code ENHANCE_YOUR_CALM and debug data equal to "too_many_pings". Current keepalive time (before throttling): ∞
INFO flwr 2023-08-20 21:44:52,570 | fed_df.py:540 | Distillation training stopped at step number : 500
INFO flwr 2023-08-20 21:44:52,570 | fed_df.py:547 | Average fusion training loss : 0.005183690461795777, val accuracy : 0.76718, best val accuracy : 0.7742
INFO flwr 2023-08-20 21:44:52,571 | common.py:35 | Avg. local train loss : 3.4678353909403086, train acc : 0.9468944444444445
INFO flwr 2023-08-20 21:44:55,181 | server.py:116 | fit progress: (28, 1.5801733306884767, {'server_test_acc': 0.7658}, 4970.5325868329965)
INFO flwr 2023-08-20 21:44:55,181 | server.py:163 | evaluate_round 28: no clients selected, cancel
DEBUG flwr 2023-08-20 21:44:58,884 | server.py:215 | fit_round 29: strategy sampled 8 clients (out of 20)
[2m[36m(launch_and_fit pid=3300608)[0m malloc_consolidate(): invalid chunk size
[2m[36m(launch_and_fit pid=3300603)[0m malloc_consolidate(): invalid chunk size
[2m[36m(launch_and_fit pid=3300606)[0m malloc_consolidate(): invalid chunk size
DEBUG flwr 2023-08-20 21:46:19,767 | server.py:229 | fit_round 29 received 8 results and 0 failures
[2m[36m(launch_and_fit pid=3300607)[0m malloc_consolidate(): invalid chunk size
INFO flwr 2023-08-20 21:46:19,871 | fed_df.py:365 | Warm start at round 29
INFO flwr 2023-08-20 21:46:19,961 | fed_df.py:463 | Performing server side distillation training...
[2m[36m(launch_and_fit pid=3300609)[0m Fitting Client 10
[2m[36m(launch_and_fit pid=3300607)[0m Fitting Client 3
[2m[36m(launch_and_fit pid=3300600)[0m Fitting Client 18
[2m[36m(launch_and_fit pid=3300603)[0m Fitting Client 2
[2m[36m(launch_and_fit pid=3300608)[0m Fitting Client 15
[2m[36m(launch_and_fit pid=3300605)[0m Fitting Client 16
[2m[36m(launch_and_fit pid=3300610)[0m Fitting Client 14
[2m[36m(launch_and_fit pid=3300606)[0m Fitting Client 13
[2m[36m(launch_and_fit pid=3300609)[0m double free or corruption (fasttop)
[2m[36m(launch_and_fit pid=3300600)[0m malloc_consolidate(): invalid chunk size
[2m[36m(launch_and_fit pid=3300605)[0m double free or corruption (fasttop)
[2m[36m(launch_and_fit pid=3300610)[0m malloc_consolidate(): invalid chunk size
E0820 21:46:22.410035328 3249967 chttp2_transport.cc:1079]             ipv4:145.136.62.56:60870: Received a GOAWAY with error code ENHANCE_YOUR_CALM and debug data equal to "too_many_pings". Current keepalive time (before throttling): ∞
INFO flwr 2023-08-20 21:47:49,241 | fed_df.py:540 | Distillation training stopped at step number : 500
INFO flwr 2023-08-20 21:47:49,241 | fed_df.py:547 | Average fusion training loss : 0.005086601355113089, val accuracy : 0.75884, best val accuracy : 0.765
INFO flwr 2023-08-20 21:47:49,242 | common.py:35 | Avg. local train loss : 3.4461912438273425, train acc : 0.9481472222222224
INFO flwr 2023-08-20 21:47:51,990 | server.py:116 | fit progress: (29, 1.5970682067871094, {'server_test_acc': 0.7557}, 5147.341946862172)
INFO flwr 2023-08-20 21:47:51,991 | server.py:163 | evaluate_round 29: no clients selected, cancel
DEBUG flwr 2023-08-20 21:47:55,720 | server.py:215 | fit_round 30: strategy sampled 8 clients (out of 20)
[2m[36m(launch_and_fit pid=3637778)[0m double free or corruption (fasttop)
[2m[36m(launch_and_fit pid=3637782)[0m malloc_consolidate(): invalid chunk size
DEBUG flwr 2023-08-20 21:49:15,815 | server.py:229 | fit_round 30 received 8 results and 0 failures
INFO flwr 2023-08-20 21:49:15,919 | fed_df.py:365 | Warm start at round 30
INFO flwr 2023-08-20 21:49:16,015 | fed_df.py:463 | Performing server side distillation training...
[2m[36m(launch_and_fit pid=3637778)[0m Fitting Client 2
[2m[36m(launch_and_fit pid=3637782)[0m Fitting Client 10
[2m[36m(launch_and_fit pid=3637781)[0m Fitting Client 4
[2m[36m(launch_and_fit pid=3637785)[0m Fitting Client 8
[2m[36m(launch_and_fit pid=3637779)[0m Fitting Client 14
[2m[36m(launch_and_fit pid=3637786)[0m Fitting Client 19
[2m[36m(launch_and_fit pid=3637787)[0m Fitting Client 18
[2m[36m(launch_and_fit pid=3637788)[0m Fitting Client 9
[2m[36m(launch_and_fit pid=3637787)[0m double free or corruption (fasttop)
[2m[36m(launch_and_fit pid=3637781)[0m malloc_consolidate(): invalid chunk size
[2m[36m(launch_and_fit pid=3637786)[0m malloc_consolidate(): invalid chunk size
E0820 21:49:17.105135057 3492877 chttp2_transport.cc:1079]             ipv4:145.136.62.56:60870: Received a GOAWAY with error code ENHANCE_YOUR_CALM and debug data equal to "too_many_pings". Current keepalive time (before throttling): ∞
[2m[36m(launch_and_fit pid=3637785)[0m malloc_consolidate(): invalid chunk size
[2m[36m(launch_and_fit pid=3637788)[0m double free or corruption (fasttop)
[2m[36m(launch_and_fit pid=3637779)[0m malloc_consolidate(): invalid chunk size
E0820 21:49:26.828507272 3827383 chttp2_transport.cc:1079]             ipv4:145.136.62.56:60870: Received a GOAWAY with error code ENHANCE_YOUR_CALM and debug data equal to "too_many_pings". Current keepalive time (before throttling): ∞
INFO flwr 2023-08-20 21:50:46,311 | fed_df.py:540 | Distillation training stopped at step number : 500
INFO flwr 2023-08-20 21:50:46,312 | fed_df.py:547 | Average fusion training loss : 0.004838180257938802, val accuracy : 0.75362, best val accuracy : 0.762
INFO flwr 2023-08-20 21:50:46,313 | common.py:35 | Avg. local train loss : 3.264618621021509, train acc : 0.9588944444444445
INFO flwr 2023-08-20 21:50:49,323 | server.py:116 | fit progress: (30, 1.5927773498535156, {'server_test_acc': 0.7487}, 5324.674168305006)
INFO flwr 2023-08-20 21:50:49,323 | server.py:163 | evaluate_round 30: no clients selected, cancel
INFO flwr 2023-08-20 21:50:49,323 | server.py:144 | FL finished in 5324.674636573065
INFO flwr 2023-08-20 21:50:49,324 | app.py:202 | app_fit: losses_distributed []
INFO flwr 2023-08-20 21:50:49,325 | app.py:203 | app_fit: metrics_distributed {}
INFO flwr 2023-08-20 21:50:49,325 | app.py:204 | app_fit: losses_centralized [(0, 2.319245477294922), (1, 1.6438419158935547), (2, 1.4605193603515625), (3, 1.6250325073242187), (4, 1.667604019165039), (5, 1.7174170227050782), (6, 1.7196744201660157), (7, 1.7511853149414063), (8, 1.741760076904297), (9, 1.7822871368408204), (10, 1.745355923461914), (11, 1.7224241912841798), (12, 1.7705797149658202), (13, 1.772320199584961), (14, 1.7515800048828125), (15, 1.7360977844238281), (16, 1.742492477416992), (17, 1.6934538696289063), (18, 1.7172296875), (19, 1.688163540649414), (20, 1.7037287384033204), (21, 1.6445595336914063), (22, 1.657333056640625), (23, 1.6442877380371095), (24, 1.5939476135253907), (25, 1.6674922912597656), (26, 1.563975729370117), (27, 1.6226907775878907), (28, 1.5801733306884767), (29, 1.5970682067871094), (30, 1.5927773498535156)]
INFO flwr 2023-08-20 21:50:49,325 | app.py:205 | app_fit: metrics_centralized {'server_test_acc': [(0, 0.0811), (1, 0.4316), (2, 0.5924), (3, 0.4984), (4, 0.5509), (5, 0.5423), (6, 0.6363), (7, 0.647), (8, 0.6598), (9, 0.6611), (10, 0.7026), (11, 0.7305), (12, 0.6942), (13, 0.6978), (14, 0.7284), (15, 0.7277), (16, 0.7193), (17, 0.7341), (18, 0.7335), (19, 0.7362), (20, 0.7404), (21, 0.7538), (22, 0.7068), (23, 0.7363), (24, 0.7555), (25, 0.7395), (26, 0.7555), (27, 0.7516), (28, 0.7658), (29, 0.7557), (30, 0.7487)]}
malloc_consolidate(): invalid chunk size
srun: error: gcn56: task 0: Aborted
srun: Terminating StepId=3429388.1
-----EXPERIMENT ENDS-----
-----CLEANING UP DISK------
-----END-----

JOB STATISTICS
==============
Job ID: 3429388
Cluster: snellius
User/Group: sunnys/sunnys
State: COMPLETED (exit code 0)
Nodes: 1
Cores per node: 18
CPU Utilized: 02:59:54
CPU Efficiency: 11.09% of 1-03:02:42 core-walltime
Job Wall-clock time: 01:30:09
Memory Utilized: 47.25 GB
Memory Efficiency: 39.37% of 120.00 GB
