-----BEGIN-----
-----SETTINGS-----
TOTAL CROPS:5000
STRATEGY:feddf
MODEL_NAME:resnet8
NUM_CLIENTS:20
NUM_ROUNDS:30
FRACTION_FIT:0.4
FRACTION_EVALUATE:0.0
DATASET_NAME:cifar10
PARTITION_ALPHA:0.1
PARTITION_VAL_RATIO:0.1
BATCH_SIZE:512
LOCAL_EPOCHS:40
LOCAL_LR:0.01
DISTILL_BATCH_SIZE:512
SERVER_LR:0.005
SERVER_STEPS:500
SERVER_EARLY_STEPS:1000
USE_EARLY_STOPPING:False
USE_ADAPTIVE_LR:False
USE_ADAPTIVE_LR_ROUND:False
SEED:84
CUDA_DETERMINISTIC:False
USE_CROPS:True
IMG_NAME:ameyoko.jpg
DISTILL_DATASET:pathmnist
DISTILL_ALPHA:1.0
NUM_DISTILL_IMAGES:5000
DISTILL_TRANSFORMS:v0
WARM_START:True
WARM_START_ROUNDS:1
WARM_START_INTERVAL:2
KMEANS_N_CLUSTER:1000
KMEANS_HEURISTICS:hard
KMEANS_MIXED_FACTOR:50-50
KMEANS_BALANCING:1.0
CONFIDENCE_THRESHOLD:0.9
CONFIDENCE_STRATEGY:top
CONFIDENCE_ADAPTIVE:False
CONFIDENCE_MAX_THRESH:0.5
CLIPPING_FACTOR:2.5
FEDPROX_FACTOR:2.0
FEDPROX_ADAPTIVE:False
USE_CLIPPING:True
USE_ENTROPY:False
USE_KMEANS:False
USE_FEDPROX:False
-----SETTINGS END-----
-----EXPERIMENT BEGINS-----
---------
Generating crops for FedDF
Namespace(img_size=32, batch_size=32, num_imgs=5000, threads=18, vflip=False, deg=30, shear=30, cropfirst=True, initcrop=0.5, scale=[500, 1], randinterp=False, debug=False, imgpath='./static/single_images/ameyoko.jpg', targetpath='/scratch-local/sunnys.3429394/1692555660_013394126', seed=84, img_per_thread=277)
will save 5000 patches in /scratch-local/sunnys.3429394/1692555660_013394126/single_img_crops/crops
5000 took 0.06min with 18 threads
---------
Simulating feddf training
INFO simulate 2023-08-20 20:22:49,536 | simulate.py:50 | Python script started : simulate.py
DEBUG simulate 2023-08-20 20:22:49,536 | simulate.py:55 | Reading args from argument parser
Downloading https://www.cs.toronto.edu/~kriz/cifar-10-python.tar.gz to /scratch-local/sunnys.3429394/1692555660_013394126/cifar-10-python.tar.gz
Extracting /scratch-local/sunnys.3429394/1692555660_013394126/cifar-10-python.tar.gz to /scratch-local/sunnys.3429394/1692555660_013394126
Generating unified cifar10 dataset
Class histogram for 0-th partition (alpha=0.1, 10 classes): [ 981 1228    0  289    0    0    1    1    0    0]
INFO flwr 2023-08-20 20:23:03,428 | app.py:145 | Starting Flower simulation, config: ServerConfig(num_rounds=30, round_timeout=None)
2023-08-20 20:23:05,917	INFO worker.py:1529 -- Started a local Ray instance. View the dashboard at [1m[32m127.0.0.1:8265 [39m[22m
INFO flwr 2023-08-20 20:23:06,943 | app.py:179 | Flower VCE: Ray initialized with resources: {'accelerator_type:A100': 1.0, 'node:145.136.62.60': 1.0, 'GPU': 1.0, 'CPU': 18.0, 'object_store_memory': 61847529062.0, 'memory': 103079215104.0}
INFO flwr 2023-08-20 20:23:06,944 | server.py:86 | Initializing global parameters
INFO flwr 2023-08-20 20:23:06,944 | server.py:266 | Using initial parameters provided by strategy
INFO flwr 2023-08-20 20:23:06,944 | server.py:88 | Evaluating initial parameters
INFO flwr 2023-08-20 20:23:21,508 | server.py:91 | initial parameters (loss, other metrics): 2.319245477294922, {'server_test_acc': 0.0811}
INFO flwr 2023-08-20 20:23:21,508 | server.py:101 | FL starting
DEBUG flwr 2023-08-20 20:23:24,901 | server.py:215 | fit_round 1: strategy sampled 8 clients (out of 20)
[2m[36m(launch_and_fit pid=3461577)[0m malloc_consolidate(): invalid chunk size
[2m[36m(launch_and_fit pid=3461575)[0m malloc_consolidate(): invalid chunk size
[2m[36m(launch_and_fit pid=3461573)[0m double free or corruption (fasttop)
DEBUG flwr 2023-08-20 20:24:44,361 | server.py:229 | fit_round 1 received 8 results and 0 failures
INFO flwr 2023-08-20 20:24:44,464 | fed_df.py:365 | Warm start at round 1
INFO flwr 2023-08-20 20:24:44,561 | fed_df.py:463 | Performing server side distillation training...
[2m[36m(launch_and_fit pid=3461572)[0m Fitting Client 15
[2m[36m(launch_and_fit pid=3461577)[0m Fitting Client 8
[2m[36m(launch_and_fit pid=3461579)[0m Fitting Client 11
[2m[36m(launch_and_fit pid=3461574)[0m Fitting Client 9
[2m[36m(launch_and_fit pid=3461578)[0m Fitting Client 2
[2m[36m(launch_and_fit pid=3461576)[0m Fitting Client 6
[2m[36m(launch_and_fit pid=3461573)[0m Fitting Client 4
[2m[36m(launch_and_fit pid=3461575)[0m Fitting Client 17
E0820 20:24:44.934260145 3550846 chttp2_transport.cc:1079]             ipv4:145.136.62.60:40840: Received a GOAWAY with error code ENHANCE_YOUR_CALM and debug data equal to "too_many_pings". Current keepalive time (before throttling): 60000ms
[2m[36m(launch_and_fit pid=3461578)[0m malloc_consolidate(): invalid chunk size
[2m[36m(launch_and_fit pid=3461576)[0m double free or corruption (fasttop)
[2m[36m(launch_and_fit pid=3461572)[0m malloc_consolidate(): invalid chunk size
[2m[36m(launch_and_fit pid=3461574)[0m double free or corruption (fasttop)
E0820 20:24:45.382408453 3551537 chttp2_transport.cc:1079]             ipv4:145.136.62.60:40840: Received a GOAWAY with error code ENHANCE_YOUR_CALM and debug data equal to "too_many_pings". Current keepalive time (before throttling): 120000ms
[2m[36m(launch_and_fit pid=3461579)[0m double free or corruption (fasttop)
INFO flwr 2023-08-20 20:25:58,368 | fed_df.py:540 | Distillation training stopped at step number : 500
INFO flwr 2023-08-20 20:25:58,368 | fed_df.py:547 | Average fusion training loss : 0.016931225780397654, val accuracy : 0.32714, best val accuracy : 0.3632
INFO flwr 2023-08-20 20:25:58,369 | common.py:35 | Avg. local train loss : 4.525798422098159, train acc : 0.8055986111111111
INFO flwr 2023-08-20 20:26:00,661 | server.py:116 | fit progress: (1, 1.8470257751464845, {'server_test_acc': 0.3574}, 159.1528620768804)
INFO flwr 2023-08-20 20:26:00,661 | server.py:163 | evaluate_round 1: no clients selected, cancel
DEBUG flwr 2023-08-20 20:26:04,005 | server.py:215 | fit_round 2: strategy sampled 8 clients (out of 20)
[2m[36m(launch_and_fit pid=3630428)[0m double free or corruption (fasttop)
[2m[36m(launch_and_fit pid=3630430)[0m malloc_consolidate(): invalid chunk size
DEBUG flwr 2023-08-20 20:27:22,352 | server.py:229 | fit_round 2 received 8 results and 0 failures
INFO flwr 2023-08-20 20:27:22,455 | fed_df.py:365 | Warm start at round 2
[2m[36m(launch_and_fit pid=3630423)[0m malloc_consolidate(): invalid chunk size
INFO flwr 2023-08-20 20:27:22,552 | fed_df.py:463 | Performing server side distillation training...
[2m[36m(launch_and_fit pid=3630425)[0m Fitting Client 0
[2m[36m(launch_and_fit pid=3630429)[0m Fitting Client 7
[2m[36m(launch_and_fit pid=3630430)[0m Fitting Client 15
[2m[36m(launch_and_fit pid=3630431)[0m Fitting Client 1
[2m[36m(launch_and_fit pid=3630427)[0m Fitting Client 19
[2m[36m(launch_and_fit pid=3630423)[0m Fitting Client 2
[2m[36m(launch_and_fit pid=3630428)[0m Fitting Client 9
[2m[36m(launch_and_fit pid=3630432)[0m Fitting Client 4
[2m[36m(launch_and_fit pid=3630431)[0m malloc_consolidate(): invalid chunk size
[2m[36m(launch_and_fit pid=3630425)[0m malloc_consolidate(): invalid chunk size
[2m[36m(launch_and_fit pid=3630429)[0m double free or corruption (fasttop)
E0820 20:27:23.520059225 3720993 chttp2_transport.cc:1079]             ipv4:145.136.62.60:40840: Received a GOAWAY with error code ENHANCE_YOUR_CALM and debug data equal to "too_many_pings". Current keepalive time (before throttling): 240000ms
[2m[36m(launch_and_fit pid=3630432)[0m double free or corruption (fasttop)
[2m[36m(launch_and_fit pid=3630427)[0m malloc_consolidate(): invalid chunk size
INFO flwr 2023-08-20 20:28:37,000 | fed_df.py:540 | Distillation training stopped at step number : 500
INFO flwr 2023-08-20 20:28:37,000 | fed_df.py:547 | Average fusion training loss : 0.01886614654585719, val accuracy : 0.32218, best val accuracy : 0.342
INFO flwr 2023-08-20 20:28:37,001 | common.py:35 | Avg. local train loss : 3.860430090688169, train acc : 0.8736541666666665
INFO flwr 2023-08-20 20:28:39,325 | server.py:116 | fit progress: (2, 1.9389485961914064, {'server_test_acc': 0.3367}, 317.81703317095526)
INFO flwr 2023-08-20 20:28:39,326 | server.py:163 | evaluate_round 2: no clients selected, cancel
DEBUG flwr 2023-08-20 20:28:42,573 | server.py:215 | fit_round 3: strategy sampled 8 clients (out of 20)
[2m[36m(launch_and_fit pid=3799662)[0m malloc_consolidate(): invalid chunk size
[2m[36m(launch_and_fit pid=3799654)[0m malloc_consolidate(): invalid chunk size
DEBUG flwr 2023-08-20 20:30:00,503 | server.py:229 | fit_round 3 received 8 results and 0 failures
[2m[36m(launch_and_fit pid=3799658)[0m malloc_consolidate(): invalid chunk size
INFO flwr 2023-08-20 20:30:00,647 | fed_df.py:463 | Performing server side distillation training...
[2m[36m(launch_and_fit pid=3799658)[0m Fitting Client 16
[2m[36m(launch_and_fit pid=3799654)[0m Fitting Client 4
[2m[36m(launch_and_fit pid=3799657)[0m Fitting Client 12
[2m[36m(launch_and_fit pid=3799659)[0m Fitting Client 10
[2m[36m(launch_and_fit pid=3799661)[0m Fitting Client 17
[2m[36m(launch_and_fit pid=3799660)[0m Fitting Client 9
[2m[36m(launch_and_fit pid=3799656)[0m Fitting Client 13
[2m[36m(launch_and_fit pid=3799662)[0m Fitting Client 19
[2m[36m(launch_and_fit pid=3799660)[0m malloc_consolidate(): invalid chunk size
E0820 20:30:01.595952016 3890154 chttp2_transport.cc:1079]             ipv4:145.136.62.60:40840: Received a GOAWAY with error code ENHANCE_YOUR_CALM and debug data equal to "too_many_pings". Current keepalive time (before throttling): 480000ms
E0820 20:30:01.596042135 3890154 chttp2_transport.cc:1079]             ipv4:145.136.62.60:40840: Received a GOAWAY with error code ENHANCE_YOUR_CALM and debug data equal to "too_many_pings". Current keepalive time (before throttling): 480000ms
[2m[36m(launch_and_fit pid=3799661)[0m malloc_consolidate(): invalid chunk size
[2m[36m(launch_and_fit pid=3799659)[0m malloc_consolidate(): invalid chunk size
[2m[36m(launch_and_fit pid=3799657)[0m double free or corruption (fasttop)
[2m[36m(launch_and_fit pid=3799656)[0m malloc_consolidate(): invalid chunk size
INFO flwr 2023-08-20 20:31:15,383 | fed_df.py:540 | Distillation training stopped at step number : 500
INFO flwr 2023-08-20 20:31:15,384 | fed_df.py:547 | Average fusion training loss : 0.009436941551510244, val accuracy : 0.33182000000000006, best val accuracy : 0.3432
INFO flwr 2023-08-20 20:31:15,385 | common.py:35 | Avg. local train loss : 3.6748786572366954, train acc : 0.891348611111111
INFO flwr 2023-08-20 20:31:17,709 | server.py:116 | fit progress: (3, 1.9311609741210938, {'server_test_acc': 0.341}, 476.2008029378485)
INFO flwr 2023-08-20 20:31:17,709 | server.py:163 | evaluate_round 3: no clients selected, cancel
DEBUG flwr 2023-08-20 20:31:20,941 | server.py:215 | fit_round 4: strategy sampled 8 clients (out of 20)
[2m[36m(launch_and_fit pid=3970167)[0m malloc_consolidate(): invalid chunk size
[2m[36m(launch_and_fit pid=3970161)[0m malloc_consolidate(): invalid chunk size
[2m[36m(launch_and_fit pid=3970163)[0m malloc_consolidate(): invalid chunk size
DEBUG flwr 2023-08-20 20:32:39,985 | server.py:229 | fit_round 4 received 8 results and 0 failures
INFO flwr 2023-08-20 20:32:40,088 | fed_df.py:365 | Warm start at round 4
INFO flwr 2023-08-20 20:32:40,181 | fed_df.py:463 | Performing server side distillation training...
[2m[36m(launch_and_fit pid=3970164)[0m Fitting Client 3
[2m[36m(launch_and_fit pid=3970166)[0m Fitting Client 0
[2m[36m(launch_and_fit pid=3970165)[0m Fitting Client 8
[2m[36m(launch_and_fit pid=3970163)[0m Fitting Client 19
[2m[36m(launch_and_fit pid=3970167)[0m Fitting Client 12
[2m[36m(launch_and_fit pid=3970168)[0m Fitting Client 9
[2m[36m(launch_and_fit pid=3970169)[0m Fitting Client 4
[2m[36m(launch_and_fit pid=3970161)[0m Fitting Client 11
[2m[36m(launch_and_fit pid=3970169)[0m double free or corruption (fasttop)
[2m[36m(launch_and_fit pid=3970165)[0m malloc_consolidate(): invalid chunk size
[2m[36m(launch_and_fit pid=3970164)[0m malloc_consolidate(): invalid chunk size
[2m[36m(launch_and_fit pid=3970166)[0m malloc_consolidate(): invalid chunk size
[2m[36m(launch_and_fit pid=3970168)[0m malloc_consolidate(): invalid chunk size
E0820 20:32:42.128874845 4067507 chttp2_transport.cc:1079]             ipv4:145.136.62.60:40840: Received a GOAWAY with error code ENHANCE_YOUR_CALM and debug data equal to "too_many_pings". Current keepalive time (before throttling): 960000ms
INFO flwr 2023-08-20 20:33:55,147 | fed_df.py:540 | Distillation training stopped at step number : 500
INFO flwr 2023-08-20 20:33:55,148 | fed_df.py:547 | Average fusion training loss : 0.013360457482747733, val accuracy : 0.36646, best val accuracy : 0.379
INFO flwr 2023-08-20 20:33:55,149 | common.py:35 | Avg. local train loss : 3.870027317292988, train acc : 0.8719958333333334
INFO flwr 2023-08-20 20:33:57,482 | server.py:116 | fit progress: (4, 1.840626824951172, {'server_test_acc': 0.3742}, 635.9731499608606)
INFO flwr 2023-08-20 20:33:57,482 | server.py:163 | evaluate_round 4: no clients selected, cancel
DEBUG flwr 2023-08-20 20:34:00,717 | server.py:215 | fit_round 5: strategy sampled 8 clients (out of 20)
[2m[36m(launch_and_fit pid=4153066)[0m double free or corruption (fasttop)
[2m[36m(launch_and_fit pid=4153069)[0m double free or corruption (fasttop)
DEBUG flwr 2023-08-20 20:35:19,764 | server.py:229 | fit_round 5 received 8 results and 0 failures
INFO flwr 2023-08-20 20:35:19,904 | fed_df.py:463 | Performing server side distillation training...
[2m[36m(launch_and_fit pid=4153060)[0m Fitting Client 2
[2m[36m(launch_and_fit pid=4153053)[0m Fitting Client 17
[2m[36m(launch_and_fit pid=4153069)[0m Fitting Client 7
[2m[36m(launch_and_fit pid=4153071)[0m Fitting Client 14
[2m[36m(launch_and_fit pid=4153066)[0m Fitting Client 19
[2m[36m(launch_and_fit pid=4153070)[0m Fitting Client 6
[2m[36m(launch_and_fit pid=4153055)[0m Fitting Client 11
[2m[36m(launch_and_fit pid=4153061)[0m Fitting Client 9
[2m[36m(launch_and_fit pid=4153055)[0m malloc_consolidate(): invalid chunk size
[2m[36m(launch_and_fit pid=4153070)[0m malloc_consolidate(): invalid chunk size
[2m[36m(launch_and_fit pid=4153071)[0m malloc_consolidate(): invalid chunk size
[2m[36m(launch_and_fit pid=4153053)[0m double free or corruption (fasttop)
[2m[36m(launch_and_fit pid=4153060)[0m malloc_consolidate(): invalid chunk size
[2m[36m(launch_and_fit pid=4153061)[0m corrupted size vs. prev_size in fastbins
E0820 20:35:22.253087086   56165 chttp2_transport.cc:1079]             ipv4:145.136.62.60:40840: Received a GOAWAY with error code ENHANCE_YOUR_CALM and debug data equal to "too_many_pings". Current keepalive time (before throttling): 1920000ms
INFO flwr 2023-08-20 20:36:35,017 | fed_df.py:540 | Distillation training stopped at step number : 500
INFO flwr 2023-08-20 20:36:35,017 | fed_df.py:547 | Average fusion training loss : 0.0060430674385279414, val accuracy : 0.36038000000000003, best val accuracy : 0.378
INFO flwr 2023-08-20 20:36:35,018 | common.py:35 | Avg. local train loss : 3.454117510467768, train acc : 0.9159430555555556
INFO flwr 2023-08-20 20:36:37,369 | server.py:116 | fit progress: (5, 1.8468190490722656, {'server_test_acc': 0.3816}, 795.8608433420304)
INFO flwr 2023-08-20 20:36:37,369 | server.py:163 | evaluate_round 5: no clients selected, cancel
DEBUG flwr 2023-08-20 20:36:40,616 | server.py:215 | fit_round 6: strategy sampled 8 clients (out of 20)
[2m[36m(launch_and_fit pid=139043)[0m malloc_consolidate(): invalid chunk size
[2m[36m(launch_and_fit pid=139050)[0m double free or corruption (fasttop)
DEBUG flwr 2023-08-20 20:37:59,420 | server.py:229 | fit_round 6 received 8 results and 0 failures
[2m[36m(launch_and_fit pid=139051)[0m double free or corruption (fasttop)
INFO flwr 2023-08-20 20:37:59,524 | fed_df.py:365 | Warm start at round 6
[2m[36m(launch_and_fit pid=139048)[0m malloc_consolidate(): invalid chunk size
[2m[36m(launch_and_fit pid=139046)[0m malloc_consolidate(): invalid chunk size
INFO flwr 2023-08-20 20:37:59,621 | fed_df.py:463 | Performing server side distillation training...
[2m[36m(launch_and_fit pid=139043)[0m Fitting Client 19
[2m[36m(launch_and_fit pid=139049)[0m Fitting Client 17
[2m[36m(launch_and_fit pid=139050)[0m Fitting Client 4
[2m[36m(launch_and_fit pid=139051)[0m Fitting Client 7
[2m[36m(launch_and_fit pid=139047)[0m Fitting Client 8
[2m[36m(launch_and_fit pid=139046)[0m Fitting Client 18
[2m[36m(launch_and_fit pid=139045)[0m Fitting Client 10
[2m[36m(launch_and_fit pid=139048)[0m Fitting Client 15
[2m[36m(launch_and_fit pid=139047)[0m malloc_consolidate(): invalid chunk size
[2m[36m(launch_and_fit pid=139049)[0m malloc_consolidate(): invalid chunk size
[2m[36m(launch_and_fit pid=139045)[0m double free or corruption (fasttop)
E0820 20:38:01.987056279   56636 chttp2_transport.cc:1079]             ipv4:145.136.62.60:40840: Received a GOAWAY with error code ENHANCE_YOUR_CALM and debug data equal to "too_many_pings". Current keepalive time (before throttling): 3840000ms
INFO flwr 2023-08-20 20:39:14,295 | fed_df.py:540 | Distillation training stopped at step number : 500
INFO flwr 2023-08-20 20:39:14,295 | fed_df.py:547 | Average fusion training loss : 0.011245385417249053, val accuracy : 0.38464, best val accuracy : 0.3978
INFO flwr 2023-08-20 20:39:14,297 | common.py:35 | Avg. local train loss : 3.33344586994499, train acc : 0.9264166666666667
INFO flwr 2023-08-20 20:39:16,610 | server.py:116 | fit progress: (6, 1.8698207641601563, {'server_test_acc': 0.3942}, 955.101137409918)
INFO flwr 2023-08-20 20:39:16,610 | server.py:163 | evaluate_round 6: no clients selected, cancel
DEBUG flwr 2023-08-20 20:39:19,829 | server.py:215 | fit_round 7: strategy sampled 8 clients (out of 20)
[2m[36m(launch_and_fit pid=308109)[0m malloc_consolidate(): invalid chunk size
DEBUG flwr 2023-08-20 20:40:37,998 | server.py:229 | fit_round 7 received 8 results and 0 failures
INFO flwr 2023-08-20 20:40:38,141 | fed_df.py:463 | Performing server side distillation training...
[2m[36m(launch_and_fit pid=308109)[0m Fitting Client 0
[2m[36m(launch_and_fit pid=308115)[0m Fitting Client 2
[2m[36m(launch_and_fit pid=308113)[0m Fitting Client 8
[2m[36m(launch_and_fit pid=308111)[0m Fitting Client 19
[2m[36m(launch_and_fit pid=308114)[0m Fitting Client 3
[2m[36m(launch_and_fit pid=308112)[0m Fitting Client 12
[2m[36m(launch_and_fit pid=308116)[0m Fitting Client 4
[2m[36m(launch_and_fit pid=308117)[0m Fitting Client 15
[2m[36m(launch_and_fit pid=308117)[0m malloc_consolidate(): invalid chunk size
[2m[36m(launch_and_fit pid=308113)[0m malloc_consolidate(): invalid chunk size
[2m[36m(launch_and_fit pid=308112)[0m double free or corruption (fasttop)
[2m[36m(launch_and_fit pid=308115)[0m double free or corruption (fasttop)
[2m[36m(launch_and_fit pid=308116)[0m malloc_consolidate(): invalid chunk size
[2m[36m(launch_and_fit pid=308114)[0m double free or corruption (fasttop)
[2m[36m(launch_and_fit pid=308111)[0m malloc_consolidate(): invalid chunk size
E0820 20:40:40.336941747  400469 chttp2_transport.cc:1079]             ipv4:145.136.62.60:40840: Received a GOAWAY with error code ENHANCE_YOUR_CALM and debug data equal to "too_many_pings". Current keepalive time (before throttling): 7680000ms
INFO flwr 2023-08-20 20:41:52,643 | fed_df.py:540 | Distillation training stopped at step number : 500
INFO flwr 2023-08-20 20:41:52,644 | fed_df.py:547 | Average fusion training loss : 0.004606941325590015, val accuracy : 0.36146, best val accuracy : 0.3864
INFO flwr 2023-08-20 20:41:52,645 | common.py:35 | Avg. local train loss : 3.484355054982007, train acc : 0.9177055555555556
INFO flwr 2023-08-20 20:41:54,976 | server.py:116 | fit progress: (7, 1.8579538818359376, {'server_test_acc': 0.3833}, 1113.4678384568542)
INFO flwr 2023-08-20 20:41:54,976 | server.py:163 | evaluate_round 7: no clients selected, cancel
DEBUG flwr 2023-08-20 20:41:58,221 | server.py:215 | fit_round 8: strategy sampled 8 clients (out of 20)
[2m[36m(launch_and_fit pid=477519)[0m malloc_consolidate(): invalid chunk size
[2m[36m(launch_and_fit pid=477522)[0m double free or corruption (fasttop)
DEBUG flwr 2023-08-20 20:43:16,639 | server.py:229 | fit_round 8 received 8 results and 0 failures
[2m[36m(launch_and_fit pid=477523)[0m malloc_consolidate(): invalid chunk size
INFO flwr 2023-08-20 20:43:16,743 | fed_df.py:365 | Warm start at round 8
INFO flwr 2023-08-20 20:43:16,836 | fed_df.py:463 | Performing server side distillation training...
[2m[36m(launch_and_fit pid=477519)[0m Fitting Client 7
[2m[36m(launch_and_fit pid=477515)[0m Fitting Client 14
[2m[36m(launch_and_fit pid=477518)[0m Fitting Client 15
[2m[36m(launch_and_fit pid=477521)[0m Fitting Client 13
[2m[36m(launch_and_fit pid=477523)[0m Fitting Client 4
[2m[36m(launch_and_fit pid=477522)[0m Fitting Client 19
[2m[36m(launch_and_fit pid=477517)[0m Fitting Client 5
[2m[36m(launch_and_fit pid=477520)[0m Fitting Client 9
[2m[36m(launch_and_fit pid=477518)[0m malloc_consolidate(): invalid chunk size
[2m[36m(launch_and_fit pid=477515)[0m malloc_consolidate(): invalid chunk size
[2m[36m(launch_and_fit pid=477520)[0m double free or corruption (fasttop)
[2m[36m(launch_and_fit pid=477521)[0m malloc_consolidate(): invalid chunk size
[2m[36m(launch_and_fit pid=477517)[0m malloc_consolidate(): invalid chunk size
E0820 20:43:20.904699940  400605 chttp2_transport.cc:1079]             ipv4:145.136.62.60:40840: Received a GOAWAY with error code ENHANCE_YOUR_CALM and debug data equal to "too_many_pings". Current keepalive time (before throttling): 15360000ms
E0820 20:43:58.822178870  571439 chttp2_transport.cc:1079]             ipv4:145.136.62.60:40840: Received a GOAWAY with error code ENHANCE_YOUR_CALM and debug data equal to "too_many_pings". Current keepalive time (before throttling): 30720000ms
INFO flwr 2023-08-20 20:44:31,375 | fed_df.py:540 | Distillation training stopped at step number : 500
INFO flwr 2023-08-20 20:44:31,376 | fed_df.py:547 | Average fusion training loss : 0.012733326891902834, val accuracy : 0.33118, best val accuracy : 0.3566
INFO flwr 2023-08-20 20:44:31,377 | common.py:35 | Avg. local train loss : 3.393518714047969, train acc : 0.9278916666666668
INFO flwr 2023-08-20 20:44:33,715 | server.py:116 | fit progress: (8, 2.062634814453125, {'server_test_acc': 0.3579}, 1272.2068742169067)
INFO flwr 2023-08-20 20:44:33,716 | server.py:163 | evaluate_round 8: no clients selected, cancel
DEBUG flwr 2023-08-20 20:44:36,960 | server.py:215 | fit_round 9: strategy sampled 8 clients (out of 20)
[2m[36m(launch_and_fit pid=646714)[0m malloc_consolidate(): invalid chunk size
[2m[36m(launch_and_fit pid=646710)[0m malloc_consolidate(): invalid chunk size
DEBUG flwr 2023-08-20 20:45:55,633 | server.py:229 | fit_round 9 received 8 results and 0 failures
INFO flwr 2023-08-20 20:45:55,773 | fed_df.py:463 | Performing server side distillation training...
[2m[36m(launch_and_fit pid=646710)[0m Fitting Client 5
[2m[36m(launch_and_fit pid=646714)[0m Fitting Client 18
[2m[36m(launch_and_fit pid=646716)[0m Fitting Client 19
[2m[36m(launch_and_fit pid=646715)[0m Fitting Client 13
[2m[36m(launch_and_fit pid=646712)[0m Fitting Client 2
[2m[36m(launch_and_fit pid=646717)[0m Fitting Client 16
[2m[36m(launch_and_fit pid=646713)[0m Fitting Client 4
[2m[36m(launch_and_fit pid=646711)[0m Fitting Client 3
[2m[36m(launch_and_fit pid=646716)[0m double free or corruption (fasttop)
[2m[36m(launch_and_fit pid=646711)[0m double free or corruption (fasttop)
[2m[36m(launch_and_fit pid=646717)[0m malloc_consolidate(): invalid chunk size
[2m[36m(launch_and_fit pid=646715)[0m malloc_consolidate(): invalid chunk size
E0820 20:45:57.394864584  737771 chttp2_transport.cc:1079]             ipv4:145.136.62.60:40840: Received a GOAWAY with error code ENHANCE_YOUR_CALM and debug data equal to "too_many_pings". Current keepalive time (before throttling): 61440000ms
[2m[36m(launch_and_fit pid=646712)[0m malloc_consolidate(): invalid chunk size
[2m[36m(launch_and_fit pid=646713)[0m malloc_consolidate(): invalid chunk size
INFO flwr 2023-08-20 20:47:10,844 | fed_df.py:540 | Distillation training stopped at step number : 500
INFO flwr 2023-08-20 20:47:10,845 | fed_df.py:547 | Average fusion training loss : 0.007420286781154573, val accuracy : 0.33485999999999994, best val accuracy : 0.3692
INFO flwr 2023-08-20 20:47:10,846 | common.py:35 | Avg. local train loss : 3.278039338625968, train acc : 0.9364777777777779
INFO flwr 2023-08-20 20:47:13,196 | server.py:116 | fit progress: (9, 1.9749723266601562, {'server_test_acc': 0.3755}, 1431.6880626988132)
INFO flwr 2023-08-20 20:47:13,197 | server.py:163 | evaluate_round 9: no clients selected, cancel
DEBUG flwr 2023-08-20 20:47:16,442 | server.py:215 | fit_round 10: strategy sampled 8 clients (out of 20)
[2m[36m(launch_and_fit pid=818477)[0m malloc_consolidate(): invalid chunk size
[2m[36m(launch_and_fit pid=818485)[0m double free or corruption (fasttop)
[2m[36m(launch_and_fit pid=818493)[0m malloc_consolidate(): invalid chunk size
DEBUG flwr 2023-08-20 20:48:35,097 | server.py:229 | fit_round 10 received 8 results and 0 failures
INFO flwr 2023-08-20 20:48:35,201 | fed_df.py:365 | Warm start at round 10
[2m[36m(launch_and_fit pid=818484)[0m malloc_consolidate(): invalid chunk size
INFO flwr 2023-08-20 20:48:35,297 | fed_df.py:463 | Performing server side distillation training...
[2m[36m(launch_and_fit pid=818477)[0m Fitting Client 5
[2m[36m(launch_and_fit pid=818484)[0m Fitting Client 1
[2m[36m(launch_and_fit pid=818485)[0m Fitting Client 13
[2m[36m(launch_and_fit pid=818496)[0m Fitting Client 9
[2m[36m(launch_and_fit pid=818486)[0m Fitting Client 10
[2m[36m(launch_and_fit pid=818493)[0m Fitting Client 0
[2m[36m(launch_and_fit pid=818494)[0m Fitting Client 19
[2m[36m(launch_and_fit pid=818495)[0m Fitting Client 7
[2m[36m(launch_and_fit pid=818486)[0m double free or corruption (fasttop)
E0820 20:48:35.856532672  738245 chttp2_transport.cc:1079]             ipv4:145.136.62.60:40840: Received a GOAWAY with error code ENHANCE_YOUR_CALM and debug data equal to "too_many_pings". Current keepalive time (before throttling): 122880000ms
[2m[36m(launch_and_fit pid=818495)[0m malloc_consolidate(): invalid chunk size
[2m[36m(launch_and_fit pid=818496)[0m double free or corruption (fasttop)
[2m[36m(launch_and_fit pid=818494)[0m malloc_consolidate(): invalid chunk size
E0820 20:49:04.549067324  914470 chttp2_transport.cc:1079]             ipv4:145.136.62.60:40840: Received a GOAWAY with error code ENHANCE_YOUR_CALM and debug data equal to "too_many_pings". Current keepalive time (before throttling): 245760000ms
INFO flwr 2023-08-20 20:49:50,621 | fed_df.py:540 | Distillation training stopped at step number : 500
INFO flwr 2023-08-20 20:49:50,621 | fed_df.py:547 | Average fusion training loss : 0.01945089982636273, val accuracy : 0.34492, best val accuracy : 0.3866
INFO flwr 2023-08-20 20:49:50,622 | common.py:35 | Avg. local train loss : 3.342160817049444, train acc : 0.9329152777777778
INFO flwr 2023-08-20 20:49:52,977 | server.py:116 | fit progress: (10, 2.092121844482422, {'server_test_acc': 0.3782}, 1591.468844634015)
INFO flwr 2023-08-20 20:49:52,977 | server.py:163 | evaluate_round 10: no clients selected, cancel
DEBUG flwr 2023-08-20 20:49:56,232 | server.py:215 | fit_round 11: strategy sampled 8 clients (out of 20)
[2m[36m(launch_and_fit pid=999899)[0m malloc_consolidate(): invalid chunk size
[2m[36m(launch_and_fit pid=999911)[0m malloc_consolidate(): invalid chunk size
[2m[36m(launch_and_fit pid=999900)[0m malloc_consolidate(): invalid chunk size
DEBUG flwr 2023-08-20 20:51:14,828 | server.py:229 | fit_round 11 received 8 results and 0 failures
INFO flwr 2023-08-20 20:51:14,969 | fed_df.py:463 | Performing server side distillation training...
[2m[36m(launch_and_fit pid=999891)[0m Fitting Client 3
[2m[36m(launch_and_fit pid=999899)[0m Fitting Client 13
[2m[36m(launch_and_fit pid=999900)[0m Fitting Client 6
[2m[36m(launch_and_fit pid=999911)[0m Fitting Client 14
[2m[36m(launch_and_fit pid=999909)[0m Fitting Client 0
[2m[36m(launch_and_fit pid=999901)[0m Fitting Client 11
[2m[36m(launch_and_fit pid=999908)[0m Fitting Client 16
[2m[36m(launch_and_fit pid=999907)[0m Fitting Client 5
[2m[36m(launch_and_fit pid=999891)[0m malloc_consolidate(): invalid chunk size
E0820 20:51:15.626871144  946762 chttp2_transport.cc:1079]             ipv4:145.136.62.60:40840: Received a GOAWAY with error code ENHANCE_YOUR_CALM and debug data equal to "too_many_pings". Current keepalive time (before throttling): 491520000ms
[2m[36m(launch_and_fit pid=999901)[0m double free or corruption (fasttop)
[2m[36m(launch_and_fit pid=999907)[0m malloc_consolidate(): invalid chunk size
[2m[36m(launch_and_fit pid=999909)[0m malloc_consolidate(): invalid chunk size
[2m[36m(launch_and_fit pid=999908)[0m double free or corruption (fasttop)
INFO flwr 2023-08-20 20:52:30,356 | fed_df.py:540 | Distillation training stopped at step number : 500
INFO flwr 2023-08-20 20:52:30,356 | fed_df.py:547 | Average fusion training loss : 0.0036049265649635343, val accuracy : 0.39543999999999996, best val accuracy : 0.4148
INFO flwr 2023-08-20 20:52:30,358 | common.py:35 | Avg. local train loss : 3.340793035924434, train acc : 0.931801388888889
INFO flwr 2023-08-20 20:52:32,700 | server.py:116 | fit progress: (11, 1.9823674743652344, {'server_test_acc': 0.4087}, 1751.191354330862)
INFO flwr 2023-08-20 20:52:32,700 | server.py:163 | evaluate_round 11: no clients selected, cancel
DEBUG flwr 2023-08-20 20:52:35,942 | server.py:215 | fit_round 12: strategy sampled 8 clients (out of 20)
[2m[36m(launch_and_fit pid=1178941)[0m malloc_consolidate(): invalid chunk size
[2m[36m(launch_and_fit pid=1178940)[0m malloc_consolidate(): invalid chunk size
[2m[36m(launch_and_fit pid=1178936)[0m malloc_consolidate(): invalid chunk size
DEBUG flwr 2023-08-20 20:53:54,946 | server.py:229 | fit_round 12 received 8 results and 0 failures
INFO flwr 2023-08-20 20:53:55,050 | fed_df.py:365 | Warm start at round 12
INFO flwr 2023-08-20 20:53:55,143 | fed_df.py:463 | Performing server side distillation training...
[2m[36m(launch_and_fit pid=1178936)[0m Fitting Client 17
[2m[36m(launch_and_fit pid=1178940)[0m Fitting Client 8
[2m[36m(launch_and_fit pid=1178937)[0m Fitting Client 14
[2m[36m(launch_and_fit pid=1178942)[0m Fitting Client 3
[2m[36m(launch_and_fit pid=1178941)[0m Fitting Client 1
[2m[36m(launch_and_fit pid=1178939)[0m Fitting Client 0
[2m[36m(launch_and_fit pid=1178943)[0m Fitting Client 5
[2m[36m(launch_and_fit pid=1178944)[0m Fitting Client 18
[2m[36m(launch_and_fit pid=1178937)[0m malloc_consolidate(): invalid chunk size
[2m[36m(launch_and_fit pid=1178943)[0m malloc_consolidate(): invalid chunk size
[2m[36m(launch_and_fit pid=1178939)[0m malloc_consolidate(): invalid chunk size
[2m[36m(launch_and_fit pid=1178944)[0m malloc_consolidate(): invalid chunk size
[2m[36m(launch_and_fit pid=1178942)[0m double free or corruption (fasttop)
E0820 20:54:00.533870582 1095110 chttp2_transport.cc:1079]             ipv4:145.136.62.60:40840: Received a GOAWAY with error code ENHANCE_YOUR_CALM and debug data equal to "too_many_pings". Current keepalive time (before throttling): 983040000ms
INFO flwr 2023-08-20 20:55:10,000 | fed_df.py:540 | Distillation training stopped at step number : 500
INFO flwr 2023-08-20 20:55:10,001 | fed_df.py:547 | Average fusion training loss : 0.0055744203838985415, val accuracy : 0.43076, best val accuracy : 0.4502
INFO flwr 2023-08-20 20:55:10,002 | common.py:35 | Avg. local train loss : 3.4282992206513887, train acc : 0.9234986111111112
INFO flwr 2023-08-20 20:55:12,400 | server.py:116 | fit progress: (12, 2.02039697265625, {'server_test_acc': 0.4476}, 1910.8916177519131)
INFO flwr 2023-08-20 20:55:12,400 | server.py:163 | evaluate_round 12: no clients selected, cancel
DEBUG flwr 2023-08-20 20:55:15,636 | server.py:215 | fit_round 13: strategy sampled 8 clients (out of 20)
[2m[36m(launch_and_fit pid=1348132)[0m malloc_consolidate(): invalid chunk size
[2m[36m(launch_and_fit pid=1348127)[0m malloc_consolidate(): invalid chunk size
DEBUG flwr 2023-08-20 20:56:33,958 | server.py:229 | fit_round 13 received 8 results and 0 failures
INFO flwr 2023-08-20 20:56:34,102 | fed_df.py:463 | Performing server side distillation training...
[2m[36m(launch_and_fit pid=1348126)[0m Fitting Client 19
[2m[36m(launch_and_fit pid=1348124)[0m Fitting Client 11
[2m[36m(launch_and_fit pid=1348128)[0m Fitting Client 0
[2m[36m(launch_and_fit pid=1348127)[0m Fitting Client 3
[2m[36m(launch_and_fit pid=1348130)[0m Fitting Client 7
[2m[36m(launch_and_fit pid=1348132)[0m Fitting Client 5
[2m[36m(launch_and_fit pid=1348131)[0m Fitting Client 14
[2m[36m(launch_and_fit pid=1348129)[0m Fitting Client 18
[2m[36m(launch_and_fit pid=1348129)[0m malloc_consolidate(): invalid chunk size
[2m[36m(launch_and_fit pid=1348126)[0m double free or corruption (fasttop)
[2m[36m(launch_and_fit pid=1348130)[0m double free or corruption (fasttop)
[2m[36m(launch_and_fit pid=1348128)[0m malloc_consolidate(): invalid chunk size
[2m[36m(launch_and_fit pid=1348131)[0m double free or corruption (fasttop)
[2m[36m(launch_and_fit pid=1348124)[0m malloc_consolidate(): invalid chunk size
E0820 20:56:36.088399839 1439891 chttp2_transport.cc:1079]             ipv4:145.136.62.60:40840: Received a GOAWAY with error code ENHANCE_YOUR_CALM and debug data equal to "too_many_pings". Current keepalive time (before throttling): 1966080000ms
INFO flwr 2023-08-20 20:57:49,058 | fed_df.py:540 | Distillation training stopped at step number : 500
INFO flwr 2023-08-20 20:57:49,058 | fed_df.py:547 | Average fusion training loss : 0.0036992030881810934, val accuracy : 0.36293999999999993, best val accuracy : 0.3742
INFO flwr 2023-08-20 20:57:49,059 | common.py:35 | Avg. local train loss : 3.240843490511179, train acc : 0.9429111111111111
INFO flwr 2023-08-20 20:57:51,415 | server.py:116 | fit progress: (13, 1.9885091674804687, {'server_test_acc': 0.3755}, 2069.9067136279773)
INFO flwr 2023-08-20 20:57:51,415 | server.py:163 | evaluate_round 13: no clients selected, cancel
DEBUG flwr 2023-08-20 20:57:54,650 | server.py:215 | fit_round 14: strategy sampled 8 clients (out of 20)
[2m[36m(launch_and_fit pid=1517239)[0m corrupted size vs. prev_size in fastbins
[2m[36m(launch_and_fit pid=1517240)[0m double free or corruption (fasttop)
[2m[36m(launch_and_fit pid=1517241)[0m malloc_consolidate(): invalid chunk size
[2m[36m(launch_and_fit pid=1517244)[0m double free or corruption (fasttop)
[2m[36m(launch_and_fit pid=1517235)[0m malloc_consolidate(): invalid chunk size
DEBUG flwr 2023-08-20 20:59:13,587 | server.py:229 | fit_round 14 received 8 results and 0 failures
INFO flwr 2023-08-20 20:59:13,691 | fed_df.py:365 | Warm start at round 14
INFO flwr 2023-08-20 20:59:13,786 | fed_df.py:463 | Performing server side distillation training...
[2m[36m(launch_and_fit pid=1517235)[0m Fitting Client 16
[2m[36m(launch_and_fit pid=1517240)[0m Fitting Client 3
[2m[36m(launch_and_fit pid=1517233)[0m Fitting Client 8
[2m[36m(launch_and_fit pid=1517244)[0m Fitting Client 18
[2m[36m(launch_and_fit pid=1517241)[0m Fitting Client 10
[2m[36m(launch_and_fit pid=1517242)[0m Fitting Client 4
[2m[36m(launch_and_fit pid=1517239)[0m Fitting Client 9
[2m[36m(launch_and_fit pid=1517243)[0m Fitting Client 14
[2m[36m(launch_and_fit pid=1517243)[0m double free or corruption (fasttop)
[2m[36m(launch_and_fit pid=1517242)[0m malloc_consolidate(): invalid chunk size
[2m[36m(launch_and_fit pid=1517233)[0m double free or corruption (fasttop)
E0820 20:59:15.521390701 1440027 chttp2_transport.cc:1079]             ipv4:145.136.62.60:40840: Received a GOAWAY with error code ENHANCE_YOUR_CALM and debug data equal to "too_many_pings". Current keepalive time (before throttling): ∞
INFO flwr 2023-08-20 21:00:28,821 | fed_df.py:540 | Distillation training stopped at step number : 500
INFO flwr 2023-08-20 21:00:28,822 | fed_df.py:547 | Average fusion training loss : 0.005098331331508234, val accuracy : 0.44152, best val accuracy : 0.4706
INFO flwr 2023-08-20 21:00:28,823 | common.py:35 | Avg. local train loss : 3.4003978298977016, train acc : 0.9288083333333333
INFO flwr 2023-08-20 21:00:31,191 | server.py:116 | fit progress: (14, 2.0754723388671876, {'server_test_acc': 0.4645}, 2229.6829816428944)
INFO flwr 2023-08-20 21:00:31,192 | server.py:163 | evaluate_round 14: no clients selected, cancel
DEBUG flwr 2023-08-20 21:00:34,440 | server.py:215 | fit_round 15: strategy sampled 8 clients (out of 20)
[2m[36m(launch_and_fit pid=1686490)[0m malloc_consolidate(): invalid chunk size
[2m[36m(launch_and_fit pid=1686503)[0m malloc_consolidate(): invalid chunk size
[2m[36m(launch_and_fit pid=1686502)[0m malloc_consolidate(): invalid chunk size
DEBUG flwr 2023-08-20 21:01:53,390 | server.py:229 | fit_round 15 received 8 results and 0 failures
INFO flwr 2023-08-20 21:01:53,531 | fed_df.py:463 | Performing server side distillation training...
[2m[36m(launch_and_fit pid=1686493)[0m Fitting Client 7
[2m[36m(launch_and_fit pid=1686489)[0m Fitting Client 8
[2m[36m(launch_and_fit pid=1686490)[0m Fitting Client 15
[2m[36m(launch_and_fit pid=1686500)[0m Fitting Client 18
[2m[36m(launch_and_fit pid=1686499)[0m Fitting Client 12
[2m[36m(launch_and_fit pid=1686504)[0m Fitting Client 14
[2m[36m(launch_and_fit pid=1686503)[0m Fitting Client 5
[2m[36m(launch_and_fit pid=1686502)[0m Fitting Client 1
[2m[36m(launch_and_fit pid=1686493)[0m corrupted size vs. prev_size in fastbins
[2m[36m(launch_and_fit pid=1686500)[0m malloc_consolidate(): invalid chunk size
[2m[36m(launch_and_fit pid=1686504)[0m malloc_consolidate(): invalid chunk size
[2m[36m(launch_and_fit pid=1686489)[0m malloc_consolidate(): invalid chunk size
[2m[36m(launch_and_fit pid=1686499)[0m malloc_consolidate(): invalid chunk size
E0820 21:01:56.651243865 1608938 chttp2_transport.cc:1079]             ipv4:145.136.62.60:40840: Received a GOAWAY with error code ENHANCE_YOUR_CALM and debug data equal to "too_many_pings". Current keepalive time (before throttling): ∞
E0820 21:02:11.166949812 1794094 chttp2_transport.cc:1079]             ipv4:145.136.62.60:40840: Received a GOAWAY with error code ENHANCE_YOUR_CALM and debug data equal to "too_many_pings". Current keepalive time (before throttling): ∞
INFO flwr 2023-08-20 21:03:09,378 | fed_df.py:540 | Distillation training stopped at step number : 500
INFO flwr 2023-08-20 21:03:09,378 | fed_df.py:547 | Average fusion training loss : 0.002062483104411513, val accuracy : 0.48018, best val accuracy : 0.4964
INFO flwr 2023-08-20 21:03:09,379 | common.py:35 | Avg. local train loss : 3.291408207453787, train acc : 0.9416777777777777
INFO flwr 2023-08-20 21:03:11,803 | server.py:116 | fit progress: (15, 2.0053197814941406, {'server_test_acc': 0.4913}, 2390.294722087914)
INFO flwr 2023-08-20 21:03:11,803 | server.py:163 | evaluate_round 15: no clients selected, cancel
DEBUG flwr 2023-08-20 21:03:15,105 | server.py:215 | fit_round 16: strategy sampled 8 clients (out of 20)
[2m[36m(launch_and_fit pid=1860875)[0m double free or corruption (fasttop)
DEBUG flwr 2023-08-20 21:04:33,670 | server.py:229 | fit_round 16 received 8 results and 0 failures
[2m[36m(launch_and_fit pid=1860871)[0m malloc_consolidate(): invalid chunk size
INFO flwr 2023-08-20 21:04:33,774 | fed_df.py:365 | Warm start at round 16
INFO flwr 2023-08-20 21:04:33,870 | fed_df.py:463 | Performing server side distillation training...
[2m[36m(launch_and_fit pid=1860869)[0m Fitting Client 17
[2m[36m(launch_and_fit pid=1860871)[0m Fitting Client 10
[2m[36m(launch_and_fit pid=1860874)[0m Fitting Client 12
[2m[36m(launch_and_fit pid=1860873)[0m Fitting Client 11
[2m[36m(launch_and_fit pid=1860878)[0m Fitting Client 7
[2m[36m(launch_and_fit pid=1860876)[0m Fitting Client 9
[2m[36m(launch_and_fit pid=1860877)[0m Fitting Client 18
[2m[36m(launch_and_fit pid=1860875)[0m Fitting Client 15
[2m[36m(launch_and_fit pid=1860873)[0m malloc_consolidate(): invalid chunk size
[2m[36m(launch_and_fit pid=1860869)[0m malloc_consolidate(): invalid chunk size
[2m[36m(launch_and_fit pid=1860878)[0m double free or corruption (fasttop)
[2m[36m(launch_and_fit pid=1860876)[0m malloc_consolidate(): invalid chunk size
[2m[36m(launch_and_fit pid=1860877)[0m malloc_consolidate(): invalid chunk size
[2m[36m(launch_and_fit pid=1860874)[0m double free or corruption (fasttop)
E0820 21:04:36.240238015 1794430 chttp2_transport.cc:1079]             ipv4:145.136.62.60:40840: Received a GOAWAY with error code ENHANCE_YOUR_CALM and debug data equal to "too_many_pings". Current keepalive time (before throttling): ∞
E0820 21:04:51.553624853 1975056 chttp2_transport.cc:1079]             ipv4:145.136.62.60:40840: Received a GOAWAY with error code ENHANCE_YOUR_CALM and debug data equal to "too_many_pings". Current keepalive time (before throttling): ∞
INFO flwr 2023-08-20 21:05:49,471 | fed_df.py:540 | Distillation training stopped at step number : 500
INFO flwr 2023-08-20 21:05:49,472 | fed_df.py:547 | Average fusion training loss : 0.011987886131275445, val accuracy : 0.4124, best val accuracy : 0.4588
INFO flwr 2023-08-20 21:05:49,473 | common.py:35 | Avg. local train loss : 3.2653646230697633, train acc : 0.9444375000000002
INFO flwr 2023-08-20 21:05:51,827 | server.py:116 | fit progress: (16, 2.127838684082031, {'server_test_acc': 0.4427}, 2550.31822923501)
INFO flwr 2023-08-20 21:05:51,827 | server.py:163 | evaluate_round 16: no clients selected, cancel
DEBUG flwr 2023-08-20 21:05:55,090 | server.py:215 | fit_round 17: strategy sampled 8 clients (out of 20)
[2m[36m(launch_and_fit pid=2041220)[0m malloc_consolidate(): invalid chunk size
[2m[36m(launch_and_fit pid=2041235)[0m malloc_consolidate(): invalid chunk size
[2m[36m(launch_and_fit pid=2041216)[0m malloc_consolidate(): invalid chunk size
DEBUG flwr 2023-08-20 21:07:13,803 | server.py:229 | fit_round 17 received 8 results and 0 failures
INFO flwr 2023-08-20 21:07:13,951 | fed_df.py:463 | Performing server side distillation training...
[2m[36m(launch_and_fit pid=2041216)[0m Fitting Client 15
[2m[36m(launch_and_fit pid=2041220)[0m Fitting Client 9
[2m[36m(launch_and_fit pid=2041227)[0m Fitting Client 1
[2m[36m(launch_and_fit pid=2041234)[0m Fitting Client 0
[2m[36m(launch_and_fit pid=2041231)[0m Fitting Client 16
[2m[36m(launch_and_fit pid=2041235)[0m Fitting Client 14
[2m[36m(launch_and_fit pid=2041226)[0m Fitting Client 17
[2m[36m(launch_and_fit pid=2041237)[0m Fitting Client 11
[2m[36m(launch_and_fit pid=2041231)[0m double free or corruption (fasttop)
[2m[36m(launch_and_fit pid=2041227)[0m double free or corruption (fasttop)
[2m[36m(launch_and_fit pid=2041237)[0m malloc_consolidate(): invalid chunk size
[2m[36m(launch_and_fit pid=2041226)[0m malloc_consolidate(): invalid chunk size
[2m[36m(launch_and_fit pid=2041234)[0m malloc_consolidate(): invalid chunk size
E0820 21:07:16.086411847 1975423 chttp2_transport.cc:1079]             ipv4:145.136.62.60:40840: Received a GOAWAY with error code ENHANCE_YOUR_CALM and debug data equal to "too_many_pings". Current keepalive time (before throttling): ∞
INFO flwr 2023-08-20 21:08:29,452 | fed_df.py:540 | Distillation training stopped at step number : 500
INFO flwr 2023-08-20 21:08:29,452 | fed_df.py:547 | Average fusion training loss : 0.004421763383084908, val accuracy : 0.42451999999999995, best val accuracy : 0.4418
INFO flwr 2023-08-20 21:08:29,454 | common.py:35 | Avg. local train loss : 3.267515923269093, train acc : 0.9428125
INFO flwr 2023-08-20 21:08:31,790 | server.py:116 | fit progress: (17, 2.0506010192871096, {'server_test_acc': 0.4456}, 2710.2818010649644)
INFO flwr 2023-08-20 21:08:31,790 | server.py:163 | evaluate_round 17: no clients selected, cancel
DEBUG flwr 2023-08-20 21:08:35,013 | server.py:215 | fit_round 18: strategy sampled 8 clients (out of 20)
DEBUG flwr 2023-08-20 21:09:53,285 | server.py:229 | fit_round 18 received 8 results and 0 failures
INFO flwr 2023-08-20 21:09:53,390 | fed_df.py:365 | Warm start at round 18
INFO flwr 2023-08-20 21:09:53,485 | fed_df.py:463 | Performing server side distillation training...
[2m[36m(launch_and_fit pid=2218965)[0m Fitting Client 12
[2m[36m(launch_and_fit pid=2218968)[0m Fitting Client 3
[2m[36m(launch_and_fit pid=2218970)[0m Fitting Client 10
[2m[36m(launch_and_fit pid=2218969)[0m Fitting Client 16
[2m[36m(launch_and_fit pid=2218974)[0m Fitting Client 7
[2m[36m(launch_and_fit pid=2218971)[0m Fitting Client 2
[2m[36m(launch_and_fit pid=2218972)[0m Fitting Client 19
[2m[36m(launch_and_fit pid=2218973)[0m Fitting Client 14
[2m[36m(launch_and_fit pid=2218971)[0m malloc_consolidate(): invalid chunk size
[2m[36m(launch_and_fit pid=2218965)[0m malloc_consolidate(): invalid chunk size
[2m[36m(launch_and_fit pid=2218968)[0m malloc_consolidate(): invalid chunk size
[2m[36m(launch_and_fit pid=2218972)[0m double free or corruption (fasttop)
[2m[36m(launch_and_fit pid=2218970)[0m malloc_consolidate(): invalid chunk size
[2m[36m(launch_and_fit pid=2218969)[0m malloc_consolidate(): invalid chunk size
[2m[36m(launch_and_fit pid=2218974)[0m malloc_consolidate(): invalid chunk size
[2m[36m(launch_and_fit pid=2218973)[0m malloc_consolidate(): invalid chunk size
INFO flwr 2023-08-20 21:11:13,868 | fed_df.py:540 | Distillation training stopped at step number : 500
INFO flwr 2023-08-20 21:11:13,868 | fed_df.py:547 | Average fusion training loss : 0.005021988608175889, val accuracy : 0.47519999999999996, best val accuracy : 0.4948
INFO flwr 2023-08-20 21:11:13,870 | common.py:35 | Avg. local train loss : 3.2579174268990756, train acc : 0.9409152777777777
INFO flwr 2023-08-20 21:11:16,206 | server.py:116 | fit progress: (18, 2.0244085144042967, {'server_test_acc': 0.4826}, 2874.6975307569373)
INFO flwr 2023-08-20 21:11:16,206 | server.py:163 | evaluate_round 18: no clients selected, cancel
DEBUG flwr 2023-08-20 21:11:19,470 | server.py:215 | fit_round 19: strategy sampled 8 clients (out of 20)
[2m[36m(launch_and_fit pid=2388250)[0m double free or corruption (fasttop)
[2m[36m(launch_and_fit pid=2388243)[0m double free or corruption (fasttop)
DEBUG flwr 2023-08-20 21:12:38,274 | server.py:229 | fit_round 19 received 8 results and 0 failures
INFO flwr 2023-08-20 21:12:38,415 | fed_df.py:463 | Performing server side distillation training...
[2m[36m(launch_and_fit pid=2388238)[0m Fitting Client 11
[2m[36m(launch_and_fit pid=2388243)[0m Fitting Client 1
[2m[36m(launch_and_fit pid=2388239)[0m Fitting Client 17
[2m[36m(launch_and_fit pid=2388248)[0m Fitting Client 14
[2m[36m(launch_and_fit pid=2388235)[0m Fitting Client 16
[2m[36m(launch_and_fit pid=2388251)[0m Fitting Client 6
[2m[36m(launch_and_fit pid=2388252)[0m Fitting Client 10
[2m[36m(launch_and_fit pid=2388250)[0m Fitting Client 8
[2m[36m(launch_and_fit pid=2388238)[0m malloc_consolidate(): invalid chunk size
[2m[36m(launch_and_fit pid=2388235)[0m malloc_consolidate(): invalid chunk size
[2m[36m(launch_and_fit pid=2388251)[0m double free or corruption (fasttop)
[2m[36m(launch_and_fit pid=2388248)[0m double free or corruption (fasttop)
[2m[36m(launch_and_fit pid=2388239)[0m malloc_consolidate(): invalid chunk size
[2m[36m(launch_and_fit pid=2388252)[0m malloc_consolidate(): invalid chunk size
E0820 21:12:40.175630455 2139110 chttp2_transport.cc:1079]             ipv4:145.136.62.60:40840: Received a GOAWAY with error code ENHANCE_YOUR_CALM and debug data equal to "too_many_pings". Current keepalive time (before throttling): ∞
E0820 21:13:02.956065947 2479866 chttp2_transport.cc:1079]             ipv4:145.136.62.60:40840: Received a GOAWAY with error code ENHANCE_YOUR_CALM and debug data equal to "too_many_pings". Current keepalive time (before throttling): ∞
INFO flwr 2023-08-20 21:13:54,043 | fed_df.py:540 | Distillation training stopped at step number : 500
INFO flwr 2023-08-20 21:13:54,044 | fed_df.py:547 | Average fusion training loss : 0.002433909218059853, val accuracy : 0.48546000000000006, best val accuracy : 0.5052
INFO flwr 2023-08-20 21:13:54,045 | common.py:35 | Avg. local train loss : 3.46470394898206, train acc : 0.9341611111111111
INFO flwr 2023-08-20 21:13:56,375 | server.py:116 | fit progress: (19, 1.932571795654297, {'server_test_acc': 0.5038}, 3034.866268693935)
INFO flwr 2023-08-20 21:13:56,375 | server.py:163 | evaluate_round 19: no clients selected, cancel
DEBUG flwr 2023-08-20 21:13:59,643 | server.py:215 | fit_round 20: strategy sampled 8 clients (out of 20)
DEBUG flwr 2023-08-20 21:15:18,477 | server.py:229 | fit_round 20 received 8 results and 0 failures
INFO flwr 2023-08-20 21:15:18,581 | fed_df.py:365 | Warm start at round 20
INFO flwr 2023-08-20 21:15:18,677 | fed_df.py:463 | Performing server side distillation training...
[2m[36m(launch_and_fit pid=2557333)[0m Fitting Client 12
[2m[36m(launch_and_fit pid=2557335)[0m Fitting Client 7
[2m[36m(launch_and_fit pid=2557336)[0m Fitting Client 10
[2m[36m(launch_and_fit pid=2557334)[0m Fitting Client 9
[2m[36m(launch_and_fit pid=2557337)[0m Fitting Client 11
[2m[36m(launch_and_fit pid=2557338)[0m Fitting Client 16
[2m[36m(launch_and_fit pid=2557340)[0m Fitting Client 5
[2m[36m(launch_and_fit pid=2557339)[0m Fitting Client 0
[2m[36m(launch_and_fit pid=2557339)[0m double free or corruption (fasttop)
[2m[36m(launch_and_fit pid=2557333)[0m malloc_consolidate(): invalid chunk size
[2m[36m(launch_and_fit pid=2557336)[0m malloc_consolidate(): invalid chunk size
[2m[36m(launch_and_fit pid=2557335)[0m malloc_consolidate(): invalid chunk size
[2m[36m(launch_and_fit pid=2557340)[0m malloc_consolidate(): invalid chunk size
[2m[36m(launch_and_fit pid=2557337)[0m double free or corruption (fasttop)
[2m[36m(launch_and_fit pid=2557338)[0m malloc_consolidate(): invalid chunk size
[2m[36m(launch_and_fit pid=2557334)[0m malloc_consolidate(): invalid chunk size
INFO flwr 2023-08-20 21:16:34,261 | fed_df.py:540 | Distillation training stopped at step number : 500
INFO flwr 2023-08-20 21:16:34,261 | fed_df.py:547 | Average fusion training loss : 0.0037618670351803303, val accuracy : 0.43495999999999996, best val accuracy : 0.4524
INFO flwr 2023-08-20 21:16:34,262 | common.py:35 | Avg. local train loss : 3.3598363077268, train acc : 0.9448930555555556
INFO flwr 2023-08-20 21:16:36,620 | server.py:116 | fit progress: (20, 1.9940671936035157, {'server_test_acc': 0.4388}, 3195.1113351099193)
INFO flwr 2023-08-20 21:16:36,620 | server.py:163 | evaluate_round 20: no clients selected, cancel
DEBUG flwr 2023-08-20 21:16:39,861 | server.py:215 | fit_round 21: strategy sampled 8 clients (out of 20)
[2m[36m(launch_and_fit pid=2727052)[0m malloc_consolidate(): invalid chunk size
DEBUG flwr 2023-08-20 21:17:58,168 | server.py:229 | fit_round 21 received 8 results and 0 failures
INFO flwr 2023-08-20 21:17:58,312 | fed_df.py:463 | Performing server side distillation training...
[2m[36m(launch_and_fit pid=2727064)[0m double free or corruption (fasttop)
[2m[36m(launch_and_fit pid=2727052)[0m Fitting Client 11
[2m[36m(launch_and_fit pid=2727064)[0m Fitting Client 10
[2m[36m(launch_and_fit pid=2727057)[0m Fitting Client 12
[2m[36m(launch_and_fit pid=2727050)[0m Fitting Client 2
[2m[36m(launch_and_fit pid=2727053)[0m Fitting Client 3
[2m[36m(launch_and_fit pid=2727066)[0m Fitting Client 16
[2m[36m(launch_and_fit pid=2727065)[0m Fitting Client 5
[2m[36m(launch_and_fit pid=2727063)[0m Fitting Client 7
[2m[36m(launch_and_fit pid=2727066)[0m malloc_consolidate(): invalid chunk size
[2m[36m(launch_and_fit pid=2727057)[0m corrupted size vs. prev_size in fastbins
[2m[36m(launch_and_fit pid=2727065)[0m malloc_consolidate(): invalid chunk size
[2m[36m(launch_and_fit pid=2727050)[0m double free or corruption (fasttop)
[2m[36m(launch_and_fit pid=2727063)[0m malloc_consolidate(): invalid chunk size
[2m[36m(launch_and_fit pid=2727053)[0m malloc_consolidate(): invalid chunk size
E0820 21:18:13.695617981 2821519 chttp2_transport.cc:1079]             ipv4:145.136.62.60:40840: Received a GOAWAY with error code ENHANCE_YOUR_CALM and debug data equal to "too_many_pings". Current keepalive time (before throttling): ∞
INFO flwr 2023-08-20 21:19:19,293 | fed_df.py:540 | Distillation training stopped at step number : 500
INFO flwr 2023-08-20 21:19:19,294 | fed_df.py:547 | Average fusion training loss : 0.0014267004929715767, val accuracy : 0.48249999999999993, best val accuracy : 0.4918
INFO flwr 2023-08-20 21:19:19,295 | common.py:35 | Avg. local train loss : 3.401351707428694, train acc : 0.9440930555555556
INFO flwr 2023-08-20 21:19:21,664 | server.py:116 | fit progress: (21, 1.9901078735351563, {'server_test_acc': 0.478}, 3360.155864069937)
INFO flwr 2023-08-20 21:19:21,665 | server.py:163 | evaluate_round 21: no clients selected, cancel
DEBUG flwr 2023-08-20 21:19:24,950 | server.py:215 | fit_round 22: strategy sampled 8 clients (out of 20)
[2m[36m(launch_and_fit pid=2905263)[0m malloc_consolidate(): invalid chunk size
[2m[36m(launch_and_fit pid=2905262)[0m malloc_consolidate(): invalid chunk size
DEBUG flwr 2023-08-20 21:20:44,038 | server.py:229 | fit_round 22 received 8 results and 0 failures
INFO flwr 2023-08-20 21:20:44,141 | fed_df.py:365 | Warm start at round 22
INFO flwr 2023-08-20 21:20:44,237 | fed_df.py:463 | Performing server side distillation training...
[2m[36m(launch_and_fit pid=2905193)[0m Fitting Client 17
[2m[36m(launch_and_fit pid=2905194)[0m Fitting Client 19
[2m[36m(launch_and_fit pid=2905192)[0m Fitting Client 0
[2m[36m(launch_and_fit pid=2905191)[0m Fitting Client 12
[2m[36m(launch_and_fit pid=2905190)[0m Fitting Client 3
[2m[36m(launch_and_fit pid=2905263)[0m Fitting Client 4
[2m[36m(launch_and_fit pid=2905262)[0m Fitting Client 1
[2m[36m(launch_and_fit pid=2905200)[0m Fitting Client 14
[2m[36m(launch_and_fit pid=2905194)[0m malloc_consolidate(): invalid chunk size
[2m[36m(launch_and_fit pid=2905190)[0m double free or corruption (fasttop)
[2m[36m(launch_and_fit pid=2905193)[0m malloc_consolidate(): invalid chunk size
[2m[36m(launch_and_fit pid=2905191)[0m malloc_consolidate(): invalid chunk size
[2m[36m(launch_and_fit pid=2905192)[0m malloc_consolidate(): invalid chunk size
[2m[36m(launch_and_fit pid=2905200)[0m malloc_consolidate(): invalid chunk size
INFO flwr 2023-08-20 21:22:05,261 | fed_df.py:540 | Distillation training stopped at step number : 500
INFO flwr 2023-08-20 21:22:05,262 | fed_df.py:547 | Average fusion training loss : 0.0032869342365302147, val accuracy : 0.42136000000000007, best val accuracy : 0.4322
INFO flwr 2023-08-20 21:22:05,263 | common.py:35 | Avg. local train loss : 3.4741074128076432, train acc : 0.9331416666666666
INFO flwr 2023-08-20 21:22:07,638 | server.py:116 | fit progress: (22, 2.0349177856445313, {'server_test_acc': 0.4201}, 3526.129955655895)
INFO flwr 2023-08-20 21:22:07,639 | server.py:163 | evaluate_round 22: no clients selected, cancel
DEBUG flwr 2023-08-20 21:22:10,932 | server.py:215 | fit_round 23: strategy sampled 8 clients (out of 20)
[2m[36m(launch_and_fit pid=3086309)[0m double free or corruption (fasttop)
[2m[36m(launch_and_fit pid=3086303)[0m double free or corruption (fasttop)
[2m[36m(launch_and_fit pid=3086305)[0m double free or corruption (fasttop)
DEBUG flwr 2023-08-20 21:23:30,247 | server.py:229 | fit_round 23 received 8 results and 0 failures
[2m[36m(launch_and_fit pid=3086298)[0m malloc_consolidate(): invalid chunk size
INFO flwr 2023-08-20 21:23:30,389 | fed_df.py:463 | Performing server side distillation training...
[2m[36m(launch_and_fit pid=3086298)[0m Fitting Client 19
[2m[36m(launch_and_fit pid=3086305)[0m Fitting Client 6
[2m[36m(launch_and_fit pid=3086309)[0m Fitting Client 16
[2m[36m(launch_and_fit pid=3086307)[0m Fitting Client 17
[2m[36m(launch_and_fit pid=3086296)[0m Fitting Client 4
[2m[36m(launch_and_fit pid=3086303)[0m Fitting Client 3
[2m[36m(launch_and_fit pid=3086297)[0m Fitting Client 9
[2m[36m(launch_and_fit pid=3086308)[0m Fitting Client 11
[2m[36m(launch_and_fit pid=3086296)[0m malloc_consolidate(): invalid chunk size
[2m[36m(launch_and_fit pid=3086308)[0m malloc_consolidate(): invalid chunk size
[2m[36m(launch_and_fit pid=3086307)[0m double free or corruption (fasttop)
[2m[36m(launch_and_fit pid=3086297)[0m malloc_consolidate(): invalid chunk size
E0820 21:23:32.421647127 2830426 chttp2_transport.cc:1079]             ipv4:145.136.62.60:40840: Received a GOAWAY with error code ENHANCE_YOUR_CALM and debug data equal to "too_many_pings". Current keepalive time (before throttling): ∞
INFO flwr 2023-08-20 21:24:45,899 | fed_df.py:540 | Distillation training stopped at step number : 500
INFO flwr 2023-08-20 21:24:45,899 | fed_df.py:547 | Average fusion training loss : 0.0018849077890627085, val accuracy : 0.42272, best val accuracy : 0.434
INFO flwr 2023-08-20 21:24:45,900 | common.py:35 | Avg. local train loss : 3.4781547637656325, train acc : 0.9359000000000001
INFO flwr 2023-08-20 21:24:48,256 | server.py:116 | fit progress: (23, 1.962197003173828, {'server_test_acc': 0.431}, 3686.7474512679037)
INFO flwr 2023-08-20 21:24:48,256 | server.py:163 | evaluate_round 23: no clients selected, cancel
DEBUG flwr 2023-08-20 21:24:51,542 | server.py:215 | fit_round 24: strategy sampled 8 clients (out of 20)
[2m[36m(launch_and_fit pid=3259566)[0m malloc_consolidate(): invalid chunk size
[2m[36m(launch_and_fit pid=3259568)[0m malloc_consolidate(): invalid chunk size
[2m[36m(launch_and_fit pid=3259592)[0m malloc_consolidate(): invalid chunk size
DEBUG flwr 2023-08-20 21:26:10,588 | server.py:229 | fit_round 24 received 8 results and 0 failures
[2m[36m(launch_and_fit pid=3259593)[0m double free or corruption (fasttop)
INFO flwr 2023-08-20 21:26:10,693 | fed_df.py:365 | Warm start at round 24
INFO flwr 2023-08-20 21:26:10,788 | fed_df.py:463 | Performing server side distillation training...
[2m[36m(launch_and_fit pid=3259568)[0m Fitting Client 8
[2m[36m(launch_and_fit pid=3259566)[0m Fitting Client 1
[2m[36m(launch_and_fit pid=3259574)[0m Fitting Client 4
[2m[36m(launch_and_fit pid=3259577)[0m Fitting Client 5
[2m[36m(launch_and_fit pid=3259593)[0m Fitting Client 15
[2m[36m(launch_and_fit pid=3259576)[0m Fitting Client 10
[2m[36m(launch_and_fit pid=3259589)[0m Fitting Client 2
[2m[36m(launch_and_fit pid=3259592)[0m Fitting Client 9
E0820 21:26:11.286211300 3182379 chttp2_transport.cc:1079]             ipv4:145.136.62.60:40840: Received a GOAWAY with error code ENHANCE_YOUR_CALM and debug data equal to "too_many_pings". Current keepalive time (before throttling): ∞
[2m[36m(launch_and_fit pid=3259589)[0m malloc_consolidate(): invalid chunk size
[2m[36m(launch_and_fit pid=3259574)[0m malloc_consolidate(): invalid chunk size
[2m[36m(launch_and_fit pid=3259577)[0m malloc_consolidate(): invalid chunk size
[2m[36m(launch_and_fit pid=3259576)[0m double free or corruption (fasttop)
INFO flwr 2023-08-20 21:27:26,339 | fed_df.py:540 | Distillation training stopped at step number : 500
INFO flwr 2023-08-20 21:27:26,340 | fed_df.py:547 | Average fusion training loss : 0.0030512103117071093, val accuracy : 0.47758, best val accuracy : 0.505
INFO flwr 2023-08-20 21:27:26,341 | common.py:35 | Avg. local train loss : 3.4430936109274626, train acc : 0.9393375
INFO flwr 2023-08-20 21:27:28,697 | server.py:116 | fit progress: (24, 2.0129786865234376, {'server_test_acc': 0.4961}, 3847.188838968985)
INFO flwr 2023-08-20 21:27:28,697 | server.py:163 | evaluate_round 24: no clients selected, cancel
DEBUG flwr 2023-08-20 21:27:31,988 | server.py:215 | fit_round 25: strategy sampled 8 clients (out of 20)
[2m[36m(launch_and_fit pid=3428692)[0m malloc_consolidate(): invalid chunk size
[2m[36m(launch_and_fit pid=3428697)[0m malloc_consolidate(): invalid chunk size
[2m[36m(launch_and_fit pid=3428700)[0m malloc_consolidate(): invalid chunk size
DEBUG flwr 2023-08-20 21:28:50,748 | server.py:229 | fit_round 25 received 8 results and 0 failures
[2m[36m(launch_and_fit pid=3428699)[0m double free or corruption (fasttop)
INFO flwr 2023-08-20 21:28:50,890 | fed_df.py:463 | Performing server side distillation training...
[2m[36m(launch_and_fit pid=3428692)[0m Fitting Client 14
[2m[36m(launch_and_fit pid=3428700)[0m Fitting Client 18
[2m[36m(launch_and_fit pid=3428697)[0m Fitting Client 6
[2m[36m(launch_and_fit pid=3428694)[0m Fitting Client 9
[2m[36m(launch_and_fit pid=3428701)[0m Fitting Client 0
[2m[36m(launch_and_fit pid=3428699)[0m Fitting Client 4
[2m[36m(launch_and_fit pid=3428698)[0m Fitting Client 15
[2m[36m(launch_and_fit pid=3428696)[0m Fitting Client 17
[2m[36m(launch_and_fit pid=3428694)[0m double free or corruption (fasttop)
[2m[36m(launch_and_fit pid=3428696)[0m double free or corruption (fasttop)
E0820 21:28:51.659726738 3519855 chttp2_transport.cc:1079]             ipv4:145.136.62.60:40840: Received a GOAWAY with error code ENHANCE_YOUR_CALM and debug data equal to "too_many_pings". Current keepalive time (before throttling): ∞
[2m[36m(launch_and_fit pid=3428701)[0m malloc_consolidate(): invalid chunk size
[2m[36m(launch_and_fit pid=3428698)[0m malloc_consolidate(): invalid chunk size
INFO flwr 2023-08-20 21:30:06,425 | fed_df.py:540 | Distillation training stopped at step number : 500
INFO flwr 2023-08-20 21:30:06,426 | fed_df.py:547 | Average fusion training loss : 0.0022319722722750155, val accuracy : 0.46174, best val accuracy : 0.475
INFO flwr 2023-08-20 21:30:06,427 | common.py:35 | Avg. local train loss : 3.470684681646526, train acc : 0.9401555555555555
INFO flwr 2023-08-20 21:30:08,774 | server.py:116 | fit progress: (25, 1.927397119140625, {'server_test_acc': 0.4835}, 4007.2653331859037)
INFO flwr 2023-08-20 21:30:08,774 | server.py:163 | evaluate_round 25: no clients selected, cancel
DEBUG flwr 2023-08-20 21:30:12,034 | server.py:215 | fit_round 26: strategy sampled 8 clients (out of 20)
[2m[36m(launch_and_fit pid=3598748)[0m malloc_consolidate(): invalid chunk size
DEBUG flwr 2023-08-20 21:31:30,466 | server.py:229 | fit_round 26 received 8 results and 0 failures
[2m[36m(launch_and_fit pid=3598745)[0m corrupted size vs. prev_size in fastbins
INFO flwr 2023-08-20 21:31:30,570 | fed_df.py:365 | Warm start at round 26
INFO flwr 2023-08-20 21:31:30,664 | fed_df.py:463 | Performing server side distillation training...
[2m[36m(launch_and_fit pid=3598747)[0m Fitting Client 13
[2m[36m(launch_and_fit pid=3598745)[0m Fitting Client 1
[2m[36m(launch_and_fit pid=3598743)[0m Fitting Client 15
[2m[36m(launch_and_fit pid=3598748)[0m Fitting Client 8
[2m[36m(launch_and_fit pid=3598749)[0m Fitting Client 6
[2m[36m(launch_and_fit pid=3598746)[0m Fitting Client 12
[2m[36m(launch_and_fit pid=3598750)[0m Fitting Client 5
[2m[36m(launch_and_fit pid=3598751)[0m Fitting Client 9
[2m[36m(launch_and_fit pid=3598746)[0m double free or corruption (fasttop)
[2m[36m(launch_and_fit pid=3598747)[0m malloc_consolidate(): invalid chunk size
[2m[36m(launch_and_fit pid=3598743)[0m malloc_consolidate(): invalid chunk size
[2m[36m(launch_and_fit pid=3598751)[0m double free or corruption (fasttop)
[2m[36m(launch_and_fit pid=3598750)[0m malloc_consolidate(): invalid chunk size
[2m[36m(launch_and_fit pid=3598749)[0m malloc_consolidate(): invalid chunk size
E0820 21:31:33.133329969 3690205 chttp2_transport.cc:1079]             ipv4:145.136.62.60:40840: Received a GOAWAY with error code ENHANCE_YOUR_CALM and debug data equal to "too_many_pings". Current keepalive time (before throttling): ∞
INFO flwr 2023-08-20 21:32:46,560 | fed_df.py:540 | Distillation training stopped at step number : 500
INFO flwr 2023-08-20 21:32:46,561 | fed_df.py:547 | Average fusion training loss : 0.0036204116134904325, val accuracy : 0.3907999999999999, best val accuracy : 0.4088
INFO flwr 2023-08-20 21:32:46,562 | common.py:35 | Avg. local train loss : 3.5368862077593803, train acc : 0.9323666666666667
INFO flwr 2023-08-20 21:32:48,893 | server.py:116 | fit progress: (26, 1.9974144897460937, {'server_test_acc': 0.3977}, 4167.384681920987)
INFO flwr 2023-08-20 21:32:48,893 | server.py:163 | evaluate_round 26: no clients selected, cancel
DEBUG flwr 2023-08-20 21:32:52,133 | server.py:215 | fit_round 27: strategy sampled 8 clients (out of 20)
[2m[36m(launch_and_fit pid=3768147)[0m malloc_consolidate(): invalid chunk size
[2m[36m(launch_and_fit pid=3768145)[0m double free or corruption (fasttop)
DEBUG flwr 2023-08-20 21:34:11,176 | server.py:229 | fit_round 27 received 8 results and 0 failures
[2m[36m(launch_and_fit pid=3768148)[0m malloc_consolidate(): invalid chunk size
INFO flwr 2023-08-20 21:34:11,345 | fed_df.py:463 | Performing server side distillation training...
[2m[36m(launch_and_fit pid=3768142)[0m Fitting Client 3
[2m[36m(launch_and_fit pid=3768145)[0m Fitting Client 14
[2m[36m(launch_and_fit pid=3768147)[0m Fitting Client 13
[2m[36m(launch_and_fit pid=3768150)[0m Fitting Client 4
[2m[36m(launch_and_fit pid=3768151)[0m Fitting Client 6
[2m[36m(launch_and_fit pid=3768146)[0m Fitting Client 8
[2m[36m(launch_and_fit pid=3768148)[0m Fitting Client 15
[2m[36m(launch_and_fit pid=3768149)[0m Fitting Client 18
[2m[36m(launch_and_fit pid=3768151)[0m double free or corruption (fasttop)
[2m[36m(launch_and_fit pid=3768149)[0m malloc_consolidate(): invalid chunk size
[2m[36m(launch_and_fit pid=3768150)[0m malloc_consolidate(): invalid chunk size
[2m[36m(launch_and_fit pid=3768142)[0m malloc_consolidate(): invalid chunk size
[2m[36m(launch_and_fit pid=3768146)[0m malloc_consolidate(): invalid chunk size
E0820 21:34:13.132778087 3865637 chttp2_transport.cc:1079]             ipv4:145.136.62.60:40840: Received a GOAWAY with error code ENHANCE_YOUR_CALM and debug data equal to "too_many_pings". Current keepalive time (before throttling): ∞
INFO flwr 2023-08-20 21:35:27,071 | fed_df.py:540 | Distillation training stopped at step number : 500
INFO flwr 2023-08-20 21:35:27,071 | fed_df.py:547 | Average fusion training loss : 0.0022242255181772635, val accuracy : 0.42022000000000004, best val accuracy : 0.433
INFO flwr 2023-08-20 21:35:27,073 | common.py:35 | Avg. local train loss : 3.536989672482014, train acc : 0.9324500000000001
INFO flwr 2023-08-20 21:35:29,726 | server.py:116 | fit progress: (27, 1.89811064453125, {'server_test_acc': 0.4325}, 4328.2174705800135)
INFO flwr 2023-08-20 21:35:29,726 | server.py:163 | evaluate_round 27: no clients selected, cancel
DEBUG flwr 2023-08-20 21:35:33,042 | server.py:215 | fit_round 28: strategy sampled 8 clients (out of 20)
[2m[36m(launch_and_fit pid=3949885)[0m malloc_consolidate(): invalid chunk size
[2m[36m(launch_and_fit pid=3949883)[0m malloc_consolidate(): invalid chunk size
[2m[36m(launch_and_fit pid=3949900)[0m malloc_consolidate(): invalid chunk size
DEBUG flwr 2023-08-20 21:36:51,947 | server.py:229 | fit_round 28 received 8 results and 0 failures
INFO flwr 2023-08-20 21:36:52,051 | fed_df.py:365 | Warm start at round 28
INFO flwr 2023-08-20 21:36:52,146 | fed_df.py:463 | Performing server side distillation training...
[2m[36m(launch_and_fit pid=3949885)[0m Fitting Client 15
[2m[36m(launch_and_fit pid=3949895)[0m Fitting Client 9
[2m[36m(launch_and_fit pid=3949883)[0m Fitting Client 7
[2m[36m(launch_and_fit pid=3949894)[0m Fitting Client 13
[2m[36m(launch_and_fit pid=3949900)[0m Fitting Client 14
[2m[36m(launch_and_fit pid=3949903)[0m Fitting Client 11
[2m[36m(launch_and_fit pid=3949893)[0m Fitting Client 3
[2m[36m(launch_and_fit pid=3949902)[0m Fitting Client 8
[2m[36m(launch_and_fit pid=3949895)[0m malloc_consolidate(): invalid chunk size
[2m[36m(launch_and_fit pid=3949902)[0m malloc_consolidate(): invalid chunk size
[2m[36m(launch_and_fit pid=3949894)[0m malloc_consolidate(): invalid chunk size
[2m[36m(launch_and_fit pid=3949903)[0m malloc_consolidate(): invalid chunk size
[2m[36m(launch_and_fit pid=3949893)[0m corrupted size vs. prev_size in fastbins
E0820 21:36:56.178485969 3865788 chttp2_transport.cc:1079]             ipv4:145.136.62.60:40840: Received a GOAWAY with error code ENHANCE_YOUR_CALM and debug data equal to "too_many_pings". Current keepalive time (before throttling): ∞
INFO flwr 2023-08-20 21:38:08,012 | fed_df.py:540 | Distillation training stopped at step number : 500
INFO flwr 2023-08-20 21:38:08,013 | fed_df.py:547 | Average fusion training loss : 0.002863730882992968, val accuracy : 0.4399, best val accuracy : 0.473
INFO flwr 2023-08-20 21:38:08,014 | common.py:35 | Avg. local train loss : 3.429722740314901, train acc : 0.9409333333333333
INFO flwr 2023-08-20 21:38:10,371 | server.py:116 | fit progress: (28, 1.9364952270507811, {'server_test_acc': 0.4609}, 4488.862980820006)
INFO flwr 2023-08-20 21:38:10,372 | server.py:163 | evaluate_round 28: no clients selected, cancel
DEBUG flwr 2023-08-20 21:38:13,769 | server.py:215 | fit_round 29: strategy sampled 8 clients (out of 20)
[2m[36m(launch_and_fit pid=4130154)[0m malloc_consolidate(): invalid chunk size
DEBUG flwr 2023-08-20 21:39:32,503 | server.py:229 | fit_round 29 received 8 results and 0 failures
[2m[36m(launch_and_fit pid=4130159)[0m malloc_consolidate(): invalid chunk size
[2m[36m(launch_and_fit pid=4130158)[0m malloc_consolidate(): invalid chunk size
INFO flwr 2023-08-20 21:39:32,646 | fed_df.py:463 | Performing server side distillation training...
[2m[36m(launch_and_fit pid=4130154)[0m Fitting Client 2
[2m[36m(launch_and_fit pid=4130158)[0m Fitting Client 16
[2m[36m(launch_and_fit pid=4130161)[0m Fitting Client 14
[2m[36m(launch_and_fit pid=4130157)[0m Fitting Client 15
[2m[36m(launch_and_fit pid=4130160)[0m Fitting Client 10
[2m[36m(launch_and_fit pid=4130159)[0m Fitting Client 3
[2m[36m(launch_and_fit pid=4130155)[0m Fitting Client 18
[2m[36m(launch_and_fit pid=4130156)[0m Fitting Client 13
[2m[36m(launch_and_fit pid=4130156)[0m double free or corruption (fasttop)
[2m[36m(launch_and_fit pid=4130155)[0m malloc_consolidate(): invalid chunk size
[2m[36m(launch_and_fit pid=4130157)[0m double free or corruption (fasttop)
[2m[36m(launch_and_fit pid=4130161)[0m malloc_consolidate(): invalid chunk size
[2m[36m(launch_and_fit pid=4130160)[0m malloc_consolidate(): invalid chunk size
E0820 21:39:34.759840379 4049092 chttp2_transport.cc:1079]             ipv4:145.136.62.60:40840: Received a GOAWAY with error code ENHANCE_YOUR_CALM and debug data equal to "too_many_pings". Current keepalive time (before throttling): ∞
INFO flwr 2023-08-20 21:40:48,551 | fed_df.py:540 | Distillation training stopped at step number : 500
INFO flwr 2023-08-20 21:40:48,551 | fed_df.py:547 | Average fusion training loss : 0.0014976809748914093, val accuracy : 0.4904, best val accuracy : 0.5022
INFO flwr 2023-08-20 21:40:48,553 | common.py:35 | Avg. local train loss : 3.3671381810680034, train acc : 0.9474069444444444
INFO flwr 2023-08-20 21:40:50,938 | server.py:116 | fit progress: (29, 1.915568603515625, {'server_test_acc': 0.4968}, 4649.429501662031)
INFO flwr 2023-08-20 21:40:50,938 | server.py:163 | evaluate_round 29: no clients selected, cancel
DEBUG flwr 2023-08-20 21:40:54,227 | server.py:215 | fit_round 30: strategy sampled 8 clients (out of 20)
[2m[36m(launch_and_fit pid=107403)[0m malloc_consolidate(): invalid chunk size
[2m[36m(launch_and_fit pid=107401)[0m double free or corruption (fasttop)
DEBUG flwr 2023-08-20 21:42:13,666 | server.py:229 | fit_round 30 received 8 results and 0 failures
INFO flwr 2023-08-20 21:42:13,771 | fed_df.py:365 | Warm start at round 30
INFO flwr 2023-08-20 21:42:13,869 | fed_df.py:463 | Performing server side distillation training...
[2m[36m(launch_and_fit pid=107402)[0m Fitting Client 10
[2m[36m(launch_and_fit pid=107403)[0m Fitting Client 8
[2m[36m(launch_and_fit pid=107406)[0m Fitting Client 9
[2m[36m(launch_and_fit pid=107405)[0m Fitting Client 18
[2m[36m(launch_and_fit pid=107400)[0m Fitting Client 2
[2m[36m(launch_and_fit pid=107401)[0m Fitting Client 14
[2m[36m(launch_and_fit pid=107404)[0m Fitting Client 19
[2m[36m(launch_and_fit pid=107399)[0m Fitting Client 4
[2m[36m(launch_and_fit pid=107400)[0m double free or corruption (fasttop)
[2m[36m(launch_and_fit pid=107399)[0m double free or corruption (fasttop)
[2m[36m(launch_and_fit pid=107406)[0m malloc_consolidate(): invalid chunk size
[2m[36m(launch_and_fit pid=107402)[0m double free or corruption (fasttop)
[2m[36m(launch_and_fit pid=107405)[0m double free or corruption (fasttop)
E0820 21:42:15.711281542   29904 chttp2_transport.cc:1079]             ipv4:145.136.62.60:40840: Received a GOAWAY with error code ENHANCE_YOUR_CALM and debug data equal to "too_many_pings". Current keepalive time (before throttling): ∞
[2m[36m(launch_and_fit pid=107404)[0m malloc_consolidate(): invalid chunk size
INFO flwr 2023-08-20 21:43:29,634 | fed_df.py:540 | Distillation training stopped at step number : 500
INFO flwr 2023-08-20 21:43:29,635 | fed_df.py:547 | Average fusion training loss : 0.0037525567199336364, val accuracy : 0.41947999999999996, best val accuracy : 0.4296
INFO flwr 2023-08-20 21:43:29,636 | common.py:35 | Avg. local train loss : 3.367195441760123, train acc : 0.9427541666666668
INFO flwr 2023-08-20 21:43:31,975 | server.py:116 | fit progress: (30, 1.9420854064941406, {'server_test_acc': 0.4294}, 4810.46622521081)
INFO flwr 2023-08-20 21:43:31,975 | server.py:163 | evaluate_round 30: no clients selected, cancel
INFO flwr 2023-08-20 21:43:31,975 | server.py:144 | FL finished in 4810.466602250934
INFO flwr 2023-08-20 21:43:31,975 | app.py:202 | app_fit: losses_distributed []
INFO flwr 2023-08-20 21:43:31,976 | app.py:203 | app_fit: metrics_distributed {}
INFO flwr 2023-08-20 21:43:31,976 | app.py:204 | app_fit: losses_centralized [(0, 2.319245477294922), (1, 1.8470257751464845), (2, 1.9389485961914064), (3, 1.9311609741210938), (4, 1.840626824951172), (5, 1.8468190490722656), (6, 1.8698207641601563), (7, 1.8579538818359376), (8, 2.062634814453125), (9, 1.9749723266601562), (10, 2.092121844482422), (11, 1.9823674743652344), (12, 2.02039697265625), (13, 1.9885091674804687), (14, 2.0754723388671876), (15, 2.0053197814941406), (16, 2.127838684082031), (17, 2.0506010192871096), (18, 2.0244085144042967), (19, 1.932571795654297), (20, 1.9940671936035157), (21, 1.9901078735351563), (22, 2.0349177856445313), (23, 1.962197003173828), (24, 2.0129786865234376), (25, 1.927397119140625), (26, 1.9974144897460937), (27, 1.89811064453125), (28, 1.9364952270507811), (29, 1.915568603515625), (30, 1.9420854064941406)]
INFO flwr 2023-08-20 21:43:31,976 | app.py:205 | app_fit: metrics_centralized {'server_test_acc': [(0, 0.0811), (1, 0.3574), (2, 0.3367), (3, 0.341), (4, 0.3742), (5, 0.3816), (6, 0.3942), (7, 0.3833), (8, 0.3579), (9, 0.3755), (10, 0.3782), (11, 0.4087), (12, 0.4476), (13, 0.3755), (14, 0.4645), (15, 0.4913), (16, 0.4427), (17, 0.4456), (18, 0.4826), (19, 0.5038), (20, 0.4388), (21, 0.478), (22, 0.4201), (23, 0.431), (24, 0.4961), (25, 0.4835), (26, 0.3977), (27, 0.4325), (28, 0.4609), (29, 0.4968), (30, 0.4294)]}
double free or corruption (fasttop)
srun: error: gcn60: task 0: Aborted
srun: Terminating StepId=3429394.1
-----EXPERIMENT ENDS-----
-----CLEANING UP DISK------
-----END-----

JOB STATISTICS
==============
Job ID: 3429394
Cluster: snellius
User/Group: sunnys/sunnys
State: COMPLETED (exit code 0)
Nodes: 1
Cores per node: 18
CPU Utilized: 02:45:54
CPU Efficiency: 11.12% of 1-00:51:54 core-walltime
Job Wall-clock time: 01:22:53
Memory Utilized: 51.69 GB
Memory Efficiency: 43.07% of 120.00 GB
