-----BEGIN-----
-----SETTINGS-----
STRATEGY:feddf
MODEL_NAME:resnet8
NUM_CLIENTS:20
NUM_ROUNDS:30
FRACTION_FIT:0.4
FRACTION_EVALUATE:0.0
DATASET_NAME:cifar10
PARTITION_ALPHA:10.0
PARTITION_VAL_RATIO:0.1
BATCH_SIZE:512
LOCAL_EPOCHS:20
LOCAL_LR:0.05
DISTILL_BATCH_SIZE:512
SERVER_LR:0.005
SERVER_STEPS:250
SERVER_EARLY_STEPS:1000
USE_EARLY_STOPPING:False
USE_ADAPTIVE_LR:False
SEED:1227
CUDA_DETERMINISTIC:False
USE_CROPS:True
IMG_NAME:ameyoko.jpg
DISTILL_DATASET:cifar100
DISTILL_ALPHA:1.0
NUM_DISTILL_IMAGES:10000
DISTILL_TRANSFORMS:v0
WARM_START:True
WARM_START_ROUNDS:1
WARM_START_INTERVAL:1
KMEANS_N_CLUSTER:50
KMEANS_HEURISTICS:easy
KMEANS_MIXED_FACTOR:50-50
KMEANS_BALANCING:0.5
CONFIDENCE_THRESHOLD:0.1
CONFIDENCE_ADAPTIVE:True
CONFIDENCE_MAX_THRESH:0.5
CLIPPING_FACTOR:2.5
FEDPROX_FACTOR:0.0
FEDPROX_ADAPTIVE:True
USE_CLIPPING:True
USE_ENTROPY:False
USE_KMEANS:True
USE_FEDPROX:False
-----SETTINGS END-----
-----EXPERIMENT BEGINS-----
---------
Generating crops for FedDF
Namespace(img_size=32, batch_size=32, num_imgs=100000, threads=18, vflip=False, deg=30, shear=30, cropfirst=True, initcrop=0.5, scale=[500, 1], randinterp=False, debug=False, imgpath='./static/single_images/ameyoko.jpg', targetpath='/scratch-local/sunnys.3203520/1690967881_408506091', seed=1227, img_per_thread=5555)
will save 100000 patches in /scratch-local/sunnys.3203520/1690967881_408506091/single_img_crops/crops
100000 took 1.32min with 18 threads
---------
Simulating feddf training
INFO simulate 2023-08-02 11:19:32,283 | simulate.py:50 | Python script started : simulate.py
DEBUG simulate 2023-08-02 11:19:32,283 | simulate.py:55 | Reading args from argument parser
Downloading https://www.cs.toronto.edu/~kriz/cifar-10-python.tar.gz to /scratch-local/sunnys.3203520/1690967881_408506091/cifar-10-python.tar.gz
Extracting /scratch-local/sunnys.3203520/1690967881_408506091/cifar-10-python.tar.gz to /scratch-local/sunnys.3203520/1690967881_408506091
Generating unified cifar10 dataset
Class histogram for 0-th partition (alpha=10.0, 10 classes): [364 338 239 145 185 263 222 248 152 344]
INFO flwr 2023-08-02 11:24:18,373 | app.py:145 | Starting Flower simulation, config: ServerConfig(num_rounds=30, round_timeout=None)
2023-08-02 11:24:21,218	INFO worker.py:1529 -- Started a local Ray instance. View the dashboard at [1m[32m127.0.0.1:8266 [39m[22m
INFO flwr 2023-08-02 11:24:22,250 | app.py:179 | Flower VCE: Ray initialized with resources: {'GPU': 1.0, 'accelerator_type:A100': 1.0, 'node:145.136.62.64': 1.0, 'memory': 103079215104.0, 'object_store_memory': 61847529062.0, 'CPU': 18.0}
INFO flwr 2023-08-02 11:24:22,251 | server.py:86 | Initializing global parameters
INFO flwr 2023-08-02 11:24:22,251 | server.py:266 | Using initial parameters provided by strategy
INFO flwr 2023-08-02 11:24:22,251 | server.py:88 | Evaluating initial parameters
INFO flwr 2023-08-02 11:24:28,413 | server.py:91 | initial parameters (loss, other metrics): 2.4661781799316405, {'server_test_acc': 0.0915}
INFO flwr 2023-08-02 11:24:28,413 | server.py:101 | FL starting
DEBUG flwr 2023-08-02 11:24:37,146 | server.py:215 | fit_round 1: strategy sampled 8 clients (out of 20)
DEBUG flwr 2023-08-02 11:25:28,490 | server.py:229 | fit_round 1 received 8 results and 0 failures
[2m[36m(launch_and_fit pid=462665)[0m malloc_consolidate(): invalid chunk size
INFO flwr 2023-08-02 11:25:28,702 | fed_df.py:351 | Warm start at round 1
[2m[36m(launch_and_fit pid=462666)[0m malloc_consolidate(): invalid chunk size
[2m[36m(launch_and_fit pid=462736)[0m malloc(): unsorted double linked list corrupted
INFO flwr 2023-08-02 11:25:28,815 | fed_df.py:439 | Performing server side distillation training...
[2m[36m(launch_and_fit pid=462666)[0m Fitting Client 11
[2m[36m(launch_and_fit pid=462667)[0m Fitting Client 7
[2m[36m(launch_and_fit pid=462738)[0m Fitting Client 16
[2m[36m(launch_and_fit pid=462737)[0m Fitting Client 3
[2m[36m(launch_and_fit pid=462736)[0m Fitting Client 14
[2m[36m(launch_and_fit pid=462668)[0m Fitting Client 9
[2m[36m(launch_and_fit pid=462665)[0m Fitting Client 0
[2m[36m(launch_and_fit pid=462739)[0m Fitting Client 12
[2m[36m(launch_and_fit pid=462737)[0m malloc_consolidate(): invalid chunk size
[2m[36m(launch_and_fit pid=462667)[0m malloc_consolidate(): invalid chunk size
[2m[36m(launch_and_fit pid=462668)[0m malloc_consolidate(): invalid chunk size
[2m[36m(launch_and_fit pid=462739)[0m double free or corruption (fasttop)
[2m[36m(launch_and_fit pid=462738)[0m double free or corruption (fasttop)
E0802 11:25:30.735022216  450376 chttp2_transport.cc:1079]             ipv4:145.136.62.64:60431: Received a GOAWAY with error code ENHANCE_YOUR_CALM and debug data equal to "too_many_pings". Current keepalive time (before throttling): 60000ms
INFO flwr 2023-08-02 11:26:01,509 | fed_df.py:516 | Distillation training stopped at step number : 250
INFO flwr 2023-08-02 11:26:01,509 | fed_df.py:523 | Average fusion training loss : 0.5149187034368515, val accuracy : 0.30691999999999997, best val accuracy : 0.3292
Average local training loss : 9.43113582804799
Average local training accuracy : 0.32659166666666667
INFO flwr 2023-08-02 11:26:02,724 | server.py:116 | fit progress: (1, 2.315326599121094, {'server_test_acc': 0.3352}, 94.31091951299459)
INFO flwr 2023-08-02 11:26:02,724 | server.py:163 | evaluate_round 1: no clients selected, cancel
DEBUG flwr 2023-08-02 11:26:12,013 | server.py:215 | fit_round 2: strategy sampled 8 clients (out of 20)
[2m[36m(launch_and_fit pid=607088)[0m malloc_consolidate(): invalid chunk size
DEBUG flwr 2023-08-02 11:26:59,814 | server.py:229 | fit_round 2 received 8 results and 0 failures
INFO flwr 2023-08-02 11:27:00,025 | fed_df.py:351 | Warm start at round 2
INFO flwr 2023-08-02 11:27:00,151 | fed_df.py:439 | Performing server side distillation training...
[2m[36m(launch_and_fit pid=607088)[0m Fitting Client 1
[2m[36m(launch_and_fit pid=607330)[0m Fitting Client 14
[2m[36m(launch_and_fit pid=607226)[0m Fitting Client 19
[2m[36m(launch_and_fit pid=607349)[0m Fitting Client 6
[2m[36m(launch_and_fit pid=607350)[0m Fitting Client 13
[2m[36m(launch_and_fit pid=607351)[0m Fitting Client 10
[2m[36m(launch_and_fit pid=607352)[0m Fitting Client 17
[2m[36m(launch_and_fit pid=607353)[0m Fitting Client 8
[2m[36m(launch_and_fit pid=607350)[0m malloc_consolidate(): invalid chunk size
[2m[36m(launch_and_fit pid=607226)[0m malloc_consolidate(): invalid chunk size
[2m[36m(launch_and_fit pid=607349)[0m malloc_consolidate(): invalid chunk size
[2m[36m(launch_and_fit pid=607330)[0m malloc_consolidate(): invalid chunk size
[2m[36m(launch_and_fit pid=607353)[0m malloc_consolidate(): invalid chunk size
[2m[36m(launch_and_fit pid=607351)[0m malloc_consolidate(): invalid chunk size
[2m[36m(launch_and_fit pid=607352)[0m double free or corruption (fasttop)
INFO flwr 2023-08-02 11:27:40,554 | fed_df.py:516 | Distillation training stopped at step number : 250
INFO flwr 2023-08-02 11:27:40,554 | fed_df.py:523 | Average fusion training loss : 0.3276175173521042, val accuracy : 0.4202399999999999, best val accuracy : 0.4296
Average local training loss : 8.228197839856147
Average local training accuracy : 0.436175
INFO flwr 2023-08-02 11:27:41,797 | server.py:116 | fit progress: (2, 2.3932614318847656, {'server_test_acc': 0.4328}, 193.38327501690947)
INFO flwr 2023-08-02 11:27:41,797 | server.py:163 | evaluate_round 2: no clients selected, cancel
DEBUG flwr 2023-08-02 11:27:51,359 | server.py:215 | fit_round 3: strategy sampled 8 clients (out of 20)
[2m[36m(launch_and_fit pid=753710)[0m malloc_consolidate(): invalid chunk size
DEBUG flwr 2023-08-02 11:28:39,425 | server.py:229 | fit_round 3 received 8 results and 0 failures
INFO flwr 2023-08-02 11:28:39,638 | fed_df.py:351 | Warm start at round 3
INFO flwr 2023-08-02 11:28:39,748 | fed_df.py:439 | Performing server side distillation training...
[2m[36m(launch_and_fit pid=753710)[0m Fitting Client 18
[2m[36m(launch_and_fit pid=753780)[0m Fitting Client 17
[2m[36m(launch_and_fit pid=753850)[0m Fitting Client 19
[2m[36m(launch_and_fit pid=753918)[0m Fitting Client 11
[2m[36m(launch_and_fit pid=753919)[0m Fitting Client 14
[2m[36m(launch_and_fit pid=753989)[0m Fitting Client 10
[2m[36m(launch_and_fit pid=753988)[0m Fitting Client 12
[2m[36m(launch_and_fit pid=753987)[0m Fitting Client 4
[2m[36m(launch_and_fit pid=753919)[0m malloc_consolidate(): invalid chunk size
[2m[36m(launch_and_fit pid=753987)[0m malloc_consolidate(): invalid chunk size
[2m[36m(launch_and_fit pid=753780)[0m malloc_consolidate(): invalid chunk size
[2m[36m(launch_and_fit pid=753850)[0m double free or corruption (fasttop)
[2m[36m(launch_and_fit pid=753918)[0m corrupted size vs. prev_size in fastbins
[2m[36m(launch_and_fit pid=753989)[0m malloc_consolidate(): invalid chunk size
[2m[36m(launch_and_fit pid=753988)[0m malloc_consolidate(): invalid chunk size
E0802 11:28:47.441677094  843068 chttp2_transport.cc:1079]             ipv4:145.136.62.64:60431: Received a GOAWAY with error code ENHANCE_YOUR_CALM and debug data equal to "too_many_pings". Current keepalive time (before throttling): 120000ms
INFO flwr 2023-08-02 11:29:16,181 | fed_df.py:516 | Distillation training stopped at step number : 250
INFO flwr 2023-08-02 11:29:16,182 | fed_df.py:523 | Average fusion training loss : 0.19661204189062118, val accuracy : 0.51768, best val accuracy : 0.523
Average local training loss : 6.992006196826697
Average local training accuracy : 0.5704805555555557
INFO flwr 2023-08-02 11:29:17,458 | server.py:116 | fit progress: (3, 1.73942451171875, {'server_test_acc': 0.5231}, 289.04468752793036)
INFO flwr 2023-08-02 11:29:17,458 | server.py:163 | evaluate_round 3: no clients selected, cancel
DEBUG flwr 2023-08-02 11:29:27,251 | server.py:215 | fit_round 4: strategy sampled 8 clients (out of 20)
[2m[36m(launch_and_fit pid=898728)[0m malloc_consolidate(): invalid chunk size
DEBUG flwr 2023-08-02 11:30:14,697 | server.py:229 | fit_round 4 received 8 results and 0 failures
[2m[36m(launch_and_fit pid=898867)[0m malloc_consolidate(): invalid chunk size
INFO flwr 2023-08-02 11:30:14,910 | fed_df.py:351 | Warm start at round 4
INFO flwr 2023-08-02 11:30:15,020 | fed_df.py:439 | Performing server side distillation training...
[2m[36m(launch_and_fit pid=898728)[0m Fitting Client 18
[2m[36m(launch_and_fit pid=898867)[0m Fitting Client 0
[2m[36m(launch_and_fit pid=898869)[0m Fitting Client 2
[2m[36m(launch_and_fit pid=898866)[0m Fitting Client 13
[2m[36m(launch_and_fit pid=899005)[0m Fitting Client 11
[2m[36m(launch_and_fit pid=898868)[0m Fitting Client 1
[2m[36m(launch_and_fit pid=899004)[0m Fitting Client 9
[2m[36m(launch_and_fit pid=899006)[0m Fitting Client 10
[2m[36m(launch_and_fit pid=899006)[0m malloc_consolidate(): invalid chunk size
[2m[36m(launch_and_fit pid=898868)[0m malloc_consolidate(): invalid chunk size
[2m[36m(launch_and_fit pid=898869)[0m double free or corruption (fasttop)
[2m[36m(launch_and_fit pid=898866)[0m malloc_consolidate(): invalid chunk size
[2m[36m(launch_and_fit pid=899004)[0m malloc_consolidate(): invalid chunk size
E0802 11:30:16.466444186  845569 chttp2_transport.cc:1079]             ipv4:145.136.62.64:60431: Received a GOAWAY with error code ENHANCE_YOUR_CALM and debug data equal to "too_many_pings". Current keepalive time (before throttling): 240000ms
[2m[36m(launch_and_fit pid=899005)[0m double free or corruption (fasttop)
INFO flwr 2023-08-02 11:30:50,629 | fed_df.py:516 | Distillation training stopped at step number : 250
INFO flwr 2023-08-02 11:30:50,629 | fed_df.py:523 | Average fusion training loss : 0.10741551932692528, val accuracy : 0.58944, best val accuracy : 0.5972
Average local training loss : 6.2915005031973115
Average local training accuracy : 0.6456611111111111
INFO flwr 2023-08-02 11:30:51,887 | server.py:116 | fit progress: (4, 1.4151286682128905, {'server_test_acc': 0.6016}, 383.4739185019862)
INFO flwr 2023-08-02 11:30:51,887 | server.py:163 | evaluate_round 4: no clients selected, cancel
DEBUG flwr 2023-08-02 11:31:01,440 | server.py:215 | fit_round 5: strategy sampled 8 clients (out of 20)
DEBUG flwr 2023-08-02 11:31:49,447 | server.py:229 | fit_round 5 received 8 results and 0 failures
INFO flwr 2023-08-02 11:31:49,663 | fed_df.py:351 | Warm start at round 5
INFO flwr 2023-08-02 11:31:49,773 | fed_df.py:439 | Performing server side distillation training...
[2m[36m(launch_and_fit pid=1043287)[0m Fitting Client 14
[2m[36m(launch_and_fit pid=1043373)[0m Fitting Client 2
[2m[36m(launch_and_fit pid=1043289)[0m Fitting Client 7
[2m[36m(launch_and_fit pid=1043417)[0m Fitting Client 19
[2m[36m(launch_and_fit pid=1043416)[0m Fitting Client 8
[2m[36m(launch_and_fit pid=1043415)[0m Fitting Client 4
[2m[36m(launch_and_fit pid=1043419)[0m Fitting Client 11
[2m[36m(launch_and_fit pid=1043418)[0m Fitting Client 9
[2m[36m(launch_and_fit pid=1043289)[0m malloc_consolidate(): invalid chunk size
[2m[36m(launch_and_fit pid=1043287)[0m double free or corruption (fasttop)
[2m[36m(launch_and_fit pid=1043373)[0m double free or corruption (fasttop)
[2m[36m(launch_and_fit pid=1043419)[0m malloc_consolidate(): invalid chunk size
[2m[36m(launch_and_fit pid=1043418)[0m malloc_consolidate(): invalid chunk size
[2m[36m(launch_and_fit pid=1043416)[0m malloc_consolidate(): invalid chunk size
[2m[36m(launch_and_fit pid=1043417)[0m malloc_consolidate(): invalid chunk size
[2m[36m(launch_and_fit pid=1043415)[0m double free or corruption (fasttop)
E0802 11:31:53.499946761 1125389 chttp2_transport.cc:1079]             ipv4:145.136.62.64:60431: Received a GOAWAY with error code ENHANCE_YOUR_CALM and debug data equal to "too_many_pings". Current keepalive time (before throttling): 480000ms
INFO flwr 2023-08-02 11:32:26,534 | fed_df.py:516 | Distillation training stopped at step number : 250
INFO flwr 2023-08-02 11:32:26,535 | fed_df.py:523 | Average fusion training loss : 0.08095382733643056, val accuracy : 0.61272, best val accuracy : 0.6228
Average local training loss : 5.488441209495067
Average local training accuracy : 0.7267416666666666
INFO flwr 2023-08-02 11:32:27,795 | server.py:116 | fit progress: (5, 1.3546275177001954, {'server_test_acc': 0.624}, 479.38147316500545)
INFO flwr 2023-08-02 11:32:27,795 | server.py:163 | evaluate_round 5: no clients selected, cancel
DEBUG flwr 2023-08-02 11:32:37,279 | server.py:215 | fit_round 6: strategy sampled 8 clients (out of 20)
DEBUG flwr 2023-08-02 11:33:26,506 | server.py:229 | fit_round 6 received 8 results and 0 failures
[2m[36m(launch_and_fit pid=1188322)[0m malloc_consolidate(): invalid chunk size
INFO flwr 2023-08-02 11:33:26,720 | fed_df.py:351 | Warm start at round 6
INFO flwr 2023-08-02 11:33:26,905 | fed_df.py:439 | Performing server side distillation training...
[2m[36m(launch_and_fit pid=1188325)[0m Fitting Client 15
[2m[36m(launch_and_fit pid=1188322)[0m Fitting Client 4
[2m[36m(launch_and_fit pid=1188321)[0m Fitting Client 11
[2m[36m(launch_and_fit pid=1188396)[0m Fitting Client 16
[2m[36m(launch_and_fit pid=1188397)[0m Fitting Client 17
[2m[36m(launch_and_fit pid=1188468)[0m Fitting Client 14
[2m[36m(launch_and_fit pid=1188470)[0m Fitting Client 7
[2m[36m(launch_and_fit pid=1188469)[0m Fitting Client 8
[2m[36m(launch_and_fit pid=1188396)[0m double free or corruption (fasttop)
[2m[36m(launch_and_fit pid=1188321)[0m malloc_consolidate(): invalid chunk size
[2m[36m(launch_and_fit pid=1188470)[0m malloc_consolidate(): invalid chunk size
[2m[36m(launch_and_fit pid=1188397)[0m malloc_consolidate(): invalid chunk size
[2m[36m(launch_and_fit pid=1188468)[0m malloc_consolidate(): invalid chunk size
[2m[36m(launch_and_fit pid=1188325)[0m malloc_consolidate(): invalid chunk size
E0802 11:33:28.454490837 1271287 chttp2_transport.cc:1079]             ipv4:145.136.62.64:60431: Received a GOAWAY with error code ENHANCE_YOUR_CALM and debug data equal to "too_many_pings". Current keepalive time (before throttling): 960000ms
[2m[36m(launch_and_fit pid=1188469)[0m malloc_consolidate(): invalid chunk size
INFO flwr 2023-08-02 11:34:02,039 | fed_df.py:516 | Distillation training stopped at step number : 250
INFO flwr 2023-08-02 11:34:02,040 | fed_df.py:523 | Average fusion training loss : 0.06494745099544526, val accuracy : 0.66584, best val accuracy : 0.6736
Average local training loss : 5.304026530310512
Average local training accuracy : 0.7483416666666667
INFO flwr 2023-08-02 11:34:03,295 | server.py:116 | fit progress: (6, 1.3399641174316406, {'server_test_acc': 0.671}, 574.881381127052)
INFO flwr 2023-08-02 11:34:03,295 | server.py:163 | evaluate_round 6: no clients selected, cancel
DEBUG flwr 2023-08-02 11:34:12,866 | server.py:215 | fit_round 7: strategy sampled 8 clients (out of 20)
[2m[36m(launch_and_fit pid=1332254)[0m malloc_consolidate(): invalid chunk size
DEBUG flwr 2023-08-02 11:35:01,975 | server.py:229 | fit_round 7 received 8 results and 0 failures
INFO flwr 2023-08-02 11:35:02,188 | fed_df.py:351 | Warm start at round 7
INFO flwr 2023-08-02 11:35:02,297 | fed_df.py:439 | Performing server side distillation training...
[2m[36m(launch_and_fit pid=1332248)[0m Fitting Client 8
[2m[36m(launch_and_fit pid=1332250)[0m Fitting Client 18
[2m[36m(launch_and_fit pid=1332254)[0m Fitting Client 1
[2m[36m(launch_and_fit pid=1332255)[0m Fitting Client 9
[2m[36m(launch_and_fit pid=1332258)[0m Fitting Client 14
[2m[36m(launch_and_fit pid=1332259)[0m Fitting Client 11
[2m[36m(launch_and_fit pid=1332256)[0m Fitting Client 3
[2m[36m(launch_and_fit pid=1332257)[0m Fitting Client 2
[2m[36m(launch_and_fit pid=1332250)[0m double free or corruption (fasttop)
[2m[36m(launch_and_fit pid=1332259)[0m malloc_consolidate(): invalid chunk size
[2m[36m(launch_and_fit pid=1332255)[0m double free or corruption (fasttop)
E0802 11:35:03.274881130 1272252 chttp2_transport.cc:1079]             ipv4:145.136.62.64:60431: Received a GOAWAY with error code ENHANCE_YOUR_CALM and debug data equal to "too_many_pings". Current keepalive time (before throttling): 1920000ms
[2m[36m(launch_and_fit pid=1332248)[0m corrupted size vs. prev_size in fastbins
[2m[36m(launch_and_fit pid=1332256)[0m malloc_consolidate(): invalid chunk size
[2m[36m(launch_and_fit pid=1332257)[0m double free or corruption (fasttop)
[2m[36m(launch_and_fit pid=1332258)[0m malloc_consolidate(): invalid chunk size
INFO flwr 2023-08-02 11:35:36,964 | fed_df.py:516 | Distillation training stopped at step number : 250
INFO flwr 2023-08-02 11:35:36,964 | fed_df.py:523 | Average fusion training loss : 0.05780013929307461, val accuracy : 0.67408, best val accuracy : 0.683
Average local training loss : 4.991281712055207
Average local training accuracy : 0.7793638888888889
INFO flwr 2023-08-02 11:35:38,184 | server.py:116 | fit progress: (7, 1.386299575805664, {'server_test_acc': 0.6805}, 669.7703415169381)
INFO flwr 2023-08-02 11:35:38,184 | server.py:163 | evaluate_round 7: no clients selected, cancel
DEBUG flwr 2023-08-02 11:35:47,778 | server.py:215 | fit_round 8: strategy sampled 8 clients (out of 20)
DEBUG flwr 2023-08-02 11:36:36,898 | server.py:229 | fit_round 8 received 8 results and 0 failures
INFO flwr 2023-08-02 11:36:37,111 | fed_df.py:351 | Warm start at round 8
INFO flwr 2023-08-02 11:36:37,222 | fed_df.py:439 | Performing server side distillation training...
[2m[36m(launch_and_fit pid=1491342)[0m Fitting Client 1
[2m[36m(launch_and_fit pid=1491388)[0m Fitting Client 2
[2m[36m(launch_and_fit pid=1491433)[0m Fitting Client 4
[2m[36m(launch_and_fit pid=1491437)[0m Fitting Client 13
[2m[36m(launch_and_fit pid=1491389)[0m Fitting Client 11
[2m[36m(launch_and_fit pid=1491526)[0m Fitting Client 19
[2m[36m(launch_and_fit pid=1491525)[0m Fitting Client 17
[2m[36m(launch_and_fit pid=1491481)[0m Fitting Client 0
[2m[36m(launch_and_fit pid=1491388)[0m malloc_consolidate(): invalid chunk size
[2m[36m(launch_and_fit pid=1491389)[0m corrupted size vs. prev_size in fastbins
[2m[36m(launch_and_fit pid=1491525)[0m malloc_consolidate(): invalid chunk size
[2m[36m(launch_and_fit pid=1491437)[0m malloc_consolidate(): invalid chunk size
[2m[36m(launch_and_fit pid=1491433)[0m double free or corruption (fasttop)
[2m[36m(launch_and_fit pid=1491342)[0m malloc_consolidate(): invalid chunk size
[2m[36m(launch_and_fit pid=1491481)[0m double free or corruption (fasttop)
[2m[36m(launch_and_fit pid=1491526)[0m corrupted size vs. prev_size in fastbins
INFO flwr 2023-08-02 11:37:11,548 | fed_df.py:516 | Distillation training stopped at step number : 250
INFO flwr 2023-08-02 11:37:11,548 | fed_df.py:523 | Average fusion training loss : 0.04045944014936686, val accuracy : 0.67176, best val accuracy : 0.6774
Average local training loss : 4.676179413869978
Average local training accuracy : 0.8126222222222221
INFO flwr 2023-08-02 11:37:12,788 | server.py:116 | fit progress: (8, 1.4416450622558594, {'server_test_acc': 0.6859}, 764.375017787097)
INFO flwr 2023-08-02 11:37:12,789 | server.py:163 | evaluate_round 8: no clients selected, cancel
DEBUG flwr 2023-08-02 11:37:22,258 | server.py:215 | fit_round 9: strategy sampled 8 clients (out of 20)
[2m[36m(launch_and_fit pid=1647618)[0m malloc_consolidate(): invalid chunk size
DEBUG flwr 2023-08-02 11:38:10,689 | server.py:229 | fit_round 9 received 8 results and 0 failures
[2m[36m(launch_and_fit pid=1647687)[0m malloc_consolidate(): invalid chunk size
INFO flwr 2023-08-02 11:38:10,904 | fed_df.py:351 | Warm start at round 9
INFO flwr 2023-08-02 11:38:11,019 | fed_df.py:439 | Performing server side distillation training...
[2m[36m(launch_and_fit pid=1647618)[0m Fitting Client 16
[2m[36m(launch_and_fit pid=1647687)[0m Fitting Client 3
[2m[36m(launch_and_fit pid=1647769)[0m Fitting Client 2
[2m[36m(launch_and_fit pid=1647767)[0m Fitting Client 13
[2m[36m(launch_and_fit pid=1647791)[0m Fitting Client 9
[2m[36m(launch_and_fit pid=1647792)[0m Fitting Client 1
[2m[36m(launch_and_fit pid=1647768)[0m Fitting Client 15
[2m[36m(launch_and_fit pid=1647793)[0m Fitting Client 11
[2m[36m(launch_and_fit pid=1647791)[0m malloc_consolidate(): invalid chunk size
[2m[36m(launch_and_fit pid=1647793)[0m malloc_consolidate(): invalid chunk size
[2m[36m(launch_and_fit pid=1647792)[0m double free or corruption (!prev)
[2m[36m(launch_and_fit pid=1647769)[0m malloc_consolidate(): invalid chunk size
[2m[36m(launch_and_fit pid=1647767)[0m malloc_consolidate(): invalid chunk size
[2m[36m(launch_and_fit pid=1647768)[0m malloc_consolidate(): invalid chunk size
E0802 11:38:12.614781159 1415394 chttp2_transport.cc:1079]             ipv4:145.136.62.64:60431: Received a GOAWAY with error code ENHANCE_YOUR_CALM and debug data equal to "too_many_pings". Current keepalive time (before throttling): 3840000ms
INFO flwr 2023-08-02 11:38:46,298 | fed_df.py:516 | Distillation training stopped at step number : 250
INFO flwr 2023-08-02 11:38:46,298 | fed_df.py:523 | Average fusion training loss : 0.03761800202727318, val accuracy : 0.6833199999999999, best val accuracy : 0.6918
Average local training loss : 4.632307381182909
Average local training accuracy : 0.8203750000000001
INFO flwr 2023-08-02 11:38:47,552 | server.py:116 | fit progress: (9, 1.3798794219970703, {'server_test_acc': 0.6981}, 859.1384862640407)
INFO flwr 2023-08-02 11:38:47,552 | server.py:163 | evaluate_round 9: no clients selected, cancel
DEBUG flwr 2023-08-02 11:38:57,203 | server.py:215 | fit_round 10: strategy sampled 8 clients (out of 20)
[2m[36m(launch_and_fit pid=1790638)[0m double free or corruption (fasttop)
[2m[36m(launch_and_fit pid=1790777)[0m malloc_consolidate(): invalid chunk size
DEBUG flwr 2023-08-02 11:39:45,417 | server.py:229 | fit_round 10 received 8 results and 0 failures
INFO flwr 2023-08-02 11:39:45,631 | fed_df.py:351 | Warm start at round 10
INFO flwr 2023-08-02 11:39:45,743 | fed_df.py:439 | Performing server side distillation training...
[2m[36m(launch_and_fit pid=1790638)[0m Fitting Client 1
[2m[36m(launch_and_fit pid=1790636)[0m Fitting Client 9
[2m[36m(launch_and_fit pid=1790707)[0m Fitting Client 15
[2m[36m(launch_and_fit pid=1790813)[0m Fitting Client 0
[2m[36m(launch_and_fit pid=1790800)[0m Fitting Client 14
[2m[36m(launch_and_fit pid=1790777)[0m Fitting Client 17
[2m[36m(launch_and_fit pid=1790776)[0m Fitting Client 13
[2m[36m(launch_and_fit pid=1790775)[0m Fitting Client 6
[2m[36m(launch_and_fit pid=1790707)[0m malloc_consolidate(): invalid chunk size
[2m[36m(launch_and_fit pid=1790800)[0m double free or corruption (fasttop)
[2m[36m(launch_and_fit pid=1790776)[0m malloc_consolidate(): invalid chunk size
E0802 11:39:46.532917954 1869750 chttp2_transport.cc:1079]             ipv4:145.136.62.64:60431: Received a GOAWAY with error code ENHANCE_YOUR_CALM and debug data equal to "too_many_pings". Current keepalive time (before throttling): 7680000ms
[2m[36m(launch_and_fit pid=1790636)[0m malloc_consolidate(): invalid chunk size
[2m[36m(launch_and_fit pid=1790775)[0m double free or corruption (fasttop)
[2m[36m(launch_and_fit pid=1790813)[0m double free or corruption (fasttop)
INFO flwr 2023-08-02 11:40:21,035 | fed_df.py:516 | Distillation training stopped at step number : 250
INFO flwr 2023-08-02 11:40:21,035 | fed_df.py:523 | Average fusion training loss : 0.039321046896278855, val accuracy : 0.6992, best val accuracy : 0.7034
Average local training loss : 4.516520333290099
Average local training accuracy : 0.8332444444444445
INFO flwr 2023-08-02 11:40:22,288 | server.py:116 | fit progress: (10, 1.4257792846679687, {'server_test_acc': 0.709}, 953.8747742560226)
INFO flwr 2023-08-02 11:40:22,288 | server.py:163 | evaluate_round 10: no clients selected, cancel
DEBUG flwr 2023-08-02 11:40:31,911 | server.py:215 | fit_round 11: strategy sampled 8 clients (out of 20)
DEBUG flwr 2023-08-02 11:41:20,307 | server.py:229 | fit_round 11 received 8 results and 0 failures
INFO flwr 2023-08-02 11:41:20,520 | fed_df.py:351 | Warm start at round 11
[2m[36m(launch_and_fit pid=1933782)[0m malloc_consolidate(): invalid chunk size
INFO flwr 2023-08-02 11:41:20,635 | fed_df.py:439 | Performing server side distillation training...
[2m[36m(launch_and_fit pid=1933714)[0m Fitting Client 4
[2m[36m(launch_and_fit pid=1933712)[0m Fitting Client 10
[2m[36m(launch_and_fit pid=1933782)[0m Fitting Client 18
[2m[36m(launch_and_fit pid=1933713)[0m Fitting Client 7
[2m[36m(launch_and_fit pid=1933783)[0m Fitting Client 19
[2m[36m(launch_and_fit pid=1933784)[0m Fitting Client 11
[2m[36m(launch_and_fit pid=1933785)[0m Fitting Client 6
[2m[36m(launch_and_fit pid=1933786)[0m Fitting Client 14
[2m[36m(launch_and_fit pid=1933714)[0m malloc_consolidate(): invalid chunk size
[2m[36m(launch_and_fit pid=1933785)[0m corrupted size vs. prev_size in fastbins
[2m[36m(launch_and_fit pid=1933783)[0m malloc_consolidate(): invalid chunk size
[2m[36m(launch_and_fit pid=1933712)[0m malloc_consolidate(): invalid chunk size
[2m[36m(launch_and_fit pid=1933784)[0m double free or corruption (fasttop)
[2m[36m(launch_and_fit pid=1933786)[0m malloc_consolidate(): invalid chunk size
[2m[36m(launch_and_fit pid=1933713)[0m malloc_consolidate(): invalid chunk size
E0802 11:41:22.574800988 1870314 chttp2_transport.cc:1079]             ipv4:145.136.62.64:60431: Received a GOAWAY with error code ENHANCE_YOUR_CALM and debug data equal to "too_many_pings". Current keepalive time (before throttling): 15360000ms
INFO flwr 2023-08-02 11:41:56,604 | fed_df.py:516 | Distillation training stopped at step number : 250
INFO flwr 2023-08-02 11:41:56,604 | fed_df.py:523 | Average fusion training loss : 0.0449491235986352, val accuracy : 0.7083600000000001, best val accuracy : 0.7126
Average local training loss : 4.309383152052761
Average local training accuracy : 0.8502194444444444
INFO flwr 2023-08-02 11:41:57,962 | server.py:116 | fit progress: (11, 1.2885229461669923, {'server_test_acc': 0.7086}, 1049.5488181360997)
INFO flwr 2023-08-02 11:41:57,962 | server.py:163 | evaluate_round 11: no clients selected, cancel
DEBUG flwr 2023-08-02 11:42:07,459 | server.py:215 | fit_round 12: strategy sampled 8 clients (out of 20)
[2m[36m(launch_and_fit pid=2077757)[0m malloc_consolidate(): invalid chunk size
DEBUG flwr 2023-08-02 11:42:55,507 | server.py:229 | fit_round 12 received 8 results and 0 failures
INFO flwr 2023-08-02 11:42:55,722 | fed_df.py:351 | Warm start at round 12
INFO flwr 2023-08-02 11:42:55,834 | fed_df.py:439 | Performing server side distillation training...
[2m[36m(launch_and_fit pid=2077757)[0m Fitting Client 11
[2m[36m(launch_and_fit pid=2077827)[0m Fitting Client 6
[2m[36m(launch_and_fit pid=2077863)[0m Fitting Client 10
[2m[36m(launch_and_fit pid=2077897)[0m Fitting Client 3
[2m[36m(launch_and_fit pid=2077965)[0m Fitting Client 18
[2m[36m(launch_and_fit pid=2077967)[0m Fitting Client 8
[2m[36m(launch_and_fit pid=2077968)[0m Fitting Client 19
[2m[36m(launch_and_fit pid=2077966)[0m Fitting Client 7
[2m[36m(launch_and_fit pid=2077897)[0m malloc_consolidate(): invalid chunk size
[2m[36m(launch_and_fit pid=2077967)[0m malloc_consolidate(): invalid chunk size
E0802 11:42:56.909976775 2015619 chttp2_transport.cc:1079]             ipv4:145.136.62.64:60431: Received a GOAWAY with error code ENHANCE_YOUR_CALM and debug data equal to "too_many_pings". Current keepalive time (before throttling): 30720000ms
[2m[36m(launch_and_fit pid=2077965)[0m malloc_consolidate(): invalid chunk size
[2m[36m(launch_and_fit pid=2077968)[0m double free or corruption (fasttop)
[2m[36m(launch_and_fit pid=2077827)[0m malloc_consolidate(): invalid chunk size
[2m[36m(launch_and_fit pid=2077966)[0m malloc_consolidate(): invalid chunk size
[2m[36m(launch_and_fit pid=2077863)[0m malloc_consolidate(): invalid chunk size
INFO flwr 2023-08-02 11:43:31,336 | fed_df.py:516 | Distillation training stopped at step number : 250
INFO flwr 2023-08-02 11:43:31,336 | fed_df.py:523 | Average fusion training loss : 0.03815824513882399, val accuracy : 0.71916, best val accuracy : 0.7268
Average local training loss : 4.142515696957708
Average local training accuracy : 0.8673944444444445
INFO flwr 2023-08-02 11:43:32,603 | server.py:116 | fit progress: (12, 1.2710501098632812, {'server_test_acc': 0.7298}, 1144.1896621200722)
INFO flwr 2023-08-02 11:43:32,603 | server.py:163 | evaluate_round 12: no clients selected, cancel
DEBUG flwr 2023-08-02 11:43:42,177 | server.py:215 | fit_round 13: strategy sampled 8 clients (out of 20)
[2m[36m(launch_and_fit pid=2220974)[0m double free or corruption (fasttop)
[2m[36m(launch_and_fit pid=2221182)[0m malloc_consolidate(): invalid chunk size
DEBUG flwr 2023-08-02 11:44:29,723 | server.py:229 | fit_round 13 received 8 results and 0 failures
INFO flwr 2023-08-02 11:44:29,934 | fed_df.py:351 | Warm start at round 13
INFO flwr 2023-08-02 11:44:30,075 | fed_df.py:439 | Performing server side distillation training...
[2m[36m(launch_and_fit pid=2220974)[0m Fitting Client 11
[2m[36m(launch_and_fit pid=2221111)[0m Fitting Client 17
[2m[36m(launch_and_fit pid=2221110)[0m Fitting Client 18
[2m[36m(launch_and_fit pid=2221182)[0m Fitting Client 4
[2m[36m(launch_and_fit pid=2221181)[0m Fitting Client 8
[2m[36m(launch_and_fit pid=2221183)[0m Fitting Client 6
[2m[36m(launch_and_fit pid=2221112)[0m Fitting Client 7
[2m[36m(launch_and_fit pid=2221113)[0m Fitting Client 0
E0802 11:44:30.520034474 2157713 chttp2_transport.cc:1079]             ipv4:145.136.62.64:60431: Received a GOAWAY with error code ENHANCE_YOUR_CALM and debug data equal to "too_many_pings". Current keepalive time (before throttling): 61440000ms
[2m[36m(launch_and_fit pid=2221111)[0m malloc_consolidate(): invalid chunk size
[2m[36m(launch_and_fit pid=2221112)[0m double free or corruption (fasttop)
[2m[36m(launch_and_fit pid=2221183)[0m double free or corruption (fasttop)
[2m[36m(launch_and_fit pid=2221110)[0m double free or corruption (fasttop)
[2m[36m(launch_and_fit pid=2221113)[0m double free or corruption (fasttop)
[2m[36m(launch_and_fit pid=2221181)[0m double free or corruption (fasttop)
INFO flwr 2023-08-02 11:45:05,141 | fed_df.py:516 | Distillation training stopped at step number : 250
INFO flwr 2023-08-02 11:45:05,141 | fed_df.py:523 | Average fusion training loss : 0.040894297324121, val accuracy : 0.72944, best val accuracy : 0.7426
Average local training loss : 4.142765600606799
Average local training accuracy : 0.8694805555555555
INFO flwr 2023-08-02 11:45:06,396 | server.py:116 | fit progress: (13, 1.2684301971435548, {'server_test_acc': 0.7373}, 1237.9822362349369)
INFO flwr 2023-08-02 11:45:06,396 | server.py:163 | evaluate_round 13: no clients selected, cancel
DEBUG flwr 2023-08-02 11:45:16,101 | server.py:215 | fit_round 14: strategy sampled 8 clients (out of 20)
[2m[36m(launch_and_fit pid=2364028)[0m malloc_consolidate(): invalid chunk size
DEBUG flwr 2023-08-02 11:46:04,032 | server.py:229 | fit_round 14 received 8 results and 0 failures
[2m[36m(launch_and_fit pid=2364099)[0m malloc_consolidate(): invalid chunk size
[2m[36m(launch_and_fit pid=2364168)[0m double free or corruption (fasttop)
INFO flwr 2023-08-02 11:46:04,249 | fed_df.py:351 | Warm start at round 14
INFO flwr 2023-08-02 11:46:04,392 | fed_df.py:439 | Performing server side distillation training...
[2m[36m(launch_and_fit pid=2364028)[0m Fitting Client 14
[2m[36m(launch_and_fit pid=2364099)[0m Fitting Client 4
[2m[36m(launch_and_fit pid=2364098)[0m Fitting Client 19
[2m[36m(launch_and_fit pid=2364168)[0m Fitting Client 7
[2m[36m(launch_and_fit pid=2364236)[0m Fitting Client 10
[2m[36m(launch_and_fit pid=2364100)[0m Fitting Client 9
[2m[36m(launch_and_fit pid=2364237)[0m Fitting Client 12
[2m[36m(launch_and_fit pid=2364238)[0m Fitting Client 15
[2m[36m(launch_and_fit pid=2364238)[0m double free or corruption (fasttop)
[2m[36m(launch_and_fit pid=2364237)[0m double free or corruption (fasttop)
[2m[36m(launch_and_fit pid=2364098)[0m malloc_consolidate(): invalid chunk size
[2m[36m(launch_and_fit pid=2364100)[0m double free or corruption (fasttop)
[2m[36m(launch_and_fit pid=2364236)[0m double free or corruption (fasttop)
INFO flwr 2023-08-02 11:46:39,646 | fed_df.py:516 | Distillation training stopped at step number : 250
INFO flwr 2023-08-02 11:46:39,646 | fed_df.py:523 | Average fusion training loss : 0.04270875097811222, val accuracy : 0.73536, best val accuracy : 0.7424
Average local training loss : 4.058163680881261
Average local training accuracy : 0.8748944444444445
INFO flwr 2023-08-02 11:46:40,897 | server.py:116 | fit progress: (14, 1.237534912109375, {'server_test_acc': 0.7393}, 1332.4841684470885)
INFO flwr 2023-08-02 11:46:40,898 | server.py:163 | evaluate_round 14: no clients selected, cancel
DEBUG flwr 2023-08-02 11:46:50,554 | server.py:215 | fit_round 15: strategy sampled 8 clients (out of 20)
[2m[36m(launch_and_fit pid=2507224)[0m malloc_consolidate(): invalid chunk size
DEBUG flwr 2023-08-02 11:47:39,314 | server.py:229 | fit_round 15 received 8 results and 0 failures
[2m[36m(launch_and_fit pid=2507222)[0m malloc_consolidate(): invalid chunk size
[2m[36m(launch_and_fit pid=2507347)[0m double free or corruption (fasttop)
INFO flwr 2023-08-02 11:47:39,534 | fed_df.py:351 | Warm start at round 15
[2m[36m(launch_and_fit pid=2507226)[0m malloc_consolidate(): invalid chunk size
INFO flwr 2023-08-02 11:47:39,647 | fed_df.py:439 | Performing server side distillation training...
[2m[36m(launch_and_fit pid=2507222)[0m Fitting Client 12
[2m[36m(launch_and_fit pid=2507224)[0m Fitting Client 10
[2m[36m(launch_and_fit pid=2507226)[0m Fitting Client 4
[2m[36m(launch_and_fit pid=2507349)[0m Fitting Client 11
[2m[36m(launch_and_fit pid=2507351)[0m Fitting Client 17
[2m[36m(launch_and_fit pid=2507347)[0m Fitting Client 3
[2m[36m(launch_and_fit pid=2507350)[0m Fitting Client 15
[2m[36m(launch_and_fit pid=2507348)[0m Fitting Client 14
[2m[36m(launch_and_fit pid=2507349)[0m double free or corruption (fasttop)
[2m[36m(launch_and_fit pid=2507348)[0m malloc_consolidate(): invalid chunk size
[2m[36m(launch_and_fit pid=2507351)[0m malloc_consolidate(): invalid chunk size
[2m[36m(launch_and_fit pid=2507350)[0m malloc_consolidate(): invalid chunk size
E0802 11:47:42.685917476 2299628 chttp2_transport.cc:1079]             ipv4:145.136.62.64:60431: Received a GOAWAY with error code ENHANCE_YOUR_CALM and debug data equal to "too_many_pings". Current keepalive time (before throttling): 122880000ms
INFO flwr 2023-08-02 11:48:14,859 | fed_df.py:516 | Distillation training stopped at step number : 250
INFO flwr 2023-08-02 11:48:14,860 | fed_df.py:523 | Average fusion training loss : 0.05472098523378372, val accuracy : 0.7296799999999999, best val accuracy : 0.7354
Average local training loss : 4.049485223740339
Average local training accuracy : 0.8785666666666665
INFO flwr 2023-08-02 11:48:16,127 | server.py:116 | fit progress: (15, 1.2498367736816407, {'server_test_acc': 0.7361}, 1427.71407937794)
INFO flwr 2023-08-02 11:48:16,128 | server.py:163 | evaluate_round 15: no clients selected, cancel
DEBUG flwr 2023-08-02 11:48:25,724 | server.py:215 | fit_round 16: strategy sampled 8 clients (out of 20)
[2m[36m(launch_and_fit pid=2651458)[0m malloc_consolidate(): invalid chunk size
[2m[36m(launch_and_fit pid=2651389)[0m malloc_consolidate(): invalid chunk size
DEBUG flwr 2023-08-02 11:49:13,483 | server.py:229 | fit_round 16 received 8 results and 0 failures
INFO flwr 2023-08-02 11:49:13,697 | fed_df.py:351 | Warm start at round 16
INFO flwr 2023-08-02 11:49:13,809 | fed_df.py:439 | Performing server side distillation training...
[2m[36m(launch_and_fit pid=2651458)[0m Fitting Client 19
[2m[36m(launch_and_fit pid=2651389)[0m Fitting Client 8
[2m[36m(launch_and_fit pid=2651527)[0m Fitting Client 0
[2m[36m(launch_and_fit pid=2651530)[0m Fitting Client 16
[2m[36m(launch_and_fit pid=2651529)[0m Fitting Client 14
[2m[36m(launch_and_fit pid=2651598)[0m Fitting Client 6
[2m[36m(launch_and_fit pid=2651528)[0m Fitting Client 7
[2m[36m(launch_and_fit pid=2651599)[0m Fitting Client 1
[2m[36m(launch_and_fit pid=2651599)[0m double free or corruption (fasttop)
E0802 11:49:14.290214984 2729313 chttp2_transport.cc:1079]             ipv4:145.136.62.64:60431: Received a GOAWAY with error code ENHANCE_YOUR_CALM and debug data equal to "too_many_pings". Current keepalive time (before throttling): 245760000ms
[2m[36m(launch_and_fit pid=2651598)[0m double free or corruption (fasttop)
[2m[36m(launch_and_fit pid=2651529)[0m double free or corruption (fasttop)
[2m[36m(launch_and_fit pid=2651528)[0m malloc_consolidate(): invalid chunk size
[2m[36m(launch_and_fit pid=2651530)[0m malloc_consolidate(): invalid chunk size
[2m[36m(launch_and_fit pid=2651527)[0m malloc_consolidate(): invalid chunk size
INFO flwr 2023-08-02 11:49:49,346 | fed_df.py:516 | Distillation training stopped at step number : 250
INFO flwr 2023-08-02 11:49:49,346 | fed_df.py:523 | Average fusion training loss : 0.05559907224774361, val accuracy : 0.74348, best val accuracy : 0.7488
Average local training loss : 3.947515352815389
Average local training accuracy : 0.8845277777777777
INFO flwr 2023-08-02 11:49:50,618 | server.py:116 | fit progress: (16, 1.1652256561279297, {'server_test_acc': 0.7474}, 1522.2048456319608)
INFO flwr 2023-08-02 11:49:50,618 | server.py:163 | evaluate_round 16: no clients selected, cancel
DEBUG flwr 2023-08-02 11:50:00,163 | server.py:215 | fit_round 17: strategy sampled 8 clients (out of 20)
[2m[36m(launch_and_fit pid=2794454)[0m double free or corruption (fasttop)
[2m[36m(launch_and_fit pid=2794383)[0m malloc_consolidate(): invalid chunk size
DEBUG flwr 2023-08-02 11:50:48,366 | server.py:229 | fit_round 17 received 8 results and 0 failures
INFO flwr 2023-08-02 11:50:48,580 | fed_df.py:351 | Warm start at round 17
INFO flwr 2023-08-02 11:50:48,694 | fed_df.py:439 | Performing server side distillation training...
[2m[36m(launch_and_fit pid=2794383)[0m Fitting Client 9
[2m[36m(launch_and_fit pid=2794418)[0m Fitting Client 17
[2m[36m(launch_and_fit pid=2794315)[0m Fitting Client 18
[2m[36m(launch_and_fit pid=2794454)[0m Fitting Client 11
[2m[36m(launch_and_fit pid=2794575)[0m Fitting Client 2
[2m[36m(launch_and_fit pid=2794574)[0m Fitting Client 13
[2m[36m(launch_and_fit pid=2794453)[0m Fitting Client 14
[2m[36m(launch_and_fit pid=2794452)[0m Fitting Client 19
[2m[36m(launch_and_fit pid=2794453)[0m double free or corruption (fasttop)
[2m[36m(launch_and_fit pid=2794575)[0m malloc_consolidate(): invalid chunk size
[2m[36m(launch_and_fit pid=2794452)[0m malloc_consolidate(): invalid chunk size
[2m[36m(launch_and_fit pid=2794418)[0m corrupted size vs. prev_size in fastbins
E0802 11:50:49.767893486 2729578 chttp2_transport.cc:1079]             ipv4:145.136.62.64:60431: Received a GOAWAY with error code ENHANCE_YOUR_CALM and debug data equal to "too_many_pings". Current keepalive time (before throttling): 491520000ms
[2m[36m(launch_and_fit pid=2794315)[0m malloc_consolidate(): invalid chunk size
[2m[36m(launch_and_fit pid=2794574)[0m malloc_consolidate(): invalid chunk size
INFO flwr 2023-08-02 11:51:24,677 | fed_df.py:516 | Distillation training stopped at step number : 250
INFO flwr 2023-08-02 11:51:24,678 | fed_df.py:523 | Average fusion training loss : 0.048041840307414534, val accuracy : 0.7299199999999999, best val accuracy : 0.7398
Average local training loss : 3.857175380364061
Average local training accuracy : 0.8939944444444444
INFO flwr 2023-08-02 11:51:25,952 | server.py:116 | fit progress: (17, 1.171292269897461, {'server_test_acc': 0.7421}, 1617.5383971289266)
INFO flwr 2023-08-02 11:51:25,952 | server.py:163 | evaluate_round 17: no clients selected, cancel
DEBUG flwr 2023-08-02 11:51:35,611 | server.py:215 | fit_round 18: strategy sampled 8 clients (out of 20)
[2m[36m(launch_and_fit pid=2949863)[0m malloc_consolidate(): invalid chunk size
[2m[36m(launch_and_fit pid=2950242)[0m malloc_consolidate(): invalid chunk size
[2m[36m(launch_and_fit pid=2950244)[0m malloc_consolidate(): invalid chunk size
DEBUG flwr 2023-08-02 11:52:23,507 | server.py:229 | fit_round 18 received 8 results and 0 failures
INFO flwr 2023-08-02 11:52:23,722 | fed_df.py:351 | Warm start at round 18
[2m[36m(launch_and_fit pid=2949818)[0m malloc_consolidate(): invalid chunk size
INFO flwr 2023-08-02 11:52:23,833 | fed_df.py:439 | Performing server side distillation training...
[2m[36m(launch_and_fit pid=2949818)[0m Fitting Client 6
[2m[36m(launch_and_fit pid=2949863)[0m Fitting Client 11
[2m[36m(launch_and_fit pid=2950088)[0m Fitting Client 8
[2m[36m(launch_and_fit pid=2950244)[0m Fitting Client 2
[2m[36m(launch_and_fit pid=2950242)[0m Fitting Client 9
[2m[36m(launch_and_fit pid=2949706)[0m Fitting Client 16
[2m[36m(launch_and_fit pid=2950247)[0m Fitting Client 15
[2m[36m(launch_and_fit pid=2950017)[0m Fitting Client 14
E0802 11:52:24.402149433 3038895 chttp2_transport.cc:1079]             ipv4:145.136.62.64:60431: Received a GOAWAY with error code ENHANCE_YOUR_CALM and debug data equal to "too_many_pings". Current keepalive time (before throttling): 983040000ms
[2m[36m(launch_and_fit pid=2950088)[0m double free or corruption (fasttop)
[2m[36m(launch_and_fit pid=2949706)[0m malloc_consolidate(): invalid chunk size
[2m[36m(launch_and_fit pid=2950247)[0m double free or corruption (fasttop)
INFO flwr 2023-08-02 11:52:59,431 | fed_df.py:516 | Distillation training stopped at step number : 250
INFO flwr 2023-08-02 11:52:59,431 | fed_df.py:523 | Average fusion training loss : 0.05798393873125315, val accuracy : 0.7465200000000001, best val accuracy : 0.7534
Average local training loss : 3.8630187340080733
Average local training accuracy : 0.8952638888888889
INFO flwr 2023-08-02 11:53:00,704 | server.py:116 | fit progress: (18, 1.1605933837890625, {'server_test_acc': 0.7585}, 1712.2905437180307)
INFO flwr 2023-08-02 11:53:00,704 | server.py:163 | evaluate_round 18: no clients selected, cancel
DEBUG flwr 2023-08-02 11:53:10,255 | server.py:215 | fit_round 19: strategy sampled 8 clients (out of 20)
[2m[36m(launch_and_fit pid=3109451)[0m double free or corruption (fasttop)
DEBUG flwr 2023-08-02 11:53:58,144 | server.py:229 | fit_round 19 received 8 results and 0 failures
INFO flwr 2023-08-02 11:53:58,359 | fed_df.py:351 | Warm start at round 19
INFO flwr 2023-08-02 11:53:58,468 | fed_df.py:439 | Performing server side distillation training...
[2m[36m(launch_and_fit pid=3109487)[0m double free or corruption (fasttop)
[2m[36m(launch_and_fit pid=3109451)[0m Fitting Client 10
[2m[36m(launch_and_fit pid=3109449)[0m Fitting Client 8
[2m[36m(launch_and_fit pid=3109450)[0m Fitting Client 17
[2m[36m(launch_and_fit pid=3109453)[0m Fitting Client 19
[2m[36m(launch_and_fit pid=3109487)[0m Fitting Client 3
[2m[36m(launch_and_fit pid=3109447)[0m Fitting Client 1
[2m[36m(launch_and_fit pid=3109521)[0m Fitting Client 7
[2m[36m(launch_and_fit pid=3109448)[0m Fitting Client 16
[2m[36m(launch_and_fit pid=3109447)[0m double free or corruption (fasttop)
[2m[36m(launch_and_fit pid=3109521)[0m malloc_consolidate(): invalid chunk size
[2m[36m(launch_and_fit pid=3109453)[0m double free or corruption (fasttop)
[2m[36m(launch_and_fit pid=3109450)[0m malloc_consolidate(): invalid chunk size
[2m[36m(launch_and_fit pid=3109448)[0m double free or corruption (fasttop)
[2m[36m(launch_and_fit pid=3109449)[0m malloc_consolidate(): invalid chunk size
INFO flwr 2023-08-02 11:54:34,223 | fed_df.py:516 | Distillation training stopped at step number : 250
INFO flwr 2023-08-02 11:54:34,224 | fed_df.py:523 | Average fusion training loss : 0.05999452683329582, val accuracy : 0.75424, best val accuracy : 0.7632
Average local training loss : 3.7971721369773146
Average local training accuracy : 0.8994000000000001
INFO flwr 2023-08-02 11:54:35,479 | server.py:116 | fit progress: (19, 1.0830848083496094, {'server_test_acc': 0.7586}, 1807.0655883550644)
INFO flwr 2023-08-02 11:54:35,479 | server.py:163 | evaluate_round 19: no clients selected, cancel
DEBUG flwr 2023-08-02 11:54:44,954 | server.py:215 | fit_round 20: strategy sampled 8 clients (out of 20)
[2m[36m(launch_and_fit pid=3252541)[0m double free or corruption (fasttop)
[2m[36m(launch_and_fit pid=3252546)[0m double free or corruption (fasttop)
[2m[36m(launch_and_fit pid=3252615)[0m malloc_consolidate(): invalid chunk size
DEBUG flwr 2023-08-02 11:55:33,583 | server.py:229 | fit_round 20 received 8 results and 0 failures
[2m[36m(launch_and_fit pid=3252542)[0m double free or corruption (fasttop)
INFO flwr 2023-08-02 11:55:33,798 | fed_df.py:351 | Warm start at round 20
INFO flwr 2023-08-02 11:55:33,909 | fed_df.py:439 | Performing server side distillation training...
[2m[36m(launch_and_fit pid=3252542)[0m Fitting Client 2
[2m[36m(launch_and_fit pid=3252541)[0m Fitting Client 15
[2m[36m(launch_and_fit pid=3252544)[0m Fitting Client 5
[2m[36m(launch_and_fit pid=3252546)[0m Fitting Client 12
[2m[36m(launch_and_fit pid=3252586)[0m Fitting Client 19
[2m[36m(launch_and_fit pid=3252615)[0m Fitting Client 16
[2m[36m(launch_and_fit pid=3252616)[0m Fitting Client 11
[2m[36m(launch_and_fit pid=3252617)[0m Fitting Client 13
[2m[36m(launch_and_fit pid=3252586)[0m malloc_consolidate(): invalid chunk size
[2m[36m(launch_and_fit pid=3252616)[0m malloc_consolidate(): invalid chunk size
[2m[36m(launch_and_fit pid=3252617)[0m malloc_consolidate(): invalid chunk size
[2m[36m(launch_and_fit pid=3252544)[0m malloc_consolidate(): invalid chunk size
E0802 11:55:37.072732343 3332163 chttp2_transport.cc:1079]             ipv4:145.136.62.64:60431: Received a GOAWAY with error code ENHANCE_YOUR_CALM and debug data equal to "too_many_pings". Current keepalive time (before throttling): 1966080000ms
INFO flwr 2023-08-02 11:56:09,133 | fed_df.py:516 | Distillation training stopped at step number : 250
INFO flwr 2023-08-02 11:56:09,134 | fed_df.py:523 | Average fusion training loss : 0.05300754600763321, val accuracy : 0.7571199999999999, best val accuracy : 0.764
Average local training loss : 3.7773451220244167
Average local training accuracy : 0.9009861111111109
INFO flwr 2023-08-02 11:56:10,394 | server.py:116 | fit progress: (20, 1.147969302368164, {'server_test_acc': 0.7626}, 1901.9802400451154)
INFO flwr 2023-08-02 11:56:10,394 | server.py:163 | evaluate_round 20: no clients selected, cancel
DEBUG flwr 2023-08-02 11:56:19,867 | server.py:215 | fit_round 21: strategy sampled 8 clients (out of 20)
[2m[36m(launch_and_fit pid=3396564)[0m malloc_consolidate(): invalid chunk size
DEBUG flwr 2023-08-02 11:57:07,817 | server.py:229 | fit_round 21 received 8 results and 0 failures
[2m[36m(launch_and_fit pid=3396567)[0m malloc_consolidate(): invalid chunk size
INFO flwr 2023-08-02 11:57:08,032 | fed_df.py:351 | Warm start at round 21
INFO flwr 2023-08-02 11:57:08,141 | fed_df.py:439 | Performing server side distillation training...
[2m[36m(launch_and_fit pid=3396564)[0m Fitting Client 8
[2m[36m(launch_and_fit pid=3396566)[0m Fitting Client 0
[2m[36m(launch_and_fit pid=3396562)[0m Fitting Client 13
[2m[36m(launch_and_fit pid=3396565)[0m Fitting Client 7
[2m[36m(launch_and_fit pid=3396567)[0m Fitting Client 16
[2m[36m(launch_and_fit pid=3396636)[0m Fitting Client 5
[2m[36m(launch_and_fit pid=3396706)[0m Fitting Client 14
[2m[36m(launch_and_fit pid=3396672)[0m Fitting Client 10
[2m[36m(launch_and_fit pid=3396566)[0m malloc_consolidate(): invalid chunk size
[2m[36m(launch_and_fit pid=3396672)[0m double free or corruption (fasttop)
E0802 11:57:09.015528083 3336037 chttp2_transport.cc:1079]             ipv4:145.136.62.64:60431: Received a GOAWAY with error code ENHANCE_YOUR_CALM and debug data equal to "too_many_pings". Current keepalive time (before throttling): ∞
[2m[36m(launch_and_fit pid=3396562)[0m malloc_consolidate(): invalid chunk size
[2m[36m(launch_and_fit pid=3396636)[0m malloc_consolidate(): invalid chunk size
[2m[36m(launch_and_fit pid=3396565)[0m corrupted size vs. prev_size in fastbins
[2m[36m(launch_and_fit pid=3396706)[0m malloc_consolidate(): invalid chunk size
INFO flwr 2023-08-02 11:57:43,741 | fed_df.py:516 | Distillation training stopped at step number : 250
INFO flwr 2023-08-02 11:57:43,741 | fed_df.py:523 | Average fusion training loss : 0.06354359228163958, val accuracy : 0.75516, best val accuracy : 0.7626
Average local training loss : 3.806054792925716
Average local training accuracy : 0.8993583333333333
INFO flwr 2023-08-02 11:57:45,006 | server.py:116 | fit progress: (21, 1.0906585906982422, {'server_test_acc': 0.7652}, 1996.5927085750736)
INFO flwr 2023-08-02 11:57:45,006 | server.py:163 | evaluate_round 21: no clients selected, cancel
DEBUG flwr 2023-08-02 11:57:54,579 | server.py:215 | fit_round 22: strategy sampled 8 clients (out of 20)
[2m[36m(launch_and_fit pid=3539950)[0m malloc_consolidate(): invalid chunk size
[2m[36m(launch_and_fit pid=3539949)[0m malloc_consolidate(): invalid chunk size
DEBUG flwr 2023-08-02 11:58:42,634 | server.py:229 | fit_round 22 received 8 results and 0 failures
INFO flwr 2023-08-02 11:58:42,848 | fed_df.py:351 | Warm start at round 22
INFO flwr 2023-08-02 11:58:42,959 | fed_df.py:439 | Performing server side distillation training...
[2m[36m(launch_and_fit pid=3539950)[0m Fitting Client 2
[2m[36m(launch_and_fit pid=3539949)[0m Fitting Client 8
[2m[36m(launch_and_fit pid=3540020)[0m Fitting Client 1
[2m[36m(launch_and_fit pid=3540019)[0m Fitting Client 4
[2m[36m(launch_and_fit pid=3540088)[0m Fitting Client 9
[2m[36m(launch_and_fit pid=3540091)[0m Fitting Client 16
[2m[36m(launch_and_fit pid=3540089)[0m Fitting Client 17
[2m[36m(launch_and_fit pid=3540090)[0m Fitting Client 10
[2m[36m(launch_and_fit pid=3540090)[0m malloc_consolidate(): invalid chunk size
[2m[36m(launch_and_fit pid=3540019)[0m malloc_consolidate(): invalid chunk size
[2m[36m(launch_and_fit pid=3540020)[0m malloc_consolidate(): invalid chunk size
[2m[36m(launch_and_fit pid=3540088)[0m double free or corruption (fasttop)
[2m[36m(launch_and_fit pid=3540091)[0m malloc_consolidate(): invalid chunk size
[2m[36m(launch_and_fit pid=3540089)[0m double free or corruption (fasttop)
E0802 11:58:45.346689571 3474440 chttp2_transport.cc:1079]             ipv4:145.136.62.64:60431: Received a GOAWAY with error code ENHANCE_YOUR_CALM and debug data equal to "too_many_pings". Current keepalive time (before throttling): ∞
INFO flwr 2023-08-02 11:59:19,818 | fed_df.py:516 | Distillation training stopped at step number : 250
INFO flwr 2023-08-02 11:59:19,818 | fed_df.py:523 | Average fusion training loss : 0.05400390100479126, val accuracy : 0.7647999999999999, best val accuracy : 0.7704
Average local training loss : 3.7347684275358914
Average local training accuracy : 0.9063333333333333
INFO flwr 2023-08-02 11:59:21,075 | server.py:116 | fit progress: (22, 1.0949040832519532, {'server_test_acc': 0.7653}, 2092.6614593011327)
INFO flwr 2023-08-02 11:59:21,075 | server.py:163 | evaluate_round 22: no clients selected, cancel
DEBUG flwr 2023-08-02 11:59:30,699 | server.py:215 | fit_round 23: strategy sampled 8 clients (out of 20)
[2m[36m(launch_and_fit pid=3684146)[0m malloc_consolidate(): invalid chunk size
[2m[36m(launch_and_fit pid=3684216)[0m malloc_consolidate(): invalid chunk size
[2m[36m(launch_and_fit pid=3684215)[0m double free or corruption (fasttop)
DEBUG flwr 2023-08-02 12:00:18,862 | server.py:229 | fit_round 23 received 8 results and 0 failures
INFO flwr 2023-08-02 12:00:19,079 | fed_df.py:351 | Warm start at round 23
INFO flwr 2023-08-02 12:00:19,246 | fed_df.py:439 | Performing server side distillation training...
[2m[36m(launch_and_fit pid=3684146)[0m Fitting Client 15
[2m[36m(launch_and_fit pid=3684215)[0m Fitting Client 8
[2m[36m(launch_and_fit pid=3684216)[0m Fitting Client 13
[2m[36m(launch_and_fit pid=3684356)[0m Fitting Client 9
[2m[36m(launch_and_fit pid=3684217)[0m Fitting Client 12
[2m[36m(launch_and_fit pid=3684286)[0m Fitting Client 16
[2m[36m(launch_and_fit pid=3684285)[0m Fitting Client 18
[2m[36m(launch_and_fit pid=3684355)[0m Fitting Client 17
[2m[36m(launch_and_fit pid=3684217)[0m malloc_consolidate(): invalid chunk size
[2m[36m(launch_and_fit pid=3684285)[0m double free or corruption (fasttop)
[2m[36m(launch_and_fit pid=3684285)[0m malloc_consolidate(): invalid chunk size
[2m[36m(launch_and_fit pid=3684356)[0m malloc_consolidate(): invalid chunk size
[2m[36m(launch_and_fit pid=3684286)[0m double free or corruption (fasttop)
[2m[36m(launch_and_fit pid=3684355)[0m malloc_consolidate(): invalid chunk size
E0802 12:00:20.766979858 3763325 chttp2_transport.cc:1079]             ipv4:145.136.62.64:60431: Received a GOAWAY with error code ENHANCE_YOUR_CALM and debug data equal to "too_many_pings". Current keepalive time (before throttling): ∞
INFO flwr 2023-08-02 12:00:55,799 | fed_df.py:516 | Distillation training stopped at step number : 250
INFO flwr 2023-08-02 12:00:55,800 | fed_df.py:523 | Average fusion training loss : 0.05321995799988508, val accuracy : 0.7585200000000001, best val accuracy : 0.7656
Average local training loss : 3.6930276330560443
Average local training accuracy : 0.909475
INFO flwr 2023-08-02 12:00:57,103 | server.py:116 | fit progress: (23, 1.1075779815673827, {'server_test_acc': 0.7661}, 2188.690174635034)
INFO flwr 2023-08-02 12:00:57,104 | server.py:163 | evaluate_round 23: no clients selected, cancel
DEBUG flwr 2023-08-02 12:01:06,709 | server.py:215 | fit_round 24: strategy sampled 8 clients (out of 20)
DEBUG flwr 2023-08-02 12:01:54,111 | server.py:229 | fit_round 24 received 8 results and 0 failures
INFO flwr 2023-08-02 12:01:54,330 | fed_df.py:351 | Warm start at round 24
INFO flwr 2023-08-02 12:01:54,476 | fed_df.py:439 | Performing server side distillation training...
[2m[36m(launch_and_fit pid=3828476)[0m Fitting Client 10
[2m[36m(launch_and_fit pid=3828475)[0m Fitting Client 6
[2m[36m(launch_and_fit pid=3828549)[0m Fitting Client 1
[2m[36m(launch_and_fit pid=3828673)[0m Fitting Client 14
[2m[36m(launch_and_fit pid=3828669)[0m Fitting Client 7
[2m[36m(launch_and_fit pid=3828672)[0m Fitting Client 15
[2m[36m(launch_and_fit pid=3828674)[0m Fitting Client 2
[2m[36m(launch_and_fit pid=3828675)[0m Fitting Client 5
[2m[36m(launch_and_fit pid=3828475)[0m malloc_consolidate(): invalid chunk size
[2m[36m(launch_and_fit pid=3828476)[0m double free or corruption (fasttop)
[2m[36m(launch_and_fit pid=3828674)[0m malloc_consolidate(): invalid chunk size
[2m[36m(launch_and_fit pid=3828672)[0m malloc_consolidate(): invalid chunk size
[2m[36m(launch_and_fit pid=3828675)[0m malloc_consolidate(): invalid chunk size
[2m[36m(launch_and_fit pid=3828549)[0m malloc_consolidate(): invalid chunk size
[2m[36m(launch_and_fit pid=3828669)[0m malloc_consolidate(): invalid chunk size
[2m[36m(launch_and_fit pid=3828673)[0m malloc_consolidate(): invalid chunk size
INFO flwr 2023-08-02 12:02:31,293 | fed_df.py:516 | Distillation training stopped at step number : 250
INFO flwr 2023-08-02 12:02:31,293 | fed_df.py:523 | Average fusion training loss : 0.06309628899395466, val accuracy : 0.76312, best val accuracy : 0.7724
Average local training loss : 3.740309554710984
Average local training accuracy : 0.9045944444444445
INFO flwr 2023-08-02 12:02:32,568 | server.py:116 | fit progress: (24, 1.0643878173828125, {'server_test_acc': 0.7724}, 2284.1545892609283)
INFO flwr 2023-08-02 12:02:32,568 | server.py:163 | evaluate_round 24: no clients selected, cancel
DEBUG flwr 2023-08-02 12:02:42,193 | server.py:215 | fit_round 25: strategy sampled 8 clients (out of 20)
DEBUG flwr 2023-08-02 12:03:29,990 | server.py:229 | fit_round 25 received 8 results and 0 failures
[2m[36m(launch_and_fit pid=3972300)[0m malloc_consolidate(): invalid chunk size
[2m[36m(launch_and_fit pid=3972369)[0m malloc_consolidate(): invalid chunk size
INFO flwr 2023-08-02 12:03:30,207 | fed_df.py:351 | Warm start at round 25
INFO flwr 2023-08-02 12:03:30,319 | fed_df.py:439 | Performing server side distillation training...
[2m[36m(launch_and_fit pid=3972231)[0m Fitting Client 19
[2m[36m(launch_and_fit pid=3972369)[0m Fitting Client 12
[2m[36m(launch_and_fit pid=3972368)[0m Fitting Client 7
[2m[36m(launch_and_fit pid=3972372)[0m Fitting Client 6
[2m[36m(launch_and_fit pid=3972373)[0m Fitting Client 10
[2m[36m(launch_and_fit pid=3972299)[0m Fitting Client 14
[2m[36m(launch_and_fit pid=3972300)[0m Fitting Client 2
[2m[36m(launch_and_fit pid=3972230)[0m Fitting Client 0
[2m[36m(launch_and_fit pid=3972231)[0m malloc_consolidate(): invalid chunk size
[2m[36m(launch_and_fit pid=3972373)[0m double free or corruption (fasttop)
[2m[36m(launch_and_fit pid=3972230)[0m double free or corruption (fasttop)
[2m[36m(launch_and_fit pid=3972299)[0m malloc_consolidate(): invalid chunk size
[2m[36m(launch_and_fit pid=3972368)[0m malloc_consolidate(): invalid chunk size
[2m[36m(launch_and_fit pid=3972372)[0m double free or corruption (fasttop)
E0802 12:03:33.533985847 4053039 chttp2_transport.cc:1079]             ipv4:145.136.62.64:60431: Received a GOAWAY with error code ENHANCE_YOUR_CALM and debug data equal to "too_many_pings". Current keepalive time (before throttling): ∞
INFO flwr 2023-08-02 12:04:06,205 | fed_df.py:516 | Distillation training stopped at step number : 250
INFO flwr 2023-08-02 12:04:06,205 | fed_df.py:523 | Average fusion training loss : 0.07041053570806981, val accuracy : 0.75892, best val accuracy : 0.7682
Average local training loss : 3.5871310982853175
Average local training accuracy : 0.9176833333333333
INFO flwr 2023-08-02 12:04:07,479 | server.py:116 | fit progress: (25, 1.0690676177978515, {'server_test_acc': 0.7679}, 2379.065744091058)
INFO flwr 2023-08-02 12:04:07,479 | server.py:163 | evaluate_round 25: no clients selected, cancel
DEBUG flwr 2023-08-02 12:04:17,016 | server.py:215 | fit_round 26: strategy sampled 8 clients (out of 20)
[2m[36m(launch_and_fit pid=4116591)[0m malloc_consolidate(): invalid chunk size
[2m[36m(launch_and_fit pid=4116870)[0m malloc_consolidate(): invalid chunk size
DEBUG flwr 2023-08-02 12:05:04,885 | server.py:229 | fit_round 26 received 8 results and 0 failures
INFO flwr 2023-08-02 12:05:05,099 | fed_df.py:351 | Warm start at round 26
INFO flwr 2023-08-02 12:05:05,213 | fed_df.py:439 | Performing server side distillation training...
[2m[36m(launch_and_fit pid=4116591)[0m Fitting Client 2
[2m[36m(launch_and_fit pid=4116592)[0m Fitting Client 7
[2m[36m(launch_and_fit pid=4116798)[0m Fitting Client 3
[2m[36m(launch_and_fit pid=4116800)[0m Fitting Client 0
[2m[36m(launch_and_fit pid=4116869)[0m Fitting Client 15
[2m[36m(launch_and_fit pid=4116799)[0m Fitting Client 10
[2m[36m(launch_and_fit pid=4116870)[0m Fitting Client 12
[2m[36m(launch_and_fit pid=4116868)[0m Fitting Client 11
[2m[36m(launch_and_fit pid=4116592)[0m malloc_consolidate(): invalid chunk size
[2m[36m(launch_and_fit pid=4116800)[0m double free or corruption (fasttop)
[2m[36m(launch_and_fit pid=4116799)[0m malloc_consolidate(): invalid chunk size
[2m[36m(launch_and_fit pid=4116798)[0m malloc_consolidate(): invalid chunk size
[2m[36m(launch_and_fit pid=4116869)[0m malloc_consolidate(): invalid chunk size
[2m[36m(launch_and_fit pid=4116868)[0m double free or corruption (fasttop)
E0802 12:05:06.707455445    2769 chttp2_transport.cc:1079]             ipv4:145.136.62.64:60431: Received a GOAWAY with error code ENHANCE_YOUR_CALM and debug data equal to "too_many_pings". Current keepalive time (before throttling): ∞
INFO flwr 2023-08-02 12:05:41,157 | fed_df.py:516 | Distillation training stopped at step number : 250
INFO flwr 2023-08-02 12:05:41,157 | fed_df.py:523 | Average fusion training loss : 0.06605009132623672, val accuracy : 0.7635200000000001, best val accuracy : 0.773
Average local training loss : 3.6215795338153844
Average local training accuracy : 0.9148305555555557
INFO flwr 2023-08-02 12:05:42,422 | server.py:116 | fit progress: (26, 1.1259105895996093, {'server_test_acc': 0.7683}, 2474.009196257917)
INFO flwr 2023-08-02 12:05:42,423 | server.py:163 | evaluate_round 26: no clients selected, cancel
DEBUG flwr 2023-08-02 12:05:51,950 | server.py:215 | fit_round 27: strategy sampled 8 clients (out of 20)
[2m[36m(launch_and_fit pid=67125)[0m double free or corruption (fasttop)
[2m[36m(launch_and_fit pid=67335)[0m malloc_consolidate(): invalid chunk size
DEBUG flwr 2023-08-02 12:06:40,133 | server.py:229 | fit_round 27 received 8 results and 0 failures
INFO flwr 2023-08-02 12:06:40,351 | fed_df.py:351 | Warm start at round 27
INFO flwr 2023-08-02 12:06:40,478 | fed_df.py:439 | Performing server side distillation training...
[2m[36m(launch_and_fit pid=67125)[0m Fitting Client 15
[2m[36m(launch_and_fit pid=67194)[0m Fitting Client 8
[2m[36m(launch_and_fit pid=67196)[0m Fitting Client 9
[2m[36m(launch_and_fit pid=67264)[0m Fitting Client 18
[2m[36m(launch_and_fit pid=67266)[0m Fitting Client 7
[2m[36m(launch_and_fit pid=67265)[0m Fitting Client 16
[2m[36m(launch_and_fit pid=67335)[0m Fitting Client 10
[2m[36m(launch_and_fit pid=67334)[0m Fitting Client 4
[2m[36m(launch_and_fit pid=67334)[0m malloc_consolidate(): invalid chunk size
[2m[36m(launch_and_fit pid=67265)[0m malloc_consolidate(): invalid chunk size
[2m[36m(launch_and_fit pid=67194)[0m malloc_consolidate(): invalid chunk size
[2m[36m(launch_and_fit pid=67196)[0m double free or corruption (fasttop)
[2m[36m(launch_and_fit pid=67264)[0m malloc_consolidate(): invalid chunk size
[2m[36m(launch_and_fit pid=67266)[0m corrupted size vs. prev_size in fastbins
E0802 12:06:42.199094747    2867 chttp2_transport.cc:1079]             ipv4:145.136.62.64:60431: Received a GOAWAY with error code ENHANCE_YOUR_CALM and debug data equal to "too_many_pings". Current keepalive time (before throttling): ∞
INFO flwr 2023-08-02 12:07:14,792 | fed_df.py:516 | Distillation training stopped at step number : 250
INFO flwr 2023-08-02 12:07:14,793 | fed_df.py:523 | Average fusion training loss : 0.07593501012027264, val accuracy : 0.77012, best val accuracy : 0.7746
Average local training loss : 3.576483140513301
Average local training accuracy : 0.9189722222222223
INFO flwr 2023-08-02 12:07:16,027 | server.py:116 | fit progress: (27, 1.0608874481201171, {'server_test_acc': 0.7752}, 2567.6132714650594)
INFO flwr 2023-08-02 12:07:16,027 | server.py:163 | evaluate_round 27: no clients selected, cancel
DEBUG flwr 2023-08-02 12:07:25,881 | server.py:215 | fit_round 28: strategy sampled 8 clients (out of 20)
DEBUG flwr 2023-08-02 12:08:13,623 | server.py:229 | fit_round 28 received 8 results and 0 failures
INFO flwr 2023-08-02 12:08:13,839 | fed_df.py:351 | Warm start at round 28
INFO flwr 2023-08-02 12:08:13,986 | fed_df.py:439 | Performing server side distillation training...
[2m[36m(launch_and_fit pid=200569)[0m Fitting Client 19
[2m[36m(launch_and_fit pid=200609)[0m Fitting Client 17
[2m[36m(launch_and_fit pid=200747)[0m Fitting Client 5
[2m[36m(launch_and_fit pid=200608)[0m Fitting Client 7
[2m[36m(launch_and_fit pid=200785)[0m Fitting Client 6
[2m[36m(launch_and_fit pid=200784)[0m Fitting Client 16
[2m[36m(launch_and_fit pid=200610)[0m Fitting Client 12
[2m[36m(launch_and_fit pid=200829)[0m Fitting Client 3
[2m[36m(launch_and_fit pid=200784)[0m malloc_consolidate(): invalid chunk size
[2m[36m(launch_and_fit pid=200569)[0m malloc_consolidate(): invalid chunk size
[2m[36m(launch_and_fit pid=200609)[0m malloc_consolidate(): invalid chunk size
[2m[36m(launch_and_fit pid=200608)[0m double free or corruption (fasttop)
[2m[36m(launch_and_fit pid=200610)[0m double free or corruption (fasttop)
[2m[36m(launch_and_fit pid=200829)[0m malloc_consolidate(): invalid chunk size
[2m[36m(launch_and_fit pid=200747)[0m malloc_consolidate(): invalid chunk size
[2m[36m(launch_and_fit pid=200785)[0m malloc_consolidate(): invalid chunk size
E0802 12:08:17.618187365  291096 chttp2_transport.cc:1079]             ipv4:145.136.62.64:60431: Received a GOAWAY with error code ENHANCE_YOUR_CALM and debug data equal to "too_many_pings". Current keepalive time (before throttling): ∞
INFO flwr 2023-08-02 12:08:50,318 | fed_df.py:516 | Distillation training stopped at step number : 250
INFO flwr 2023-08-02 12:08:50,319 | fed_df.py:523 | Average fusion training loss : 0.059188932120800015, val accuracy : 0.76352, best val accuracy : 0.769
Average local training loss : 3.5865282408893107
Average local training accuracy : 0.9170444444444443
INFO flwr 2023-08-02 12:08:51,576 | server.py:116 | fit progress: (28, 1.0405721557617187, {'server_test_acc': 0.7629}, 2663.162279257085)
INFO flwr 2023-08-02 12:08:51,576 | server.py:163 | evaluate_round 28: no clients selected, cancel
DEBUG flwr 2023-08-02 12:09:01,324 | server.py:215 | fit_round 29: strategy sampled 8 clients (out of 20)
[2m[36m(launch_and_fit pid=314503)[0m double free or corruption (fasttop)
DEBUG flwr 2023-08-02 12:09:57,452 | server.py:229 | fit_round 29 received 8 results and 0 failures
INFO flwr 2023-08-02 12:09:57,667 | fed_df.py:351 | Warm start at round 29
INFO flwr 2023-08-02 12:09:57,781 | fed_df.py:439 | Performing server side distillation training...
[2m[36m(launch_and_fit pid=314508)[0m Fitting Client 18
[2m[36m(launch_and_fit pid=314503)[0m Fitting Client 9
[2m[36m(launch_and_fit pid=314512)[0m Fitting Client 11
[2m[36m(launch_and_fit pid=314510)[0m Fitting Client 0
[2m[36m(launch_and_fit pid=314506)[0m Fitting Client 10
[2m[36m(launch_and_fit pid=314511)[0m Fitting Client 5
[2m[36m(launch_and_fit pid=314507)[0m Fitting Client 8
[2m[36m(launch_and_fit pid=314509)[0m Fitting Client 19
[2m[36m(launch_and_fit pid=314510)[0m malloc_consolidate(): invalid chunk size
[2m[36m(launch_and_fit pid=314506)[0m malloc_consolidate(): invalid chunk size
[2m[36m(launch_and_fit pid=314511)[0m double free or corruption (fasttop)
[2m[36m(launch_and_fit pid=314509)[0m double free or corruption (fasttop)
[2m[36m(launch_and_fit pid=314507)[0m double free or corruption (fasttop)
E0802 12:09:58.948475976  362187 chttp2_transport.cc:1079]             ipv4:145.136.62.64:60431: Received a GOAWAY with error code ENHANCE_YOUR_CALM and debug data equal to "too_many_pings". Current keepalive time (before throttling): ∞
[2m[36m(launch_and_fit pid=314508)[0m malloc_consolidate(): invalid chunk size
[2m[36m(launch_and_fit pid=314512)[0m double free or corruption (fasttop)
INFO flwr 2023-08-02 12:10:32,306 | fed_df.py:516 | Distillation training stopped at step number : 250
INFO flwr 2023-08-02 12:10:32,307 | fed_df.py:523 | Average fusion training loss : 0.06685092785954476, val accuracy : 0.7624799999999999, best val accuracy : 0.7712
Average local training loss : 3.476688725501299
Average local training accuracy : 0.9258888888888889
INFO flwr 2023-08-02 12:10:33,576 | server.py:116 | fit progress: (29, 1.0390123687744142, {'server_test_acc': 0.7684}, 2765.162250400055)
INFO flwr 2023-08-02 12:10:33,576 | server.py:163 | evaluate_round 29: no clients selected, cancel
DEBUG flwr 2023-08-02 12:10:43,202 | server.py:215 | fit_round 30: strategy sampled 8 clients (out of 20)
[2m[36m(launch_and_fit pid=386912)[0m corrupted size vs. prev_size in fastbins
DEBUG flwr 2023-08-02 12:11:36,585 | server.py:229 | fit_round 30 received 8 results and 0 failures
INFO flwr 2023-08-02 12:11:36,805 | fed_df.py:351 | Warm start at round 30
INFO flwr 2023-08-02 12:11:36,950 | fed_df.py:439 | Performing server side distillation training...
[2m[36m(launch_and_fit pid=386910)[0m Fitting Client 14
[2m[36m(launch_and_fit pid=386908)[0m Fitting Client 3
[2m[36m(launch_and_fit pid=386912)[0m Fitting Client 10
[2m[36m(launch_and_fit pid=386903)[0m Fitting Client 8
[2m[36m(launch_and_fit pid=386909)[0m Fitting Client 16
[2m[36m(launch_and_fit pid=386904)[0m Fitting Client 17
[2m[36m(launch_and_fit pid=386906)[0m Fitting Client 13
[2m[36m(launch_and_fit pid=386911)[0m Fitting Client 1
[2m[36m(launch_and_fit pid=386908)[0m malloc_consolidate(): invalid chunk size
[2m[36m(launch_and_fit pid=386910)[0m double free or corruption (fasttop)
[2m[36m(launch_and_fit pid=386911)[0m malloc_consolidate(): invalid chunk size
[2m[36m(launch_and_fit pid=386906)[0m malloc_consolidate(): invalid chunk size
[2m[36m(launch_and_fit pid=386903)[0m malloc_consolidate(): invalid chunk size
[2m[36m(launch_and_fit pid=386909)[0m malloc_consolidate(): invalid chunk size
E0802 12:11:38.501703668  434152 chttp2_transport.cc:1079]             ipv4:145.136.62.64:60431: Received a GOAWAY with error code ENHANCE_YOUR_CALM and debug data equal to "too_many_pings". Current keepalive time (before throttling): ∞
INFO flwr 2023-08-02 12:12:11,589 | fed_df.py:516 | Distillation training stopped at step number : 250
INFO flwr 2023-08-02 12:12:11,589 | fed_df.py:523 | Average fusion training loss : 0.06710122381150722, val accuracy : 0.7765199999999999, best val accuracy : 0.7836
Average local training loss : 3.6217952683567995
Average local training accuracy : 0.9141861111111111
INFO flwr 2023-08-02 12:12:12,847 | server.py:116 | fit progress: (30, 1.0244946075439454, {'server_test_acc': 0.7737}, 2864.433570056921)
INFO flwr 2023-08-02 12:12:12,847 | server.py:163 | evaluate_round 30: no clients selected, cancel
INFO flwr 2023-08-02 12:12:12,847 | server.py:144 | FL finished in 2864.4339528230485
INFO flwr 2023-08-02 12:12:12,848 | app.py:202 | app_fit: losses_distributed []
INFO flwr 2023-08-02 12:12:12,849 | app.py:203 | app_fit: metrics_distributed {}
INFO flwr 2023-08-02 12:12:12,849 | app.py:204 | app_fit: losses_centralized [(0, 2.4661781799316405), (1, 2.315326599121094), (2, 2.3932614318847656), (3, 1.73942451171875), (4, 1.4151286682128905), (5, 1.3546275177001954), (6, 1.3399641174316406), (7, 1.386299575805664), (8, 1.4416450622558594), (9, 1.3798794219970703), (10, 1.4257792846679687), (11, 1.2885229461669923), (12, 1.2710501098632812), (13, 1.2684301971435548), (14, 1.237534912109375), (15, 1.2498367736816407), (16, 1.1652256561279297), (17, 1.171292269897461), (18, 1.1605933837890625), (19, 1.0830848083496094), (20, 1.147969302368164), (21, 1.0906585906982422), (22, 1.0949040832519532), (23, 1.1075779815673827), (24, 1.0643878173828125), (25, 1.0690676177978515), (26, 1.1259105895996093), (27, 1.0608874481201171), (28, 1.0405721557617187), (29, 1.0390123687744142), (30, 1.0244946075439454)]
INFO flwr 2023-08-02 12:12:12,849 | app.py:205 | app_fit: metrics_centralized {'server_test_acc': [(0, 0.0915), (1, 0.3352), (2, 0.4328), (3, 0.5231), (4, 0.6016), (5, 0.624), (6, 0.671), (7, 0.6805), (8, 0.6859), (9, 0.6981), (10, 0.709), (11, 0.7086), (12, 0.7298), (13, 0.7373), (14, 0.7393), (15, 0.7361), (16, 0.7474), (17, 0.7421), (18, 0.7585), (19, 0.7586), (20, 0.7626), (21, 0.7652), (22, 0.7653), (23, 0.7661), (24, 0.7724), (25, 0.7679), (26, 0.7683), (27, 0.7752), (28, 0.7629), (29, 0.7684), (30, 0.7737)]}
malloc_consolidate(): invalid chunk size
srun: error: gcn64: task 0: Aborted
srun: Terminating StepId=3203520.1
-----EXPERIMENT ENDS-----
-----CLEANING UP DISK------
-----END-----

JOB STATISTICS
==============
Job ID: 3203520
Cluster: snellius
User/Group: sunnys/sunnys
State: COMPLETED (exit code 0)
Nodes: 1
Cores per node: 18
CPU Utilized: 01:59:21
CPU Efficiency: 11.83% of 16:48:54 core-walltime
Job Wall-clock time: 00:56:03
Memory Utilized: 64.02 GB
Memory Efficiency: 53.35% of 120.00 GB
