-----BEGIN-----
-----SETTINGS-----
TOTAL CROPS:10000
STRATEGY:fedavg
MODEL_NAME:resnet8
NUM_CLIENTS:20
NUM_ROUNDS:30
FRACTION_FIT:0.4
FRACTION_EVALUATE:0.0
DATASET_NAME:cifar10
PARTITION_ALPHA:100.0
PARTITION_VAL_RATIO:0.1
BATCH_SIZE:512
LOCAL_EPOCHS:20
LOCAL_LR:0.01
DISTILL_BATCH_SIZE:512
SERVER_LR:0.01
SERVER_STEPS:250
SERVER_EARLY_STEPS:1000
USE_EARLY_STOPPING:False
USE_ADAPTIVE_LR:False
SEED:42
CUDA_DETERMINISTIC:False
USE_CROPS:True
IMG_NAME:ameyoko.jpg
DISTILL_DATASET:cifar100
DISTILL_ALPHA:1.0
NUM_DISTILL_IMAGES:10000
DISTILL_TRANSFORMS:v0
WARM_START:True
WARM_START_ROUNDS:1
WARM_START_INTERVAL:1
KMEANS_N_CLUSTER:50
KMEANS_HEURISTICS:easy
KMEANS_MIXED_FACTOR:50-50
KMEANS_BALANCING:0.5
CONFIDENCE_THRESHOLD:0.1
CONFIDENCE_STRATEGY:top
CONFIDENCE_ADAPTIVE:True
CONFIDENCE_MAX_THRESH:0.5
CLIPPING_FACTOR:2.5
FEDPROX_FACTOR:0.0
FEDPROX_ADAPTIVE:False
USE_CLIPPING:True
USE_ENTROPY:False
USE_KMEANS:False
USE_FEDPROX:False
-----SETTINGS END-----
-----EXPERIMENT BEGINS-----
Simulating fedavg training
INFO simulate 2023-08-15 03:19:54,483 | simulate.py:50 | Python script started : simulate.py
DEBUG simulate 2023-08-15 03:19:54,483 | simulate.py:55 | Reading args from argument parser
INFO flwr 2023-08-15 03:20:08,004 | app.py:145 | Starting Flower simulation, config: ServerConfig(num_rounds=30, round_timeout=None)
2023-08-15 03:20:10,214	INFO worker.py:1529 -- Started a local Ray instance. View the dashboard at [1m[32m127.0.0.1:8265 [39m[22m
INFO flwr 2023-08-15 03:20:11,224 | app.py:179 | Flower VCE: Ray initialized with resources: {'node:145.136.62.26': 1.0, 'object_store_memory': 61847529062.0, 'memory': 103079215104.0, 'CPU': 18.0, 'GPU': 1.0, 'accelerator_type:A100': 1.0}
INFO flwr 2023-08-15 03:20:11,225 | server.py:86 | Initializing global parameters
INFO flwr 2023-08-15 03:20:11,225 | server.py:266 | Using initial parameters provided by strategy
INFO flwr 2023-08-15 03:20:11,225 | server.py:88 | Evaluating initial parameters
Downloading https://www.cs.toronto.edu/~kriz/cifar-10-python.tar.gz to /scratch-local/sunnys.3332791/1692062388_118358885/cifar-10-python.tar.gz
Extracting /scratch-local/sunnys.3332791/1692062388_118358885/cifar-10-python.tar.gz to /scratch-local/sunnys.3332791/1692062388_118358885
Generating unified cifar10 dataset
Class histogram for 0-th partition (alpha=100.0, 10 classes): [256 249 217 265 244 275 235 226 275 258]
INFO flwr 2023-08-15 03:20:17,320 | server.py:91 | initial parameters (loss, other metrics): 2.3234217651367186, {'server_test_acc': 0.108}
INFO flwr 2023-08-15 03:20:17,320 | server.py:101 | FL starting
DEBUG flwr 2023-08-15 03:20:17,320 | server.py:215 | fit_round 1: strategy sampled 8 clients (out of 20)
DEBUG flwr 2023-08-15 03:20:52,131 | server.py:229 | fit_round 1 received 8 results and 0 failures
INFO flwr 2023-08-15 03:20:52,199 | common.py:35 | Avg. local train loss : 7.817039211839437, train acc : 0.4153805555555556
Server test accuracy after round 0: 0.108
[2m[36m(launch_and_fit pid=1938082)[0m Fitting Client 7
[2m[36m(launch_and_fit pid=1938077)[0m Fitting Client 12
[2m[36m(launch_and_fit pid=1938078)[0m Fitting Client 3
[2m[36m(launch_and_fit pid=1938080)[0m Fitting Client 8
[2m[36m(launch_and_fit pid=1938079)[0m Fitting Client 13
[2m[36m(launch_and_fit pid=1938083)[0m Fitting Client 10
[2m[36m(launch_and_fit pid=1938084)[0m Fitting Client 14
[2m[36m(launch_and_fit pid=1938081)[0m Fitting Client 5
INFO flwr 2023-08-15 03:20:53,351 | server.py:116 | fit progress: (1, 2.1495284912109374, {'server_test_acc': 0.3093}, 36.03033892903477)
INFO flwr 2023-08-15 03:20:53,351 | server.py:163 | evaluate_round 1: no clients selected, cancel
DEBUG flwr 2023-08-15 03:20:53,351 | server.py:215 | fit_round 2: strategy sampled 8 clients (out of 20)
DEBUG flwr 2023-08-15 03:21:28,103 | server.py:229 | fit_round 2 received 8 results and 0 failures
INFO flwr 2023-08-15 03:21:28,183 | common.py:35 | Avg. local train loss : 6.427966037020087, train acc : 0.5314666666666666
Server test accuracy after round 1: 0.3093
[2m[36m(launch_and_fit pid=1986394)[0m Fitting Client 18
[2m[36m(launch_and_fit pid=1986401)[0m Fitting Client 6
[2m[36m(launch_and_fit pid=1986381)[0m Fitting Client 5
[2m[36m(launch_and_fit pid=1986403)[0m Fitting Client 17
[2m[36m(launch_and_fit pid=1986404)[0m Fitting Client 10
[2m[36m(launch_and_fit pid=1986402)[0m Fitting Client 8
[2m[36m(launch_and_fit pid=1986405)[0m Fitting Client 13
[2m[36m(launch_and_fit pid=1986384)[0m Fitting Client 11
INFO flwr 2023-08-15 03:21:29,333 | server.py:116 | fit progress: (2, 1.5048993377685547, {'server_test_acc': 0.512}, 72.01285468786955)
INFO flwr 2023-08-15 03:21:29,333 | server.py:163 | evaluate_round 2: no clients selected, cancel
DEBUG flwr 2023-08-15 03:21:29,333 | server.py:215 | fit_round 3: strategy sampled 8 clients (out of 20)
DEBUG flwr 2023-08-15 03:22:04,548 | server.py:229 | fit_round 3 received 8 results and 0 failures
INFO flwr 2023-08-15 03:22:04,615 | common.py:35 | Avg. local train loss : 5.14560529217124, train acc : 0.6298138888888889
Server test accuracy after round 2: 0.512
[2m[36m(launch_and_fit pid=2037571)[0m Fitting Client 16
[2m[36m(launch_and_fit pid=2037535)[0m Fitting Client 2
[2m[36m(launch_and_fit pid=2037584)[0m Fitting Client 4
[2m[36m(launch_and_fit pid=2037551)[0m Fitting Client 17
[2m[36m(launch_and_fit pid=2037576)[0m Fitting Client 6
[2m[36m(launch_and_fit pid=2037565)[0m Fitting Client 18
[2m[36m(launch_and_fit pid=2037543)[0m Fitting Client 5
[2m[36m(launch_and_fit pid=2037559)[0m Fitting Client 7
INFO flwr 2023-08-15 03:22:05,763 | server.py:116 | fit progress: (3, 1.1103579650878905, {'server_test_acc': 0.6272}, 108.44271473307163)
INFO flwr 2023-08-15 03:22:05,763 | server.py:163 | evaluate_round 3: no clients selected, cancel
DEBUG flwr 2023-08-15 03:22:05,763 | server.py:215 | fit_round 4: strategy sampled 8 clients (out of 20)
DEBUG flwr 2023-08-15 03:22:39,832 | server.py:229 | fit_round 4 received 8 results and 0 failures
INFO flwr 2023-08-15 03:22:39,899 | common.py:35 | Avg. local train loss : 4.285104364529252, train acc : 0.693225
Server test accuracy after round 3: 0.6272
[2m[36m(launch_and_fit pid=2091508)[0m Fitting Client 7
[2m[36m(launch_and_fit pid=2091516)[0m Fitting Client 0
[2m[36m(launch_and_fit pid=2091513)[0m Fitting Client 10
[2m[36m(launch_and_fit pid=2091515)[0m Fitting Client 18
[2m[36m(launch_and_fit pid=2091514)[0m Fitting Client 1
[2m[36m(launch_and_fit pid=2091510)[0m Fitting Client 17
[2m[36m(launch_and_fit pid=2091518)[0m Fitting Client 12
[2m[36m(launch_and_fit pid=2091517)[0m Fitting Client 13
INFO flwr 2023-08-15 03:22:41,042 | server.py:116 | fit progress: (4, 1.069907046508789, {'server_test_acc': 0.6589}, 143.72206775285304)
INFO flwr 2023-08-15 03:22:41,042 | server.py:163 | evaluate_round 4: no clients selected, cancel
DEBUG flwr 2023-08-15 03:22:41,043 | server.py:215 | fit_round 5: strategy sampled 8 clients (out of 20)
DEBUG flwr 2023-08-15 03:23:16,265 | server.py:229 | fit_round 5 received 8 results and 0 failures
INFO flwr 2023-08-15 03:23:16,332 | common.py:35 | Avg. local train loss : 3.7499848712235693, train acc : 0.7345138888888889
Server test accuracy after round 4: 0.6589
[2m[36m(launch_and_fit pid=2141350)[0m Fitting Client 9
[2m[36m(launch_and_fit pid=2141349)[0m Fitting Client 14
[2m[36m(launch_and_fit pid=2141347)[0m Fitting Client 8
[2m[36m(launch_and_fit pid=2141346)[0m Fitting Client 2
[2m[36m(launch_and_fit pid=2141348)[0m Fitting Client 6
[2m[36m(launch_and_fit pid=2141351)[0m Fitting Client 11
[2m[36m(launch_and_fit pid=2141344)[0m Fitting Client 10
[2m[36m(launch_and_fit pid=2141341)[0m Fitting Client 12
INFO flwr 2023-08-15 03:23:17,498 | server.py:116 | fit progress: (5, 1.003819223022461, {'server_test_acc': 0.6849}, 180.17776101874188)
INFO flwr 2023-08-15 03:23:17,498 | server.py:163 | evaluate_round 5: no clients selected, cancel
DEBUG flwr 2023-08-15 03:23:17,498 | server.py:215 | fit_round 6: strategy sampled 8 clients (out of 20)
DEBUG flwr 2023-08-15 03:23:52,231 | server.py:229 | fit_round 6 received 8 results and 0 failures
INFO flwr 2023-08-15 03:23:52,298 | common.py:35 | Avg. local train loss : 3.224781665019691, train acc : 0.7737833333333335
Server test accuracy after round 5: 0.6849
[2m[36m(launch_and_fit pid=2192554)[0m Fitting Client 14
[2m[36m(launch_and_fit pid=2192553)[0m Fitting Client 2
[2m[36m(launch_and_fit pid=2192544)[0m Fitting Client 10
[2m[36m(launch_and_fit pid=2192556)[0m Fitting Client 17
[2m[36m(launch_and_fit pid=2192555)[0m Fitting Client 4
[2m[36m(launch_and_fit pid=2192551)[0m Fitting Client 12
[2m[36m(launch_and_fit pid=2192550)[0m Fitting Client 6
[2m[36m(launch_and_fit pid=2192552)[0m Fitting Client 15
INFO flwr 2023-08-15 03:23:53,437 | server.py:116 | fit progress: (6, 1.0036119049072265, {'server_test_acc': 0.6948}, 216.1164772938937)
INFO flwr 2023-08-15 03:23:53,437 | server.py:163 | evaluate_round 6: no clients selected, cancel
DEBUG flwr 2023-08-15 03:23:53,437 | server.py:215 | fit_round 7: strategy sampled 8 clients (out of 20)
DEBUG flwr 2023-08-15 03:24:28,036 | server.py:229 | fit_round 7 received 8 results and 0 failures
INFO flwr 2023-08-15 03:24:28,103 | common.py:35 | Avg. local train loss : 2.9193102000281215, train acc : 0.7967888888888889
Server test accuracy after round 6: 0.6948
[2m[36m(launch_and_fit pid=2237475)[0m Fitting Client 18
[2m[36m(launch_and_fit pid=2237477)[0m Fitting Client 7
[2m[36m(launch_and_fit pid=2237482)[0m Fitting Client 14
[2m[36m(launch_and_fit pid=2237479)[0m Fitting Client 8
[2m[36m(launch_and_fit pid=2237483)[0m Fitting Client 6
[2m[36m(launch_and_fit pid=2237480)[0m Fitting Client 13
[2m[36m(launch_and_fit pid=2237478)[0m Fitting Client 17
[2m[36m(launch_and_fit pid=2237481)[0m Fitting Client 9
INFO flwr 2023-08-15 03:24:29,251 | server.py:116 | fit progress: (7, 0.9006510437011719, {'server_test_acc': 0.7239}, 251.93042928073555)
INFO flwr 2023-08-15 03:24:29,251 | server.py:163 | evaluate_round 7: no clients selected, cancel
DEBUG flwr 2023-08-15 03:24:29,251 | server.py:215 | fit_round 8: strategy sampled 8 clients (out of 20)
DEBUG flwr 2023-08-15 03:25:04,369 | server.py:229 | fit_round 8 received 8 results and 0 failures
INFO flwr 2023-08-15 03:25:04,436 | common.py:35 | Avg. local train loss : 2.7383037775754926, train acc : 0.81165
Server test accuracy after round 7: 0.7239
[2m[36m(launch_and_fit pid=2282000)[0m Fitting Client 16
[2m[36m(launch_and_fit pid=2281998)[0m Fitting Client 11
[2m[36m(launch_and_fit pid=2281999)[0m Fitting Client 4
[2m[36m(launch_and_fit pid=2281995)[0m Fitting Client 7
[2m[36m(launch_and_fit pid=2282003)[0m Fitting Client 0
[2m[36m(launch_and_fit pid=2282002)[0m Fitting Client 1
[2m[36m(launch_and_fit pid=2282004)[0m Fitting Client 12
[2m[36m(launch_and_fit pid=2282001)[0m Fitting Client 15
INFO flwr 2023-08-15 03:25:05,587 | server.py:116 | fit progress: (8, 0.9213431762695312, {'server_test_acc': 0.7242}, 288.2665544920601)
INFO flwr 2023-08-15 03:25:05,587 | server.py:163 | evaluate_round 8: no clients selected, cancel
DEBUG flwr 2023-08-15 03:25:05,587 | server.py:215 | fit_round 9: strategy sampled 8 clients (out of 20)
DEBUG flwr 2023-08-15 03:25:39,894 | server.py:229 | fit_round 9 received 8 results and 0 failures
INFO flwr 2023-08-15 03:25:39,961 | common.py:35 | Avg. local train loss : 2.5631847329437734, train acc : 0.8233888888888888
Server test accuracy after round 8: 0.7242
[2m[36m(launch_and_fit pid=2326436)[0m Fitting Client 5
[2m[36m(launch_and_fit pid=2326442)[0m Fitting Client 9
[2m[36m(launch_and_fit pid=2326434)[0m Fitting Client 4
[2m[36m(launch_and_fit pid=2326440)[0m Fitting Client 6
[2m[36m(launch_and_fit pid=2326439)[0m Fitting Client 2
[2m[36m(launch_and_fit pid=2326432)[0m Fitting Client 3
[2m[36m(launch_and_fit pid=2326438)[0m Fitting Client 13
[2m[36m(launch_and_fit pid=2326441)[0m Fitting Client 14
INFO flwr 2023-08-15 03:25:41,091 | server.py:116 | fit progress: (9, 0.8584959930419922, {'server_test_acc': 0.74}, 323.7710592667572)
INFO flwr 2023-08-15 03:25:41,091 | server.py:163 | evaluate_round 9: no clients selected, cancel
DEBUG flwr 2023-08-15 03:25:41,092 | server.py:215 | fit_round 10: strategy sampled 8 clients (out of 20)
DEBUG flwr 2023-08-15 03:26:15,874 | server.py:229 | fit_round 10 received 8 results and 0 failures
INFO flwr 2023-08-15 03:26:15,941 | common.py:35 | Avg. local train loss : 2.331409440003336, train acc : 0.8403750000000001
Server test accuracy after round 9: 0.74
[2m[36m(launch_and_fit pid=2370672)[0m Fitting Client 16
[2m[36m(launch_and_fit pid=2370677)[0m Fitting Client 12
[2m[36m(launch_and_fit pid=2370670)[0m Fitting Client 8
[2m[36m(launch_and_fit pid=2370675)[0m Fitting Client 10
[2m[36m(launch_and_fit pid=2370676)[0m Fitting Client 17
[2m[36m(launch_and_fit pid=2370673)[0m Fitting Client 3
[2m[36m(launch_and_fit pid=2370674)[0m Fitting Client 0
[2m[36m(launch_and_fit pid=2370666)[0m Fitting Client 14
INFO flwr 2023-08-15 03:26:17,077 | server.py:116 | fit progress: (10, 0.839835482788086, {'server_test_acc': 0.7502}, 359.75721340207383)
INFO flwr 2023-08-15 03:26:17,078 | server.py:163 | evaluate_round 10: no clients selected, cancel
DEBUG flwr 2023-08-15 03:26:17,078 | server.py:215 | fit_round 11: strategy sampled 8 clients (out of 20)
DEBUG flwr 2023-08-15 03:26:51,596 | server.py:229 | fit_round 11 received 8 results and 0 failures
INFO flwr 2023-08-15 03:26:51,663 | common.py:35 | Avg. local train loss : 2.1235610123723747, train acc : 0.8535250000000001
Server test accuracy after round 10: 0.7502
[2m[36m(launch_and_fit pid=2415412)[0m Fitting Client 7
[2m[36m(launch_and_fit pid=2415408)[0m Fitting Client 9
[2m[36m(launch_and_fit pid=2415403)[0m Fitting Client 8
[2m[36m(launch_and_fit pid=2415411)[0m Fitting Client 2
[2m[36m(launch_and_fit pid=2415410)[0m Fitting Client 13
[2m[36m(launch_and_fit pid=2415409)[0m Fitting Client 3
[2m[36m(launch_and_fit pid=2415406)[0m Fitting Client 10
[2m[36m(launch_and_fit pid=2415413)[0m Fitting Client 0
INFO flwr 2023-08-15 03:26:52,819 | server.py:116 | fit progress: (11, 0.840735888671875, {'server_test_acc': 0.7578}, 395.4988371809013)
INFO flwr 2023-08-15 03:26:52,819 | server.py:163 | evaluate_round 11: no clients selected, cancel
DEBUG flwr 2023-08-15 03:26:52,819 | server.py:215 | fit_round 12: strategy sampled 8 clients (out of 20)
DEBUG flwr 2023-08-15 03:27:27,908 | server.py:229 | fit_round 12 received 8 results and 0 failures
INFO flwr 2023-08-15 03:27:27,975 | common.py:35 | Avg. local train loss : 2.0209223169833423, train acc : 0.8627750000000002
Server test accuracy after round 11: 0.7578
[2m[36m(launch_and_fit pid=2459371)[0m Fitting Client 16
[2m[36m(launch_and_fit pid=2459376)[0m Fitting Client 8
[2m[36m(launch_and_fit pid=2459377)[0m Fitting Client 3
[2m[36m(launch_and_fit pid=2459380)[0m Fitting Client 4
[2m[36m(launch_and_fit pid=2459373)[0m Fitting Client 18
[2m[36m(launch_and_fit pid=2459375)[0m Fitting Client 5
[2m[36m(launch_and_fit pid=2459378)[0m Fitting Client 13
[2m[36m(launch_and_fit pid=2459379)[0m Fitting Client 10
INFO flwr 2023-08-15 03:27:29,111 | server.py:116 | fit progress: (12, 0.8140517852783203, {'server_test_acc': 0.7655}, 431.79122238093987)
INFO flwr 2023-08-15 03:27:29,112 | server.py:163 | evaluate_round 12: no clients selected, cancel
DEBUG flwr 2023-08-15 03:27:29,112 | server.py:215 | fit_round 13: strategy sampled 8 clients (out of 20)
DEBUG flwr 2023-08-15 03:28:05,033 | server.py:229 | fit_round 13 received 8 results and 0 failures
INFO flwr 2023-08-15 03:28:05,099 | common.py:35 | Avg. local train loss : 1.9315606463700532, train acc : 0.8696333333333333
Server test accuracy after round 12: 0.7655
[2m[36m(launch_and_fit pid=2503963)[0m Fitting Client 8
[2m[36m(launch_and_fit pid=2503956)[0m Fitting Client 16
[2m[36m(launch_and_fit pid=2503966)[0m Fitting Client 14
[2m[36m(launch_and_fit pid=2503962)[0m Fitting Client 11
[2m[36m(launch_and_fit pid=2503964)[0m Fitting Client 5
[2m[36m(launch_and_fit pid=2503965)[0m Fitting Client 12
[2m[36m(launch_and_fit pid=2503959)[0m Fitting Client 4
[2m[36m(launch_and_fit pid=2503961)[0m Fitting Client 6
INFO flwr 2023-08-15 03:28:06,247 | server.py:116 | fit progress: (13, 0.8099658554077148, {'server_test_acc': 0.7706}, 468.92678072396666)
INFO flwr 2023-08-15 03:28:06,247 | server.py:163 | evaluate_round 13: no clients selected, cancel
DEBUG flwr 2023-08-15 03:28:06,247 | server.py:215 | fit_round 14: strategy sampled 8 clients (out of 20)
DEBUG flwr 2023-08-15 03:28:41,198 | server.py:229 | fit_round 14 received 8 results and 0 failures
INFO flwr 2023-08-15 03:28:41,268 | common.py:35 | Avg. local train loss : 1.7931655457243323, train acc : 0.8787027777777776
Server test accuracy after round 13: 0.7706
[2m[36m(launch_and_fit pid=2548470)[0m Fitting Client 5
[2m[36m(launch_and_fit pid=2548467)[0m Fitting Client 19
[2m[36m(launch_and_fit pid=2548464)[0m Fitting Client 0
[2m[36m(launch_and_fit pid=2548471)[0m Fitting Client 12
[2m[36m(launch_and_fit pid=2548466)[0m Fitting Client 15
[2m[36m(launch_and_fit pid=2548469)[0m Fitting Client 14
[2m[36m(launch_and_fit pid=2548468)[0m Fitting Client 3
[2m[36m(launch_and_fit pid=2548461)[0m Fitting Client 10
INFO flwr 2023-08-15 03:28:42,435 | server.py:116 | fit progress: (14, 0.8351886291503906, {'server_test_acc': 0.7648}, 505.11511405184865)
INFO flwr 2023-08-15 03:28:42,436 | server.py:163 | evaluate_round 14: no clients selected, cancel
DEBUG flwr 2023-08-15 03:28:42,436 | server.py:215 | fit_round 15: strategy sampled 8 clients (out of 20)
DEBUG flwr 2023-08-15 03:29:16,777 | server.py:229 | fit_round 15 received 8 results and 0 failures
INFO flwr 2023-08-15 03:29:16,844 | common.py:35 | Avg. local train loss : 1.8788630016148093, train acc : 0.873361111111111
Server test accuracy after round 14: 0.7648
[2m[36m(launch_and_fit pid=2592729)[0m Fitting Client 9
[2m[36m(launch_and_fit pid=2592735)[0m Fitting Client 11
[2m[36m(launch_and_fit pid=2592731)[0m Fitting Client 7
[2m[36m(launch_and_fit pid=2592733)[0m Fitting Client 2
[2m[36m(launch_and_fit pid=2592736)[0m Fitting Client 16
[2m[36m(launch_and_fit pid=2592732)[0m Fitting Client 18
[2m[36m(launch_and_fit pid=2592727)[0m Fitting Client 1
[2m[36m(launch_and_fit pid=2592734)[0m Fitting Client 17
INFO flwr 2023-08-15 03:29:18,027 | server.py:116 | fit progress: (15, 0.7695533554077149, {'server_test_acc': 0.7781}, 540.7063869149424)
INFO flwr 2023-08-15 03:29:18,027 | server.py:163 | evaluate_round 15: no clients selected, cancel
DEBUG flwr 2023-08-15 03:29:18,027 | server.py:215 | fit_round 16: strategy sampled 8 clients (out of 20)
DEBUG flwr 2023-08-15 03:29:52,524 | server.py:229 | fit_round 16 received 8 results and 0 failures
INFO flwr 2023-08-15 03:29:52,591 | common.py:35 | Avg. local train loss : 1.6362116548698398, train acc : 0.8895833333333334
Server test accuracy after round 15: 0.7781
[2m[36m(launch_and_fit pid=2637456)[0m Fitting Client 4
[2m[36m(launch_and_fit pid=2637461)[0m Fitting Client 19
[2m[36m(launch_and_fit pid=2637451)[0m Fitting Client 2
[2m[36m(launch_and_fit pid=2637459)[0m Fitting Client 15
[2m[36m(launch_and_fit pid=2637460)[0m Fitting Client 8
[2m[36m(launch_and_fit pid=2637462)[0m Fitting Client 16
[2m[36m(launch_and_fit pid=2637458)[0m Fitting Client 18
[2m[36m(launch_and_fit pid=2637454)[0m Fitting Client 17
INFO flwr 2023-08-15 03:29:53,748 | server.py:116 | fit progress: (16, 0.7979884658813476, {'server_test_acc': 0.7754}, 576.4275669199415)
INFO flwr 2023-08-15 03:29:53,748 | server.py:163 | evaluate_round 16: no clients selected, cancel
DEBUG flwr 2023-08-15 03:29:53,748 | server.py:215 | fit_round 17: strategy sampled 8 clients (out of 20)
DEBUG flwr 2023-08-15 03:30:28,339 | server.py:229 | fit_round 17 received 8 results and 0 failures
INFO flwr 2023-08-15 03:30:28,405 | common.py:35 | Avg. local train loss : 1.5210471922997384, train acc : 0.897761111111111
Server test accuracy after round 16: 0.7754
[2m[36m(launch_and_fit pid=2681505)[0m Fitting Client 6
[2m[36m(launch_and_fit pid=2681508)[0m Fitting Client 19
[2m[36m(launch_and_fit pid=2681510)[0m Fitting Client 18
[2m[36m(launch_and_fit pid=2681509)[0m Fitting Client 10
[2m[36m(launch_and_fit pid=2681500)[0m Fitting Client 13
[2m[36m(launch_and_fit pid=2681506)[0m Fitting Client 17
[2m[36m(launch_and_fit pid=2681503)[0m Fitting Client 16
[2m[36m(launch_and_fit pid=2681507)[0m Fitting Client 9
INFO flwr 2023-08-15 03:30:29,564 | server.py:116 | fit progress: (17, 0.8047566711425781, {'server_test_acc': 0.7776}, 612.2437324328348)
INFO flwr 2023-08-15 03:30:29,564 | server.py:163 | evaluate_round 17: no clients selected, cancel
DEBUG flwr 2023-08-15 03:30:29,564 | server.py:215 | fit_round 18: strategy sampled 8 clients (out of 20)
DEBUG flwr 2023-08-15 03:31:04,107 | server.py:229 | fit_round 18 received 8 results and 0 failures
INFO flwr 2023-08-15 03:31:04,174 | common.py:35 | Avg. local train loss : 1.586240299232304, train acc : 0.8943444444444444
Server test accuracy after round 17: 0.7776
[2m[36m(launch_and_fit pid=2725903)[0m Fitting Client 11
[2m[36m(launch_and_fit pid=2725912)[0m Fitting Client 1
[2m[36m(launch_and_fit pid=2725905)[0m Fitting Client 14
[2m[36m(launch_and_fit pid=2725909)[0m Fitting Client 3
[2m[36m(launch_and_fit pid=2725911)[0m Fitting Client 15
[2m[36m(launch_and_fit pid=2725910)[0m Fitting Client 17
[2m[36m(launch_and_fit pid=2725907)[0m Fitting Client 16
[2m[36m(launch_and_fit pid=2725908)[0m Fitting Client 18
INFO flwr 2023-08-15 03:31:05,339 | server.py:116 | fit progress: (18, 0.7946860290527343, {'server_test_acc': 0.7825}, 648.0183651968837)
INFO flwr 2023-08-15 03:31:05,339 | server.py:163 | evaluate_round 18: no clients selected, cancel
DEBUG flwr 2023-08-15 03:31:05,339 | server.py:215 | fit_round 19: strategy sampled 8 clients (out of 20)
DEBUG flwr 2023-08-15 03:31:40,286 | server.py:229 | fit_round 19 received 8 results and 0 failures
INFO flwr 2023-08-15 03:31:40,353 | common.py:35 | Avg. local train loss : 1.4491261688526722, train acc : 0.9029638888888889
Server test accuracy after round 18: 0.7825
[2m[36m(launch_and_fit pid=2770404)[0m Fitting Client 18
[2m[36m(launch_and_fit pid=2770400)[0m Fitting Client 17
[2m[36m(launch_and_fit pid=2770405)[0m Fitting Client 1
[2m[36m(launch_and_fit pid=2770406)[0m Fitting Client 11
[2m[36m(launch_and_fit pid=2770398)[0m Fitting Client 0
[2m[36m(launch_and_fit pid=2770403)[0m Fitting Client 16
[2m[36m(launch_and_fit pid=2770402)[0m Fitting Client 7
[2m[36m(launch_and_fit pid=2770395)[0m Fitting Client 10
INFO flwr 2023-08-15 03:31:41,531 | server.py:116 | fit progress: (19, 0.7801133529663086, {'server_test_acc': 0.7884}, 684.2107685809024)
INFO flwr 2023-08-15 03:31:41,531 | server.py:163 | evaluate_round 19: no clients selected, cancel
DEBUG flwr 2023-08-15 03:31:41,531 | server.py:215 | fit_round 20: strategy sampled 8 clients (out of 20)
DEBUG flwr 2023-08-15 03:32:16,089 | server.py:229 | fit_round 20 received 8 results and 0 failures
INFO flwr 2023-08-15 03:32:16,156 | common.py:35 | Avg. local train loss : 1.3854302347172054, train acc : 0.9072833333333334
Server test accuracy after round 19: 0.7884
[2m[36m(launch_and_fit pid=2814642)[0m Fitting Client 7
[2m[36m(launch_and_fit pid=2814645)[0m Fitting Client 19
[2m[36m(launch_and_fit pid=2814644)[0m Fitting Client 2
[2m[36m(launch_and_fit pid=2814646)[0m Fitting Client 8
[2m[36m(launch_and_fit pid=2814638)[0m Fitting Client 1
[2m[36m(launch_and_fit pid=2814648)[0m Fitting Client 10
[2m[36m(launch_and_fit pid=2814649)[0m Fitting Client 3
[2m[36m(launch_and_fit pid=2814647)[0m Fitting Client 16
INFO flwr 2023-08-15 03:32:17,314 | server.py:116 | fit progress: (20, 0.7955863784790039, {'server_test_acc': 0.7808}, 719.9940887638368)
INFO flwr 2023-08-15 03:32:17,315 | server.py:163 | evaluate_round 20: no clients selected, cancel
DEBUG flwr 2023-08-15 03:32:17,315 | server.py:215 | fit_round 21: strategy sampled 8 clients (out of 20)
DEBUG flwr 2023-08-15 03:32:52,317 | server.py:229 | fit_round 21 received 8 results and 0 failures
INFO flwr 2023-08-15 03:32:52,384 | common.py:35 | Avg. local train loss : 1.4450956160202624, train acc : 0.9038583333333333
Server test accuracy after round 20: 0.7808
[2m[36m(launch_and_fit pid=2859391)[0m Fitting Client 7
[2m[36m(launch_and_fit pid=2859382)[0m Fitting Client 8
[2m[36m(launch_and_fit pid=2859387)[0m Fitting Client 4
[2m[36m(launch_and_fit pid=2859384)[0m Fitting Client 15
[2m[36m(launch_and_fit pid=2859390)[0m Fitting Client 12
[2m[36m(launch_and_fit pid=2859386)[0m Fitting Client 6
[2m[36m(launch_and_fit pid=2859388)[0m Fitting Client 18
[2m[36m(launch_and_fit pid=2859389)[0m Fitting Client 3
INFO flwr 2023-08-15 03:32:53,537 | server.py:116 | fit progress: (21, 0.7241710418701172, {'server_test_acc': 0.7956}, 756.2168904319406)
INFO flwr 2023-08-15 03:32:53,537 | server.py:163 | evaluate_round 21: no clients selected, cancel
DEBUG flwr 2023-08-15 03:32:53,537 | server.py:215 | fit_round 22: strategy sampled 8 clients (out of 20)
DEBUG flwr 2023-08-15 03:33:28,332 | server.py:229 | fit_round 22 received 8 results and 0 failures
INFO flwr 2023-08-15 03:33:28,399 | common.py:35 | Avg. local train loss : 1.3408766947919504, train acc : 0.9113694444444445
Server test accuracy after round 21: 0.7956
[2m[36m(launch_and_fit pid=2903397)[0m Fitting Client 18
[2m[36m(launch_and_fit pid=2903391)[0m Fitting Client 6
[2m[36m(launch_and_fit pid=2903398)[0m Fitting Client 15
[2m[36m(launch_and_fit pid=2903387)[0m Fitting Client 13
[2m[36m(launch_and_fit pid=2903393)[0m Fitting Client 3
[2m[36m(launch_and_fit pid=2903396)[0m Fitting Client 5
[2m[36m(launch_and_fit pid=2903395)[0m Fitting Client 17
[2m[36m(launch_and_fit pid=2903394)[0m Fitting Client 19
INFO flwr 2023-08-15 03:33:29,528 | server.py:116 | fit progress: (22, 0.7428057220458985, {'server_test_acc': 0.8002}, 792.2080102139153)
INFO flwr 2023-08-15 03:33:29,528 | server.py:163 | evaluate_round 22: no clients selected, cancel
DEBUG flwr 2023-08-15 03:33:29,529 | server.py:215 | fit_round 23: strategy sampled 8 clients (out of 20)
DEBUG flwr 2023-08-15 03:34:04,566 | server.py:229 | fit_round 23 received 8 results and 0 failures
INFO flwr 2023-08-15 03:34:04,633 | common.py:35 | Avg. local train loss : 1.3107945798896252, train acc : 0.913261111111111
Server test accuracy after round 22: 0.8002
[2m[36m(launch_and_fit pid=2948420)[0m Fitting Client 1
[2m[36m(launch_and_fit pid=2948427)[0m Fitting Client 12
[2m[36m(launch_and_fit pid=2948425)[0m Fitting Client 14
[2m[36m(launch_and_fit pid=2948428)[0m Fitting Client 11
[2m[36m(launch_and_fit pid=2948426)[0m Fitting Client 18
[2m[36m(launch_and_fit pid=2948429)[0m Fitting Client 5
[2m[36m(launch_and_fit pid=2948423)[0m Fitting Client 3
[2m[36m(launch_and_fit pid=2948430)[0m Fitting Client 15
INFO flwr 2023-08-15 03:34:05,800 | server.py:116 | fit progress: (23, 0.7253788818359375, {'server_test_acc': 0.8036}, 828.4801450497471)
INFO flwr 2023-08-15 03:34:05,801 | server.py:163 | evaluate_round 23: no clients selected, cancel
DEBUG flwr 2023-08-15 03:34:05,801 | server.py:215 | fit_round 24: strategy sampled 8 clients (out of 20)
DEBUG flwr 2023-08-15 03:34:41,071 | server.py:229 | fit_round 24 received 8 results and 0 failures
INFO flwr 2023-08-15 03:34:41,138 | common.py:35 | Avg. local train loss : 1.2479889296926558, train acc : 0.9171027777777778
Server test accuracy after round 23: 0.8036
[2m[36m(launch_and_fit pid=2992884)[0m Fitting Client 2
[2m[36m(launch_and_fit pid=2992885)[0m Fitting Client 14
[2m[36m(launch_and_fit pid=2992886)[0m Fitting Client 16
[2m[36m(launch_and_fit pid=2992887)[0m Fitting Client 15
[2m[36m(launch_and_fit pid=2992878)[0m Fitting Client 3
[2m[36m(launch_and_fit pid=2992880)[0m Fitting Client 7
[2m[36m(launch_and_fit pid=2992883)[0m Fitting Client 17
[2m[36m(launch_and_fit pid=2992882)[0m Fitting Client 6
INFO flwr 2023-08-15 03:34:42,303 | server.py:116 | fit progress: (24, 0.7427712768554687, {'server_test_acc': 0.8001}, 864.9828550647944)
INFO flwr 2023-08-15 03:34:42,303 | server.py:163 | evaluate_round 24: no clients selected, cancel
DEBUG flwr 2023-08-15 03:34:42,303 | server.py:215 | fit_round 25: strategy sampled 8 clients (out of 20)
DEBUG flwr 2023-08-15 03:35:16,901 | server.py:229 | fit_round 25 received 8 results and 0 failures
INFO flwr 2023-08-15 03:35:16,968 | common.py:35 | Avg. local train loss : 1.2229972016997634, train acc : 0.9186416666666665
Server test accuracy after round 24: 0.8001
[2m[36m(launch_and_fit pid=3037184)[0m Fitting Client 2
[2m[36m(launch_and_fit pid=3037181)[0m Fitting Client 8
[2m[36m(launch_and_fit pid=3037183)[0m Fitting Client 7
[2m[36m(launch_and_fit pid=3037185)[0m Fitting Client 18
[2m[36m(launch_and_fit pid=3037187)[0m Fitting Client 13
[2m[36m(launch_and_fit pid=3037178)[0m Fitting Client 14
[2m[36m(launch_and_fit pid=3037186)[0m Fitting Client 12
[2m[36m(launch_and_fit pid=3037188)[0m Fitting Client 19
INFO flwr 2023-08-15 03:35:18,122 | server.py:116 | fit progress: (25, 0.7590076171875, {'server_test_acc': 0.8005}, 900.8014564537443)
INFO flwr 2023-08-15 03:35:18,122 | server.py:163 | evaluate_round 25: no clients selected, cancel
DEBUG flwr 2023-08-15 03:35:18,122 | server.py:215 | fit_round 26: strategy sampled 8 clients (out of 20)
DEBUG flwr 2023-08-15 03:35:52,985 | server.py:229 | fit_round 26 received 8 results and 0 failures
INFO flwr 2023-08-15 03:35:53,052 | common.py:35 | Avg. local train loss : 1.1783388662151992, train acc : 0.9225194444444446
Server test accuracy after round 25: 0.8005
[2m[36m(launch_and_fit pid=3081870)[0m Fitting Client 1
[2m[36m(launch_and_fit pid=3081873)[0m Fitting Client 0
[2m[36m(launch_and_fit pid=3081868)[0m Fitting Client 3
[2m[36m(launch_and_fit pid=3081874)[0m Fitting Client 14
[2m[36m(launch_and_fit pid=3081872)[0m Fitting Client 17
[2m[36m(launch_and_fit pid=3081876)[0m Fitting Client 12
[2m[36m(launch_and_fit pid=3081877)[0m Fitting Client 19
[2m[36m(launch_and_fit pid=3081875)[0m Fitting Client 2
INFO flwr 2023-08-15 03:35:54,215 | server.py:116 | fit progress: (26, 0.7188357437133789, {'server_test_acc': 0.807}, 936.8943127780221)
INFO flwr 2023-08-15 03:35:54,215 | server.py:163 | evaluate_round 26: no clients selected, cancel
DEBUG flwr 2023-08-15 03:35:54,215 | server.py:215 | fit_round 27: strategy sampled 8 clients (out of 20)
DEBUG flwr 2023-08-15 03:36:28,879 | server.py:229 | fit_round 27 received 8 results and 0 failures
INFO flwr 2023-08-15 03:36:28,946 | common.py:35 | Avg. local train loss : 1.1711414019577204, train acc : 0.9230583333333335
Server test accuracy after round 26: 0.807
[2m[36m(launch_and_fit pid=3127130)[0m Fitting Client 0
[2m[36m(launch_and_fit pid=3127128)[0m Fitting Client 18
[2m[36m(launch_and_fit pid=3127120)[0m Fitting Client 5
[2m[36m(launch_and_fit pid=3127125)[0m Fitting Client 17
[2m[36m(launch_and_fit pid=3127129)[0m Fitting Client 16
[2m[36m(launch_and_fit pid=3127123)[0m Fitting Client 13
[2m[36m(launch_and_fit pid=3127126)[0m Fitting Client 15
[2m[36m(launch_and_fit pid=3127127)[0m Fitting Client 6
INFO flwr 2023-08-15 03:36:30,092 | server.py:116 | fit progress: (27, 0.7348967681884766, {'server_test_acc': 0.8115}, 972.7714979578741)
INFO flwr 2023-08-15 03:36:30,092 | server.py:163 | evaluate_round 27: no clients selected, cancel
DEBUG flwr 2023-08-15 03:36:30,092 | server.py:215 | fit_round 28: strategy sampled 8 clients (out of 20)
DEBUG flwr 2023-08-15 03:37:04,729 | server.py:229 | fit_round 28 received 8 results and 0 failures
INFO flwr 2023-08-15 03:37:04,797 | common.py:35 | Avg. local train loss : 1.115273291943595, train acc : 0.9265888888888888
Server test accuracy after round 27: 0.8115
[2m[36m(launch_and_fit pid=3178650)[0m Fitting Client 12
[2m[36m(launch_and_fit pid=3178660)[0m Fitting Client 14
[2m[36m(launch_and_fit pid=3178662)[0m Fitting Client 13
[2m[36m(launch_and_fit pid=3178656)[0m Fitting Client 8
[2m[36m(launch_and_fit pid=3178654)[0m Fitting Client 0
[2m[36m(launch_and_fit pid=3178655)[0m Fitting Client 18
[2m[36m(launch_and_fit pid=3178661)[0m Fitting Client 16
[2m[36m(launch_and_fit pid=3178652)[0m Fitting Client 5
INFO flwr 2023-08-15 03:37:05,940 | server.py:116 | fit progress: (28, 0.7210575668334961, {'server_test_acc': 0.8108}, 1008.6193151641637)
INFO flwr 2023-08-15 03:37:05,940 | server.py:163 | evaluate_round 28: no clients selected, cancel
DEBUG flwr 2023-08-15 03:37:05,940 | server.py:215 | fit_round 29: strategy sampled 8 clients (out of 20)
DEBUG flwr 2023-08-15 03:37:40,680 | server.py:229 | fit_round 29 received 8 results and 0 failures
INFO flwr 2023-08-15 03:37:40,756 | common.py:35 | Avg. local train loss : 1.1180222961585968, train acc : 0.9271972222222222
Server test accuracy after round 28: 0.8108
[2m[36m(launch_and_fit pid=3235117)[0m Fitting Client 13
[2m[36m(launch_and_fit pid=3235125)[0m Fitting Client 3
[2m[36m(launch_and_fit pid=3235128)[0m Fitting Client 19
[2m[36m(launch_and_fit pid=3235124)[0m Fitting Client 15
[2m[36m(launch_and_fit pid=3235114)[0m Fitting Client 14
[2m[36m(launch_and_fit pid=3235120)[0m Fitting Client 9
[2m[36m(launch_and_fit pid=3235127)[0m Fitting Client 16
[2m[36m(launch_and_fit pid=3235126)[0m Fitting Client 4
INFO flwr 2023-08-15 03:37:41,901 | server.py:116 | fit progress: (29, 0.7288120529174805, {'server_test_acc': 0.8087}, 1044.5804147389717)
INFO flwr 2023-08-15 03:37:41,901 | server.py:163 | evaluate_round 29: no clients selected, cancel
DEBUG flwr 2023-08-15 03:37:41,901 | server.py:215 | fit_round 30: strategy sampled 8 clients (out of 20)
DEBUG flwr 2023-08-15 03:38:16,784 | server.py:229 | fit_round 30 received 8 results and 0 failures
INFO flwr 2023-08-15 03:38:16,851 | common.py:35 | Avg. local train loss : 1.0845399458194152, train acc : 0.9290666666666667
Server test accuracy after round 29: 0.8087
[2m[36m(launch_and_fit pid=3285134)[0m Fitting Client 14
[2m[36m(launch_and_fit pid=3285131)[0m Fitting Client 17
[2m[36m(launch_and_fit pid=3285133)[0m Fitting Client 0
[2m[36m(launch_and_fit pid=3285130)[0m Fitting Client 19
[2m[36m(launch_and_fit pid=3285125)[0m Fitting Client 18
[2m[36m(launch_and_fit pid=3285132)[0m Fitting Client 10
[2m[36m(launch_and_fit pid=3285128)[0m Fitting Client 1
[2m[36m(launch_and_fit pid=3285135)[0m Fitting Client 9
INFO flwr 2023-08-15 03:38:17,986 | server.py:116 | fit progress: (30, 0.7301236572265625, {'server_test_acc': 0.8113}, 1080.6653223540634)
INFO flwr 2023-08-15 03:38:17,986 | server.py:163 | evaluate_round 30: no clients selected, cancel
INFO flwr 2023-08-15 03:38:17,986 | server.py:144 | FL finished in 1080.6656181537546
INFO flwr 2023-08-15 03:38:17,987 | app.py:202 | app_fit: losses_distributed []
INFO flwr 2023-08-15 03:38:17,987 | app.py:203 | app_fit: metrics_distributed {}
INFO flwr 2023-08-15 03:38:17,987 | app.py:204 | app_fit: losses_centralized [(0, 2.3234217651367186), (1, 2.1495284912109374), (2, 1.5048993377685547), (3, 1.1103579650878905), (4, 1.069907046508789), (5, 1.003819223022461), (6, 1.0036119049072265), (7, 0.9006510437011719), (8, 0.9213431762695312), (9, 0.8584959930419922), (10, 0.839835482788086), (11, 0.840735888671875), (12, 0.8140517852783203), (13, 0.8099658554077148), (14, 0.8351886291503906), (15, 0.7695533554077149), (16, 0.7979884658813476), (17, 0.8047566711425781), (18, 0.7946860290527343), (19, 0.7801133529663086), (20, 0.7955863784790039), (21, 0.7241710418701172), (22, 0.7428057220458985), (23, 0.7253788818359375), (24, 0.7427712768554687), (25, 0.7590076171875), (26, 0.7188357437133789), (27, 0.7348967681884766), (28, 0.7210575668334961), (29, 0.7288120529174805), (30, 0.7301236572265625)]
INFO flwr 2023-08-15 03:38:17,987 | app.py:205 | app_fit: metrics_centralized {'server_test_acc': [(0, 0.108), (1, 0.3093), (2, 0.512), (3, 0.6272), (4, 0.6589), (5, 0.6849), (6, 0.6948), (7, 0.7239), (8, 0.7242), (9, 0.74), (10, 0.7502), (11, 0.7578), (12, 0.7655), (13, 0.7706), (14, 0.7648), (15, 0.7781), (16, 0.7754), (17, 0.7776), (18, 0.7825), (19, 0.7884), (20, 0.7808), (21, 0.7956), (22, 0.8002), (23, 0.8036), (24, 0.8001), (25, 0.8005), (26, 0.807), (27, 0.8115), (28, 0.8108), (29, 0.8087), (30, 0.8113)]}
Server test accuracy after round 30: 0.8113
double free or corruption (fasttop)
srun: error: gcn26: task 0: Aborted
srun: Terminating StepId=3332791.0
cp: cannot stat '/scratch-local/sunnys.3332791/1692062388_118358885/out/*': No such file or directory
-----EXPERIMENT ENDS-----
-----CLEANING UP DISK------
-----END-----

JOB STATISTICS
==============
Job ID: 3332791
Cluster: snellius
User/Group: sunnys/sunnys
State: RUNNING
Nodes: 1
Cores per node: 18
CPU Utilized: 00:00:00
CPU Efficiency: 0.00% of 05:38:06 core-walltime
Job Wall-clock time: 00:18:47
Memory Utilized: 0.00 MB (estimated maximum)
Memory Efficiency: 0.00% of 120.00 GB (120.00 GB/node)
WARNING: Efficiency statistics may be misleading for RUNNING jobs.
