-----BEGIN-----
-----SETTINGS-----
TOTAL CROPS:100000
STRATEGY:feddf
MODEL_NAME:resnet8
NUM_CLIENTS:20
NUM_ROUNDS:30
FRACTION_FIT:0.4
FRACTION_EVALUATE:0.0
DATASET_NAME:cifar10
PARTITION_ALPHA:100.0
PARTITION_VAL_RATIO:0.1
BATCH_SIZE:512
LOCAL_EPOCHS:20
LOCAL_LR:0.01
DISTILL_BATCH_SIZE:512
SERVER_LR:0.005
SERVER_STEPS:250
SERVER_EARLY_STEPS:1000
USE_EARLY_STOPPING:False
USE_ADAPTIVE_LR:False
USE_ADAPTIVE_LR_ROUND:False
SEED:127
CUDA_DETERMINISTIC:False
USE_CROPS:True
IMG_NAME:ameyoko.jpg
DISTILL_DATASET:pathmnist
DISTILL_ALPHA:1.0
NUM_DISTILL_IMAGES:10000
DISTILL_TRANSFORMS:v0
WARM_START:True
WARM_START_ROUNDS:1
WARM_START_INTERVAL:1
KMEANS_N_CLUSTER:10
KMEANS_HEURISTICS:hard
KMEANS_MIXED_FACTOR:50-50
KMEANS_BALANCING:0.25
CONFIDENCE_THRESHOLD:0.1
CONFIDENCE_STRATEGY:top
CONFIDENCE_ADAPTIVE:True
CONFIDENCE_MAX_THRESH:0.5
CLIPPING_FACTOR:2.5
FEDPROX_FACTOR:0.0
FEDPROX_ADAPTIVE:False
USE_CLIPPING:True
USE_ENTROPY:False
USE_KMEANS:True
USE_FEDPROX:False
-----SETTINGS END-----
-----EXPERIMENT BEGINS-----
---------
Generating crops for FedDF
Namespace(img_size=32, batch_size=32, num_imgs=100000, threads=18, vflip=False, deg=30, shear=30, cropfirst=True, initcrop=0.5, scale=[500, 1], randinterp=False, debug=False, imgpath='./static/single_images/ameyoko.jpg', targetpath='/scratch-local/sunnys.3345471/1692118873_103162554', seed=127, img_per_thread=5555)
will save 100000 patches in /scratch-local/sunnys.3345471/1692118873_103162554/single_img_crops/crops
100000 took 0.75min with 18 threads
---------
Simulating feddf training
INFO simulate 2023-08-15 19:02:16,071 | simulate.py:50 | Python script started : simulate.py
DEBUG simulate 2023-08-15 19:02:16,071 | simulate.py:55 | Reading args from argument parser
Downloading https://www.cs.toronto.edu/~kriz/cifar-10-python.tar.gz to /scratch-local/sunnys.3345471/1692118873_103162554/cifar-10-python.tar.gz
Extracting /scratch-local/sunnys.3345471/1692118873_103162554/cifar-10-python.tar.gz to /scratch-local/sunnys.3345471/1692118873_103162554
Generating unified cifar10 dataset
Class histogram for 0-th partition (alpha=100.0, 10 classes): [234 277 195 286 230 262 251 275 216 274]
INFO flwr 2023-08-15 19:03:00,954 | app.py:145 | Starting Flower simulation, config: ServerConfig(num_rounds=30, round_timeout=None)
2023-08-15 19:03:04,398	INFO worker.py:1529 -- Started a local Ray instance. View the dashboard at [1m[32m127.0.0.1:8265 [39m[22m
INFO flwr 2023-08-15 19:03:06,406 | app.py:179 | Flower VCE: Ray initialized with resources: {'GPU': 1.0, 'memory': 103079215104.0, 'CPU': 18.0, 'object_store_memory': 61847529062.0, 'node:145.136.62.21': 1.0, 'accelerator_type:A100': 1.0}
INFO flwr 2023-08-15 19:03:06,407 | server.py:86 | Initializing global parameters
INFO flwr 2023-08-15 19:03:06,407 | server.py:266 | Using initial parameters provided by strategy
INFO flwr 2023-08-15 19:03:06,407 | server.py:88 | Evaluating initial parameters
INFO flwr 2023-08-15 19:03:15,390 | server.py:91 | initial parameters (loss, other metrics): 2.3034546997070313, {'server_test_acc': 0.1285}
INFO flwr 2023-08-15 19:03:15,391 | server.py:101 | FL starting
DEBUG flwr 2023-08-15 19:03:24,521 | server.py:215 | fit_round 1: strategy sampled 8 clients (out of 20)
DEBUG flwr 2023-08-15 19:04:22,477 | server.py:229 | fit_round 1 received 8 results and 0 failures
[2m[36m(launch_and_fit pid=3629637)[0m malloc_consolidate(): invalid chunk size
INFO flwr 2023-08-15 19:04:22,691 | fed_df.py:365 | Warm start at round 1
INFO flwr 2023-08-15 19:04:22,805 | fed_df.py:463 | Performing server side distillation training...
[2m[36m(launch_and_fit pid=3629637)[0m Fitting Client 6
[2m[36m(launch_and_fit pid=3629636)[0m Fitting Client 19
[2m[36m(launch_and_fit pid=3629635)[0m Fitting Client 7
[2m[36m(launch_and_fit pid=3629642)[0m Fitting Client 15
[2m[36m(launch_and_fit pid=3629645)[0m Fitting Client 18
[2m[36m(launch_and_fit pid=3629644)[0m Fitting Client 13
[2m[36m(launch_and_fit pid=3629646)[0m Fitting Client 12
[2m[36m(launch_and_fit pid=3629643)[0m Fitting Client 14
[2m[36m(launch_and_fit pid=3629636)[0m malloc_consolidate(): invalid chunk size
[2m[36m(launch_and_fit pid=3629644)[0m malloc_consolidate(): invalid chunk size
[2m[36m(launch_and_fit pid=3629645)[0m malloc_consolidate(): invalid chunk size
[2m[36m(launch_and_fit pid=3629643)[0m double free or corruption (fasttop)
[2m[36m(launch_and_fit pid=3629646)[0m malloc_consolidate(): invalid chunk size
[2m[36m(launch_and_fit pid=3629635)[0m double free or corruption (fasttop)
[2m[36m(launch_and_fit pid=3629642)[0m double free or corruption (fasttop)
INFO flwr 2023-08-15 19:04:55,869 | fed_df.py:540 | Distillation training stopped at step number : 250
INFO flwr 2023-08-15 19:04:55,870 | fed_df.py:547 | Average fusion training loss : 0.05711337548494339, val accuracy : 0.39644, best val accuracy : 0.4378
INFO flwr 2023-08-15 19:04:55,871 | common.py:35 | Avg. local train loss : 8.666917131841183, train acc : 0.39918611111111113
INFO flwr 2023-08-15 19:04:58,611 | server.py:116 | fit progress: (1, 1.6744493927001953, {'server_test_acc': 0.4369}, 103.22030675923452)
INFO flwr 2023-08-15 19:04:58,611 | server.py:163 | evaluate_round 1: no clients selected, cancel
DEBUG flwr 2023-08-15 19:05:08,006 | server.py:215 | fit_round 2: strategy sampled 8 clients (out of 20)
[2m[36m(launch_and_fit pid=3790939)[0m corrupted size vs. prev_size in fastbins
[2m[36m(launch_and_fit pid=3790943)[0m malloc_consolidate(): invalid chunk size
[2m[36m(launch_and_fit pid=3791133)[0m malloc_consolidate(): invalid chunk size
DEBUG flwr 2023-08-15 19:05:59,547 | server.py:229 | fit_round 2 received 8 results and 0 failures
[2m[36m(launch_and_fit pid=3791134)[0m malloc_consolidate(): invalid chunk size
[2m[36m(launch_and_fit pid=3791132)[0m double free or corruption (!prev)
INFO flwr 2023-08-15 19:05:59,760 | fed_df.py:365 | Warm start at round 2
INFO flwr 2023-08-15 19:05:59,869 | fed_df.py:463 | Performing server side distillation training...
[2m[36m(launch_and_fit pid=3790939)[0m Fitting Client 14
[2m[36m(launch_and_fit pid=3790943)[0m Fitting Client 4
[2m[36m(launch_and_fit pid=3791041)[0m Fitting Client 3
[2m[36m(launch_and_fit pid=3791133)[0m Fitting Client 19
[2m[36m(launch_and_fit pid=3791132)[0m Fitting Client 9
[2m[36m(launch_and_fit pid=3791134)[0m Fitting Client 11
[2m[36m(launch_and_fit pid=3790947)[0m Fitting Client 2
[2m[36m(launch_and_fit pid=3791018)[0m Fitting Client 7
[2m[36m(launch_and_fit pid=3791041)[0m malloc_consolidate(): invalid chunk size
E0815 19:06:01.181396836 3891630 chttp2_transport.cc:1079]             ipv4:145.136.62.21:64311: Received a GOAWAY with error code ENHANCE_YOUR_CALM and debug data equal to "too_many_pings". Current keepalive time (before throttling): 60000ms
[2m[36m(launch_and_fit pid=3791018)[0m double free or corruption (fasttop)
[2m[36m(launch_and_fit pid=3790947)[0m malloc_consolidate(): invalid chunk size
INFO flwr 2023-08-15 19:06:36,181 | fed_df.py:540 | Distillation training stopped at step number : 250
INFO flwr 2023-08-15 19:06:36,181 | fed_df.py:547 | Average fusion training loss : 0.04759741148352623, val accuracy : 0.5478799999999999, best val accuracy : 0.5616
INFO flwr 2023-08-15 19:06:36,183 | common.py:35 | Avg. local train loss : 7.388922519236802, train acc : 0.5362583333333333
INFO flwr 2023-08-15 19:06:39,124 | server.py:116 | fit progress: (2, 1.4717079040527343, {'server_test_acc': 0.5521}, 203.73324301512912)
INFO flwr 2023-08-15 19:06:39,124 | server.py:163 | evaluate_round 2: no clients selected, cancel
DEBUG flwr 2023-08-15 19:06:48,730 | server.py:215 | fit_round 3: strategy sampled 8 clients (out of 20)
[2m[36m(launch_and_fit pid=3951465)[0m malloc_consolidate(): invalid chunk size
DEBUG flwr 2023-08-15 19:07:40,136 | server.py:229 | fit_round 3 received 8 results and 0 failures
[2m[36m(launch_and_fit pid=3951471)[0m malloc_consolidate(): invalid chunk size
[2m[36m(launch_and_fit pid=3951475)[0m malloc_consolidate(): invalid chunk size
INFO flwr 2023-08-15 19:07:40,355 | fed_df.py:365 | Warm start at round 3
INFO flwr 2023-08-15 19:07:40,466 | fed_df.py:463 | Performing server side distillation training...
[2m[36m(launch_and_fit pid=3951465)[0m Fitting Client 18
[2m[36m(launch_and_fit pid=3951472)[0m Fitting Client 3
[2m[36m(launch_and_fit pid=3951471)[0m Fitting Client 12
[2m[36m(launch_and_fit pid=3951468)[0m Fitting Client 13
[2m[36m(launch_and_fit pid=3951476)[0m Fitting Client 0
[2m[36m(launch_and_fit pid=3951477)[0m Fitting Client 1
[2m[36m(launch_and_fit pid=3951475)[0m Fitting Client 7
[2m[36m(launch_and_fit pid=3951469)[0m Fitting Client 6
[2m[36m(launch_and_fit pid=3951477)[0m malloc_consolidate(): invalid chunk size
[2m[36m(launch_and_fit pid=3951468)[0m malloc_consolidate(): invalid chunk size
E0815 19:07:41.348458340 3892789 chttp2_transport.cc:1079]             ipv4:145.136.62.21:64311: Received a GOAWAY with error code ENHANCE_YOUR_CALM and debug data equal to "too_many_pings". Current keepalive time (before throttling): 120000ms
E0815 19:07:41.348576562 3892789 chttp2_transport.cc:1079]             ipv4:145.136.62.21:64311: Received a GOAWAY with error code ENHANCE_YOUR_CALM and debug data equal to "too_many_pings". Current keepalive time (before throttling): 120000ms
E0815 19:07:41.348596170 3892789 chttp2_transport.cc:1079]             ipv4:145.136.62.21:64311: Received a GOAWAY with error code ENHANCE_YOUR_CALM and debug data equal to "too_many_pings". Current keepalive time (before throttling): 120000ms
[2m[36m(launch_and_fit pid=3951476)[0m double free or corruption (fasttop)
[2m[36m(launch_and_fit pid=3951472)[0m malloc_consolidate(): invalid chunk size
[2m[36m(launch_and_fit pid=3951469)[0m malloc_consolidate(): invalid chunk size
INFO flwr 2023-08-15 19:08:15,827 | fed_df.py:540 | Distillation training stopped at step number : 250
INFO flwr 2023-08-15 19:08:15,827 | fed_df.py:547 | Average fusion training loss : 0.030303193673491477, val accuracy : 0.62044, best val accuracy : 0.6282
INFO flwr 2023-08-15 19:08:15,829 | common.py:35 | Avg. local train loss : 6.437857829779386, train acc : 0.6363861111111112
INFO flwr 2023-08-15 19:08:18,719 | server.py:116 | fit progress: (3, 1.4422639617919921, {'server_test_acc': 0.6153}, 303.3285991610028)
INFO flwr 2023-08-15 19:08:18,720 | server.py:163 | evaluate_round 3: no clients selected, cancel
DEBUG flwr 2023-08-15 19:08:28,274 | server.py:215 | fit_round 4: strategy sampled 8 clients (out of 20)
DEBUG flwr 2023-08-15 19:09:19,010 | server.py:229 | fit_round 4 received 8 results and 0 failures
INFO flwr 2023-08-15 19:09:19,224 | fed_df.py:365 | Warm start at round 4
[2m[36m(launch_and_fit pid=4097526)[0m malloc_consolidate(): invalid chunk size
INFO flwr 2023-08-15 19:09:19,338 | fed_df.py:463 | Performing server side distillation training...
[2m[36m(launch_and_fit pid=4097524)[0m Fitting Client 3
[2m[36m(launch_and_fit pid=4097522)[0m Fitting Client 13
[2m[36m(launch_and_fit pid=4097526)[0m Fitting Client 9
[2m[36m(launch_and_fit pid=4097528)[0m Fitting Client 18
[2m[36m(launch_and_fit pid=4097529)[0m Fitting Client 1
[2m[36m(launch_and_fit pid=4097527)[0m Fitting Client 14
[2m[36m(launch_and_fit pid=4097520)[0m Fitting Client 7
[2m[36m(launch_and_fit pid=4097525)[0m Fitting Client 17
[2m[36m(launch_and_fit pid=4097528)[0m malloc_consolidate(): invalid chunk size
[2m[36m(launch_and_fit pid=4097529)[0m malloc_consolidate(): invalid chunk size
[2m[36m(launch_and_fit pid=4097524)[0m malloc_consolidate(): invalid chunk size
[2m[36m(launch_and_fit pid=4097522)[0m double free or corruption (fasttop)
[2m[36m(launch_and_fit pid=4097520)[0m malloc_consolidate(): invalid chunk size
[2m[36m(launch_and_fit pid=4097525)[0m double free or corruption (fasttop)
[2m[36m(launch_and_fit pid=4097527)[0m malloc_consolidate(): invalid chunk size
INFO flwr 2023-08-15 19:09:54,500 | fed_df.py:540 | Distillation training stopped at step number : 250
INFO flwr 2023-08-15 19:09:54,501 | fed_df.py:547 | Average fusion training loss : 0.023881437141448258, val accuracy : 0.6556, best val accuracy : 0.666
INFO flwr 2023-08-15 19:09:54,502 | common.py:35 | Avg. local train loss : 5.770996110141278, train acc : 0.7098027777777779
INFO flwr 2023-08-15 19:09:57,367 | server.py:116 | fit progress: (4, 1.4817933898925781, {'server_test_acc': 0.6487}, 401.9763541761786)
INFO flwr 2023-08-15 19:09:57,367 | server.py:163 | evaluate_round 4: no clients selected, cancel
DEBUG flwr 2023-08-15 19:10:06,996 | server.py:215 | fit_round 5: strategy sampled 8 clients (out of 20)
[2m[36m(launch_and_fit pid=50665)[0m double free or corruption (fasttop)
[2m[36m(launch_and_fit pid=50668)[0m malloc_consolidate(): invalid chunk size
DEBUG flwr 2023-08-15 19:10:57,188 | server.py:229 | fit_round 5 received 8 results and 0 failures
INFO flwr 2023-08-15 19:10:57,404 | fed_df.py:365 | Warm start at round 5
[2m[36m(launch_and_fit pid=50670)[0m double free or corruption (fasttop)
INFO flwr 2023-08-15 19:10:57,785 | fed_df.py:463 | Performing server side distillation training...
[2m[36m(launch_and_fit pid=50665)[0m Fitting Client 4
[2m[36m(launch_and_fit pid=50668)[0m Fitting Client 9
[2m[36m(launch_and_fit pid=50670)[0m Fitting Client 12
[2m[36m(launch_and_fit pid=50671)[0m Fitting Client 18
[2m[36m(launch_and_fit pid=50672)[0m Fitting Client 19
[2m[36m(launch_and_fit pid=50674)[0m Fitting Client 17
[2m[36m(launch_and_fit pid=50675)[0m Fitting Client 16
[2m[36m(launch_and_fit pid=50673)[0m Fitting Client 13
[2m[36m(launch_and_fit pid=50671)[0m malloc_consolidate(): invalid chunk size
[2m[36m(launch_and_fit pid=50672)[0m malloc_consolidate(): invalid chunk size
[2m[36m(launch_and_fit pid=50674)[0m double free or corruption (fasttop)
[2m[36m(launch_and_fit pid=50675)[0m malloc_consolidate(): invalid chunk size
[2m[36m(launch_and_fit pid=50673)[0m malloc_consolidate(): invalid chunk size
E0815 19:11:00.589617142  145985 chttp2_transport.cc:1079]             ipv4:145.136.62.21:64311: Received a GOAWAY with error code ENHANCE_YOUR_CALM and debug data equal to "too_many_pings". Current keepalive time (before throttling): 240000ms
INFO flwr 2023-08-15 19:11:32,880 | fed_df.py:540 | Distillation training stopped at step number : 250
INFO flwr 2023-08-15 19:11:32,881 | fed_df.py:547 | Average fusion training loss : 0.01674961225502193, val accuracy : 0.6552800000000001, best val accuracy : 0.6618
INFO flwr 2023-08-15 19:11:32,882 | common.py:35 | Avg. local train loss : 5.3779378399252895, train acc : 0.7487666666666667
INFO flwr 2023-08-15 19:11:35,869 | server.py:116 | fit progress: (5, 1.5362165954589844, {'server_test_acc': 0.6456}, 500.478165644221)
INFO flwr 2023-08-15 19:11:35,869 | server.py:163 | evaluate_round 5: no clients selected, cancel
DEBUG flwr 2023-08-15 19:11:45,291 | server.py:215 | fit_round 6: strategy sampled 8 clients (out of 20)
[2m[36m(launch_and_fit pid=196883)[0m double free or corruption (fasttop)
DEBUG flwr 2023-08-15 19:12:35,584 | server.py:229 | fit_round 6 received 8 results and 0 failures
INFO flwr 2023-08-15 19:12:35,800 | fed_df.py:365 | Warm start at round 6
INFO flwr 2023-08-15 19:12:35,911 | fed_df.py:463 | Performing server side distillation training...
[2m[36m(launch_and_fit pid=196884)[0m Fitting Client 9
[2m[36m(launch_and_fit pid=196883)[0m Fitting Client 12
[2m[36m(launch_and_fit pid=196882)[0m Fitting Client 11
[2m[36m(launch_and_fit pid=196885)[0m Fitting Client 0
[2m[36m(launch_and_fit pid=196888)[0m Fitting Client 14
[2m[36m(launch_and_fit pid=196890)[0m Fitting Client 8
[2m[36m(launch_and_fit pid=196889)[0m Fitting Client 2
[2m[36m(launch_and_fit pid=196891)[0m Fitting Client 15
[2m[36m(launch_and_fit pid=196884)[0m double free or corruption (fasttop)
[2m[36m(launch_and_fit pid=196891)[0m malloc_consolidate(): invalid chunk size
[2m[36m(launch_and_fit pid=196889)[0m double free or corruption (fasttop)
E0815 19:12:37.219505276  146255 chttp2_transport.cc:1079]             ipv4:145.136.62.21:64311: Received a GOAWAY with error code ENHANCE_YOUR_CALM and debug data equal to "too_many_pings". Current keepalive time (before throttling): 480000ms
[2m[36m(launch_and_fit pid=196882)[0m malloc_consolidate(): invalid chunk size
[2m[36m(launch_and_fit pid=196885)[0m double free or corruption (fasttop)
[2m[36m(launch_and_fit pid=196888)[0m double free or corruption (fasttop)
[2m[36m(launch_and_fit pid=196890)[0m double free or corruption (fasttop)
INFO flwr 2023-08-15 19:13:11,544 | fed_df.py:540 | Distillation training stopped at step number : 250
INFO flwr 2023-08-15 19:13:11,544 | fed_df.py:547 | Average fusion training loss : 0.01449427965003997, val accuracy : 0.69196, best val accuracy : 0.7016
INFO flwr 2023-08-15 19:13:11,546 | common.py:35 | Avg. local train loss : 5.19250210300088, train acc : 0.7715138888888888
INFO flwr 2023-08-15 19:13:14,448 | server.py:116 | fit progress: (6, 1.5284016021728515, {'server_test_acc': 0.6905}, 599.0574952349998)
INFO flwr 2023-08-15 19:13:14,449 | server.py:163 | evaluate_round 6: no clients selected, cancel
DEBUG flwr 2023-08-15 19:13:23,939 | server.py:215 | fit_round 7: strategy sampled 8 clients (out of 20)
[2m[36m(launch_and_fit pid=342921)[0m malloc_consolidate(): invalid chunk size
[2m[36m(launch_and_fit pid=342919)[0m double free or corruption (fasttop)
DEBUG flwr 2023-08-15 19:14:14,353 | server.py:229 | fit_round 7 received 8 results and 0 failures
INFO flwr 2023-08-15 19:14:14,566 | fed_df.py:365 | Warm start at round 7
INFO flwr 2023-08-15 19:14:14,679 | fed_df.py:463 | Performing server side distillation training...
[2m[36m(launch_and_fit pid=342919)[0m Fitting Client 19
[2m[36m(launch_and_fit pid=342921)[0m Fitting Client 1
[2m[36m(launch_and_fit pid=342924)[0m Fitting Client 2
[2m[36m(launch_and_fit pid=342923)[0m Fitting Client 18
[2m[36m(launch_and_fit pid=342926)[0m Fitting Client 0
[2m[36m(launch_and_fit pid=342925)[0m Fitting Client 7
[2m[36m(launch_and_fit pid=342928)[0m Fitting Client 5
[2m[36m(launch_and_fit pid=342927)[0m Fitting Client 13
[2m[36m(launch_and_fit pid=342925)[0m double free or corruption (fasttop)
[2m[36m(launch_and_fit pid=342924)[0m malloc_consolidate(): invalid chunk size
[2m[36m(launch_and_fit pid=342926)[0m malloc_consolidate(): invalid chunk size
[2m[36m(launch_and_fit pid=342923)[0m malloc_consolidate(): invalid chunk size
[2m[36m(launch_and_fit pid=342928)[0m double free or corruption (fasttop)
[2m[36m(launch_and_fit pid=342927)[0m malloc_consolidate(): invalid chunk size
E0815 19:14:17.081201765  289107 chttp2_transport.cc:1079]             ipv4:145.136.62.21:64311: Received a GOAWAY with error code ENHANCE_YOUR_CALM and debug data equal to "too_many_pings". Current keepalive time (before throttling): 960000ms
INFO flwr 2023-08-15 19:14:49,617 | fed_df.py:540 | Distillation training stopped at step number : 250
INFO flwr 2023-08-15 19:14:49,617 | fed_df.py:547 | Average fusion training loss : 0.012911218377761543, val accuracy : 0.6994, best val accuracy : 0.7048
INFO flwr 2023-08-15 19:14:49,619 | common.py:35 | Avg. local train loss : 5.011495095863938, train acc : 0.7914277777777778
INFO flwr 2023-08-15 19:14:52,518 | server.py:116 | fit progress: (7, 1.5465541259765625, {'server_test_acc': 0.7018}, 697.1267836443149)
INFO flwr 2023-08-15 19:14:52,518 | server.py:163 | evaluate_round 7: no clients selected, cancel
DEBUG flwr 2023-08-15 19:15:02,034 | server.py:215 | fit_round 8: strategy sampled 8 clients (out of 20)
[2m[36m(launch_and_fit pid=489266)[0m double free or corruption (fasttop)
DEBUG flwr 2023-08-15 19:15:53,409 | server.py:229 | fit_round 8 received 8 results and 0 failures
INFO flwr 2023-08-15 19:15:53,625 | fed_df.py:365 | Warm start at round 8
[2m[36m(launch_and_fit pid=489274)[0m malloc_consolidate(): invalid chunk size
INFO flwr 2023-08-15 19:15:53,738 | fed_df.py:463 | Performing server side distillation training...
[2m[36m(launch_and_fit pid=489266)[0m Fitting Client 10
[2m[36m(launch_and_fit pid=489265)[0m Fitting Client 1
[2m[36m(launch_and_fit pid=489268)[0m Fitting Client 16
[2m[36m(launch_and_fit pid=489272)[0m Fitting Client 4
[2m[36m(launch_and_fit pid=489267)[0m Fitting Client 7
[2m[36m(launch_and_fit pid=489273)[0m Fitting Client 14
[2m[36m(launch_and_fit pid=489271)[0m Fitting Client 8
[2m[36m(launch_and_fit pid=489274)[0m Fitting Client 11
[2m[36m(launch_and_fit pid=489265)[0m malloc_consolidate(): invalid chunk size
[2m[36m(launch_and_fit pid=489273)[0m malloc_consolidate(): invalid chunk size
[2m[36m(launch_and_fit pid=489272)[0m double free or corruption (fasttop)
E0815 19:15:54.362365681  436782 chttp2_transport.cc:1079]             ipv4:145.136.62.21:64311: Received a GOAWAY with error code ENHANCE_YOUR_CALM and debug data equal to "too_many_pings". Current keepalive time (before throttling): 1920000ms
[2m[36m(launch_and_fit pid=489268)[0m malloc_consolidate(): invalid chunk size
[2m[36m(launch_and_fit pid=489271)[0m double free or corruption (fasttop)
[2m[36m(launch_and_fit pid=489267)[0m malloc_consolidate(): invalid chunk size
INFO flwr 2023-08-15 19:16:28,783 | fed_df.py:540 | Distillation training stopped at step number : 250
INFO flwr 2023-08-15 19:16:28,783 | fed_df.py:547 | Average fusion training loss : 0.012827446303330362, val accuracy : 0.7103599999999999, best val accuracy : 0.7232
INFO flwr 2023-08-15 19:16:28,785 | common.py:35 | Avg. local train loss : 4.957845386862755, train acc : 0.800625
INFO flwr 2023-08-15 19:16:31,707 | server.py:116 | fit progress: (8, 1.5758787384033204, {'server_test_acc': 0.7162}, 796.3158428808674)
INFO flwr 2023-08-15 19:16:31,707 | server.py:163 | evaluate_round 8: no clients selected, cancel
DEBUG flwr 2023-08-15 19:16:41,320 | server.py:215 | fit_round 9: strategy sampled 8 clients (out of 20)
[2m[36m(launch_and_fit pid=635947)[0m malloc_consolidate(): invalid chunk size
DEBUG flwr 2023-08-15 19:17:31,423 | server.py:229 | fit_round 9 received 8 results and 0 failures
INFO flwr 2023-08-15 19:17:31,639 | fed_df.py:365 | Warm start at round 9
INFO flwr 2023-08-15 19:17:31,751 | fed_df.py:463 | Performing server side distillation training...
[2m[36m(launch_and_fit pid=635947)[0m Fitting Client 1
[2m[36m(launch_and_fit pid=635944)[0m Fitting Client 0
[2m[36m(launch_and_fit pid=635948)[0m Fitting Client 17
[2m[36m(launch_and_fit pid=635950)[0m Fitting Client 13
[2m[36m(launch_and_fit pid=635952)[0m Fitting Client 18
[2m[36m(launch_and_fit pid=635951)[0m Fitting Client 9
[2m[36m(launch_and_fit pid=635949)[0m Fitting Client 19
[2m[36m(launch_and_fit pid=635953)[0m Fitting Client 6
[2m[36m(launch_and_fit pid=635948)[0m malloc_consolidate(): invalid chunk size
[2m[36m(launch_and_fit pid=635944)[0m corrupted size vs. prev_size in fastbins
[2m[36m(launch_and_fit pid=635951)[0m double free or corruption (fasttop)
[2m[36m(launch_and_fit pid=635952)[0m malloc_consolidate(): invalid chunk size
[2m[36m(launch_and_fit pid=635949)[0m malloc_consolidate(): invalid chunk size
E0815 19:17:33.190729418  580346 chttp2_transport.cc:1079]             ipv4:145.136.62.21:64311: Received a GOAWAY with error code ENHANCE_YOUR_CALM and debug data equal to "too_many_pings". Current keepalive time (before throttling): 3840000ms
[2m[36m(launch_and_fit pid=635950)[0m malloc_consolidate(): invalid chunk size
[2m[36m(launch_and_fit pid=635953)[0m double free or corruption (fasttop)
INFO flwr 2023-08-15 19:18:07,004 | fed_df.py:540 | Distillation training stopped at step number : 250
INFO flwr 2023-08-15 19:18:07,005 | fed_df.py:547 | Average fusion training loss : 0.011283812795765697, val accuracy : 0.7314800000000001, best val accuracy : 0.745
INFO flwr 2023-08-15 19:18:07,006 | common.py:35 | Avg. local train loss : 4.863809983804822, train acc : 0.8137638888888888
INFO flwr 2023-08-15 19:18:09,942 | server.py:116 | fit progress: (9, 1.5851756622314452, {'server_test_acc': 0.7366}, 894.5510262348689)
INFO flwr 2023-08-15 19:18:09,942 | server.py:163 | evaluate_round 9: no clients selected, cancel
DEBUG flwr 2023-08-15 19:18:19,503 | server.py:215 | fit_round 10: strategy sampled 8 clients (out of 20)
[2m[36m(launch_and_fit pid=782012)[0m malloc_consolidate(): invalid chunk size
[2m[36m(launch_and_fit pid=782018)[0m malloc_consolidate(): invalid chunk size
DEBUG flwr 2023-08-15 19:19:10,072 | server.py:229 | fit_round 10 received 8 results and 0 failures
[2m[36m(launch_and_fit pid=782019)[0m malloc(): unsorted double linked list corrupted
INFO flwr 2023-08-15 19:19:10,291 | fed_df.py:365 | Warm start at round 10
INFO flwr 2023-08-15 19:19:10,404 | fed_df.py:463 | Performing server side distillation training...
[2m[36m(launch_and_fit pid=782012)[0m Fitting Client 8
[2m[36m(launch_and_fit pid=782014)[0m Fitting Client 15
[2m[36m(launch_and_fit pid=782018)[0m Fitting Client 7
[2m[36m(launch_and_fit pid=782017)[0m Fitting Client 0
[2m[36m(launch_and_fit pid=782015)[0m Fitting Client 10
[2m[36m(launch_and_fit pid=782013)[0m Fitting Client 12
[2m[36m(launch_and_fit pid=782016)[0m Fitting Client 6
[2m[36m(launch_and_fit pid=782019)[0m Fitting Client 3
[2m[36m(launch_and_fit pid=782016)[0m malloc_consolidate(): invalid chunk size
E0815 19:19:10.961601460  728129 chttp2_transport.cc:1079]             ipv4:145.136.62.21:64311: Received a GOAWAY with error code ENHANCE_YOUR_CALM and debug data equal to "too_many_pings". Current keepalive time (before throttling): 7680000ms
[2m[36m(launch_and_fit pid=782014)[0m malloc_consolidate(): invalid chunk size
[2m[36m(launch_and_fit pid=782013)[0m double free or corruption (fasttop)
[2m[36m(launch_and_fit pid=782015)[0m double free or corruption (fasttop)
[2m[36m(launch_and_fit pid=782017)[0m corrupted size vs. prev_size in fastbins
INFO flwr 2023-08-15 19:19:45,308 | fed_df.py:540 | Distillation training stopped at step number : 250
INFO flwr 2023-08-15 19:19:45,309 | fed_df.py:547 | Average fusion training loss : 0.01168194525130093, val accuracy : 0.7237199999999999, best val accuracy : 0.7354
INFO flwr 2023-08-15 19:19:45,311 | common.py:35 | Avg. local train loss : 4.800133415311575, train acc : 0.8209194444444444
INFO flwr 2023-08-15 19:19:48,240 | server.py:116 | fit progress: (10, 1.6116009490966796, {'server_test_acc': 0.731}, 992.849503881298)
INFO flwr 2023-08-15 19:19:48,241 | server.py:163 | evaluate_round 10: no clients selected, cancel
DEBUG flwr 2023-08-15 19:19:57,864 | server.py:215 | fit_round 11: strategy sampled 8 clients (out of 20)
DEBUG flwr 2023-08-15 19:20:47,130 | server.py:229 | fit_round 11 received 8 results and 0 failures
[2m[36m(launch_and_fit pid=928796)[0m malloc_consolidate(): invalid chunk size
INFO flwr 2023-08-15 19:20:47,347 | fed_df.py:365 | Warm start at round 11
INFO flwr 2023-08-15 19:20:47,461 | fed_df.py:463 | Performing server side distillation training...
[2m[36m(launch_and_fit pid=928796)[0m Fitting Client 19
[2m[36m(launch_and_fit pid=928881)[0m Fitting Client 14
[2m[36m(launch_and_fit pid=928953)[0m Fitting Client 17
[2m[36m(launch_and_fit pid=928882)[0m Fitting Client 16
[2m[36m(launch_and_fit pid=929074)[0m Fitting Client 4
[2m[36m(launch_and_fit pid=929072)[0m Fitting Client 2
[2m[36m(launch_and_fit pid=928884)[0m Fitting Client 8
[2m[36m(launch_and_fit pid=929073)[0m Fitting Client 3
[2m[36m(launch_and_fit pid=928881)[0m malloc_consolidate(): invalid chunk size
[2m[36m(launch_and_fit pid=928953)[0m malloc_consolidate(): invalid chunk size
[2m[36m(launch_and_fit pid=929074)[0m double free or corruption (fasttop)
E0815 19:20:48.617453564  872500 chttp2_transport.cc:1079]             ipv4:145.136.62.21:64311: Received a GOAWAY with error code ENHANCE_YOUR_CALM and debug data equal to "too_many_pings". Current keepalive time (before throttling): 15360000ms
[2m[36m(launch_and_fit pid=928884)[0m malloc_consolidate(): invalid chunk size
[2m[36m(launch_and_fit pid=929073)[0m double free or corruption (fasttop)
[2m[36m(launch_and_fit pid=928882)[0m malloc_consolidate(): invalid chunk size
[2m[36m(launch_and_fit pid=929072)[0m malloc_consolidate(): invalid chunk size
INFO flwr 2023-08-15 19:21:23,655 | fed_df.py:540 | Distillation training stopped at step number : 250
INFO flwr 2023-08-15 19:21:23,655 | fed_df.py:547 | Average fusion training loss : 0.012901094236411155, val accuracy : 0.73272, best val accuracy : 0.742
INFO flwr 2023-08-15 19:21:23,657 | common.py:35 | Avg. local train loss : 4.696259013190866, train acc : 0.8314305555555556
INFO flwr 2023-08-15 19:21:26,598 | server.py:116 | fit progress: (11, 1.6307926574707032, {'server_test_acc': 0.7447}, 1091.2075773943216)
INFO flwr 2023-08-15 19:21:26,599 | server.py:163 | evaluate_round 11: no clients selected, cancel
DEBUG flwr 2023-08-15 19:21:36,272 | server.py:215 | fit_round 12: strategy sampled 8 clients (out of 20)
[2m[36m(launch_and_fit pid=1096275)[0m malloc_consolidate(): invalid chunk size
[2m[36m(launch_and_fit pid=1096546)[0m malloc_consolidate(): invalid chunk size
[2m[36m(launch_and_fit pid=1096414)[0m malloc_consolidate(): invalid chunk size
[2m[36m(launch_and_fit pid=1096498)[0m malloc_consolidate(): invalid chunk size
[2m[36m(launch_and_fit pid=1096420)[0m malloc_consolidate(): invalid chunk size
DEBUG flwr 2023-08-15 19:22:25,872 | server.py:229 | fit_round 12 received 8 results and 0 failures
INFO flwr 2023-08-15 19:22:26,087 | fed_df.py:365 | Warm start at round 12
INFO flwr 2023-08-15 19:22:26,196 | fed_df.py:463 | Performing server side distillation training...
[2m[36m(launch_and_fit pid=1096275)[0m Fitting Client 16
[2m[36m(launch_and_fit pid=1096420)[0m Fitting Client 3
[2m[36m(launch_and_fit pid=1096414)[0m Fitting Client 0
[2m[36m(launch_and_fit pid=1096546)[0m Fitting Client 10
[2m[36m(launch_and_fit pid=1096416)[0m Fitting Client 5
[2m[36m(launch_and_fit pid=1096498)[0m Fitting Client 17
[2m[36m(launch_and_fit pid=1096490)[0m Fitting Client 11
[2m[36m(launch_and_fit pid=1096415)[0m Fitting Client 14
[2m[36m(launch_and_fit pid=1096416)[0m malloc_consolidate(): invalid chunk size
E0815 19:22:27.331086893 1025137 chttp2_transport.cc:1079]             ipv4:145.136.62.21:64311: Received a GOAWAY with error code ENHANCE_YOUR_CALM and debug data equal to "too_many_pings". Current keepalive time (before throttling): 30720000ms
[2m[36m(launch_and_fit pid=1096415)[0m double free or corruption (fasttop)
[2m[36m(launch_and_fit pid=1096490)[0m malloc_consolidate(): invalid chunk size
INFO flwr 2023-08-15 19:23:02,222 | fed_df.py:540 | Distillation training stopped at step number : 250
INFO flwr 2023-08-15 19:23:02,223 | fed_df.py:547 | Average fusion training loss : 0.013529974008910359, val accuracy : 0.74072, best val accuracy : 0.7502
INFO flwr 2023-08-15 19:23:02,224 | common.py:35 | Avg. local train loss : 4.637615504860879, train acc : 0.8401638888888889
INFO flwr 2023-08-15 19:23:05,594 | server.py:116 | fit progress: (12, 1.647492169189453, {'server_test_acc': 0.7524}, 1190.2031689379364)
INFO flwr 2023-08-15 19:23:05,594 | server.py:163 | evaluate_round 12: no clients selected, cancel
DEBUG flwr 2023-08-15 19:23:15,087 | server.py:215 | fit_round 13: strategy sampled 8 clients (out of 20)
[2m[36m(launch_and_fit pid=1249056)[0m malloc_consolidate(): invalid chunk size
[2m[36m(launch_and_fit pid=1248985)[0m corrupted size vs. prev_size in fastbins
DEBUG flwr 2023-08-15 19:24:04,480 | server.py:229 | fit_round 13 received 8 results and 0 failures
[2m[36m(launch_and_fit pid=1249262)[0m malloc_consolidate(): invalid chunk size
INFO flwr 2023-08-15 19:24:04,697 | fed_df.py:365 | Warm start at round 13
INFO flwr 2023-08-15 19:24:04,827 | fed_df.py:463 | Performing server side distillation training...
[2m[36m(launch_and_fit pid=1248985)[0m Fitting Client 10
[2m[36m(launch_and_fit pid=1249056)[0m Fitting Client 17
[2m[36m(launch_and_fit pid=1249125)[0m Fitting Client 6
[2m[36m(launch_and_fit pid=1249161)[0m Fitting Client 8
[2m[36m(launch_and_fit pid=1249194)[0m Fitting Client 3
[2m[36m(launch_and_fit pid=1249264)[0m Fitting Client 5
[2m[36m(launch_and_fit pid=1249263)[0m Fitting Client 13
[2m[36m(launch_and_fit pid=1249262)[0m Fitting Client 4
[2m[36m(launch_and_fit pid=1249161)[0m malloc_consolidate(): invalid chunk size
[2m[36m(launch_and_fit pid=1249125)[0m malloc_consolidate(): invalid chunk size
[2m[36m(launch_and_fit pid=1249263)[0m malloc_consolidate(): invalid chunk size
E0815 19:24:05.885904116 1331519 chttp2_transport.cc:1079]             ipv4:145.136.62.21:64311: Received a GOAWAY with error code ENHANCE_YOUR_CALM and debug data equal to "too_many_pings". Current keepalive time (before throttling): 61440000ms
[2m[36m(launch_and_fit pid=1249194)[0m malloc_consolidate(): invalid chunk size
[2m[36m(launch_and_fit pid=1249264)[0m malloc_consolidate(): invalid chunk size
INFO flwr 2023-08-15 19:24:40,529 | fed_df.py:540 | Distillation training stopped at step number : 250
INFO flwr 2023-08-15 19:24:40,530 | fed_df.py:547 | Average fusion training loss : 0.012927594564855099, val accuracy : 0.7363999999999999, best val accuracy : 0.7454
INFO flwr 2023-08-15 19:24:40,531 | common.py:35 | Avg. local train loss : 4.580011618882417, train acc : 0.8474388888888889
INFO flwr 2023-08-15 19:24:43,416 | server.py:116 | fit progress: (13, 1.6279462005615235, {'server_test_acc': 0.7479}, 1288.024875730276)
INFO flwr 2023-08-15 19:24:43,416 | server.py:163 | evaluate_round 13: no clients selected, cancel
DEBUG flwr 2023-08-15 19:24:53,007 | server.py:215 | fit_round 14: strategy sampled 8 clients (out of 20)
[2m[36m(launch_and_fit pid=1394649)[0m malloc_consolidate(): invalid chunk size
DEBUG flwr 2023-08-15 19:25:42,236 | server.py:229 | fit_round 14 received 8 results and 0 failures
INFO flwr 2023-08-15 19:25:42,452 | fed_df.py:365 | Warm start at round 14
[2m[36m(launch_and_fit pid=1394720)[0m malloc_consolidate(): invalid chunk size
INFO flwr 2023-08-15 19:25:42,579 | fed_df.py:463 | Performing server side distillation training...
[2m[36m(launch_and_fit pid=1394646)[0m Fitting Client 12
[2m[36m(launch_and_fit pid=1394647)[0m Fitting Client 6
[2m[36m(launch_and_fit pid=1394649)[0m Fitting Client 4
[2m[36m(launch_and_fit pid=1394720)[0m Fitting Client 14
[2m[36m(launch_and_fit pid=1394719)[0m Fitting Client 13
[2m[36m(launch_and_fit pid=1394857)[0m Fitting Client 2
[2m[36m(launch_and_fit pid=1394855)[0m Fitting Client 15
[2m[36m(launch_and_fit pid=1394856)[0m Fitting Client 18
[2m[36m(launch_and_fit pid=1394646)[0m malloc_consolidate(): invalid chunk size
[2m[36m(launch_and_fit pid=1394857)[0m malloc_consolidate(): invalid chunk size
[2m[36m(launch_and_fit pid=1394855)[0m double free or corruption (fasttop)
E0815 19:25:43.543151325 1477465 chttp2_transport.cc:1079]             ipv4:145.136.62.21:64311: Received a GOAWAY with error code ENHANCE_YOUR_CALM and debug data equal to "too_many_pings". Current keepalive time (before throttling): 122880000ms
[2m[36m(launch_and_fit pid=1394647)[0m malloc_consolidate(): invalid chunk size
[2m[36m(launch_and_fit pid=1394719)[0m malloc_consolidate(): invalid chunk size
[2m[36m(launch_and_fit pid=1394856)[0m double free or corruption (fasttop)
INFO flwr 2023-08-15 19:26:18,437 | fed_df.py:540 | Distillation training stopped at step number : 250
INFO flwr 2023-08-15 19:26:18,438 | fed_df.py:547 | Average fusion training loss : 0.011526160543784499, val accuracy : 0.74928, best val accuracy : 0.7582
INFO flwr 2023-08-15 19:26:18,440 | common.py:35 | Avg. local train loss : 4.566813879832625, train acc : 0.8508222222222221
INFO flwr 2023-08-15 19:26:21,362 | server.py:116 | fit progress: (14, 1.642522088623047, {'server_test_acc': 0.7552}, 1385.9714975683019)
INFO flwr 2023-08-15 19:26:21,363 | server.py:163 | evaluate_round 14: no clients selected, cancel
DEBUG flwr 2023-08-15 19:26:31,031 | server.py:215 | fit_round 15: strategy sampled 8 clients (out of 20)
[2m[36m(launch_and_fit pid=1541083)[0m double free or corruption (fasttop)
DEBUG flwr 2023-08-15 19:27:20,868 | server.py:229 | fit_round 15 received 8 results and 0 failures
[2m[36m(launch_and_fit pid=1540999)[0m double free or corruption (fasttop)
[2m[36m(launch_and_fit pid=1541081)[0m double free or corruption (fasttop)
INFO flwr 2023-08-15 19:27:21,085 | fed_df.py:365 | Warm start at round 15
INFO flwr 2023-08-15 19:27:21,197 | fed_df.py:463 | Performing server side distillation training...
[2m[36m(launch_and_fit pid=1541001)[0m Fitting Client 11
[2m[36m(launch_and_fit pid=1540999)[0m Fitting Client 6
[2m[36m(launch_and_fit pid=1541082)[0m Fitting Client 14
[2m[36m(launch_and_fit pid=1541081)[0m Fitting Client 0
[2m[36m(launch_and_fit pid=1541083)[0m Fitting Client 13
[2m[36m(launch_and_fit pid=1541105)[0m Fitting Client 2
[2m[36m(launch_and_fit pid=1541104)[0m Fitting Client 8
[2m[36m(launch_and_fit pid=1541106)[0m Fitting Client 16
[2m[36m(launch_and_fit pid=1541106)[0m malloc_consolidate(): invalid chunk size
[2m[36m(launch_and_fit pid=1541001)[0m malloc_consolidate(): invalid chunk size
[2m[36m(launch_and_fit pid=1541082)[0m malloc_consolidate(): invalid chunk size
E0815 19:27:22.088689961 1478252 chttp2_transport.cc:1079]             ipv4:145.136.62.21:64311: Received a GOAWAY with error code ENHANCE_YOUR_CALM and debug data equal to "too_many_pings". Current keepalive time (before throttling): 245760000ms
[2m[36m(launch_and_fit pid=1541105)[0m malloc_consolidate(): invalid chunk size
[2m[36m(launch_and_fit pid=1541104)[0m malloc_consolidate(): invalid chunk size
INFO flwr 2023-08-15 19:27:57,382 | fed_df.py:540 | Distillation training stopped at step number : 250
INFO flwr 2023-08-15 19:27:57,383 | fed_df.py:547 | Average fusion training loss : 0.012771869029849768, val accuracy : 0.74904, best val accuracy : 0.7582
INFO flwr 2023-08-15 19:27:57,385 | common.py:35 | Avg. local train loss : 4.476508171483874, train acc : 0.8609555555555557
INFO flwr 2023-08-15 19:28:00,335 | server.py:116 | fit progress: (15, 1.662942807006836, {'server_test_acc': 0.7593}, 1484.94389116019)
INFO flwr 2023-08-15 19:28:00,335 | server.py:163 | evaluate_round 15: no clients selected, cancel
DEBUG flwr 2023-08-15 19:28:09,984 | server.py:215 | fit_round 16: strategy sampled 8 clients (out of 20)
[2m[36m(launch_and_fit pid=1687821)[0m malloc_consolidate(): invalid chunk size
DEBUG flwr 2023-08-15 19:28:58,937 | server.py:229 | fit_round 16 received 8 results and 0 failures
INFO flwr 2023-08-15 19:28:59,155 | fed_df.py:365 | Warm start at round 16
INFO flwr 2023-08-15 19:28:59,267 | fed_df.py:463 | Performing server side distillation training...
[2m[36m(launch_and_fit pid=1687821)[0m Fitting Client 18
[2m[36m(launch_and_fit pid=1687892)[0m Fitting Client 14
[2m[36m(launch_and_fit pid=1687823)[0m Fitting Client 1
[2m[36m(launch_and_fit pid=1687891)[0m Fitting Client 3
[2m[36m(launch_and_fit pid=1687962)[0m Fitting Client 17
[2m[36m(launch_and_fit pid=1687960)[0m Fitting Client 8
[2m[36m(launch_and_fit pid=1687963)[0m Fitting Client 6
[2m[36m(launch_and_fit pid=1687961)[0m Fitting Client 10
[2m[36m(launch_and_fit pid=1687891)[0m malloc_consolidate(): invalid chunk size
[2m[36m(launch_and_fit pid=1687963)[0m malloc_consolidate(): invalid chunk size
[2m[36m(launch_and_fit pid=1687823)[0m malloc_consolidate(): invalid chunk size
[2m[36m(launch_and_fit pid=1687892)[0m malloc_consolidate(): invalid chunk size
[2m[36m(launch_and_fit pid=1687962)[0m malloc_consolidate(): invalid chunk size
[2m[36m(launch_and_fit pid=1687961)[0m malloc_consolidate(): invalid chunk size
[2m[36m(launch_and_fit pid=1687960)[0m malloc_consolidate(): invalid chunk size
INFO flwr 2023-08-15 19:29:34,806 | fed_df.py:540 | Distillation training stopped at step number : 250
INFO flwr 2023-08-15 19:29:34,806 | fed_df.py:547 | Average fusion training loss : 0.012911954504437745, val accuracy : 0.75476, best val accuracy : 0.7632
INFO flwr 2023-08-15 19:29:34,808 | common.py:35 | Avg. local train loss : 4.421912968158722, train acc : 0.865663888888889
INFO flwr 2023-08-15 19:29:37,854 | server.py:116 | fit progress: (16, 1.6556426483154296, {'server_test_acc': 0.7645}, 1582.4637175812386)
INFO flwr 2023-08-15 19:29:37,855 | server.py:163 | evaluate_round 16: no clients selected, cancel
DEBUG flwr 2023-08-15 19:29:47,384 | server.py:215 | fit_round 17: strategy sampled 8 clients (out of 20)
[2m[36m(launch_and_fit pid=1830393)[0m malloc_consolidate(): invalid chunk size
DEBUG flwr 2023-08-15 19:30:35,521 | server.py:229 | fit_round 17 received 8 results and 0 failures
INFO flwr 2023-08-15 19:30:35,737 | fed_df.py:365 | Warm start at round 17
[2m[36m(launch_and_fit pid=1830463)[0m malloc_consolidate(): invalid chunk size
INFO flwr 2023-08-15 19:30:35,851 | fed_df.py:463 | Performing server side distillation training...
[2m[36m(launch_and_fit pid=1830393)[0m Fitting Client 11
[2m[36m(launch_and_fit pid=1830394)[0m Fitting Client 10
[2m[36m(launch_and_fit pid=1830464)[0m Fitting Client 5
[2m[36m(launch_and_fit pid=1830463)[0m Fitting Client 2
[2m[36m(launch_and_fit pid=1830533)[0m Fitting Client 6
[2m[36m(launch_and_fit pid=1830534)[0m Fitting Client 19
[2m[36m(launch_and_fit pid=1830392)[0m Fitting Client 1
[2m[36m(launch_and_fit pid=1830465)[0m Fitting Client 7
[2m[36m(launch_and_fit pid=1830464)[0m malloc_consolidate(): invalid chunk size
[2m[36m(launch_and_fit pid=1830534)[0m double free or corruption (fasttop)
E0815 19:30:36.477530666 1906624 chttp2_transport.cc:1079]             ipv4:145.136.62.21:64311: Received a GOAWAY with error code ENHANCE_YOUR_CALM and debug data equal to "too_many_pings". Current keepalive time (before throttling): 491520000ms
[2m[36m(launch_and_fit pid=1830533)[0m malloc_consolidate(): invalid chunk size
[2m[36m(launch_and_fit pid=1830392)[0m corrupted size vs. prev_size in fastbins
[2m[36m(launch_and_fit pid=1830465)[0m malloc_consolidate(): invalid chunk size
[2m[36m(launch_and_fit pid=1830394)[0m double free or corruption (fasttop)
INFO flwr 2023-08-15 19:31:11,797 | fed_df.py:540 | Distillation training stopped at step number : 250
INFO flwr 2023-08-15 19:31:11,798 | fed_df.py:547 | Average fusion training loss : 0.012714869155548513, val accuracy : 0.751, best val accuracy : 0.7576
INFO flwr 2023-08-15 19:31:11,799 | common.py:35 | Avg. local train loss : 4.405263511836528, train acc : 0.8674166666666667
INFO flwr 2023-08-15 19:31:14,735 | server.py:116 | fit progress: (17, 1.6351716979980468, {'server_test_acc': 0.7568}, 1679.3438506210223)
INFO flwr 2023-08-15 19:31:14,735 | server.py:163 | evaluate_round 17: no clients selected, cancel
DEBUG flwr 2023-08-15 19:31:24,312 | server.py:215 | fit_round 18: strategy sampled 8 clients (out of 20)
[2m[36m(launch_and_fit pid=1975739)[0m malloc_consolidate(): invalid chunk size
DEBUG flwr 2023-08-15 19:32:12,459 | server.py:229 | fit_round 18 received 8 results and 0 failures
INFO flwr 2023-08-15 19:32:12,675 | fed_df.py:365 | Warm start at round 18
[2m[36m(launch_and_fit pid=1975740)[0m malloc_consolidate(): invalid chunk size
INFO flwr 2023-08-15 19:32:12,806 | fed_df.py:463 | Performing server side distillation training...
[2m[36m(launch_and_fit pid=1975737)[0m Fitting Client 16
[2m[36m(launch_and_fit pid=1975739)[0m Fitting Client 9
[2m[36m(launch_and_fit pid=1975742)[0m Fitting Client 0
[2m[36m(launch_and_fit pid=1975740)[0m Fitting Client 19
[2m[36m(launch_and_fit pid=1975743)[0m Fitting Client 11
[2m[36m(launch_and_fit pid=1975745)[0m Fitting Client 14
[2m[36m(launch_and_fit pid=1975746)[0m Fitting Client 4
[2m[36m(launch_and_fit pid=1975744)[0m Fitting Client 6
[2m[36m(launch_and_fit pid=1975744)[0m double free or corruption (fasttop)
[2m[36m(launch_and_fit pid=1975742)[0m double free or corruption (fasttop)
[2m[36m(launch_and_fit pid=1975746)[0m malloc_consolidate(): invalid chunk size
[2m[36m(launch_and_fit pid=1975737)[0m malloc_consolidate(): invalid chunk size
[2m[36m(launch_and_fit pid=1975745)[0m double free or corruption (fasttop)
E0815 19:32:13.969070218 1822434 chttp2_transport.cc:1079]             ipv4:145.136.62.21:64311: Received a GOAWAY with error code ENHANCE_YOUR_CALM and debug data equal to "too_many_pings". Current keepalive time (before throttling): 983040000ms
[2m[36m(launch_and_fit pid=1975743)[0m malloc_consolidate(): invalid chunk size
INFO flwr 2023-08-15 19:32:48,695 | fed_df.py:540 | Distillation training stopped at step number : 250
INFO flwr 2023-08-15 19:32:48,695 | fed_df.py:547 | Average fusion training loss : 0.012391736773774028, val accuracy : 0.76224, best val accuracy : 0.7738
INFO flwr 2023-08-15 19:32:48,697 | common.py:35 | Avg. local train loss : 4.360699810832738, train acc : 0.8717111111111111
INFO flwr 2023-08-15 19:32:51,649 | server.py:116 | fit progress: (18, 1.6206323669433593, {'server_test_acc': 0.7667}, 1776.2579738222994)
INFO flwr 2023-08-15 19:32:51,649 | server.py:163 | evaluate_round 18: no clients selected, cancel
DEBUG flwr 2023-08-15 19:33:01,247 | server.py:215 | fit_round 19: strategy sampled 8 clients (out of 20)
[2m[36m(launch_and_fit pid=2122039)[0m double free or corruption (fasttop)
[2m[36m(launch_and_fit pid=2122045)[0m malloc_consolidate(): invalid chunk size
DEBUG flwr 2023-08-15 19:33:50,229 | server.py:229 | fit_round 19 received 8 results and 0 failures
INFO flwr 2023-08-15 19:33:50,445 | fed_df.py:365 | Warm start at round 19
[2m[36m(launch_and_fit pid=2122044)[0m malloc_consolidate(): invalid chunk size
INFO flwr 2023-08-15 19:33:50,572 | fed_df.py:463 | Performing server side distillation training...
[2m[36m(launch_and_fit pid=2122044)[0m Fitting Client 19
[2m[36m(launch_and_fit pid=2122045)[0m Fitting Client 1
[2m[36m(launch_and_fit pid=2122038)[0m Fitting Client 2
[2m[36m(launch_and_fit pid=2122041)[0m Fitting Client 8
[2m[36m(launch_and_fit pid=2122039)[0m Fitting Client 15
[2m[36m(launch_and_fit pid=2122042)[0m Fitting Client 6
[2m[36m(launch_and_fit pid=2122043)[0m Fitting Client 10
[2m[36m(launch_and_fit pid=2122046)[0m Fitting Client 5
[2m[36m(launch_and_fit pid=2122041)[0m malloc_consolidate(): invalid chunk size
[2m[36m(launch_and_fit pid=2122046)[0m malloc_consolidate(): invalid chunk size
[2m[36m(launch_and_fit pid=2122038)[0m malloc_consolidate(): invalid chunk size
[2m[36m(launch_and_fit pid=2122043)[0m malloc_consolidate(): invalid chunk size
[2m[36m(launch_and_fit pid=2122042)[0m double free or corruption (fasttop)
E0815 19:33:52.354660162 2054127 chttp2_transport.cc:1079]             ipv4:145.136.62.21:64311: Received a GOAWAY with error code ENHANCE_YOUR_CALM and debug data equal to "too_many_pings". Current keepalive time (before throttling): 1966080000ms
INFO flwr 2023-08-15 19:34:26,732 | fed_df.py:540 | Distillation training stopped at step number : 250
INFO flwr 2023-08-15 19:34:26,732 | fed_df.py:547 | Average fusion training loss : 0.011228212083689869, val accuracy : 0.75948, best val accuracy : 0.7738
INFO flwr 2023-08-15 19:34:26,734 | common.py:35 | Avg. local train loss : 4.310809604823589, train acc : 0.8772027777777779
INFO flwr 2023-08-15 19:34:29,651 | server.py:116 | fit progress: (19, 1.6791231811523437, {'server_test_acc': 0.7669}, 1874.259813441895)
INFO flwr 2023-08-15 19:34:29,651 | server.py:163 | evaluate_round 19: no clients selected, cancel
DEBUG flwr 2023-08-15 19:34:39,263 | server.py:215 | fit_round 20: strategy sampled 8 clients (out of 20)
[2m[36m(launch_and_fit pid=2267758)[0m malloc_consolidate(): invalid chunk size
DEBUG flwr 2023-08-15 19:35:27,360 | server.py:229 | fit_round 20 received 8 results and 0 failures
[2m[36m(launch_and_fit pid=2267765)[0m corrupted size vs. prev_size in fastbins
INFO flwr 2023-08-15 19:35:27,576 | fed_df.py:365 | Warm start at round 20
INFO flwr 2023-08-15 19:35:27,688 | fed_df.py:463 | Performing server side distillation training...
[2m[36m(launch_and_fit pid=2267758)[0m Fitting Client 0
[2m[36m(launch_and_fit pid=2267762)[0m Fitting Client 4
[2m[36m(launch_and_fit pid=2267909)[0m Fitting Client 13
[2m[36m(launch_and_fit pid=2267765)[0m Fitting Client 6
[2m[36m(launch_and_fit pid=2267763)[0m Fitting Client 14
[2m[36m(launch_and_fit pid=2267901)[0m Fitting Client 3
[2m[36m(launch_and_fit pid=2267902)[0m Fitting Client 17
[2m[36m(launch_and_fit pid=2267900)[0m Fitting Client 7
[2m[36m(launch_and_fit pid=2267762)[0m corrupted size vs. prev_size in fastbins
[2m[36m(launch_and_fit pid=2267900)[0m corrupted size vs. prev_size in fastbins
E0815 19:35:28.389858370 2344509 chttp2_transport.cc:1079]             ipv4:145.136.62.21:64311: Received a GOAWAY with error code ENHANCE_YOUR_CALM and debug data equal to "too_many_pings". Current keepalive time (before throttling): ∞
[2m[36m(launch_and_fit pid=2267901)[0m double free or corruption (fasttop)
[2m[36m(launch_and_fit pid=2267909)[0m double free or corruption (fasttop)
[2m[36m(launch_and_fit pid=2267763)[0m double free or corruption (fasttop)
[2m[36m(launch_and_fit pid=2267902)[0m malloc_consolidate(): invalid chunk size
INFO flwr 2023-08-15 19:36:04,653 | fed_df.py:540 | Distillation training stopped at step number : 250
INFO flwr 2023-08-15 19:36:04,654 | fed_df.py:547 | Average fusion training loss : 0.01258925893343985, val accuracy : 0.764, best val accuracy : 0.7756
INFO flwr 2023-08-15 19:36:04,656 | common.py:35 | Avg. local train loss : 4.317348189651966, train acc : 0.8761138888888889
INFO flwr 2023-08-15 19:36:07,590 | server.py:116 | fit progress: (20, 1.636904669189453, {'server_test_acc': 0.7725}, 1972.1991148120724)
INFO flwr 2023-08-15 19:36:07,590 | server.py:163 | evaluate_round 20: no clients selected, cancel
DEBUG flwr 2023-08-15 19:36:17,160 | server.py:215 | fit_round 21: strategy sampled 8 clients (out of 20)
DEBUG flwr 2023-08-15 19:37:05,326 | server.py:229 | fit_round 21 received 8 results and 0 failures
[2m[36m(launch_and_fit pid=2432332)[0m malloc_consolidate(): invalid chunk size
INFO flwr 2023-08-15 19:37:05,543 | fed_df.py:365 | Warm start at round 21
INFO flwr 2023-08-15 19:37:05,654 | fed_df.py:463 | Performing server side distillation training...
[2m[36m(launch_and_fit pid=2432262)[0m Fitting Client 14
[2m[36m(launch_and_fit pid=2432331)[0m Fitting Client 10
[2m[36m(launch_and_fit pid=2432332)[0m Fitting Client 5
[2m[36m(launch_and_fit pid=2432334)[0m Fitting Client 17
[2m[36m(launch_and_fit pid=2432470)[0m Fitting Client 1
[2m[36m(launch_and_fit pid=2432471)[0m Fitting Client 11
[2m[36m(launch_and_fit pid=2432472)[0m Fitting Client 2
[2m[36m(launch_and_fit pid=2432474)[0m Fitting Client 0
[2m[36m(launch_and_fit pid=2432262)[0m malloc_consolidate(): invalid chunk size
E0815 19:37:06.116006003 2516530 chttp2_transport.cc:1079]             ipv4:145.136.62.21:64311: Received a GOAWAY with error code ENHANCE_YOUR_CALM and debug data equal to "too_many_pings". Current keepalive time (before throttling): ∞
[2m[36m(launch_and_fit pid=2432331)[0m malloc_consolidate(): invalid chunk size
[2m[36m(launch_and_fit pid=2432472)[0m malloc_consolidate(): invalid chunk size
[2m[36m(launch_and_fit pid=2432334)[0m double free or corruption (fasttop)
[2m[36m(launch_and_fit pid=2432470)[0m malloc_consolidate(): invalid chunk size
[2m[36m(launch_and_fit pid=2432474)[0m malloc_consolidate(): invalid chunk size
INFO flwr 2023-08-15 19:37:42,288 | fed_df.py:540 | Distillation training stopped at step number : 250
INFO flwr 2023-08-15 19:37:42,289 | fed_df.py:547 | Average fusion training loss : 0.013167442310601473, val accuracy : 0.7632, best val accuracy : 0.7742
INFO flwr 2023-08-15 19:37:42,291 | common.py:35 | Avg. local train loss : 4.2830032672733065, train acc : 0.8809388888888889
INFO flwr 2023-08-15 19:37:45,271 | server.py:116 | fit progress: (21, 1.618659310913086, {'server_test_acc': 0.7726}, 2069.8800017163157)
INFO flwr 2023-08-15 19:37:45,271 | server.py:163 | evaluate_round 21: no clients selected, cancel
DEBUG flwr 2023-08-15 19:37:54,858 | server.py:215 | fit_round 22: strategy sampled 8 clients (out of 20)
[2m[36m(launch_and_fit pid=2590037)[0m malloc_consolidate(): invalid chunk size
DEBUG flwr 2023-08-15 19:38:43,154 | server.py:229 | fit_round 22 received 8 results and 0 failures
INFO flwr 2023-08-15 19:38:43,371 | fed_df.py:365 | Warm start at round 22
INFO flwr 2023-08-15 19:38:43,500 | fed_df.py:463 | Performing server side distillation training...
[2m[36m(launch_and_fit pid=2590037)[0m Fitting Client 19
[2m[36m(launch_and_fit pid=2590106)[0m Fitting Client 6
[2m[36m(launch_and_fit pid=2590036)[0m Fitting Client 16
[2m[36m(launch_and_fit pid=2590107)[0m Fitting Client 4
[2m[36m(launch_and_fit pid=2590175)[0m Fitting Client 14
[2m[36m(launch_and_fit pid=2590105)[0m Fitting Client 12
[2m[36m(launch_and_fit pid=2590176)[0m Fitting Client 8
[2m[36m(launch_and_fit pid=2590177)[0m Fitting Client 11
[2m[36m(launch_and_fit pid=2590176)[0m malloc_consolidate(): invalid chunk size
[2m[36m(launch_and_fit pid=2590177)[0m malloc_consolidate(): invalid chunk size
[2m[36m(launch_and_fit pid=2590106)[0m malloc_consolidate(): invalid chunk size
[2m[36m(launch_and_fit pid=2590107)[0m double free or corruption (fasttop)
[2m[36m(launch_and_fit pid=2590175)[0m double free or corruption (fasttop)
[2m[36m(launch_and_fit pid=2590036)[0m malloc_consolidate(): invalid chunk size
E0815 19:38:45.123144498 2517019 chttp2_transport.cc:1079]             ipv4:145.136.62.21:64311: Received a GOAWAY with error code ENHANCE_YOUR_CALM and debug data equal to "too_many_pings". Current keepalive time (before throttling): ∞
[2m[36m(launch_and_fit pid=2590105)[0m double free or corruption (fasttop)
INFO flwr 2023-08-15 19:39:24,869 | fed_df.py:540 | Distillation training stopped at step number : 250
INFO flwr 2023-08-15 19:39:24,869 | fed_df.py:547 | Average fusion training loss : 0.012370308917015791, val accuracy : 0.7754, best val accuracy : 0.783
INFO flwr 2023-08-15 19:39:24,871 | common.py:35 | Avg. local train loss : 4.248504599556327, train acc : 0.8837499999999999
INFO flwr 2023-08-15 19:39:27,816 | server.py:116 | fit progress: (22, 1.6194199005126952, {'server_test_acc': 0.7809}, 2172.4253635159694)
INFO flwr 2023-08-15 19:39:27,816 | server.py:163 | evaluate_round 22: no clients selected, cancel
DEBUG flwr 2023-08-15 19:39:37,480 | server.py:215 | fit_round 23: strategy sampled 8 clients (out of 20)
[2m[36m(launch_and_fit pid=2738783)[0m malloc_consolidate(): invalid chunk size
[2m[36m(launch_and_fit pid=2738643)[0m malloc_consolidate(): invalid chunk size
[2m[36m(launch_and_fit pid=2738646)[0m double free or corruption (fasttop)
[2m[36m(launch_and_fit pid=2738644)[0m malloc_consolidate(): invalid chunk size
DEBUG flwr 2023-08-15 19:40:27,704 | server.py:229 | fit_round 23 received 8 results and 0 failures
INFO flwr 2023-08-15 19:40:27,921 | fed_df.py:365 | Warm start at round 23
INFO flwr 2023-08-15 19:40:28,050 | fed_df.py:463 | Performing server side distillation training...
[2m[36m(launch_and_fit pid=2738643)[0m Fitting Client 11
[2m[36m(launch_and_fit pid=2738783)[0m Fitting Client 0
[2m[36m(launch_and_fit pid=2738784)[0m Fitting Client 1
[2m[36m(launch_and_fit pid=2738644)[0m Fitting Client 15
[2m[36m(launch_and_fit pid=2738642)[0m Fitting Client 6
[2m[36m(launch_and_fit pid=2738646)[0m Fitting Client 8
[2m[36m(launch_and_fit pid=2738647)[0m Fitting Client 14
[2m[36m(launch_and_fit pid=2738715)[0m Fitting Client 17
[2m[36m(launch_and_fit pid=2738784)[0m double free or corruption (fasttop)
[2m[36m(launch_and_fit pid=2738642)[0m double free or corruption (fasttop)
[2m[36m(launch_and_fit pid=2738647)[0m double free or corruption (fasttop)
[2m[36m(launch_and_fit pid=2738715)[0m malloc_consolidate(): invalid chunk size
INFO flwr 2023-08-15 19:41:05,082 | fed_df.py:540 | Distillation training stopped at step number : 250
INFO flwr 2023-08-15 19:41:05,083 | fed_df.py:547 | Average fusion training loss : 0.013142682345584035, val accuracy : 0.7759199999999999, best val accuracy : 0.7826
INFO flwr 2023-08-15 19:41:05,085 | common.py:35 | Avg. local train loss : 4.196644200012088, train acc : 0.8898638888888889
INFO flwr 2023-08-15 19:41:08,064 | server.py:116 | fit progress: (23, 1.6538360931396485, {'server_test_acc': 0.7759}, 2272.673391764052)
INFO flwr 2023-08-15 19:41:08,064 | server.py:163 | evaluate_round 23: no clients selected, cancel
DEBUG flwr 2023-08-15 19:41:17,696 | server.py:215 | fit_round 24: strategy sampled 8 clients (out of 20)
DEBUG flwr 2023-08-15 19:42:06,647 | server.py:229 | fit_round 24 received 8 results and 0 failures
[2m[36m(launch_and_fit pid=2885997)[0m malloc_consolidate(): invalid chunk size
INFO flwr 2023-08-15 19:42:06,867 | fed_df.py:365 | Warm start at round 24
INFO flwr 2023-08-15 19:42:06,997 | fed_df.py:463 | Performing server side distillation training...
[2m[36m(launch_and_fit pid=2885999)[0m Fitting Client 16
[2m[36m(launch_and_fit pid=2885997)[0m Fitting Client 12
[2m[36m(launch_and_fit pid=2886069)[0m Fitting Client 1
[2m[36m(launch_and_fit pid=2886068)[0m Fitting Client 11
[2m[36m(launch_and_fit pid=2886204)[0m Fitting Client 19
[2m[36m(launch_and_fit pid=2886205)[0m Fitting Client 2
[2m[36m(launch_and_fit pid=2886207)[0m Fitting Client 10
[2m[36m(launch_and_fit pid=2886206)[0m Fitting Client 15
[2m[36m(launch_and_fit pid=2885999)[0m malloc_consolidate(): invalid chunk size
[2m[36m(launch_and_fit pid=2886207)[0m malloc_consolidate(): invalid chunk size
[2m[36m(launch_and_fit pid=2886068)[0m double free or corruption (fasttop)
[2m[36m(launch_and_fit pid=2886205)[0m malloc_consolidate(): invalid chunk size
[2m[36m(launch_and_fit pid=2886069)[0m malloc_consolidate(): invalid chunk size
E0815 19:42:08.179138675 2969457 chttp2_transport.cc:1079]             ipv4:145.136.62.21:64311: Received a GOAWAY with error code ENHANCE_YOUR_CALM and debug data equal to "too_many_pings". Current keepalive time (before throttling): ∞
[2m[36m(launch_and_fit pid=2886204)[0m malloc_consolidate(): invalid chunk size
[2m[36m(launch_and_fit pid=2886206)[0m malloc_consolidate(): invalid chunk size
INFO flwr 2023-08-15 19:42:43,024 | fed_df.py:540 | Distillation training stopped at step number : 250
INFO flwr 2023-08-15 19:42:43,024 | fed_df.py:547 | Average fusion training loss : 0.01451309179328382, val accuracy : 0.7622399999999999, best val accuracy : 0.7752
INFO flwr 2023-08-15 19:42:43,026 | common.py:35 | Avg. local train loss : 4.1823151905089615, train acc : 0.8895083333333333
INFO flwr 2023-08-15 19:42:45,992 | server.py:116 | fit progress: (24, 1.6080884216308593, {'server_test_acc': 0.7736}, 2370.6008185110986)
INFO flwr 2023-08-15 19:42:45,992 | server.py:163 | evaluate_round 24: no clients selected, cancel
DEBUG flwr 2023-08-15 19:42:55,640 | server.py:215 | fit_round 25: strategy sampled 8 clients (out of 20)
[2m[36m(launch_and_fit pid=3032152)[0m malloc_consolidate(): invalid chunk size
DEBUG flwr 2023-08-15 19:43:44,472 | server.py:229 | fit_round 25 received 8 results and 0 failures
[2m[36m(launch_and_fit pid=3032151)[0m malloc_consolidate(): invalid chunk size
[2m[36m(launch_and_fit pid=3032153)[0m malloc_consolidate(): invalid chunk size
INFO flwr 2023-08-15 19:43:44,689 | fed_df.py:365 | Warm start at round 25
[2m[36m(launch_and_fit pid=3032289)[0m double free or corruption (fasttop)
[2m[36m(launch_and_fit pid=3032288)[0m malloc_consolidate(): invalid chunk size
INFO flwr 2023-08-15 19:43:44,810 | fed_df.py:463 | Performing server side distillation training...
[2m[36m(launch_and_fit pid=3032151)[0m Fitting Client 11
[2m[36m(launch_and_fit pid=3032153)[0m Fitting Client 8
[2m[36m(launch_and_fit pid=3032152)[0m Fitting Client 3
[2m[36m(launch_and_fit pid=3032288)[0m Fitting Client 13
[2m[36m(launch_and_fit pid=3032290)[0m Fitting Client 16
[2m[36m(launch_and_fit pid=3032292)[0m Fitting Client 10
[2m[36m(launch_and_fit pid=3032289)[0m Fitting Client 5
[2m[36m(launch_and_fit pid=3032291)[0m Fitting Client 9
[2m[36m(launch_and_fit pid=3032291)[0m malloc_consolidate(): invalid chunk size
[2m[36m(launch_and_fit pid=3032290)[0m malloc_consolidate(): invalid chunk size
[2m[36m(launch_and_fit pid=3032292)[0m double free or corruption (fasttop)
INFO flwr 2023-08-15 19:44:21,297 | fed_df.py:540 | Distillation training stopped at step number : 250
INFO flwr 2023-08-15 19:44:21,297 | fed_df.py:547 | Average fusion training loss : 0.012301035029813646, val accuracy : 0.7785200000000001, best val accuracy : 0.7866
INFO flwr 2023-08-15 19:44:21,299 | common.py:35 | Avg. local train loss : 4.203237571939827, train acc : 0.8871361111111111
INFO flwr 2023-08-15 19:44:24,232 | server.py:116 | fit progress: (25, 1.6655386413574218, {'server_test_acc': 0.7763}, 2468.841485789977)
INFO flwr 2023-08-15 19:44:24,233 | server.py:163 | evaluate_round 25: no clients selected, cancel
DEBUG flwr 2023-08-15 19:44:33,844 | server.py:215 | fit_round 26: strategy sampled 8 clients (out of 20)
[2m[36m(launch_and_fit pid=3178203)[0m malloc_consolidate(): invalid chunk size
[2m[36m(launch_and_fit pid=3178273)[0m malloc_consolidate(): invalid chunk size
DEBUG flwr 2023-08-15 19:45:23,349 | server.py:229 | fit_round 26 received 8 results and 0 failures
[2m[36m(launch_and_fit pid=3178199)[0m malloc_consolidate(): invalid chunk size
INFO flwr 2023-08-15 19:45:23,565 | fed_df.py:365 | Warm start at round 26
[2m[36m(launch_and_fit pid=3178341)[0m malloc_consolidate(): invalid chunk size
[2m[36m(launch_and_fit pid=3178409)[0m malloc(): unsorted double linked list corrupted
INFO flwr 2023-08-15 19:45:23,677 | fed_df.py:463 | Performing server side distillation training...
[2m[36m(launch_and_fit pid=3178203)[0m Fitting Client 14
[2m[36m(launch_and_fit pid=3178199)[0m Fitting Client 9
[2m[36m(launch_and_fit pid=3178273)[0m Fitting Client 5
[2m[36m(launch_and_fit pid=3178341)[0m Fitting Client 1
[2m[36m(launch_and_fit pid=3178409)[0m Fitting Client 18
[2m[36m(launch_and_fit pid=3178410)[0m Fitting Client 17
[2m[36m(launch_and_fit pid=3178201)[0m Fitting Client 19
[2m[36m(launch_and_fit pid=3178272)[0m Fitting Client 0
[2m[36m(launch_and_fit pid=3178410)[0m malloc_consolidate(): invalid chunk size
E0815 19:45:24.677964805 3261149 chttp2_transport.cc:1079]             ipv4:145.136.62.21:64311: Received a GOAWAY with error code ENHANCE_YOUR_CALM and debug data equal to "too_many_pings". Current keepalive time (before throttling): ∞
[2m[36m(launch_and_fit pid=3178201)[0m malloc_consolidate(): invalid chunk size
[2m[36m(launch_and_fit pid=3178272)[0m malloc_consolidate(): invalid chunk size
INFO flwr 2023-08-15 19:45:59,410 | fed_df.py:540 | Distillation training stopped at step number : 250
INFO flwr 2023-08-15 19:45:59,411 | fed_df.py:547 | Average fusion training loss : 0.01176837383583188, val accuracy : 0.7772, best val accuracy : 0.784
INFO flwr 2023-08-15 19:45:59,413 | common.py:35 | Avg. local train loss : 4.159939542412758, train acc : 0.8897805555555557
INFO flwr 2023-08-15 19:46:02,368 | server.py:116 | fit progress: (26, 1.6130140869140626, {'server_test_acc': 0.7746}, 2566.9772680532187)
INFO flwr 2023-08-15 19:46:02,368 | server.py:163 | evaluate_round 26: no clients selected, cancel
DEBUG flwr 2023-08-15 19:46:12,299 | server.py:215 | fit_round 27: strategy sampled 8 clients (out of 20)
[2m[36m(launch_and_fit pid=3324249)[0m double free or corruption (fasttop)
[2m[36m(launch_and_fit pid=3324252)[0m malloc_consolidate(): invalid chunk size
DEBUG flwr 2023-08-15 19:47:00,912 | server.py:229 | fit_round 27 received 8 results and 0 failures
[2m[36m(launch_and_fit pid=3324320)[0m malloc_consolidate(): invalid chunk size
INFO flwr 2023-08-15 19:47:01,130 | fed_df.py:365 | Warm start at round 27
INFO flwr 2023-08-15 19:47:01,240 | fed_df.py:463 | Performing server side distillation training...
[2m[36m(launch_and_fit pid=3324249)[0m Fitting Client 2
[2m[36m(launch_and_fit pid=3324252)[0m Fitting Client 8
[2m[36m(launch_and_fit pid=3324320)[0m Fitting Client 3
[2m[36m(launch_and_fit pid=3324321)[0m Fitting Client 17
[2m[36m(launch_and_fit pid=3324324)[0m Fitting Client 5
[2m[36m(launch_and_fit pid=3324392)[0m Fitting Client 15
[2m[36m(launch_and_fit pid=3324391)[0m Fitting Client 0
[2m[36m(launch_and_fit pid=3324322)[0m Fitting Client 11
[2m[36m(launch_and_fit pid=3324391)[0m corrupted size vs. prev_size in fastbins
[2m[36m(launch_and_fit pid=3324392)[0m malloc_consolidate(): invalid chunk size
E0815 19:47:02.249330156 3405957 chttp2_transport.cc:1079]             ipv4:145.136.62.21:64311: Received a GOAWAY with error code ENHANCE_YOUR_CALM and debug data equal to "too_many_pings". Current keepalive time (before throttling): ∞
[2m[36m(launch_and_fit pid=3324324)[0m malloc_consolidate(): invalid chunk size
[2m[36m(launch_and_fit pid=3324322)[0m double free or corruption (fasttop)
INFO flwr 2023-08-15 19:47:37,669 | fed_df.py:540 | Distillation training stopped at step number : 250
INFO flwr 2023-08-15 19:47:37,669 | fed_df.py:547 | Average fusion training loss : 0.010530002649873495, val accuracy : 0.7811600000000001, best val accuracy : 0.7886
INFO flwr 2023-08-15 19:47:37,671 | common.py:35 | Avg. local train loss : 4.1278358537703745, train acc : 0.895886111111111
INFO flwr 2023-08-15 19:47:40,641 | server.py:116 | fit progress: (27, 1.6231475067138672, {'server_test_acc': 0.7802}, 2665.250067737885)
INFO flwr 2023-08-15 19:47:40,641 | server.py:163 | evaluate_round 27: no clients selected, cancel
DEBUG flwr 2023-08-15 19:47:50,163 | server.py:215 | fit_round 28: strategy sampled 8 clients (out of 20)
[2m[36m(launch_and_fit pid=3470420)[0m malloc_consolidate(): invalid chunk size
[2m[36m(launch_and_fit pid=3470501)[0m malloc_consolidate(): invalid chunk size
DEBUG flwr 2023-08-15 19:48:39,404 | server.py:229 | fit_round 28 received 8 results and 0 failures
[2m[36m(launch_and_fit pid=3470504)[0m malloc_consolidate(): invalid chunk size
INFO flwr 2023-08-15 19:48:39,626 | fed_df.py:365 | Warm start at round 28
INFO flwr 2023-08-15 19:48:39,769 | fed_df.py:463 | Performing server side distillation training...
[2m[36m(launch_and_fit pid=3470420)[0m Fitting Client 0
[2m[36m(launch_and_fit pid=3470503)[0m Fitting Client 8
[2m[36m(launch_and_fit pid=3470507)[0m Fitting Client 5
[2m[36m(launch_and_fit pid=3470539)[0m Fitting Client 4
[2m[36m(launch_and_fit pid=3470501)[0m Fitting Client 11
[2m[36m(launch_and_fit pid=3470537)[0m Fitting Client 2
[2m[36m(launch_and_fit pid=3470504)[0m Fitting Client 18
[2m[36m(launch_and_fit pid=3470538)[0m Fitting Client 15
E0815 19:48:40.224888596 3407146 chttp2_transport.cc:1079]             ipv4:145.136.62.21:64311: Received a GOAWAY with error code ENHANCE_YOUR_CALM and debug data equal to "too_many_pings". Current keepalive time (before throttling): ∞
[2m[36m(launch_and_fit pid=3470538)[0m double free or corruption (fasttop)
[2m[36m(launch_and_fit pid=3470507)[0m malloc_consolidate(): invalid chunk size
[2m[36m(launch_and_fit pid=3470537)[0m malloc_consolidate(): invalid chunk size
[2m[36m(launch_and_fit pid=3470503)[0m double free or corruption (fasttop)
INFO flwr 2023-08-15 19:49:15,667 | fed_df.py:540 | Distillation training stopped at step number : 250
INFO flwr 2023-08-15 19:49:15,668 | fed_df.py:547 | Average fusion training loss : 0.009341411553323268, val accuracy : 0.78008, best val accuracy : 0.791
INFO flwr 2023-08-15 19:49:15,670 | common.py:35 | Avg. local train loss : 4.098427206650376, train acc : 0.8983583333333333
INFO flwr 2023-08-15 19:49:18,623 | server.py:116 | fit progress: (28, 1.61224560546875, {'server_test_acc': 0.7805}, 2763.232203483116)
INFO flwr 2023-08-15 19:49:18,623 | server.py:163 | evaluate_round 28: no clients selected, cancel
DEBUG flwr 2023-08-15 19:49:28,301 | server.py:215 | fit_round 29: strategy sampled 8 clients (out of 20)
DEBUG flwr 2023-08-15 19:50:17,521 | server.py:229 | fit_round 29 received 8 results and 0 failures
[2m[36m(launch_and_fit pid=3616506)[0m malloc_consolidate(): invalid chunk size
INFO flwr 2023-08-15 19:50:17,740 | fed_df.py:365 | Warm start at round 29
INFO flwr 2023-08-15 19:50:17,884 | fed_df.py:463 | Performing server side distillation training...
[2m[36m(launch_and_fit pid=3616434)[0m Fitting Client 16
[2m[36m(launch_and_fit pid=3616436)[0m Fitting Client 9
[2m[36m(launch_and_fit pid=3616507)[0m Fitting Client 13
[2m[36m(launch_and_fit pid=3616437)[0m Fitting Client 2
[2m[36m(launch_and_fit pid=3616506)[0m Fitting Client 5
[2m[36m(launch_and_fit pid=3616589)[0m Fitting Client 17
[2m[36m(launch_and_fit pid=3616588)[0m Fitting Client 7
[2m[36m(launch_and_fit pid=3616590)[0m Fitting Client 15
[2m[36m(launch_and_fit pid=3616590)[0m malloc_consolidate(): invalid chunk size
[2m[36m(launch_and_fit pid=3616436)[0m malloc_consolidate(): invalid chunk size
[2m[36m(launch_and_fit pid=3616588)[0m malloc_consolidate(): invalid chunk size
[2m[36m(launch_and_fit pid=3616589)[0m malloc_consolidate(): invalid chunk size
E0815 19:50:18.811666798 3552538 chttp2_transport.cc:1079]             ipv4:145.136.62.21:64311: Received a GOAWAY with error code ENHANCE_YOUR_CALM and debug data equal to "too_many_pings". Current keepalive time (before throttling): ∞
[2m[36m(launch_and_fit pid=3616434)[0m double free or corruption (fasttop)
[2m[36m(launch_and_fit pid=3616507)[0m double free or corruption (fasttop)
[2m[36m(launch_and_fit pid=3616437)[0m double free or corruption (fasttop)
INFO flwr 2023-08-15 19:50:53,892 | fed_df.py:540 | Distillation training stopped at step number : 250
INFO flwr 2023-08-15 19:50:53,893 | fed_df.py:547 | Average fusion training loss : 0.00942570099234581, val accuracy : 0.7787999999999998, best val accuracy : 0.7886
INFO flwr 2023-08-15 19:50:53,895 | common.py:35 | Avg. local train loss : 4.110636350139975, train acc : 0.89645
INFO flwr 2023-08-15 19:50:56,875 | server.py:116 | fit progress: (29, 1.6599329528808593, {'server_test_acc': 0.7821}, 2861.4846093938686)
INFO flwr 2023-08-15 19:50:56,876 | server.py:163 | evaluate_round 29: no clients selected, cancel
DEBUG flwr 2023-08-15 19:51:06,550 | server.py:215 | fit_round 30: strategy sampled 8 clients (out of 20)
[2m[36m(launch_and_fit pid=3769038)[0m malloc_consolidate(): invalid chunk size
[2m[36m(launch_and_fit pid=3769036)[0m corrupted size vs. prev_size in fastbins
[2m[36m(launch_and_fit pid=3769042)[0m malloc_consolidate(): invalid chunk size
DEBUG flwr 2023-08-15 19:51:56,816 | server.py:229 | fit_round 30 received 8 results and 0 failures
INFO flwr 2023-08-15 19:51:57,033 | fed_df.py:365 | Warm start at round 30
[2m[36m(launch_and_fit pid=3769399)[0m malloc_consolidate(): invalid chunk size
INFO flwr 2023-08-15 19:51:57,147 | fed_df.py:463 | Performing server side distillation training...
[2m[36m(launch_and_fit pid=3769042)[0m Fitting Client 2
[2m[36m(launch_and_fit pid=3769043)[0m Fitting Client 11
[2m[36m(launch_and_fit pid=3769036)[0m Fitting Client 19
[2m[36m(launch_and_fit pid=3769038)[0m Fitting Client 7
[2m[36m(launch_and_fit pid=3769398)[0m Fitting Client 10
[2m[36m(launch_and_fit pid=3769399)[0m Fitting Client 3
[2m[36m(launch_and_fit pid=3768963)[0m Fitting Client 6
[2m[36m(launch_and_fit pid=3769392)[0m Fitting Client 12
[2m[36m(launch_and_fit pid=3769043)[0m malloc_consolidate(): invalid chunk size
[2m[36m(launch_and_fit pid=3769398)[0m malloc_consolidate(): invalid chunk size
[2m[36m(launch_and_fit pid=3769392)[0m malloc_consolidate(): invalid chunk size
[2m[36m(launch_and_fit pid=3768963)[0m malloc_consolidate(): invalid chunk size
E0815 19:51:58.549331462 3866908 chttp2_transport.cc:1079]             ipv4:145.136.62.21:64311: Received a GOAWAY with error code ENHANCE_YOUR_CALM and debug data equal to "too_many_pings". Current keepalive time (before throttling): ∞
INFO flwr 2023-08-15 19:52:33,906 | fed_df.py:540 | Distillation training stopped at step number : 250
INFO flwr 2023-08-15 19:52:33,907 | fed_df.py:547 | Average fusion training loss : 0.01081400429829955, val accuracy : 0.78444, best val accuracy : 0.7908
INFO flwr 2023-08-15 19:52:33,909 | common.py:35 | Avg. local train loss : 4.078262554481626, train acc : 0.8975666666666667
INFO flwr 2023-08-15 19:52:36,980 | server.py:116 | fit progress: (30, 1.5827919769287109, {'server_test_acc': 0.7833}, 2961.58971420303)
INFO flwr 2023-08-15 19:52:36,981 | server.py:163 | evaluate_round 30: no clients selected, cancel
INFO flwr 2023-08-15 19:52:36,981 | server.py:144 | FL finished in 2961.5900915260427
INFO flwr 2023-08-15 19:52:36,981 | app.py:202 | app_fit: losses_distributed []
INFO flwr 2023-08-15 19:52:36,982 | app.py:203 | app_fit: metrics_distributed {}
INFO flwr 2023-08-15 19:52:36,982 | app.py:204 | app_fit: losses_centralized [(0, 2.3034546997070313), (1, 1.6744493927001953), (2, 1.4717079040527343), (3, 1.4422639617919921), (4, 1.4817933898925781), (5, 1.5362165954589844), (6, 1.5284016021728515), (7, 1.5465541259765625), (8, 1.5758787384033204), (9, 1.5851756622314452), (10, 1.6116009490966796), (11, 1.6307926574707032), (12, 1.647492169189453), (13, 1.6279462005615235), (14, 1.642522088623047), (15, 1.662942807006836), (16, 1.6556426483154296), (17, 1.6351716979980468), (18, 1.6206323669433593), (19, 1.6791231811523437), (20, 1.636904669189453), (21, 1.618659310913086), (22, 1.6194199005126952), (23, 1.6538360931396485), (24, 1.6080884216308593), (25, 1.6655386413574218), (26, 1.6130140869140626), (27, 1.6231475067138672), (28, 1.61224560546875), (29, 1.6599329528808593), (30, 1.5827919769287109)]
INFO flwr 2023-08-15 19:52:36,982 | app.py:205 | app_fit: metrics_centralized {'server_test_acc': [(0, 0.1285), (1, 0.4369), (2, 0.5521), (3, 0.6153), (4, 0.6487), (5, 0.6456), (6, 0.6905), (7, 0.7018), (8, 0.7162), (9, 0.7366), (10, 0.731), (11, 0.7447), (12, 0.7524), (13, 0.7479), (14, 0.7552), (15, 0.7593), (16, 0.7645), (17, 0.7568), (18, 0.7667), (19, 0.7669), (20, 0.7725), (21, 0.7726), (22, 0.7809), (23, 0.7759), (24, 0.7736), (25, 0.7763), (26, 0.7746), (27, 0.7802), (28, 0.7805), (29, 0.7821), (30, 0.7833)]}
malloc_consolidate(): invalid chunk size
srun: error: gcn21: task 0: Aborted
srun: Terminating StepId=3345471.1
-----EXPERIMENT ENDS-----
-----CLEANING UP DISK------
-----END-----

JOB STATISTICS
==============
Job ID: 3345471
Cluster: snellius
User/Group: sunnys/sunnys
State: COMPLETED (exit code 0)
Nodes: 1
Cores per node: 18
CPU Utilized: 02:03:44
CPU Efficiency: 12.49% of 16:30:18 core-walltime
Job Wall-clock time: 00:55:01
Memory Utilized: 62.03 GB
Memory Efficiency: 51.69% of 120.00 GB
