-----BEGIN-----
-----SETTINGS-----
TOTAL CROPS:50000
STRATEGY:feddf
MODEL_NAME:wresnet-16-4
MODEL_LIST:{'resnet8':6,'wresnet-16-4':7,'resnet20':7}
NUM_CLIENTS:20
NUM_ROUNDS:30
FRACTION_FIT:0.4
FRACTION_EVALUATE:0.0
DATASET_NAME:cifar10
PARTITION_ALPHA:1.0
PARTITION_VAL_RATIO:0.1
BATCH_SIZE:512
LOCAL_EPOCHS:40
LOCAL_LR:0.01
DISTILL_BATCH_SIZE:32
SERVER_LR:0.005
USE_ADAPTIVE_LR:False
USE_ADAPTIVE_LR_ROUND:False
SERVER_STEPS:500
SERVER_EARLY_STEPS:1000
USE_EARLY_STOPPING:False
SERVER_STEPS_ADAPTIVE:False
SERVER_STEPS_ADAPTIVE_MIN:250
SERVER_STEPS_ADAPTIVE_INTERVAL:5
SEED:84
CUDA_DETERMINISTIC:False
USE_CROPS:True
IMG_NAME:ameyoko_small.jpg
DISTILL_DATASET:cifar100
DISTILL_ALPHA:1.0
NUM_DISTILL_IMAGES:5000
DISTILL_TRANSFORMS:v0
WARM_START:True
WARM_START_ROUNDS:1
WARM_START_INTERVAL:5
KMEANS_N_CLUSTER:1000
KMEANS_HEURISTICS:hard
KMEANS_MIXED_FACTOR:50-50
KMEANS_BALANCING:1.0
CONFIDENCE_THRESHOLD:0.9
CONFIDENCE_STRATEGY:top
CONFIDENCE_ADAPTIVE:False
CONFIDENCE_MAX_THRESH:0.5
CLIPPING_FACTOR:2.5
FEDPROX_FACTOR:2.0
FEDPROX_ADAPTIVE:False
USE_CLIPPING:True
USE_ENTROPY:True
USE_KMEANS:True
USE_FEDPROX:False
-----SETTINGS END-----
-----EXPERIMENT BEGINS-----
---------
Generating crops for FedDF
Namespace(img_size=32, batch_size=32, num_imgs=50000, threads=18, vflip=False, deg=30, shear=30, cropfirst=True, initcrop=0.5, scale=[500, 1], randinterp=False, debug=False, imgpath='./static/single_images/ameyoko_small.jpg', targetpath='/scratch-local/sunnys.3936877/1695819055_788759858', seed=84, img_per_thread=2777)
will save 50000 patches in /scratch-local/sunnys.3936877/1695819055_788759858/single_img_crops/crops
50000 took 1.18min with 18 threads
---------
Simulating feddf training
INFO simulate 2023-09-27 14:52:22,740 | simulate.py:51 | Python script started : simulate.py
DEBUG simulate 2023-09-27 14:52:22,740 | simulate.py:56 | Reading args from argument parser
INFO flwr 2023-09-27 14:53:38,568 | app.py:145 | Starting Flower simulation, config: ServerConfig(num_rounds=30, round_timeout=None)
2023-09-27 14:53:41,391	INFO worker.py:1529 -- Started a local Ray instance. View the dashboard at [1m[32m127.0.0.1:8265 [39m[22m
INFO flwr 2023-09-27 14:53:42,602 | app.py:179 | Flower VCE: Ray initialized with resources: {'GPU': 1.0, 'object_store_memory': 61847529062.0, 'CPU': 18.0, 'memory': 103079215104.0, 'node:145.136.62.27': 1.0, 'accelerator_type:A100': 1.0}
INFO flwr 2023-09-27 14:53:42,603 | server.py:86 | Initializing global parameters
INFO flwr 2023-09-27 14:53:42,603 | server.py:266 | Using initial parameters provided by strategy
INFO flwr 2023-09-27 14:53:42,603 | server.py:88 | Evaluating initial parameters
Downloading https://www.cs.toronto.edu/~kriz/cifar-10-python.tar.gz to /scratch-local/sunnys.3936877/1695819055_788759858/cifar-10-python.tar.gz
Extracting /scratch-local/sunnys.3936877/1695819055_788759858/cifar-10-python.tar.gz to /scratch-local/sunnys.3936877/1695819055_788759858
Generating unified cifar10 dataset
Class histogram for 0-th partition (alpha=1.0, 10 classes): [342 114 363 765  49 204 467  25  55 116]
INFO flwr 2023-09-27 14:53:46,453 | server.py:91 | initial parameters (loss, other metrics): 6.31615107421875, {'server_test_acc': 0.0943}
INFO flwr 2023-09-27 14:53:46,454 | server.py:101 | FL starting
DEBUG flwr 2023-09-27 14:54:02,563 | server.py:215 | fit_round 1: strategy sampled 8 clients (out of 20)
[2m[36m(launch_and_fit pid=1093563)[0m double free or corruption (fasttop)
[2m[36m(launch_and_fit pid=1093561)[0m double free or corruption (fasttop)
[2m[36m(launch_and_fit pid=1093566)[0m double free or corruption (fasttop)
[2m[36m(launch_and_fit pid=1093562)[0m double free or corruption (fasttop)
DEBUG flwr 2023-09-27 14:55:37,075 | server.py:229 | fit_round 1 received 8 results and 0 failures
INFO flwr 2023-09-27 14:55:37,185 | fed_df.py:367 | Warm start at round 1
INFO flwr 2023-09-27 14:55:37,375 | fed_df.py:465 | Performing server side distillation training...
[2m[36m(launch_and_fit pid=1093495)[0m Fitting Client 9
[2m[36m(launch_and_fit pid=1093496)[0m Fitting Client 15
[2m[36m(launch_and_fit pid=1093565)[0m Fitting Client 11
[2m[36m(launch_and_fit pid=1093562)[0m Fitting Client 4
[2m[36m(launch_and_fit pid=1093563)[0m Fitting Client 17
[2m[36m(launch_and_fit pid=1093566)[0m Fitting Client 2
[2m[36m(launch_and_fit pid=1093561)[0m Fitting Client 8
[2m[36m(launch_and_fit pid=1093564)[0m Fitting Client 6
[2m[36m(launch_and_fit pid=1093495)[0m double free or corruption (fasttop)
[2m[36m(launch_and_fit pid=1093496)[0m double free or corruption (fasttop)
[2m[36m(launch_and_fit pid=1093564)[0m malloc_consolidate(): invalid chunk size
[2m[36m(launch_and_fit pid=1093565)[0m malloc_consolidate(): invalid chunk size
INFO flwr 2023-09-27 14:56:03,694 | fed_df.py:545 | Distillation training stopped at step number : 500
INFO flwr 2023-09-27 14:56:03,694 | fed_df.py:552 | Average fusion training loss : 0.2937508768439293, val accuracy : 0.258, best val accuracy : 0.3054
INFO flwr 2023-09-27 14:56:03,695 | common.py:35 | Avg. local train loss : 7.279811422526837, train acc : 0.5397638888888889
INFO flwr 2023-09-27 14:56:06,778 | server.py:116 | fit progress: (1, 5.1688380004882815, {'server_test_acc': 0.3058}, 140.32462552498328)
INFO flwr 2023-09-27 14:56:06,779 | server.py:163 | evaluate_round 1: no clients selected, cancel
DEBUG flwr 2023-09-27 14:56:22,596 | server.py:215 | fit_round 2: strategy sampled 8 clients (out of 20)
[2m[36m(launch_and_fit pid=1246435)[0m malloc_consolidate(): invalid chunk size
DEBUG flwr 2023-09-27 14:57:50,883 | server.py:229 | fit_round 2 received 8 results and 0 failures
INFO flwr 2023-09-27 14:57:51,032 | fed_df.py:465 | Performing server side distillation training...
[2m[36m(launch_and_fit pid=1246435)[0m Fitting Client 0
[2m[36m(launch_and_fit pid=1246514)[0m Fitting Client 19
[2m[36m(launch_and_fit pid=1246515)[0m Fitting Client 2
[2m[36m(launch_and_fit pid=1246519)[0m Fitting Client 4
[2m[36m(launch_and_fit pid=1246517)[0m Fitting Client 15
[2m[36m(launch_and_fit pid=1246577)[0m Fitting Client 7
[2m[36m(launch_and_fit pid=1246520)[0m Fitting Client 9
[2m[36m(launch_and_fit pid=1246587)[0m Fitting Client 1
[2m[36m(launch_and_fit pid=1246519)[0m double free or corruption (fasttop)
[2m[36m(launch_and_fit pid=1246514)[0m malloc_consolidate(): invalid chunk size
[2m[36m(launch_and_fit pid=1246587)[0m double free or corruption (fasttop)
[2m[36m(launch_and_fit pid=1246520)[0m malloc_consolidate(): invalid chunk size
[2m[36m(launch_and_fit pid=1246577)[0m double free or corruption (fasttop)
[2m[36m(launch_and_fit pid=1246515)[0m double free or corruption (fasttop)
[2m[36m(launch_and_fit pid=1246517)[0m double free or corruption (fasttop)
E0927 14:57:56.564967821 1372904 chttp2_transport.cc:1079]             ipv4:145.136.62.27:52524: Received a GOAWAY with error code ENHANCE_YOUR_CALM and debug data equal to "too_many_pings". Current keepalive time (before throttling): 60000ms
E0927 14:57:56.565074461 1372904 chttp2_transport.cc:1079]             ipv4:145.136.62.27:52524: Received a GOAWAY with error code ENHANCE_YOUR_CALM and debug data equal to "too_many_pings". Current keepalive time (before throttling): 60000ms
E0927 14:57:56.565087117 1372904 chttp2_transport.cc:1079]             ipv4:145.136.62.27:52524: Received a GOAWAY with error code ENHANCE_YOUR_CALM and debug data equal to "too_many_pings". Current keepalive time (before throttling): 60000ms
E0927 14:57:56.565095528 1372904 chttp2_transport.cc:1079]             ipv4:145.136.62.27:52524: Received a GOAWAY with error code ENHANCE_YOUR_CALM and debug data equal to "too_many_pings". Current keepalive time (before throttling): 60000ms
E0927 14:57:56.565103494 1372904 chttp2_transport.cc:1079]             ipv4:145.136.62.27:52524: Received a GOAWAY with error code ENHANCE_YOUR_CALM and debug data equal to "too_many_pings". Current keepalive time (before throttling): 60000ms
E0927 14:57:56.565111414 1372904 chttp2_transport.cc:1079]             ipv4:145.136.62.27:52524: Received a GOAWAY with error code ENHANCE_YOUR_CALM and debug data equal to "too_many_pings". Current keepalive time (before throttling): 60000ms
E0927 14:57:56.565118961 1372904 chttp2_transport.cc:1079]             ipv4:145.136.62.27:52524: Received a GOAWAY with error code ENHANCE_YOUR_CALM and debug data equal to "too_many_pings". Current keepalive time (before throttling): 60000ms
E0927 14:57:56.565126708 1372904 chttp2_transport.cc:1079]             ipv4:145.136.62.27:52524: Received a GOAWAY with error code ENHANCE_YOUR_CALM and debug data equal to "too_many_pings". Current keepalive time (before throttling): 60000ms
E0927 14:57:56.565134572 1372904 chttp2_transport.cc:1079]             ipv4:145.136.62.27:52524: Received a GOAWAY with error code ENHANCE_YOUR_CALM and debug data equal to "too_many_pings". Current keepalive time (before throttling): 60000ms
E0927 14:57:56.565142128 1372904 chttp2_transport.cc:1079]             ipv4:145.136.62.27:52524: Received a GOAWAY with error code ENHANCE_YOUR_CALM and debug data equal to "too_many_pings". Current keepalive time (before throttling): 60000ms
E0927 14:57:56.565149569 1372904 chttp2_transport.cc:1079]             ipv4:145.136.62.27:52524: Received a GOAWAY with error code ENHANCE_YOUR_CALM and debug data equal to "too_many_pings". Current keepalive time (before throttling): 60000ms
E0927 14:57:56.565157055 1372904 chttp2_transport.cc:1079]             ipv4:145.136.62.27:52524: Received a GOAWAY with error code ENHANCE_YOUR_CALM and debug data equal to "too_many_pings". Current keepalive time (before throttling): 60000ms
E0927 14:57:56.565164507 1372904 chttp2_transport.cc:1079]             ipv4:145.136.62.27:52524: Received a GOAWAY with error code ENHANCE_YOUR_CALM and debug data equal to "too_many_pings". Current keepalive time (before throttling): 60000ms
E0927 14:57:56.565172291 1372904 chttp2_transport.cc:1079]             ipv4:145.136.62.27:52524: Received a GOAWAY with error code ENHANCE_YOUR_CALM and debug data equal to "too_many_pings". Current keepalive time (before throttling): 60000ms
INFO flwr 2023-09-27 14:58:17,308 | fed_df.py:545 | Distillation training stopped at step number : 500
INFO flwr 2023-09-27 14:58:17,308 | fed_df.py:552 | Average fusion training loss : 0.3903901882171631, val accuracy : 0.34603636363636364, best val accuracy : 0.4176
INFO flwr 2023-09-27 14:58:17,309 | common.py:35 | Avg. local train loss : 5.176667689718307, train acc : 0.7454763888888888
INFO flwr 2023-09-27 14:58:20,397 | server.py:116 | fit progress: (2, 3.5801628967285155, {'server_test_acc': 0.4062}, 273.9430771119951)
INFO flwr 2023-09-27 14:58:20,397 | server.py:163 | evaluate_round 2: no clients selected, cancel
DEBUG flwr 2023-09-27 14:58:36,170 | server.py:215 | fit_round 3: strategy sampled 8 clients (out of 20)
[2m[36m(launch_and_fit pid=1401300)[0m malloc_consolidate(): invalid chunk size
[2m[36m(launch_and_fit pid=1401337)[0m malloc_consolidate(): invalid chunk size
[2m[36m(launch_and_fit pid=1401305)[0m double free or corruption (fasttop)
DEBUG flwr 2023-09-27 15:00:05,905 | server.py:229 | fit_round 3 received 8 results and 0 failures
INFO flwr 2023-09-27 15:00:06,053 | fed_df.py:465 | Performing server side distillation training...
[2m[36m(launch_and_fit pid=1401300)[0m Fitting Client 4
[2m[36m(launch_and_fit pid=1401305)[0m Fitting Client 13
[2m[36m(launch_and_fit pid=1401316)[0m Fitting Client 16
[2m[36m(launch_and_fit pid=1401323)[0m Fitting Client 12
[2m[36m(launch_and_fit pid=1401326)[0m Fitting Client 10
[2m[36m(launch_and_fit pid=1401337)[0m Fitting Client 19
[2m[36m(launch_and_fit pid=1401325)[0m Fitting Client 17
[2m[36m(launch_and_fit pid=1401336)[0m Fitting Client 9
[2m[36m(launch_and_fit pid=1401316)[0m malloc_consolidate(): invalid chunk size
[2m[36m(launch_and_fit pid=1401336)[0m malloc_consolidate(): invalid chunk size
E0927 15:00:06.535605509 1377140 chttp2_transport.cc:1079]             ipv4:145.136.62.27:52524: Received a GOAWAY with error code ENHANCE_YOUR_CALM and debug data equal to "too_many_pings". Current keepalive time (before throttling): 120000ms
[2m[36m(launch_and_fit pid=1401325)[0m double free or corruption (fasttop)
[2m[36m(launch_and_fit pid=1401323)[0m double free or corruption (fasttop)
[2m[36m(launch_and_fit pid=1401326)[0m malloc_consolidate(): invalid chunk size
INFO flwr 2023-09-27 15:00:32,265 | fed_df.py:545 | Distillation training stopped at step number : 500
INFO flwr 2023-09-27 15:00:32,266 | fed_df.py:552 | Average fusion training loss : 0.39656654140353204, val accuracy : 0.3753090909090909, best val accuracy : 0.4314
INFO flwr 2023-09-27 15:00:32,267 | common.py:35 | Avg. local train loss : 4.551086875982582, train acc : 0.8091666666666667
INFO flwr 2023-09-27 15:00:35,347 | server.py:116 | fit progress: (3, 5.033314270019531, {'server_test_acc': 0.4388}, 408.89331576798577)
INFO flwr 2023-09-27 15:00:35,347 | server.py:163 | evaluate_round 3: no clients selected, cancel
DEBUG flwr 2023-09-27 15:00:51,131 | server.py:215 | fit_round 4: strategy sampled 8 clients (out of 20)
[2m[36m(launch_and_fit pid=1554276)[0m double free or corruption (fasttop)
[2m[36m(launch_and_fit pid=1554270)[0m malloc_consolidate(): invalid chunk size
[2m[36m(launch_and_fit pid=1554256)[0m double free or corruption (fasttop)
[2m[36m(launch_and_fit pid=1554259)[0m malloc_consolidate(): invalid chunk size
DEBUG flwr 2023-09-27 15:02:23,320 | server.py:229 | fit_round 4 received 8 results and 0 failures
[2m[36m(launch_and_fit pid=1554273)[0m malloc_consolidate(): invalid chunk size
INFO flwr 2023-09-27 15:02:23,475 | fed_df.py:465 | Performing server side distillation training...
[2m[36m(launch_and_fit pid=1554270)[0m Fitting Client 8
[2m[36m(launch_and_fit pid=1554256)[0m Fitting Client 19
[2m[36m(launch_and_fit pid=1554259)[0m Fitting Client 11
[2m[36m(launch_and_fit pid=1554273)[0m Fitting Client 0
[2m[36m(launch_and_fit pid=1554271)[0m Fitting Client 3
[2m[36m(launch_and_fit pid=1554277)[0m Fitting Client 4
[2m[36m(launch_and_fit pid=1554276)[0m Fitting Client 12
[2m[36m(launch_and_fit pid=1554285)[0m Fitting Client 9
[2m[36m(launch_and_fit pid=1554271)[0m corrupted size vs. prev_size in fastbins
[2m[36m(launch_and_fit pid=1554285)[0m double free or corruption (fasttop)
[2m[36m(launch_and_fit pid=1554277)[0m malloc_consolidate(): invalid chunk size
INFO flwr 2023-09-27 15:02:49,622 | fed_df.py:545 | Distillation training stopped at step number : 500
INFO flwr 2023-09-27 15:02:49,622 | fed_df.py:552 | Average fusion training loss : 0.5075054100751877, val accuracy : 0.4347818181818182, best val accuracy : 0.4802
INFO flwr 2023-09-27 15:02:49,624 | common.py:35 | Avg. local train loss : 4.245287938602269, train acc : 0.8398138888888889
INFO flwr 2023-09-27 15:02:52,768 | server.py:116 | fit progress: (4, 2.666536688232422, {'server_test_acc': 0.481}, 546.3146749299776)
INFO flwr 2023-09-27 15:02:52,769 | server.py:163 | evaluate_round 4: no clients selected, cancel
DEBUG flwr 2023-09-27 15:03:08,738 | server.py:215 | fit_round 5: strategy sampled 8 clients (out of 20)
[2m[36m(launch_and_fit pid=1710129)[0m malloc_consolidate(): invalid chunk size
[2m[36m(launch_and_fit pid=1710142)[0m malloc_consolidate(): invalid chunk size
[2m[36m(launch_and_fit pid=1710127)[0m malloc_consolidate(): invalid chunk size
[2m[36m(launch_and_fit pid=1710148)[0m malloc_consolidate(): invalid chunk size
DEBUG flwr 2023-09-27 15:04:35,914 | server.py:229 | fit_round 5 received 8 results and 0 failures
INFO flwr 2023-09-27 15:04:36,022 | fed_df.py:367 | Warm start at round 5
INFO flwr 2023-09-27 15:04:36,203 | fed_df.py:465 | Performing server side distillation training...
[2m[36m(launch_and_fit pid=1710129)[0m Fitting Client 17
[2m[36m(launch_and_fit pid=1710142)[0m Fitting Client 2
[2m[36m(launch_and_fit pid=1710148)[0m Fitting Client 7
[2m[36m(launch_and_fit pid=1710161)[0m Fitting Client 6
[2m[36m(launch_and_fit pid=1710159)[0m Fitting Client 14
[2m[36m(launch_and_fit pid=1710143)[0m Fitting Client 9
[2m[36m(launch_and_fit pid=1710160)[0m Fitting Client 19
[2m[36m(launch_and_fit pid=1710127)[0m Fitting Client 11
[2m[36m(launch_and_fit pid=1710143)[0m malloc_consolidate(): invalid chunk size
[2m[36m(launch_and_fit pid=1710161)[0m double free or corruption (fasttop)
E0927 15:04:36.877591246 1524606 chttp2_transport.cc:1079]             ipv4:145.136.62.27:52524: Received a GOAWAY with error code ENHANCE_YOUR_CALM and debug data equal to "too_many_pings". Current keepalive time (before throttling): 240000ms
[2m[36m(launch_and_fit pid=1710160)[0m malloc_consolidate(): invalid chunk size
[2m[36m(launch_and_fit pid=1710159)[0m malloc_consolidate(): invalid chunk size
INFO flwr 2023-09-27 15:05:02,164 | fed_df.py:545 | Distillation training stopped at step number : 500
INFO flwr 2023-09-27 15:05:02,164 | fed_df.py:552 | Average fusion training loss : 0.38432614609599114, val accuracy : 0.5611272727272728, best val accuracy : 0.596
INFO flwr 2023-09-27 15:05:02,166 | common.py:35 | Avg. local train loss : 4.102034589648246, train acc : 0.8524402777777778
INFO flwr 2023-09-27 15:05:05,284 | server.py:116 | fit progress: (5, 2.9287302490234377, {'server_test_acc': 0.5915}, 678.8301540069806)
INFO flwr 2023-09-27 15:05:05,284 | server.py:163 | evaluate_round 5: no clients selected, cancel
DEBUG flwr 2023-09-27 15:05:20,999 | server.py:215 | fit_round 6: strategy sampled 8 clients (out of 20)
[2m[36m(launch_and_fit pid=1855867)[0m malloc_consolidate(): invalid chunk size
[2m[36m(launch_and_fit pid=1855731)[0m malloc_consolidate(): invalid chunk size
[2m[36m(launch_and_fit pid=1855878)[0m double free or corruption (fasttop)
[2m[36m(launch_and_fit pid=1855734)[0m malloc_consolidate(): invalid chunk size
DEBUG flwr 2023-09-27 15:06:53,323 | server.py:229 | fit_round 6 received 8 results and 0 failures
INFO flwr 2023-09-27 15:06:53,478 | fed_df.py:465 | Performing server side distillation training...
[2m[36m(launch_and_fit pid=1855731)[0m Fitting Client 18
[2m[36m(launch_and_fit pid=1855867)[0m Fitting Client 17
[2m[36m(launch_and_fit pid=1855734)[0m Fitting Client 19
[2m[36m(launch_and_fit pid=1855877)[0m Fitting Client 4
[2m[36m(launch_and_fit pid=1855869)[0m Fitting Client 8
[2m[36m(launch_and_fit pid=1855866)[0m Fitting Client 10
[2m[36m(launch_and_fit pid=1855878)[0m Fitting Client 7
[2m[36m(launch_and_fit pid=1855868)[0m Fitting Client 15
[2m[36m(launch_and_fit pid=1855877)[0m malloc_consolidate(): invalid chunk size
[2m[36m(launch_and_fit pid=1855869)[0m malloc_consolidate(): invalid chunk size
[2m[36m(launch_and_fit pid=1855866)[0m double free or corruption (fasttop)
[2m[36m(launch_and_fit pid=1855868)[0m double free or corruption (fasttop)
INFO flwr 2023-09-27 15:07:19,595 | fed_df.py:545 | Distillation training stopped at step number : 500
INFO flwr 2023-09-27 15:07:19,595 | fed_df.py:552 | Average fusion training loss : 0.27481069537997244, val accuracy : 0.499890909090909, best val accuracy : 0.5776
INFO flwr 2023-09-27 15:07:19,597 | common.py:35 | Avg. local train loss : 3.4657943680882455, train acc : 0.9134166666666667
INFO flwr 2023-09-27 15:07:22,699 | server.py:116 | fit progress: (6, 3.1735886657714842, {'server_test_acc': 0.5766}, 816.2456034999923)
INFO flwr 2023-09-27 15:07:22,700 | server.py:163 | evaluate_round 6: no clients selected, cancel
DEBUG flwr 2023-09-27 15:07:38,507 | server.py:215 | fit_round 7: strategy sampled 8 clients (out of 20)
[2m[36m(launch_and_fit pid=1996136)[0m malloc_consolidate(): invalid chunk size
DEBUG flwr 2023-09-27 15:09:09,146 | server.py:229 | fit_round 7 received 8 results and 0 failures
INFO flwr 2023-09-27 15:09:09,304 | fed_df.py:465 | Performing server side distillation training...
[2m[36m(launch_and_fit pid=1996135)[0m Fitting Client 19
[2m[36m(launch_and_fit pid=1996128)[0m Fitting Client 0
[2m[36m(launch_and_fit pid=1996138)[0m Fitting Client 2
[2m[36m(launch_and_fit pid=1996130)[0m Fitting Client 12
[2m[36m(launch_and_fit pid=1996134)[0m Fitting Client 3
[2m[36m(launch_and_fit pid=1996136)[0m Fitting Client 8
[2m[36m(launch_and_fit pid=1996142)[0m Fitting Client 4
[2m[36m(launch_and_fit pid=1996141)[0m Fitting Client 15
[2m[36m(launch_and_fit pid=1996134)[0m malloc_consolidate(): invalid chunk size
[2m[36m(launch_and_fit pid=1996128)[0m malloc_consolidate(): invalid chunk size
[2m[36m(launch_and_fit pid=1996138)[0m malloc_consolidate(): invalid chunk size
[2m[36m(launch_and_fit pid=1996142)[0m double free or corruption (fasttop)
[2m[36m(launch_and_fit pid=1996141)[0m double free or corruption (fasttop)
[2m[36m(launch_and_fit pid=1996130)[0m malloc_consolidate(): invalid chunk size
[2m[36m(launch_and_fit pid=1996135)[0m malloc_consolidate(): invalid chunk size
INFO flwr 2023-09-27 15:09:35,700 | fed_df.py:545 | Distillation training stopped at step number : 500
INFO flwr 2023-09-27 15:09:35,701 | fed_df.py:552 | Average fusion training loss : 0.3584724455177784, val accuracy : 0.39838181818181817, best val accuracy : 0.5606
INFO flwr 2023-09-27 15:09:35,703 | common.py:35 | Avg. local train loss : 3.6226964433677495, train acc : 0.9000069444444444
INFO flwr 2023-09-27 15:09:38,818 | server.py:116 | fit progress: (7, 3.4778996643066407, {'server_test_acc': 0.5582}, 952.3639714429737)
INFO flwr 2023-09-27 15:09:38,818 | server.py:163 | evaluate_round 7: no clients selected, cancel
DEBUG flwr 2023-09-27 15:09:54,658 | server.py:215 | fit_round 8: strategy sampled 8 clients (out of 20)
[2m[36m(launch_and_fit pid=2102745)[0m malloc_consolidate(): invalid chunk size
DEBUG flwr 2023-09-27 15:11:26,816 | server.py:229 | fit_round 8 received 8 results and 0 failures
[2m[36m(launch_and_fit pid=2102744)[0m malloc_consolidate(): invalid chunk size
INFO flwr 2023-09-27 15:11:26,977 | fed_df.py:465 | Performing server side distillation training...
[2m[36m(launch_and_fit pid=2102736)[0m Fitting Client 14
[2m[36m(launch_and_fit pid=2102737)[0m Fitting Client 5
[2m[36m(launch_and_fit pid=2102743)[0m Fitting Client 19
[2m[36m(launch_and_fit pid=2102741)[0m Fitting Client 7
[2m[36m(launch_and_fit pid=2102745)[0m Fitting Client 13
[2m[36m(launch_and_fit pid=2102744)[0m Fitting Client 9
[2m[36m(launch_and_fit pid=2102742)[0m Fitting Client 15
[2m[36m(launch_and_fit pid=2102746)[0m Fitting Client 4
[2m[36m(launch_and_fit pid=2102743)[0m double free or corruption (fasttop)
[2m[36m(launch_and_fit pid=2102742)[0m double free or corruption (fasttop)
[2m[36m(launch_and_fit pid=2102746)[0m malloc_consolidate(): invalid chunk size
[2m[36m(launch_and_fit pid=2102737)[0m malloc_consolidate(): invalid chunk size
[2m[36m(launch_and_fit pid=2102736)[0m malloc_consolidate(): invalid chunk size
[2m[36m(launch_and_fit pid=2102741)[0m malloc_consolidate(): invalid chunk size
INFO flwr 2023-09-27 15:11:53,128 | fed_df.py:545 | Distillation training stopped at step number : 500
INFO flwr 2023-09-27 15:11:53,129 | fed_df.py:552 | Average fusion training loss : 0.32909363907575606, val accuracy : 0.44220000000000004, best val accuracy : 0.559
INFO flwr 2023-09-27 15:11:53,130 | common.py:35 | Avg. local train loss : 3.6482827142812315, train acc : 0.8972263888888888
INFO flwr 2023-09-27 15:11:56,224 | server.py:116 | fit progress: (8, 4.160145861816407, {'server_test_acc': 0.5541}, 1089.770588927)
INFO flwr 2023-09-27 15:11:56,225 | server.py:163 | evaluate_round 8: no clients selected, cancel
DEBUG flwr 2023-09-27 15:12:12,081 | server.py:215 | fit_round 9: strategy sampled 8 clients (out of 20)
[2m[36m(launch_and_fit pid=2215094)[0m malloc_consolidate(): invalid chunk size
[2m[36m(launch_and_fit pid=2215106)[0m malloc_consolidate(): invalid chunk size
[2m[36m(launch_and_fit pid=2215107)[0m double free or corruption (fasttop)
DEBUG flwr 2023-09-27 15:13:42,891 | server.py:229 | fit_round 9 received 8 results and 0 failures
INFO flwr 2023-09-27 15:13:43,049 | fed_df.py:465 | Performing server side distillation training...
[2m[36m(launch_and_fit pid=2215116)[0m malloc_consolidate(): invalid chunk size
[2m[36m(launch_and_fit pid=2215094)[0m Fitting Client 2
[2m[36m(launch_and_fit pid=2215106)[0m Fitting Client 5
[2m[36m(launch_and_fit pid=2215093)[0m Fitting Client 3
[2m[36m(launch_and_fit pid=2215116)[0m Fitting Client 19
[2m[36m(launch_and_fit pid=2215107)[0m Fitting Client 18
[2m[36m(launch_and_fit pid=2215114)[0m Fitting Client 13
[2m[36m(launch_and_fit pid=2215115)[0m Fitting Client 4
[2m[36m(launch_and_fit pid=2215117)[0m Fitting Client 16
[2m[36m(launch_and_fit pid=2215114)[0m double free or corruption (fasttop)
[2m[36m(launch_and_fit pid=2215117)[0m malloc_consolidate(): invalid chunk size
[2m[36m(launch_and_fit pid=2215115)[0m malloc_consolidate(): invalid chunk size
[2m[36m(launch_and_fit pid=2215093)[0m malloc_consolidate(): invalid chunk size
E0927 15:13:47.700559945 2313670 chttp2_transport.cc:1079]             ipv4:145.136.62.27:52524: Received a GOAWAY with error code ENHANCE_YOUR_CALM and debug data equal to "too_many_pings". Current keepalive time (before throttling): 480000ms
INFO flwr 2023-09-27 15:14:09,109 | fed_df.py:545 | Distillation training stopped at step number : 500
INFO flwr 2023-09-27 15:14:09,109 | fed_df.py:552 | Average fusion training loss : 0.31078402999043464, val accuracy : 0.5098727272727273, best val accuracy : 0.5752
INFO flwr 2023-09-27 15:14:09,111 | common.py:35 | Avg. local train loss : 3.5794816757552326, train acc : 0.9037597222222222
INFO flwr 2023-09-27 15:14:12,198 | server.py:116 | fit progress: (9, 3.3387718444824217, {'server_test_acc': 0.5725}, 1225.744646784995)
INFO flwr 2023-09-27 15:14:12,199 | server.py:163 | evaluate_round 9: no clients selected, cancel
DEBUG flwr 2023-09-27 15:14:28,169 | server.py:215 | fit_round 10: strategy sampled 8 clients (out of 20)
[2m[36m(launch_and_fit pid=2327991)[0m malloc_consolidate(): invalid chunk size
[2m[36m(launch_and_fit pid=2327993)[0m double free or corruption (fasttop)
[2m[36m(launch_and_fit pid=2327980)[0m malloc_consolidate(): invalid chunk size
[2m[36m(launch_and_fit pid=2327969)[0m malloc_consolidate(): invalid chunk size
[2m[36m(launch_and_fit pid=2327987)[0m malloc_consolidate(): invalid chunk size
DEBUG flwr 2023-09-27 15:16:06,299 | server.py:229 | fit_round 10 received 8 results and 0 failures
INFO flwr 2023-09-27 15:16:06,409 | fed_df.py:367 | Warm start at round 10
INFO flwr 2023-09-27 15:16:06,600 | fed_df.py:465 | Performing server side distillation training...
[2m[36m(launch_and_fit pid=2327969)[0m Fitting Client 5
[2m[36m(launch_and_fit pid=2327988)[0m Fitting Client 0
[2m[36m(launch_and_fit pid=2327991)[0m Fitting Client 9
[2m[36m(launch_and_fit pid=2327979)[0m Fitting Client 10
[2m[36m(launch_and_fit pid=2327980)[0m Fitting Client 1
[2m[36m(launch_and_fit pid=2327993)[0m Fitting Client 7
[2m[36m(launch_and_fit pid=2327975)[0m Fitting Client 13
[2m[36m(launch_and_fit pid=2327987)[0m Fitting Client 19
[2m[36m(launch_and_fit pid=2327988)[0m double free or corruption (fasttop)
[2m[36m(launch_and_fit pid=2327979)[0m malloc_consolidate(): invalid chunk size
[2m[36m(launch_and_fit pid=2327975)[0m malloc_consolidate(): invalid chunk size
E0927 15:16:08.286501068 2316324 chttp2_transport.cc:1079]             ipv4:145.136.62.27:52524: Received a GOAWAY with error code ENHANCE_YOUR_CALM and debug data equal to "too_many_pings". Current keepalive time (before throttling): 960000ms
E0927 15:16:08.286600367 2316324 chttp2_transport.cc:1079]             ipv4:145.136.62.27:52524: Received a GOAWAY with error code ENHANCE_YOUR_CALM and debug data equal to "too_many_pings". Current keepalive time (before throttling): 960000ms
E0927 15:16:08.286617716 2316324 chttp2_transport.cc:1079]             ipv4:145.136.62.27:52524: Received a GOAWAY with error code ENHANCE_YOUR_CALM and debug data equal to "too_many_pings". Current keepalive time (before throttling): 960000ms
E0927 15:16:08.286632308 2316324 chttp2_transport.cc:1079]             ipv4:145.136.62.27:52524: Received a GOAWAY with error code ENHANCE_YOUR_CALM and debug data equal to "too_many_pings". Current keepalive time (before throttling): 960000ms
E0927 15:16:08.286641531 2316324 chttp2_transport.cc:1079]             ipv4:145.136.62.27:52524: Received a GOAWAY with error code ENHANCE_YOUR_CALM and debug data equal to "too_many_pings". Current keepalive time (before throttling): 960000ms
E0927 15:16:08.286651404 2316324 chttp2_transport.cc:1079]             ipv4:145.136.62.27:52524: Received a GOAWAY with error code ENHANCE_YOUR_CALM and debug data equal to "too_many_pings". Current keepalive time (before throttling): 960000ms
E0927 15:16:08.286659346 2316324 chttp2_transport.cc:1079]             ipv4:145.136.62.27:52524: Received a GOAWAY with error code ENHANCE_YOUR_CALM and debug data equal to "too_many_pings". Current keepalive time (before throttling): 960000ms
E0927 15:16:08.286667263 2316324 chttp2_transport.cc:1079]             ipv4:145.136.62.27:52524: Received a GOAWAY with error code ENHANCE_YOUR_CALM and debug data equal to "too_many_pings". Current keepalive time (before throttling): 960000ms
E0927 15:16:08.286676207 2316324 chttp2_transport.cc:1079]             ipv4:145.136.62.27:52524: Received a GOAWAY with error code ENHANCE_YOUR_CALM and debug data equal to "too_many_pings". Current keepalive time (before throttling): 960000ms
E0927 15:16:08.286685272 2316324 chttp2_transport.cc:1079]             ipv4:145.136.62.27:52524: Received a GOAWAY with error code ENHANCE_YOUR_CALM and debug data equal to "too_many_pings". Current keepalive time (before throttling): 960000ms
INFO flwr 2023-09-27 15:16:32,602 | fed_df.py:545 | Distillation training stopped at step number : 500
INFO flwr 2023-09-27 15:16:32,602 | fed_df.py:552 | Average fusion training loss : 0.2694359731078148, val accuracy : 0.5876181818181818, best val accuracy : 0.6288
INFO flwr 2023-09-27 15:16:32,604 | common.py:35 | Avg. local train loss : 3.6820402450859544, train acc : 0.8938430555555557
INFO flwr 2023-09-27 15:16:35,734 | server.py:116 | fit progress: (10, 2.425470910644531, {'server_test_acc': 0.6189}, 1369.279918604996)
INFO flwr 2023-09-27 15:16:35,734 | server.py:163 | evaluate_round 10: no clients selected, cancel
DEBUG flwr 2023-09-27 15:16:51,726 | server.py:215 | fit_round 11: strategy sampled 8 clients (out of 20)
[2m[36m(launch_and_fit pid=2442556)[0m double free or corruption (fasttop)
[2m[36m(launch_and_fit pid=2442554)[0m malloc_consolidate(): invalid chunk size
[2m[36m(launch_and_fit pid=2442558)[0m malloc_consolidate(): invalid chunk size
[2m[36m(launch_and_fit pid=2442557)[0m double free or corruption (fasttop)
[2m[36m(launch_and_fit pid=2442559)[0m double free or corruption (fasttop)
[2m[36m(launch_and_fit pid=2442548)[0m malloc_consolidate(): invalid chunk size
DEBUG flwr 2023-09-27 15:18:27,189 | server.py:229 | fit_round 11 received 8 results and 0 failures
INFO flwr 2023-09-27 15:18:27,350 | fed_df.py:465 | Performing server side distillation training...
[2m[36m(launch_and_fit pid=2442559)[0m Fitting Client 0
[2m[36m(launch_and_fit pid=2442558)[0m Fitting Client 14
[2m[36m(launch_and_fit pid=2442555)[0m Fitting Client 6
[2m[36m(launch_and_fit pid=2442556)[0m Fitting Client 16
[2m[36m(launch_and_fit pid=2442547)[0m Fitting Client 3
[2m[36m(launch_and_fit pid=2442548)[0m Fitting Client 13
[2m[36m(launch_and_fit pid=2442557)[0m Fitting Client 5
[2m[36m(launch_and_fit pid=2442554)[0m Fitting Client 11
E0927 15:18:28.929529254 2539438 chttp2_transport.cc:1079]             ipv4:145.136.62.27:52524: Received a GOAWAY with error code ENHANCE_YOUR_CALM and debug data equal to "too_many_pings". Current keepalive time (before throttling): 1920000ms
[2m[36m(launch_and_fit pid=2442547)[0m double free or corruption (fasttop)
[2m[36m(launch_and_fit pid=2442555)[0m malloc_consolidate(): invalid chunk size
INFO flwr 2023-09-27 15:18:53,780 | fed_df.py:545 | Distillation training stopped at step number : 500
INFO flwr 2023-09-27 15:18:53,781 | fed_df.py:552 | Average fusion training loss : 0.20427842301130295, val accuracy : 0.6114545454545454, best val accuracy : 0.6466
INFO flwr 2023-09-27 15:18:53,782 | common.py:35 | Avg. local train loss : 3.431670593097806, train acc : 0.9185500000000001
INFO flwr 2023-09-27 15:18:56,900 | server.py:116 | fit progress: (11, 2.1733155334472656, {'server_test_acc': 0.6452}, 1510.4459877049958)
INFO flwr 2023-09-27 15:18:56,900 | server.py:163 | evaluate_round 11: no clients selected, cancel
DEBUG flwr 2023-09-27 15:19:12,751 | server.py:215 | fit_round 12: strategy sampled 8 clients (out of 20)
[2m[36m(launch_and_fit pid=2556745)[0m malloc_consolidate(): invalid chunk size
[2m[36m(launch_and_fit pid=2556777)[0m malloc_consolidate(): invalid chunk size
[2m[36m(launch_and_fit pid=2556767)[0m malloc_consolidate(): invalid chunk size
[2m[36m(launch_and_fit pid=2556774)[0m double free or corruption (fasttop)
[2m[36m(launch_and_fit pid=2556751)[0m corrupted size vs. prev_size in fastbins
[2m[36m(launch_and_fit pid=2556776)[0m malloc_consolidate(): invalid chunk size
[2m[36m(launch_and_fit pid=2556775)[0m malloc_consolidate(): invalid chunk size
DEBUG flwr 2023-09-27 15:20:47,236 | server.py:229 | fit_round 12 received 8 results and 0 failures
INFO flwr 2023-09-27 15:20:47,395 | fed_df.py:465 | Performing server side distillation training...
[2m[36m(launch_and_fit pid=2556745)[0m Fitting Client 14
[2m[36m(launch_and_fit pid=2556751)[0m Fitting Client 17
[2m[36m(launch_and_fit pid=2556767)[0m Fitting Client 0
[2m[36m(launch_and_fit pid=2556774)[0m Fitting Client 8
[2m[36m(launch_and_fit pid=2556777)[0m Fitting Client 1
[2m[36m(launch_and_fit pid=2556775)[0m Fitting Client 5
[2m[36m(launch_and_fit pid=2556776)[0m Fitting Client 3
[2m[36m(launch_and_fit pid=2556778)[0m Fitting Client 18
[2m[36m(launch_and_fit pid=2556778)[0m double free or corruption (fasttop)
E0927 15:20:49.746881355 2541752 chttp2_transport.cc:1079]             ipv4:145.136.62.27:52524: Received a GOAWAY with error code ENHANCE_YOUR_CALM and debug data equal to "too_many_pings". Current keepalive time (before throttling): 3840000ms
INFO flwr 2023-09-27 15:21:13,815 | fed_df.py:545 | Distillation training stopped at step number : 500
INFO flwr 2023-09-27 15:21:13,815 | fed_df.py:552 | Average fusion training loss : 0.29917133241891863, val accuracy : 0.5584363636363636, best val accuracy : 0.6558
INFO flwr 2023-09-27 15:21:13,817 | common.py:35 | Avg. local train loss : 3.325034222751856, train acc : 0.9291291666666667
INFO flwr 2023-09-27 15:21:16,934 | server.py:116 | fit progress: (12, 2.073744952392578, {'server_test_acc': 0.6594}, 1650.4797865209985)
INFO flwr 2023-09-27 15:21:16,934 | server.py:163 | evaluate_round 12: no clients selected, cancel
DEBUG flwr 2023-09-27 15:21:32,671 | server.py:215 | fit_round 13: strategy sampled 8 clients (out of 20)
[2m[36m(launch_and_fit pid=2662054)[0m double free or corruption (fasttop)
[2m[36m(launch_and_fit pid=2662060)[0m double free or corruption (fasttop)
[2m[36m(launch_and_fit pid=2662061)[0m malloc_consolidate(): invalid chunk size
DEBUG flwr 2023-09-27 15:23:04,650 | server.py:229 | fit_round 13 received 8 results and 0 failures
INFO flwr 2023-09-27 15:23:04,810 | fed_df.py:465 | Performing server side distillation training...
[2m[36m(launch_and_fit pid=2662057)[0m Fitting Client 3
[2m[36m(launch_and_fit pid=2662054)[0m Fitting Client 11
[2m[36m(launch_and_fit pid=2662060)[0m Fitting Client 14
[2m[36m(launch_and_fit pid=2662061)[0m Fitting Client 5
[2m[36m(launch_and_fit pid=2662056)[0m Fitting Client 18
[2m[36m(launch_and_fit pid=2662058)[0m Fitting Client 0
[2m[36m(launch_and_fit pid=2662059)[0m Fitting Client 7
[2m[36m(launch_and_fit pid=2662053)[0m Fitting Client 19
[2m[36m(launch_and_fit pid=2662057)[0m double free or corruption (fasttop)
[2m[36m(launch_and_fit pid=2662056)[0m double free or corruption (fasttop)
[2m[36m(launch_and_fit pid=2662058)[0m double free or corruption (fasttop)
[2m[36m(launch_and_fit pid=2662059)[0m malloc_consolidate(): invalid chunk size
[2m[36m(launch_and_fit pid=2662053)[0m double free or corruption (fasttop)
E0927 15:23:07.455826265 2650442 chttp2_transport.cc:1079]             ipv4:145.136.62.27:52524: Received a GOAWAY with error code ENHANCE_YOUR_CALM and debug data equal to "too_many_pings". Current keepalive time (before throttling): 7680000ms
INFO flwr 2023-09-27 15:23:31,379 | fed_df.py:545 | Distillation training stopped at step number : 500
INFO flwr 2023-09-27 15:23:31,380 | fed_df.py:552 | Average fusion training loss : 0.2654950749874115, val accuracy : 0.5464181818181819, best val accuracy : 0.6498
INFO flwr 2023-09-27 15:23:31,382 | common.py:35 | Avg. local train loss : 3.2642214712686837, train acc : 0.9343638888888888
INFO flwr 2023-09-27 15:23:34,496 | server.py:116 | fit progress: (13, 2.3903150695800783, {'server_test_acc': 0.6458}, 1788.0422219269967)
INFO flwr 2023-09-27 15:23:34,496 | server.py:163 | evaluate_round 13: no clients selected, cancel
DEBUG flwr 2023-09-27 15:23:50,892 | server.py:215 | fit_round 14: strategy sampled 8 clients (out of 20)
[2m[36m(launch_and_fit pid=2766376)[0m corrupted size vs. prev_size in fastbins
[2m[36m(launch_and_fit pid=2766377)[0m double free or corruption (fasttop)
[2m[36m(launch_and_fit pid=2766386)[0m double free or corruption (fasttop)
DEBUG flwr 2023-09-27 15:25:23,036 | server.py:229 | fit_round 14 received 8 results and 0 failures
[2m[36m(launch_and_fit pid=2766384)[0m double free or corruption (fasttop)
INFO flwr 2023-09-27 15:25:23,196 | fed_df.py:465 | Performing server side distillation training...
[2m[36m(launch_and_fit pid=2766376)[0m Fitting Client 16
[2m[36m(launch_and_fit pid=2766377)[0m Fitting Client 8
[2m[36m(launch_and_fit pid=2766384)[0m Fitting Client 4
[2m[36m(launch_and_fit pid=2766381)[0m Fitting Client 3
[2m[36m(launch_and_fit pid=2766386)[0m Fitting Client 14
[2m[36m(launch_and_fit pid=2766385)[0m Fitting Client 18
[2m[36m(launch_and_fit pid=2766383)[0m Fitting Client 9
[2m[36m(launch_and_fit pid=2766382)[0m Fitting Client 10
[2m[36m(launch_and_fit pid=2766383)[0m double free or corruption (fasttop)
[2m[36m(launch_and_fit pid=2766385)[0m malloc_consolidate(): invalid chunk size
[2m[36m(launch_and_fit pid=2766382)[0m double free or corruption (fasttop)
[2m[36m(launch_and_fit pid=2766381)[0m malloc_consolidate(): invalid chunk size
E0927 15:25:27.918371847 2860975 chttp2_transport.cc:1079]             ipv4:145.136.62.27:52524: Received a GOAWAY with error code ENHANCE_YOUR_CALM and debug data equal to "too_many_pings". Current keepalive time (before throttling): 15360000ms
INFO flwr 2023-09-27 15:25:49,668 | fed_df.py:545 | Distillation training stopped at step number : 500
INFO flwr 2023-09-27 15:25:49,669 | fed_df.py:552 | Average fusion training loss : 0.3183347073495388, val accuracy : 0.6320363636363635, best val accuracy : 0.6676
INFO flwr 2023-09-27 15:25:49,671 | common.py:35 | Avg. local train loss : 3.310517740249634, train acc : 0.9308347222222224
INFO flwr 2023-09-27 15:25:52,756 | server.py:116 | fit progress: (14, 2.190020104980469, {'server_test_acc': 0.6636}, 1926.3021566690004)
INFO flwr 2023-09-27 15:25:52,756 | server.py:163 | evaluate_round 14: no clients selected, cancel
DEBUG flwr 2023-09-27 15:26:08,631 | server.py:215 | fit_round 15: strategy sampled 8 clients (out of 20)
[2m[36m(launch_and_fit pid=2871646)[0m malloc_consolidate(): invalid chunk size
[2m[36m(launch_and_fit pid=2871653)[0m malloc_consolidate(): invalid chunk size
DEBUG flwr 2023-09-27 15:27:39,931 | server.py:229 | fit_round 15 received 8 results and 0 failures
INFO flwr 2023-09-27 15:27:40,042 | fed_df.py:367 | Warm start at round 15
[2m[36m(launch_and_fit pid=2871652)[0m malloc_consolidate(): invalid chunk size
[2m[36m(launch_and_fit pid=2871656)[0m malloc_consolidate(): invalid chunk size
[2m[36m(launch_and_fit pid=2871655)[0m double free or corruption (fasttop)
[2m[36m(launch_and_fit pid=2871654)[0m malloc_consolidate(): invalid chunk size
INFO flwr 2023-09-27 15:27:40,260 | fed_df.py:465 | Performing server side distillation training...
[2m[36m(launch_and_fit pid=2871646)[0m Fitting Client 8
[2m[36m(launch_and_fit pid=2871650)[0m Fitting Client 7
[2m[36m(launch_and_fit pid=2871648)[0m Fitting Client 15
[2m[36m(launch_and_fit pid=2871652)[0m Fitting Client 12
[2m[36m(launch_and_fit pid=2871653)[0m Fitting Client 5
[2m[36m(launch_and_fit pid=2871654)[0m Fitting Client 18
[2m[36m(launch_and_fit pid=2871655)[0m Fitting Client 1
[2m[36m(launch_and_fit pid=2871656)[0m Fitting Client 14
[2m[36m(launch_and_fit pid=2871650)[0m double free or corruption (fasttop)
[2m[36m(launch_and_fit pid=2871648)[0m double free or corruption (fasttop)
E0927 15:27:42.776710330 2970211 chttp2_transport.cc:1079]             ipv4:145.136.62.27:52524: Received a GOAWAY with error code ENHANCE_YOUR_CALM and debug data equal to "too_many_pings". Current keepalive time (before throttling): 30720000ms
INFO flwr 2023-09-27 15:28:06,573 | fed_df.py:545 | Distillation training stopped at step number : 500
INFO flwr 2023-09-27 15:28:06,573 | fed_df.py:552 | Average fusion training loss : 0.28665355980396273, val accuracy : 0.6544181818181818, best val accuracy : 0.6878
INFO flwr 2023-09-27 15:28:06,575 | common.py:35 | Avg. local train loss : 3.3042012037709356, train acc : 0.9308875000000001
INFO flwr 2023-09-27 15:28:09,686 | server.py:116 | fit progress: (15, 1.4495722473144532, {'server_test_acc': 0.6868}, 2063.2322975209972)
INFO flwr 2023-09-27 15:28:09,686 | server.py:163 | evaluate_round 15: no clients selected, cancel
DEBUG flwr 2023-09-27 15:28:25,961 | server.py:215 | fit_round 16: strategy sampled 8 clients (out of 20)
[2m[36m(launch_and_fit pid=2986568)[0m malloc_consolidate(): invalid chunk size
[2m[36m(launch_and_fit pid=2986595)[0m malloc_consolidate(): invalid chunk size
[2m[36m(launch_and_fit pid=2986587)[0m double free or corruption (fasttop)
[2m[36m(launch_and_fit pid=2986574)[0m double free or corruption (fasttop)
[2m[36m(launch_and_fit pid=2986579)[0m double free or corruption (fasttop)
DEBUG flwr 2023-09-27 15:29:58,773 | server.py:229 | fit_round 16 received 8 results and 0 failures
INFO flwr 2023-09-27 15:29:58,933 | fed_df.py:465 | Performing server side distillation training...
[2m[36m(launch_and_fit pid=2986568)[0m Fitting Client 10
[2m[36m(launch_and_fit pid=2986579)[0m Fitting Client 17
[2m[36m(launch_and_fit pid=2986586)[0m Fitting Client 18
[2m[36m(launch_and_fit pid=2986585)[0m Fitting Client 12
[2m[36m(launch_and_fit pid=2986587)[0m Fitting Client 15
[2m[36m(launch_and_fit pid=2986574)[0m Fitting Client 11
[2m[36m(launch_and_fit pid=2986595)[0m Fitting Client 9
[2m[36m(launch_and_fit pid=2986594)[0m Fitting Client 7
[2m[36m(launch_and_fit pid=2986586)[0m malloc_consolidate(): invalid chunk size
[2m[36m(launch_and_fit pid=2986585)[0m malloc_consolidate(): invalid chunk size
[2m[36m(launch_and_fit pid=2986594)[0m malloc_consolidate(): invalid chunk size
E0927 15:30:01.533197819 2971799 chttp2_transport.cc:1079]             ipv4:145.136.62.27:52524: Received a GOAWAY with error code ENHANCE_YOUR_CALM and debug data equal to "too_many_pings". Current keepalive time (before throttling): 61440000ms
INFO flwr 2023-09-27 15:30:25,423 | fed_df.py:545 | Distillation training stopped at step number : 500
INFO flwr 2023-09-27 15:30:25,423 | fed_df.py:552 | Average fusion training loss : 0.18286572420597078, val accuracy : 0.6370545454545454, best val accuracy : 0.6826
INFO flwr 2023-09-27 15:30:25,425 | common.py:35 | Avg. local train loss : 3.0867629386484623, train acc : 0.9495458333333333
INFO flwr 2023-09-27 15:30:28,588 | server.py:116 | fit progress: (16, 3.030043200683594, {'server_test_acc': 0.6782}, 2202.134621102974)
INFO flwr 2023-09-27 15:30:28,589 | server.py:163 | evaluate_round 16: no clients selected, cancel
DEBUG flwr 2023-09-27 15:30:44,550 | server.py:215 | fit_round 17: strategy sampled 8 clients (out of 20)
[2m[36m(launch_and_fit pid=3101043)[0m malloc_consolidate(): invalid chunk size
[2m[36m(launch_and_fit pid=3101040)[0m double free or corruption (fasttop)
[2m[36m(launch_and_fit pid=3101039)[0m malloc_consolidate(): invalid chunk size
[2m[36m(launch_and_fit pid=3101041)[0m malloc_consolidate(): invalid chunk size
[2m[36m(launch_and_fit pid=3101038)[0m double free or corruption (fasttop)
DEBUG flwr 2023-09-27 15:32:17,489 | server.py:229 | fit_round 17 received 8 results and 0 failures
INFO flwr 2023-09-27 15:32:17,649 | fed_df.py:465 | Performing server side distillation training...
[2m[36m(launch_and_fit pid=3101038)[0m Fitting Client 9
[2m[36m(launch_and_fit pid=3101036)[0m Fitting Client 15
[2m[36m(launch_and_fit pid=3101039)[0m Fitting Client 17
[2m[36m(launch_and_fit pid=3101043)[0m Fitting Client 16
[2m[36m(launch_and_fit pid=3101040)[0m Fitting Client 0
[2m[36m(launch_and_fit pid=3101041)[0m Fitting Client 1
[2m[36m(launch_and_fit pid=3101042)[0m Fitting Client 14
[2m[36m(launch_and_fit pid=3101044)[0m Fitting Client 11
[2m[36m(launch_and_fit pid=3101042)[0m malloc_consolidate(): invalid chunk size
[2m[36m(launch_and_fit pid=3101044)[0m malloc_consolidate(): invalid chunk size
[2m[36m(launch_and_fit pid=3101036)[0m malloc_consolidate(): invalid chunk size
INFO flwr 2023-09-27 15:32:43,920 | fed_df.py:545 | Distillation training stopped at step number : 500
INFO flwr 2023-09-27 15:32:43,921 | fed_df.py:552 | Average fusion training loss : 0.26913602218031885, val accuracy : 0.6207454545454545, best val accuracy : 0.6794
INFO flwr 2023-09-27 15:32:43,922 | common.py:35 | Avg. local train loss : 3.1360122356563807, train acc : 0.9465847222222223
INFO flwr 2023-09-27 15:32:47,066 | server.py:116 | fit progress: (17, 2.792971783447266, {'server_test_acc': 0.6803}, 2340.6120960849803)
INFO flwr 2023-09-27 15:32:47,066 | server.py:163 | evaluate_round 17: no clients selected, cancel
DEBUG flwr 2023-09-27 15:33:03,152 | server.py:215 | fit_round 18: strategy sampled 8 clients (out of 20)
[2m[36m(launch_and_fit pid=3215899)[0m malloc_consolidate(): invalid chunk size
DEBUG flwr 2023-09-27 15:34:31,872 | server.py:229 | fit_round 18 received 8 results and 0 failures
INFO flwr 2023-09-27 15:34:32,033 | fed_df.py:465 | Performing server side distillation training...
[2m[36m(launch_and_fit pid=3215898)[0m Fitting Client 3
[2m[36m(launch_and_fit pid=3215899)[0m Fitting Client 12
[2m[36m(launch_and_fit pid=3215919)[0m Fitting Client 10
[2m[36m(launch_and_fit pid=3215924)[0m Fitting Client 2
[2m[36m(launch_and_fit pid=3215921)[0m Fitting Client 14
[2m[36m(launch_and_fit pid=3215925)[0m Fitting Client 7
[2m[36m(launch_and_fit pid=3215926)[0m Fitting Client 19
[2m[36m(launch_and_fit pid=3215911)[0m Fitting Client 16
[2m[36m(launch_and_fit pid=3215898)[0m malloc_consolidate(): invalid chunk size
[2m[36m(launch_and_fit pid=3215921)[0m double free or corruption (fasttop)
[2m[36m(launch_and_fit pid=3215926)[0m malloc_consolidate(): invalid chunk size
[2m[36m(launch_and_fit pid=3215925)[0m double free or corruption (fasttop)
[2m[36m(launch_and_fit pid=3215911)[0m malloc_consolidate(): invalid chunk size
[2m[36m(launch_and_fit pid=3215919)[0m double free or corruption (fasttop)
[2m[36m(launch_and_fit pid=3215924)[0m double free or corruption (fasttop)
E0927 15:34:37.126694720 3087344 chttp2_transport.cc:1079]             ipv4:145.136.62.27:52524: Received a GOAWAY with error code ENHANCE_YOUR_CALM and debug data equal to "too_many_pings". Current keepalive time (before throttling): 122880000ms
E0927 15:34:37.126770017 3087344 chttp2_transport.cc:1079]             ipv4:145.136.62.27:52524: Received a GOAWAY with error code ENHANCE_YOUR_CALM and debug data equal to "too_many_pings". Current keepalive time (before throttling): 122880000ms
E0927 15:34:37.126780958 3087344 chttp2_transport.cc:1079]             ipv4:145.136.62.27:52524: Received a GOAWAY with error code ENHANCE_YOUR_CALM and debug data equal to "too_many_pings". Current keepalive time (before throttling): 122880000ms
E0927 15:34:37.126789530 3087344 chttp2_transport.cc:1079]             ipv4:145.136.62.27:52524: Received a GOAWAY with error code ENHANCE_YOUR_CALM and debug data equal to "too_many_pings". Current keepalive time (before throttling): 122880000ms
INFO flwr 2023-09-27 15:34:58,613 | fed_df.py:545 | Distillation training stopped at step number : 500
INFO flwr 2023-09-27 15:34:58,614 | fed_df.py:552 | Average fusion training loss : 0.2806909033060074, val accuracy : 0.6203454545454545, best val accuracy : 0.6938
INFO flwr 2023-09-27 15:34:58,616 | common.py:35 | Avg. local train loss : 3.1160577367991205, train acc : 0.9486166666666667
INFO flwr 2023-09-27 15:35:01,724 | server.py:116 | fit progress: (18, 2.5739834045410155, {'server_test_acc': 0.6922}, 2475.2701958909747)
INFO flwr 2023-09-27 15:35:01,724 | server.py:163 | evaluate_round 18: no clients selected, cancel
DEBUG flwr 2023-09-27 15:35:17,970 | server.py:215 | fit_round 19: strategy sampled 8 clients (out of 20)
[2m[36m(launch_and_fit pid=3329009)[0m double free or corruption (fasttop)
[2m[36m(launch_and_fit pid=3329011)[0m malloc_consolidate(): invalid chunk size
[2m[36m(launch_and_fit pid=3329007)[0m malloc_consolidate(): invalid chunk size
DEBUG flwr 2023-09-27 15:36:49,865 | server.py:229 | fit_round 19 received 8 results and 0 failures
[2m[36m(launch_and_fit pid=3329012)[0m double free or corruption (fasttop)
INFO flwr 2023-09-27 15:36:50,034 | fed_df.py:465 | Performing server side distillation training...
[2m[36m(launch_and_fit pid=3329005)[0m Fitting Client 16
[2m[36m(launch_and_fit pid=3329009)[0m Fitting Client 17
[2m[36m(launch_and_fit pid=3329008)[0m Fitting Client 11
[2m[36m(launch_and_fit pid=3329007)[0m Fitting Client 14
[2m[36m(launch_and_fit pid=3329010)[0m Fitting Client 1
[2m[36m(launch_and_fit pid=3329012)[0m Fitting Client 6
[2m[36m(launch_and_fit pid=3329013)[0m Fitting Client 8
[2m[36m(launch_and_fit pid=3329011)[0m Fitting Client 10
[2m[36m(launch_and_fit pid=3329008)[0m double free or corruption (fasttop)
[2m[36m(launch_and_fit pid=3329005)[0m malloc_consolidate(): invalid chunk size
[2m[36m(launch_and_fit pid=3329013)[0m malloc_consolidate(): invalid chunk size
[2m[36m(launch_and_fit pid=3329010)[0m double free or corruption (fasttop)
E0927 15:36:54.613788785 3317434 chttp2_transport.cc:1079]             ipv4:145.136.62.27:52524: Received a GOAWAY with error code ENHANCE_YOUR_CALM and debug data equal to "too_many_pings". Current keepalive time (before throttling): 245760000ms
E0927 15:36:54.613847130 3317434 chttp2_transport.cc:1079]             ipv4:145.136.62.27:52524: Received a GOAWAY with error code ENHANCE_YOUR_CALM and debug data equal to "too_many_pings". Current keepalive time (before throttling): 245760000ms
E0927 15:36:54.613857350 3317434 chttp2_transport.cc:1079]             ipv4:145.136.62.27:52524: Received a GOAWAY with error code ENHANCE_YOUR_CALM and debug data equal to "too_many_pings". Current keepalive time (before throttling): 245760000ms
E0927 15:36:54.613866498 3317434 chttp2_transport.cc:1079]             ipv4:145.136.62.27:52524: Received a GOAWAY with error code ENHANCE_YOUR_CALM and debug data equal to "too_many_pings". Current keepalive time (before throttling): 245760000ms
INFO flwr 2023-09-27 15:37:16,560 | fed_df.py:545 | Distillation training stopped at step number : 500
INFO flwr 2023-09-27 15:37:16,560 | fed_df.py:552 | Average fusion training loss : 0.2906155535876751, val accuracy : 0.6650363636363636, best val accuracy : 0.6914
INFO flwr 2023-09-27 15:37:16,562 | common.py:35 | Avg. local train loss : 3.1234915705397723, train acc : 0.9480305555555556
INFO flwr 2023-09-27 15:37:19,712 | server.py:116 | fit progress: (19, 2.5636073486328126, {'server_test_acc': 0.6869}, 2613.2581761599868)
INFO flwr 2023-09-27 15:37:19,712 | server.py:163 | evaluate_round 19: no clients selected, cancel
DEBUG flwr 2023-09-27 15:37:35,650 | server.py:215 | fit_round 20: strategy sampled 8 clients (out of 20)
[2m[36m(launch_and_fit pid=3435509)[0m malloc_consolidate(): invalid chunk size
[2m[36m(launch_and_fit pid=3435507)[0m malloc_consolidate(): invalid chunk size
[2m[36m(launch_and_fit pid=3435513)[0m malloc_consolidate(): invalid chunk size
[2m[36m(launch_and_fit pid=3435510)[0m malloc_consolidate(): invalid chunk size
[2m[36m(launch_and_fit pid=3435508)[0m malloc_consolidate(): invalid chunk size
DEBUG flwr 2023-09-27 15:39:11,439 | server.py:229 | fit_round 20 received 8 results and 0 failures
INFO flwr 2023-09-27 15:39:11,550 | fed_df.py:367 | Warm start at round 20
[2m[36m(launch_and_fit pid=3435511)[0m malloc_consolidate(): invalid chunk size
INFO flwr 2023-09-27 15:39:11,751 | fed_df.py:465 | Performing server side distillation training...
[2m[36m(launch_and_fit pid=3435508)[0m Fitting Client 10
[2m[36m(launch_and_fit pid=3435509)[0m Fitting Client 12
[2m[36m(launch_and_fit pid=3435511)[0m Fitting Client 5
[2m[36m(launch_and_fit pid=3435512)[0m Fitting Client 16
[2m[36m(launch_and_fit pid=3435510)[0m Fitting Client 9
[2m[36m(launch_and_fit pid=3435507)[0m Fitting Client 7
[2m[36m(launch_and_fit pid=3435513)[0m Fitting Client 0
[2m[36m(launch_and_fit pid=3435514)[0m Fitting Client 11
[2m[36m(launch_and_fit pid=3435514)[0m malloc_consolidate(): invalid chunk size
[2m[36m(launch_and_fit pid=3435512)[0m malloc_consolidate(): invalid chunk size
E0927 15:39:13.302372548 3527521 chttp2_transport.cc:1079]             ipv4:145.136.62.27:52524: Received a GOAWAY with error code ENHANCE_YOUR_CALM and debug data equal to "too_many_pings". Current keepalive time (before throttling): 491520000ms
INFO flwr 2023-09-27 15:39:38,439 | fed_df.py:545 | Distillation training stopped at step number : 500
INFO flwr 2023-09-27 15:39:38,440 | fed_df.py:552 | Average fusion training loss : 0.30315360373258593, val accuracy : 0.6832909090909092, best val accuracy : 0.739
INFO flwr 2023-09-27 15:39:38,441 | common.py:35 | Avg. local train loss : 3.192937502451241, train acc : 0.9400402777777778
INFO flwr 2023-09-27 15:39:41,617 | server.py:116 | fit progress: (20, 1.9085098266601563, {'server_test_acc': 0.732}, 2755.1637567349826)
INFO flwr 2023-09-27 15:39:41,618 | server.py:163 | evaluate_round 20: no clients selected, cancel
DEBUG flwr 2023-09-27 15:39:57,933 | server.py:215 | fit_round 21: strategy sampled 8 clients (out of 20)
[2m[36m(launch_and_fit pid=3540076)[0m malloc_consolidate(): invalid chunk size
DEBUG flwr 2023-09-27 15:41:29,345 | server.py:229 | fit_round 21 received 8 results and 0 failures
[2m[36m(launch_and_fit pid=3540080)[0m double free or corruption (fasttop)
INFO flwr 2023-09-27 15:41:29,505 | fed_df.py:465 | Performing server side distillation training...
[2m[36m(launch_and_fit pid=3540079)[0m Fitting Client 10
[2m[36m(launch_and_fit pid=3540074)[0m Fitting Client 2
[2m[36m(launch_and_fit pid=3540080)[0m Fitting Client 7
[2m[36m(launch_and_fit pid=3540078)[0m Fitting Client 12
[2m[36m(launch_and_fit pid=3540076)[0m Fitting Client 11
[2m[36m(launch_and_fit pid=3540083)[0m Fitting Client 16
[2m[36m(launch_and_fit pid=3540072)[0m Fitting Client 3
[2m[36m(launch_and_fit pid=3540081)[0m Fitting Client 5
[2m[36m(launch_and_fit pid=3540072)[0m double free or corruption (fasttop)
[2m[36m(launch_and_fit pid=3540078)[0m malloc_consolidate(): invalid chunk size
[2m[36m(launch_and_fit pid=3540081)[0m malloc_consolidate(): invalid chunk size
E0927 15:41:30.751047607 3527652 chttp2_transport.cc:1079]             ipv4:145.136.62.27:52524: Received a GOAWAY with error code ENHANCE_YOUR_CALM and debug data equal to "too_many_pings". Current keepalive time (before throttling): 983040000ms
E0927 15:41:30.751183229 3527652 chttp2_transport.cc:1079]             ipv4:145.136.62.27:52524: Received a GOAWAY with error code ENHANCE_YOUR_CALM and debug data equal to "too_many_pings". Current keepalive time (before throttling): 983040000ms
E0927 15:41:30.751199082 3527652 chttp2_transport.cc:1079]             ipv4:145.136.62.27:52524: Received a GOAWAY with error code ENHANCE_YOUR_CALM and debug data equal to "too_many_pings". Current keepalive time (before throttling): 983040000ms
[2m[36m(launch_and_fit pid=3540074)[0m double free or corruption (fasttop)
[2m[36m(launch_and_fit pid=3540083)[0m double free or corruption (fasttop)
[2m[36m(launch_and_fit pid=3540079)[0m malloc_consolidate(): invalid chunk size
INFO flwr 2023-09-27 15:41:56,062 | fed_df.py:545 | Distillation training stopped at step number : 500
INFO flwr 2023-09-27 15:41:56,062 | fed_df.py:552 | Average fusion training loss : 0.1471235170736909, val accuracy : 0.7190545454545455, best val accuracy : 0.7472
INFO flwr 2023-09-27 15:41:56,064 | common.py:35 | Avg. local train loss : 3.0182053206488493, train acc : 0.9561319444444445
INFO flwr 2023-09-27 15:41:59,210 | server.py:116 | fit progress: (21, 1.761669647216797, {'server_test_acc': 0.7446}, 2892.7564507329953)
INFO flwr 2023-09-27 15:41:59,211 | server.py:163 | evaluate_round 21: no clients selected, cancel
DEBUG flwr 2023-09-27 15:42:15,114 | server.py:215 | fit_round 22: strategy sampled 8 clients (out of 20)
[2m[36m(launch_and_fit pid=3648531)[0m malloc_consolidate(): invalid chunk size
[2m[36m(launch_and_fit pid=3648538)[0m malloc_consolidate(): invalid chunk size
[2m[36m(launch_and_fit pid=3648533)[0m malloc_consolidate(): invalid chunk size
[2m[36m(launch_and_fit pid=3648534)[0m malloc_consolidate(): invalid chunk size
DEBUG flwr 2023-09-27 15:43:42,483 | server.py:229 | fit_round 22 received 8 results and 0 failures
INFO flwr 2023-09-27 15:43:42,640 | fed_df.py:465 | Performing server side distillation training...
[2m[36m(launch_and_fit pid=3648531)[0m Fitting Client 12
[2m[36m(launch_and_fit pid=3648533)[0m Fitting Client 3
[2m[36m(launch_and_fit pid=3648534)[0m Fitting Client 0
[2m[36m(launch_and_fit pid=3648538)[0m Fitting Client 17
[2m[36m(launch_and_fit pid=3648541)[0m Fitting Client 14
[2m[36m(launch_and_fit pid=3648551)[0m Fitting Client 19
[2m[36m(launch_and_fit pid=3648554)[0m Fitting Client 1
[2m[36m(launch_and_fit pid=3648555)[0m Fitting Client 4
[2m[36m(launch_and_fit pid=3648554)[0m double free or corruption (fasttop)
[2m[36m(launch_and_fit pid=3648551)[0m malloc_consolidate(): invalid chunk size
[2m[36m(launch_and_fit pid=3648541)[0m double free or corruption (fasttop)
[2m[36m(launch_and_fit pid=3648555)[0m double free or corruption (fasttop)
INFO flwr 2023-09-27 15:44:09,004 | fed_df.py:545 | Distillation training stopped at step number : 500
INFO flwr 2023-09-27 15:44:09,005 | fed_df.py:552 | Average fusion training loss : 0.1749810148626566, val accuracy : 0.6774909090909091, best val accuracy : 0.7532
INFO flwr 2023-09-27 15:44:09,006 | common.py:35 | Avg. local train loss : 3.003340908233076, train acc : 0.957113888888889
INFO flwr 2023-09-27 15:44:12,105 | server.py:116 | fit progress: (22, 1.88963525390625, {'server_test_acc': 0.7469}, 3025.651355887996)
INFO flwr 2023-09-27 15:44:12,105 | server.py:163 | evaluate_round 22: no clients selected, cancel
DEBUG flwr 2023-09-27 15:44:27,940 | server.py:215 | fit_round 23: strategy sampled 8 clients (out of 20)
[2m[36m(launch_and_fit pid=3762432)[0m double free or corruption (fasttop)
[2m[36m(launch_and_fit pid=3762427)[0m malloc_consolidate(): invalid chunk size
[2m[36m(launch_and_fit pid=3762426)[0m double free or corruption (fasttop)
[2m[36m(launch_and_fit pid=3762416)[0m malloc_consolidate(): invalid chunk size
[2m[36m(launch_and_fit pid=3762414)[0m malloc_consolidate(): invalid chunk size
[2m[36m(launch_and_fit pid=3762433)[0m double free or corruption (fasttop)
DEBUG flwr 2023-09-27 15:46:04,345 | server.py:229 | fit_round 23 received 8 results and 0 failures
INFO flwr 2023-09-27 15:46:04,502 | fed_df.py:465 | Performing server side distillation training...
[2m[36m(launch_and_fit pid=3762416)[0m Fitting Client 4
[2m[36m(launch_and_fit pid=3762417)[0m Fitting Client 19
[2m[36m(launch_and_fit pid=3762427)[0m Fitting Client 6
[2m[36m(launch_and_fit pid=3762430)[0m Fitting Client 11
[2m[36m(launch_and_fit pid=3762426)[0m Fitting Client 9
[2m[36m(launch_and_fit pid=3762432)[0m Fitting Client 17
[2m[36m(launch_and_fit pid=3762433)[0m Fitting Client 16
[2m[36m(launch_and_fit pid=3762414)[0m Fitting Client 3
[2m[36m(launch_and_fit pid=3762417)[0m malloc_consolidate(): invalid chunk size
[2m[36m(launch_and_fit pid=3762430)[0m double free or corruption (fasttop)
E0927 15:46:07.260422054 3863153 chttp2_transport.cc:1079]             ipv4:145.136.62.27:52524: Received a GOAWAY with error code ENHANCE_YOUR_CALM and debug data equal to "too_many_pings". Current keepalive time (before throttling): 1966080000ms
INFO flwr 2023-09-27 15:46:30,992 | fed_df.py:545 | Distillation training stopped at step number : 500
INFO flwr 2023-09-27 15:46:30,992 | fed_df.py:552 | Average fusion training loss : 0.16132669925689697, val accuracy : 0.7181818181818181, best val accuracy : 0.7436
INFO flwr 2023-09-27 15:46:30,994 | common.py:35 | Avg. local train loss : 3.0039575528353457, train acc : 0.9571763888888889
INFO flwr 2023-09-27 15:46:34,132 | server.py:116 | fit progress: (23, 2.0706347900390627, {'server_test_acc': 0.7402}, 3167.6782569029892)
INFO flwr 2023-09-27 15:46:34,132 | server.py:163 | evaluate_round 23: no clients selected, cancel
DEBUG flwr 2023-09-27 15:46:50,253 | server.py:215 | fit_round 24: strategy sampled 8 clients (out of 20)
[2m[36m(launch_and_fit pid=3879296)[0m malloc_consolidate(): invalid chunk size
[2m[36m(launch_and_fit pid=3879313)[0m malloc_consolidate(): invalid chunk size
[2m[36m(launch_and_fit pid=3879314)[0m malloc_consolidate(): invalid chunk size
[2m[36m(launch_and_fit pid=3879305)[0m malloc_consolidate(): invalid chunk size
DEBUG flwr 2023-09-27 15:48:26,730 | server.py:229 | fit_round 24 received 8 results and 0 failures
[2m[36m(launch_and_fit pid=3879303)[0m double free or corruption (fasttop)
INFO flwr 2023-09-27 15:48:26,888 | fed_df.py:465 | Performing server side distillation training...
[2m[36m(launch_and_fit pid=3879296)[0m Fitting Client 8
[2m[36m(launch_and_fit pid=3879303)[0m Fitting Client 10
[2m[36m(launch_and_fit pid=3879305)[0m Fitting Client 5
[2m[36m(launch_and_fit pid=3879314)[0m Fitting Client 15
[2m[36m(launch_and_fit pid=3879315)[0m Fitting Client 9
[2m[36m(launch_and_fit pid=3879304)[0m Fitting Client 1
[2m[36m(launch_and_fit pid=3879313)[0m Fitting Client 2
[2m[36m(launch_and_fit pid=3879301)[0m Fitting Client 4
[2m[36m(launch_and_fit pid=3879315)[0m double free or corruption (fasttop)
[2m[36m(launch_and_fit pid=3879304)[0m malloc_consolidate(): invalid chunk size
[2m[36m(launch_and_fit pid=3879301)[0m double free or corruption (fasttop)
E0927 15:48:29.533996085 3978983 chttp2_transport.cc:1079]             ipv4:145.136.62.27:52524: Received a GOAWAY with error code ENHANCE_YOUR_CALM and debug data equal to "too_many_pings". Current keepalive time (before throttling): ∞
INFO flwr 2023-09-27 15:48:53,248 | fed_df.py:545 | Distillation training stopped at step number : 500
INFO flwr 2023-09-27 15:48:53,249 | fed_df.py:552 | Average fusion training loss : 0.20442032086849213, val accuracy : 0.7078909090909091, best val accuracy : 0.7408
INFO flwr 2023-09-27 15:48:53,251 | common.py:35 | Avg. local train loss : 3.0527615744620564, train acc : 0.9531930555555556
INFO flwr 2023-09-27 15:48:56,402 | server.py:116 | fit progress: (24, 2.0683898193359376, {'server_test_acc': 0.739}, 3309.9482711839955)
INFO flwr 2023-09-27 15:48:56,402 | server.py:163 | evaluate_round 24: no clients selected, cancel
DEBUG flwr 2023-09-27 15:49:12,428 | server.py:215 | fit_round 25: strategy sampled 8 clients (out of 20)
[2m[36m(launch_and_fit pid=3994802)[0m malloc_consolidate(): invalid chunk size
[2m[36m(launch_and_fit pid=3994814)[0m malloc_consolidate(): invalid chunk size
[2m[36m(launch_and_fit pid=3994822)[0m malloc_consolidate(): invalid chunk size
[2m[36m(launch_and_fit pid=3994828)[0m malloc_consolidate(): invalid chunk size
[2m[36m(launch_and_fit pid=3994827)[0m malloc_consolidate(): invalid chunk size
DEBUG flwr 2023-09-27 15:50:44,094 | server.py:229 | fit_round 25 received 8 results and 0 failures
INFO flwr 2023-09-27 15:50:44,205 | fed_df.py:367 | Warm start at round 25
[2m[36m(launch_and_fit pid=3994820)[0m double free or corruption (fasttop)
INFO flwr 2023-09-27 15:50:44,407 | fed_df.py:465 | Performing server side distillation training...
[2m[36m(launch_and_fit pid=3994802)[0m Fitting Client 9
[2m[36m(launch_and_fit pid=3994826)[0m Fitting Client 4
[2m[36m(launch_and_fit pid=3994814)[0m Fitting Client 14
[2m[36m(launch_and_fit pid=3994828)[0m Fitting Client 18
[2m[36m(launch_and_fit pid=3994827)[0m Fitting Client 0
[2m[36m(launch_and_fit pid=3994820)[0m Fitting Client 15
[2m[36m(launch_and_fit pid=3994821)[0m Fitting Client 17
[2m[36m(launch_and_fit pid=3994822)[0m Fitting Client 6
[2m[36m(launch_and_fit pid=3994821)[0m malloc_consolidate(): invalid chunk size
[2m[36m(launch_and_fit pid=3994826)[0m malloc_consolidate(): invalid chunk size
E0927 15:50:46.982858038 3979715 chttp2_transport.cc:1079]             ipv4:145.136.62.27:52524: Received a GOAWAY with error code ENHANCE_YOUR_CALM and debug data equal to "too_many_pings". Current keepalive time (before throttling): ∞
INFO flwr 2023-09-27 15:51:10,975 | fed_df.py:545 | Distillation training stopped at step number : 500
INFO flwr 2023-09-27 15:51:10,976 | fed_df.py:552 | Average fusion training loss : 0.23920712600648403, val accuracy : 0.720090909090909, best val accuracy : 0.7396
INFO flwr 2023-09-27 15:51:10,978 | common.py:35 | Avg. local train loss : 3.0208560540340836, train acc : 0.9567083333333333
INFO flwr 2023-09-27 15:51:14,186 | server.py:116 | fit progress: (25, 2.7759469482421877, {'server_test_acc': 0.7353}, 3447.732175956975)
INFO flwr 2023-09-27 15:51:14,186 | server.py:163 | evaluate_round 25: no clients selected, cancel
DEBUG flwr 2023-09-27 15:51:30,229 | server.py:215 | fit_round 26: strategy sampled 8 clients (out of 20)
[2m[36m(launch_and_fit pid=4106081)[0m double free or corruption (fasttop)
[2m[36m(launch_and_fit pid=4106074)[0m double free or corruption (fasttop)
[2m[36m(launch_and_fit pid=4106078)[0m double free or corruption (fasttop)
DEBUG flwr 2023-09-27 15:53:00,595 | server.py:229 | fit_round 26 received 8 results and 0 failures
INFO flwr 2023-09-27 15:53:00,758 | fed_df.py:465 | Performing server side distillation training...
[2m[36m(launch_and_fit pid=4106069)[0m Fitting Client 12
[2m[36m(launch_and_fit pid=4106074)[0m Fitting Client 13
[2m[36m(launch_and_fit pid=4106079)[0m Fitting Client 6
[2m[36m(launch_and_fit pid=4106070)[0m Fitting Client 15
[2m[36m(launch_and_fit pid=4106083)[0m Fitting Client 9
[2m[36m(launch_and_fit pid=4106081)[0m Fitting Client 5
[2m[36m(launch_and_fit pid=4106078)[0m Fitting Client 1
[2m[36m(launch_and_fit pid=4106082)[0m Fitting Client 8
[2m[36m(launch_and_fit pid=4106070)[0m double free or corruption (fasttop)
[2m[36m(launch_and_fit pid=4106082)[0m malloc_consolidate(): invalid chunk size
[2m[36m(launch_and_fit pid=4106079)[0m malloc_consolidate(): invalid chunk size
E0927 15:53:02.207140799    4658 chttp2_transport.cc:1079]             ipv4:145.136.62.27:52524: Received a GOAWAY with error code ENHANCE_YOUR_CALM and debug data equal to "too_many_pings". Current keepalive time (before throttling): ∞
[2m[36m(launch_and_fit pid=4106069)[0m malloc_consolidate(): invalid chunk size
[2m[36m(launch_and_fit pid=4106083)[0m malloc_consolidate(): invalid chunk size
INFO flwr 2023-09-27 15:53:27,642 | fed_df.py:545 | Distillation training stopped at step number : 500
INFO flwr 2023-09-27 15:53:27,643 | fed_df.py:552 | Average fusion training loss : 0.2351299688667059, val accuracy : 0.7368181818181817, best val accuracy : 0.7518
INFO flwr 2023-09-27 15:53:27,645 | common.py:35 | Avg. local train loss : 2.9727557372301816, train acc : 0.9602055555555554
INFO flwr 2023-09-27 15:53:30,745 | server.py:116 | fit progress: (26, 2.023632427978516, {'server_test_acc': 0.755}, 3584.2916588149965)
INFO flwr 2023-09-27 15:53:30,746 | server.py:163 | evaluate_round 26: no clients selected, cancel
DEBUG flwr 2023-09-27 15:53:47,144 | server.py:215 | fit_round 27: strategy sampled 8 clients (out of 20)
[2m[36m(launch_and_fit pid=18175)[0m double free or corruption (fasttop)
[2m[36m(launch_and_fit pid=18170)[0m double free or corruption (fasttop)
[2m[36m(launch_and_fit pid=18166)[0m malloc_consolidate(): invalid chunk size
[2m[36m(launch_and_fit pid=18167)[0m malloc_consolidate(): invalid chunk size
[2m[36m(launch_and_fit pid=18173)[0m malloc_consolidate(): invalid chunk size
[2m[36m(launch_and_fit pid=18172)[0m double free or corruption (fasttop)
DEBUG flwr 2023-09-27 15:55:21,923 | server.py:229 | fit_round 27 received 8 results and 0 failures
INFO flwr 2023-09-27 15:55:22,080 | fed_df.py:465 | Performing server side distillation training...
[2m[36m(launch_and_fit pid=18167)[0m Fitting Client 14
[2m[36m(launch_and_fit pid=18172)[0m Fitting Client 8
[2m[36m(launch_and_fit pid=18170)[0m Fitting Client 15
[2m[36m(launch_and_fit pid=18175)[0m Fitting Client 4
[2m[36m(launch_and_fit pid=18173)[0m Fitting Client 6
[2m[36m(launch_and_fit pid=18174)[0m Fitting Client 18
[2m[36m(launch_and_fit pid=18166)[0m Fitting Client 3
[2m[36m(launch_and_fit pid=18171)[0m Fitting Client 13
E0927 15:55:23.022036928  109370 chttp2_transport.cc:1079]             ipv4:145.136.62.27:52524: Received a GOAWAY with error code ENHANCE_YOUR_CALM and debug data equal to "too_many_pings". Current keepalive time (before throttling): ∞
[2m[36m(launch_and_fit pid=18174)[0m malloc_consolidate(): invalid chunk size
[2m[36m(launch_and_fit pid=18171)[0m double free or corruption (fasttop)
INFO flwr 2023-09-27 15:55:48,777 | fed_df.py:545 | Distillation training stopped at step number : 500
INFO flwr 2023-09-27 15:55:48,777 | fed_df.py:552 | Average fusion training loss : 0.23722619926929475, val accuracy : 0.6802727272727274, best val accuracy : 0.7246
INFO flwr 2023-09-27 15:55:48,779 | common.py:35 | Avg. local train loss : 2.964668443519622, train acc : 0.9615444444444444
INFO flwr 2023-09-27 15:55:51,938 | server.py:116 | fit progress: (27, 2.5597310302734373, {'server_test_acc': 0.727}, 3725.484435994993)
INFO flwr 2023-09-27 15:55:51,939 | server.py:163 | evaluate_round 27: no clients selected, cancel
DEBUG flwr 2023-09-27 15:56:07,987 | server.py:215 | fit_round 28: strategy sampled 8 clients (out of 20)
[2m[36m(launch_and_fit pid=124248)[0m double free or corruption (fasttop)
[2m[36m(launch_and_fit pid=124254)[0m malloc_consolidate(): invalid chunk size
DEBUG flwr 2023-09-27 15:57:41,252 | server.py:229 | fit_round 28 received 8 results and 0 failures
INFO flwr 2023-09-27 15:57:41,413 | fed_df.py:465 | Performing server side distillation training...
[2m[36m(launch_and_fit pid=124248)[0m Fitting Client 7
[2m[36m(launch_and_fit pid=124250)[0m Fitting Client 15
[2m[36m(launch_and_fit pid=124252)[0m Fitting Client 3
[2m[36m(launch_and_fit pid=124257)[0m Fitting Client 11
[2m[36m(launch_and_fit pid=124255)[0m Fitting Client 14
[2m[36m(launch_and_fit pid=124256)[0m Fitting Client 8
[2m[36m(launch_and_fit pid=124254)[0m Fitting Client 9
[2m[36m(launch_and_fit pid=124253)[0m Fitting Client 13
[2m[36m(launch_and_fit pid=124256)[0m double free or corruption (fasttop)
E0927 15:57:42.083158232  110612 chttp2_transport.cc:1079]             ipv4:145.136.62.27:52524: Received a GOAWAY with error code ENHANCE_YOUR_CALM and debug data equal to "too_many_pings". Current keepalive time (before throttling): ∞
[2m[36m(launch_and_fit pid=124252)[0m double free or corruption (fasttop)
[2m[36m(launch_and_fit pid=124253)[0m malloc_consolidate(): invalid chunk size
[2m[36m(launch_and_fit pid=124255)[0m malloc_consolidate(): invalid chunk size
[2m[36m(launch_and_fit pid=124250)[0m double free or corruption (fasttop)
[2m[36m(launch_and_fit pid=124257)[0m double free or corruption (fasttop)
INFO flwr 2023-09-27 15:58:08,084 | fed_df.py:545 | Distillation training stopped at step number : 500
INFO flwr 2023-09-27 15:58:08,084 | fed_df.py:552 | Average fusion training loss : 0.25968680158257484, val accuracy : 0.7032727272727274, best val accuracy : 0.7342
INFO flwr 2023-09-27 15:58:08,086 | common.py:35 | Avg. local train loss : 2.9917596044018864, train acc : 0.9589388888888889
INFO flwr 2023-09-27 15:58:11,235 | server.py:116 | fit progress: (28, 2.223891162109375, {'server_test_acc': 0.7401}, 3864.781417274993)
INFO flwr 2023-09-27 15:58:11,236 | server.py:163 | evaluate_round 28: no clients selected, cancel
DEBUG flwr 2023-09-27 15:58:27,522 | server.py:215 | fit_round 29: strategy sampled 8 clients (out of 20)
[2m[36m(launch_and_fit pid=237109)[0m double free or corruption (fasttop)
[2m[36m(launch_and_fit pid=237126)[0m double free or corruption (fasttop)
[2m[36m(launch_and_fit pid=237125)[0m malloc_consolidate(): invalid chunk size
[2m[36m(launch_and_fit pid=237138)[0m malloc_consolidate(): invalid chunk size
[2m[36m(launch_and_fit pid=237124)[0m double free or corruption (fasttop)
DEBUG flwr 2023-09-27 16:00:00,674 | server.py:229 | fit_round 29 received 8 results and 0 failures
INFO flwr 2023-09-27 16:00:00,835 | fed_df.py:465 | Performing server side distillation training...
[2m[36m(launch_and_fit pid=237109)[0m Fitting Client 2
[2m[36m(launch_and_fit pid=237126)[0m Fitting Client 16
[2m[36m(launch_and_fit pid=237125)[0m Fitting Client 13
[2m[36m(launch_and_fit pid=237138)[0m Fitting Client 14
[2m[36m(launch_and_fit pid=237140)[0m Fitting Client 3
[2m[36m(launch_and_fit pid=237139)[0m Fitting Client 10
[2m[36m(launch_and_fit pid=237127)[0m Fitting Client 15
[2m[36m(launch_and_fit pid=237124)[0m Fitting Client 18
[2m[36m(launch_and_fit pid=237140)[0m malloc_consolidate(): invalid chunk size
[2m[36m(launch_and_fit pid=237139)[0m malloc_consolidate(): invalid chunk size
[2m[36m(launch_and_fit pid=237127)[0m double free or corruption (fasttop)
INFO flwr 2023-09-27 16:00:27,538 | fed_df.py:545 | Distillation training stopped at step number : 500
INFO flwr 2023-09-27 16:00:27,539 | fed_df.py:552 | Average fusion training loss : 0.28485006844997407, val accuracy : 0.6707090909090909, best val accuracy : 0.7424
INFO flwr 2023-09-27 16:00:27,540 | common.py:35 | Avg. local train loss : 3.0149410588666794, train acc : 0.9569361111111111
INFO flwr 2023-09-27 16:00:30,737 | server.py:116 | fit progress: (29, 2.189993542480469, {'server_test_acc': 0.7417}, 4004.2829791709955)
INFO flwr 2023-09-27 16:00:30,737 | server.py:163 | evaluate_round 29: no clients selected, cancel
DEBUG flwr 2023-09-27 16:00:47,150 | server.py:215 | fit_round 30: strategy sampled 8 clients (out of 20)
[2m[36m(launch_and_fit pid=353136)[0m malloc_consolidate(): invalid chunk size
[2m[36m(launch_and_fit pid=353124)[0m malloc_consolidate(): invalid chunk size
[2m[36m(launch_and_fit pid=353111)[0m double free or corruption (fasttop)
[2m[36m(launch_and_fit pid=353122)[0m malloc_consolidate(): invalid chunk size
[2m[36m(launch_and_fit pid=353137)[0m malloc_consolidate(): invalid chunk size
DEBUG flwr 2023-09-27 16:02:20,371 | server.py:229 | fit_round 30 received 8 results and 0 failures
INFO flwr 2023-09-27 16:02:20,482 | fed_df.py:367 | Warm start at round 30
[2m[36m(launch_and_fit pid=353127)[0m malloc_consolidate(): invalid chunk size
[2m[36m(launch_and_fit pid=353138)[0m double free or corruption (fasttop)
INFO flwr 2023-09-27 16:02:20,697 | fed_df.py:465 | Performing server side distillation training...
[2m[36m(launch_and_fit pid=353111)[0m Fitting Client 14
[2m[36m(launch_and_fit pid=353122)[0m Fitting Client 2
[2m[36m(launch_and_fit pid=353124)[0m Fitting Client 10
[2m[36m(launch_and_fit pid=353112)[0m Fitting Client 4
[2m[36m(launch_and_fit pid=353127)[0m Fitting Client 8
[2m[36m(launch_and_fit pid=353137)[0m Fitting Client 19
[2m[36m(launch_and_fit pid=353136)[0m Fitting Client 9
[2m[36m(launch_and_fit pid=353138)[0m Fitting Client 18
[2m[36m(launch_and_fit pid=353112)[0m malloc_consolidate(): invalid chunk size
INFO flwr 2023-09-27 16:02:47,626 | fed_df.py:545 | Distillation training stopped at step number : 500
INFO flwr 2023-09-27 16:02:47,626 | fed_df.py:552 | Average fusion training loss : 0.25125989608466626, val accuracy : 0.7335999999999999, best val accuracy : 0.753
INFO flwr 2023-09-27 16:02:47,628 | common.py:35 | Avg. local train loss : 2.9326323787681754, train acc : 0.964038888888889
INFO flwr 2023-09-27 16:02:50,812 | server.py:116 | fit progress: (30, 1.2483110443115235, {'server_test_acc': 0.7456}, 4144.358673379989)
INFO flwr 2023-09-27 16:02:50,813 | server.py:163 | evaluate_round 30: no clients selected, cancel
INFO flwr 2023-09-27 16:02:50,813 | server.py:144 | FL finished in 4144.359194468998
INFO flwr 2023-09-27 16:02:50,814 | app.py:202 | app_fit: losses_distributed []
INFO flwr 2023-09-27 16:02:50,815 | app.py:203 | app_fit: metrics_distributed {}
INFO flwr 2023-09-27 16:02:50,815 | app.py:204 | app_fit: losses_centralized [(0, 6.31615107421875), (1, 5.1688380004882815), (2, 3.5801628967285155), (3, 5.033314270019531), (4, 2.666536688232422), (5, 2.9287302490234377), (6, 3.1735886657714842), (7, 3.4778996643066407), (8, 4.160145861816407), (9, 3.3387718444824217), (10, 2.425470910644531), (11, 2.1733155334472656), (12, 2.073744952392578), (13, 2.3903150695800783), (14, 2.190020104980469), (15, 1.4495722473144532), (16, 3.030043200683594), (17, 2.792971783447266), (18, 2.5739834045410155), (19, 2.5636073486328126), (20, 1.9085098266601563), (21, 1.761669647216797), (22, 1.88963525390625), (23, 2.0706347900390627), (24, 2.0683898193359376), (25, 2.7759469482421877), (26, 2.023632427978516), (27, 2.5597310302734373), (28, 2.223891162109375), (29, 2.189993542480469), (30, 1.2483110443115235)]
INFO flwr 2023-09-27 16:02:50,815 | app.py:205 | app_fit: metrics_centralized {'server_test_acc': [(0, 0.0943), (1, 0.3058), (2, 0.4062), (3, 0.4388), (4, 0.481), (5, 0.5915), (6, 0.5766), (7, 0.5582), (8, 0.5541), (9, 0.5725), (10, 0.6189), (11, 0.6452), (12, 0.6594), (13, 0.6458), (14, 0.6636), (15, 0.6868), (16, 0.6782), (17, 0.6803), (18, 0.6922), (19, 0.6869), (20, 0.732), (21, 0.7446), (22, 0.7469), (23, 0.7402), (24, 0.739), (25, 0.7353), (26, 0.755), (27, 0.727), (28, 0.7401), (29, 0.7417), (30, 0.7456)]}
double free or corruption (fasttop)
srun: error: gcn27: task 0: Aborted
srun: Terminating StepId=3936877.1
-----EXPERIMENT ENDS-----
-----CLEANING UP DISK------
-----END-----

JOB STATISTICS
==============
Job ID: 3936877
Cluster: snellius
User/Group: sunnys/sunnys
State: COMPLETED (exit code 0)
Nodes: 1
Cores per node: 18
CPU Utilized: 03:36:15
CPU Efficiency: 16.24% of 22:11:42 core-walltime
Job Wall-clock time: 01:13:59
Memory Utilized: 29.69 GB
Memory Efficiency: 24.74% of 120.00 GB
