-----BEGIN-----
-----SETTINGS-----
TOTAL CROPS:100000
STRATEGY:feddf
MODEL_NAME:resnet8
NUM_CLIENTS:20
NUM_ROUNDS:30
FRACTION_FIT:0.4
FRACTION_EVALUATE:0.0
DATASET_NAME:cifar10
PARTITION_ALPHA:100.0
PARTITION_VAL_RATIO:0.1
BATCH_SIZE:512
LOCAL_EPOCHS:20
LOCAL_LR:0.01
DISTILL_BATCH_SIZE:512
SERVER_LR:0.005
SERVER_STEPS:250
SERVER_EARLY_STEPS:1000
USE_EARLY_STOPPING:False
USE_ADAPTIVE_LR:False
USE_ADAPTIVE_LR_ROUND:False
SEED:84
CUDA_DETERMINISTIC:False
USE_CROPS:True
IMG_NAME:ameyoko.jpg
DISTILL_DATASET:organamnist
DISTILL_ALPHA:1.0
NUM_DISTILL_IMAGES:10000
DISTILL_TRANSFORMS:v0
WARM_START:True
WARM_START_ROUNDS:1
WARM_START_INTERVAL:5
KMEANS_N_CLUSTER:9
KMEANS_HEURISTICS:easy
KMEANS_MIXED_FACTOR:50-50
KMEANS_BALANCING:0.25
CONFIDENCE_THRESHOLD:0.9
CONFIDENCE_STRATEGY:top
CONFIDENCE_ADAPTIVE:False
CONFIDENCE_MAX_THRESH:0.5
CLIPPING_FACTOR:2.5
FEDPROX_FACTOR:0.0
FEDPROX_ADAPTIVE:False
USE_CLIPPING:True
USE_ENTROPY:True
USE_KMEANS:False
USE_FEDPROX:False
-----SETTINGS END-----
-----EXPERIMENT BEGINS-----
---------
Generating crops for FedDF
Namespace(img_size=32, batch_size=32, num_imgs=100000, threads=18, vflip=False, deg=30, shear=30, cropfirst=True, initcrop=0.5, scale=[500, 1], randinterp=False, debug=False, imgpath='./static/single_images/ameyoko.jpg', targetpath='/scratch-local/sunnys.3358519/1692176800_574154209', seed=84, img_per_thread=5555)
will save 100000 patches in /scratch-local/sunnys.3358519/1692176800_574154209/single_img_crops/crops
100000 took 0.77min with 18 threads
---------
Simulating feddf training
INFO simulate 2023-08-16 11:07:42,375 | simulate.py:50 | Python script started : simulate.py
DEBUG simulate 2023-08-16 11:07:42,376 | simulate.py:55 | Reading args from argument parser
Downloading https://www.cs.toronto.edu/~kriz/cifar-10-python.tar.gz to /scratch-local/sunnys.3358519/1692176800_574154209/cifar-10-python.tar.gz
Extracting /scratch-local/sunnys.3358519/1692176800_574154209/cifar-10-python.tar.gz to /scratch-local/sunnys.3358519/1692176800_574154209
Generating unified cifar10 dataset
Class histogram for 0-th partition (alpha=100.0, 10 classes): [225 194 247 272 217 251 256 333 258 247]
INFO flwr 2023-08-16 11:08:04,400 | app.py:145 | Starting Flower simulation, config: ServerConfig(num_rounds=30, round_timeout=None)
2023-08-16 11:08:07,255	INFO worker.py:1529 -- Started a local Ray instance. View the dashboard at [1m[32m127.0.0.1:8265 [39m[22m
INFO flwr 2023-08-16 11:08:08,300 | app.py:179 | Flower VCE: Ray initialized with resources: {'object_store_memory': 61847529062.0, 'node:145.136.62.45': 1.0, 'accelerator_type:A100': 1.0, 'GPU': 1.0, 'CPU': 18.0, 'memory': 103079215104.0}
INFO flwr 2023-08-16 11:08:08,300 | server.py:86 | Initializing global parameters
INFO flwr 2023-08-16 11:08:08,300 | server.py:266 | Using initial parameters provided by strategy
INFO flwr 2023-08-16 11:08:08,301 | server.py:88 | Evaluating initial parameters
INFO flwr 2023-08-16 11:08:18,011 | server.py:91 | initial parameters (loss, other metrics): 2.319245477294922, {'server_test_acc': 0.0811}
INFO flwr 2023-08-16 11:08:18,012 | server.py:101 | FL starting
DEBUG flwr 2023-08-16 11:08:26,692 | server.py:215 | fit_round 1: strategy sampled 8 clients (out of 20)
DEBUG flwr 2023-08-16 11:09:16,445 | server.py:229 | fit_round 1 received 8 results and 0 failures
INFO flwr 2023-08-16 11:09:16,655 | fed_df.py:365 | Warm start at round 1
INFO flwr 2023-08-16 11:09:16,765 | fed_df.py:463 | Performing server side distillation training...
[2m[36m(launch_and_fit pid=3439318)[0m Fitting Client 9
[2m[36m(launch_and_fit pid=3439322)[0m Fitting Client 2
[2m[36m(launch_and_fit pid=3439323)[0m Fitting Client 6
[2m[36m(launch_and_fit pid=3439320)[0m Fitting Client 11
[2m[36m(launch_and_fit pid=3439325)[0m Fitting Client 8
[2m[36m(launch_and_fit pid=3439321)[0m Fitting Client 4
[2m[36m(launch_and_fit pid=3439324)[0m Fitting Client 15
[2m[36m(launch_and_fit pid=3439319)[0m Fitting Client 17
[2m[36m(launch_and_fit pid=3439321)[0m malloc_consolidate(): invalid chunk size
[2m[36m(launch_and_fit pid=3439323)[0m double free or corruption (fasttop)
[2m[36m(launch_and_fit pid=3439322)[0m double free or corruption (fasttop)
[2m[36m(launch_and_fit pid=3439325)[0m malloc_consolidate(): invalid chunk size
[2m[36m(launch_and_fit pid=3439320)[0m malloc_consolidate(): invalid chunk size
[2m[36m(launch_and_fit pid=3439324)[0m malloc_consolidate(): invalid chunk size
[2m[36m(launch_and_fit pid=3439318)[0m double free or corruption (fasttop)
E0816 11:09:18.942677030 3436298 chttp2_transport.cc:1079]             ipv4:145.136.62.45:53932: Received a GOAWAY with error code ENHANCE_YOUR_CALM and debug data equal to "too_many_pings". Current keepalive time (before throttling): 60000ms
[2m[36m(launch_and_fit pid=3439319)[0m double free or corruption (fasttop)
INFO flwr 2023-08-16 11:09:46,677 | fed_df.py:540 | Distillation training stopped at step number : 250
INFO flwr 2023-08-16 11:09:46,678 | fed_df.py:547 | Average fusion training loss : 0.01792352499254048, val accuracy : 0.4284, best val accuracy : 0.451
INFO flwr 2023-08-16 11:09:46,679 | common.py:35 | Avg. local train loss : 8.839725475013257, train acc : 0.3781611111111111
INFO flwr 2023-08-16 11:09:49,228 | server.py:116 | fit progress: (1, 1.516041766357422, {'server_test_acc': 0.4581}, 91.21588600706309)
INFO flwr 2023-08-16 11:09:49,228 | server.py:163 | evaluate_round 1: no clients selected, cancel
DEBUG flwr 2023-08-16 11:09:58,222 | server.py:215 | fit_round 2: strategy sampled 8 clients (out of 20)
[2m[36m(launch_and_fit pid=3512761)[0m double free or corruption (fasttop)
DEBUG flwr 2023-08-16 11:10:45,458 | server.py:229 | fit_round 2 received 8 results and 0 failures
[2m[36m(launch_and_fit pid=3512765)[0m double free or corruption (fasttop)
[2m[36m(launch_and_fit pid=3512764)[0m malloc_consolidate(): invalid chunk size
INFO flwr 2023-08-16 11:10:45,724 | fed_df.py:463 | Performing server side distillation training...
[2m[36m(launch_and_fit pid=3512761)[0m Fitting Client 0
[2m[36m(launch_and_fit pid=3512765)[0m Fitting Client 2
[2m[36m(launch_and_fit pid=3512764)[0m Fitting Client 19
[2m[36m(launch_and_fit pid=3512767)[0m Fitting Client 15
[2m[36m(launch_and_fit pid=3512769)[0m Fitting Client 9
[2m[36m(launch_and_fit pid=3512768)[0m Fitting Client 7
[2m[36m(launch_and_fit pid=3512771)[0m Fitting Client 1
[2m[36m(launch_and_fit pid=3512770)[0m Fitting Client 4
[2m[36m(launch_and_fit pid=3512769)[0m malloc_consolidate(): invalid chunk size
[2m[36m(launch_and_fit pid=3512767)[0m malloc_consolidate(): invalid chunk size
[2m[36m(launch_and_fit pid=3512770)[0m malloc_consolidate(): invalid chunk size
[2m[36m(launch_and_fit pid=3512768)[0m malloc_consolidate(): invalid chunk size
E0816 11:10:46.626611832 3487762 chttp2_transport.cc:1079]             ipv4:145.136.62.45:53932: Received a GOAWAY with error code ENHANCE_YOUR_CALM and debug data equal to "too_many_pings". Current keepalive time (before throttling): 120000ms
[2m[36m(launch_and_fit pid=3512771)[0m double free or corruption (fasttop)
INFO flwr 2023-08-16 11:11:18,322 | fed_df.py:540 | Distillation training stopped at step number : 250
INFO flwr 2023-08-16 11:11:18,322 | fed_df.py:547 | Average fusion training loss : 0.01084239231608808, val accuracy : 0.515, best val accuracy : 0.554
INFO flwr 2023-08-16 11:11:18,324 | common.py:35 | Avg. local train loss : 7.204551746696234, train acc : 0.5572027777777778
INFO flwr 2023-08-16 11:11:21,050 | server.py:116 | fit progress: (2, 1.3522385528564453, {'server_test_acc': 0.5581}, 183.03780869906768)
INFO flwr 2023-08-16 11:11:21,050 | server.py:163 | evaluate_round 2: no clients selected, cancel
DEBUG flwr 2023-08-16 11:11:30,203 | server.py:215 | fit_round 3: strategy sampled 8 clients (out of 20)
[2m[36m(launch_and_fit pid=3586413)[0m malloc_consolidate(): invalid chunk size
DEBUG flwr 2023-08-16 11:12:17,516 | server.py:229 | fit_round 3 received 8 results and 0 failures
INFO flwr 2023-08-16 11:12:17,785 | fed_df.py:463 | Performing server side distillation training...
[2m[36m(launch_and_fit pid=3586413)[0m Fitting Client 4
[2m[36m(launch_and_fit pid=3586417)[0m Fitting Client 16
[2m[36m(launch_and_fit pid=3586418)[0m Fitting Client 13
[2m[36m(launch_and_fit pid=3586421)[0m Fitting Client 17
[2m[36m(launch_and_fit pid=3586419)[0m Fitting Client 12
[2m[36m(launch_and_fit pid=3586423)[0m Fitting Client 9
[2m[36m(launch_and_fit pid=3586422)[0m Fitting Client 19
[2m[36m(launch_and_fit pid=3586420)[0m Fitting Client 10
[2m[36m(launch_and_fit pid=3586422)[0m malloc_consolidate(): invalid chunk size
[2m[36m(launch_and_fit pid=3586417)[0m malloc_consolidate(): invalid chunk size
[2m[36m(launch_and_fit pid=3586420)[0m malloc_consolidate(): invalid chunk size
[2m[36m(launch_and_fit pid=3586419)[0m malloc_consolidate(): invalid chunk size
E0816 11:12:18.704685741 3560517 chttp2_transport.cc:1079]             ipv4:145.136.62.45:53932: Received a GOAWAY with error code ENHANCE_YOUR_CALM and debug data equal to "too_many_pings". Current keepalive time (before throttling): 240000ms
[2m[36m(launch_and_fit pid=3586418)[0m malloc_consolidate(): invalid chunk size
[2m[36m(launch_and_fit pid=3586423)[0m malloc_consolidate(): invalid chunk size
[2m[36m(launch_and_fit pid=3586421)[0m malloc_consolidate(): invalid chunk size
INFO flwr 2023-08-16 11:12:50,167 | fed_df.py:540 | Distillation training stopped at step number : 250
INFO flwr 2023-08-16 11:12:50,168 | fed_df.py:547 | Average fusion training loss : 0.00636787772923708, val accuracy : 0.57344, best val accuracy : 0.6008
INFO flwr 2023-08-16 11:12:50,169 | common.py:35 | Avg. local train loss : 6.592524256557227, train acc : 0.6255388888888889
INFO flwr 2023-08-16 11:12:52,909 | server.py:116 | fit progress: (3, 1.278587826538086, {'server_test_acc': 0.606}, 274.8973681090865)
INFO flwr 2023-08-16 11:12:52,909 | server.py:163 | evaluate_round 3: no clients selected, cancel
DEBUG flwr 2023-08-16 11:13:02,080 | server.py:215 | fit_round 4: strategy sampled 8 clients (out of 20)
DEBUG flwr 2023-08-16 11:13:49,483 | server.py:229 | fit_round 4 received 8 results and 0 failures
INFO flwr 2023-08-16 11:13:49,752 | fed_df.py:463 | Performing server side distillation training...
[2m[36m(launch_and_fit pid=3659824)[0m malloc_consolidate(): invalid chunk size
[2m[36m(launch_and_fit pid=3659831)[0m malloc_consolidate(): invalid chunk size
[2m[36m(launch_and_fit pid=3659824)[0m Fitting Client 19
[2m[36m(launch_and_fit pid=3659823)[0m Fitting Client 11
[2m[36m(launch_and_fit pid=3659827)[0m Fitting Client 3
[2m[36m(launch_and_fit pid=3659825)[0m Fitting Client 8
[2m[36m(launch_and_fit pid=3659826)[0m Fitting Client 12
[2m[36m(launch_and_fit pid=3659829)[0m Fitting Client 0
[2m[36m(launch_and_fit pid=3659831)[0m Fitting Client 4
[2m[36m(launch_and_fit pid=3659830)[0m Fitting Client 9
[2m[36m(launch_and_fit pid=3659827)[0m double free or corruption (fasttop)
[2m[36m(launch_and_fit pid=3659823)[0m malloc_consolidate(): invalid chunk size
[2m[36m(launch_and_fit pid=3659829)[0m corrupted size vs. prev_size in fastbins
[2m[36m(launch_and_fit pid=3659825)[0m malloc_consolidate(): invalid chunk size
[2m[36m(launch_and_fit pid=3659826)[0m malloc_consolidate(): invalid chunk size
[2m[36m(launch_and_fit pid=3659830)[0m double free or corruption (fasttop)
E0816 11:13:53.731786566 3633668 chttp2_transport.cc:1079]             ipv4:145.136.62.45:53932: Received a GOAWAY with error code ENHANCE_YOUR_CALM and debug data equal to "too_many_pings". Current keepalive time (before throttling): 480000ms
INFO flwr 2023-08-16 11:14:21,824 | fed_df.py:540 | Distillation training stopped at step number : 250
INFO flwr 2023-08-16 11:14:21,825 | fed_df.py:547 | Average fusion training loss : 0.006585406900383532, val accuracy : 0.61132, best val accuracy : 0.6234
INFO flwr 2023-08-16 11:14:21,826 | common.py:35 | Avg. local train loss : 6.237430138513445, train acc : 0.6649083333333333
INFO flwr 2023-08-16 11:14:24,572 | server.py:116 | fit progress: (4, 1.2308570098876954, {'server_test_acc': 0.6278}, 366.56035704305395)
INFO flwr 2023-08-16 11:14:24,572 | server.py:163 | evaluate_round 4: no clients selected, cancel
DEBUG flwr 2023-08-16 11:14:34,074 | server.py:215 | fit_round 5: strategy sampled 8 clients (out of 20)
[2m[36m(launch_and_fit pid=3748374)[0m malloc_consolidate(): invalid chunk size
[2m[36m(launch_and_fit pid=3748373)[0m malloc_consolidate(): invalid chunk size
[2m[36m(launch_and_fit pid=3748450)[0m double free or corruption (fasttop)
DEBUG flwr 2023-08-16 11:15:21,288 | server.py:229 | fit_round 5 received 8 results and 0 failures
INFO flwr 2023-08-16 11:15:21,503 | fed_df.py:365 | Warm start at round 5
INFO flwr 2023-08-16 11:15:21,610 | fed_df.py:463 | Performing server side distillation training...
[2m[36m(launch_and_fit pid=3748374)[0m Fitting Client 11
[2m[36m(launch_and_fit pid=3748373)[0m Fitting Client 17
[2m[36m(launch_and_fit pid=3748450)[0m Fitting Client 7
[2m[36m(launch_and_fit pid=3748507)[0m Fitting Client 19
[2m[36m(launch_and_fit pid=3748512)[0m Fitting Client 6
[2m[36m(launch_and_fit pid=3748449)[0m Fitting Client 9
[2m[36m(launch_and_fit pid=3748476)[0m Fitting Client 2
[2m[36m(launch_and_fit pid=3748486)[0m Fitting Client 14
[2m[36m(launch_and_fit pid=3748486)[0m malloc_consolidate(): invalid chunk size
[2m[36m(launch_and_fit pid=3748512)[0m malloc_consolidate(): invalid chunk size
E0816 11:15:22.551434656 3796606 chttp2_transport.cc:1079]             ipv4:145.136.62.45:53932: Received a GOAWAY with error code ENHANCE_YOUR_CALM and debug data equal to "too_many_pings". Current keepalive time (before throttling): 960000ms
[2m[36m(launch_and_fit pid=3748507)[0m double free or corruption (fasttop)
[2m[36m(launch_and_fit pid=3748476)[0m malloc_consolidate(): invalid chunk size
[2m[36m(launch_and_fit pid=3748449)[0m double free or corruption (fasttop)
INFO flwr 2023-08-16 11:15:53,594 | fed_df.py:540 | Distillation training stopped at step number : 250
INFO flwr 2023-08-16 11:15:53,595 | fed_df.py:547 | Average fusion training loss : 0.010470306624192745, val accuracy : 0.6357999999999999, best val accuracy : 0.6466
INFO flwr 2023-08-16 11:15:53,596 | common.py:35 | Avg. local train loss : 6.014733800664545, train acc : 0.6890666666666666
INFO flwr 2023-08-16 11:15:56,315 | server.py:116 | fit progress: (5, 1.081396484375, {'server_test_acc': 0.6505}, 458.30335195199586)
INFO flwr 2023-08-16 11:15:56,315 | server.py:163 | evaluate_round 5: no clients selected, cancel
DEBUG flwr 2023-08-16 11:16:05,523 | server.py:215 | fit_round 6: strategy sampled 8 clients (out of 20)
DEBUG flwr 2023-08-16 11:16:52,908 | server.py:229 | fit_round 6 received 8 results and 0 failures
INFO flwr 2023-08-16 11:16:53,176 | fed_df.py:463 | Performing server side distillation training...
[2m[36m(launch_and_fit pid=3823090)[0m Fitting Client 18
[2m[36m(launch_and_fit pid=3823092)[0m Fitting Client 4
[2m[36m(launch_and_fit pid=3823086)[0m Fitting Client 17
[2m[36m(launch_and_fit pid=3823089)[0m Fitting Client 10
[2m[36m(launch_and_fit pid=3823091)[0m Fitting Client 15
[2m[36m(launch_and_fit pid=3823087)[0m Fitting Client 8
[2m[36m(launch_and_fit pid=3823088)[0m Fitting Client 19
[2m[36m(launch_and_fit pid=3823093)[0m Fitting Client 7
[2m[36m(launch_and_fit pid=3823086)[0m malloc_consolidate(): invalid chunk size
[2m[36m(launch_and_fit pid=3823091)[0m double free or corruption (fasttop)
[2m[36m(launch_and_fit pid=3823090)[0m double free or corruption (fasttop)
[2m[36m(launch_and_fit pid=3823087)[0m double free or corruption (fasttop)
[2m[36m(launch_and_fit pid=3823089)[0m malloc_consolidate(): invalid chunk size
[2m[36m(launch_and_fit pid=3823092)[0m double free or corruption (fasttop)
[2m[36m(launch_and_fit pid=3823093)[0m double free or corruption (fasttop)
E0816 11:16:54.718303522 3870827 chttp2_transport.cc:1079]             ipv4:145.136.62.45:53932: Received a GOAWAY with error code ENHANCE_YOUR_CALM and debug data equal to "too_many_pings". Current keepalive time (before throttling): 1920000ms
E0816 11:16:54.718426739 3870827 chttp2_transport.cc:1079]             ipv4:145.136.62.45:53932: Received a GOAWAY with error code ENHANCE_YOUR_CALM and debug data equal to "too_many_pings". Current keepalive time (before throttling): 1920000ms
E0816 11:16:54.718447896 3870827 chttp2_transport.cc:1079]             ipv4:145.136.62.45:53932: Received a GOAWAY with error code ENHANCE_YOUR_CALM and debug data equal to "too_many_pings". Current keepalive time (before throttling): 1920000ms
E0816 11:16:54.718457398 3870827 chttp2_transport.cc:1079]             ipv4:145.136.62.45:53932: Received a GOAWAY with error code ENHANCE_YOUR_CALM and debug data equal to "too_many_pings". Current keepalive time (before throttling): 1920000ms
[2m[36m(launch_and_fit pid=3823088)[0m malloc_consolidate(): invalid chunk size
INFO flwr 2023-08-16 11:17:25,416 | fed_df.py:540 | Distillation training stopped at step number : 250
INFO flwr 2023-08-16 11:17:25,417 | fed_df.py:547 | Average fusion training loss : 0.003882769917603582, val accuracy : 0.6695599999999999, best val accuracy : 0.6736
INFO flwr 2023-08-16 11:17:25,418 | common.py:35 | Avg. local train loss : 5.485840683802962, train acc : 0.7397250000000001
INFO flwr 2023-08-16 11:17:28,133 | server.py:116 | fit progress: (6, 1.0723102233886719, {'server_test_acc': 0.6699}, 550.1209770170972)
INFO flwr 2023-08-16 11:17:28,133 | server.py:163 | evaluate_round 6: no clients selected, cancel
DEBUG flwr 2023-08-16 11:17:37,459 | server.py:215 | fit_round 7: strategy sampled 8 clients (out of 20)
DEBUG flwr 2023-08-16 11:18:24,838 | server.py:229 | fit_round 7 received 8 results and 0 failures
[2m[36m(launch_and_fit pid=3896321)[0m double free or corruption (fasttop)
INFO flwr 2023-08-16 11:18:25,112 | fed_df.py:463 | Performing server side distillation training...
[2m[36m(launch_and_fit pid=3896321)[0m Fitting Client 0
[2m[36m(launch_and_fit pid=3896325)[0m Fitting Client 12
[2m[36m(launch_and_fit pid=3896326)[0m Fitting Client 8
[2m[36m(launch_and_fit pid=3896328)[0m Fitting Client 2
[2m[36m(launch_and_fit pid=3896324)[0m Fitting Client 19
[2m[36m(launch_and_fit pid=3896329)[0m Fitting Client 15
[2m[36m(launch_and_fit pid=3896327)[0m Fitting Client 3
[2m[36m(launch_and_fit pid=3896330)[0m Fitting Client 4
[2m[36m(launch_and_fit pid=3896330)[0m malloc_consolidate(): invalid chunk size
[2m[36m(launch_and_fit pid=3896329)[0m malloc_consolidate(): invalid chunk size
[2m[36m(launch_and_fit pid=3896328)[0m malloc_consolidate(): invalid chunk size
[2m[36m(launch_and_fit pid=3896325)[0m malloc_consolidate(): invalid chunk size
[2m[36m(launch_and_fit pid=3896327)[0m malloc_consolidate(): invalid chunk size
[2m[36m(launch_and_fit pid=3896326)[0m double free or corruption (fasttop)
[2m[36m(launch_and_fit pid=3896324)[0m double free or corruption (fasttop)
INFO flwr 2023-08-16 11:18:58,147 | fed_df.py:540 | Distillation training stopped at step number : 250
INFO flwr 2023-08-16 11:18:58,147 | fed_df.py:547 | Average fusion training loss : 0.003911092237569392, val accuracy : 0.65996, best val accuracy : 0.6786
INFO flwr 2023-08-16 11:18:58,149 | common.py:35 | Avg. local train loss : 5.421414006873966, train acc : 0.7474916666666667
INFO flwr 2023-08-16 11:19:00,910 | server.py:116 | fit progress: (7, 1.0507315155029298, {'server_test_acc': 0.678}, 642.8983430080116)
INFO flwr 2023-08-16 11:19:00,910 | server.py:163 | evaluate_round 7: no clients selected, cancel
DEBUG flwr 2023-08-16 11:19:10,336 | server.py:215 | fit_round 8: strategy sampled 8 clients (out of 20)
[2m[36m(launch_and_fit pid=3969813)[0m double free or corruption (fasttop)
[2m[36m(launch_and_fit pid=3969816)[0m malloc_consolidate(): invalid chunk size
DEBUG flwr 2023-08-16 11:19:57,982 | server.py:229 | fit_round 8 received 8 results and 0 failures
[2m[36m(launch_and_fit pid=3969818)[0m malloc_consolidate(): invalid chunk size
INFO flwr 2023-08-16 11:19:58,250 | fed_df.py:463 | Performing server side distillation training...
[2m[36m(launch_and_fit pid=3969813)[0m Fitting Client 14
[2m[36m(launch_and_fit pid=3969815)[0m Fitting Client 15
[2m[36m(launch_and_fit pid=3969816)[0m Fitting Client 7
[2m[36m(launch_and_fit pid=3969811)[0m Fitting Client 5
[2m[36m(launch_and_fit pid=3969818)[0m Fitting Client 9
[2m[36m(launch_and_fit pid=3969817)[0m Fitting Client 19
[2m[36m(launch_and_fit pid=3969820)[0m Fitting Client 4
[2m[36m(launch_and_fit pid=3969819)[0m Fitting Client 13
[2m[36m(launch_and_fit pid=3969817)[0m malloc_consolidate(): invalid chunk size
[2m[36m(launch_and_fit pid=3969811)[0m malloc_consolidate(): invalid chunk size
[2m[36m(launch_and_fit pid=3969815)[0m malloc_consolidate(): invalid chunk size
[2m[36m(launch_and_fit pid=3969819)[0m double free or corruption (fasttop)
[2m[36m(launch_and_fit pid=3969820)[0m malloc_consolidate(): invalid chunk size
INFO flwr 2023-08-16 11:20:36,039 | fed_df.py:540 | Distillation training stopped at step number : 250
INFO flwr 2023-08-16 11:20:36,040 | fed_df.py:547 | Average fusion training loss : 0.0029639565041288734, val accuracy : 0.68652, best val accuracy : 0.6898
INFO flwr 2023-08-16 11:20:36,041 | common.py:35 | Avg. local train loss : 5.310127173736691, train acc : 0.7575972222222223
INFO flwr 2023-08-16 11:20:38,808 | server.py:116 | fit progress: (8, 1.0342235931396484, {'server_test_acc': 0.686}, 740.7964636720717)
INFO flwr 2023-08-16 11:20:38,809 | server.py:163 | evaluate_round 8: no clients selected, cancel
DEBUG flwr 2023-08-16 11:20:48,032 | server.py:215 | fit_round 9: strategy sampled 8 clients (out of 20)
[2m[36m(launch_and_fit pid=4043277)[0m double free or corruption (fasttop)
[2m[36m(launch_and_fit pid=4043280)[0m malloc_consolidate(): invalid chunk size
DEBUG flwr 2023-08-16 11:21:35,393 | server.py:229 | fit_round 9 received 8 results and 0 failures
[2m[36m(launch_and_fit pid=4043279)[0m double free or corruption (fasttop)
[2m[36m(launch_and_fit pid=4043276)[0m malloc_consolidate(): invalid chunk size
INFO flwr 2023-08-16 11:21:35,665 | fed_df.py:463 | Performing server side distillation training...
[2m[36m(launch_and_fit pid=4043277)[0m Fitting Client 3
[2m[36m(launch_and_fit pid=4043278)[0m Fitting Client 5
[2m[36m(launch_and_fit pid=4043280)[0m Fitting Client 4
[2m[36m(launch_and_fit pid=4043281)[0m Fitting Client 13
[2m[36m(launch_and_fit pid=4043276)[0m Fitting Client 2
[2m[36m(launch_and_fit pid=4043283)[0m Fitting Client 16
[2m[36m(launch_and_fit pid=4043279)[0m Fitting Client 18
[2m[36m(launch_and_fit pid=4043282)[0m Fitting Client 19
[2m[36m(launch_and_fit pid=4043281)[0m double free or corruption (fasttop)
[2m[36m(launch_and_fit pid=4043278)[0m double free or corruption (fasttop)
[2m[36m(launch_and_fit pid=4043282)[0m double free or corruption (fasttop)
[2m[36m(launch_and_fit pid=4043283)[0m double free or corruption (fasttop)
E0816 11:21:40.117483979 3870941 chttp2_transport.cc:1079]             ipv4:145.136.62.45:53932: Received a GOAWAY with error code ENHANCE_YOUR_CALM and debug data equal to "too_many_pings". Current keepalive time (before throttling): 3840000ms
INFO flwr 2023-08-16 11:22:09,055 | fed_df.py:540 | Distillation training stopped at step number : 250
INFO flwr 2023-08-16 11:22:09,056 | fed_df.py:547 | Average fusion training loss : 0.003362167224753648, val accuracy : 0.67972, best val accuracy : 0.6892
INFO flwr 2023-08-16 11:22:09,057 | common.py:35 | Avg. local train loss : 5.196980610489844, train acc : 0.7716250000000001
INFO flwr 2023-08-16 11:22:11,842 | server.py:116 | fit progress: (9, 1.0430590454101563, {'server_test_acc': 0.6864}, 833.8302307440899)
INFO flwr 2023-08-16 11:22:11,842 | server.py:163 | evaluate_round 9: no clients selected, cancel
DEBUG flwr 2023-08-16 11:22:21,143 | server.py:215 | fit_round 10: strategy sampled 8 clients (out of 20)
[2m[36m(launch_and_fit pid=4116759)[0m malloc_consolidate(): invalid chunk size
[2m[36m(launch_and_fit pid=4116761)[0m malloc_consolidate(): invalid chunk size
DEBUG flwr 2023-08-16 11:23:08,658 | server.py:229 | fit_round 10 received 8 results and 0 failures
INFO flwr 2023-08-16 11:23:08,873 | fed_df.py:365 | Warm start at round 10
INFO flwr 2023-08-16 11:23:08,982 | fed_df.py:463 | Performing server side distillation training...
[2m[36m(launch_and_fit pid=4116759)[0m Fitting Client 13
[2m[36m(launch_and_fit pid=4116761)[0m Fitting Client 5
[2m[36m(launch_and_fit pid=4116766)[0m Fitting Client 0
[2m[36m(launch_and_fit pid=4116764)[0m Fitting Client 1
[2m[36m(launch_and_fit pid=4116765)[0m Fitting Client 10
[2m[36m(launch_and_fit pid=4116768)[0m Fitting Client 9
[2m[36m(launch_and_fit pid=4116767)[0m Fitting Client 19
[2m[36m(launch_and_fit pid=4116769)[0m Fitting Client 7
[2m[36m(launch_and_fit pid=4116767)[0m double free or corruption (fasttop)
E0816 11:23:09.472492982 4164228 chttp2_transport.cc:1079]             ipv4:145.136.62.45:53932: Received a GOAWAY with error code ENHANCE_YOUR_CALM and debug data equal to "too_many_pings". Current keepalive time (before throttling): 7680000ms
[2m[36m(launch_and_fit pid=4116765)[0m malloc_consolidate(): invalid chunk size
[2m[36m(launch_and_fit pid=4116768)[0m double free or corruption (fasttop)
[2m[36m(launch_and_fit pid=4116764)[0m malloc_consolidate(): invalid chunk size
[2m[36m(launch_and_fit pid=4116766)[0m malloc_consolidate(): invalid chunk size
[2m[36m(launch_and_fit pid=4116769)[0m malloc_consolidate(): invalid chunk size
INFO flwr 2023-08-16 11:23:42,071 | fed_df.py:540 | Distillation training stopped at step number : 250
INFO flwr 2023-08-16 11:23:42,071 | fed_df.py:547 | Average fusion training loss : 0.0159272366235964, val accuracy : 0.67316, best val accuracy : 0.6916
INFO flwr 2023-08-16 11:23:42,073 | common.py:35 | Avg. local train loss : 5.186991865932941, train acc : 0.7706166666666667
INFO flwr 2023-08-16 11:23:44,867 | server.py:116 | fit progress: (10, 0.9957446472167969, {'server_test_acc': 0.6931}, 926.8556722181384)
INFO flwr 2023-08-16 11:23:44,868 | server.py:163 | evaluate_round 10: no clients selected, cancel
DEBUG flwr 2023-08-16 11:23:54,080 | server.py:215 | fit_round 11: strategy sampled 8 clients (out of 20)
[2m[36m(launch_and_fit pid=4191268)[0m malloc_consolidate(): invalid chunk size
DEBUG flwr 2023-08-16 11:24:41,461 | server.py:229 | fit_round 11 received 8 results and 0 failures
INFO flwr 2023-08-16 11:24:41,730 | fed_df.py:463 | Performing server side distillation training...
[2m[36m(launch_and_fit pid=4191264)[0m Fitting Client 3
[2m[36m(launch_and_fit pid=4191266)[0m Fitting Client 11
[2m[36m(launch_and_fit pid=4191268)[0m Fitting Client 5
[2m[36m(launch_and_fit pid=4191272)[0m Fitting Client 6
[2m[36m(launch_and_fit pid=4191271)[0m Fitting Client 0
[2m[36m(launch_and_fit pid=4191273)[0m Fitting Client 16
[2m[36m(launch_and_fit pid=4191267)[0m Fitting Client 14
[2m[36m(launch_and_fit pid=4191265)[0m Fitting Client 13
[2m[36m(launch_and_fit pid=4191264)[0m malloc_consolidate(): invalid chunk size
[2m[36m(launch_and_fit pid=4191272)[0m malloc_consolidate(): invalid chunk size
[2m[36m(launch_and_fit pid=4191273)[0m double free or corruption (fasttop)
[2m[36m(launch_and_fit pid=4191266)[0m malloc_consolidate(): invalid chunk size
[2m[36m(launch_and_fit pid=4191267)[0m malloc_consolidate(): invalid chunk size
[2m[36m(launch_and_fit pid=4191265)[0m malloc_consolidate(): invalid chunk size
[2m[36m(launch_and_fit pid=4191271)[0m malloc_consolidate(): invalid chunk size
E0816 11:24:45.754712668 4164397 chttp2_transport.cc:1079]             ipv4:145.136.62.45:53932: Received a GOAWAY with error code ENHANCE_YOUR_CALM and debug data equal to "too_many_pings". Current keepalive time (before throttling): 15360000ms
INFO flwr 2023-08-16 11:25:14,800 | fed_df.py:540 | Distillation training stopped at step number : 250
INFO flwr 2023-08-16 11:25:14,800 | fed_df.py:547 | Average fusion training loss : 0.002868282066192478, val accuracy : 0.68872, best val accuracy : 0.7018
INFO flwr 2023-08-16 11:25:14,802 | common.py:35 | Avg. local train loss : 4.961934819817543, train acc : 0.7905888888888888
INFO flwr 2023-08-16 11:25:17,577 | server.py:116 | fit progress: (11, 1.0144292022705077, {'server_test_acc': 0.6915}, 1019.5657045110129)
INFO flwr 2023-08-16 11:25:17,578 | server.py:163 | evaluate_round 11: no clients selected, cancel
DEBUG flwr 2023-08-16 11:25:26,768 | server.py:215 | fit_round 12: strategy sampled 8 clients (out of 20)
[2m[36m(launch_and_fit pid=71730)[0m malloc_consolidate(): invalid chunk size
DEBUG flwr 2023-08-16 11:26:14,369 | server.py:229 | fit_round 12 received 8 results and 0 failures
INFO flwr 2023-08-16 11:26:14,639 | fed_df.py:463 | Performing server side distillation training...
[2m[36m(launch_and_fit pid=71730)[0m Fitting Client 0
[2m[36m(launch_and_fit pid=71729)[0m Fitting Client 17
[2m[36m(launch_and_fit pid=71733)[0m Fitting Client 14
[2m[36m(launch_and_fit pid=71734)[0m Fitting Client 3
[2m[36m(launch_and_fit pid=71737)[0m Fitting Client 18
[2m[36m(launch_and_fit pid=71732)[0m Fitting Client 5
[2m[36m(launch_and_fit pid=71736)[0m Fitting Client 1
[2m[36m(launch_and_fit pid=71735)[0m Fitting Client 8
[2m[36m(launch_and_fit pid=71734)[0m malloc_consolidate(): invalid chunk size
[2m[36m(launch_and_fit pid=71736)[0m double free or corruption (fasttop)
[2m[36m(launch_and_fit pid=71735)[0m malloc_consolidate(): invalid chunk size
[2m[36m(launch_and_fit pid=71732)[0m malloc_consolidate(): invalid chunk size
[2m[36m(launch_and_fit pid=71737)[0m malloc_consolidate(): invalid chunk size
[2m[36m(launch_and_fit pid=71729)[0m malloc_consolidate(): invalid chunk size
[2m[36m(launch_and_fit pid=71733)[0m malloc_consolidate(): invalid chunk size
E0816 11:26:16.084117160  119683 chttp2_transport.cc:1079]             ipv4:145.136.62.45:53932: Received a GOAWAY with error code ENHANCE_YOUR_CALM and debug data equal to "too_many_pings". Current keepalive time (before throttling): 30720000ms
INFO flwr 2023-08-16 11:26:46,971 | fed_df.py:540 | Distillation training stopped at step number : 250
INFO flwr 2023-08-16 11:26:46,971 | fed_df.py:547 | Average fusion training loss : 0.00270506482059136, val accuracy : 0.7088, best val accuracy : 0.7108
INFO flwr 2023-08-16 11:26:46,973 | common.py:35 | Avg. local train loss : 4.978118715062737, train acc : 0.789388888888889
INFO flwr 2023-08-16 11:26:49,740 | server.py:116 | fit progress: (12, 0.9577891479492188, {'server_test_acc': 0.7043}, 1111.728192270035)
INFO flwr 2023-08-16 11:26:49,740 | server.py:163 | evaluate_round 12: no clients selected, cancel
DEBUG flwr 2023-08-16 11:26:58,944 | server.py:215 | fit_round 13: strategy sampled 8 clients (out of 20)
[2m[36m(launch_and_fit pid=145811)[0m malloc_consolidate(): invalid chunk size
[2m[36m(launch_and_fit pid=145817)[0m malloc_consolidate(): invalid chunk size
DEBUG flwr 2023-08-16 11:27:46,622 | server.py:229 | fit_round 13 received 8 results and 0 failures
[2m[36m(launch_and_fit pid=145815)[0m double free or corruption (fasttop)
INFO flwr 2023-08-16 11:27:46,896 | fed_df.py:463 | Performing server side distillation training...
[2m[36m(launch_and_fit pid=145811)[0m Fitting Client 11
[2m[36m(launch_and_fit pid=145817)[0m Fitting Client 18
[2m[36m(launch_and_fit pid=145816)[0m Fitting Client 0
[2m[36m(launch_and_fit pid=145818)[0m Fitting Client 5
[2m[36m(launch_and_fit pid=145819)[0m Fitting Client 7
[2m[36m(launch_and_fit pid=145820)[0m Fitting Client 14
[2m[36m(launch_and_fit pid=145814)[0m Fitting Client 19
[2m[36m(launch_and_fit pid=145815)[0m Fitting Client 3
[2m[36m(launch_and_fit pid=145816)[0m malloc_consolidate(): invalid chunk size
[2m[36m(launch_and_fit pid=145820)[0m malloc_consolidate(): invalid chunk size
[2m[36m(launch_and_fit pid=145818)[0m double free or corruption (fasttop)
[2m[36m(launch_and_fit pid=145814)[0m malloc_consolidate(): invalid chunk size
E0816 11:27:48.098233493  119755 chttp2_transport.cc:1079]             ipv4:145.136.62.45:53932: Received a GOAWAY with error code ENHANCE_YOUR_CALM and debug data equal to "too_many_pings". Current keepalive time (before throttling): 61440000ms
[2m[36m(launch_and_fit pid=145819)[0m malloc_consolidate(): invalid chunk size
E0816 11:28:15.225979675  209418 chttp2_transport.cc:1079]             ipv4:145.136.62.45:53932: Received a GOAWAY with error code ENHANCE_YOUR_CALM and debug data equal to "too_many_pings". Current keepalive time (before throttling): 122880000ms
INFO flwr 2023-08-16 11:28:24,855 | fed_df.py:540 | Distillation training stopped at step number : 250
INFO flwr 2023-08-16 11:28:24,856 | fed_df.py:547 | Average fusion training loss : 0.002521908734925091, val accuracy : 0.7083200000000001, best val accuracy : 0.7168
INFO flwr 2023-08-16 11:28:24,858 | common.py:35 | Avg. local train loss : 4.893611051142216, train acc : 0.7986055555555557
INFO flwr 2023-08-16 11:28:27,647 | server.py:116 | fit progress: (13, 0.9574532196044921, {'server_test_acc': 0.7096}, 1209.6349584450945)
INFO flwr 2023-08-16 11:28:27,647 | server.py:163 | evaluate_round 13: no clients selected, cancel
DEBUG flwr 2023-08-16 11:28:36,963 | server.py:215 | fit_round 14: strategy sampled 8 clients (out of 20)
[2m[36m(launch_and_fit pid=219908)[0m double free or corruption (fasttop)
[2m[36m(launch_and_fit pid=219910)[0m double free or corruption (fasttop)
[2m[36m(launch_and_fit pid=219917)[0m double free or corruption (fasttop)
DEBUG flwr 2023-08-16 11:29:24,649 | server.py:229 | fit_round 14 received 8 results and 0 failures
INFO flwr 2023-08-16 11:29:24,919 | fed_df.py:463 | Performing server side distillation training...
[2m[36m(launch_and_fit pid=219910)[0m Fitting Client 16
[2m[36m(launch_and_fit pid=219908)[0m Fitting Client 8
[2m[36m(launch_and_fit pid=219913)[0m Fitting Client 10
[2m[36m(launch_and_fit pid=219914)[0m Fitting Client 4
[2m[36m(launch_and_fit pid=219917)[0m Fitting Client 14
[2m[36m(launch_and_fit pid=219916)[0m Fitting Client 18
[2m[36m(launch_and_fit pid=219912)[0m Fitting Client 9
[2m[36m(launch_and_fit pid=219915)[0m Fitting Client 3
[2m[36m(launch_and_fit pid=219916)[0m malloc_consolidate(): invalid chunk size
E0816 11:29:25.659120613  209928 chttp2_transport.cc:1079]             ipv4:145.136.62.45:53932: Received a GOAWAY with error code ENHANCE_YOUR_CALM and debug data equal to "too_many_pings". Current keepalive time (before throttling): 245760000ms
[2m[36m(launch_and_fit pid=219915)[0m malloc_consolidate(): invalid chunk size
[2m[36m(launch_and_fit pid=219912)[0m malloc_consolidate(): invalid chunk size
[2m[36m(launch_and_fit pid=219914)[0m double free or corruption (fasttop)
[2m[36m(launch_and_fit pid=219913)[0m malloc_consolidate(): invalid chunk size
INFO flwr 2023-08-16 11:29:58,120 | fed_df.py:540 | Distillation training stopped at step number : 250
INFO flwr 2023-08-16 11:29:58,120 | fed_df.py:547 | Average fusion training loss : 0.0028417049618437887, val accuracy : 0.7120000000000001, best val accuracy : 0.7146
INFO flwr 2023-08-16 11:29:58,122 | common.py:35 | Avg. local train loss : 4.943022336438299, train acc : 0.7941055555555556
INFO flwr 2023-08-16 11:30:00,916 | server.py:116 | fit progress: (14, 0.9512394409179687, {'server_test_acc': 0.7084}, 1302.904412505217)
INFO flwr 2023-08-16 11:30:00,916 | server.py:163 | evaluate_round 14: no clients selected, cancel
DEBUG flwr 2023-08-16 11:30:10,333 | server.py:215 | fit_round 15: strategy sampled 8 clients (out of 20)
DEBUG flwr 2023-08-16 11:30:59,932 | server.py:229 | fit_round 15 received 8 results and 0 failures
[2m[36m(launch_and_fit pid=300760)[0m malloc_consolidate(): invalid chunk size
[2m[36m(launch_and_fit pid=300761)[0m malloc_consolidate(): invalid chunk size
[2m[36m(launch_and_fit pid=300744)[0m malloc_consolidate(): invalid chunk size
INFO flwr 2023-08-16 11:31:00,151 | fed_df.py:365 | Warm start at round 15
INFO flwr 2023-08-16 11:31:00,298 | fed_df.py:463 | Performing server side distillation training...
[2m[36m(launch_and_fit pid=300744)[0m Fitting Client 7
[2m[36m(launch_and_fit pid=300752)[0m Fitting Client 5
[2m[36m(launch_and_fit pid=300763)[0m Fitting Client 12
[2m[36m(launch_and_fit pid=300760)[0m Fitting Client 18
[2m[36m(launch_and_fit pid=300751)[0m Fitting Client 15
[2m[36m(launch_and_fit pid=300745)[0m Fitting Client 8
[2m[36m(launch_and_fit pid=300761)[0m Fitting Client 14
[2m[36m(launch_and_fit pid=300762)[0m Fitting Client 1
[2m[36m(launch_and_fit pid=300745)[0m malloc_consolidate(): invalid chunk size
[2m[36m(launch_and_fit pid=300762)[0m malloc_consolidate(): invalid chunk size
[2m[36m(launch_and_fit pid=300752)[0m malloc_consolidate(): invalid chunk size
[2m[36m(launch_and_fit pid=300763)[0m malloc_consolidate(): invalid chunk size
[2m[36m(launch_and_fit pid=300751)[0m malloc_consolidate(): invalid chunk size
E0816 11:31:03.673792277  218772 chttp2_transport.cc:1079]             ipv4:145.136.62.45:53932: Received a GOAWAY with error code ENHANCE_YOUR_CALM and debug data equal to "too_many_pings". Current keepalive time (before throttling): 491520000ms
INFO flwr 2023-08-16 11:31:33,284 | fed_df.py:540 | Distillation training stopped at step number : 250
INFO flwr 2023-08-16 11:31:33,285 | fed_df.py:547 | Average fusion training loss : 0.014884548434987665, val accuracy : 0.69944, best val accuracy : 0.7152
INFO flwr 2023-08-16 11:31:33,286 | common.py:35 | Avg. local train loss : 4.921099000796675, train acc : 0.7948666666666667
INFO flwr 2023-08-16 11:31:36,090 | server.py:116 | fit progress: (15, 0.9844665588378906, {'server_test_acc': 0.714}, 1398.078645215137)
INFO flwr 2023-08-16 11:31:36,091 | server.py:163 | evaluate_round 15: no clients selected, cancel
DEBUG flwr 2023-08-16 11:31:45,583 | server.py:215 | fit_round 16: strategy sampled 8 clients (out of 20)
[2m[36m(launch_and_fit pid=380653)[0m malloc_consolidate(): invalid chunk size
[2m[36m(launch_and_fit pid=380660)[0m malloc_consolidate(): invalid chunk size
DEBUG flwr 2023-08-16 11:32:33,047 | server.py:229 | fit_round 16 received 8 results and 0 failures
[2m[36m(launch_and_fit pid=380657)[0m malloc_consolidate(): invalid chunk size
[2m[36m(launch_and_fit pid=380656)[0m malloc_consolidate(): invalid chunk size
INFO flwr 2023-08-16 11:32:33,352 | fed_df.py:463 | Performing server side distillation training...
[2m[36m(launch_and_fit pid=380653)[0m Fitting Client 17
[2m[36m(launch_and_fit pid=380656)[0m Fitting Client 12
[2m[36m(launch_and_fit pid=380660)[0m Fitting Client 18
[2m[36m(launch_and_fit pid=380659)[0m Fitting Client 11
[2m[36m(launch_and_fit pid=380657)[0m Fitting Client 10
[2m[36m(launch_and_fit pid=380665)[0m Fitting Client 15
[2m[36m(launch_and_fit pid=380670)[0m Fitting Client 7
[2m[36m(launch_and_fit pid=380671)[0m Fitting Client 9
[2m[36m(launch_and_fit pid=380659)[0m double free or corruption (fasttop)
[2m[36m(launch_and_fit pid=380665)[0m malloc_consolidate(): invalid chunk size
[2m[36m(launch_and_fit pid=380670)[0m malloc_consolidate(): invalid chunk size
[2m[36m(launch_and_fit pid=380671)[0m malloc_consolidate(): invalid chunk size
E0816 11:32:35.455018343  431566 chttp2_transport.cc:1079]             ipv4:145.136.62.45:53932: Received a GOAWAY with error code ENHANCE_YOUR_CALM and debug data equal to "too_many_pings". Current keepalive time (before throttling): 983040000ms
INFO flwr 2023-08-16 11:33:06,318 | fed_df.py:540 | Distillation training stopped at step number : 250
INFO flwr 2023-08-16 11:33:06,319 | fed_df.py:547 | Average fusion training loss : 0.002444194972049445, val accuracy : 0.6916, best val accuracy : 0.7024
INFO flwr 2023-08-16 11:33:06,321 | common.py:35 | Avg. local train loss : 4.705217610299587, train acc : 0.8133527777777778
INFO flwr 2023-08-16 11:33:09,106 | server.py:116 | fit progress: (16, 1.0084463592529296, {'server_test_acc': 0.704}, 1491.0945308390073)
INFO flwr 2023-08-16 11:33:09,107 | server.py:163 | evaluate_round 16: no clients selected, cancel
DEBUG flwr 2023-08-16 11:33:18,485 | server.py:215 | fit_round 17: strategy sampled 8 clients (out of 20)
[2m[36m(launch_and_fit pid=460810)[0m malloc_consolidate(): invalid chunk size
DEBUG flwr 2023-08-16 11:34:06,434 | server.py:229 | fit_round 17 received 8 results and 0 failures
[2m[36m(launch_and_fit pid=460817)[0m double free or corruption (fasttop)
INFO flwr 2023-08-16 11:34:06,743 | fed_df.py:463 | Performing server side distillation training...
[2m[36m(launch_and_fit pid=460810)[0m Fitting Client 15
[2m[36m(launch_and_fit pid=460812)[0m Fitting Client 1
[2m[36m(launch_and_fit pid=460814)[0m Fitting Client 17
[2m[36m(launch_and_fit pid=460813)[0m Fitting Client 9
[2m[36m(launch_and_fit pid=460815)[0m Fitting Client 16
[2m[36m(launch_and_fit pid=460817)[0m Fitting Client 11
[2m[36m(launch_and_fit pid=460816)[0m Fitting Client 0
[2m[36m(launch_and_fit pid=460818)[0m Fitting Client 14
[2m[36m(launch_and_fit pid=460814)[0m double free or corruption (fasttop)
[2m[36m(launch_and_fit pid=460818)[0m malloc_consolidate(): invalid chunk size
[2m[36m(launch_and_fit pid=460813)[0m double free or corruption (fasttop)
[2m[36m(launch_and_fit pid=460815)[0m malloc_consolidate(): invalid chunk size
[2m[36m(launch_and_fit pid=460816)[0m malloc_consolidate(): invalid chunk size
E0816 11:34:08.233243645  431738 chttp2_transport.cc:1079]             ipv4:145.136.62.45:53932: Received a GOAWAY with error code ENHANCE_YOUR_CALM and debug data equal to "too_many_pings". Current keepalive time (before throttling): 1966080000ms
[2m[36m(launch_and_fit pid=460812)[0m double free or corruption (fasttop)
INFO flwr 2023-08-16 11:34:39,892 | fed_df.py:540 | Distillation training stopped at step number : 250
INFO flwr 2023-08-16 11:34:39,892 | fed_df.py:547 | Average fusion training loss : 0.0029956014733761548, val accuracy : 0.7119599999999999, best val accuracy : 0.7224
INFO flwr 2023-08-16 11:34:39,894 | common.py:35 | Avg. local train loss : 4.750829431414605, train acc : 0.8117555555555556
INFO flwr 2023-08-16 11:34:42,700 | server.py:116 | fit progress: (17, 0.9392873718261718, {'server_test_acc': 0.7198}, 1584.6884291700553)
INFO flwr 2023-08-16 11:34:42,701 | server.py:163 | evaluate_round 17: no clients selected, cancel
DEBUG flwr 2023-08-16 11:34:52,100 | server.py:215 | fit_round 18: strategy sampled 8 clients (out of 20)
[2m[36m(launch_and_fit pid=540476)[0m malloc_consolidate(): invalid chunk size
[2m[36m(launch_and_fit pid=540481)[0m malloc_consolidate(): invalid chunk size
DEBUG flwr 2023-08-16 11:35:39,891 | server.py:229 | fit_round 18 received 8 results and 0 failures
INFO flwr 2023-08-16 11:35:40,162 | fed_df.py:463 | Performing server side distillation training...
[2m[36m(launch_and_fit pid=540476)[0m Fitting Client 12
[2m[36m(launch_and_fit pid=540479)[0m Fitting Client 2
[2m[36m(launch_and_fit pid=540482)[0m Fitting Client 7
[2m[36m(launch_and_fit pid=540475)[0m Fitting Client 3
[2m[36m(launch_and_fit pid=540480)[0m Fitting Client 16
[2m[36m(launch_and_fit pid=540481)[0m Fitting Client 10
[2m[36m(launch_and_fit pid=540483)[0m Fitting Client 14
[2m[36m(launch_and_fit pid=540484)[0m Fitting Client 19
[2m[36m(launch_and_fit pid=540475)[0m malloc_consolidate(): invalid chunk size
[2m[36m(launch_and_fit pid=540482)[0m malloc_consolidate(): invalid chunk size
[2m[36m(launch_and_fit pid=540483)[0m double free or corruption (fasttop)
[2m[36m(launch_and_fit pid=540484)[0m malloc_consolidate(): invalid chunk size
[2m[36m(launch_and_fit pid=540479)[0m malloc_consolidate(): invalid chunk size
E0816 11:35:40.773709944  512496 chttp2_transport.cc:1079]             ipv4:145.136.62.45:53932: Received a GOAWAY with error code ENHANCE_YOUR_CALM and debug data equal to "too_many_pings". Current keepalive time (before throttling): ∞
[2m[36m(launch_and_fit pid=540480)[0m double free or corruption (fasttop)
INFO flwr 2023-08-16 11:36:13,158 | fed_df.py:540 | Distillation training stopped at step number : 250
INFO flwr 2023-08-16 11:36:13,159 | fed_df.py:547 | Average fusion training loss : 0.0029760523275472223, val accuracy : 0.6984, best val accuracy : 0.7194
INFO flwr 2023-08-16 11:36:13,160 | common.py:35 | Avg. local train loss : 4.709142006933688, train acc : 0.8150583333333334
INFO flwr 2023-08-16 11:36:15,958 | server.py:116 | fit progress: (18, 0.95586923828125, {'server_test_acc': 0.7145}, 1677.94666142622)
INFO flwr 2023-08-16 11:36:15,959 | server.py:163 | evaluate_round 18: no clients selected, cancel
DEBUG flwr 2023-08-16 11:36:25,306 | server.py:215 | fit_round 19: strategy sampled 8 clients (out of 20)
[2m[36m(launch_and_fit pid=614154)[0m malloc_consolidate(): invalid chunk size
DEBUG flwr 2023-08-16 11:37:12,742 | server.py:229 | fit_round 19 received 8 results and 0 failures
[2m[36m(launch_and_fit pid=614157)[0m double free or corruption (fasttop)
INFO flwr 2023-08-16 11:37:13,045 | fed_df.py:463 | Performing server side distillation training...
[2m[36m(launch_and_fit pid=614154)[0m Fitting Client 17
[2m[36m(launch_and_fit pid=614155)[0m Fitting Client 16
[2m[36m(launch_and_fit pid=614158)[0m Fitting Client 11
[2m[36m(launch_and_fit pid=614157)[0m Fitting Client 14
[2m[36m(launch_and_fit pid=614156)[0m Fitting Client 10
[2m[36m(launch_and_fit pid=614160)[0m Fitting Client 8
[2m[36m(launch_and_fit pid=614159)[0m Fitting Client 1
[2m[36m(launch_and_fit pid=614161)[0m Fitting Client 6
[2m[36m(launch_and_fit pid=614159)[0m malloc_consolidate(): invalid chunk size
[2m[36m(launch_and_fit pid=614155)[0m malloc_consolidate(): invalid chunk size
[2m[36m(launch_and_fit pid=614156)[0m malloc_consolidate(): invalid chunk size
[2m[36m(launch_and_fit pid=614161)[0m malloc_consolidate(): invalid chunk size
[2m[36m(launch_and_fit pid=614158)[0m malloc_consolidate(): invalid chunk size
[2m[36m(launch_and_fit pid=614160)[0m malloc_consolidate(): invalid chunk size
E0816 11:37:14.575184867  587442 chttp2_transport.cc:1079]             ipv4:145.136.62.45:53932: Received a GOAWAY with error code ENHANCE_YOUR_CALM and debug data equal to "too_many_pings". Current keepalive time (before throttling): ∞
INFO flwr 2023-08-16 11:37:45,814 | fed_df.py:540 | Distillation training stopped at step number : 250
INFO flwr 2023-08-16 11:37:45,815 | fed_df.py:547 | Average fusion training loss : 0.002709530856925994, val accuracy : 0.72468, best val accuracy : 0.7308
INFO flwr 2023-08-16 11:37:45,817 | common.py:35 | Avg. local train loss : 4.73995971865952, train acc : 0.8132138888888887
INFO flwr 2023-08-16 11:37:48,624 | server.py:116 | fit progress: (19, 0.9233927154541015, {'server_test_acc': 0.7251}, 1770.6118664292153)
INFO flwr 2023-08-16 11:37:48,624 | server.py:163 | evaluate_round 19: no clients selected, cancel
DEBUG flwr 2023-08-16 11:37:57,978 | server.py:215 | fit_round 20: strategy sampled 8 clients (out of 20)
[2m[36m(launch_and_fit pid=688092)[0m double free or corruption (fasttop)
DEBUG flwr 2023-08-16 11:38:45,126 | server.py:229 | fit_round 20 received 8 results and 0 failures
INFO flwr 2023-08-16 11:38:45,341 | fed_df.py:365 | Warm start at round 20
INFO flwr 2023-08-16 11:38:45,450 | fed_df.py:463 | Performing server side distillation training...
[2m[36m(launch_and_fit pid=688092)[0m Fitting Client 7
[2m[36m(launch_and_fit pid=688095)[0m Fitting Client 9
[2m[36m(launch_and_fit pid=688094)[0m Fitting Client 12
[2m[36m(launch_and_fit pid=688097)[0m Fitting Client 16
[2m[36m(launch_and_fit pid=688098)[0m Fitting Client 11
[2m[36m(launch_and_fit pid=688099)[0m Fitting Client 5
[2m[36m(launch_and_fit pid=688101)[0m Fitting Client 0
[2m[36m(launch_and_fit pid=688100)[0m Fitting Client 10
[2m[36m(launch_and_fit pid=688095)[0m malloc_consolidate(): invalid chunk size
E0816 11:38:45.967377513  734903 chttp2_transport.cc:1079]             ipv4:145.136.62.45:53932: Received a GOAWAY with error code ENHANCE_YOUR_CALM and debug data equal to "too_many_pings". Current keepalive time (before throttling): ∞
[2m[36m(launch_and_fit pid=688094)[0m malloc_consolidate(): invalid chunk size
[2m[36m(launch_and_fit pid=688099)[0m malloc_consolidate(): invalid chunk size
[2m[36m(launch_and_fit pid=688100)[0m malloc_consolidate(): invalid chunk size
[2m[36m(launch_and_fit pid=688097)[0m corrupted size vs. prev_size in fastbins
[2m[36m(launch_and_fit pid=688101)[0m malloc_consolidate(): invalid chunk size
[2m[36m(launch_and_fit pid=688098)[0m malloc_consolidate(): invalid chunk size
E0816 11:38:47.662293743  736304 chttp2_transport.cc:1079]             ipv4:145.136.62.45:53932: Received a GOAWAY with error code ENHANCE_YOUR_CALM and debug data equal to "too_many_pings". Current keepalive time (before throttling): ∞
INFO flwr 2023-08-16 11:39:18,350 | fed_df.py:540 | Distillation training stopped at step number : 250
INFO flwr 2023-08-16 11:39:18,350 | fed_df.py:547 | Average fusion training loss : 0.016761353901587426, val accuracy : 0.72384, best val accuracy : 0.736
INFO flwr 2023-08-16 11:39:18,352 | common.py:35 | Avg. local train loss : 4.731351487711072, train acc : 0.8131916666666668
INFO flwr 2023-08-16 11:39:21,151 | server.py:116 | fit progress: (20, 0.9349817474365234, {'server_test_acc': 0.7307}, 1863.1387412780896)
INFO flwr 2023-08-16 11:39:21,151 | server.py:163 | evaluate_round 20: no clients selected, cancel
DEBUG flwr 2023-08-16 11:39:30,514 | server.py:215 | fit_round 21: strategy sampled 8 clients (out of 20)
[2m[36m(launch_and_fit pid=761784)[0m malloc_consolidate(): invalid chunk size
[2m[36m(launch_and_fit pid=761777)[0m malloc_consolidate(): invalid chunk size
DEBUG flwr 2023-08-16 11:40:18,270 | server.py:229 | fit_round 21 received 8 results and 0 failures
[2m[36m(launch_and_fit pid=761787)[0m double free or corruption (fasttop)
INFO flwr 2023-08-16 11:40:18,571 | fed_df.py:463 | Performing server side distillation training...
[2m[36m(launch_and_fit pid=761777)[0m Fitting Client 2
[2m[36m(launch_and_fit pid=761784)[0m Fitting Client 12
[2m[36m(launch_and_fit pid=761782)[0m Fitting Client 11
[2m[36m(launch_and_fit pid=761776)[0m Fitting Client 3
[2m[36m(launch_and_fit pid=761785)[0m Fitting Client 7
[2m[36m(launch_and_fit pid=761783)[0m Fitting Client 10
[2m[36m(launch_and_fit pid=761786)[0m Fitting Client 5
[2m[36m(launch_and_fit pid=761787)[0m Fitting Client 16
[2m[36m(launch_and_fit pid=761782)[0m double free or corruption (fasttop)
[2m[36m(launch_and_fit pid=761786)[0m malloc_consolidate(): invalid chunk size
[2m[36m(launch_and_fit pid=761785)[0m double free or corruption (fasttop)
E0816 11:40:19.573416164  736592 chttp2_transport.cc:1079]             ipv4:145.136.62.45:53932: Received a GOAWAY with error code ENHANCE_YOUR_CALM and debug data equal to "too_many_pings". Current keepalive time (before throttling): ∞
[2m[36m(launch_and_fit pid=761783)[0m double free or corruption (fasttop)
[2m[36m(launch_and_fit pid=761776)[0m malloc_consolidate(): invalid chunk size
INFO flwr 2023-08-16 11:40:52,229 | fed_df.py:540 | Distillation training stopped at step number : 250
INFO flwr 2023-08-16 11:40:52,230 | fed_df.py:547 | Average fusion training loss : 0.00185288812732324, val accuracy : 0.7287600000000001, best val accuracy : 0.7392
INFO flwr 2023-08-16 11:40:52,231 | common.py:35 | Avg. local train loss : 4.507963118329644, train acc : 0.8349166666666666
INFO flwr 2023-08-16 11:40:55,006 | server.py:116 | fit progress: (21, 0.9444756713867187, {'server_test_acc': 0.7311}, 1956.9946611421183)
INFO flwr 2023-08-16 11:40:55,007 | server.py:163 | evaluate_round 21: no clients selected, cancel
DEBUG flwr 2023-08-16 11:41:04,432 | server.py:215 | fit_round 22: strategy sampled 8 clients (out of 20)
[2m[36m(launch_and_fit pid=835729)[0m double free or corruption (fasttop)
[2m[36m(launch_and_fit pid=835732)[0m double free or corruption (fasttop)
DEBUG flwr 2023-08-16 11:41:51,930 | server.py:229 | fit_round 22 received 8 results and 0 failures
INFO flwr 2023-08-16 11:41:52,198 | fed_df.py:463 | Performing server side distillation training...
[2m[36m(launch_and_fit pid=835729)[0m Fitting Client 12
[2m[36m(launch_and_fit pid=835732)[0m Fitting Client 3
[2m[36m(launch_and_fit pid=835734)[0m Fitting Client 0
[2m[36m(launch_and_fit pid=835733)[0m Fitting Client 17
[2m[36m(launch_and_fit pid=835735)[0m Fitting Client 14
[2m[36m(launch_and_fit pid=835738)[0m Fitting Client 1
[2m[36m(launch_and_fit pid=835737)[0m Fitting Client 4
[2m[36m(launch_and_fit pid=835736)[0m Fitting Client 19
[2m[36m(launch_and_fit pid=835736)[0m malloc_consolidate(): invalid chunk size
[2m[36m(launch_and_fit pid=835735)[0m malloc_consolidate(): invalid chunk size
[2m[36m(launch_and_fit pid=835737)[0m malloc_consolidate(): invalid chunk size
[2m[36m(launch_and_fit pid=835738)[0m malloc_consolidate(): invalid chunk size
[2m[36m(launch_and_fit pid=835734)[0m double free or corruption (fasttop)
[2m[36m(launch_and_fit pid=835733)[0m malloc_consolidate(): invalid chunk size
E0816 11:41:54.441590745  883764 chttp2_transport.cc:1079]             ipv4:145.136.62.45:53932: Received a GOAWAY with error code ENHANCE_YOUR_CALM and debug data equal to "too_many_pings". Current keepalive time (before throttling): ∞
INFO flwr 2023-08-16 11:42:25,691 | fed_df.py:540 | Distillation training stopped at step number : 250
INFO flwr 2023-08-16 11:42:25,692 | fed_df.py:547 | Average fusion training loss : 0.003213203192688525, val accuracy : 0.71316, best val accuracy : 0.7294
INFO flwr 2023-08-16 11:42:25,693 | common.py:35 | Avg. local train loss : 4.640118348225951, train acc : 0.822525
INFO flwr 2023-08-16 11:42:28,500 | server.py:116 | fit progress: (22, 0.9453654205322266, {'server_test_acc': 0.7245}, 2050.487853544997)
INFO flwr 2023-08-16 11:42:28,500 | server.py:163 | evaluate_round 22: no clients selected, cancel
DEBUG flwr 2023-08-16 11:42:37,981 | server.py:215 | fit_round 23: strategy sampled 8 clients (out of 20)
[2m[36m(launch_and_fit pid=909301)[0m double free or corruption (fasttop)
[2m[36m(launch_and_fit pid=909310)[0m malloc_consolidate(): invalid chunk size
DEBUG flwr 2023-08-16 11:43:25,720 | server.py:229 | fit_round 23 received 8 results and 0 failures
INFO flwr 2023-08-16 11:43:25,992 | fed_df.py:463 | Performing server side distillation training...
[2m[36m(launch_and_fit pid=909301)[0m Fitting Client 9
[2m[36m(launch_and_fit pid=909304)[0m Fitting Client 19
[2m[36m(launch_and_fit pid=909306)[0m Fitting Client 3
[2m[36m(launch_and_fit pid=909308)[0m Fitting Client 11
[2m[36m(launch_and_fit pid=909302)[0m Fitting Client 4
[2m[36m(launch_and_fit pid=909309)[0m Fitting Client 16
[2m[36m(launch_and_fit pid=909310)[0m Fitting Client 17
[2m[36m(launch_and_fit pid=909307)[0m Fitting Client 6
[2m[36m(launch_and_fit pid=909309)[0m malloc_consolidate(): invalid chunk size
[2m[36m(launch_and_fit pid=909306)[0m double free or corruption (fasttop)
E0816 11:43:26.830013243  218772 chttp2_transport.cc:1079]             ipv4:145.136.62.45:53932: Received a GOAWAY with error code ENHANCE_YOUR_CALM and debug data equal to "too_many_pings". Current keepalive time (before throttling): ∞
[2m[36m(launch_and_fit pid=909304)[0m malloc_consolidate(): invalid chunk size
[2m[36m(launch_and_fit pid=909307)[0m double free or corruption (fasttop)
[2m[36m(launch_and_fit pid=909308)[0m double free or corruption (fasttop)
[2m[36m(launch_and_fit pid=909302)[0m malloc_consolidate(): invalid chunk size
INFO flwr 2023-08-16 11:43:59,174 | fed_df.py:540 | Distillation training stopped at step number : 250
INFO flwr 2023-08-16 11:43:59,175 | fed_df.py:547 | Average fusion training loss : 0.0025986199066974224, val accuracy : 0.73248, best val accuracy : 0.7386
INFO flwr 2023-08-16 11:43:59,176 | common.py:35 | Avg. local train loss : 4.588434153795242, train acc : 0.8282222222222222
INFO flwr 2023-08-16 11:44:01,953 | server.py:116 | fit progress: (23, 0.9310056060791015, {'server_test_acc': 0.7285}, 2143.9412377160043)
INFO flwr 2023-08-16 11:44:01,953 | server.py:163 | evaluate_round 23: no clients selected, cancel
DEBUG flwr 2023-08-16 11:44:11,549 | server.py:215 | fit_round 24: strategy sampled 8 clients (out of 20)
[2m[36m(launch_and_fit pid=983387)[0m double free or corruption (fasttop)
[2m[36m(launch_and_fit pid=983388)[0m malloc_consolidate(): invalid chunk size
DEBUG flwr 2023-08-16 11:44:59,616 | server.py:229 | fit_round 24 received 8 results and 0 failures
[2m[36m(launch_and_fit pid=983389)[0m malloc_consolidate(): invalid chunk size
INFO flwr 2023-08-16 11:44:59,886 | fed_df.py:463 | Performing server side distillation training...
[2m[36m(launch_and_fit pid=983386)[0m Fitting Client 4
[2m[36m(launch_and_fit pid=983388)[0m Fitting Client 5
[2m[36m(launch_and_fit pid=983389)[0m Fitting Client 2
[2m[36m(launch_and_fit pid=983385)[0m Fitting Client 1
[2m[36m(launch_and_fit pid=983387)[0m Fitting Client 10
[2m[36m(launch_and_fit pid=983384)[0m Fitting Client 8
[2m[36m(launch_and_fit pid=983391)[0m Fitting Client 9
[2m[36m(launch_and_fit pid=983390)[0m Fitting Client 15
[2m[36m(launch_and_fit pid=983385)[0m double free or corruption (fasttop)
[2m[36m(launch_and_fit pid=983390)[0m double free or corruption (fasttop)
[2m[36m(launch_and_fit pid=983386)[0m malloc_consolidate(): invalid chunk size
E0816 11:45:00.933944735  957019 chttp2_transport.cc:1079]             ipv4:145.136.62.45:53932: Received a GOAWAY with error code ENHANCE_YOUR_CALM and debug data equal to "too_many_pings". Current keepalive time (before throttling): ∞
[2m[36m(launch_and_fit pid=983391)[0m double free or corruption (fasttop)
[2m[36m(launch_and_fit pid=983384)[0m malloc_consolidate(): invalid chunk size
INFO flwr 2023-08-16 11:45:32,563 | fed_df.py:540 | Distillation training stopped at step number : 250
INFO flwr 2023-08-16 11:45:32,563 | fed_df.py:547 | Average fusion training loss : 0.0025868754680268466, val accuracy : 0.7155600000000002, best val accuracy : 0.7314
INFO flwr 2023-08-16 11:45:32,565 | common.py:35 | Avg. local train loss : 4.633181786164641, train acc : 0.8240583333333333
INFO flwr 2023-08-16 11:45:35,452 | server.py:116 | fit progress: (24, 0.926506103515625, {'server_test_acc': 0.7196}, 2237.4406872109976)
INFO flwr 2023-08-16 11:45:35,453 | server.py:163 | evaluate_round 24: no clients selected, cancel
DEBUG flwr 2023-08-16 11:45:44,731 | server.py:215 | fit_round 25: strategy sampled 8 clients (out of 20)
DEBUG flwr 2023-08-16 11:46:31,996 | server.py:229 | fit_round 25 received 8 results and 0 failures
[2m[36m(launch_and_fit pid=1063110)[0m double free or corruption (fasttop)
[2m[36m(launch_and_fit pid=1063126)[0m malloc_consolidate(): invalid chunk size
INFO flwr 2023-08-16 11:46:32,214 | fed_df.py:365 | Warm start at round 25
INFO flwr 2023-08-16 11:46:32,325 | fed_df.py:463 | Performing server side distillation training...
[2m[36m(launch_and_fit pid=1063110)[0m Fitting Client 17
[2m[36m(launch_and_fit pid=1063120)[0m Fitting Client 14
[2m[36m(launch_and_fit pid=1063135)[0m Fitting Client 18
[2m[36m(launch_and_fit pid=1063126)[0m Fitting Client 6
[2m[36m(launch_and_fit pid=1063134)[0m Fitting Client 15
[2m[36m(launch_and_fit pid=1063143)[0m Fitting Client 0
[2m[36m(launch_and_fit pid=1063141)[0m Fitting Client 4
[2m[36m(launch_and_fit pid=1063108)[0m Fitting Client 9
[2m[36m(launch_and_fit pid=1063120)[0m malloc_consolidate(): invalid chunk size
[2m[36m(launch_and_fit pid=1063134)[0m malloc_consolidate(): invalid chunk size
[2m[36m(launch_and_fit pid=1063141)[0m malloc_consolidate(): invalid chunk size
[2m[36m(launch_and_fit pid=1063143)[0m malloc_consolidate(): invalid chunk size
E0816 11:46:33.736064132 1033813 chttp2_transport.cc:1079]             ipv4:145.136.62.45:53932: Received a GOAWAY with error code ENHANCE_YOUR_CALM and debug data equal to "too_many_pings". Current keepalive time (before throttling): ∞
[2m[36m(launch_and_fit pid=1063135)[0m double free or corruption (fasttop)
[2m[36m(launch_and_fit pid=1063108)[0m double free or corruption (fasttop)
INFO flwr 2023-08-16 11:47:05,565 | fed_df.py:540 | Distillation training stopped at step number : 250
INFO flwr 2023-08-16 11:47:05,565 | fed_df.py:547 | Average fusion training loss : 0.015838113618083297, val accuracy : 0.7037599999999999, best val accuracy : 0.7218
INFO flwr 2023-08-16 11:47:05,567 | common.py:35 | Avg. local train loss : 4.623708757013083, train acc : 0.8232888888888888
INFO flwr 2023-08-16 11:47:08,368 | server.py:116 | fit progress: (25, 0.995224789428711, {'server_test_acc': 0.7194}, 2330.356212740997)
INFO flwr 2023-08-16 11:47:08,368 | server.py:163 | evaluate_round 25: no clients selected, cancel
DEBUG flwr 2023-08-16 11:47:17,597 | server.py:215 | fit_round 26: strategy sampled 8 clients (out of 20)
[2m[36m(launch_and_fit pid=1143943)[0m malloc_consolidate(): invalid chunk size
DEBUG flwr 2023-08-16 11:48:05,168 | server.py:229 | fit_round 26 received 8 results and 0 failures
INFO flwr 2023-08-16 11:48:05,442 | fed_df.py:463 | Performing server side distillation training...
[2m[36m(launch_and_fit pid=1143949)[0m double free or corruption (fasttop)
[2m[36m(launch_and_fit pid=1143943)[0m Fitting Client 12
[2m[36m(launch_and_fit pid=1143949)[0m Fitting Client 15
[2m[36m(launch_and_fit pid=1143968)[0m Fitting Client 6
[2m[36m(launch_and_fit pid=1143957)[0m Fitting Client 13
[2m[36m(launch_and_fit pid=1143963)[0m Fitting Client 1
[2m[36m(launch_and_fit pid=1143969)[0m Fitting Client 5
[2m[36m(launch_and_fit pid=1143961)[0m Fitting Client 8
[2m[36m(launch_and_fit pid=1143972)[0m Fitting Client 9
[2m[36m(launch_and_fit pid=1143963)[0m malloc_consolidate(): invalid chunk size
[2m[36m(launch_and_fit pid=1143961)[0m malloc_consolidate(): invalid chunk size
[2m[36m(launch_and_fit pid=1143968)[0m double free or corruption (fasttop)
[2m[36m(launch_and_fit pid=1143957)[0m double free or corruption (fasttop)
E0816 11:48:06.912674705 1114367 chttp2_transport.cc:1079]             ipv4:145.136.62.45:53932: Received a GOAWAY with error code ENHANCE_YOUR_CALM and debug data equal to "too_many_pings". Current keepalive time (before throttling): ∞
[2m[36m(launch_and_fit pid=1143969)[0m double free or corruption (fasttop)
[2m[36m(launch_and_fit pid=1143972)[0m malloc_consolidate(): invalid chunk size
INFO flwr 2023-08-16 11:48:38,478 | fed_df.py:540 | Distillation training stopped at step number : 250
INFO flwr 2023-08-16 11:48:38,478 | fed_df.py:547 | Average fusion training loss : 0.002446931174956262, val accuracy : 0.72976, best val accuracy : 0.7346
INFO flwr 2023-08-16 11:48:38,480 | common.py:35 | Avg. local train loss : 4.410292071849108, train acc : 0.8414277777777778
INFO flwr 2023-08-16 11:48:41,252 | server.py:116 | fit progress: (26, 0.952792398071289, {'server_test_acc': 0.7265}, 2423.240438956069)
INFO flwr 2023-08-16 11:48:41,253 | server.py:163 | evaluate_round 26: no clients selected, cancel
DEBUG flwr 2023-08-16 11:48:50,501 | server.py:215 | fit_round 27: strategy sampled 8 clients (out of 20)
DEBUG flwr 2023-08-16 11:49:37,879 | server.py:229 | fit_round 27 received 8 results and 0 failures
INFO flwr 2023-08-16 11:49:38,151 | fed_df.py:463 | Performing server side distillation training...
[2m[36m(launch_and_fit pid=1223752)[0m Fitting Client 15
[2m[36m(launch_and_fit pid=1223738)[0m Fitting Client 3
[2m[36m(launch_and_fit pid=1223737)[0m Fitting Client 14
[2m[36m(launch_and_fit pid=1223754)[0m Fitting Client 6
[2m[36m(launch_and_fit pid=1223751)[0m Fitting Client 13
[2m[36m(launch_and_fit pid=1223749)[0m Fitting Client 8
[2m[36m(launch_and_fit pid=1223764)[0m Fitting Client 4
[2m[36m(launch_and_fit pid=1223750)[0m Fitting Client 18
[2m[36m(launch_and_fit pid=1223749)[0m malloc_consolidate(): invalid chunk size
[2m[36m(launch_and_fit pid=1223764)[0m malloc_consolidate(): invalid chunk size
[2m[36m(launch_and_fit pid=1223752)[0m malloc_consolidate(): invalid chunk size
[2m[36m(launch_and_fit pid=1223738)[0m malloc_consolidate(): invalid chunk size
[2m[36m(launch_and_fit pid=1223737)[0m double free or corruption (fasttop)
[2m[36m(launch_and_fit pid=1223751)[0m malloc_consolidate(): invalid chunk size
E0816 11:49:39.516316824 1274556 chttp2_transport.cc:1079]             ipv4:145.136.62.45:53932: Received a GOAWAY with error code ENHANCE_YOUR_CALM and debug data equal to "too_many_pings". Current keepalive time (before throttling): ∞
E0816 11:49:39.516412333 1274556 chttp2_transport.cc:1079]             ipv4:145.136.62.45:53932: Received a GOAWAY with error code ENHANCE_YOUR_CALM and debug data equal to "too_many_pings". Current keepalive time (before throttling): ∞
[2m[36m(launch_and_fit pid=1223750)[0m malloc_consolidate(): invalid chunk size
INFO flwr 2023-08-16 11:50:12,086 | fed_df.py:540 | Distillation training stopped at step number : 250
INFO flwr 2023-08-16 11:50:12,086 | fed_df.py:547 | Average fusion training loss : 0.0023210568297654392, val accuracy : 0.74464, best val accuracy : 0.7542
INFO flwr 2023-08-16 11:50:12,088 | common.py:35 | Avg. local train loss : 4.465596858039499, train acc : 0.8389833333333332
INFO flwr 2023-08-16 11:50:14,954 | server.py:116 | fit progress: (27, 0.8846884063720704, {'server_test_acc': 0.7507}, 2516.9426388281863)
INFO flwr 2023-08-16 11:50:14,955 | server.py:163 | evaluate_round 27: no clients selected, cancel
DEBUG flwr 2023-08-16 11:50:24,260 | server.py:215 | fit_round 28: strategy sampled 8 clients (out of 20)
DEBUG flwr 2023-08-16 11:51:11,299 | server.py:229 | fit_round 28 received 8 results and 0 failures
INFO flwr 2023-08-16 11:51:11,569 | fed_df.py:463 | Performing server side distillation training...
[2m[36m(launch_and_fit pid=1303566)[0m Fitting Client 7
[2m[36m(launch_and_fit pid=1303569)[0m Fitting Client 15
[2m[36m(launch_and_fit pid=1303571)[0m Fitting Client 3
[2m[36m(launch_and_fit pid=1303572)[0m Fitting Client 13
[2m[36m(launch_and_fit pid=1303575)[0m Fitting Client 8
[2m[36m(launch_and_fit pid=1303570)[0m Fitting Client 9
[2m[36m(launch_and_fit pid=1303574)[0m Fitting Client 11
[2m[36m(launch_and_fit pid=1303573)[0m Fitting Client 14
[2m[36m(launch_and_fit pid=1303566)[0m malloc_consolidate(): invalid chunk size
[2m[36m(launch_and_fit pid=1303569)[0m double free or corruption (fasttop)
[2m[36m(launch_and_fit pid=1303573)[0m double free or corruption (fasttop)
[2m[36m(launch_and_fit pid=1303572)[0m malloc_consolidate(): invalid chunk size
[2m[36m(launch_and_fit pid=1303570)[0m malloc_consolidate(): invalid chunk size
[2m[36m(launch_and_fit pid=1303571)[0m malloc_consolidate(): invalid chunk size
[2m[36m(launch_and_fit pid=1303575)[0m malloc_consolidate(): invalid chunk size
[2m[36m(launch_and_fit pid=1303574)[0m malloc_consolidate(): invalid chunk size
E0816 11:51:13.759759467 1351968 chttp2_transport.cc:1079]             ipv4:145.136.62.45:53932: Received a GOAWAY with error code ENHANCE_YOUR_CALM and debug data equal to "too_many_pings". Current keepalive time (before throttling): ∞
INFO flwr 2023-08-16 11:51:45,344 | fed_df.py:540 | Distillation training stopped at step number : 250
INFO flwr 2023-08-16 11:51:45,344 | fed_df.py:547 | Average fusion training loss : 0.002387494056019932, val accuracy : 0.72516, best val accuracy : 0.744
INFO flwr 2023-08-16 11:51:45,346 | common.py:35 | Avg. local train loss : 4.444371933117509, train acc : 0.8426444444444445
INFO flwr 2023-08-16 11:51:48,146 | server.py:116 | fit progress: (28, 0.9363503051757812, {'server_test_acc': 0.7414}, 2610.1340733561665)
INFO flwr 2023-08-16 11:51:48,146 | server.py:163 | evaluate_round 28: no clients selected, cancel
DEBUG flwr 2023-08-16 11:51:57,569 | server.py:215 | fit_round 29: strategy sampled 8 clients (out of 20)
[2m[36m(launch_and_fit pid=1377526)[0m double free or corruption (fasttop)
[2m[36m(launch_and_fit pid=1377525)[0m double free or corruption (fasttop)
DEBUG flwr 2023-08-16 11:52:44,795 | server.py:229 | fit_round 29 received 8 results and 0 failures
INFO flwr 2023-08-16 11:52:45,066 | fed_df.py:463 | Performing server side distillation training...
[2m[36m(launch_and_fit pid=1377526)[0m Fitting Client 2
[2m[36m(launch_and_fit pid=1377525)[0m Fitting Client 18
[2m[36m(launch_and_fit pid=1377531)[0m Fitting Client 15
[2m[36m(launch_and_fit pid=1377532)[0m Fitting Client 13
[2m[36m(launch_and_fit pid=1377540)[0m Fitting Client 14
[2m[36m(launch_and_fit pid=1377537)[0m Fitting Client 3
[2m[36m(launch_and_fit pid=1377538)[0m Fitting Client 16
[2m[36m(launch_and_fit pid=1377539)[0m Fitting Client 10
[2m[36m(launch_and_fit pid=1377538)[0m malloc_consolidate(): invalid chunk size
[2m[36m(launch_and_fit pid=1377537)[0m double free or corruption (fasttop)
[2m[36m(launch_and_fit pid=1377532)[0m malloc_consolidate(): invalid chunk size
[2m[36m(launch_and_fit pid=1377539)[0m malloc_consolidate(): invalid chunk size
[2m[36m(launch_and_fit pid=1377531)[0m malloc_consolidate(): invalid chunk size
E0816 11:52:46.579822184 1352103 chttp2_transport.cc:1079]             ipv4:145.136.62.45:53932: Received a GOAWAY with error code ENHANCE_YOUR_CALM and debug data equal to "too_many_pings". Current keepalive time (before throttling): ∞
E0816 11:52:46.579891222 1352103 chttp2_transport.cc:1079]             ipv4:145.136.62.45:53932: Received a GOAWAY with error code ENHANCE_YOUR_CALM and debug data equal to "too_many_pings". Current keepalive time (before throttling): ∞
[2m[36m(launch_and_fit pid=1377540)[0m double free or corruption (fasttop)
INFO flwr 2023-08-16 11:53:18,742 | fed_df.py:540 | Distillation training stopped at step number : 250
INFO flwr 2023-08-16 11:53:18,743 | fed_df.py:547 | Average fusion training loss : 0.0034876505737192927, val accuracy : 0.7245600000000001, best val accuracy : 0.7326
INFO flwr 2023-08-16 11:53:18,744 | common.py:35 | Avg. local train loss : 4.458650371432304, train acc : 0.8398222222222221
INFO flwr 2023-08-16 11:53:21,555 | server.py:116 | fit progress: (29, 0.9162384033203125, {'server_test_acc': 0.7261}, 2703.542758751195)
INFO flwr 2023-08-16 11:53:21,555 | server.py:163 | evaluate_round 29: no clients selected, cancel
DEBUG flwr 2023-08-16 11:53:30,962 | server.py:215 | fit_round 30: strategy sampled 8 clients (out of 20)
DEBUG flwr 2023-08-16 11:54:18,377 | server.py:229 | fit_round 30 received 8 results and 0 failures
INFO flwr 2023-08-16 11:54:18,594 | fed_df.py:365 | Warm start at round 30
INFO flwr 2023-08-16 11:54:18,708 | fed_df.py:463 | Performing server side distillation training...
[2m[36m(launch_and_fit pid=1451243)[0m Fitting Client 14
[2m[36m(launch_and_fit pid=1451245)[0m Fitting Client 4
[2m[36m(launch_and_fit pid=1451249)[0m Fitting Client 2
[2m[36m(launch_and_fit pid=1451250)[0m Fitting Client 19
[2m[36m(launch_and_fit pid=1451251)[0m Fitting Client 8
[2m[36m(launch_and_fit pid=1451252)[0m Fitting Client 18
[2m[36m(launch_and_fit pid=1451253)[0m Fitting Client 9
[2m[36m(launch_and_fit pid=1451248)[0m Fitting Client 10
[2m[36m(launch_and_fit pid=1451245)[0m double free or corruption (fasttop)
[2m[36m(launch_and_fit pid=1451250)[0m malloc_consolidate(): invalid chunk size
[2m[36m(launch_and_fit pid=1451251)[0m malloc_consolidate(): invalid chunk size
[2m[36m(launch_and_fit pid=1451248)[0m malloc_consolidate(): invalid chunk size
[2m[36m(launch_and_fit pid=1451253)[0m malloc_consolidate(): invalid chunk size
[2m[36m(launch_and_fit pid=1451243)[0m double free or corruption (fasttop)
[2m[36m(launch_and_fit pid=1451249)[0m double free or corruption (fasttop)
[2m[36m(launch_and_fit pid=1451252)[0m double free or corruption (fasttop)
E0816 11:54:20.089348884 1425609 chttp2_transport.cc:1079]             ipv4:145.136.62.45:53932: Received a GOAWAY with error code ENHANCE_YOUR_CALM and debug data equal to "too_many_pings". Current keepalive time (before throttling): ∞
INFO flwr 2023-08-16 11:54:52,332 | fed_df.py:540 | Distillation training stopped at step number : 250
INFO flwr 2023-08-16 11:54:52,333 | fed_df.py:547 | Average fusion training loss : 0.011921710229478777, val accuracy : 0.7547200000000001, best val accuracy : 0.7642
INFO flwr 2023-08-16 11:54:52,334 | common.py:35 | Avg. local train loss : 4.47537467777729, train acc : 0.8385805555555557
INFO flwr 2023-08-16 11:54:55,124 | server.py:116 | fit progress: (30, 1.0000506561279296, {'server_test_acc': 0.7502}, 2797.1121274880134)
INFO flwr 2023-08-16 11:54:55,124 | server.py:163 | evaluate_round 30: no clients selected, cancel
INFO flwr 2023-08-16 11:54:55,124 | server.py:144 | FL finished in 2797.112518115202
INFO flwr 2023-08-16 11:54:55,125 | app.py:202 | app_fit: losses_distributed []
INFO flwr 2023-08-16 11:54:55,126 | app.py:203 | app_fit: metrics_distributed {}
INFO flwr 2023-08-16 11:54:55,126 | app.py:204 | app_fit: losses_centralized [(0, 2.319245477294922), (1, 1.516041766357422), (2, 1.3522385528564453), (3, 1.278587826538086), (4, 1.2308570098876954), (5, 1.081396484375), (6, 1.0723102233886719), (7, 1.0507315155029298), (8, 1.0342235931396484), (9, 1.0430590454101563), (10, 0.9957446472167969), (11, 1.0144292022705077), (12, 0.9577891479492188), (13, 0.9574532196044921), (14, 0.9512394409179687), (15, 0.9844665588378906), (16, 1.0084463592529296), (17, 0.9392873718261718), (18, 0.95586923828125), (19, 0.9233927154541015), (20, 0.9349817474365234), (21, 0.9444756713867187), (22, 0.9453654205322266), (23, 0.9310056060791015), (24, 0.926506103515625), (25, 0.995224789428711), (26, 0.952792398071289), (27, 0.8846884063720704), (28, 0.9363503051757812), (29, 0.9162384033203125), (30, 1.0000506561279296)]
INFO flwr 2023-08-16 11:54:55,126 | app.py:205 | app_fit: metrics_centralized {'server_test_acc': [(0, 0.0811), (1, 0.4581), (2, 0.5581), (3, 0.606), (4, 0.6278), (5, 0.6505), (6, 0.6699), (7, 0.678), (8, 0.686), (9, 0.6864), (10, 0.6931), (11, 0.6915), (12, 0.7043), (13, 0.7096), (14, 0.7084), (15, 0.714), (16, 0.704), (17, 0.7198), (18, 0.7145), (19, 0.7251), (20, 0.7307), (21, 0.7311), (22, 0.7245), (23, 0.7285), (24, 0.7196), (25, 0.7194), (26, 0.7265), (27, 0.7507), (28, 0.7414), (29, 0.7261), (30, 0.7502)]}
double free or corruption (fasttop)
srun: error: gcn45: task 0: Aborted
srun: Terminating StepId=3358519.1
-----EXPERIMENT ENDS-----
-----CLEANING UP DISK------
-----END-----

JOB STATISTICS
==============
Job ID: 3358519
Cluster: snellius
User/Group: sunnys/sunnys
State: COMPLETED (exit code 0)
Nodes: 1
Cores per node: 18
CPU Utilized: 02:00:47
CPU Efficiency: 13.51% of 14:54:00 core-walltime
Job Wall-clock time: 00:49:40
Memory Utilized: 62.78 GB
Memory Efficiency: 52.32% of 120.00 GB
