-----BEGIN-----
-----SETTINGS-----
TOTAL CROPS:50000
STRATEGY:feddf
MODEL_NAME:resnet8
NUM_CLIENTS:20
NUM_ROUNDS:30
FRACTION_FIT:0.4
FRACTION_EVALUATE:0.0
DATASET_NAME:cifar10
PARTITION_ALPHA:0.1
PARTITION_VAL_RATIO:0.1
BATCH_SIZE:512
LOCAL_EPOCHS:40
LOCAL_LR:0.01
DISTILL_BATCH_SIZE:512
SERVER_LR:0.005
SERVER_STEPS:500
SERVER_EARLY_STEPS:1000
USE_EARLY_STOPPING:False
USE_ADAPTIVE_LR:False
USE_ADAPTIVE_LR_ROUND:False
SEED:84
CUDA_DETERMINISTIC:False
USE_CROPS:True
IMG_NAME:ameyoko.jpg
DISTILL_DATASET:pathmnist
DISTILL_ALPHA:1.0
NUM_DISTILL_IMAGES:5000
DISTILL_TRANSFORMS:v0
WARM_START:True
WARM_START_ROUNDS:1
WARM_START_INTERVAL:2
KMEANS_N_CLUSTER:1000
KMEANS_HEURISTICS:hard
KMEANS_MIXED_FACTOR:50-50
KMEANS_BALANCING:1.0
CONFIDENCE_THRESHOLD:0.9
CONFIDENCE_STRATEGY:top
CONFIDENCE_ADAPTIVE:False
CONFIDENCE_MAX_THRESH:0.5
CLIPPING_FACTOR:2.5
FEDPROX_FACTOR:2.0
FEDPROX_ADAPTIVE:False
USE_CLIPPING:True
USE_ENTROPY:True
USE_KMEANS:True
USE_FEDPROX:False
-----SETTINGS END-----
-----EXPERIMENT BEGINS-----
---------
Generating crops for FedDF
Namespace(img_size=32, batch_size=32, num_imgs=50000, threads=18, vflip=False, deg=30, shear=30, cropfirst=True, initcrop=0.5, scale=[500, 1], randinterp=False, debug=False, imgpath='./static/single_images/ameyoko.jpg', targetpath='/scratch-local/sunnys.3431061/1692581911_046769921', seed=84, img_per_thread=2777)
will save 50000 patches in /scratch-local/sunnys.3431061/1692581911_046769921/single_img_crops/crops
50000 took 0.39min with 18 threads
---------
Simulating feddf training
INFO simulate 2023-08-21 03:39:10,673 | simulate.py:50 | Python script started : simulate.py
DEBUG simulate 2023-08-21 03:39:10,673 | simulate.py:55 | Reading args from argument parser
Downloading https://www.cs.toronto.edu/~kriz/cifar-10-python.tar.gz to /scratch-local/sunnys.3431061/1692581911_046769921/cifar-10-python.tar.gz
Extracting /scratch-local/sunnys.3431061/1692581911_046769921/cifar-10-python.tar.gz to /scratch-local/sunnys.3431061/1692581911_046769921
Generating unified cifar10 dataset
Class histogram for 0-th partition (alpha=0.1, 10 classes): [ 981 1228    0  289    0    0    1    1    0    0]
INFO flwr 2023-08-21 03:39:48,894 | app.py:145 | Starting Flower simulation, config: ServerConfig(num_rounds=30, round_timeout=None)
2023-08-21 03:39:51,617	INFO worker.py:1529 -- Started a local Ray instance. View the dashboard at [1m[32m127.0.0.1:8265 [39m[22m
INFO flwr 2023-08-21 03:39:52,611 | app.py:179 | Flower VCE: Ray initialized with resources: {'GPU': 1.0, 'node:145.136.62.32': 1.0, 'accelerator_type:A100': 1.0, 'CPU': 18.0, 'memory': 103079215104.0, 'object_store_memory': 61847529062.0}
INFO flwr 2023-08-21 03:39:52,611 | server.py:86 | Initializing global parameters
INFO flwr 2023-08-21 03:39:52,612 | server.py:266 | Using initial parameters provided by strategy
INFO flwr 2023-08-21 03:39:52,612 | server.py:88 | Evaluating initial parameters
INFO flwr 2023-08-21 03:40:02,980 | server.py:91 | initial parameters (loss, other metrics): 2.319245477294922, {'server_test_acc': 0.0811}
INFO flwr 2023-08-21 03:40:02,980 | server.py:101 | FL starting
DEBUG flwr 2023-08-21 03:40:09,283 | server.py:215 | fit_round 1: strategy sampled 8 clients (out of 20)
[2m[36m(launch_and_fit pid=1772432)[0m malloc_consolidate(): invalid chunk size
DEBUG flwr 2023-08-21 03:41:32,842 | server.py:229 | fit_round 1 received 8 results and 0 failures
INFO flwr 2023-08-21 03:41:32,948 | fed_df.py:365 | Warm start at round 1
INFO flwr 2023-08-21 03:41:33,037 | fed_df.py:463 | Performing server side distillation training...
[2m[36m(launch_and_fit pid=1772427)[0m Fitting Client 4
[2m[36m(launch_and_fit pid=1772426)[0m Fitting Client 10
[2m[36m(launch_and_fit pid=1772432)[0m Fitting Client 19
[2m[36m(launch_and_fit pid=1772428)[0m Fitting Client 2
[2m[36m(launch_and_fit pid=1772430)[0m Fitting Client 18
[2m[36m(launch_and_fit pid=1772429)[0m Fitting Client 11
[2m[36m(launch_and_fit pid=1772425)[0m Fitting Client 8
[2m[36m(launch_and_fit pid=1772431)[0m Fitting Client 5
[2m[36m(launch_and_fit pid=1772428)[0m double free or corruption (fasttop)
E0821 03:41:33.686994145 1769452 chttp2_transport.cc:1079]             ipv4:145.136.62.32:61837: Received a GOAWAY with error code ENHANCE_YOUR_CALM and debug data equal to "too_many_pings". Current keepalive time (before throttling): 60000ms
E0821 03:41:33.689903807 1769452 chttp2_transport.cc:1079]             ipv4:145.136.62.32:61837: Received a GOAWAY with error code ENHANCE_YOUR_CALM and debug data equal to "too_many_pings". Current keepalive time (before throttling): 60000ms
[2m[36m(launch_and_fit pid=1772430)[0m malloc_consolidate(): invalid chunk size
[2m[36m(launch_and_fit pid=1772429)[0m double free or corruption (fasttop)
[2m[36m(launch_and_fit pid=1772426)[0m malloc_consolidate(): invalid chunk size
[2m[36m(launch_and_fit pid=1772425)[0m double free or corruption (fasttop)
[2m[36m(launch_and_fit pid=1772431)[0m malloc_consolidate(): invalid chunk size
[2m[36m(launch_and_fit pid=1772427)[0m malloc_consolidate(): invalid chunk size
E0821 03:41:35.014434764 1932074 chttp2_transport.cc:1079]             ipv4:145.136.62.32:61837: Received a GOAWAY with error code ENHANCE_YOUR_CALM and debug data equal to "too_many_pings". Current keepalive time (before throttling): 120000ms
INFO flwr 2023-08-21 03:43:03,394 | fed_df.py:540 | Distillation training stopped at step number : 500
INFO flwr 2023-08-21 03:43:03,394 | fed_df.py:547 | Average fusion training loss : 0.009012255964567884, val accuracy : 0.28506, best val accuracy : 0.2984
INFO flwr 2023-08-21 03:43:03,395 | common.py:35 | Avg. local train loss : 4.47304737623781, train acc : 0.8078527777777779
INFO flwr 2023-08-21 03:43:05,989 | server.py:116 | fit progress: (1, 2.22409892578125, {'server_test_acc': 0.2936}, 183.00893741613254)
INFO flwr 2023-08-21 03:43:05,990 | server.py:163 | evaluate_round 1: no clients selected, cancel
DEBUG flwr 2023-08-21 03:43:11,934 | server.py:215 | fit_round 2: strategy sampled 8 clients (out of 20)
[2m[36m(launch_and_fit pid=2101651)[0m malloc_consolidate(): invalid chunk size
[2m[36m(launch_and_fit pid=2101649)[0m malloc_consolidate(): invalid chunk size
DEBUG flwr 2023-08-21 03:44:32,167 | server.py:229 | fit_round 2 received 8 results and 0 failures
[2m[36m(launch_and_fit pid=2101634)[0m double free or corruption (fasttop)
INFO flwr 2023-08-21 03:44:32,273 | fed_df.py:365 | Warm start at round 2
[2m[36m(launch_and_fit pid=2101647)[0m malloc_consolidate(): invalid chunk size
INFO flwr 2023-08-21 03:44:32,372 | fed_df.py:463 | Performing server side distillation training...
[2m[36m(launch_and_fit pid=2101634)[0m Fitting Client 13
[2m[36m(launch_and_fit pid=2101636)[0m Fitting Client 15
[2m[36m(launch_and_fit pid=2101651)[0m Fitting Client 2
[2m[36m(launch_and_fit pid=2101650)[0m Fitting Client 7
[2m[36m(launch_and_fit pid=2101647)[0m Fitting Client 0
[2m[36m(launch_and_fit pid=2101649)[0m Fitting Client 3
[2m[36m(launch_and_fit pid=2101648)[0m Fitting Client 5
[2m[36m(launch_and_fit pid=2101638)[0m Fitting Client 16
[2m[36m(launch_and_fit pid=2101648)[0m double free or corruption (fasttop)
[2m[36m(launch_and_fit pid=2101638)[0m malloc_consolidate(): invalid chunk size
[2m[36m(launch_and_fit pid=2101636)[0m malloc_consolidate(): invalid chunk size
[2m[36m(launch_and_fit pid=2101650)[0m malloc_consolidate(): invalid chunk size
E0821 03:44:33.828198674 1935002 chttp2_transport.cc:1079]             ipv4:145.136.62.32:61837: Received a GOAWAY with error code ENHANCE_YOUR_CALM and debug data equal to "too_many_pings". Current keepalive time (before throttling): 240000ms
INFO flwr 2023-08-21 03:46:09,554 | fed_df.py:540 | Distillation training stopped at step number : 500
INFO flwr 2023-08-21 03:46:09,554 | fed_df.py:547 | Average fusion training loss : 0.008407968380954117, val accuracy : 0.31029999999999996, best val accuracy : 0.3386
INFO flwr 2023-08-21 03:46:09,555 | common.py:35 | Avg. local train loss : 3.639822853170335, train acc : 0.8997375000000001
INFO flwr 2023-08-21 03:46:12,273 | server.py:116 | fit progress: (2, 1.9253186401367188, {'server_test_acc': 0.323}, 369.29215516429394)
INFO flwr 2023-08-21 03:46:12,273 | server.py:163 | evaluate_round 2: no clients selected, cancel
DEBUG flwr 2023-08-21 03:46:18,303 | server.py:215 | fit_round 3: strategy sampled 8 clients (out of 20)
[2m[36m(launch_and_fit pid=2468040)[0m malloc_consolidate(): invalid chunk size
[2m[36m(launch_and_fit pid=2468041)[0m malloc_consolidate(): invalid chunk size
DEBUG flwr 2023-08-21 03:47:37,968 | server.py:229 | fit_round 3 received 8 results and 0 failures
INFO flwr 2023-08-21 03:47:38,115 | fed_df.py:463 | Performing server side distillation training...
[2m[36m(launch_and_fit pid=2468035)[0m Fitting Client 8
[2m[36m(launch_and_fit pid=2468109)[0m Fitting Client 18
[2m[36m(launch_and_fit pid=2468041)[0m Fitting Client 13
[2m[36m(launch_and_fit pid=2468037)[0m Fitting Client 19
[2m[36m(launch_and_fit pid=2468040)[0m Fitting Client 2
[2m[36m(launch_and_fit pid=2468039)[0m Fitting Client 4
[2m[36m(launch_and_fit pid=2468111)[0m Fitting Client 6
[2m[36m(launch_and_fit pid=2468110)[0m Fitting Client 10
[2m[36m(launch_and_fit pid=2468111)[0m double free or corruption (fasttop)
E0821 03:47:38.841332981 2272293 chttp2_transport.cc:1079]             ipv4:145.136.62.32:61837: Received a GOAWAY with error code ENHANCE_YOUR_CALM and debug data equal to "too_many_pings". Current keepalive time (before throttling): 480000ms
[2m[36m(launch_and_fit pid=2468035)[0m corrupted size vs. prev_size in fastbins
[2m[36m(launch_and_fit pid=2468039)[0m malloc_consolidate(): invalid chunk size
[2m[36m(launch_and_fit pid=2468110)[0m malloc_consolidate(): invalid chunk size
[2m[36m(launch_and_fit pid=2468037)[0m double free or corruption (fasttop)
[2m[36m(launch_and_fit pid=2468109)[0m malloc_consolidate(): invalid chunk size
E0821 03:47:40.411447910 2629910 chttp2_transport.cc:1079]             ipv4:145.136.62.32:61837: Received a GOAWAY with error code ENHANCE_YOUR_CALM and debug data equal to "too_many_pings". Current keepalive time (before throttling): 960000ms
INFO flwr 2023-08-21 03:49:14,492 | fed_df.py:540 | Distillation training stopped at step number : 500
INFO flwr 2023-08-21 03:49:14,493 | fed_df.py:547 | Average fusion training loss : 0.00901422700798139, val accuracy : 0.30244000000000004, best val accuracy : 0.3344
INFO flwr 2023-08-21 03:49:14,494 | common.py:35 | Avg. local train loss : 3.8174721593037253, train acc : 0.8777569444444445
INFO flwr 2023-08-21 03:49:17,228 | server.py:116 | fit progress: (3, 2.0067706726074217, {'server_test_acc': 0.3306}, 554.2476527229883)
INFO flwr 2023-08-21 03:49:17,228 | server.py:163 | evaluate_round 3: no clients selected, cancel
DEBUG flwr 2023-08-21 03:49:23,245 | server.py:215 | fit_round 4: strategy sampled 8 clients (out of 20)
DEBUG flwr 2023-08-21 03:50:42,959 | server.py:229 | fit_round 4 received 8 results and 0 failures
INFO flwr 2023-08-21 03:50:43,065 | fed_df.py:365 | Warm start at round 4
INFO flwr 2023-08-21 03:50:43,162 | fed_df.py:463 | Performing server side distillation training...
[2m[36m(launch_and_fit pid=2803443)[0m Fitting Client 8
[2m[36m(launch_and_fit pid=2803442)[0m Fitting Client 12
[2m[36m(launch_and_fit pid=2803445)[0m Fitting Client 11
[2m[36m(launch_and_fit pid=2803515)[0m Fitting Client 1
[2m[36m(launch_and_fit pid=2803588)[0m Fitting Client 0
[2m[36m(launch_and_fit pid=2803516)[0m Fitting Client 17
[2m[36m(launch_and_fit pid=2803587)[0m Fitting Client 19
[2m[36m(launch_and_fit pid=2803514)[0m Fitting Client 18
[2m[36m(launch_and_fit pid=2803442)[0m malloc_consolidate(): invalid chunk size
[2m[36m(launch_and_fit pid=2803443)[0m double free or corruption (fasttop)
[2m[36m(launch_and_fit pid=2803515)[0m malloc_consolidate(): invalid chunk size
[2m[36m(launch_and_fit pid=2803445)[0m malloc_consolidate(): invalid chunk size
[2m[36m(launch_and_fit pid=2803588)[0m malloc_consolidate(): invalid chunk size
[2m[36m(launch_and_fit pid=2803514)[0m malloc_consolidate(): invalid chunk size
[2m[36m(launch_and_fit pid=2803587)[0m malloc_consolidate(): invalid chunk size
[2m[36m(launch_and_fit pid=2803516)[0m double free or corruption (fasttop)
INFO flwr 2023-08-21 03:52:24,420 | fed_df.py:540 | Distillation training stopped at step number : 500
INFO flwr 2023-08-21 03:52:24,420 | fed_df.py:547 | Average fusion training loss : 0.008442719117272646, val accuracy : 0.36094, best val accuracy : 0.3888
INFO flwr 2023-08-21 03:52:24,421 | common.py:35 | Avg. local train loss : 3.9080755453556772, train acc : 0.8702263888888888
INFO flwr 2023-08-21 03:52:27,149 | server.py:116 | fit progress: (4, 1.8008069274902343, {'server_test_acc': 0.3813}, 744.1682908013463)
INFO flwr 2023-08-21 03:52:27,149 | server.py:163 | evaluate_round 4: no clients selected, cancel
DEBUG flwr 2023-08-21 03:52:33,244 | server.py:215 | fit_round 5: strategy sampled 8 clients (out of 20)
[2m[36m(launch_and_fit pid=3143484)[0m corrupted size vs. prev_size in fastbins
[2m[36m(launch_and_fit pid=3143483)[0m malloc_consolidate(): invalid chunk size
DEBUG flwr 2023-08-21 03:53:52,991 | server.py:229 | fit_round 5 received 8 results and 0 failures
INFO flwr 2023-08-21 03:53:53,146 | fed_df.py:463 | Performing server side distillation training...
[2m[36m(launch_and_fit pid=3143484)[0m Fitting Client 19
[2m[36m(launch_and_fit pid=3143489)[0m Fitting Client 18
[2m[36m(launch_and_fit pid=3143486)[0m Fitting Client 11
[2m[36m(launch_and_fit pid=3143487)[0m Fitting Client 16
[2m[36m(launch_and_fit pid=3143419)[0m Fitting Client 9
[2m[36m(launch_and_fit pid=3143485)[0m Fitting Client 17
[2m[36m(launch_and_fit pid=3143483)[0m Fitting Client 2
[2m[36m(launch_and_fit pid=3143488)[0m Fitting Client 3
[2m[36m(launch_and_fit pid=3143489)[0m malloc_consolidate(): invalid chunk size
[2m[36m(launch_and_fit pid=3143485)[0m double free or corruption (fasttop)
[2m[36m(launch_and_fit pid=3143488)[0m double free or corruption (fasttop)
[2m[36m(launch_and_fit pid=3143486)[0m malloc_consolidate(): invalid chunk size
[2m[36m(launch_and_fit pid=3143419)[0m malloc_consolidate(): invalid chunk size
[2m[36m(launch_and_fit pid=3143487)[0m corrupted size vs. prev_size in fastbins
E0821 03:53:56.017456906 2633260 chttp2_transport.cc:1079]             ipv4:145.136.62.32:61837: Received a GOAWAY with error code ENHANCE_YOUR_CALM and debug data equal to "too_many_pings". Current keepalive time (before throttling): 1920000ms
INFO flwr 2023-08-21 03:55:28,418 | fed_df.py:540 | Distillation training stopped at step number : 500
INFO flwr 2023-08-21 03:55:28,418 | fed_df.py:547 | Average fusion training loss : 0.006116191177628934, val accuracy : 0.35752, best val accuracy : 0.3724
INFO flwr 2023-08-21 03:55:28,419 | common.py:35 | Avg. local train loss : 3.5784523922950036, train acc : 0.9013305555555555
INFO flwr 2023-08-21 03:55:31,120 | server.py:116 | fit progress: (5, 1.8719347045898438, {'server_test_acc': 0.3639}, 928.1401042994112)
INFO flwr 2023-08-21 03:55:31,121 | server.py:163 | evaluate_round 5: no clients selected, cancel
DEBUG flwr 2023-08-21 03:55:37,259 | server.py:215 | fit_round 6: strategy sampled 8 clients (out of 20)
[2m[36m(launch_and_fit pid=3479548)[0m malloc_consolidate(): invalid chunk size
DEBUG flwr 2023-08-21 03:56:57,391 | server.py:229 | fit_round 6 received 8 results and 0 failures
INFO flwr 2023-08-21 03:56:57,498 | fed_df.py:365 | Warm start at round 6
INFO flwr 2023-08-21 03:56:57,586 | fed_df.py:463 | Performing server side distillation training...
[2m[36m(launch_and_fit pid=3479549)[0m Fitting Client 8
[2m[36m(launch_and_fit pid=3479550)[0m Fitting Client 17
[2m[36m(launch_and_fit pid=3479548)[0m Fitting Client 18
[2m[36m(launch_and_fit pid=3479547)[0m Fitting Client 12
[2m[36m(launch_and_fit pid=3479619)[0m Fitting Client 15
[2m[36m(launch_and_fit pid=3479621)[0m Fitting Client 4
[2m[36m(launch_and_fit pid=3479618)[0m Fitting Client 10
[2m[36m(launch_and_fit pid=3479620)[0m Fitting Client 7
[2m[36m(launch_and_fit pid=3479550)[0m double free or corruption (fasttop)
[2m[36m(launch_and_fit pid=3479550)[0m malloc_consolidate(): invalid chunk size
[2m[36m(launch_and_fit pid=3479549)[0m malloc_consolidate(): invalid chunk size
[2m[36m(launch_and_fit pid=3479619)[0m malloc_consolidate(): invalid chunk size
[2m[36m(launch_and_fit pid=3479547)[0m double free or corruption (fasttop)
[2m[36m(launch_and_fit pid=3479618)[0m double free or corruption (fasttop)
[2m[36m(launch_and_fit pid=3479620)[0m double free or corruption (fasttop)
[2m[36m(launch_and_fit pid=3479621)[0m double free or corruption (fasttop)
E0821 03:56:59.987115603 3645093 chttp2_transport.cc:1079]             ipv4:145.136.62.32:61837: Received a GOAWAY with error code ENHANCE_YOUR_CALM and debug data equal to "too_many_pings". Current keepalive time (before throttling): 3840000ms
INFO flwr 2023-08-21 03:58:34,786 | fed_df.py:540 | Distillation training stopped at step number : 500
INFO flwr 2023-08-21 03:58:34,787 | fed_df.py:547 | Average fusion training loss : 0.010755204135784879, val accuracy : 0.38121999999999995, best val accuracy : 0.4032
INFO flwr 2023-08-21 03:58:34,789 | common.py:35 | Avg. local train loss : 3.4962140347808597, train acc : 0.9111208333333333
INFO flwr 2023-08-21 03:58:37,506 | server.py:116 | fit progress: (6, 1.8383044372558595, {'server_test_acc': 0.4011}, 1114.5252929073758)
INFO flwr 2023-08-21 03:58:37,506 | server.py:163 | evaluate_round 6: no clients selected, cancel
DEBUG flwr 2023-08-21 03:58:43,556 | server.py:215 | fit_round 7: strategy sampled 8 clients (out of 20)
[2m[36m(launch_and_fit pid=3816972)[0m malloc_consolidate(): invalid chunk size
DEBUG flwr 2023-08-21 04:00:03,002 | server.py:229 | fit_round 7 received 8 results and 0 failures
INFO flwr 2023-08-21 04:00:03,141 | fed_df.py:463 | Performing server side distillation training...
[2m[36m(launch_and_fit pid=3816972)[0m Fitting Client 0
[2m[36m(launch_and_fit pid=3816975)[0m Fitting Client 12
[2m[36m(launch_and_fit pid=3816974)[0m Fitting Client 8
[2m[36m(launch_and_fit pid=3817043)[0m Fitting Client 2
[2m[36m(launch_and_fit pid=3817046)[0m Fitting Client 3
[2m[36m(launch_and_fit pid=3817045)[0m Fitting Client 4
[2m[36m(launch_and_fit pid=3817044)[0m Fitting Client 15
[2m[36m(launch_and_fit pid=3816973)[0m Fitting Client 19
[2m[36m(launch_and_fit pid=3816975)[0m malloc_consolidate(): invalid chunk size
[2m[36m(launch_and_fit pid=3816974)[0m double free or corruption (fasttop)
[2m[36m(launch_and_fit pid=3817044)[0m double free or corruption (fasttop)
[2m[36m(launch_and_fit pid=3817043)[0m double free or corruption (fasttop)
[2m[36m(launch_and_fit pid=3817045)[0m corrupted size vs. prev_size in fastbins
[2m[36m(launch_and_fit pid=3817046)[0m malloc_consolidate(): invalid chunk size
[2m[36m(launch_and_fit pid=3816973)[0m corrupted size vs. prev_size in fastbins
E0821 04:00:05.803068103 3646052 chttp2_transport.cc:1079]             ipv4:145.136.62.32:61837: Received a GOAWAY with error code ENHANCE_YOUR_CALM and debug data equal to "too_many_pings". Current keepalive time (before throttling): 7680000ms
INFO flwr 2023-08-21 04:01:39,966 | fed_df.py:540 | Distillation training stopped at step number : 500
INFO flwr 2023-08-21 04:01:39,966 | fed_df.py:547 | Average fusion training loss : 0.0045113759499508885, val accuracy : 0.37066, best val accuracy : 0.3964
INFO flwr 2023-08-21 04:01:39,967 | common.py:35 | Avg. local train loss : 3.4047460285946727, train acc : 0.9213305555555555
INFO flwr 2023-08-21 04:01:42,662 | server.py:116 | fit progress: (7, 1.8686339233398437, {'server_test_acc': 0.3863}, 1299.681635571178)
INFO flwr 2023-08-21 04:01:42,662 | server.py:163 | evaluate_round 7: no clients selected, cancel
DEBUG flwr 2023-08-21 04:01:48,700 | server.py:215 | fit_round 8: strategy sampled 8 clients (out of 20)
[2m[36m(launch_and_fit pid=4182113)[0m double free or corruption (fasttop)
[2m[36m(launch_and_fit pid=4182039)[0m double free or corruption (fasttop)
[2m[36m(launch_and_fit pid=4182110)[0m double free or corruption (fasttop)
DEBUG flwr 2023-08-21 04:03:08,718 | server.py:229 | fit_round 8 received 8 results and 0 failures
INFO flwr 2023-08-21 04:03:08,825 | fed_df.py:365 | Warm start at round 8
INFO flwr 2023-08-21 04:03:08,913 | fed_df.py:463 | Performing server side distillation training...
[2m[36m(launch_and_fit pid=4182112)[0m Fitting Client 19
[2m[36m(launch_and_fit pid=4182113)[0m Fitting Client 4
[2m[36m(launch_and_fit pid=4182040)[0m Fitting Client 5
[2m[36m(launch_and_fit pid=4182110)[0m Fitting Client 13
[2m[36m(launch_and_fit pid=4182042)[0m Fitting Client 15
[2m[36m(launch_and_fit pid=4182111)[0m Fitting Client 9
[2m[36m(launch_and_fit pid=4182041)[0m Fitting Client 7
[2m[36m(launch_and_fit pid=4182039)[0m Fitting Client 14
[2m[36m(launch_and_fit pid=4182040)[0m corrupted size vs. prev_size in fastbins
[2m[36m(launch_and_fit pid=4182111)[0m malloc_consolidate(): invalid chunk size
[2m[36m(launch_and_fit pid=4182041)[0m malloc_consolidate(): invalid chunk size
[2m[36m(launch_and_fit pid=4182112)[0m malloc_consolidate(): invalid chunk size
E0821 04:03:10.408504766 3990986 chttp2_transport.cc:1079]             ipv4:145.136.62.32:61837: Received a GOAWAY with error code ENHANCE_YOUR_CALM and debug data equal to "too_many_pings". Current keepalive time (before throttling): 15360000ms
[2m[36m(launch_and_fit pid=4182042)[0m malloc_consolidate(): invalid chunk size
INFO flwr 2023-08-21 04:04:44,886 | fed_df.py:540 | Distillation training stopped at step number : 500
INFO flwr 2023-08-21 04:04:44,887 | fed_df.py:547 | Average fusion training loss : 0.014557752427645027, val accuracy : 0.33537999999999996, best val accuracy : 0.363
INFO flwr 2023-08-21 04:04:44,888 | common.py:35 | Avg. local train loss : 3.338459464162588, train acc : 0.9290291666666667
INFO flwr 2023-08-21 04:04:47,625 | server.py:116 | fit progress: (8, 2.0702019958496094, {'server_test_acc': 0.356}, 1484.6441277312115)
INFO flwr 2023-08-21 04:04:47,625 | server.py:163 | evaluate_round 8: no clients selected, cancel
DEBUG flwr 2023-08-21 04:04:53,706 | server.py:215 | fit_round 9: strategy sampled 8 clients (out of 20)
[2m[36m(launch_and_fit pid=322052)[0m double free or corruption (fasttop)
[2m[36m(launch_and_fit pid=321907)[0m malloc_consolidate(): invalid chunk size
[2m[36m(launch_and_fit pid=322049)[0m double free or corruption (fasttop)
DEBUG flwr 2023-08-21 04:06:13,364 | server.py:229 | fit_round 9 received 8 results and 0 failures
INFO flwr 2023-08-21 04:06:13,503 | fed_df.py:463 | Performing server side distillation training...
[2m[36m(launch_and_fit pid=321907)[0m Fitting Client 2
[2m[36m(launch_and_fit pid=321910)[0m Fitting Client 3
[2m[36m(launch_and_fit pid=321979)[0m Fitting Client 18
[2m[36m(launch_and_fit pid=322048)[0m Fitting Client 5
[2m[36m(launch_and_fit pid=322052)[0m Fitting Client 16
[2m[36m(launch_and_fit pid=322081)[0m Fitting Client 13
[2m[36m(launch_and_fit pid=322049)[0m Fitting Client 19
[2m[36m(launch_and_fit pid=322050)[0m Fitting Client 4
[2m[36m(launch_and_fit pid=321979)[0m malloc_consolidate(): invalid chunk size
[2m[36m(launch_and_fit pid=322081)[0m malloc_consolidate(): invalid chunk size
[2m[36m(launch_and_fit pid=322048)[0m malloc_consolidate(): invalid chunk size
[2m[36m(launch_and_fit pid=322050)[0m double free or corruption (!prev)
[2m[36m(launch_and_fit pid=321910)[0m malloc_consolidate(): invalid chunk size
INFO flwr 2023-08-21 04:07:50,128 | fed_df.py:540 | Distillation training stopped at step number : 500
INFO flwr 2023-08-21 04:07:50,128 | fed_df.py:547 | Average fusion training loss : 0.008407911012880505, val accuracy : 0.2189, best val accuracy : 0.2494
INFO flwr 2023-08-21 04:07:50,129 | common.py:35 | Avg. local train loss : 3.2752934684976935, train acc : 0.9351736111111112
INFO flwr 2023-08-21 04:07:52,871 | server.py:116 | fit progress: (9, 2.178878265380859, {'server_test_acc': 0.245}, 1669.8906196160242)
INFO flwr 2023-08-21 04:07:52,871 | server.py:163 | evaluate_round 9: no clients selected, cancel
DEBUG flwr 2023-08-21 04:07:58,999 | server.py:215 | fit_round 10: strategy sampled 8 clients (out of 20)
[2m[36m(launch_and_fit pid=658067)[0m corrupted size vs. prev_size in fastbins
DEBUG flwr 2023-08-21 04:09:18,518 | server.py:229 | fit_round 10 received 8 results and 0 failures
INFO flwr 2023-08-21 04:09:18,625 | fed_df.py:365 | Warm start at round 10
INFO flwr 2023-08-21 04:09:18,717 | fed_df.py:463 | Performing server side distillation training...
[2m[36m(launch_and_fit pid=658065)[0m double free or corruption (fasttop)
[2m[36m(launch_and_fit pid=658058)[0m Fitting Client 5
[2m[36m(launch_and_fit pid=658063)[0m Fitting Client 10
[2m[36m(launch_and_fit pid=658065)[0m Fitting Client 0
[2m[36m(launch_and_fit pid=658067)[0m Fitting Client 9
[2m[36m(launch_and_fit pid=658064)[0m Fitting Client 1
[2m[36m(launch_and_fit pid=658076)[0m Fitting Client 7
[2m[36m(launch_and_fit pid=658060)[0m Fitting Client 13
[2m[36m(launch_and_fit pid=658070)[0m Fitting Client 19
[2m[36m(launch_and_fit pid=658058)[0m malloc_consolidate(): invalid chunk size
[2m[36m(launch_and_fit pid=658076)[0m malloc_consolidate(): invalid chunk size
[2m[36m(launch_and_fit pid=658070)[0m malloc_consolidate(): invalid chunk size
[2m[36m(launch_and_fit pid=658063)[0m double free or corruption (fasttop)
[2m[36m(launch_and_fit pid=658064)[0m malloc_consolidate(): invalid chunk size
[2m[36m(launch_and_fit pid=658060)[0m malloc_consolidate(): invalid chunk size
E0821 04:09:21.432123079  484230 chttp2_transport.cc:1079]             ipv4:145.136.62.32:61837: Received a GOAWAY with error code ENHANCE_YOUR_CALM and debug data equal to "too_many_pings". Current keepalive time (before throttling): 30720000ms
E0821 04:10:16.127452951  818775 chttp2_transport.cc:1079]             ipv4:145.136.62.32:61837: Received a GOAWAY with error code ENHANCE_YOUR_CALM and debug data equal to "too_many_pings". Current keepalive time (before throttling): 61440000ms
INFO flwr 2023-08-21 04:10:55,834 | fed_df.py:540 | Distillation training stopped at step number : 500
INFO flwr 2023-08-21 04:10:55,834 | fed_df.py:547 | Average fusion training loss : 0.0036371747869998216, val accuracy : 0.35632, best val accuracy : 0.374
INFO flwr 2023-08-21 04:10:55,836 | common.py:35 | Avg. local train loss : 3.3442324919626123, train acc : 0.9293055555555557
INFO flwr 2023-08-21 04:10:58,537 | server.py:116 | fit progress: (10, 2.1422966796875, {'server_test_acc': 0.3795}, 1855.5561363282613)
INFO flwr 2023-08-21 04:10:58,537 | server.py:163 | evaluate_round 10: no clients selected, cancel
DEBUG flwr 2023-08-21 04:11:04,666 | server.py:215 | fit_round 11: strategy sampled 8 clients (out of 20)
[2m[36m(launch_and_fit pid=994675)[0m double free or corruption (fasttop)
[2m[36m(launch_and_fit pid=994672)[0m malloc_consolidate(): invalid chunk size
[2m[36m(launch_and_fit pid=994679)[0m double free or corruption (fasttop)
DEBUG flwr 2023-08-21 04:12:24,272 | server.py:229 | fit_round 11 received 8 results and 0 failures
INFO flwr 2023-08-21 04:12:24,409 | fed_df.py:463 | Performing server side distillation training...
[2m[36m(launch_and_fit pid=994675)[0m Fitting Client 3
[2m[36m(launch_and_fit pid=994680)[0m Fitting Client 0
[2m[36m(launch_and_fit pid=994678)[0m Fitting Client 5
[2m[36m(launch_and_fit pid=994672)[0m Fitting Client 13
[2m[36m(launch_and_fit pid=994679)[0m Fitting Client 14
[2m[36m(launch_and_fit pid=994677)[0m Fitting Client 16
[2m[36m(launch_and_fit pid=994674)[0m Fitting Client 11
[2m[36m(launch_and_fit pid=994676)[0m Fitting Client 6
[2m[36m(launch_and_fit pid=994678)[0m malloc_consolidate(): invalid chunk size
[2m[36m(launch_and_fit pid=994680)[0m malloc_consolidate(): invalid chunk size
[2m[36m(launch_and_fit pid=994677)[0m double free or corruption (fasttop)
E0821 04:12:25.702821860 1150235 chttp2_transport.cc:1079]             ipv4:145.136.62.32:61837: Received a GOAWAY with error code ENHANCE_YOUR_CALM and debug data equal to "too_many_pings". Current keepalive time (before throttling): 122880000ms
[2m[36m(launch_and_fit pid=994674)[0m malloc_consolidate(): invalid chunk size
[2m[36m(launch_and_fit pid=994676)[0m double free or corruption (fasttop)
INFO flwr 2023-08-21 04:14:01,643 | fed_df.py:540 | Distillation training stopped at step number : 500
INFO flwr 2023-08-21 04:14:01,644 | fed_df.py:547 | Average fusion training loss : 0.0019524448938900605, val accuracy : 0.39324, best val accuracy : 0.4092
INFO flwr 2023-08-21 04:14:01,645 | common.py:35 | Avg. local train loss : 3.354087502881885, train acc : 0.9323472222222223
INFO flwr 2023-08-21 04:14:04,377 | server.py:116 | fit progress: (11, 2.0214832275390626, {'server_test_acc': 0.409}, 2041.3962643239647)
INFO flwr 2023-08-21 04:14:04,377 | server.py:163 | evaluate_round 11: no clients selected, cancel
DEBUG flwr 2023-08-21 04:14:10,469 | server.py:215 | fit_round 12: strategy sampled 8 clients (out of 20)
DEBUG flwr 2023-08-21 04:15:29,745 | server.py:229 | fit_round 12 received 8 results and 0 failures
[2m[36m(launch_and_fit pid=1327107)[0m malloc_consolidate(): invalid chunk size
INFO flwr 2023-08-21 04:15:29,854 | fed_df.py:365 | Warm start at round 12
[2m[36m(launch_and_fit pid=1327110)[0m malloc_consolidate(): invalid chunk size
INFO flwr 2023-08-21 04:15:29,943 | fed_df.py:463 | Performing server side distillation training...
[2m[36m(launch_and_fit pid=1327107)[0m Fitting Client 17
[2m[36m(launch_and_fit pid=1327038)[0m Fitting Client 14
[2m[36m(launch_and_fit pid=1327106)[0m Fitting Client 0
[2m[36m(launch_and_fit pid=1327109)[0m Fitting Client 18
[2m[36m(launch_and_fit pid=1327108)[0m Fitting Client 3
[2m[36m(launch_and_fit pid=1327110)[0m Fitting Client 1
[2m[36m(launch_and_fit pid=1327111)[0m Fitting Client 5
[2m[36m(launch_and_fit pid=1327112)[0m Fitting Client 8
[2m[36m(launch_and_fit pid=1327112)[0m malloc_consolidate(): invalid chunk size
[2m[36m(launch_and_fit pid=1327106)[0m corrupted size vs. prev_size in fastbins
[2m[36m(launch_and_fit pid=1327109)[0m malloc_consolidate(): invalid chunk size
[2m[36m(launch_and_fit pid=1327038)[0m malloc_consolidate(): invalid chunk size
[2m[36m(launch_and_fit pid=1327108)[0m corrupted size vs. prev_size in fastbins
[2m[36m(launch_and_fit pid=1327111)[0m malloc_consolidate(): invalid chunk size
E0821 04:15:32.736401767 1484279 chttp2_transport.cc:1079]             ipv4:145.136.62.32:61837: Received a GOAWAY with error code ENHANCE_YOUR_CALM and debug data equal to "too_many_pings". Current keepalive time (before throttling): 245760000ms
INFO flwr 2023-08-21 04:17:07,995 | fed_df.py:540 | Distillation training stopped at step number : 500
INFO flwr 2023-08-21 04:17:07,996 | fed_df.py:547 | Average fusion training loss : 0.004099567881785333, val accuracy : 0.41932, best val accuracy : 0.4482
INFO flwr 2023-08-21 04:17:07,997 | common.py:35 | Avg. local train loss : 3.3962162839248777, train acc : 0.928573611111111
INFO flwr 2023-08-21 04:17:10,726 | server.py:116 | fit progress: (12, 2.06496689453125, {'server_test_acc': 0.4499}, 2227.745350555051)
INFO flwr 2023-08-21 04:17:10,726 | server.py:163 | evaluate_round 12: no clients selected, cancel
DEBUG flwr 2023-08-21 04:17:16,752 | server.py:215 | fit_round 13: strategy sampled 8 clients (out of 20)
[2m[36m(launch_and_fit pid=1688887)[0m malloc_consolidate(): invalid chunk size
DEBUG flwr 2023-08-21 04:18:35,638 | server.py:229 | fit_round 13 received 8 results and 0 failures
INFO flwr 2023-08-21 04:18:35,780 | fed_df.py:463 | Performing server side distillation training...
[2m[36m(launch_and_fit pid=1688892)[0m Fitting Client 0
[2m[36m(launch_and_fit pid=1688902)[0m Fitting Client 5
[2m[36m(launch_and_fit pid=1688891)[0m Fitting Client 7
[2m[36m(launch_and_fit pid=1688903)[0m Fitting Client 14
[2m[36m(launch_and_fit pid=1688901)[0m Fitting Client 18
[2m[36m(launch_and_fit pid=1688889)[0m Fitting Client 11
[2m[36m(launch_and_fit pid=1688887)[0m Fitting Client 19
[2m[36m(launch_and_fit pid=1688890)[0m Fitting Client 3
[2m[36m(launch_and_fit pid=1688901)[0m double free or corruption (fasttop)
[2m[36m(launch_and_fit pid=1688903)[0m double free or corruption (fasttop)
[2m[36m(launch_and_fit pid=1688902)[0m double free or corruption (fasttop)
[2m[36m(launch_and_fit pid=1688891)[0m malloc_consolidate(): invalid chunk size
[2m[36m(launch_and_fit pid=1688890)[0m malloc_consolidate(): invalid chunk size
[2m[36m(launch_and_fit pid=1688889)[0m malloc_consolidate(): invalid chunk size
[2m[36m(launch_and_fit pid=1688892)[0m malloc_consolidate(): invalid chunk size
E0821 04:18:40.598148629 1840383 chttp2_transport.cc:1079]             ipv4:145.136.62.32:61837: Received a GOAWAY with error code ENHANCE_YOUR_CALM and debug data equal to "too_many_pings". Current keepalive time (before throttling): 491520000ms
E0821 04:20:13.296744178 2012620 chttp2_transport.cc:1079]             ipv4:145.136.62.32:61837: Received a GOAWAY with error code ENHANCE_YOUR_CALM and debug data equal to "too_many_pings". Current keepalive time (before throttling): 983040000ms
INFO flwr 2023-08-21 04:20:15,007 | fed_df.py:540 | Distillation training stopped at step number : 500
INFO flwr 2023-08-21 04:20:15,008 | fed_df.py:547 | Average fusion training loss : 0.0011678928391775116, val accuracy : 0.3518, best val accuracy : 0.367
INFO flwr 2023-08-21 04:20:15,009 | common.py:35 | Avg. local train loss : 3.2596217086538677, train acc : 0.9428861111111111
INFO flwr 2023-08-21 04:20:17,755 | server.py:116 | fit progress: (13, 2.034207043457031, {'server_test_acc': 0.3699}, 2414.774853959214)
INFO flwr 2023-08-21 04:20:17,756 | server.py:163 | evaluate_round 13: no clients selected, cancel
DEBUG flwr 2023-08-21 04:20:23,895 | server.py:215 | fit_round 14: strategy sampled 8 clients (out of 20)
[2m[36m(launch_and_fit pid=2027818)[0m malloc_consolidate(): invalid chunk size
[2m[36m(launch_and_fit pid=2027819)[0m double free or corruption (fasttop)
DEBUG flwr 2023-08-21 04:21:43,162 | server.py:229 | fit_round 14 received 8 results and 0 failures
INFO flwr 2023-08-21 04:21:43,269 | fed_df.py:365 | Warm start at round 14
INFO flwr 2023-08-21 04:21:43,356 | fed_df.py:463 | Performing server side distillation training...
[2m[36m(launch_and_fit pid=2027820)[0m Fitting Client 8
[2m[36m(launch_and_fit pid=2027821)[0m Fitting Client 10
[2m[36m(launch_and_fit pid=2027817)[0m Fitting Client 9
[2m[36m(launch_and_fit pid=2027822)[0m Fitting Client 4
[2m[36m(launch_and_fit pid=2027823)[0m Fitting Client 18
[2m[36m(launch_and_fit pid=2027818)[0m Fitting Client 16
[2m[36m(launch_and_fit pid=2027819)[0m Fitting Client 3
[2m[36m(launch_and_fit pid=2027824)[0m Fitting Client 14
E0821 04:21:43.709939375 2015207 chttp2_transport.cc:1079]             ipv4:145.136.62.32:61837: Received a GOAWAY with error code ENHANCE_YOUR_CALM and debug data equal to "too_many_pings". Current keepalive time (before throttling): 1966080000ms
[2m[36m(launch_and_fit pid=2027821)[0m double free or corruption (fasttop)
[2m[36m(launch_and_fit pid=2027820)[0m malloc_consolidate(): invalid chunk size
[2m[36m(launch_and_fit pid=2027822)[0m double free or corruption (fasttop)
[2m[36m(launch_and_fit pid=2027824)[0m double free or corruption (fasttop)
[2m[36m(launch_and_fit pid=2027817)[0m double free or corruption (fasttop)
[2m[36m(launch_and_fit pid=2027823)[0m malloc_consolidate(): invalid chunk size
INFO flwr 2023-08-21 04:23:21,996 | fed_df.py:540 | Distillation training stopped at step number : 500
INFO flwr 2023-08-21 04:23:21,996 | fed_df.py:547 | Average fusion training loss : 0.006520738326944411, val accuracy : 0.44236000000000003, best val accuracy : 0.4856
INFO flwr 2023-08-21 04:23:21,997 | common.py:35 | Avg. local train loss : 3.417376119457185, train acc : 0.9301333333333333
INFO flwr 2023-08-21 04:23:24,748 | server.py:116 | fit progress: (14, 2.064794421386719, {'server_test_acc': 0.4794}, 2601.767703827005)
INFO flwr 2023-08-21 04:23:24,748 | server.py:163 | evaluate_round 14: no clients selected, cancel
DEBUG flwr 2023-08-21 04:23:30,830 | server.py:215 | fit_round 15: strategy sampled 8 clients (out of 20)
[2m[36m(launch_and_fit pid=2365303)[0m malloc_consolidate(): invalid chunk size
[2m[36m(launch_and_fit pid=2365228)[0m malloc_consolidate(): invalid chunk size
[2m[36m(launch_and_fit pid=2365299)[0m double free or corruption (fasttop)
[2m[36m(launch_and_fit pid=2365300)[0m malloc_consolidate(): invalid chunk size
DEBUG flwr 2023-08-21 04:24:50,055 | server.py:229 | fit_round 15 received 8 results and 0 failures
INFO flwr 2023-08-21 04:24:50,197 | fed_df.py:463 | Performing server side distillation training...
[2m[36m(launch_and_fit pid=2365228)[0m Fitting Client 8
[2m[36m(launch_and_fit pid=2365230)[0m Fitting Client 15
[2m[36m(launch_and_fit pid=2365231)[0m Fitting Client 5
[2m[36m(launch_and_fit pid=2365302)[0m Fitting Client 7
[2m[36m(launch_and_fit pid=2365299)[0m Fitting Client 1
[2m[36m(launch_and_fit pid=2365301)[0m Fitting Client 18
[2m[36m(launch_and_fit pid=2365300)[0m Fitting Client 12
[2m[36m(launch_and_fit pid=2365303)[0m Fitting Client 14
[2m[36m(launch_and_fit pid=2365230)[0m malloc_consolidate(): invalid chunk size
[2m[36m(launch_and_fit pid=2365231)[0m double free or corruption (fasttop)
E0821 04:24:51.034130066 2511507 chttp2_transport.cc:1079]             ipv4:145.136.62.32:61837: Received a GOAWAY with error code ENHANCE_YOUR_CALM and debug data equal to "too_many_pings". Current keepalive time (before throttling): ∞
[2m[36m(launch_and_fit pid=2365302)[0m double free or corruption (fasttop)
[2m[36m(launch_and_fit pid=2365301)[0m malloc_consolidate(): invalid chunk size
INFO flwr 2023-08-21 04:26:27,860 | fed_df.py:540 | Distillation training stopped at step number : 500
INFO flwr 2023-08-21 04:26:27,861 | fed_df.py:547 | Average fusion training loss : 0.0012208675796282478, val accuracy : 0.48241999999999996, best val accuracy : 0.5022
INFO flwr 2023-08-21 04:26:27,862 | common.py:35 | Avg. local train loss : 3.3165450878441334, train acc : 0.9391416666666668
INFO flwr 2023-08-21 04:26:30,607 | server.py:116 | fit progress: (15, 1.974674188232422, {'server_test_acc': 0.4892}, 2787.626762283966)
INFO flwr 2023-08-21 04:26:30,607 | server.py:163 | evaluate_round 15: no clients selected, cancel
DEBUG flwr 2023-08-21 04:26:36,797 | server.py:215 | fit_round 16: strategy sampled 8 clients (out of 20)
[2m[36m(launch_and_fit pid=2697395)[0m double free or corruption (fasttop)
DEBUG flwr 2023-08-21 04:27:56,032 | server.py:229 | fit_round 16 received 8 results and 0 failures
INFO flwr 2023-08-21 04:27:56,140 | fed_df.py:365 | Warm start at round 16
INFO flwr 2023-08-21 04:27:56,229 | fed_df.py:463 | Performing server side distillation training...
[2m[36m(launch_and_fit pid=2697391)[0m malloc_consolidate(): invalid chunk size
[2m[36m(launch_and_fit pid=2697389)[0m Fitting Client 10
[2m[36m(launch_and_fit pid=2697395)[0m Fitting Client 15
[2m[36m(launch_and_fit pid=2697396)[0m Fitting Client 7
[2m[36m(launch_and_fit pid=2697387)[0m Fitting Client 11
[2m[36m(launch_and_fit pid=2697394)[0m Fitting Client 9
[2m[36m(launch_and_fit pid=2697391)[0m Fitting Client 17
[2m[36m(launch_and_fit pid=2697392)[0m Fitting Client 12
[2m[36m(launch_and_fit pid=2697393)[0m Fitting Client 18
[2m[36m(launch_and_fit pid=2697389)[0m double free or corruption (fasttop)
[2m[36m(launch_and_fit pid=2697389)[0m malloc_consolidate(): invalid chunk size
[2m[36m(launch_and_fit pid=2697396)[0m malloc_consolidate(): invalid chunk size
[2m[36m(launch_and_fit pid=2697387)[0m double free or corruption (fasttop)
[2m[36m(launch_and_fit pid=2697393)[0m corrupted size vs. prev_size in fastbins
[2m[36m(launch_and_fit pid=2697392)[0m malloc_consolidate(): invalid chunk size
[2m[36m(launch_and_fit pid=2697394)[0m double free or corruption (fasttop)
E0821 04:27:59.016638961 2841673 chttp2_transport.cc:1079]             ipv4:145.136.62.32:61837: Received a GOAWAY with error code ENHANCE_YOUR_CALM and debug data equal to "too_many_pings". Current keepalive time (before throttling): ∞
INFO flwr 2023-08-21 04:29:34,738 | fed_df.py:540 | Distillation training stopped at step number : 500
INFO flwr 2023-08-21 04:29:34,738 | fed_df.py:547 | Average fusion training loss : 0.011153322546510027, val accuracy : 0.32358, best val accuracy : 0.4088
INFO flwr 2023-08-21 04:29:34,739 | common.py:35 | Avg. local train loss : 3.297528514266014, train acc : 0.9431180555555555
INFO flwr 2023-08-21 04:29:37,479 | server.py:116 | fit progress: (16, 2.0982755493164063, {'server_test_acc': 0.3925}, 2974.4986754152924)
INFO flwr 2023-08-21 04:29:37,479 | server.py:163 | evaluate_round 16: no clients selected, cancel
DEBUG flwr 2023-08-21 04:29:43,576 | server.py:215 | fit_round 17: strategy sampled 8 clients (out of 20)
[2m[36m(launch_and_fit pid=3033088)[0m malloc_consolidate(): invalid chunk size
[2m[36m(launch_and_fit pid=3033231)[0m malloc_consolidate(): invalid chunk size
[2m[36m(launch_and_fit pid=3033160)[0m malloc_consolidate(): invalid chunk size
DEBUG flwr 2023-08-21 04:31:02,824 | server.py:229 | fit_round 17 received 8 results and 0 failures
INFO flwr 2023-08-21 04:31:02,980 | fed_df.py:463 | Performing server side distillation training...
[2m[36m(launch_and_fit pid=3033088)[0m Fitting Client 9
[2m[36m(launch_and_fit pid=3033158)[0m Fitting Client 15
[2m[36m(launch_and_fit pid=3033159)[0m Fitting Client 1
[2m[36m(launch_and_fit pid=3033228)[0m Fitting Client 17
[2m[36m(launch_and_fit pid=3033231)[0m Fitting Client 11
[2m[36m(launch_and_fit pid=3033229)[0m Fitting Client 14
[2m[36m(launch_and_fit pid=3033160)[0m Fitting Client 0
[2m[36m(launch_and_fit pid=3033230)[0m Fitting Client 16
[2m[36m(launch_and_fit pid=3033228)[0m malloc_consolidate(): invalid chunk size
[2m[36m(launch_and_fit pid=3033158)[0m malloc_consolidate(): invalid chunk size
E0821 04:31:04.423768119 3186467 chttp2_transport.cc:1079]             ipv4:145.136.62.32:61837: Received a GOAWAY with error code ENHANCE_YOUR_CALM and debug data equal to "too_many_pings". Current keepalive time (before throttling): ∞
[2m[36m(launch_and_fit pid=3033230)[0m malloc_consolidate(): invalid chunk size
[2m[36m(launch_and_fit pid=3033229)[0m malloc_consolidate(): invalid chunk size
[2m[36m(launch_and_fit pid=3033159)[0m malloc_consolidate(): invalid chunk size
INFO flwr 2023-08-21 04:32:42,047 | fed_df.py:540 | Distillation training stopped at step number : 500
INFO flwr 2023-08-21 04:32:42,048 | fed_df.py:547 | Average fusion training loss : 0.0019833045905688776, val accuracy : 0.3981, best val accuracy : 0.4144
INFO flwr 2023-08-21 04:32:42,049 | common.py:35 | Avg. local train loss : 3.2531911673024294, train acc : 0.9460013888888889
INFO flwr 2023-08-21 04:32:44,791 | server.py:116 | fit progress: (17, 2.0010585205078124, {'server_test_acc': 0.4094}, 3161.810892925132)
INFO flwr 2023-08-21 04:32:44,792 | server.py:163 | evaluate_round 17: no clients selected, cancel
DEBUG flwr 2023-08-21 04:32:50,944 | server.py:215 | fit_round 18: strategy sampled 8 clients (out of 20)
[2m[36m(launch_and_fit pid=3397665)[0m malloc_consolidate(): invalid chunk size
DEBUG flwr 2023-08-21 04:34:10,294 | server.py:229 | fit_round 18 received 8 results and 0 failures
INFO flwr 2023-08-21 04:34:10,403 | fed_df.py:365 | Warm start at round 18
INFO flwr 2023-08-21 04:34:10,491 | fed_df.py:463 | Performing server side distillation training...
[2m[36m(launch_and_fit pid=3397590)[0m Fitting Client 12
[2m[36m(launch_and_fit pid=3397659)[0m Fitting Client 3
[2m[36m(launch_and_fit pid=3397661)[0m Fitting Client 10
[2m[36m(launch_and_fit pid=3397663)[0m Fitting Client 16
[2m[36m(launch_and_fit pid=3397666)[0m Fitting Client 19
[2m[36m(launch_and_fit pid=3397665)[0m Fitting Client 2
[2m[36m(launch_and_fit pid=3397664)[0m Fitting Client 14
[2m[36m(launch_and_fit pid=3397667)[0m Fitting Client 7
[2m[36m(launch_and_fit pid=3397661)[0m double free or corruption (fasttop)
[2m[36m(launch_and_fit pid=3397667)[0m malloc_consolidate(): invalid chunk size
[2m[36m(launch_and_fit pid=3397663)[0m double free or corruption (fasttop)
[2m[36m(launch_and_fit pid=3397659)[0m malloc_consolidate(): invalid chunk size
[2m[36m(launch_and_fit pid=3397666)[0m malloc_consolidate(): invalid chunk size
[2m[36m(launch_and_fit pid=3397664)[0m malloc_consolidate(): invalid chunk size
[2m[36m(launch_and_fit pid=3397590)[0m malloc_consolidate(): invalid chunk size
INFO flwr 2023-08-21 04:35:50,086 | fed_df.py:540 | Distillation training stopped at step number : 500
INFO flwr 2023-08-21 04:35:50,087 | fed_df.py:547 | Average fusion training loss : 0.004956073019420728, val accuracy : 0.3826, best val accuracy : 0.4072
INFO flwr 2023-08-21 04:35:50,088 | common.py:35 | Avg. local train loss : 3.2442287471145392, train acc : 0.9448236111111111
INFO flwr 2023-08-21 04:35:52,825 | server.py:116 | fit progress: (18, 2.069281610107422, {'server_test_acc': 0.4099}, 3349.844810354989)
INFO flwr 2023-08-21 04:35:52,825 | server.py:163 | evaluate_round 18: no clients selected, cancel
DEBUG flwr 2023-08-21 04:35:58,914 | server.py:215 | fit_round 19: strategy sampled 8 clients (out of 20)
DEBUG flwr 2023-08-21 04:37:17,973 | server.py:229 | fit_round 19 received 8 results and 0 failures
INFO flwr 2023-08-21 04:37:18,115 | fed_df.py:463 | Performing server side distillation training...
[2m[36m(launch_and_fit pid=3731848)[0m Fitting Client 17
[2m[36m(launch_and_fit pid=3731920)[0m Fitting Client 6
[2m[36m(launch_and_fit pid=3731923)[0m Fitting Client 8
[2m[36m(launch_and_fit pid=3731922)[0m Fitting Client 10
[2m[36m(launch_and_fit pid=3731921)[0m Fitting Client 14
[2m[36m(launch_and_fit pid=3731917)[0m Fitting Client 1
[2m[36m(launch_and_fit pid=3731916)[0m Fitting Client 16
[2m[36m(launch_and_fit pid=3731919)[0m Fitting Client 11
[2m[36m(launch_and_fit pid=3731848)[0m malloc_consolidate(): invalid chunk size
[2m[36m(launch_and_fit pid=3731916)[0m malloc_consolidate(): invalid chunk size
[2m[36m(launch_and_fit pid=3731917)[0m malloc_consolidate(): invalid chunk size
[2m[36m(launch_and_fit pid=3731920)[0m double free or corruption (fasttop)
[2m[36m(launch_and_fit pid=3731922)[0m double free or corruption (fasttop)
[2m[36m(launch_and_fit pid=3731923)[0m malloc_consolidate(): invalid chunk size
[2m[36m(launch_and_fit pid=3731919)[0m malloc_consolidate(): invalid chunk size
[2m[36m(launch_and_fit pid=3731921)[0m malloc_consolidate(): invalid chunk size
E0821 04:37:22.585563969 3872554 chttp2_transport.cc:1079]             ipv4:145.136.62.32:61837: Received a GOAWAY with error code ENHANCE_YOUR_CALM and debug data equal to "too_many_pings". Current keepalive time (before throttling): ∞
INFO flwr 2023-08-21 04:38:57,127 | fed_df.py:540 | Distillation training stopped at step number : 500
INFO flwr 2023-08-21 04:38:57,128 | fed_df.py:547 | Average fusion training loss : 0.0013906380463740789, val accuracy : 0.47239999999999993, best val accuracy : 0.4868
INFO flwr 2023-08-21 04:38:57,129 | common.py:35 | Avg. local train loss : 3.4781149098649617, train acc : 0.9381499999999999
INFO flwr 2023-08-21 04:38:59,845 | server.py:116 | fit progress: (19, 1.9462620178222656, {'server_test_acc': 0.4812}, 3536.8645113683306)
INFO flwr 2023-08-21 04:38:59,845 | server.py:163 | evaluate_round 19: no clients selected, cancel
DEBUG flwr 2023-08-21 04:39:06,016 | server.py:215 | fit_round 20: strategy sampled 8 clients (out of 20)
DEBUG flwr 2023-08-21 04:40:25,202 | server.py:229 | fit_round 20 received 8 results and 0 failures
INFO flwr 2023-08-21 04:40:25,310 | fed_df.py:365 | Warm start at round 20
INFO flwr 2023-08-21 04:40:25,397 | fed_df.py:463 | Performing server side distillation training...
[2m[36m(launch_and_fit pid=4067737)[0m Fitting Client 9
[2m[36m(launch_and_fit pid=4067734)[0m Fitting Client 12
[2m[36m(launch_and_fit pid=4067732)[0m Fitting Client 7
[2m[36m(launch_and_fit pid=4067805)[0m Fitting Client 16
[2m[36m(launch_and_fit pid=4067806)[0m Fitting Client 5
[2m[36m(launch_and_fit pid=4067808)[0m Fitting Client 0
[2m[36m(launch_and_fit pid=4067807)[0m Fitting Client 11
[2m[36m(launch_and_fit pid=4067735)[0m Fitting Client 10
[2m[36m(launch_and_fit pid=4067737)[0m malloc_consolidate(): invalid chunk size
[2m[36m(launch_and_fit pid=4067808)[0m double free or corruption (fasttop)
[2m[36m(launch_and_fit pid=4067735)[0m malloc_consolidate(): invalid chunk size
[2m[36m(launch_and_fit pid=4067734)[0m malloc_consolidate(): invalid chunk size
[2m[36m(launch_and_fit pid=4067732)[0m double free or corruption (fasttop)
[2m[36m(launch_and_fit pid=4067806)[0m malloc_consolidate(): invalid chunk size
[2m[36m(launch_and_fit pid=4067805)[0m malloc_consolidate(): invalid chunk size
[2m[36m(launch_and_fit pid=4067807)[0m malloc_consolidate(): invalid chunk size
E0821 04:40:27.589746884 3875534 chttp2_transport.cc:1079]             ipv4:145.136.62.32:61837: Received a GOAWAY with error code ENHANCE_YOUR_CALM and debug data equal to "too_many_pings". Current keepalive time (before throttling): ∞
INFO flwr 2023-08-21 04:42:04,397 | fed_df.py:540 | Distillation training stopped at step number : 500
INFO flwr 2023-08-21 04:42:04,398 | fed_df.py:547 | Average fusion training loss : 0.003369472396792844, val accuracy : 0.43339999999999995, best val accuracy : 0.4494
INFO flwr 2023-08-21 04:42:04,399 | common.py:35 | Avg. local train loss : 3.431114530749619, train acc : 0.9442458333333333
INFO flwr 2023-08-21 04:42:07,121 | server.py:116 | fit progress: (20, 2.005472399902344, {'server_test_acc': 0.44}, 3724.140727491118)
INFO flwr 2023-08-21 04:42:07,121 | server.py:163 | evaluate_round 20: no clients selected, cancel
DEBUG flwr 2023-08-21 04:42:13,221 | server.py:215 | fit_round 21: strategy sampled 8 clients (out of 20)
DEBUG flwr 2023-08-21 04:43:32,058 | server.py:229 | fit_round 21 received 8 results and 0 failures
[2m[36m(launch_and_fit pid=210213)[0m malloc_consolidate(): invalid chunk size
INFO flwr 2023-08-21 04:43:32,199 | fed_df.py:463 | Performing server side distillation training...
[2m[36m(launch_and_fit pid=210213)[0m Fitting Client 11
[2m[36m(launch_and_fit pid=210211)[0m Fitting Client 3
[2m[36m(launch_and_fit pid=210286)[0m Fitting Client 5
[2m[36m(launch_and_fit pid=210285)[0m Fitting Client 10
[2m[36m(launch_and_fit pid=210215)[0m Fitting Client 7
[2m[36m(launch_and_fit pid=210214)[0m Fitting Client 2
[2m[36m(launch_and_fit pid=210284)[0m Fitting Client 16
[2m[36m(launch_and_fit pid=210258)[0m Fitting Client 12
[2m[36m(launch_and_fit pid=210284)[0m malloc_consolidate(): invalid chunk size
[2m[36m(launch_and_fit pid=210258)[0m malloc_consolidate(): invalid chunk size
[2m[36m(launch_and_fit pid=210211)[0m double free or corruption (fasttop)
[2m[36m(launch_and_fit pid=210214)[0m malloc_consolidate(): invalid chunk size
[2m[36m(launch_and_fit pid=210286)[0m double free or corruption (fasttop)
E0821 04:43:33.178693802   14359 chttp2_transport.cc:1079]             ipv4:145.136.62.32:61837: Received a GOAWAY with error code ENHANCE_YOUR_CALM and debug data equal to "too_many_pings". Current keepalive time (before throttling): ∞
[2m[36m(launch_and_fit pid=210285)[0m double free or corruption (fasttop)
[2m[36m(launch_and_fit pid=210215)[0m double free or corruption (fasttop)
E0821 04:45:06.668015830  351311 chttp2_transport.cc:1079]             ipv4:145.136.62.32:61837: Received a GOAWAY with error code ENHANCE_YOUR_CALM and debug data equal to "too_many_pings". Current keepalive time (before throttling): ∞
INFO flwr 2023-08-21 04:45:13,136 | fed_df.py:540 | Distillation training stopped at step number : 500
INFO flwr 2023-08-21 04:45:13,136 | fed_df.py:547 | Average fusion training loss : 0.0007104922594153323, val accuracy : 0.50966, best val accuracy : 0.5222
INFO flwr 2023-08-21 04:45:13,137 | common.py:35 | Avg. local train loss : 3.338776950538158, train acc : 0.9494555555555556
INFO flwr 2023-08-21 04:45:15,874 | server.py:116 | fit progress: (21, 2.005800360107422, {'server_test_acc': 0.4999}, 3912.893316230271)
INFO flwr 2023-08-21 04:45:15,874 | server.py:163 | evaluate_round 21: no clients selected, cancel
DEBUG flwr 2023-08-21 04:45:21,977 | server.py:215 | fit_round 22: strategy sampled 8 clients (out of 20)
[2m[36m(launch_and_fit pid=546059)[0m malloc_consolidate(): invalid chunk size
[2m[36m(launch_and_fit pid=546056)[0m malloc_consolidate(): invalid chunk size
DEBUG flwr 2023-08-21 04:46:41,720 | server.py:229 | fit_round 22 received 8 results and 0 failures
INFO flwr 2023-08-21 04:46:41,828 | fed_df.py:365 | Warm start at round 22
INFO flwr 2023-08-21 04:46:41,918 | fed_df.py:463 | Performing server side distillation training...
[2m[36m(launch_and_fit pid=545985)[0m Fitting Client 3
[2m[36m(launch_and_fit pid=545986)[0m Fitting Client 12
[2m[36m(launch_and_fit pid=545987)[0m Fitting Client 17
[2m[36m(launch_and_fit pid=545988)[0m Fitting Client 0
[2m[36m(launch_and_fit pid=546059)[0m Fitting Client 1
[2m[36m(launch_and_fit pid=546058)[0m Fitting Client 4
[2m[36m(launch_and_fit pid=546057)[0m Fitting Client 14
[2m[36m(launch_and_fit pid=546056)[0m Fitting Client 19
[2m[36m(launch_and_fit pid=545987)[0m double free or corruption (fasttop)
[2m[36m(launch_and_fit pid=545986)[0m malloc_consolidate(): invalid chunk size
[2m[36m(launch_and_fit pid=545988)[0m double free or corruption (fasttop)
E0821 04:46:44.225514287  526144 chttp2_transport.cc:1079]             ipv4:145.136.62.32:61837: Received a GOAWAY with error code ENHANCE_YOUR_CALM and debug data equal to "too_many_pings". Current keepalive time (before throttling): ∞
[2m[36m(launch_and_fit pid=545985)[0m malloc_consolidate(): invalid chunk size
[2m[36m(launch_and_fit pid=546058)[0m malloc_consolidate(): invalid chunk size
[2m[36m(launch_and_fit pid=546057)[0m malloc_consolidate(): invalid chunk size
INFO flwr 2023-08-21 04:48:22,263 | fed_df.py:540 | Distillation training stopped at step number : 500
INFO flwr 2023-08-21 04:48:22,263 | fed_df.py:547 | Average fusion training loss : 0.003031115958467126, val accuracy : 0.42274, best val accuracy : 0.441
INFO flwr 2023-08-21 04:48:22,264 | common.py:35 | Avg. local train loss : 3.4804018428549166, train acc : 0.9353416666666666
INFO flwr 2023-08-21 04:48:25,032 | server.py:116 | fit progress: (22, 2.00583681640625, {'server_test_acc': 0.437}, 4102.051486866083)
INFO flwr 2023-08-21 04:48:25,032 | server.py:163 | evaluate_round 22: no clients selected, cancel
DEBUG flwr 2023-08-21 04:48:31,135 | server.py:215 | fit_round 23: strategy sampled 8 clients (out of 20)
[2m[36m(launch_and_fit pid=910449)[0m double free or corruption (fasttop)
[2m[36m(launch_and_fit pid=910523)[0m malloc_consolidate(): invalid chunk size
[2m[36m(launch_and_fit pid=910524)[0m malloc_consolidate(): invalid chunk size
DEBUG flwr 2023-08-21 04:49:50,827 | server.py:229 | fit_round 23 received 8 results and 0 failures
INFO flwr 2023-08-21 04:49:50,967 | fed_df.py:463 | Performing server side distillation training...
[2m[36m(launch_and_fit pid=910450)[0m Fitting Client 4
[2m[36m(launch_and_fit pid=910449)[0m Fitting Client 19
[2m[36m(launch_and_fit pid=910523)[0m Fitting Client 17
[2m[36m(launch_and_fit pid=910525)[0m Fitting Client 11
[2m[36m(launch_and_fit pid=910524)[0m Fitting Client 6
[2m[36m(launch_and_fit pid=910522)[0m Fitting Client 3
[2m[36m(launch_and_fit pid=910454)[0m Fitting Client 9
[2m[36m(launch_and_fit pid=910526)[0m Fitting Client 16
[2m[36m(launch_and_fit pid=910450)[0m malloc_consolidate(): invalid chunk size
[2m[36m(launch_and_fit pid=910522)[0m malloc_consolidate(): invalid chunk size
[2m[36m(launch_and_fit pid=910525)[0m malloc_consolidate(): invalid chunk size
[2m[36m(launch_and_fit pid=910526)[0m double free or corruption (fasttop)
[2m[36m(launch_and_fit pid=910454)[0m malloc_consolidate(): invalid chunk size
E0821 04:49:59.273149705  704123 chttp2_transport.cc:1079]             ipv4:145.136.62.32:61837: Received a GOAWAY with error code ENHANCE_YOUR_CALM and debug data equal to "too_many_pings". Current keepalive time (before throttling): ∞
INFO flwr 2023-08-21 04:51:30,131 | fed_df.py:540 | Distillation training stopped at step number : 500
INFO flwr 2023-08-21 04:51:30,132 | fed_df.py:547 | Average fusion training loss : 0.0007212307506124489, val accuracy : 0.45326000000000005, best val accuracy : 0.4606
INFO flwr 2023-08-21 04:51:30,133 | common.py:35 | Avg. local train loss : 3.4507156562060124, train acc : 0.9380874999999997
INFO flwr 2023-08-21 04:51:32,986 | server.py:116 | fit progress: (23, 1.96900244140625, {'server_test_acc': 0.4706}, 4290.005962071009)
INFO flwr 2023-08-21 04:51:32,987 | server.py:163 | evaluate_round 23: no clients selected, cancel
DEBUG flwr 2023-08-21 04:51:39,126 | server.py:215 | fit_round 24: strategy sampled 8 clients (out of 20)
[2m[36m(launch_and_fit pid=1246952)[0m malloc_consolidate(): invalid chunk size
[2m[36m(launch_and_fit pid=1246954)[0m malloc_consolidate(): invalid chunk size
DEBUG flwr 2023-08-21 04:52:58,236 | server.py:229 | fit_round 24 received 8 results and 0 failures
INFO flwr 2023-08-21 04:52:58,344 | fed_df.py:365 | Warm start at round 24
INFO flwr 2023-08-21 04:52:58,432 | fed_df.py:463 | Performing server side distillation training...
[2m[36m(launch_and_fit pid=1246954)[0m Fitting Client 5
[2m[36m(launch_and_fit pid=1246952)[0m Fitting Client 4
[2m[36m(launch_and_fit pid=1247023)[0m Fitting Client 10
[2m[36m(launch_and_fit pid=1246955)[0m Fitting Client 1
[2m[36m(launch_and_fit pid=1247025)[0m Fitting Client 9
[2m[36m(launch_and_fit pid=1247026)[0m Fitting Client 15
[2m[36m(launch_and_fit pid=1247024)[0m Fitting Client 2
[2m[36m(launch_and_fit pid=1246953)[0m Fitting Client 8
[2m[36m(launch_and_fit pid=1247025)[0m malloc_consolidate(): invalid chunk size
[2m[36m(launch_and_fit pid=1247026)[0m malloc_consolidate(): invalid chunk size
[2m[36m(launch_and_fit pid=1246953)[0m malloc_consolidate(): invalid chunk size
E0821 04:52:59.652253097 1392706 chttp2_transport.cc:1079]             ipv4:145.136.62.32:61837: Received a GOAWAY with error code ENHANCE_YOUR_CALM and debug data equal to "too_many_pings". Current keepalive time (before throttling): ∞
E0821 04:52:59.652340403 1392706 chttp2_transport.cc:1079]             ipv4:145.136.62.32:61837: Received a GOAWAY with error code ENHANCE_YOUR_CALM and debug data equal to "too_many_pings". Current keepalive time (before throttling): ∞
[2m[36m(launch_and_fit pid=1247023)[0m malloc_consolidate(): invalid chunk size
[2m[36m(launch_and_fit pid=1246955)[0m malloc_consolidate(): invalid chunk size
[2m[36m(launch_and_fit pid=1247024)[0m malloc_consolidate(): invalid chunk size
INFO flwr 2023-08-21 04:54:38,625 | fed_df.py:540 | Distillation training stopped at step number : 500
INFO flwr 2023-08-21 04:54:38,626 | fed_df.py:547 | Average fusion training loss : 0.0018469085561810062, val accuracy : 0.50402, best val accuracy : 0.526
INFO flwr 2023-08-21 04:54:38,627 | common.py:35 | Avg. local train loss : 3.4411797272041436, train acc : 0.9420583333333333
INFO flwr 2023-08-21 04:54:41,419 | server.py:116 | fit progress: (24, 2.0234987915039064, {'server_test_acc': 0.517}, 4478.43848282937)
INFO flwr 2023-08-21 04:54:41,419 | server.py:163 | evaluate_round 24: no clients selected, cancel
DEBUG flwr 2023-08-21 04:54:47,517 | server.py:215 | fit_round 25: strategy sampled 8 clients (out of 20)
[2m[36m(launch_and_fit pid=1584095)[0m malloc_consolidate(): invalid chunk size
[2m[36m(launch_and_fit pid=1584091)[0m malloc_consolidate(): invalid chunk size
[2m[36m(launch_and_fit pid=1584092)[0m malloc_consolidate(): invalid chunk size
DEBUG flwr 2023-08-21 04:56:07,423 | server.py:229 | fit_round 25 received 8 results and 0 failures
[2m[36m(launch_and_fit pid=1584093)[0m malloc_consolidate(): invalid chunk size
INFO flwr 2023-08-21 04:56:07,563 | fed_df.py:463 | Performing server side distillation training...
[2m[36m(launch_and_fit pid=1584089)[0m Fitting Client 14
[2m[36m(launch_and_fit pid=1584093)[0m Fitting Client 4
[2m[36m(launch_and_fit pid=1584091)[0m Fitting Client 15
[2m[36m(launch_and_fit pid=1584095)[0m Fitting Client 18
[2m[36m(launch_and_fit pid=1584090)[0m Fitting Client 9
[2m[36m(launch_and_fit pid=1584092)[0m Fitting Client 17
[2m[36m(launch_and_fit pid=1584096)[0m Fitting Client 0
[2m[36m(launch_and_fit pid=1584094)[0m Fitting Client 6
[2m[36m(launch_and_fit pid=1584094)[0m malloc_consolidate(): invalid chunk size
[2m[36m(launch_and_fit pid=1584090)[0m malloc_consolidate(): invalid chunk size
[2m[36m(launch_and_fit pid=1584096)[0m malloc_consolidate(): invalid chunk size
[2m[36m(launch_and_fit pid=1584089)[0m malloc_consolidate(): invalid chunk size
E0821 04:56:09.709452501 1392843 chttp2_transport.cc:1079]             ipv4:145.136.62.32:61837: Received a GOAWAY with error code ENHANCE_YOUR_CALM and debug data equal to "too_many_pings". Current keepalive time (before throttling): ∞
INFO flwr 2023-08-21 04:57:48,128 | fed_df.py:540 | Distillation training stopped at step number : 500
INFO flwr 2023-08-21 04:57:48,128 | fed_df.py:547 | Average fusion training loss : 0.0027491545556113123, val accuracy : 0.39524000000000004, best val accuracy : 0.4272
INFO flwr 2023-08-21 04:57:48,129 | common.py:35 | Avg. local train loss : 3.3961510552093386, train acc : 0.9443180555555556
INFO flwr 2023-08-21 04:57:50,922 | server.py:116 | fit progress: (25, 1.9595782775878907, {'server_test_acc': 0.4299}, 4667.941757665016)
INFO flwr 2023-08-21 04:57:50,922 | server.py:163 | evaluate_round 25: no clients selected, cancel
DEBUG flwr 2023-08-21 04:57:57,048 | server.py:215 | fit_round 26: strategy sampled 8 clients (out of 20)
[2m[36m(launch_and_fit pid=1923713)[0m malloc_consolidate(): invalid chunk size
[2m[36m(launch_and_fit pid=1923772)[0m double free or corruption (fasttop)
DEBUG flwr 2023-08-21 04:59:16,254 | server.py:229 | fit_round 26 received 8 results and 0 failures
INFO flwr 2023-08-21 04:59:16,363 | fed_df.py:365 | Warm start at round 26
INFO flwr 2023-08-21 04:59:16,454 | fed_df.py:463 | Performing server side distillation training...
[2m[36m(launch_and_fit pid=1923703)[0m Fitting Client 15
[2m[36m(launch_and_fit pid=1923775)[0m Fitting Client 6
[2m[36m(launch_and_fit pid=1923776)[0m Fitting Client 9
[2m[36m(launch_and_fit pid=1923774)[0m Fitting Client 5
[2m[36m(launch_and_fit pid=1923771)[0m Fitting Client 13
[2m[36m(launch_and_fit pid=1923772)[0m Fitting Client 1
[2m[36m(launch_and_fit pid=1923773)[0m Fitting Client 8
[2m[36m(launch_and_fit pid=1923713)[0m Fitting Client 12
[2m[36m(launch_and_fit pid=1923774)[0m double free or corruption (fasttop)
[2m[36m(launch_and_fit pid=1923771)[0m malloc_consolidate(): invalid chunk size
[2m[36m(launch_and_fit pid=1923773)[0m double free or corruption (fasttop)
[2m[36m(launch_and_fit pid=1923703)[0m malloc_consolidate(): invalid chunk size
[2m[36m(launch_and_fit pid=1923776)[0m malloc_consolidate(): invalid chunk size
[2m[36m(launch_and_fit pid=1923775)[0m malloc_consolidate(): invalid chunk size
E0821 04:59:18.990695760 2070287 chttp2_transport.cc:1079]             ipv4:145.136.62.32:61837: Received a GOAWAY with error code ENHANCE_YOUR_CALM and debug data equal to "too_many_pings". Current keepalive time (before throttling): ∞
INFO flwr 2023-08-21 05:00:56,944 | fed_df.py:540 | Distillation training stopped at step number : 500
INFO flwr 2023-08-21 05:00:56,945 | fed_df.py:547 | Average fusion training loss : 0.0020716101898578926, val accuracy : 0.41858000000000006, best val accuracy : 0.437
INFO flwr 2023-08-21 05:00:56,946 | common.py:35 | Avg. local train loss : 3.533685267344117, train acc : 0.9302694444444444
INFO flwr 2023-08-21 05:00:59,711 | server.py:116 | fit progress: (26, 1.9888194580078125, {'server_test_acc': 0.4228}, 4856.7307921950705)
INFO flwr 2023-08-21 05:00:59,711 | server.py:163 | evaluate_round 26: no clients selected, cancel
DEBUG flwr 2023-08-21 05:01:05,979 | server.py:215 | fit_round 27: strategy sampled 8 clients (out of 20)
[2m[36m(launch_and_fit pid=2260880)[0m malloc_consolidate(): invalid chunk size
DEBUG flwr 2023-08-21 05:02:25,629 | server.py:229 | fit_round 27 received 8 results and 0 failures
INFO flwr 2023-08-21 05:02:25,785 | fed_df.py:463 | Performing server side distillation training...
[2m[36m(launch_and_fit pid=2260878)[0m Fitting Client 15
[2m[36m(launch_and_fit pid=2260881)[0m Fitting Client 13
[2m[36m(launch_and_fit pid=2260880)[0m Fitting Client 14
[2m[36m(launch_and_fit pid=2260963)[0m Fitting Client 6
[2m[36m(launch_and_fit pid=2260959)[0m Fitting Client 18
[2m[36m(launch_and_fit pid=2260953)[0m Fitting Client 8
[2m[36m(launch_and_fit pid=2260879)[0m Fitting Client 3
[2m[36m(launch_and_fit pid=2260962)[0m Fitting Client 4
[2m[36m(launch_and_fit pid=2260963)[0m malloc_consolidate(): invalid chunk size
[2m[36m(launch_and_fit pid=2260953)[0m double free or corruption (fasttop)
[2m[36m(launch_and_fit pid=2260962)[0m double free or corruption (fasttop)
[2m[36m(launch_and_fit pid=2260878)[0m malloc_consolidate(): invalid chunk size
[2m[36m(launch_and_fit pid=2260881)[0m malloc_consolidate(): invalid chunk size
[2m[36m(launch_and_fit pid=2260959)[0m malloc_consolidate(): invalid chunk size
[2m[36m(launch_and_fit pid=2260879)[0m malloc_consolidate(): invalid chunk size
E0821 05:02:29.280695637 2071037 chttp2_transport.cc:1079]             ipv4:145.136.62.32:61837: Received a GOAWAY with error code ENHANCE_YOUR_CALM and debug data equal to "too_many_pings". Current keepalive time (before throttling): ∞
INFO flwr 2023-08-21 05:04:07,445 | fed_df.py:540 | Distillation training stopped at step number : 500
INFO flwr 2023-08-21 05:04:07,445 | fed_df.py:547 | Average fusion training loss : 0.0015727612634073012, val accuracy : 0.39387999999999995, best val accuracy : 0.4076
INFO flwr 2023-08-21 05:04:07,447 | common.py:35 | Avg. local train loss : 3.4369362253695726, train acc : 0.9397388888888889
INFO flwr 2023-08-21 05:04:10,191 | server.py:116 | fit progress: (27, 1.944903643798828, {'server_test_acc': 0.4048}, 5047.211059258319)
INFO flwr 2023-08-21 05:04:10,192 | server.py:163 | evaluate_round 27: no clients selected, cancel
DEBUG flwr 2023-08-21 05:04:16,346 | server.py:215 | fit_round 28: strategy sampled 8 clients (out of 20)
[2m[36m(launch_and_fit pid=2627112)[0m double free or corruption (fasttop)
DEBUG flwr 2023-08-21 05:05:35,112 | server.py:229 | fit_round 28 received 8 results and 0 failures
INFO flwr 2023-08-21 05:05:35,220 | fed_df.py:365 | Warm start at round 28
INFO flwr 2023-08-21 05:05:35,308 | fed_df.py:463 | Performing server side distillation training...
[2m[36m(launch_and_fit pid=2627112)[0m Fitting Client 15
[2m[36m(launch_and_fit pid=2627184)[0m Fitting Client 13
[2m[36m(launch_and_fit pid=2627264)[0m Fitting Client 8
[2m[36m(launch_and_fit pid=2627182)[0m Fitting Client 7
[2m[36m(launch_and_fit pid=2627265)[0m Fitting Client 9
[2m[36m(launch_and_fit pid=2627185)[0m Fitting Client 14
[2m[36m(launch_and_fit pid=2627266)[0m Fitting Client 11
[2m[36m(launch_and_fit pid=2627183)[0m Fitting Client 3
[2m[36m(launch_and_fit pid=2627264)[0m malloc_consolidate(): invalid chunk size
[2m[36m(launch_and_fit pid=2627183)[0m malloc_consolidate(): invalid chunk size
[2m[36m(launch_and_fit pid=2627185)[0m malloc_consolidate(): invalid chunk size
[2m[36m(launch_and_fit pid=2627266)[0m double free or corruption (fasttop)
E0821 05:05:36.611860076 2773258 chttp2_transport.cc:1079]             ipv4:145.136.62.32:61837: Received a GOAWAY with error code ENHANCE_YOUR_CALM and debug data equal to "too_many_pings". Current keepalive time (before throttling): ∞
[2m[36m(launch_and_fit pid=2627265)[0m double free or corruption (fasttop)
[2m[36m(launch_and_fit pid=2627184)[0m malloc_consolidate(): invalid chunk size
[2m[36m(launch_and_fit pid=2627182)[0m malloc_consolidate(): invalid chunk size
INFO flwr 2023-08-21 05:07:15,429 | fed_df.py:540 | Distillation training stopped at step number : 500
INFO flwr 2023-08-21 05:07:15,430 | fed_df.py:547 | Average fusion training loss : 0.002856671944842674, val accuracy : 0.45004, best val accuracy : 0.4702
INFO flwr 2023-08-21 05:07:15,431 | common.py:35 | Avg. local train loss : 3.378496109880507, train acc : 0.9402458333333333
INFO flwr 2023-08-21 05:07:18,264 | server.py:116 | fit progress: (28, 1.9446412963867188, {'server_test_acc': 0.461}, 5235.283336963039)
INFO flwr 2023-08-21 05:07:18,264 | server.py:163 | evaluate_round 28: no clients selected, cancel
DEBUG flwr 2023-08-21 05:07:24,422 | server.py:215 | fit_round 29: strategy sampled 8 clients (out of 20)
DEBUG flwr 2023-08-21 05:08:43,853 | server.py:229 | fit_round 29 received 8 results and 0 failures
[2m[36m(launch_and_fit pid=2963278)[0m double free or corruption (fasttop)
INFO flwr 2023-08-21 05:08:44,012 | fed_df.py:463 | Performing server side distillation training...
[2m[36m(launch_and_fit pid=2963209)[0m Fitting Client 2
[2m[36m(launch_and_fit pid=2963278)[0m Fitting Client 18
[2m[36m(launch_and_fit pid=2963347)[0m Fitting Client 3
[2m[36m(launch_and_fit pid=2963279)[0m Fitting Client 16
[2m[36m(launch_and_fit pid=2963349)[0m Fitting Client 10
[2m[36m(launch_and_fit pid=2963351)[0m Fitting Client 14
[2m[36m(launch_and_fit pid=2963350)[0m Fitting Client 13
[2m[36m(launch_and_fit pid=2963348)[0m Fitting Client 15
[2m[36m(launch_and_fit pid=2963348)[0m double free or corruption (fasttop)
[2m[36m(launch_and_fit pid=2963350)[0m malloc_consolidate(): invalid chunk size
[2m[36m(launch_and_fit pid=2963209)[0m malloc_consolidate(): invalid chunk size
[2m[36m(launch_and_fit pid=2963351)[0m malloc_consolidate(): invalid chunk size
[2m[36m(launch_and_fit pid=2963279)[0m double free or corruption (fasttop)
[2m[36m(launch_and_fit pid=2963349)[0m corrupted size vs. prev_size in fastbins
[2m[36m(launch_and_fit pid=2963347)[0m malloc_consolidate(): invalid chunk size
E0821 05:08:50.728807337 2773661 chttp2_transport.cc:1079]             ipv4:145.136.62.32:61837: Received a GOAWAY with error code ENHANCE_YOUR_CALM and debug data equal to "too_many_pings". Current keepalive time (before throttling): ∞
INFO flwr 2023-08-21 05:10:25,384 | fed_df.py:540 | Distillation training stopped at step number : 500
INFO flwr 2023-08-21 05:10:25,384 | fed_df.py:547 | Average fusion training loss : 0.0007130831281538121, val accuracy : 0.5144799999999999, best val accuracy : 0.521
INFO flwr 2023-08-21 05:10:25,386 | common.py:35 | Avg. local train loss : 3.343899004161358, train acc : 0.9501291666666667
INFO flwr 2023-08-21 05:10:28,175 | server.py:116 | fit progress: (29, 1.8798241333007812, {'server_test_acc': 0.5066}, 5425.194993169047)
INFO flwr 2023-08-21 05:10:28,176 | server.py:163 | evaluate_round 29: no clients selected, cancel
DEBUG flwr 2023-08-21 05:10:34,328 | server.py:215 | fit_round 30: strategy sampled 8 clients (out of 20)
[2m[36m(launch_and_fit pid=3300559)[0m malloc_consolidate(): invalid chunk size
[2m[36m(launch_and_fit pid=3300702)[0m malloc_consolidate(): invalid chunk size
[2m[36m(launch_and_fit pid=3300632)[0m double free or corruption (fasttop)
DEBUG flwr 2023-08-21 05:11:53,465 | server.py:229 | fit_round 30 received 8 results and 0 failures
INFO flwr 2023-08-21 05:11:53,574 | fed_df.py:365 | Warm start at round 30
INFO flwr 2023-08-21 05:11:53,663 | fed_df.py:463 | Performing server side distillation training...
[2m[36m(launch_and_fit pid=3300559)[0m Fitting Client 14
[2m[36m(launch_and_fit pid=3300702)[0m Fitting Client 9
[2m[36m(launch_and_fit pid=3300633)[0m Fitting Client 8
[2m[36m(launch_and_fit pid=3300631)[0m Fitting Client 10
[2m[36m(launch_and_fit pid=3300561)[0m Fitting Client 4
[2m[36m(launch_and_fit pid=3300701)[0m Fitting Client 18
[2m[36m(launch_and_fit pid=3300632)[0m Fitting Client 19
[2m[36m(launch_and_fit pid=3300630)[0m Fitting Client 2
[2m[36m(launch_and_fit pid=3300630)[0m double free or corruption (fasttop)
[2m[36m(launch_and_fit pid=3300561)[0m double free or corruption (fasttop)
[2m[36m(launch_and_fit pid=3300701)[0m double free or corruption (fasttop)
[2m[36m(launch_and_fit pid=3300633)[0m malloc_consolidate(): invalid chunk size
[2m[36m(launch_and_fit pid=3300631)[0m malloc_consolidate(): invalid chunk size
INFO flwr 2023-08-21 05:13:33,719 | fed_df.py:540 | Distillation training stopped at step number : 500
INFO flwr 2023-08-21 05:13:33,720 | fed_df.py:547 | Average fusion training loss : 0.0023270551518071443, val accuracy : 0.42677999999999994, best val accuracy : 0.435
INFO flwr 2023-08-21 05:13:33,721 | common.py:35 | Avg. local train loss : 3.4393504817038774, train acc : 0.9420083333333333
INFO flwr 2023-08-21 05:13:36,481 | server.py:116 | fit progress: (30, 1.9019945251464845, {'server_test_acc': 0.4358}, 5613.500685390085)
INFO flwr 2023-08-21 05:13:36,481 | server.py:163 | evaluate_round 30: no clients selected, cancel
INFO flwr 2023-08-21 05:13:36,481 | server.py:144 | FL finished in 5613.501062332187
INFO flwr 2023-08-21 05:13:36,482 | app.py:202 | app_fit: losses_distributed []
INFO flwr 2023-08-21 05:13:36,483 | app.py:203 | app_fit: metrics_distributed {}
INFO flwr 2023-08-21 05:13:36,483 | app.py:204 | app_fit: losses_centralized [(0, 2.319245477294922), (1, 2.22409892578125), (2, 1.9253186401367188), (3, 2.0067706726074217), (4, 1.8008069274902343), (5, 1.8719347045898438), (6, 1.8383044372558595), (7, 1.8686339233398437), (8, 2.0702019958496094), (9, 2.178878265380859), (10, 2.1422966796875), (11, 2.0214832275390626), (12, 2.06496689453125), (13, 2.034207043457031), (14, 2.064794421386719), (15, 1.974674188232422), (16, 2.0982755493164063), (17, 2.0010585205078124), (18, 2.069281610107422), (19, 1.9462620178222656), (20, 2.005472399902344), (21, 2.005800360107422), (22, 2.00583681640625), (23, 1.96900244140625), (24, 2.0234987915039064), (25, 1.9595782775878907), (26, 1.9888194580078125), (27, 1.944903643798828), (28, 1.9446412963867188), (29, 1.8798241333007812), (30, 1.9019945251464845)]
INFO flwr 2023-08-21 05:13:36,483 | app.py:205 | app_fit: metrics_centralized {'server_test_acc': [(0, 0.0811), (1, 0.2936), (2, 0.323), (3, 0.3306), (4, 0.3813), (5, 0.3639), (6, 0.4011), (7, 0.3863), (8, 0.356), (9, 0.245), (10, 0.3795), (11, 0.409), (12, 0.4499), (13, 0.3699), (14, 0.4794), (15, 0.4892), (16, 0.3925), (17, 0.4094), (18, 0.4099), (19, 0.4812), (20, 0.44), (21, 0.4999), (22, 0.437), (23, 0.4706), (24, 0.517), (25, 0.4299), (26, 0.4228), (27, 0.4048), (28, 0.461), (29, 0.5066), (30, 0.4358)]}
malloc_consolidate(): invalid chunk size
srun: error: gcn32: task 0: Aborted
srun: Terminating StepId=3431061.1
-----EXPERIMENT ENDS-----
-----CLEANING UP DISK------
-----END-----

JOB STATISTICS
==============
Job ID: 3431061
Cluster: snellius
User/Group: sunnys/sunnys
State: COMPLETED (exit code 0)
Nodes: 1
Cores per node: 18
CPU Utilized: 03:16:40
CPU Efficiency: 11.32% of 1-04:57:18 core-walltime
Job Wall-clock time: 01:36:31
Memory Utilized: 51.48 GB
Memory Efficiency: 42.90% of 120.00 GB
