-----BEGIN-----
-----SETTINGS-----
TOTAL CROPS:100000
STRATEGY:feddf
MODEL_NAME:resnet8
NUM_CLIENTS:20
NUM_ROUNDS:30
FRACTION_FIT:0.4
FRACTION_EVALUATE:0.0
DATASET_NAME:cifar10
PARTITION_ALPHA:100.0
PARTITION_VAL_RATIO:0.1
BATCH_SIZE:512
LOCAL_EPOCHS:20
LOCAL_LR:0.01
DISTILL_BATCH_SIZE:512
SERVER_LR:0.005
SERVER_STEPS:250
SERVER_EARLY_STEPS:1000
USE_EARLY_STOPPING:False
USE_ADAPTIVE_LR:False
USE_ADAPTIVE_LR_ROUND:False
SEED:127
CUDA_DETERMINISTIC:False
USE_CROPS:True
IMG_NAME:ameyoko.jpg
DISTILL_DATASET:pathmnist
DISTILL_ALPHA:1.0
NUM_DISTILL_IMAGES:10000
DISTILL_TRANSFORMS:v0
WARM_START:True
WARM_START_ROUNDS:1
WARM_START_INTERVAL:5
KMEANS_N_CLUSTER:10
KMEANS_HEURISTICS:easy
KMEANS_MIXED_FACTOR:50-50
KMEANS_BALANCING:0.25
CONFIDENCE_THRESHOLD:0.1
CONFIDENCE_STRATEGY:top
CONFIDENCE_ADAPTIVE:True
CONFIDENCE_MAX_THRESH:0.5
CLIPPING_FACTOR:2.5
FEDPROX_FACTOR:0.0
FEDPROX_ADAPTIVE:False
USE_CLIPPING:True
USE_ENTROPY:False
USE_KMEANS:True
USE_FEDPROX:False
-----SETTINGS END-----
-----EXPERIMENT BEGINS-----
---------
Generating crops for FedDF
Namespace(img_size=32, batch_size=32, num_imgs=100000, threads=18, vflip=False, deg=30, shear=30, cropfirst=True, initcrop=0.5, scale=[500, 1], randinterp=False, debug=False, imgpath='./static/single_images/ameyoko.jpg', targetpath='/scratch-local/sunnys.3346398/1692122762_461483988', seed=127, img_per_thread=5555)
will save 100000 patches in /scratch-local/sunnys.3346398/1692122762_461483988/single_img_crops/crops
100000 took 0.84min with 18 threads
---------
Simulating feddf training
INFO simulate 2023-08-15 20:07:10,211 | simulate.py:50 | Python script started : simulate.py
DEBUG simulate 2023-08-15 20:07:10,211 | simulate.py:55 | Reading args from argument parser
Downloading https://www.cs.toronto.edu/~kriz/cifar-10-python.tar.gz to /scratch-local/sunnys.3346398/1692122762_461483988/cifar-10-python.tar.gz
Extracting /scratch-local/sunnys.3346398/1692122762_461483988/cifar-10-python.tar.gz to /scratch-local/sunnys.3346398/1692122762_461483988
Generating unified cifar10 dataset
Class histogram for 0-th partition (alpha=100.0, 10 classes): [234 277 195 286 230 262 251 275 216 274]
INFO flwr 2023-08-15 20:07:45,822 | app.py:145 | Starting Flower simulation, config: ServerConfig(num_rounds=30, round_timeout=None)
2023-08-15 20:07:49,489	INFO worker.py:1529 -- Started a local Ray instance. View the dashboard at [1m[32m127.0.0.1:8265 [39m[22m
INFO flwr 2023-08-15 20:07:50,612 | app.py:179 | Flower VCE: Ray initialized with resources: {'object_store_memory': 61847529062.0, 'GPU': 1.0, 'node:145.136.62.20': 1.0, 'CPU': 18.0, 'memory': 103079215104.0, 'accelerator_type:A100': 1.0}
INFO flwr 2023-08-15 20:07:50,612 | server.py:86 | Initializing global parameters
INFO flwr 2023-08-15 20:07:50,612 | server.py:266 | Using initial parameters provided by strategy
INFO flwr 2023-08-15 20:07:50,612 | server.py:88 | Evaluating initial parameters
INFO flwr 2023-08-15 20:08:01,621 | server.py:91 | initial parameters (loss, other metrics): 2.3034546997070313, {'server_test_acc': 0.1285}
INFO flwr 2023-08-15 20:08:01,621 | server.py:101 | FL starting
DEBUG flwr 2023-08-15 20:08:10,583 | server.py:215 | fit_round 1: strategy sampled 8 clients (out of 20)
[2m[36m(launch_and_fit pid=1977018)[0m double free or corruption (fasttop)
DEBUG flwr 2023-08-15 20:09:05,389 | server.py:229 | fit_round 1 received 8 results and 0 failures
INFO flwr 2023-08-15 20:09:05,601 | fed_df.py:365 | Warm start at round 1
[2m[36m(launch_and_fit pid=1977019)[0m double free or corruption (fasttop)
INFO flwr 2023-08-15 20:09:05,714 | fed_df.py:463 | Performing server side distillation training...
[2m[36m(launch_and_fit pid=1977016)[0m Fitting Client 6
[2m[36m(launch_and_fit pid=1977019)[0m Fitting Client 15
[2m[36m(launch_and_fit pid=1977022)[0m Fitting Client 14
[2m[36m(launch_and_fit pid=1977020)[0m Fitting Client 19
[2m[36m(launch_and_fit pid=1977018)[0m Fitting Client 18
[2m[36m(launch_and_fit pid=1977023)[0m Fitting Client 12
[2m[36m(launch_and_fit pid=1977021)[0m Fitting Client 13
[2m[36m(launch_and_fit pid=1977017)[0m Fitting Client 7
[2m[36m(launch_and_fit pid=1977023)[0m double free or corruption (fasttop)
E0815 20:09:06.272108727 1969407 chttp2_transport.cc:1079]             ipv4:145.136.62.20:65123: Received a GOAWAY with error code ENHANCE_YOUR_CALM and debug data equal to "too_many_pings". Current keepalive time (before throttling): 60000ms
[2m[36m(launch_and_fit pid=1977021)[0m double free or corruption (fasttop)
[2m[36m(launch_and_fit pid=1977020)[0m double free or corruption (fasttop)
[2m[36m(launch_and_fit pid=1977017)[0m double free or corruption (fasttop)
[2m[36m(launch_and_fit pid=1977022)[0m malloc_consolidate(): invalid chunk size
E0815 20:09:07.751588254 2073906 chttp2_transport.cc:1079]             ipv4:145.136.62.20:65123: Received a GOAWAY with error code ENHANCE_YOUR_CALM and debug data equal to "too_many_pings". Current keepalive time (before throttling): 120000ms
[2m[36m(launch_and_fit pid=1977016)[0m malloc_consolidate(): invalid chunk size
INFO flwr 2023-08-15 20:09:38,850 | fed_df.py:540 | Distillation training stopped at step number : 250
INFO flwr 2023-08-15 20:09:38,850 | fed_df.py:547 | Average fusion training loss : 0.041016525343060495, val accuracy : 0.41812000000000005, best val accuracy : 0.4372
INFO flwr 2023-08-15 20:09:38,851 | common.py:35 | Avg. local train loss : 8.66905232295394, train acc : 0.39936944444444444
INFO flwr 2023-08-15 20:09:41,552 | server.py:116 | fit progress: (1, 1.6157046630859375, {'server_test_acc': 0.4498}, 99.93013445474207)
INFO flwr 2023-08-15 20:09:41,552 | server.py:163 | evaluate_round 1: no clients selected, cancel
DEBUG flwr 2023-08-15 20:09:50,689 | server.py:215 | fit_round 2: strategy sampled 8 clients (out of 20)
[2m[36m(launch_and_fit pid=2125043)[0m malloc_consolidate(): invalid chunk size
DEBUG flwr 2023-08-15 20:10:41,019 | server.py:229 | fit_round 2 received 8 results and 0 failures
INFO flwr 2023-08-15 20:10:41,286 | fed_df.py:463 | Performing server side distillation training...
[2m[36m(launch_and_fit pid=2125043)[0m Fitting Client 4
[2m[36m(launch_and_fit pid=2125053)[0m Fitting Client 14
[2m[36m(launch_and_fit pid=2125054)[0m Fitting Client 7
[2m[36m(launch_and_fit pid=2125052)[0m Fitting Client 2
[2m[36m(launch_and_fit pid=2125056)[0m Fitting Client 11
[2m[36m(launch_and_fit pid=2125055)[0m Fitting Client 3
[2m[36m(launch_and_fit pid=2125058)[0m Fitting Client 9
[2m[36m(launch_and_fit pid=2125057)[0m Fitting Client 19
[2m[36m(launch_and_fit pid=2125054)[0m malloc_consolidate(): invalid chunk size
[2m[36m(launch_and_fit pid=2125058)[0m malloc_consolidate(): invalid chunk size
[2m[36m(launch_and_fit pid=2125053)[0m malloc_consolidate(): invalid chunk size
[2m[36m(launch_and_fit pid=2125055)[0m malloc_consolidate(): invalid chunk size
[2m[36m(launch_and_fit pid=2125052)[0m malloc_consolidate(): invalid chunk size
[2m[36m(launch_and_fit pid=2125056)[0m malloc_consolidate(): invalid chunk size
[2m[36m(launch_and_fit pid=2125057)[0m malloc_consolidate(): invalid chunk size
INFO flwr 2023-08-15 20:11:17,210 | fed_df.py:540 | Distillation training stopped at step number : 250
INFO flwr 2023-08-15 20:11:17,210 | fed_df.py:547 | Average fusion training loss : 0.030141828611493112, val accuracy : 0.50756, best val accuracy : 0.5356
INFO flwr 2023-08-15 20:11:17,212 | common.py:35 | Avg. local train loss : 7.273766147345305, train acc : 0.5494388888888889
INFO flwr 2023-08-15 20:11:20,137 | server.py:116 | fit progress: (2, 1.5329331146240235, {'server_test_acc': 0.5298}, 198.51586246909574)
INFO flwr 2023-08-15 20:11:20,138 | server.py:163 | evaluate_round 2: no clients selected, cancel
DEBUG flwr 2023-08-15 20:11:29,649 | server.py:215 | fit_round 3: strategy sampled 8 clients (out of 20)
[2m[36m(launch_and_fit pid=2272593)[0m malloc_consolidate(): invalid chunk size
[2m[36m(launch_and_fit pid=2272589)[0m malloc_consolidate(): invalid chunk size
DEBUG flwr 2023-08-15 20:12:20,664 | server.py:229 | fit_round 3 received 8 results and 0 failures
INFO flwr 2023-08-15 20:12:20,931 | fed_df.py:463 | Performing server side distillation training...
[2m[36m(launch_and_fit pid=2272589)[0m Fitting Client 6
[2m[36m(launch_and_fit pid=2272593)[0m Fitting Client 13
[2m[36m(launch_and_fit pid=2272595)[0m Fitting Client 3
[2m[36m(launch_and_fit pid=2272605)[0m Fitting Client 1
[2m[36m(launch_and_fit pid=2272594)[0m Fitting Client 18
[2m[36m(launch_and_fit pid=2272603)[0m Fitting Client 7
[2m[36m(launch_and_fit pid=2272599)[0m Fitting Client 0
[2m[36m(launch_and_fit pid=2272604)[0m Fitting Client 12
[2m[36m(launch_and_fit pid=2272594)[0m malloc_consolidate(): invalid chunk size
E0815 20:12:21.648825523 2074666 chttp2_transport.cc:1079]             ipv4:145.136.62.20:65123: Received a GOAWAY with error code ENHANCE_YOUR_CALM and debug data equal to "too_many_pings". Current keepalive time (before throttling): 240000ms
[2m[36m(launch_and_fit pid=2272604)[0m corrupted size vs. prev_size in fastbins
[2m[36m(launch_and_fit pid=2272605)[0m double free or corruption (fasttop)
[2m[36m(launch_and_fit pid=2272599)[0m malloc_consolidate(): invalid chunk size
[2m[36m(launch_and_fit pid=2272603)[0m malloc_consolidate(): invalid chunk size
[2m[36m(launch_and_fit pid=2272595)[0m double free or corruption (fasttop)
INFO flwr 2023-08-15 20:12:56,735 | fed_df.py:540 | Distillation training stopped at step number : 250
INFO flwr 2023-08-15 20:12:56,735 | fed_df.py:547 | Average fusion training loss : 0.0216700046621263, val accuracy : 0.55356, best val accuracy : 0.5704
INFO flwr 2023-08-15 20:12:56,737 | common.py:35 | Avg. local train loss : 6.731641315668821, train acc : 0.6089805555555555
INFO flwr 2023-08-15 20:12:59,707 | server.py:116 | fit progress: (3, 1.5355751647949218, {'server_test_acc': 0.5674}, 298.0852069729008)
INFO flwr 2023-08-15 20:12:59,707 | server.py:163 | evaluate_round 3: no clients selected, cancel
DEBUG flwr 2023-08-15 20:13:09,117 | server.py:215 | fit_round 4: strategy sampled 8 clients (out of 20)
[2m[36m(launch_and_fit pid=2419849)[0m malloc_consolidate(): invalid chunk size
DEBUG flwr 2023-08-15 20:13:59,830 | server.py:229 | fit_round 4 received 8 results and 0 failures
INFO flwr 2023-08-15 20:14:00,098 | fed_df.py:463 | Performing server side distillation training...
[2m[36m(launch_and_fit pid=2419849)[0m Fitting Client 3
[2m[36m(launch_and_fit pid=2419856)[0m Fitting Client 13
[2m[36m(launch_and_fit pid=2419857)[0m Fitting Client 7
[2m[36m(launch_and_fit pid=2419861)[0m Fitting Client 9
[2m[36m(launch_and_fit pid=2419860)[0m Fitting Client 18
[2m[36m(launch_and_fit pid=2419854)[0m Fitting Client 17
[2m[36m(launch_and_fit pid=2419870)[0m Fitting Client 1
[2m[36m(launch_and_fit pid=2419869)[0m Fitting Client 14
[2m[36m(launch_and_fit pid=2419860)[0m malloc_consolidate(): invalid chunk size
[2m[36m(launch_and_fit pid=2419857)[0m malloc_consolidate(): invalid chunk size
[2m[36m(launch_and_fit pid=2419854)[0m malloc_consolidate(): invalid chunk size
[2m[36m(launch_and_fit pid=2419869)[0m double free or corruption (fasttop)
[2m[36m(launch_and_fit pid=2419856)[0m double free or corruption (fasttop)
[2m[36m(launch_and_fit pid=2419870)[0m malloc_consolidate(): invalid chunk size
[2m[36m(launch_and_fit pid=2419861)[0m malloc_consolidate(): invalid chunk size
E0815 20:14:06.159221050 2368150 chttp2_transport.cc:1079]             ipv4:145.136.62.20:65123: Received a GOAWAY with error code ENHANCE_YOUR_CALM and debug data equal to "too_many_pings". Current keepalive time (before throttling): 480000ms
INFO flwr 2023-08-15 20:14:35,976 | fed_df.py:540 | Distillation training stopped at step number : 250
INFO flwr 2023-08-15 20:14:35,976 | fed_df.py:547 | Average fusion training loss : 0.015277870047837495, val accuracy : 0.56776, best val accuracy : 0.5942
INFO flwr 2023-08-15 20:14:35,978 | common.py:35 | Avg. local train loss : 6.359264919906854, train acc : 0.6501416666666666
INFO flwr 2023-08-15 20:14:38,909 | server.py:116 | fit progress: (4, 1.4614495361328126, {'server_test_acc': 0.59}, 397.28721270198)
INFO flwr 2023-08-15 20:14:38,909 | server.py:163 | evaluate_round 4: no clients selected, cancel
DEBUG flwr 2023-08-15 20:14:48,411 | server.py:215 | fit_round 5: strategy sampled 8 clients (out of 20)
[2m[36m(launch_and_fit pid=2566749)[0m malloc_consolidate(): invalid chunk size
DEBUG flwr 2023-08-15 20:15:39,074 | server.py:229 | fit_round 5 received 8 results and 0 failures
INFO flwr 2023-08-15 20:15:39,288 | fed_df.py:365 | Warm start at round 5
INFO flwr 2023-08-15 20:15:39,404 | fed_df.py:463 | Performing server side distillation training...
[2m[36m(launch_and_fit pid=2566749)[0m Fitting Client 12
[2m[36m(launch_and_fit pid=2566752)[0m Fitting Client 19
[2m[36m(launch_and_fit pid=2566755)[0m Fitting Client 13
[2m[36m(launch_and_fit pid=2566745)[0m Fitting Client 4
[2m[36m(launch_and_fit pid=2566753)[0m Fitting Client 9
[2m[36m(launch_and_fit pid=2566751)[0m Fitting Client 18
[2m[36m(launch_and_fit pid=2566754)[0m Fitting Client 16
[2m[36m(launch_and_fit pid=2566756)[0m Fitting Client 17
[2m[36m(launch_and_fit pid=2566753)[0m corrupted size vs. prev_size in fastbins
[2m[36m(launch_and_fit pid=2566751)[0m malloc_consolidate(): invalid chunk size
[2m[36m(launch_and_fit pid=2566755)[0m double free or corruption (fasttop)
[2m[36m(launch_and_fit pid=2566756)[0m malloc_consolidate(): invalid chunk size
E0815 20:15:40.718074585 2660606 chttp2_transport.cc:1079]             ipv4:145.136.62.20:65123: Received a GOAWAY with error code ENHANCE_YOUR_CALM and debug data equal to "too_many_pings". Current keepalive time (before throttling): 960000ms
[2m[36m(launch_and_fit pid=2566745)[0m double free or corruption (fasttop)
[2m[36m(launch_and_fit pid=2566752)[0m malloc_consolidate(): invalid chunk size
[2m[36m(launch_and_fit pid=2566754)[0m malloc_consolidate(): invalid chunk size
INFO flwr 2023-08-15 20:16:16,119 | fed_df.py:540 | Distillation training stopped at step number : 250
INFO flwr 2023-08-15 20:16:16,119 | fed_df.py:547 | Average fusion training loss : 0.021132912151515484, val accuracy : 0.62196, best val accuracy : 0.6392
INFO flwr 2023-08-15 20:16:16,121 | common.py:35 | Avg. local train loss : 6.0560911923646925, train acc : 0.6811555555555555
INFO flwr 2023-08-15 20:16:19,064 | server.py:116 | fit progress: (5, 1.3502026306152344, {'server_test_acc': 0.628}, 497.4429650809616)
INFO flwr 2023-08-15 20:16:19,065 | server.py:163 | evaluate_round 5: no clients selected, cancel
DEBUG flwr 2023-08-15 20:16:28,461 | server.py:215 | fit_round 6: strategy sampled 8 clients (out of 20)
[2m[36m(launch_and_fit pid=2714120)[0m malloc_consolidate(): invalid chunk size
[2m[36m(launch_and_fit pid=2714112)[0m malloc_consolidate(): invalid chunk size
DEBUG flwr 2023-08-15 20:17:19,105 | server.py:229 | fit_round 6 received 8 results and 0 failures
[2m[36m(launch_and_fit pid=2714118)[0m double free or corruption (fasttop)
INFO flwr 2023-08-15 20:17:19,405 | fed_df.py:463 | Performing server side distillation training...
[2m[36m(launch_and_fit pid=2714112)[0m Fitting Client 9
[2m[36m(launch_and_fit pid=2714114)[0m Fitting Client 11
[2m[36m(launch_and_fit pid=2714118)[0m Fitting Client 14
[2m[36m(launch_and_fit pid=2714120)[0m Fitting Client 2
[2m[36m(launch_and_fit pid=2714119)[0m Fitting Client 0
[2m[36m(launch_and_fit pid=2714116)[0m Fitting Client 12
[2m[36m(launch_and_fit pid=2714122)[0m Fitting Client 8
[2m[36m(launch_and_fit pid=2714121)[0m Fitting Client 15
[2m[36m(launch_and_fit pid=2714122)[0m double free or corruption (fasttop)
[2m[36m(launch_and_fit pid=2714121)[0m double free or corruption (fasttop)
E0815 20:17:20.293322262 2660823 chttp2_transport.cc:1079]             ipv4:145.136.62.20:65123: Received a GOAWAY with error code ENHANCE_YOUR_CALM and debug data equal to "too_many_pings". Current keepalive time (before throttling): 1920000ms
[2m[36m(launch_and_fit pid=2714116)[0m double free or corruption (fasttop)
[2m[36m(launch_and_fit pid=2714119)[0m double free or corruption (fasttop)
[2m[36m(launch_and_fit pid=2714114)[0m malloc_consolidate(): invalid chunk size
E0815 20:17:20.994359656 2812382 chttp2_transport.cc:1079]             ipv4:145.136.62.20:65123: Received a GOAWAY with error code ENHANCE_YOUR_CALM and debug data equal to "too_many_pings". Current keepalive time (before throttling): 3840000ms
E0815 20:17:51.083970048 2866409 chttp2_transport.cc:1079]             ipv4:145.136.62.20:65123: Received a GOAWAY with error code ENHANCE_YOUR_CALM and debug data equal to "too_many_pings". Current keepalive time (before throttling): 7680000ms
INFO flwr 2023-08-15 20:17:54,957 | fed_df.py:540 | Distillation training stopped at step number : 250
INFO flwr 2023-08-15 20:17:54,957 | fed_df.py:547 | Average fusion training loss : 0.016701838705688716, val accuracy : 0.64476, best val accuracy : 0.6594
INFO flwr 2023-08-15 20:17:54,959 | common.py:35 | Avg. local train loss : 5.607246552035212, train acc : 0.7280805555555555
INFO flwr 2023-08-15 20:17:57,894 | server.py:116 | fit progress: (6, 1.392304037475586, {'server_test_acc': 0.6467}, 596.2720851828344)
INFO flwr 2023-08-15 20:17:57,894 | server.py:163 | evaluate_round 6: no clients selected, cancel
DEBUG flwr 2023-08-15 20:18:07,353 | server.py:215 | fit_round 7: strategy sampled 8 clients (out of 20)
DEBUG flwr 2023-08-15 20:18:58,155 | server.py:229 | fit_round 7 received 8 results and 0 failures
INFO flwr 2023-08-15 20:18:58,446 | fed_df.py:463 | Performing server side distillation training...
[2m[36m(launch_and_fit pid=2881336)[0m Fitting Client 7
[2m[36m(launch_and_fit pid=2881422)[0m Fitting Client 19
[2m[36m(launch_and_fit pid=2881427)[0m Fitting Client 1
[2m[36m(launch_and_fit pid=2881423)[0m Fitting Client 18
[2m[36m(launch_and_fit pid=2881432)[0m Fitting Client 0
[2m[36m(launch_and_fit pid=2881469)[0m Fitting Client 2
[2m[36m(launch_and_fit pid=2881478)[0m Fitting Client 5
[2m[36m(launch_and_fit pid=2881476)[0m Fitting Client 13
[2m[36m(launch_and_fit pid=2881422)[0m malloc_consolidate(): invalid chunk size
[2m[36m(launch_and_fit pid=2881427)[0m malloc_consolidate(): invalid chunk size
[2m[36m(launch_and_fit pid=2881478)[0m double free or corruption (fasttop)
[2m[36m(launch_and_fit pid=2881432)[0m double free or corruption (fasttop)
[2m[36m(launch_and_fit pid=2881423)[0m malloc_consolidate(): invalid chunk size
[2m[36m(launch_and_fit pid=2881476)[0m malloc_consolidate(): invalid chunk size
[2m[36m(launch_and_fit pid=2881469)[0m malloc_consolidate(): invalid chunk size
E0815 20:19:00.005400731 2867403 chttp2_transport.cc:1079]             ipv4:145.136.62.20:65123: Received a GOAWAY with error code ENHANCE_YOUR_CALM and debug data equal to "too_many_pings". Current keepalive time (before throttling): 15360000ms
INFO flwr 2023-08-15 20:19:34,850 | fed_df.py:540 | Distillation training stopped at step number : 250
INFO flwr 2023-08-15 20:19:34,851 | fed_df.py:547 | Average fusion training loss : 0.015745951522141696, val accuracy : 0.6512399999999999, best val accuracy : 0.6616
INFO flwr 2023-08-15 20:19:34,852 | common.py:35 | Avg. local train loss : 5.518265802413224, train acc : 0.7374666666666666
INFO flwr 2023-08-15 20:19:37,775 | server.py:116 | fit progress: (7, 1.3927789825439454, {'server_test_acc': 0.6466}, 696.1533080390655)
INFO flwr 2023-08-15 20:19:37,775 | server.py:163 | evaluate_round 7: no clients selected, cancel
DEBUG flwr 2023-08-15 20:19:47,305 | server.py:215 | fit_round 8: strategy sampled 8 clients (out of 20)
[2m[36m(launch_and_fit pid=3038012)[0m double free or corruption (fasttop)
[2m[36m(launch_and_fit pid=3038027)[0m malloc_consolidate(): invalid chunk size
[2m[36m(launch_and_fit pid=3038010)[0m double free or corruption (fasttop)
DEBUG flwr 2023-08-15 20:20:39,072 | server.py:229 | fit_round 8 received 8 results and 0 failures
INFO flwr 2023-08-15 20:20:39,359 | fed_df.py:463 | Performing server side distillation training...
[2m[36m(launch_and_fit pid=3038012)[0m Fitting Client 14
[2m[36m(launch_and_fit pid=3038010)[0m Fitting Client 7
[2m[36m(launch_and_fit pid=3038026)[0m Fitting Client 8
[2m[36m(launch_and_fit pid=3038025)[0m Fitting Client 4
[2m[36m(launch_and_fit pid=3038008)[0m Fitting Client 16
[2m[36m(launch_and_fit pid=3038027)[0m Fitting Client 11
[2m[36m(launch_and_fit pid=3038011)[0m Fitting Client 10
[2m[36m(launch_and_fit pid=3038007)[0m Fitting Client 1
[2m[36m(launch_and_fit pid=3038025)[0m malloc_consolidate(): invalid chunk size
[2m[36m(launch_and_fit pid=3038008)[0m malloc_consolidate(): invalid chunk size
[2m[36m(launch_and_fit pid=3038007)[0m double free or corruption (fasttop)
E0815 20:20:40.087315175 3132456 chttp2_transport.cc:1079]             ipv4:145.136.62.20:65123: Received a GOAWAY with error code ENHANCE_YOUR_CALM and debug data equal to "too_many_pings". Current keepalive time (before throttling): 30720000ms
[2m[36m(launch_and_fit pid=3038011)[0m double free or corruption (fasttop)
[2m[36m(launch_and_fit pid=3038026)[0m malloc_consolidate(): invalid chunk size
INFO flwr 2023-08-15 20:21:15,292 | fed_df.py:540 | Distillation training stopped at step number : 250
INFO flwr 2023-08-15 20:21:15,292 | fed_df.py:547 | Average fusion training loss : 0.01259051938727498, val accuracy : 0.66372, best val accuracy : 0.6758
INFO flwr 2023-08-15 20:21:15,294 | common.py:35 | Avg. local train loss : 5.5014489147812125, train acc : 0.7382861111111112
INFO flwr 2023-08-15 20:21:18,241 | server.py:116 | fit progress: (8, 1.4002009704589844, {'server_test_acc': 0.655}, 796.6198554676957)
INFO flwr 2023-08-15 20:21:18,242 | server.py:163 | evaluate_round 8: no clients selected, cancel
DEBUG flwr 2023-08-15 20:21:27,706 | server.py:215 | fit_round 9: strategy sampled 8 clients (out of 20)
[2m[36m(launch_and_fit pid=3185415)[0m malloc_consolidate(): invalid chunk size
[2m[36m(launch_and_fit pid=3185418)[0m malloc_consolidate(): invalid chunk size
[2m[36m(launch_and_fit pid=3185425)[0m malloc_consolidate(): invalid chunk size
DEBUG flwr 2023-08-15 20:22:19,531 | server.py:229 | fit_round 9 received 8 results and 0 failures
INFO flwr 2023-08-15 20:22:19,815 | fed_df.py:463 | Performing server side distillation training...
[2m[36m(launch_and_fit pid=3185421)[0m malloc_consolidate(): invalid chunk size
[2m[36m(launch_and_fit pid=3185415)[0m Fitting Client 1
[2m[36m(launch_and_fit pid=3185418)[0m Fitting Client 0
[2m[36m(launch_and_fit pid=3185419)[0m Fitting Client 19
[2m[36m(launch_and_fit pid=3185421)[0m Fitting Client 17
[2m[36m(launch_and_fit pid=3185425)[0m Fitting Client 13
[2m[36m(launch_and_fit pid=3185423)[0m Fitting Client 9
[2m[36m(launch_and_fit pid=3185417)[0m Fitting Client 6
[2m[36m(launch_and_fit pid=3185424)[0m Fitting Client 18
[2m[36m(launch_and_fit pid=3185419)[0m corrupted size vs. prev_size in fastbins
[2m[36m(launch_and_fit pid=3185423)[0m double free or corruption (fasttop)
[2m[36m(launch_and_fit pid=3185417)[0m double free or corruption (fasttop)
[2m[36m(launch_and_fit pid=3185424)[0m double free or corruption (fasttop)
E0815 20:22:22.160623545 3281147 chttp2_transport.cc:1079]             ipv4:145.136.62.20:65123: Received a GOAWAY with error code ENHANCE_YOUR_CALM and debug data equal to "too_many_pings". Current keepalive time (before throttling): 61440000ms
INFO flwr 2023-08-15 20:22:55,847 | fed_df.py:540 | Distillation training stopped at step number : 250
INFO flwr 2023-08-15 20:22:55,847 | fed_df.py:547 | Average fusion training loss : 0.021809814125299455, val accuracy : 0.65696, best val accuracy : 0.6614
INFO flwr 2023-08-15 20:22:55,849 | common.py:35 | Avg. local train loss : 5.413383312895894, train acc : 0.7478305555555557
INFO flwr 2023-08-15 20:22:58,789 | server.py:116 | fit progress: (9, 1.4040883850097656, {'server_test_acc': 0.6546}, 897.1675171917304)
INFO flwr 2023-08-15 20:22:58,789 | server.py:163 | evaluate_round 9: no clients selected, cancel
DEBUG flwr 2023-08-15 20:23:08,366 | server.py:215 | fit_round 10: strategy sampled 8 clients (out of 20)
[2m[36m(launch_and_fit pid=3332781)[0m malloc_consolidate(): invalid chunk size
DEBUG flwr 2023-08-15 20:23:59,742 | server.py:229 | fit_round 10 received 8 results and 0 failures
INFO flwr 2023-08-15 20:23:59,962 | fed_df.py:365 | Warm start at round 10
[2m[36m(launch_and_fit pid=3332793)[0m double free or corruption (fasttop)
INFO flwr 2023-08-15 20:24:00,093 | fed_df.py:463 | Performing server side distillation training...
[2m[36m(launch_and_fit pid=3332781)[0m Fitting Client 12
[2m[36m(launch_and_fit pid=3332794)[0m Fitting Client 0
[2m[36m(launch_and_fit pid=3332796)[0m Fitting Client 10
[2m[36m(launch_and_fit pid=3332793)[0m Fitting Client 8
[2m[36m(launch_and_fit pid=3332799)[0m Fitting Client 7
[2m[36m(launch_and_fit pid=3332801)[0m Fitting Client 3
[2m[36m(launch_and_fit pid=3332800)[0m Fitting Client 6
[2m[36m(launch_and_fit pid=3332795)[0m Fitting Client 15
[2m[36m(launch_and_fit pid=3332795)[0m malloc_consolidate(): invalid chunk size
[2m[36m(launch_and_fit pid=3332796)[0m double free or corruption (fasttop)
[2m[36m(launch_and_fit pid=3332800)[0m malloc_consolidate(): invalid chunk size
E0815 20:24:00.899446687 3282194 chttp2_transport.cc:1079]             ipv4:145.136.62.20:65123: Received a GOAWAY with error code ENHANCE_YOUR_CALM and debug data equal to "too_many_pings". Current keepalive time (before throttling): 122880000ms
[2m[36m(launch_and_fit pid=3332801)[0m malloc_consolidate(): invalid chunk size
[2m[36m(launch_and_fit pid=3332799)[0m malloc_consolidate(): invalid chunk size
[2m[36m(launch_and_fit pid=3332794)[0m malloc_consolidate(): invalid chunk size
INFO flwr 2023-08-15 20:24:36,093 | fed_df.py:540 | Distillation training stopped at step number : 250
INFO flwr 2023-08-15 20:24:36,094 | fed_df.py:547 | Average fusion training loss : 0.021748048592358828, val accuracy : 0.67604, best val accuracy : 0.688
INFO flwr 2023-08-15 20:24:36,096 | common.py:35 | Avg. local train loss : 5.395783626288177, train acc : 0.7479416666666666
INFO flwr 2023-08-15 20:24:39,041 | server.py:116 | fit progress: (10, 1.33301259765625, {'server_test_acc': 0.6728}, 997.4199885688722)
INFO flwr 2023-08-15 20:24:39,042 | server.py:163 | evaluate_round 10: no clients selected, cancel
DEBUG flwr 2023-08-15 20:24:48,502 | server.py:215 | fit_round 11: strategy sampled 8 clients (out of 20)
[2m[36m(launch_and_fit pid=3480278)[0m malloc_consolidate(): invalid chunk size
[2m[36m(launch_and_fit pid=3480292)[0m malloc_consolidate(): invalid chunk size
[2m[36m(launch_and_fit pid=3480276)[0m double free or corruption (fasttop)
DEBUG flwr 2023-08-15 20:25:40,765 | server.py:229 | fit_round 11 received 8 results and 0 failures
[2m[36m(launch_and_fit pid=3480280)[0m malloc_consolidate(): invalid chunk size
INFO flwr 2023-08-15 20:25:41,055 | fed_df.py:463 | Performing server side distillation training...
[2m[36m(launch_and_fit pid=3480276)[0m Fitting Client 19
[2m[36m(launch_and_fit pid=3480278)[0m Fitting Client 14
[2m[36m(launch_and_fit pid=3480280)[0m Fitting Client 16
[2m[36m(launch_and_fit pid=3480292)[0m Fitting Client 4
[2m[36m(launch_and_fit pid=3480291)[0m Fitting Client 3
[2m[36m(launch_and_fit pid=3480279)[0m Fitting Client 8
[2m[36m(launch_and_fit pid=3480284)[0m Fitting Client 2
[2m[36m(launch_and_fit pid=3480285)[0m Fitting Client 17
E0815 20:25:41.510373794 3427517 chttp2_transport.cc:1079]             ipv4:145.136.62.20:65123: Received a GOAWAY with error code ENHANCE_YOUR_CALM and debug data equal to "too_many_pings". Current keepalive time (before throttling): 245760000ms
[2m[36m(launch_and_fit pid=3480291)[0m malloc_consolidate(): invalid chunk size
[2m[36m(launch_and_fit pid=3480285)[0m double free or corruption (fasttop)
[2m[36m(launch_and_fit pid=3480284)[0m malloc_consolidate(): invalid chunk size
[2m[36m(launch_and_fit pid=3480279)[0m malloc_consolidate(): invalid chunk size
INFO flwr 2023-08-15 20:26:17,436 | fed_df.py:540 | Distillation training stopped at step number : 250
INFO flwr 2023-08-15 20:26:17,436 | fed_df.py:547 | Average fusion training loss : 0.009768200227990747, val accuracy : 0.69148, best val accuracy : 0.7038
INFO flwr 2023-08-15 20:26:17,438 | common.py:35 | Avg. local train loss : 5.078822006285191, train acc : 0.7788722222222222
INFO flwr 2023-08-15 20:26:20,435 | server.py:116 | fit progress: (11, 1.3894465576171875, {'server_test_acc': 0.6932}, 1098.8136416277848)
INFO flwr 2023-08-15 20:26:20,435 | server.py:163 | evaluate_round 11: no clients selected, cancel
DEBUG flwr 2023-08-15 20:26:29,981 | server.py:215 | fit_round 12: strategy sampled 8 clients (out of 20)
DEBUG flwr 2023-08-15 20:27:19,669 | server.py:229 | fit_round 12 received 8 results and 0 failures
INFO flwr 2023-08-15 20:27:19,956 | fed_df.py:463 | Performing server side distillation training...
[2m[36m(launch_and_fit pid=3628316)[0m Fitting Client 5
[2m[36m(launch_and_fit pid=3628323)[0m Fitting Client 14
[2m[36m(launch_and_fit pid=3628321)[0m Fitting Client 3
[2m[36m(launch_and_fit pid=3628322)[0m Fitting Client 16
[2m[36m(launch_and_fit pid=3628320)[0m Fitting Client 0
[2m[36m(launch_and_fit pid=3628324)[0m Fitting Client 11
[2m[36m(launch_and_fit pid=3628325)[0m Fitting Client 10
[2m[36m(launch_and_fit pid=3628326)[0m Fitting Client 17
[2m[36m(launch_and_fit pid=3628316)[0m malloc_consolidate(): invalid chunk size
[2m[36m(launch_and_fit pid=3628323)[0m malloc_consolidate(): invalid chunk size
[2m[36m(launch_and_fit pid=3628322)[0m malloc_consolidate(): invalid chunk size
[2m[36m(launch_and_fit pid=3628321)[0m malloc_consolidate(): invalid chunk size
[2m[36m(launch_and_fit pid=3628326)[0m malloc_consolidate(): invalid chunk size
[2m[36m(launch_and_fit pid=3628320)[0m malloc_consolidate(): invalid chunk size
[2m[36m(launch_and_fit pid=3628324)[0m double free or corruption (fasttop)
E0815 20:27:22.590416615 3575033 chttp2_transport.cc:1079]             ipv4:145.136.62.20:65123: Received a GOAWAY with error code ENHANCE_YOUR_CALM and debug data equal to "too_many_pings". Current keepalive time (before throttling): 491520000ms
[2m[36m(launch_and_fit pid=3628325)[0m malloc_consolidate(): invalid chunk size
INFO flwr 2023-08-15 20:27:56,402 | fed_df.py:540 | Distillation training stopped at step number : 250
INFO flwr 2023-08-15 20:27:56,403 | fed_df.py:547 | Average fusion training loss : 0.012860327547416091, val accuracy : 0.69812, best val accuracy : 0.7008
INFO flwr 2023-08-15 20:27:56,405 | common.py:35 | Avg. local train loss : 5.095379515737296, train acc : 0.7801861111111111
INFO flwr 2023-08-15 20:27:59,408 | server.py:116 | fit progress: (12, 1.3955066131591798, {'server_test_acc': 0.6957}, 1197.7869875379838)
INFO flwr 2023-08-15 20:27:59,409 | server.py:163 | evaluate_round 12: no clients selected, cancel
DEBUG flwr 2023-08-15 20:28:08,828 | server.py:215 | fit_round 13: strategy sampled 8 clients (out of 20)
[2m[36m(launch_and_fit pid=3775639)[0m malloc(): unsorted double linked list corrupted
DEBUG flwr 2023-08-15 20:28:59,923 | server.py:229 | fit_round 13 received 8 results and 0 failures
INFO flwr 2023-08-15 20:29:00,208 | fed_df.py:463 | Performing server side distillation training...
[2m[36m(launch_and_fit pid=3775639)[0m Fitting Client 10
[2m[36m(launch_and_fit pid=3775662)[0m Fitting Client 13
[2m[36m(launch_and_fit pid=3775664)[0m Fitting Client 4
[2m[36m(launch_and_fit pid=3775653)[0m Fitting Client 6
[2m[36m(launch_and_fit pid=3775660)[0m Fitting Client 8
[2m[36m(launch_and_fit pid=3775663)[0m Fitting Client 5
[2m[36m(launch_and_fit pid=3775665)[0m Fitting Client 3
[2m[36m(launch_and_fit pid=3775643)[0m Fitting Client 17
[2m[36m(launch_and_fit pid=3775664)[0m double free or corruption (fasttop)
[2m[36m(launch_and_fit pid=3775643)[0m double free or corruption (fasttop)
E0815 20:29:01.118112635 3725410 chttp2_transport.cc:1079]             ipv4:145.136.62.20:65123: Received a GOAWAY with error code ENHANCE_YOUR_CALM and debug data equal to "too_many_pings". Current keepalive time (before throttling): 983040000ms
[2m[36m(launch_and_fit pid=3775662)[0m double free or corruption (fasttop)
[2m[36m(launch_and_fit pid=3775663)[0m malloc_consolidate(): invalid chunk size
[2m[36m(launch_and_fit pid=3775653)[0m malloc_consolidate(): invalid chunk size
[2m[36m(launch_and_fit pid=3775660)[0m malloc_consolidate(): invalid chunk size
[2m[36m(launch_and_fit pid=3775665)[0m malloc_consolidate(): invalid chunk size
E0815 20:29:08.059910913 3870589 chttp2_transport.cc:1079]             ipv4:145.136.62.20:65123: Received a GOAWAY with error code ENHANCE_YOUR_CALM and debug data equal to "too_many_pings". Current keepalive time (before throttling): 1966080000ms
INFO flwr 2023-08-15 20:29:36,297 | fed_df.py:540 | Distillation training stopped at step number : 250
INFO flwr 2023-08-15 20:29:36,297 | fed_df.py:547 | Average fusion training loss : 0.011285129114985465, val accuracy : 0.69892, best val accuracy : 0.7108
INFO flwr 2023-08-15 20:29:36,299 | common.py:35 | Avg. local train loss : 5.0829874034971, train acc : 0.7810166666666667
INFO flwr 2023-08-15 20:29:39,242 | server.py:116 | fit progress: (13, 1.4023922393798829, {'server_test_acc': 0.7027}, 1297.6205979478545)
INFO flwr 2023-08-15 20:29:39,242 | server.py:163 | evaluate_round 13: no clients selected, cancel
DEBUG flwr 2023-08-15 20:29:48,722 | server.py:215 | fit_round 14: strategy sampled 8 clients (out of 20)
[2m[36m(launch_and_fit pid=3923113)[0m malloc_consolidate(): invalid chunk size
[2m[36m(launch_and_fit pid=3923109)[0m malloc_consolidate(): invalid chunk size
DEBUG flwr 2023-08-15 20:30:39,826 | server.py:229 | fit_round 14 received 8 results and 0 failures
INFO flwr 2023-08-15 20:30:40,113 | fed_df.py:463 | Performing server side distillation training...
[2m[36m(launch_and_fit pid=3923109)[0m Fitting Client 12
[2m[36m(launch_and_fit pid=3923113)[0m Fitting Client 6
[2m[36m(launch_and_fit pid=3923131)[0m Fitting Client 13
[2m[36m(launch_and_fit pid=3923132)[0m Fitting Client 15
[2m[36m(launch_and_fit pid=3923128)[0m Fitting Client 14
[2m[36m(launch_and_fit pid=3923135)[0m Fitting Client 2
[2m[36m(launch_and_fit pid=3923134)[0m Fitting Client 4
[2m[36m(launch_and_fit pid=3923133)[0m Fitting Client 18
E0815 20:30:40.592510376 4015837 chttp2_transport.cc:1079]             ipv4:145.136.62.20:65123: Received a GOAWAY with error code ENHANCE_YOUR_CALM and debug data equal to "too_many_pings". Current keepalive time (before throttling): ∞
[2m[36m(launch_and_fit pid=3923135)[0m double free or corruption (fasttop)
[2m[36m(launch_and_fit pid=3923128)[0m malloc_consolidate(): invalid chunk size
[2m[36m(launch_and_fit pid=3923133)[0m double free or corruption (fasttop)
[2m[36m(launch_and_fit pid=3923131)[0m malloc_consolidate(): invalid chunk size
[2m[36m(launch_and_fit pid=3923132)[0m malloc_consolidate(): invalid chunk size
[2m[36m(launch_and_fit pid=3923134)[0m malloc_consolidate(): invalid chunk size
E0815 20:30:43.154116272 4017197 chttp2_transport.cc:1079]             ipv4:145.136.62.20:65123: Received a GOAWAY with error code ENHANCE_YOUR_CALM and debug data equal to "too_many_pings". Current keepalive time (before throttling): ∞
INFO flwr 2023-08-15 20:31:16,109 | fed_df.py:540 | Distillation training stopped at step number : 250
INFO flwr 2023-08-15 20:31:16,110 | fed_df.py:547 | Average fusion training loss : 0.014688351187855005, val accuracy : 0.69492, best val accuracy : 0.7002
INFO flwr 2023-08-15 20:31:16,112 | common.py:35 | Avg. local train loss : 5.10531331487, train acc : 0.7797194444444444
INFO flwr 2023-08-15 20:31:19,037 | server.py:116 | fit progress: (14, 1.4102762512207032, {'server_test_acc': 0.6916}, 1397.4150008517317)
INFO flwr 2023-08-15 20:31:19,037 | server.py:163 | evaluate_round 14: no clients selected, cancel
DEBUG flwr 2023-08-15 20:31:28,490 | server.py:215 | fit_round 15: strategy sampled 8 clients (out of 20)
[2m[36m(launch_and_fit pid=4070405)[0m malloc_consolidate(): invalid chunk size
DEBUG flwr 2023-08-15 20:32:20,120 | server.py:229 | fit_round 15 received 8 results and 0 failures
INFO flwr 2023-08-15 20:32:20,340 | fed_df.py:365 | Warm start at round 15
[2m[36m(launch_and_fit pid=4070417)[0m double free or corruption (fasttop)
INFO flwr 2023-08-15 20:32:20,472 | fed_df.py:463 | Performing server side distillation training...
[2m[36m(launch_and_fit pid=4070405)[0m Fitting Client 13
[2m[36m(launch_and_fit pid=4070417)[0m Fitting Client 2
[2m[36m(launch_and_fit pid=4070420)[0m Fitting Client 16
[2m[36m(launch_and_fit pid=4070415)[0m Fitting Client 11
[2m[36m(launch_and_fit pid=4070412)[0m Fitting Client 0
[2m[36m(launch_and_fit pid=4070418)[0m Fitting Client 6
[2m[36m(launch_and_fit pid=4070421)[0m Fitting Client 8
[2m[36m(launch_and_fit pid=4070419)[0m Fitting Client 14
E0815 20:32:21.204378801 4164575 chttp2_transport.cc:1079]             ipv4:145.136.62.20:65123: Received a GOAWAY with error code ENHANCE_YOUR_CALM and debug data equal to "too_many_pings". Current keepalive time (before throttling): ∞
[2m[36m(launch_and_fit pid=4070415)[0m malloc_consolidate(): invalid chunk size
[2m[36m(launch_and_fit pid=4070412)[0m malloc_consolidate(): invalid chunk size
[2m[36m(launch_and_fit pid=4070419)[0m double free or corruption (fasttop)
[2m[36m(launch_and_fit pid=4070420)[0m malloc_consolidate(): invalid chunk size
[2m[36m(launch_and_fit pid=4070418)[0m malloc_consolidate(): invalid chunk size
E0815 20:32:21.978871727 4165841 chttp2_transport.cc:1079]             ipv4:145.136.62.20:65123: Received a GOAWAY with error code ENHANCE_YOUR_CALM and debug data equal to "too_many_pings". Current keepalive time (before throttling): ∞
[2m[36m(launch_and_fit pid=4070421)[0m malloc_consolidate(): invalid chunk size
INFO flwr 2023-08-15 20:32:56,685 | fed_df.py:540 | Distillation training stopped at step number : 250
INFO flwr 2023-08-15 20:32:56,685 | fed_df.py:547 | Average fusion training loss : 0.015991023380309343, val accuracy : 0.7097199999999999, best val accuracy : 0.72
INFO flwr 2023-08-15 20:32:56,687 | common.py:35 | Avg. local train loss : 5.0866690196096895, train acc : 0.7816249999999999
INFO flwr 2023-08-15 20:32:59,709 | server.py:116 | fit progress: (15, 1.429193408203125, {'server_test_acc': 0.7085}, 1498.087543356698)
INFO flwr 2023-08-15 20:32:59,709 | server.py:163 | evaluate_round 15: no clients selected, cancel
DEBUG flwr 2023-08-15 20:33:09,312 | server.py:215 | fit_round 16: strategy sampled 8 clients (out of 20)
DEBUG flwr 2023-08-15 20:33:59,974 | server.py:229 | fit_round 16 received 8 results and 0 failures
[2m[36m(launch_and_fit pid=42837)[0m double free or corruption (fasttop)
INFO flwr 2023-08-15 20:34:00,263 | fed_df.py:463 | Performing server side distillation training...
[2m[36m(launch_and_fit pid=42837)[0m Fitting Client 8
[2m[36m(launch_and_fit pid=42836)[0m Fitting Client 18
[2m[36m(launch_and_fit pid=42833)[0m Fitting Client 1
[2m[36m(launch_and_fit pid=42847)[0m Fitting Client 10
[2m[36m(launch_and_fit pid=42848)[0m Fitting Client 17
[2m[36m(launch_and_fit pid=42835)[0m Fitting Client 3
[2m[36m(launch_and_fit pid=42845)[0m Fitting Client 14
[2m[36m(launch_and_fit pid=42846)[0m Fitting Client 6
[2m[36m(launch_and_fit pid=42833)[0m double free or corruption (fasttop)
[2m[36m(launch_and_fit pid=42847)[0m double free or corruption (fasttop)
[2m[36m(launch_and_fit pid=42836)[0m malloc_consolidate(): invalid chunk size
[2m[36m(launch_and_fit pid=42846)[0m double free or corruption (fasttop)
[2m[36m(launch_and_fit pid=42848)[0m malloc_consolidate(): invalid chunk size
[2m[36m(launch_and_fit pid=42835)[0m malloc_consolidate(): invalid chunk size
[2m[36m(launch_and_fit pid=42845)[0m malloc_consolidate(): invalid chunk size
E0815 20:34:01.982047515  145124 chttp2_transport.cc:1079]             ipv4:145.136.62.20:65123: Received a GOAWAY with error code ENHANCE_YOUR_CALM and debug data equal to "too_many_pings". Current keepalive time (before throttling): ∞
INFO flwr 2023-08-15 20:34:41,357 | fed_df.py:540 | Distillation training stopped at step number : 250
INFO flwr 2023-08-15 20:34:41,357 | fed_df.py:547 | Average fusion training loss : 0.0076122541502118115, val accuracy : 0.7177199999999999, best val accuracy : 0.7276
INFO flwr 2023-08-15 20:34:41,359 | common.py:35 | Avg. local train loss : 4.827562152594328, train acc : 0.8067472222222223
INFO flwr 2023-08-15 20:34:44,318 | server.py:116 | fit progress: (16, 1.4584983612060547, {'server_test_acc': 0.7206}, 1602.6969672488049)
INFO flwr 2023-08-15 20:34:44,319 | server.py:163 | evaluate_round 16: no clients selected, cancel
DEBUG flwr 2023-08-15 20:34:53,789 | server.py:215 | fit_round 17: strategy sampled 8 clients (out of 20)
DEBUG flwr 2023-08-15 20:35:44,274 | server.py:229 | fit_round 17 received 8 results and 0 failures
[2m[36m(launch_and_fit pid=201584)[0m malloc_consolidate(): invalid chunk size
INFO flwr 2023-08-15 20:35:44,561 | fed_df.py:463 | Performing server side distillation training...
[2m[36m(launch_and_fit pid=201524)[0m Fitting Client 10
[2m[36m(launch_and_fit pid=201584)[0m Fitting Client 2
[2m[36m(launch_and_fit pid=201598)[0m Fitting Client 19
[2m[36m(launch_and_fit pid=201523)[0m Fitting Client 11
[2m[36m(launch_and_fit pid=201588)[0m Fitting Client 1
[2m[36m(launch_and_fit pid=201591)[0m Fitting Client 5
[2m[36m(launch_and_fit pid=201595)[0m Fitting Client 6
[2m[36m(launch_and_fit pid=201597)[0m Fitting Client 7
[2m[36m(launch_and_fit pid=201524)[0m malloc_consolidate(): invalid chunk size
E0815 20:35:45.382507853  296379 chttp2_transport.cc:1079]             ipv4:145.136.62.20:65123: Received a GOAWAY with error code ENHANCE_YOUR_CALM and debug data equal to "too_many_pings". Current keepalive time (before throttling): ∞
[2m[36m(launch_and_fit pid=201595)[0m malloc_consolidate(): invalid chunk size
[2m[36m(launch_and_fit pid=201523)[0m malloc_consolidate(): invalid chunk size
[2m[36m(launch_and_fit pid=201591)[0m malloc_consolidate(): invalid chunk size
[2m[36m(launch_and_fit pid=201597)[0m double free or corruption (fasttop)
[2m[36m(launch_and_fit pid=201598)[0m corrupted size vs. prev_size in fastbins
[2m[36m(launch_and_fit pid=201588)[0m double free or corruption (fasttop)
INFO flwr 2023-08-15 20:36:20,934 | fed_df.py:540 | Distillation training stopped at step number : 250
INFO flwr 2023-08-15 20:36:20,935 | fed_df.py:547 | Average fusion training loss : 0.009733062228187919, val accuracy : 0.7094400000000001, best val accuracy : 0.7168
INFO flwr 2023-08-15 20:36:20,937 | common.py:35 | Avg. local train loss : 4.849646993726493, train acc : 0.8066111111111112
INFO flwr 2023-08-15 20:36:23,893 | server.py:116 | fit progress: (17, 1.436274429321289, {'server_test_acc': 0.7201}, 1702.2714382680133)
INFO flwr 2023-08-15 20:36:23,893 | server.py:163 | evaluate_round 17: no clients selected, cancel
DEBUG flwr 2023-08-15 20:36:33,363 | server.py:215 | fit_round 18: strategy sampled 8 clients (out of 20)
DEBUG flwr 2023-08-15 20:37:23,067 | server.py:229 | fit_round 18 received 8 results and 0 failures
[2m[36m(launch_and_fit pid=348856)[0m malloc_consolidate(): invalid chunk size
INFO flwr 2023-08-15 20:37:23,354 | fed_df.py:463 | Performing server side distillation training...
[2m[36m(launch_and_fit pid=348846)[0m Fitting Client 9
[2m[36m(launch_and_fit pid=348853)[0m Fitting Client 16
[2m[36m(launch_and_fit pid=348856)[0m Fitting Client 19
[2m[36m(launch_and_fit pid=348859)[0m Fitting Client 0
[2m[36m(launch_and_fit pid=348862)[0m Fitting Client 4
[2m[36m(launch_and_fit pid=348860)[0m Fitting Client 6
[2m[36m(launch_and_fit pid=348857)[0m Fitting Client 11
[2m[36m(launch_and_fit pid=348861)[0m Fitting Client 14
[2m[36m(launch_and_fit pid=348846)[0m malloc_consolidate(): invalid chunk size
[2m[36m(launch_and_fit pid=348862)[0m malloc_consolidate(): invalid chunk size
[2m[36m(launch_and_fit pid=348857)[0m malloc_consolidate(): invalid chunk size
[2m[36m(launch_and_fit pid=348861)[0m double free or corruption (fasttop)
[2m[36m(launch_and_fit pid=348853)[0m double free or corruption (fasttop)
[2m[36m(launch_and_fit pid=348860)[0m malloc_consolidate(): invalid chunk size
[2m[36m(launch_and_fit pid=348859)[0m malloc_consolidate(): invalid chunk size
INFO flwr 2023-08-15 20:38:00,340 | fed_df.py:540 | Distillation training stopped at step number : 250
INFO flwr 2023-08-15 20:38:00,340 | fed_df.py:547 | Average fusion training loss : 0.013096156265586615, val accuracy : 0.7118800000000001, best val accuracy : 0.7204
INFO flwr 2023-08-15 20:38:00,343 | common.py:35 | Avg. local train loss : 4.837761140614748, train acc : 0.8070333333333333
INFO flwr 2023-08-15 20:38:03,262 | server.py:116 | fit progress: (18, 1.4062687591552734, {'server_test_acc': 0.7202}, 1801.6400036569685)
INFO flwr 2023-08-15 20:38:03,262 | server.py:163 | evaluate_round 18: no clients selected, cancel
DEBUG flwr 2023-08-15 20:38:12,753 | server.py:215 | fit_round 19: strategy sampled 8 clients (out of 20)
[2m[36m(launch_and_fit pid=495905)[0m double free or corruption (fasttop)
[2m[36m(launch_and_fit pid=495892)[0m malloc_consolidate(): invalid chunk size
DEBUG flwr 2023-08-15 20:39:03,995 | server.py:229 | fit_round 19 received 8 results and 0 failures
INFO flwr 2023-08-15 20:39:04,285 | fed_df.py:463 | Performing server side distillation training...
[2m[36m(launch_and_fit pid=495892)[0m Fitting Client 8
[2m[36m(launch_and_fit pid=495893)[0m Fitting Client 15
[2m[36m(launch_and_fit pid=495905)[0m Fitting Client 6
[2m[36m(launch_and_fit pid=495906)[0m Fitting Client 19
[2m[36m(launch_and_fit pid=495911)[0m Fitting Client 5
[2m[36m(launch_and_fit pid=495912)[0m Fitting Client 1
[2m[36m(launch_and_fit pid=495904)[0m Fitting Client 10
[2m[36m(launch_and_fit pid=495896)[0m Fitting Client 2
[2m[36m(launch_and_fit pid=495893)[0m malloc_consolidate(): invalid chunk size
E0815 20:39:04.748034783  590523 chttp2_transport.cc:1079]             ipv4:145.136.62.20:65123: Received a GOAWAY with error code ENHANCE_YOUR_CALM and debug data equal to "too_many_pings". Current keepalive time (before throttling): ∞
[2m[36m(launch_and_fit pid=495912)[0m malloc_consolidate(): invalid chunk size
[2m[36m(launch_and_fit pid=495911)[0m malloc_consolidate(): invalid chunk size
[2m[36m(launch_and_fit pid=495906)[0m malloc_consolidate(): invalid chunk size
[2m[36m(launch_and_fit pid=495896)[0m malloc_consolidate(): invalid chunk size
[2m[36m(launch_and_fit pid=495904)[0m double free or corruption (fasttop)
E0815 20:39:09.499893715  596727 chttp2_transport.cc:1079]             ipv4:145.136.62.20:65123: Received a GOAWAY with error code ENHANCE_YOUR_CALM and debug data equal to "too_many_pings". Current keepalive time (before throttling): ∞
INFO flwr 2023-08-15 20:39:40,365 | fed_df.py:540 | Distillation training stopped at step number : 250
INFO flwr 2023-08-15 20:39:40,365 | fed_df.py:547 | Average fusion training loss : 0.009069592118263244, val accuracy : 0.7136, best val accuracy : 0.7228
INFO flwr 2023-08-15 20:39:40,367 | common.py:35 | Avg. local train loss : 4.831002351269126, train acc : 0.8094472222222222
INFO flwr 2023-08-15 20:39:43,303 | server.py:116 | fit progress: (19, 1.4399022583007812, {'server_test_acc': 0.7194}, 1901.681648442056)
INFO flwr 2023-08-15 20:39:43,303 | server.py:163 | evaluate_round 19: no clients selected, cancel
DEBUG flwr 2023-08-15 20:39:52,994 | server.py:215 | fit_round 20: strategy sampled 8 clients (out of 20)
[2m[36m(launch_and_fit pid=643657)[0m malloc_consolidate(): invalid chunk size
[2m[36m(launch_and_fit pid=643665)[0m corrupted size vs. prev_size in fastbins
DEBUG flwr 2023-08-15 20:40:44,526 | server.py:229 | fit_round 20 received 8 results and 0 failures
INFO flwr 2023-08-15 20:40:44,742 | fed_df.py:365 | Warm start at round 20
INFO flwr 2023-08-15 20:40:44,886 | fed_df.py:463 | Performing server side distillation training...
[2m[36m(launch_and_fit pid=643657)[0m Fitting Client 4
[2m[36m(launch_and_fit pid=643663)[0m Fitting Client 0
[2m[36m(launch_and_fit pid=643665)[0m Fitting Client 6
[2m[36m(launch_and_fit pid=643667)[0m Fitting Client 17
[2m[36m(launch_and_fit pid=643666)[0m Fitting Client 3
[2m[36m(launch_and_fit pid=643669)[0m Fitting Client 13
[2m[36m(launch_and_fit pid=643668)[0m Fitting Client 7
[2m[36m(launch_and_fit pid=643664)[0m Fitting Client 14
[2m[36m(launch_and_fit pid=643668)[0m double free or corruption (fasttop)
[2m[36m(launch_and_fit pid=643663)[0m double free or corruption (fasttop)
[2m[36m(launch_and_fit pid=643664)[0m double free or corruption (fasttop)
[2m[36m(launch_and_fit pid=643667)[0m malloc_consolidate(): invalid chunk size
E0815 20:40:46.319556528  738583 chttp2_transport.cc:1079]             ipv4:145.136.62.20:65123: Received a GOAWAY with error code ENHANCE_YOUR_CALM and debug data equal to "too_many_pings". Current keepalive time (before throttling): ∞
[2m[36m(launch_and_fit pid=643666)[0m double free or corruption (fasttop)
[2m[36m(launch_and_fit pid=643669)[0m malloc_consolidate(): invalid chunk size
E0815 20:40:49.863741682  739292 chttp2_transport.cc:1079]             ipv4:145.136.62.20:65123: Received a GOAWAY with error code ENHANCE_YOUR_CALM and debug data equal to "too_many_pings". Current keepalive time (before throttling): ∞
INFO flwr 2023-08-15 20:41:21,164 | fed_df.py:540 | Distillation training stopped at step number : 250
INFO flwr 2023-08-15 20:41:21,165 | fed_df.py:547 | Average fusion training loss : 0.016817452650517227, val accuracy : 0.72012, best val accuracy : 0.7366
INFO flwr 2023-08-15 20:41:21,167 | common.py:35 | Avg. local train loss : 4.855193577706814, train acc : 0.806075
INFO flwr 2023-08-15 20:41:24,120 | server.py:116 | fit progress: (20, 1.4602001922607422, {'server_test_acc': 0.7352}, 2002.4981087306514)
INFO flwr 2023-08-15 20:41:24,120 | server.py:163 | evaluate_round 20: no clients selected, cancel
DEBUG flwr 2023-08-15 20:41:33,790 | server.py:215 | fit_round 21: strategy sampled 8 clients (out of 20)
[2m[36m(launch_and_fit pid=791203)[0m malloc_consolidate(): invalid chunk size
[2m[36m(launch_and_fit pid=791194)[0m double free or corruption (fasttop)
DEBUG flwr 2023-08-15 20:42:25,244 | server.py:229 | fit_round 21 received 8 results and 0 failures
[2m[36m(launch_and_fit pid=791208)[0m double free or corruption (fasttop)
[2m[36m(launch_and_fit pid=791210)[0m malloc_consolidate(): invalid chunk size
INFO flwr 2023-08-15 20:42:25,515 | fed_df.py:463 | Performing server side distillation training...
[2m[36m(launch_and_fit pid=791194)[0m Fitting Client 14
[2m[36m(launch_and_fit pid=791209)[0m Fitting Client 2
[2m[36m(launch_and_fit pid=791203)[0m Fitting Client 17
[2m[36m(launch_and_fit pid=791202)[0m Fitting Client 5
[2m[36m(launch_and_fit pid=791211)[0m Fitting Client 0
[2m[36m(launch_and_fit pid=791210)[0m Fitting Client 11
[2m[36m(launch_and_fit pid=791208)[0m Fitting Client 1
[2m[36m(launch_and_fit pid=791201)[0m Fitting Client 10
[2m[36m(launch_and_fit pid=791202)[0m malloc_consolidate(): invalid chunk size
[2m[36m(launch_and_fit pid=791209)[0m malloc_consolidate(): invalid chunk size
[2m[36m(launch_and_fit pid=791211)[0m double free or corruption (fasttop)
E0815 20:42:26.947873635  744229 chttp2_transport.cc:1079]             ipv4:145.136.62.20:65123: Received a GOAWAY with error code ENHANCE_YOUR_CALM and debug data equal to "too_many_pings". Current keepalive time (before throttling): ∞
[2m[36m(launch_and_fit pid=791201)[0m malloc_consolidate(): invalid chunk size
E0815 20:43:00.558566602  886979 chttp2_transport.cc:1079]             ipv4:145.136.62.20:65123: Received a GOAWAY with error code ENHANCE_YOUR_CALM and debug data equal to "too_many_pings". Current keepalive time (before throttling): ∞
INFO flwr 2023-08-15 20:43:02,017 | fed_df.py:540 | Distillation training stopped at step number : 250
INFO flwr 2023-08-15 20:43:02,018 | fed_df.py:547 | Average fusion training loss : 0.011428245598450303, val accuracy : 0.73124, best val accuracy : 0.7338
INFO flwr 2023-08-15 20:43:02,020 | common.py:35 | Avg. local train loss : 4.6726260460913185, train acc : 0.8264305555555556
INFO flwr 2023-08-15 20:43:04,990 | server.py:116 | fit progress: (21, 1.5045520446777343, {'server_test_acc': 0.7309}, 2103.3688669349067)
INFO flwr 2023-08-15 20:43:04,991 | server.py:163 | evaluate_round 21: no clients selected, cancel
DEBUG flwr 2023-08-15 20:43:14,480 | server.py:215 | fit_round 22: strategy sampled 8 clients (out of 20)
[2m[36m(launch_and_fit pid=938580)[0m double free or corruption (fasttop)
[2m[36m(launch_and_fit pid=938578)[0m double free or corruption (fasttop)
DEBUG flwr 2023-08-15 20:44:06,274 | server.py:229 | fit_round 22 received 8 results and 0 failures
INFO flwr 2023-08-15 20:44:06,560 | fed_df.py:463 | Performing server side distillation training...
[2m[36m(launch_and_fit pid=938573)[0m Fitting Client 19
[2m[36m(launch_and_fit pid=938578)[0m Fitting Client 6
[2m[36m(launch_and_fit pid=938580)[0m Fitting Client 4
[2m[36m(launch_and_fit pid=938577)[0m Fitting Client 12
[2m[36m(launch_and_fit pid=938581)[0m Fitting Client 8
[2m[36m(launch_and_fit pid=938642)[0m Fitting Client 14
[2m[36m(launch_and_fit pid=938753)[0m Fitting Client 11
[2m[36m(launch_and_fit pid=938575)[0m Fitting Client 16
[2m[36m(launch_and_fit pid=938573)[0m malloc_consolidate(): invalid chunk size
[2m[36m(launch_and_fit pid=938642)[0m malloc_consolidate(): invalid chunk size
[2m[36m(launch_and_fit pid=938753)[0m double free or corruption (fasttop)
[2m[36m(launch_and_fit pid=938581)[0m malloc_consolidate(): invalid chunk size
E0815 20:44:07.289358848  931765 chttp2_transport.cc:1079]             ipv4:145.136.62.20:65123: Received a GOAWAY with error code ENHANCE_YOUR_CALM and debug data equal to "too_many_pings". Current keepalive time (before throttling): ∞
[2m[36m(launch_and_fit pid=938577)[0m corrupted size vs. prev_size in fastbins
[2m[36m(launch_and_fit pid=938575)[0m malloc_consolidate(): invalid chunk size
INFO flwr 2023-08-15 20:44:42,836 | fed_df.py:540 | Distillation training stopped at step number : 250
INFO flwr 2023-08-15 20:44:42,837 | fed_df.py:547 | Average fusion training loss : 0.00854117015004158, val accuracy : 0.7315600000000001, best val accuracy : 0.7376
INFO flwr 2023-08-15 20:44:42,839 | common.py:35 | Avg. local train loss : 4.692597923055291, train acc : 0.8234277777777779
INFO flwr 2023-08-15 20:44:45,797 | server.py:116 | fit progress: (22, 1.4759610565185546, {'server_test_acc': 0.7259}, 2204.175576421898)
INFO flwr 2023-08-15 20:44:45,797 | server.py:163 | evaluate_round 22: no clients selected, cancel
DEBUG flwr 2023-08-15 20:44:55,295 | server.py:215 | fit_round 23: strategy sampled 8 clients (out of 20)
[2m[36m(launch_and_fit pid=1086060)[0m malloc_consolidate(): invalid chunk size
DEBUG flwr 2023-08-15 20:45:45,768 | server.py:229 | fit_round 23 received 8 results and 0 failures
INFO flwr 2023-08-15 20:45:46,055 | fed_df.py:463 | Performing server side distillation training...
[2m[36m(launch_and_fit pid=1086060)[0m Fitting Client 6
[2m[36m(launch_and_fit pid=1086158)[0m Fitting Client 15
[2m[36m(launch_and_fit pid=1086408)[0m Fitting Client 8
[2m[36m(launch_and_fit pid=1086421)[0m Fitting Client 14
[2m[36m(launch_and_fit pid=1086236)[0m Fitting Client 11
[2m[36m(launch_and_fit pid=1086415)[0m Fitting Client 17
[2m[36m(launch_and_fit pid=1086420)[0m Fitting Client 0
[2m[36m(launch_and_fit pid=1086422)[0m Fitting Client 1
[2m[36m(launch_and_fit pid=1086408)[0m malloc_consolidate(): invalid chunk size
[2m[36m(launch_and_fit pid=1086421)[0m malloc_consolidate(): invalid chunk size
[2m[36m(launch_and_fit pid=1086158)[0m double free or corruption (fasttop)
E0815 20:45:47.247206261 1033523 chttp2_transport.cc:1079]             ipv4:145.136.62.20:65123: Received a GOAWAY with error code ENHANCE_YOUR_CALM and debug data equal to "too_many_pings". Current keepalive time (before throttling): ∞
[2m[36m(launch_and_fit pid=1086415)[0m malloc_consolidate(): invalid chunk size
[2m[36m(launch_and_fit pid=1086420)[0m double free or corruption (fasttop)
[2m[36m(launch_and_fit pid=1086236)[0m double free or corruption (fasttop)
[2m[36m(launch_and_fit pid=1086422)[0m malloc_consolidate(): invalid chunk size
INFO flwr 2023-08-15 20:46:22,620 | fed_df.py:540 | Distillation training stopped at step number : 250
INFO flwr 2023-08-15 20:46:22,621 | fed_df.py:547 | Average fusion training loss : 0.010631928984075785, val accuracy : 0.73952, best val accuracy : 0.748
INFO flwr 2023-08-15 20:46:22,623 | common.py:35 | Avg. local train loss : 4.704245440661907, train acc : 0.8243416666666666
INFO flwr 2023-08-15 20:46:25,611 | server.py:116 | fit progress: (23, 1.4597585327148437, {'server_test_acc': 0.7431}, 2303.9893519440666)
INFO flwr 2023-08-15 20:46:25,611 | server.py:163 | evaluate_round 23: no clients selected, cancel
DEBUG flwr 2023-08-15 20:46:35,183 | server.py:215 | fit_round 24: strategy sampled 8 clients (out of 20)
[2m[36m(launch_and_fit pid=1233375)[0m malloc_consolidate(): invalid chunk size
DEBUG flwr 2023-08-15 20:47:25,317 | server.py:229 | fit_round 24 received 8 results and 0 failures
[2m[36m(launch_and_fit pid=1233373)[0m malloc_consolidate(): invalid chunk size
[2m[36m(launch_and_fit pid=1233380)[0m malloc_consolidate(): invalid chunk size
INFO flwr 2023-08-15 20:47:25,606 | fed_df.py:463 | Performing server side distillation training...
[2m[36m(launch_and_fit pid=1233373)[0m Fitting Client 16
[2m[36m(launch_and_fit pid=1233375)[0m Fitting Client 12
[2m[36m(launch_and_fit pid=1233380)[0m Fitting Client 15
[2m[36m(launch_and_fit pid=1233381)[0m Fitting Client 19
[2m[36m(launch_and_fit pid=1233383)[0m Fitting Client 10
[2m[36m(launch_and_fit pid=1233377)[0m Fitting Client 1
[2m[36m(launch_and_fit pid=1233382)[0m Fitting Client 2
[2m[36m(launch_and_fit pid=1233379)[0m Fitting Client 11
[2m[36m(launch_and_fit pid=1233381)[0m double free or corruption (fasttop)
[2m[36m(launch_and_fit pid=1233383)[0m malloc_consolidate(): invalid chunk size
E0815 20:47:26.697163971 1324159 chttp2_transport.cc:1079]             ipv4:145.136.62.20:65123: Received a GOAWAY with error code ENHANCE_YOUR_CALM and debug data equal to "too_many_pings". Current keepalive time (before throttling): ∞
[2m[36m(launch_and_fit pid=1233377)[0m malloc_consolidate(): invalid chunk size
[2m[36m(launch_and_fit pid=1233382)[0m double free or corruption (fasttop)
[2m[36m(launch_and_fit pid=1233379)[0m double free or corruption (fasttop)
E0815 20:47:31.032198918 1331025 chttp2_transport.cc:1079]             ipv4:145.136.62.20:65123: Received a GOAWAY with error code ENHANCE_YOUR_CALM and debug data equal to "too_many_pings". Current keepalive time (before throttling): ∞
INFO flwr 2023-08-15 20:48:02,497 | fed_df.py:540 | Distillation training stopped at step number : 250
INFO flwr 2023-08-15 20:48:02,497 | fed_df.py:547 | Average fusion training loss : 0.006495967861264944, val accuracy : 0.73332, best val accuracy : 0.7396
INFO flwr 2023-08-15 20:48:02,500 | common.py:35 | Avg. local train loss : 4.692907244339586, train acc : 0.8237527777777778
INFO flwr 2023-08-15 20:48:05,474 | server.py:116 | fit progress: (24, 1.4554009643554688, {'server_test_acc': 0.7334}, 2403.8527880650945)
INFO flwr 2023-08-15 20:48:05,475 | server.py:163 | evaluate_round 24: no clients selected, cancel
DEBUG flwr 2023-08-15 20:48:14,972 | server.py:215 | fit_round 25: strategy sampled 8 clients (out of 20)
[2m[36m(launch_and_fit pid=1380554)[0m malloc_consolidate(): invalid chunk size
DEBUG flwr 2023-08-15 20:49:05,343 | server.py:229 | fit_round 25 received 8 results and 0 failures
INFO flwr 2023-08-15 20:49:05,559 | fed_df.py:365 | Warm start at round 25
INFO flwr 2023-08-15 20:49:05,688 | fed_df.py:463 | Performing server side distillation training...
[2m[36m(launch_and_fit pid=1380554)[0m Fitting Client 11
[2m[36m(launch_and_fit pid=1380561)[0m Fitting Client 13
[2m[36m(launch_and_fit pid=1380562)[0m Fitting Client 5
[2m[36m(launch_and_fit pid=1380563)[0m Fitting Client 10
[2m[36m(launch_and_fit pid=1380558)[0m Fitting Client 16
[2m[36m(launch_and_fit pid=1380560)[0m Fitting Client 8
[2m[36m(launch_and_fit pid=1380559)[0m Fitting Client 3
[2m[36m(launch_and_fit pid=1380564)[0m Fitting Client 9
[2m[36m(launch_and_fit pid=1380561)[0m malloc_consolidate(): invalid chunk size
[2m[36m(launch_and_fit pid=1380564)[0m malloc_consolidate(): invalid chunk size
[2m[36m(launch_and_fit pid=1380559)[0m double free or corruption (fasttop)
[2m[36m(launch_and_fit pid=1380563)[0m double free or corruption (fasttop)
[2m[36m(launch_and_fit pid=1380558)[0m double free or corruption (fasttop)
[2m[36m(launch_and_fit pid=1380562)[0m malloc_consolidate(): invalid chunk size
[2m[36m(launch_and_fit pid=1380560)[0m malloc_consolidate(): invalid chunk size
INFO flwr 2023-08-15 20:49:47,266 | fed_df.py:540 | Distillation training stopped at step number : 250
INFO flwr 2023-08-15 20:49:47,266 | fed_df.py:547 | Average fusion training loss : 0.01165116270724684, val accuracy : 0.74132, best val accuracy : 0.7562
INFO flwr 2023-08-15 20:49:47,268 | common.py:35 | Avg. local train loss : 4.718115005269647, train acc : 0.8218027777777779
INFO flwr 2023-08-15 20:49:50,245 | server.py:116 | fit progress: (25, 1.5101999847412109, {'server_test_acc': 0.7502}, 2508.6238264148124)
INFO flwr 2023-08-15 20:49:50,246 | server.py:163 | evaluate_round 25: no clients selected, cancel
DEBUG flwr 2023-08-15 20:49:59,979 | server.py:215 | fit_round 26: strategy sampled 8 clients (out of 20)
DEBUG flwr 2023-08-15 20:50:49,596 | server.py:229 | fit_round 26 received 8 results and 0 failures
INFO flwr 2023-08-15 20:50:49,882 | fed_df.py:463 | Performing server side distillation training...
[2m[36m(launch_and_fit pid=1554729)[0m Fitting Client 14
[2m[36m(launch_and_fit pid=1554770)[0m Fitting Client 9
[2m[36m(launch_and_fit pid=1554816)[0m Fitting Client 19
[2m[36m(launch_and_fit pid=1554821)[0m Fitting Client 0
[2m[36m(launch_and_fit pid=1554829)[0m Fitting Client 18
[2m[36m(launch_and_fit pid=1554867)[0m Fitting Client 17
[2m[36m(launch_and_fit pid=1554822)[0m Fitting Client 5
[2m[36m(launch_and_fit pid=1554830)[0m Fitting Client 1
[2m[36m(launch_and_fit pid=1554770)[0m double free or corruption (fasttop)
[2m[36m(launch_and_fit pid=1554816)[0m double free or corruption (fasttop)
[2m[36m(launch_and_fit pid=1554830)[0m malloc_consolidate(): invalid chunk size
[2m[36m(launch_and_fit pid=1554821)[0m malloc_consolidate(): invalid chunk size
[2m[36m(launch_and_fit pid=1554729)[0m double free or corruption (fasttop)
[2m[36m(launch_and_fit pid=1554829)[0m malloc_consolidate(): invalid chunk size
[2m[36m(launch_and_fit pid=1554867)[0m malloc_consolidate(): invalid chunk size
[2m[36m(launch_and_fit pid=1554822)[0m malloc_consolidate(): invalid chunk size
E0815 20:50:54.409455667 1653198 chttp2_transport.cc:1079]             ipv4:145.136.62.20:65123: Received a GOAWAY with error code ENHANCE_YOUR_CALM and debug data equal to "too_many_pings". Current keepalive time (before throttling): ∞
INFO flwr 2023-08-15 20:51:26,291 | fed_df.py:540 | Distillation training stopped at step number : 250
INFO flwr 2023-08-15 20:51:26,292 | fed_df.py:547 | Average fusion training loss : 0.006795604534447193, val accuracy : 0.74096, best val accuracy : 0.7454
INFO flwr 2023-08-15 20:51:26,294 | common.py:35 | Avg. local train loss : 4.619371058419347, train acc : 0.8323055555555555
INFO flwr 2023-08-15 20:51:29,232 | server.py:116 | fit progress: (26, 1.5097651611328124, {'server_test_acc': 0.7434}, 2607.6105318516493)
INFO flwr 2023-08-15 20:51:29,232 | server.py:163 | evaluate_round 26: no clients selected, cancel
DEBUG flwr 2023-08-15 20:51:38,935 | server.py:215 | fit_round 27: strategy sampled 8 clients (out of 20)
DEBUG flwr 2023-08-15 20:52:29,799 | server.py:229 | fit_round 27 received 8 results and 0 failures
INFO flwr 2023-08-15 20:52:30,088 | fed_df.py:463 | Performing server side distillation training...
[2m[36m(launch_and_fit pid=1704315)[0m Fitting Client 2
[2m[36m(launch_and_fit pid=1704314)[0m Fitting Client 11
[2m[36m(launch_and_fit pid=1704313)[0m Fitting Client 8
[2m[36m(launch_and_fit pid=1704322)[0m Fitting Client 3
[2m[36m(launch_and_fit pid=1704321)[0m Fitting Client 17
[2m[36m(launch_and_fit pid=1704332)[0m Fitting Client 5
[2m[36m(launch_and_fit pid=1704333)[0m Fitting Client 0
[2m[36m(launch_and_fit pid=1704334)[0m Fitting Client 15
[2m[36m(launch_and_fit pid=1704332)[0m double free or corruption (fasttop)
[2m[36m(launch_and_fit pid=1704314)[0m malloc_consolidate(): invalid chunk size
[2m[36m(launch_and_fit pid=1704315)[0m malloc_consolidate(): invalid chunk size
[2m[36m(launch_and_fit pid=1704313)[0m double free or corruption (fasttop)
[2m[36m(launch_and_fit pid=1704321)[0m malloc_consolidate(): invalid chunk size
[2m[36m(launch_and_fit pid=1704322)[0m malloc_consolidate(): invalid chunk size
[2m[36m(launch_and_fit pid=1704334)[0m malloc_consolidate(): invalid chunk size
[2m[36m(launch_and_fit pid=1704333)[0m double free or corruption (fasttop)
INFO flwr 2023-08-15 20:53:06,531 | fed_df.py:540 | Distillation training stopped at step number : 250
INFO flwr 2023-08-15 20:53:06,531 | fed_df.py:547 | Average fusion training loss : 0.007291525479406118, val accuracy : 0.73272, best val accuracy : 0.7436
INFO flwr 2023-08-15 20:53:06,533 | common.py:35 | Avg. local train loss : 4.61099987886846, train acc : 0.8356583333333333
INFO flwr 2023-08-15 20:53:09,514 | server.py:116 | fit progress: (27, 1.4801810546875, {'server_test_acc': 0.7406}, 2707.8929879567586)
INFO flwr 2023-08-15 20:53:09,515 | server.py:163 | evaluate_round 27: no clients selected, cancel
DEBUG flwr 2023-08-15 20:53:18,959 | server.py:215 | fit_round 28: strategy sampled 8 clients (out of 20)
[2m[36m(launch_and_fit pid=1851697)[0m double free or corruption (fasttop)
DEBUG flwr 2023-08-15 20:54:09,837 | server.py:229 | fit_round 28 received 8 results and 0 failures
INFO flwr 2023-08-15 20:54:10,126 | fed_df.py:463 | Performing server side distillation training...
[2m[36m(launch_and_fit pid=1851697)[0m Fitting Client 18
[2m[36m(launch_and_fit pid=1851702)[0m Fitting Client 0
[2m[36m(launch_and_fit pid=1851701)[0m Fitting Client 11
[2m[36m(launch_and_fit pid=1851704)[0m Fitting Client 5
[2m[36m(launch_and_fit pid=1851706)[0m Fitting Client 15
[2m[36m(launch_and_fit pid=1851707)[0m Fitting Client 4
[2m[36m(launch_and_fit pid=1851703)[0m Fitting Client 8
[2m[36m(launch_and_fit pid=1851705)[0m Fitting Client 2
[2m[36m(launch_and_fit pid=1851707)[0m malloc_consolidate(): invalid chunk size
[2m[36m(launch_and_fit pid=1851704)[0m malloc_consolidate(): invalid chunk size
[2m[36m(launch_and_fit pid=1851705)[0m double free or corruption (fasttop)
[2m[36m(launch_and_fit pid=1851702)[0m double free or corruption (fasttop)
[2m[36m(launch_and_fit pid=1851706)[0m double free or corruption (fasttop)
[2m[36m(launch_and_fit pid=1851701)[0m malloc_consolidate(): invalid chunk size
[2m[36m(launch_and_fit pid=1851703)[0m double free or corruption (fasttop)
E0815 20:54:13.708348308 1947339 chttp2_transport.cc:1079]             ipv4:145.136.62.20:65123: Received a GOAWAY with error code ENHANCE_YOUR_CALM and debug data equal to "too_many_pings". Current keepalive time (before throttling): ∞
INFO flwr 2023-08-15 20:54:46,605 | fed_df.py:540 | Distillation training stopped at step number : 250
INFO flwr 2023-08-15 20:54:46,605 | fed_df.py:547 | Average fusion training loss : 0.007025691568851471, val accuracy : 0.74124, best val accuracy : 0.748
INFO flwr 2023-08-15 20:54:46,607 | common.py:35 | Avg. local train loss : 4.630816416814923, train acc : 0.8341055555555554
INFO flwr 2023-08-15 20:54:49,561 | server.py:116 | fit progress: (28, 1.5017897064208985, {'server_test_acc': 0.7451}, 2807.939632494934)
INFO flwr 2023-08-15 20:54:49,561 | server.py:163 | evaluate_round 28: no clients selected, cancel
DEBUG flwr 2023-08-15 20:54:59,140 | server.py:215 | fit_round 29: strategy sampled 8 clients (out of 20)
[2m[36m(launch_and_fit pid=2001187)[0m double free or corruption (fasttop)
[2m[36m(launch_and_fit pid=2001193)[0m malloc_consolidate(): invalid chunk size
DEBUG flwr 2023-08-15 20:55:51,259 | server.py:229 | fit_round 29 received 8 results and 0 failures
INFO flwr 2023-08-15 20:55:51,547 | fed_df.py:463 | Performing server side distillation training...
[2m[36m(launch_and_fit pid=2001187)[0m Fitting Client 2
[2m[36m(launch_and_fit pid=2001193)[0m Fitting Client 17
[2m[36m(launch_and_fit pid=2001185)[0m Fitting Client 5
[2m[36m(launch_and_fit pid=2001188)[0m Fitting Client 16
[2m[36m(launch_and_fit pid=2001189)[0m Fitting Client 9
[2m[36m(launch_and_fit pid=2001192)[0m Fitting Client 13
[2m[36m(launch_and_fit pid=2001191)[0m Fitting Client 15
[2m[36m(launch_and_fit pid=2001190)[0m Fitting Client 7
[2m[36m(launch_and_fit pid=2001189)[0m double free or corruption (fasttop)
[2m[36m(launch_and_fit pid=2001185)[0m malloc_consolidate(): invalid chunk size
E0815 20:55:52.299617734 2095759 chttp2_transport.cc:1079]             ipv4:145.136.62.20:65123: Received a GOAWAY with error code ENHANCE_YOUR_CALM and debug data equal to "too_many_pings". Current keepalive time (before throttling): ∞
[2m[36m(launch_and_fit pid=2001188)[0m double free or corruption (fasttop)
[2m[36m(launch_and_fit pid=2001191)[0m malloc_consolidate(): invalid chunk size
[2m[36m(launch_and_fit pid=2001192)[0m double free or corruption (fasttop)
[2m[36m(launch_and_fit pid=2001190)[0m double free or corruption (fasttop)
INFO flwr 2023-08-15 20:56:33,122 | fed_df.py:540 | Distillation training stopped at step number : 250
INFO flwr 2023-08-15 20:56:33,123 | fed_df.py:547 | Average fusion training loss : 0.008152478368952871, val accuracy : 0.733, best val accuracy : 0.734
INFO flwr 2023-08-15 20:56:33,125 | common.py:35 | Avg. local train loss : 4.64659477584064, train acc : 0.8318027777777778
INFO flwr 2023-08-15 20:56:36,056 | server.py:116 | fit progress: (29, 1.4698388641357423, {'server_test_acc': 0.7269}, 2914.4341169749387)
INFO flwr 2023-08-15 20:56:36,056 | server.py:163 | evaluate_round 29: no clients selected, cancel
DEBUG flwr 2023-08-15 20:56:45,560 | server.py:215 | fit_round 30: strategy sampled 8 clients (out of 20)
[2m[36m(launch_and_fit pid=2149301)[0m malloc_consolidate(): invalid chunk size
[2m[36m(launch_and_fit pid=2149304)[0m double free or corruption (fasttop)
[2m[36m(launch_and_fit pid=2149309)[0m malloc_consolidate(): invalid chunk size
DEBUG flwr 2023-08-15 20:57:35,684 | server.py:229 | fit_round 30 received 8 results and 0 failures
INFO flwr 2023-08-15 20:57:35,899 | fed_df.py:365 | Warm start at round 30
INFO flwr 2023-08-15 20:57:36,027 | fed_df.py:463 | Performing server side distillation training...
[2m[36m(launch_and_fit pid=2149301)[0m Fitting Client 6
[2m[36m(launch_and_fit pid=2149304)[0m Fitting Client 7
[2m[36m(launch_and_fit pid=2149309)[0m Fitting Client 11
[2m[36m(launch_and_fit pid=2149306)[0m Fitting Client 19
[2m[36m(launch_and_fit pid=2149307)[0m Fitting Client 2
[2m[36m(launch_and_fit pid=2149314)[0m Fitting Client 10
[2m[36m(launch_and_fit pid=2149315)[0m Fitting Client 12
[2m[36m(launch_and_fit pid=2149313)[0m Fitting Client 3
[2m[36m(launch_and_fit pid=2149314)[0m malloc_consolidate(): invalid chunk size
[2m[36m(launch_and_fit pid=2149307)[0m double free or corruption (fasttop)
[2m[36m(launch_and_fit pid=2149306)[0m double free or corruption (fasttop)
[2m[36m(launch_and_fit pid=2149313)[0m malloc_consolidate(): invalid chunk size
[2m[36m(launch_and_fit pid=2149315)[0m malloc_consolidate(): invalid chunk size
INFO flwr 2023-08-15 20:58:12,748 | fed_df.py:540 | Distillation training stopped at step number : 250
INFO flwr 2023-08-15 20:58:12,749 | fed_df.py:547 | Average fusion training loss : 0.01162969178892672, val accuracy : 0.74632, best val accuracy : 0.7564
INFO flwr 2023-08-15 20:58:12,751 | common.py:35 | Avg. local train loss : 4.637917245924473, train acc : 0.8320666666666666
INFO flwr 2023-08-15 20:58:15,666 | server.py:116 | fit progress: (30, 1.5151817169189452, {'server_test_acc': 0.7488}, 3014.0442282697186)
INFO flwr 2023-08-15 20:58:15,666 | server.py:163 | evaluate_round 30: no clients selected, cancel
INFO flwr 2023-08-15 20:58:15,666 | server.py:144 | FL finished in 3014.044652924873
INFO flwr 2023-08-15 20:58:15,666 | app.py:202 | app_fit: losses_distributed []
INFO flwr 2023-08-15 20:58:15,667 | app.py:203 | app_fit: metrics_distributed {}
INFO flwr 2023-08-15 20:58:15,667 | app.py:204 | app_fit: losses_centralized [(0, 2.3034546997070313), (1, 1.6157046630859375), (2, 1.5329331146240235), (3, 1.5355751647949218), (4, 1.4614495361328126), (5, 1.3502026306152344), (6, 1.392304037475586), (7, 1.3927789825439454), (8, 1.4002009704589844), (9, 1.4040883850097656), (10, 1.33301259765625), (11, 1.3894465576171875), (12, 1.3955066131591798), (13, 1.4023922393798829), (14, 1.4102762512207032), (15, 1.429193408203125), (16, 1.4584983612060547), (17, 1.436274429321289), (18, 1.4062687591552734), (19, 1.4399022583007812), (20, 1.4602001922607422), (21, 1.5045520446777343), (22, 1.4759610565185546), (23, 1.4597585327148437), (24, 1.4554009643554688), (25, 1.5101999847412109), (26, 1.5097651611328124), (27, 1.4801810546875), (28, 1.5017897064208985), (29, 1.4698388641357423), (30, 1.5151817169189452)]
INFO flwr 2023-08-15 20:58:15,667 | app.py:205 | app_fit: metrics_centralized {'server_test_acc': [(0, 0.1285), (1, 0.4498), (2, 0.5298), (3, 0.5674), (4, 0.59), (5, 0.628), (6, 0.6467), (7, 0.6466), (8, 0.655), (9, 0.6546), (10, 0.6728), (11, 0.6932), (12, 0.6957), (13, 0.7027), (14, 0.6916), (15, 0.7085), (16, 0.7206), (17, 0.7201), (18, 0.7202), (19, 0.7194), (20, 0.7352), (21, 0.7309), (22, 0.7259), (23, 0.7431), (24, 0.7334), (25, 0.7502), (26, 0.7434), (27, 0.7406), (28, 0.7451), (29, 0.7269), (30, 0.7488)]}
malloc_consolidate(): invalid chunk size
srun: error: gcn20: task 0: Aborted
srun: Terminating StepId=3346398.1
-----EXPERIMENT ENDS-----
-----CLEANING UP DISK------
-----END-----

JOB STATISTICS
==============
Job ID: 3346398
Cluster: snellius
User/Group: sunnys/sunnys
State: COMPLETED (exit code 0)
Nodes: 1
Cores per node: 18
CPU Utilized: 02:05:36
CPU Efficiency: 12.44% of 16:49:30 core-walltime
Job Wall-clock time: 00:56:05
Memory Utilized: 58.91 GB
Memory Efficiency: 49.09% of 120.00 GB
