-----BEGIN-----
-----SETTINGS-----
TOTAL CROPS:5000
STRATEGY:feddf
MODEL_NAME:resnet8
NUM_CLIENTS:20
NUM_ROUNDS:30
FRACTION_FIT:0.4
FRACTION_EVALUATE:0.0
DATASET_NAME:cifar100
PARTITION_ALPHA:1.0
PARTITION_VAL_RATIO:0.1
BATCH_SIZE:512
LOCAL_EPOCHS:10
LOCAL_LR:0.01
DISTILL_BATCH_SIZE:512
SERVER_LR:0.005
SERVER_STEPS:250
SERVER_EARLY_STEPS:1000
USE_EARLY_STOPPING:False
USE_ADAPTIVE_LR:False
USE_ADAPTIVE_LR_ROUND:False
SEED:42
CUDA_DETERMINISTIC:False
USE_CROPS:True
IMG_NAME:ameyoko.jpg
DISTILL_DATASET:organamnist
DISTILL_ALPHA:1.0
NUM_DISTILL_IMAGES:5000
DISTILL_TRANSFORMS:v0
WARM_START:True
WARM_START_ROUNDS:1
WARM_START_INTERVAL:5
KMEANS_N_CLUSTER:1000
KMEANS_HEURISTICS:hard
KMEANS_MIXED_FACTOR:50-50
KMEANS_BALANCING:1.0
CONFIDENCE_THRESHOLD:0.9
CONFIDENCE_STRATEGY:top
CONFIDENCE_ADAPTIVE:False
CONFIDENCE_MAX_THRESH:0.5
CLIPPING_FACTOR:2.5
FEDPROX_FACTOR:0.0
FEDPROX_ADAPTIVE:False
USE_CLIPPING:True
USE_ENTROPY:False
USE_KMEANS:False
USE_FEDPROX:False
-----SETTINGS END-----
-----EXPERIMENT BEGINS-----
---------
Generating crops for FedDF
Namespace(img_size=32, batch_size=32, num_imgs=5000, threads=18, vflip=False, deg=30, shear=30, cropfirst=True, initcrop=0.5, scale=[500, 1], randinterp=False, debug=False, imgpath='./static/single_images/ameyoko.jpg', targetpath='/scratch-local/sunnys.3425359/1692490434_844839000', seed=42, img_per_thread=277)
will save 5000 patches in /scratch-local/sunnys.3425359/1692490434_844839000/single_img_crops/crops
5000 took 0.08min with 18 threads
---------
Simulating feddf training
INFO simulate 2023-08-20 02:14:13,886 | simulate.py:50 | Python script started : simulate.py
DEBUG simulate 2023-08-20 02:14:13,886 | simulate.py:55 | Reading args from argument parser
Downloading https://www.cs.toronto.edu/~kriz/cifar-100-python.tar.gz to /scratch-local/sunnys.3425359/1692490434_844839000/cifar-100-python.tar.gz
Extracting /scratch-local/sunnys.3425359/1692490434_844839000/cifar-100-python.tar.gz to /scratch-local/sunnys.3425359/1692490434_844839000
Generating unified cifar100 dataset
Class histogram for 0-th partition (alpha=1.0, 100 classes): [ 65  77  67   8   1  43  47  96   4  28   0  26  39  10  37   4   0  12
  20  11  38   8  50  35  20  11  16   0   5  16  13  33  16   9  10  17
  11  10  29  11  27  31  29   2  25  41  21   8   4   2   9   1   8  35
 132   9   9   7  15   4  39  45  31 146  69  42  29  20   1  23  23  42
  39  11   2  30  51  23  57  28  36   7   2   6   1   4  62   7  10  33
   6  54  36  11   7  12   7   2  19  55]
INFO flwr 2023-08-20 02:14:27,463 | app.py:145 | Starting Flower simulation, config: ServerConfig(num_rounds=30, round_timeout=None)
2023-08-20 02:14:29,975	INFO worker.py:1529 -- Started a local Ray instance. View the dashboard at [1m[32m127.0.0.1:8265 [39m[22m
INFO flwr 2023-08-20 02:14:31,087 | app.py:179 | Flower VCE: Ray initialized with resources: {'node:145.136.62.30': 1.0, 'memory': 103079215104.0, 'accelerator_type:A100': 1.0, 'CPU': 18.0, 'GPU': 1.0, 'object_store_memory': 61847529062.0}
INFO flwr 2023-08-20 02:14:31,087 | server.py:86 | Initializing global parameters
INFO flwr 2023-08-20 02:14:31,087 | server.py:266 | Using initial parameters provided by strategy
INFO flwr 2023-08-20 02:14:31,087 | server.py:88 | Evaluating initial parameters
INFO flwr 2023-08-20 02:14:42,786 | server.py:91 | initial parameters (loss, other metrics): 4.655556018066406, {'server_test_acc': 0.0107}
INFO flwr 2023-08-20 02:14:42,786 | server.py:101 | FL starting
DEBUG flwr 2023-08-20 02:14:46,173 | server.py:215 | fit_round 1: strategy sampled 8 clients (out of 20)
DEBUG flwr 2023-08-20 02:15:18,516 | server.py:229 | fit_round 1 received 8 results and 0 failures
INFO flwr 2023-08-20 02:15:18,625 | fed_df.py:365 | Warm start at round 1
[2m[36m(launch_and_fit pid=2877826)[0m malloc_consolidate(): invalid chunk size
INFO flwr 2023-08-20 02:15:18,722 | fed_df.py:463 | Performing server side distillation training...
[2m[36m(launch_and_fit pid=2877825)[0m Fitting Client 8
[2m[36m(launch_and_fit pid=2877831)[0m Fitting Client 13
[2m[36m(launch_and_fit pid=2877826)[0m Fitting Client 3
[2m[36m(launch_and_fit pid=2877827)[0m Fitting Client 5
[2m[36m(launch_and_fit pid=2877828)[0m Fitting Client 11
[2m[36m(launch_and_fit pid=2877830)[0m Fitting Client 2
[2m[36m(launch_and_fit pid=2877832)[0m Fitting Client 12
[2m[36m(launch_and_fit pid=2877829)[0m Fitting Client 14
[2m[36m(launch_and_fit pid=2877830)[0m malloc_consolidate(): invalid chunk size
[2m[36m(launch_and_fit pid=2877831)[0m malloc_consolidate(): invalid chunk size
[2m[36m(launch_and_fit pid=2877829)[0m malloc_consolidate(): invalid chunk size
[2m[36m(launch_and_fit pid=2877828)[0m double free or corruption (fasttop)
[2m[36m(launch_and_fit pid=2877832)[0m malloc_consolidate(): invalid chunk size
E0820 02:15:20.258635210 2874672 chttp2_transport.cc:1079]             ipv4:145.136.62.30:44289: Received a GOAWAY with error code ENHANCE_YOUR_CALM and debug data equal to "too_many_pings". Current keepalive time (before throttling): 60000ms
[2m[36m(launch_and_fit pid=2877827)[0m double free or corruption (fasttop)
[2m[36m(launch_and_fit pid=2877825)[0m malloc_consolidate(): invalid chunk size
E0820 02:15:20.708339503 2904397 chttp2_transport.cc:1079]             ipv4:145.136.62.30:44289: Received a GOAWAY with error code ENHANCE_YOUR_CALM and debug data equal to "too_many_pings". Current keepalive time (before throttling): 120000ms
INFO flwr 2023-08-20 02:15:57,818 | fed_df.py:540 | Distillation training stopped at step number : 250
INFO flwr 2023-08-20 02:15:57,818 | fed_df.py:547 | Average fusion training loss : 0.329861741065979, val accuracy : 0.06032, best val accuracy : 0.0672
INFO flwr 2023-08-20 02:15:57,819 | common.py:35 | Avg. local train loss : 21.037326827645302, train acc : 0.1347888888888889
INFO flwr 2023-08-20 02:16:00,187 | server.py:116 | fit progress: (1, 4.66213466796875, {'server_test_acc': 0.0609}, 77.40101539203897)
INFO flwr 2023-08-20 02:16:00,188 | server.py:163 | evaluate_round 1: no clients selected, cancel
DEBUG flwr 2023-08-20 02:16:03,603 | server.py:215 | fit_round 2: strategy sampled 8 clients (out of 20)
[2m[36m(launch_and_fit pid=2944340)[0m malloc_consolidate(): invalid chunk size
[2m[36m(launch_and_fit pid=2944338)[0m double free or corruption (fasttop)
DEBUG flwr 2023-08-20 02:16:35,681 | server.py:229 | fit_round 2 received 8 results and 0 failures
INFO flwr 2023-08-20 02:16:35,829 | fed_df.py:463 | Performing server side distillation training...
[2m[36m(launch_and_fit pid=2944340)[0m Fitting Client 5
[2m[36m(launch_and_fit pid=2944336)[0m Fitting Client 8
[2m[36m(launch_and_fit pid=2944341)[0m Fitting Client 7
[2m[36m(launch_and_fit pid=2944338)[0m Fitting Client 2
[2m[36m(launch_and_fit pid=2944342)[0m Fitting Client 17
[2m[36m(launch_and_fit pid=2944339)[0m Fitting Client 6
[2m[36m(launch_and_fit pid=2944344)[0m Fitting Client 19
[2m[36m(launch_and_fit pid=2944343)[0m Fitting Client 15
[2m[36m(launch_and_fit pid=2944339)[0m malloc_consolidate(): invalid chunk size
[2m[36m(launch_and_fit pid=2944344)[0m malloc_consolidate(): invalid chunk size
[2m[36m(launch_and_fit pid=2944341)[0m double free or corruption (fasttop)
[2m[36m(launch_and_fit pid=2944343)[0m malloc_consolidate(): invalid chunk size
E0820 02:16:37.460672837 2970630 chttp2_transport.cc:1079]             ipv4:145.136.62.30:44289: Received a GOAWAY with error code ENHANCE_YOUR_CALM and debug data equal to "too_many_pings". Current keepalive time (before throttling): 240000ms
[2m[36m(launch_and_fit pid=2944336)[0m malloc_consolidate(): invalid chunk size
[2m[36m(launch_and_fit pid=2944342)[0m malloc_consolidate(): invalid chunk size
INFO flwr 2023-08-20 02:17:15,129 | fed_df.py:540 | Distillation training stopped at step number : 250
INFO flwr 2023-08-20 02:17:15,130 | fed_df.py:547 | Average fusion training loss : 0.23265341740846635, val accuracy : 0.0658, best val accuracy : 0.0706
INFO flwr 2023-08-20 02:17:15,131 | common.py:35 | Avg. local train loss : 20.345542645454408, train acc : 0.18205555555555555
INFO flwr 2023-08-20 02:17:17,520 | server.py:116 | fit progress: (2, 4.584647619628906, {'server_test_acc': 0.0707}, 154.73367545101792)
INFO flwr 2023-08-20 02:17:17,520 | server.py:163 | evaluate_round 2: no clients selected, cancel
DEBUG flwr 2023-08-20 02:17:21,003 | server.py:215 | fit_round 3: strategy sampled 8 clients (out of 20)
[2m[36m(launch_and_fit pid=3010987)[0m double free or corruption (fasttop)
DEBUG flwr 2023-08-20 02:17:52,642 | server.py:229 | fit_round 3 received 8 results and 0 failures
INFO flwr 2023-08-20 02:17:52,791 | fed_df.py:463 | Performing server side distillation training...
[2m[36m(launch_and_fit pid=3010991)[0m Fitting Client 3
[2m[36m(launch_and_fit pid=3010988)[0m Fitting Client 10
[2m[36m(launch_and_fit pid=3010990)[0m Fitting Client 1
[2m[36m(launch_and_fit pid=3010987)[0m Fitting Client 17
[2m[36m(launch_and_fit pid=3010984)[0m Fitting Client 8
[2m[36m(launch_and_fit pid=3010992)[0m Fitting Client 13
[2m[36m(launch_and_fit pid=3010993)[0m Fitting Client 0
[2m[36m(launch_and_fit pid=3010989)[0m Fitting Client 7
[2m[36m(launch_and_fit pid=3010991)[0m malloc_consolidate(): invalid chunk size
[2m[36m(launch_and_fit pid=3010989)[0m malloc_consolidate(): invalid chunk size
[2m[36m(launch_and_fit pid=3010993)[0m malloc_consolidate(): invalid chunk size
[2m[36m(launch_and_fit pid=3010988)[0m double free or corruption (fasttop)
E0820 02:17:53.954296473 2970966 chttp2_transport.cc:1079]             ipv4:145.136.62.30:44289: Received a GOAWAY with error code ENHANCE_YOUR_CALM and debug data equal to "too_many_pings". Current keepalive time (before throttling): 480000ms
[2m[36m(launch_and_fit pid=3010990)[0m double free or corruption (fasttop)
[2m[36m(launch_and_fit pid=3010984)[0m double free or corruption (fasttop)
[2m[36m(launch_and_fit pid=3010992)[0m malloc_consolidate(): invalid chunk size
INFO flwr 2023-08-20 02:18:32,205 | fed_df.py:540 | Distillation training stopped at step number : 250
INFO flwr 2023-08-20 02:18:32,205 | fed_df.py:547 | Average fusion training loss : 0.17323337352275847, val accuracy : 0.062, best val accuracy : 0.0662
INFO flwr 2023-08-20 02:18:32,206 | common.py:35 | Avg. local train loss : 20.361598473787307, train acc : 0.18663888888888888
INFO flwr 2023-08-20 02:18:34,598 | server.py:116 | fit progress: (3, 4.511738134765625, {'server_test_acc': 0.068}, 231.81110785296187)
INFO flwr 2023-08-20 02:18:34,598 | server.py:163 | evaluate_round 3: no clients selected, cancel
DEBUG flwr 2023-08-20 02:18:38,134 | server.py:215 | fit_round 4: strategy sampled 8 clients (out of 20)
DEBUG flwr 2023-08-20 02:19:09,506 | server.py:229 | fit_round 4 received 8 results and 0 failures
[2m[36m(launch_and_fit pid=3077904)[0m malloc_consolidate(): invalid chunk size
[2m[36m(launch_and_fit pid=3077899)[0m malloc_consolidate(): invalid chunk size
INFO flwr 2023-08-20 02:19:09,660 | fed_df.py:463 | Performing server side distillation training...
[2m[36m(launch_and_fit pid=3077898)[0m Fitting Client 12
[2m[36m(launch_and_fit pid=3077903)[0m Fitting Client 14
[2m[36m(launch_and_fit pid=3077904)[0m Fitting Client 6
[2m[36m(launch_and_fit pid=3077899)[0m Fitting Client 10
[2m[36m(launch_and_fit pid=3077902)[0m Fitting Client 2
[2m[36m(launch_and_fit pid=3077905)[0m Fitting Client 9
[2m[36m(launch_and_fit pid=3077906)[0m Fitting Client 11
[2m[36m(launch_and_fit pid=3077901)[0m Fitting Client 8
[2m[36m(launch_and_fit pid=3077898)[0m malloc_consolidate(): invalid chunk size
[2m[36m(launch_and_fit pid=3077901)[0m double free or corruption (fasttop)
[2m[36m(launch_and_fit pid=3077902)[0m malloc_consolidate(): invalid chunk size
[2m[36m(launch_and_fit pid=3077906)[0m malloc_consolidate(): invalid chunk size
[2m[36m(launch_and_fit pid=3077905)[0m malloc_consolidate(): invalid chunk size
[2m[36m(launch_and_fit pid=3077903)[0m malloc_consolidate(): invalid chunk size
E0820 02:19:12.792354069 3104446 chttp2_transport.cc:1079]             ipv4:145.136.62.30:44289: Received a GOAWAY with error code ENHANCE_YOUR_CALM and debug data equal to "too_many_pings". Current keepalive time (before throttling): 960000ms
E0820 02:19:25.421130003 3105424 chttp2_transport.cc:1079]             ipv4:145.136.62.30:44289: Received a GOAWAY with error code ENHANCE_YOUR_CALM and debug data equal to "too_many_pings". Current keepalive time (before throttling): 1920000ms
INFO flwr 2023-08-20 02:19:49,847 | fed_df.py:540 | Distillation training stopped at step number : 250
INFO flwr 2023-08-20 02:19:49,847 | fed_df.py:547 | Average fusion training loss : 0.13421706306934356, val accuracy : 0.0834, best val accuracy : 0.0878
INFO flwr 2023-08-20 02:19:49,848 | common.py:35 | Avg. local train loss : 20.458939892053603, train acc : 0.17738888888888887
INFO flwr 2023-08-20 02:19:52,221 | server.py:116 | fit progress: (4, 4.398378393554688, {'server_test_acc': 0.0856}, 309.43470566207543)
INFO flwr 2023-08-20 02:19:52,221 | server.py:163 | evaluate_round 4: no clients selected, cancel
DEBUG flwr 2023-08-20 02:19:55,759 | server.py:215 | fit_round 5: strategy sampled 8 clients (out of 20)
DEBUG flwr 2023-08-20 02:20:27,274 | server.py:229 | fit_round 5 received 8 results and 0 failures
[2m[36m(launch_and_fit pid=3144458)[0m malloc_consolidate(): invalid chunk size
INFO flwr 2023-08-20 02:20:27,386 | fed_df.py:365 | Warm start at round 5
INFO flwr 2023-08-20 02:20:27,482 | fed_df.py:463 | Performing server side distillation training...
[2m[36m(launch_and_fit pid=3144458)[0m Fitting Client 15
[2m[36m(launch_and_fit pid=3144454)[0m Fitting Client 10
[2m[36m(launch_and_fit pid=3144456)[0m Fitting Client 6
[2m[36m(launch_and_fit pid=3144461)[0m Fitting Client 12
[2m[36m(launch_and_fit pid=3144462)[0m Fitting Client 14
[2m[36m(launch_and_fit pid=3144464)[0m Fitting Client 4
[2m[36m(launch_and_fit pid=3144465)[0m Fitting Client 17
[2m[36m(launch_and_fit pid=3144463)[0m Fitting Client 2
[2m[36m(launch_and_fit pid=3144454)[0m double free or corruption (fasttop)
[2m[36m(launch_and_fit pid=3144461)[0m malloc_consolidate(): invalid chunk size
E0820 02:20:28.556622899 3177158 chttp2_transport.cc:1079]             ipv4:145.136.62.30:44289: Received a GOAWAY with error code ENHANCE_YOUR_CALM and debug data equal to "too_many_pings". Current keepalive time (before throttling): 3840000ms
[2m[36m(launch_and_fit pid=3144456)[0m malloc_consolidate(): invalid chunk size
[2m[36m(launch_and_fit pid=3144464)[0m malloc_consolidate(): invalid chunk size
[2m[36m(launch_and_fit pid=3144465)[0m double free or corruption (fasttop)
[2m[36m(launch_and_fit pid=3144462)[0m malloc_consolidate(): invalid chunk size
INFO flwr 2023-08-20 02:21:07,963 | fed_df.py:540 | Distillation training stopped at step number : 250
INFO flwr 2023-08-20 02:21:07,963 | fed_df.py:547 | Average fusion training loss : 0.09493478620052338, val accuracy : 0.09652000000000001, best val accuracy : 0.0992
INFO flwr 2023-08-20 02:21:07,964 | common.py:35 | Avg. local train loss : 20.21631220579147, train acc : 0.2030388888888889
INFO flwr 2023-08-20 02:21:10,413 | server.py:116 | fit progress: (5, 4.281247387695313, {'server_test_acc': 0.1056}, 387.6269860137254)
INFO flwr 2023-08-20 02:21:10,414 | server.py:163 | evaluate_round 5: no clients selected, cancel
DEBUG flwr 2023-08-20 02:21:14,139 | server.py:215 | fit_round 6: strategy sampled 8 clients (out of 20)
[2m[36m(launch_and_fit pid=3235729)[0m malloc_consolidate(): invalid chunk size
DEBUG flwr 2023-08-20 02:21:45,643 | server.py:229 | fit_round 6 received 8 results and 0 failures
INFO flwr 2023-08-20 02:21:45,794 | fed_df.py:463 | Performing server side distillation training...
[2m[36m(launch_and_fit pid=3235729)[0m Fitting Client 7
[2m[36m(launch_and_fit pid=3235732)[0m Fitting Client 17
[2m[36m(launch_and_fit pid=3235734)[0m Fitting Client 8
[2m[36m(launch_and_fit pid=3235735)[0m Fitting Client 9
[2m[36m(launch_and_fit pid=3235733)[0m Fitting Client 18
[2m[36m(launch_and_fit pid=3235737)[0m Fitting Client 6
[2m[36m(launch_and_fit pid=3235731)[0m Fitting Client 13
[2m[36m(launch_and_fit pid=3235736)[0m Fitting Client 14
[2m[36m(launch_and_fit pid=3235736)[0m double free or corruption (fasttop)
[2m[36m(launch_and_fit pid=3235732)[0m double free or corruption (fasttop)
[2m[36m(launch_and_fit pid=3235735)[0m malloc_consolidate(): invalid chunk size
[2m[36m(launch_and_fit pid=3235734)[0m malloc_consolidate(): invalid chunk size
[2m[36m(launch_and_fit pid=3235731)[0m corrupted size vs. prev_size in fastbins
E0820 02:21:47.496076770 3177415 chttp2_transport.cc:1079]             ipv4:145.136.62.30:44289: Received a GOAWAY with error code ENHANCE_YOUR_CALM and debug data equal to "too_many_pings". Current keepalive time (before throttling): 7680000ms
[2m[36m(launch_and_fit pid=3235733)[0m malloc_consolidate(): invalid chunk size
[2m[36m(launch_and_fit pid=3235737)[0m malloc_consolidate(): invalid chunk size
INFO flwr 2023-08-20 02:22:30,539 | fed_df.py:540 | Distillation training stopped at step number : 250
INFO flwr 2023-08-20 02:22:30,540 | fed_df.py:547 | Average fusion training loss : 0.03228152500838041, val accuracy : 0.10896000000000002, best val accuracy : 0.1144
INFO flwr 2023-08-20 02:22:30,541 | common.py:35 | Avg. local train loss : 19.90348294377327, train acc : 0.23259444444444444
INFO flwr 2023-08-20 02:22:32,943 | server.py:116 | fit progress: (6, 4.181438549804687, {'server_test_acc': 0.1069}, 470.15675830096006)
INFO flwr 2023-08-20 02:22:32,943 | server.py:163 | evaluate_round 6: no clients selected, cancel
DEBUG flwr 2023-08-20 02:22:36,572 | server.py:215 | fit_round 7: strategy sampled 8 clients (out of 20)
DEBUG flwr 2023-08-20 02:23:08,148 | server.py:229 | fit_round 7 received 8 results and 0 failures
[2m[36m(launch_and_fit pid=3302979)[0m malloc_consolidate(): invalid chunk size
INFO flwr 2023-08-20 02:23:08,307 | fed_df.py:463 | Performing server side distillation training...
[2m[36m(launch_and_fit pid=3302980)[0m Fitting Client 4
[2m[36m(launch_and_fit pid=3302978)[0m Fitting Client 11
[2m[36m(launch_and_fit pid=3302979)[0m Fitting Client 7
[2m[36m(launch_and_fit pid=3302985)[0m Fitting Client 0
[2m[36m(launch_and_fit pid=3302981)[0m Fitting Client 16
[2m[36m(launch_and_fit pid=3302982)[0m Fitting Client 15
[2m[36m(launch_and_fit pid=3302984)[0m Fitting Client 1
[2m[36m(launch_and_fit pid=3302983)[0m Fitting Client 12
[2m[36m(launch_and_fit pid=3302978)[0m double free or corruption (fasttop)
[2m[36m(launch_and_fit pid=3302980)[0m malloc_consolidate(): invalid chunk size
[2m[36m(launch_and_fit pid=3302983)[0m malloc_consolidate(): invalid chunk size
[2m[36m(launch_and_fit pid=3302985)[0m double free or corruption (fasttop)
[2m[36m(launch_and_fit pid=3302981)[0m malloc_consolidate(): invalid chunk size
[2m[36m(launch_and_fit pid=3302982)[0m malloc_consolidate(): invalid chunk size
[2m[36m(launch_and_fit pid=3302984)[0m double free or corruption (fasttop)
E0820 02:23:10.202537848 3329376 chttp2_transport.cc:1079]             ipv4:145.136.62.30:44289: Received a GOAWAY with error code ENHANCE_YOUR_CALM and debug data equal to "too_many_pings". Current keepalive time (before throttling): 15360000ms
INFO flwr 2023-08-20 02:23:48,462 | fed_df.py:540 | Distillation training stopped at step number : 250
INFO flwr 2023-08-20 02:23:48,463 | fed_df.py:547 | Average fusion training loss : 0.03723465428501368, val accuracy : 0.11140000000000001, best val accuracy : 0.1168
INFO flwr 2023-08-20 02:23:48,464 | common.py:35 | Avg. local train loss : 19.88407951593399, train acc : 0.23655555555555557
INFO flwr 2023-08-20 02:23:50,887 | server.py:116 | fit progress: (7, 4.198966955566406, {'server_test_acc': 0.1265}, 548.1002407870255)
INFO flwr 2023-08-20 02:23:50,887 | server.py:163 | evaluate_round 7: no clients selected, cancel
DEBUG flwr 2023-08-20 02:23:54,611 | server.py:215 | fit_round 8: strategy sampled 8 clients (out of 20)
[2m[36m(launch_and_fit pid=3369499)[0m malloc_consolidate(): invalid chunk size
DEBUG flwr 2023-08-20 02:24:26,757 | server.py:229 | fit_round 8 received 8 results and 0 failures
INFO flwr 2023-08-20 02:24:26,915 | fed_df.py:463 | Performing server side distillation training...
[2m[36m(launch_and_fit pid=3369494)[0m Fitting Client 3
[2m[36m(launch_and_fit pid=3369499)[0m Fitting Client 6
[2m[36m(launch_and_fit pid=3369497)[0m Fitting Client 13
[2m[36m(launch_and_fit pid=3369495)[0m Fitting Client 5
[2m[36m(launch_and_fit pid=3369498)[0m Fitting Client 2
[2m[36m(launch_and_fit pid=3369500)[0m Fitting Client 4
[2m[36m(launch_and_fit pid=3369502)[0m Fitting Client 14
[2m[36m(launch_and_fit pid=3369501)[0m Fitting Client 9
[2m[36m(launch_and_fit pid=3369494)[0m malloc_consolidate(): invalid chunk size
[2m[36m(launch_and_fit pid=3369501)[0m malloc_consolidate(): invalid chunk size
[2m[36m(launch_and_fit pid=3369497)[0m malloc_consolidate(): invalid chunk size
E0820 02:24:27.594378000 3329579 chttp2_transport.cc:1079]             ipv4:145.136.62.30:44289: Received a GOAWAY with error code ENHANCE_YOUR_CALM and debug data equal to "too_many_pings". Current keepalive time (before throttling): 30720000ms
[2m[36m(launch_and_fit pid=3369502)[0m double free or corruption (fasttop)
[2m[36m(launch_and_fit pid=3369495)[0m double free or corruption (fasttop)
[2m[36m(launch_and_fit pid=3369498)[0m malloc_consolidate(): invalid chunk size
[2m[36m(launch_and_fit pid=3369500)[0m malloc_consolidate(): invalid chunk size
E0820 02:24:41.879840876 3395191 chttp2_transport.cc:1079]             ipv4:145.136.62.30:44289: Received a GOAWAY with error code ENHANCE_YOUR_CALM and debug data equal to "too_many_pings". Current keepalive time (before throttling): 61440000ms
INFO flwr 2023-08-20 02:25:07,141 | fed_df.py:540 | Distillation training stopped at step number : 250
INFO flwr 2023-08-20 02:25:07,142 | fed_df.py:547 | Average fusion training loss : 0.0393356783092022, val accuracy : 0.12864, best val accuracy : 0.132
INFO flwr 2023-08-20 02:25:07,143 | common.py:35 | Avg. local train loss : 19.87048197090626, train acc : 0.2417888888888889
INFO flwr 2023-08-20 02:25:09,541 | server.py:116 | fit progress: (8, 4.170429406738282, {'server_test_acc': 0.1378}, 626.7542531359941)
INFO flwr 2023-08-20 02:25:09,541 | server.py:163 | evaluate_round 8: no clients selected, cancel
DEBUG flwr 2023-08-20 02:25:13,224 | server.py:215 | fit_round 9: strategy sampled 8 clients (out of 20)
[2m[36m(launch_and_fit pid=3436067)[0m malloc_consolidate(): invalid chunk size
DEBUG flwr 2023-08-20 02:25:45,139 | server.py:229 | fit_round 9 received 8 results and 0 failures
INFO flwr 2023-08-20 02:25:45,292 | fed_df.py:463 | Performing server side distillation training...
[2m[36m(launch_and_fit pid=3436060)[0m Fitting Client 14
[2m[36m(launch_and_fit pid=3436062)[0m Fitting Client 0
[2m[36m(launch_and_fit pid=3436063)[0m Fitting Client 8
[2m[36m(launch_and_fit pid=3436064)[0m Fitting Client 3
[2m[36m(launch_and_fit pid=3436061)[0m Fitting Client 16
[2m[36m(launch_and_fit pid=3436065)[0m Fitting Client 10
[2m[36m(launch_and_fit pid=3436067)[0m Fitting Client 12
[2m[36m(launch_and_fit pid=3436066)[0m Fitting Client 17
[2m[36m(launch_and_fit pid=3436063)[0m malloc_consolidate(): invalid chunk size
[2m[36m(launch_and_fit pid=3436066)[0m double free or corruption (fasttop)
[2m[36m(launch_and_fit pid=3436061)[0m malloc_consolidate(): invalid chunk size
E0820 02:25:45.897732155 3408973 chttp2_transport.cc:1079]             ipv4:145.136.62.30:44289: Received a GOAWAY with error code ENHANCE_YOUR_CALM and debug data equal to "too_many_pings". Current keepalive time (before throttling): 122880000ms
[2m[36m(launch_and_fit pid=3436060)[0m malloc_consolidate(): invalid chunk size
[2m[36m(launch_and_fit pid=3436062)[0m malloc_consolidate(): invalid chunk size
[2m[36m(launch_and_fit pid=3436064)[0m malloc_consolidate(): invalid chunk size
[2m[36m(launch_and_fit pid=3436065)[0m malloc_consolidate(): invalid chunk size
INFO flwr 2023-08-20 02:26:25,415 | fed_df.py:540 | Distillation training stopped at step number : 250
INFO flwr 2023-08-20 02:26:25,415 | fed_df.py:547 | Average fusion training loss : 0.03446814161539078, val accuracy : 0.14532, best val accuracy : 0.1522
INFO flwr 2023-08-20 02:26:25,416 | common.py:35 | Avg. local train loss : 19.79617033600807, train acc : 0.25204444444444446
INFO flwr 2023-08-20 02:26:27,834 | server.py:116 | fit progress: (9, 4.097238928222656, {'server_test_acc': 0.1491}, 705.0480107027106)
INFO flwr 2023-08-20 02:26:27,835 | server.py:163 | evaluate_round 9: no clients selected, cancel
DEBUG flwr 2023-08-20 02:26:31,656 | server.py:215 | fit_round 10: strategy sampled 8 clients (out of 20)
[2m[36m(launch_and_fit pid=3502802)[0m double free or corruption (fasttop)
DEBUG flwr 2023-08-20 02:27:03,400 | server.py:229 | fit_round 10 received 8 results and 0 failures
INFO flwr 2023-08-20 02:27:03,515 | fed_df.py:365 | Warm start at round 10
[2m[36m(launch_and_fit pid=3502799)[0m double free or corruption (fasttop)
INFO flwr 2023-08-20 02:27:03,617 | fed_df.py:463 | Performing server side distillation training...
[2m[36m(launch_and_fit pid=3502794)[0m Fitting Client 8
[2m[36m(launch_and_fit pid=3502799)[0m Fitting Client 9
[2m[36m(launch_and_fit pid=3502804)[0m Fitting Client 13
[2m[36m(launch_and_fit pid=3502793)[0m Fitting Client 3
[2m[36m(launch_and_fit pid=3502795)[0m Fitting Client 10
[2m[36m(launch_and_fit pid=3502802)[0m Fitting Client 2
[2m[36m(launch_and_fit pid=3502805)[0m Fitting Client 0
[2m[36m(launch_and_fit pid=3502806)[0m Fitting Client 7
[2m[36m(launch_and_fit pid=3502793)[0m double free or corruption (fasttop)
[2m[36m(launch_and_fit pid=3502806)[0m double free or corruption (fasttop)
[2m[36m(launch_and_fit pid=3502794)[0m malloc_consolidate(): invalid chunk size
[2m[36m(launch_and_fit pid=3502795)[0m double free or corruption (fasttop)
[2m[36m(launch_and_fit pid=3502804)[0m malloc_consolidate(): invalid chunk size
[2m[36m(launch_and_fit pid=3502805)[0m malloc_consolidate(): invalid chunk size
INFO flwr 2023-08-20 02:27:48,891 | fed_df.py:540 | Distillation training stopped at step number : 250
INFO flwr 2023-08-20 02:27:48,891 | fed_df.py:547 | Average fusion training loss : 0.04140148750692606, val accuracy : 0.14156, best val accuracy : 0.1456
INFO flwr 2023-08-20 02:27:48,892 | common.py:35 | Avg. local train loss : 19.71429187059402, train acc : 0.2597833333333333
INFO flwr 2023-08-20 02:27:51,296 | server.py:116 | fit progress: (10, 4.148076062011719, {'server_test_acc': 0.1515}, 788.5095703979023)
INFO flwr 2023-08-20 02:27:51,296 | server.py:163 | evaluate_round 10: no clients selected, cancel
DEBUG flwr 2023-08-20 02:27:54,977 | server.py:215 | fit_round 11: strategy sampled 8 clients (out of 20)
[2m[36m(launch_and_fit pid=3569545)[0m malloc_consolidate(): invalid chunk size
DEBUG flwr 2023-08-20 02:28:26,821 | server.py:229 | fit_round 11 received 8 results and 0 failures
INFO flwr 2023-08-20 02:28:26,974 | fed_df.py:463 | Performing server side distillation training...
[2m[36m(launch_and_fit pid=3569551)[0m Fitting Client 13
[2m[36m(launch_and_fit pid=3569548)[0m Fitting Client 5
[2m[36m(launch_and_fit pid=3569545)[0m Fitting Client 16
[2m[36m(launch_and_fit pid=3569553)[0m Fitting Client 10
[2m[36m(launch_and_fit pid=3569547)[0m Fitting Client 8
[2m[36m(launch_and_fit pid=3569549)[0m Fitting Client 18
[2m[36m(launch_and_fit pid=3569550)[0m Fitting Client 3
[2m[36m(launch_and_fit pid=3569552)[0m Fitting Client 4
[2m[36m(launch_and_fit pid=3569548)[0m malloc_consolidate(): invalid chunk size
[2m[36m(launch_and_fit pid=3569549)[0m malloc_consolidate(): invalid chunk size
[2m[36m(launch_and_fit pid=3569551)[0m double free or corruption (fasttop)
[2m[36m(launch_and_fit pid=3569550)[0m malloc_consolidate(): invalid chunk size
[2m[36m(launch_and_fit pid=3569552)[0m double free or corruption (fasttop)
[2m[36m(launch_and_fit pid=3569547)[0m malloc_consolidate(): invalid chunk size
[2m[36m(launch_and_fit pid=3569553)[0m malloc_consolidate(): invalid chunk size
E0820 02:28:31.516707965 3461811 chttp2_transport.cc:1079]             ipv4:145.136.62.30:44289: Received a GOAWAY with error code ENHANCE_YOUR_CALM and debug data equal to "too_many_pings". Current keepalive time (before throttling): 245760000ms
INFO flwr 2023-08-20 02:29:07,538 | fed_df.py:540 | Distillation training stopped at step number : 250
INFO flwr 2023-08-20 02:29:07,538 | fed_df.py:547 | Average fusion training loss : 0.011350492213852703, val accuracy : 0.145, best val accuracy : 0.1488
INFO flwr 2023-08-20 02:29:07,539 | common.py:35 | Avg. local train loss : 19.434738448262216, train acc : 0.28497222222222224
INFO flwr 2023-08-20 02:29:09,987 | server.py:116 | fit progress: (11, 4.14001015625, {'server_test_acc': 0.149}, 867.2004604958929)
INFO flwr 2023-08-20 02:29:09,987 | server.py:163 | evaluate_round 11: no clients selected, cancel
DEBUG flwr 2023-08-20 02:29:13,734 | server.py:215 | fit_round 12: strategy sampled 8 clients (out of 20)
DEBUG flwr 2023-08-20 02:29:45,383 | server.py:229 | fit_round 12 received 8 results and 0 failures
INFO flwr 2023-08-20 02:29:45,539 | fed_df.py:463 | Performing server side distillation training...
[2m[36m(launch_and_fit pid=3636146)[0m Fitting Client 6
[2m[36m(launch_and_fit pid=3636154)[0m Fitting Client 8
[2m[36m(launch_and_fit pid=3636148)[0m Fitting Client 4
[2m[36m(launch_and_fit pid=3636150)[0m Fitting Client 16
[2m[36m(launch_and_fit pid=3636151)[0m Fitting Client 5
[2m[36m(launch_and_fit pid=3636155)[0m Fitting Client 14
[2m[36m(launch_and_fit pid=3636153)[0m Fitting Client 12
[2m[36m(launch_and_fit pid=3636152)[0m Fitting Client 11
[2m[36m(launch_and_fit pid=3636155)[0m double free or corruption (fasttop)
[2m[36m(launch_and_fit pid=3636154)[0m malloc_consolidate(): invalid chunk size
[2m[36m(launch_and_fit pid=3636151)[0m double free or corruption (fasttop)
[2m[36m(launch_and_fit pid=3636146)[0m double free or corruption (fasttop)
[2m[36m(launch_and_fit pid=3636150)[0m malloc_consolidate(): invalid chunk size
[2m[36m(launch_and_fit pid=3636152)[0m malloc_consolidate(): invalid chunk size
[2m[36m(launch_and_fit pid=3636153)[0m double free or corruption (fasttop)
E0820 02:29:47.316020498 3598914 chttp2_transport.cc:1079]             ipv4:145.136.62.30:44289: Received a GOAWAY with error code ENHANCE_YOUR_CALM and debug data equal to "too_many_pings". Current keepalive time (before throttling): 491520000ms
[2m[36m(launch_and_fit pid=3636148)[0m malloc_consolidate(): invalid chunk size
INFO flwr 2023-08-20 02:30:26,611 | fed_df.py:540 | Distillation training stopped at step number : 250
INFO flwr 2023-08-20 02:30:26,611 | fed_df.py:547 | Average fusion training loss : 0.018706603742204606, val accuracy : 0.15924, best val accuracy : 0.1636
INFO flwr 2023-08-20 02:30:26,612 | common.py:35 | Avg. local train loss : 19.523273566365244, train acc : 0.2774333333333333
INFO flwr 2023-08-20 02:30:29,049 | server.py:116 | fit progress: (12, 4.103978112792968, {'server_test_acc': 0.1683}, 946.2621392151341)
INFO flwr 2023-08-20 02:30:29,049 | server.py:163 | evaluate_round 12: no clients selected, cancel
DEBUG flwr 2023-08-20 02:30:32,791 | server.py:215 | fit_round 13: strategy sampled 8 clients (out of 20)
DEBUG flwr 2023-08-20 02:31:04,195 | server.py:229 | fit_round 13 received 8 results and 0 failures
INFO flwr 2023-08-20 02:31:04,348 | fed_df.py:463 | Performing server side distillation training...
[2m[36m(launch_and_fit pid=3702887)[0m Fitting Client 0
[2m[36m(launch_and_fit pid=3702896)[0m Fitting Client 5
[2m[36m(launch_and_fit pid=3702893)[0m Fitting Client 3
[2m[36m(launch_and_fit pid=3702891)[0m Fitting Client 15
[2m[36m(launch_and_fit pid=3702895)[0m Fitting Client 12
[2m[36m(launch_and_fit pid=3702892)[0m Fitting Client 19
[2m[36m(launch_and_fit pid=3702889)[0m Fitting Client 10
[2m[36m(launch_and_fit pid=3702894)[0m Fitting Client 14
[2m[36m(launch_and_fit pid=3702887)[0m double free or corruption (fasttop)
[2m[36m(launch_and_fit pid=3702893)[0m malloc_consolidate(): invalid chunk size
[2m[36m(launch_and_fit pid=3702892)[0m malloc_consolidate(): invalid chunk size
[2m[36m(launch_and_fit pid=3702894)[0m malloc_consolidate(): invalid chunk size
[2m[36m(launch_and_fit pid=3702889)[0m malloc_consolidate(): invalid chunk size
[2m[36m(launch_and_fit pid=3702891)[0m malloc_consolidate(): invalid chunk size
[2m[36m(launch_and_fit pid=3702896)[0m corrupted size vs. prev_size in fastbins
[2m[36m(launch_and_fit pid=3702895)[0m malloc_consolidate(): invalid chunk size
E0820 02:31:07.602774573 3662779 chttp2_transport.cc:1079]             ipv4:145.136.62.30:44289: Received a GOAWAY with error code ENHANCE_YOUR_CALM and debug data equal to "too_many_pings". Current keepalive time (before throttling): 983040000ms
INFO flwr 2023-08-20 02:31:44,788 | fed_df.py:540 | Distillation training stopped at step number : 250
INFO flwr 2023-08-20 02:31:44,789 | fed_df.py:547 | Average fusion training loss : 0.022055292004719375, val accuracy : 0.1682, best val accuracy : 0.1718
INFO flwr 2023-08-20 02:31:44,790 | common.py:35 | Avg. local train loss : 19.408185604214665, train acc : 0.29075000000000006
INFO flwr 2023-08-20 02:31:47,209 | server.py:116 | fit progress: (13, 4.088266137695313, {'server_test_acc': 0.1733}, 1024.4223469807766)
INFO flwr 2023-08-20 02:31:47,209 | server.py:163 | evaluate_round 13: no clients selected, cancel
E0820 02:31:48.480326632 3730704 chttp2_transport.cc:1079]             ipv4:145.136.62.30:44289: Received a GOAWAY with error code ENHANCE_YOUR_CALM and debug data equal to "too_many_pings". Current keepalive time (before throttling): 1966080000ms
DEBUG flwr 2023-08-20 02:31:50,962 | server.py:215 | fit_round 14: strategy sampled 8 clients (out of 20)
[2m[36m(launch_and_fit pid=3769574)[0m malloc_consolidate(): invalid chunk size
[2m[36m(launch_and_fit pid=3769578)[0m malloc_consolidate(): invalid chunk size
DEBUG flwr 2023-08-20 02:32:23,316 | server.py:229 | fit_round 14 received 8 results and 0 failures
INFO flwr 2023-08-20 02:32:23,470 | fed_df.py:463 | Performing server side distillation training...
[2m[36m(launch_and_fit pid=3769575)[0m Fitting Client 1
[2m[36m(launch_and_fit pid=3769574)[0m Fitting Client 7
[2m[36m(launch_and_fit pid=3769578)[0m Fitting Client 18
[2m[36m(launch_and_fit pid=3769576)[0m Fitting Client 17
[2m[36m(launch_and_fit pid=3769579)[0m Fitting Client 16
[2m[36m(launch_and_fit pid=3769572)[0m Fitting Client 2
[2m[36m(launch_and_fit pid=3769573)[0m Fitting Client 9
[2m[36m(launch_and_fit pid=3769577)[0m Fitting Client 11
[2m[36m(launch_and_fit pid=3769577)[0m double free or corruption (fasttop)
[2m[36m(launch_and_fit pid=3769579)[0m malloc_consolidate(): invalid chunk size
[2m[36m(launch_and_fit pid=3769575)[0m double free or corruption (fasttop)
E0820 02:32:24.385163617 3769562 chttp2_transport.cc:1079]             ipv4:145.136.62.30:44289: Received a GOAWAY with error code ENHANCE_YOUR_CALM and debug data equal to "too_many_pings". Current keepalive time (before throttling): ∞
[2m[36m(launch_and_fit pid=3769572)[0m malloc_consolidate(): invalid chunk size
[2m[36m(launch_and_fit pid=3769573)[0m double free or corruption (fasttop)
[2m[36m(launch_and_fit pid=3769576)[0m malloc_consolidate(): invalid chunk size
INFO flwr 2023-08-20 02:33:03,850 | fed_df.py:540 | Distillation training stopped at step number : 250
INFO flwr 2023-08-20 02:33:03,851 | fed_df.py:547 | Average fusion training loss : 0.01293589221034199, val accuracy : 0.168, best val accuracy : 0.1708
INFO flwr 2023-08-20 02:33:03,852 | common.py:35 | Avg. local train loss : 19.36406899690628, train acc : 0.2953944444444444
INFO flwr 2023-08-20 02:33:06,323 | server.py:116 | fit progress: (14, 4.072662023925782, {'server_test_acc': 0.1702}, 1103.5363590130582)
INFO flwr 2023-08-20 02:33:06,323 | server.py:163 | evaluate_round 14: no clients selected, cancel
DEBUG flwr 2023-08-20 02:33:10,127 | server.py:215 | fit_round 15: strategy sampled 8 clients (out of 20)
DEBUG flwr 2023-08-20 02:33:41,549 | server.py:229 | fit_round 15 received 8 results and 0 failures
INFO flwr 2023-08-20 02:33:41,663 | fed_df.py:365 | Warm start at round 15
INFO flwr 2023-08-20 02:33:41,758 | fed_df.py:463 | Performing server side distillation training...
[2m[36m(launch_and_fit pid=3836089)[0m Fitting Client 2
[2m[36m(launch_and_fit pid=3836090)[0m Fitting Client 4
[2m[36m(launch_and_fit pid=3836092)[0m Fitting Client 17
[2m[36m(launch_and_fit pid=3836093)[0m Fitting Client 18
[2m[36m(launch_and_fit pid=3836096)[0m Fitting Client 15
[2m[36m(launch_and_fit pid=3836095)[0m Fitting Client 8
[2m[36m(launch_and_fit pid=3836094)[0m Fitting Client 19
[2m[36m(launch_and_fit pid=3836097)[0m Fitting Client 16
[2m[36m(launch_and_fit pid=3836096)[0m double free or corruption (fasttop)
[2m[36m(launch_and_fit pid=3836089)[0m double free or corruption (fasttop)
[2m[36m(launch_and_fit pid=3836093)[0m double free or corruption (fasttop)
[2m[36m(launch_and_fit pid=3836090)[0m malloc_consolidate(): invalid chunk size
[2m[36m(launch_and_fit pid=3836094)[0m double free or corruption (fasttop)
[2m[36m(launch_and_fit pid=3836095)[0m malloc_consolidate(): invalid chunk size
[2m[36m(launch_and_fit pid=3836097)[0m malloc_consolidate(): invalid chunk size
[2m[36m(launch_and_fit pid=3836092)[0m double free or corruption (fasttop)
E0820 02:33:43.951532249 3795340 chttp2_transport.cc:1079]             ipv4:145.136.62.30:44289: Received a GOAWAY with error code ENHANCE_YOUR_CALM and debug data equal to "too_many_pings". Current keepalive time (before throttling): ∞
INFO flwr 2023-08-20 02:34:22,340 | fed_df.py:540 | Distillation training stopped at step number : 250
INFO flwr 2023-08-20 02:34:22,340 | fed_df.py:547 | Average fusion training loss : 0.010414996722247452, val accuracy : 0.16648000000000002, best val accuracy : 0.1686
INFO flwr 2023-08-20 02:34:22,341 | common.py:35 | Avg. local train loss : 19.0890069514513, train acc : 0.3185888888888889
INFO flwr 2023-08-20 02:34:24,781 | server.py:116 | fit progress: (15, 4.094973669433593, {'server_test_acc': 0.1754}, 1181.9946637428366)
INFO flwr 2023-08-20 02:34:24,781 | server.py:163 | evaluate_round 15: no clients selected, cancel
DEBUG flwr 2023-08-20 02:34:28,533 | server.py:215 | fit_round 16: strategy sampled 8 clients (out of 20)
DEBUG flwr 2023-08-20 02:35:00,188 | server.py:229 | fit_round 16 received 8 results and 0 failures
INFO flwr 2023-08-20 02:35:00,344 | fed_df.py:463 | Performing server side distillation training...
[2m[36m(launch_and_fit pid=3902896)[0m double free or corruption (fasttop)
[2m[36m(launch_and_fit pid=3902890)[0m Fitting Client 16
[2m[36m(launch_and_fit pid=3902896)[0m Fitting Client 9
[2m[36m(launch_and_fit pid=3902893)[0m Fitting Client 6
[2m[36m(launch_and_fit pid=3902901)[0m Fitting Client 18
[2m[36m(launch_and_fit pid=3902899)[0m Fitting Client 19
[2m[36m(launch_and_fit pid=3902894)[0m Fitting Client 13
[2m[36m(launch_and_fit pid=3902895)[0m Fitting Client 17
[2m[36m(launch_and_fit pid=3902900)[0m Fitting Client 10
[2m[36m(launch_and_fit pid=3902890)[0m malloc_consolidate(): invalid chunk size
[2m[36m(launch_and_fit pid=3902895)[0m double free or corruption (fasttop)
[2m[36m(launch_and_fit pid=3902899)[0m double free or corruption (fasttop)
[2m[36m(launch_and_fit pid=3902893)[0m malloc_consolidate(): invalid chunk size
[2m[36m(launch_and_fit pid=3902901)[0m double free or corruption (fasttop)
[2m[36m(launch_and_fit pid=3902894)[0m malloc_consolidate(): invalid chunk size
[2m[36m(launch_and_fit pid=3902900)[0m malloc_consolidate(): invalid chunk size
E0820 02:35:04.640475814 3863256 chttp2_transport.cc:1079]             ipv4:145.136.62.30:44289: Received a GOAWAY with error code ENHANCE_YOUR_CALM and debug data equal to "too_many_pings". Current keepalive time (before throttling): ∞
INFO flwr 2023-08-20 02:35:41,516 | fed_df.py:540 | Distillation training stopped at step number : 250
INFO flwr 2023-08-20 02:35:41,516 | fed_df.py:547 | Average fusion training loss : 0.006540537248831242, val accuracy : 0.17312, best val accuracy : 0.1752
INFO flwr 2023-08-20 02:35:41,517 | common.py:35 | Avg. local train loss : 19.035766717791557, train acc : 0.32487777777777777
INFO flwr 2023-08-20 02:35:43,953 | server.py:116 | fit progress: (16, 4.099139965820313, {'server_test_acc': 0.1759}, 1261.1666252217256)
INFO flwr 2023-08-20 02:35:43,953 | server.py:163 | evaluate_round 16: no clients selected, cancel
DEBUG flwr 2023-08-20 02:35:47,755 | server.py:215 | fit_round 17: strategy sampled 8 clients (out of 20)
[2m[36m(launch_and_fit pid=3979137)[0m double free or corruption (fasttop)
DEBUG flwr 2023-08-20 02:36:19,522 | server.py:229 | fit_round 17 received 8 results and 0 failures
[2m[36m(launch_and_fit pid=3979210)[0m malloc_consolidate(): invalid chunk size
INFO flwr 2023-08-20 02:36:19,680 | fed_df.py:463 | Performing server side distillation training...
[2m[36m(launch_and_fit pid=3979137)[0m Fitting Client 11
[2m[36m(launch_and_fit pid=3979210)[0m Fitting Client 16
[2m[36m(launch_and_fit pid=3979248)[0m Fitting Client 18
[2m[36m(launch_and_fit pid=3979250)[0m Fitting Client 15
[2m[36m(launch_and_fit pid=3979255)[0m Fitting Client 1
[2m[36m(launch_and_fit pid=3979249)[0m Fitting Client 3
[2m[36m(launch_and_fit pid=3979207)[0m Fitting Client 14
[2m[36m(launch_and_fit pid=3979252)[0m Fitting Client 17
[2m[36m(launch_and_fit pid=3979250)[0m double free or corruption (fasttop)
[2m[36m(launch_and_fit pid=3979248)[0m malloc_consolidate(): invalid chunk size
[2m[36m(launch_and_fit pid=3979249)[0m double free or corruption (fasttop)
[2m[36m(launch_and_fit pid=3979207)[0m double free or corruption (fasttop)
[2m[36m(launch_and_fit pid=3979252)[0m malloc_consolidate(): invalid chunk size
[2m[36m(launch_and_fit pid=3979255)[0m malloc_consolidate(): invalid chunk size
E0820 02:36:22.761383207 4015859 chttp2_transport.cc:1079]             ipv4:145.136.62.30:44289: Received a GOAWAY with error code ENHANCE_YOUR_CALM and debug data equal to "too_many_pings". Current keepalive time (before throttling): ∞
INFO flwr 2023-08-20 02:37:00,650 | fed_df.py:540 | Distillation training stopped at step number : 250
INFO flwr 2023-08-20 02:37:00,650 | fed_df.py:547 | Average fusion training loss : 0.004136482359841466, val accuracy : 0.18168, best val accuracy : 0.1852
INFO flwr 2023-08-20 02:37:00,651 | common.py:35 | Avg. local train loss : 19.088042253255843, train acc : 0.32355
INFO flwr 2023-08-20 02:37:03,113 | server.py:116 | fit progress: (17, 4.07314736328125, {'server_test_acc': 0.182}, 1340.326407188084)
INFO flwr 2023-08-20 02:37:03,113 | server.py:163 | evaluate_round 17: no clients selected, cancel
DEBUG flwr 2023-08-20 02:37:06,908 | server.py:215 | fit_round 18: strategy sampled 8 clients (out of 20)
[2m[36m(launch_and_fit pid=4060690)[0m double free or corruption (fasttop)
DEBUG flwr 2023-08-20 02:37:38,668 | server.py:229 | fit_round 18 received 8 results and 0 failures
INFO flwr 2023-08-20 02:37:38,824 | fed_df.py:463 | Performing server side distillation training...
[2m[36m(launch_and_fit pid=4060688)[0m Fitting Client 0
[2m[36m(launch_and_fit pid=4060690)[0m Fitting Client 7
[2m[36m(launch_and_fit pid=4060692)[0m Fitting Client 18
[2m[36m(launch_and_fit pid=4060694)[0m Fitting Client 11
[2m[36m(launch_and_fit pid=4060693)[0m Fitting Client 16
[2m[36m(launch_and_fit pid=4060695)[0m Fitting Client 1
[2m[36m(launch_and_fit pid=4060689)[0m Fitting Client 10
[2m[36m(launch_and_fit pid=4060691)[0m Fitting Client 17
[2m[36m(launch_and_fit pid=4060689)[0m double free or corruption (fasttop)
[2m[36m(launch_and_fit pid=4060693)[0m malloc_consolidate(): invalid chunk size
[2m[36m(launch_and_fit pid=4060691)[0m double free or corruption (fasttop)
[2m[36m(launch_and_fit pid=4060688)[0m malloc_consolidate(): invalid chunk size
[2m[36m(launch_and_fit pid=4060692)[0m malloc_consolidate(): invalid chunk size
[2m[36m(launch_and_fit pid=4060694)[0m double free or corruption (fasttop)
[2m[36m(launch_and_fit pid=4060695)[0m malloc_consolidate(): invalid chunk size
INFO flwr 2023-08-20 02:38:24,686 | fed_df.py:540 | Distillation training stopped at step number : 250
INFO flwr 2023-08-20 02:38:24,687 | fed_df.py:547 | Average fusion training loss : 0.005801057033473626, val accuracy : 0.19207999999999997, best val accuracy : 0.1976
INFO flwr 2023-08-20 02:38:24,688 | common.py:35 | Avg. local train loss : 19.092613419890405, train acc : 0.3235277777777778
INFO flwr 2023-08-20 02:38:27,132 | server.py:116 | fit progress: (18, 4.0327125122070315, {'server_test_acc': 0.1902}, 1424.3460220568813)
INFO flwr 2023-08-20 02:38:27,133 | server.py:163 | evaluate_round 18: no clients selected, cancel
DEBUG flwr 2023-08-20 02:38:30,920 | server.py:215 | fit_round 19: strategy sampled 8 clients (out of 20)
[2m[36m(launch_and_fit pid=4127481)[0m malloc_consolidate(): invalid chunk size
DEBUG flwr 2023-08-20 02:39:02,523 | server.py:229 | fit_round 19 received 8 results and 0 failures
INFO flwr 2023-08-20 02:39:02,678 | fed_df.py:463 | Performing server side distillation training...
[2m[36m(launch_and_fit pid=4127481)[0m Fitting Client 2
[2m[36m(launch_and_fit pid=4127478)[0m Fitting Client 7
[2m[36m(launch_and_fit pid=4127485)[0m Fitting Client 16
[2m[36m(launch_and_fit pid=4127482)[0m Fitting Client 10
[2m[36m(launch_and_fit pid=4127483)[0m Fitting Client 19
[2m[36m(launch_and_fit pid=4127484)[0m Fitting Client 8
[2m[36m(launch_and_fit pid=4127486)[0m Fitting Client 3
[2m[36m(launch_and_fit pid=4127480)[0m Fitting Client 1
[2m[36m(launch_and_fit pid=4127478)[0m double free or corruption (fasttop)
[2m[36m(launch_and_fit pid=4127480)[0m double free or corruption (fasttop)
[2m[36m(launch_and_fit pid=4127483)[0m malloc_consolidate(): invalid chunk size
[2m[36m(launch_and_fit pid=4127482)[0m malloc_consolidate(): invalid chunk size
[2m[36m(launch_and_fit pid=4127486)[0m malloc_consolidate(): invalid chunk size
[2m[36m(launch_and_fit pid=4127485)[0m double free or corruption (fasttop)
[2m[36m(launch_and_fit pid=4127484)[0m malloc_consolidate(): invalid chunk size
E0820 02:39:32.537470524 4177744 chttp2_transport.cc:1079]             ipv4:145.136.62.30:44289: Received a GOAWAY with error code ENHANCE_YOUR_CALM and debug data equal to "too_many_pings". Current keepalive time (before throttling): ∞
INFO flwr 2023-08-20 02:39:43,670 | fed_df.py:540 | Distillation training stopped at step number : 250
INFO flwr 2023-08-20 02:39:43,670 | fed_df.py:547 | Average fusion training loss : 0.0032341620346996933, val accuracy : 0.19927999999999998, best val accuracy : 0.2028
INFO flwr 2023-08-20 02:39:43,671 | common.py:35 | Avg. local train loss : 19.037741610407828, train acc : 0.3285444444444445
INFO flwr 2023-08-20 02:39:46,097 | server.py:116 | fit progress: (19, 4.012958093261719, {'server_test_acc': 0.1967}, 1503.3106156098656)
INFO flwr 2023-08-20 02:39:46,097 | server.py:163 | evaluate_round 19: no clients selected, cancel
DEBUG flwr 2023-08-20 02:39:49,885 | server.py:215 | fit_round 20: strategy sampled 8 clients (out of 20)
DEBUG flwr 2023-08-20 02:40:21,639 | server.py:229 | fit_round 20 received 8 results and 0 failures
[2m[36m(launch_and_fit pid=4194229)[0m double free or corruption (fasttop)
INFO flwr 2023-08-20 02:40:21,755 | fed_df.py:365 | Warm start at round 20
INFO flwr 2023-08-20 02:40:21,853 | fed_df.py:463 | Performing server side distillation training...
[2m[36m(launch_and_fit pid=4194231)[0m Fitting Client 7
[2m[36m(launch_and_fit pid=4194225)[0m Fitting Client 15
[2m[36m(launch_and_fit pid=4194223)[0m Fitting Client 8
[2m[36m(launch_and_fit pid=4194226)[0m Fitting Client 4
[2m[36m(launch_and_fit pid=4194227)[0m Fitting Client 6
[2m[36m(launch_and_fit pid=4194228)[0m Fitting Client 18
[2m[36m(launch_and_fit pid=4194230)[0m Fitting Client 12
[2m[36m(launch_and_fit pid=4194229)[0m Fitting Client 3
[2m[36m(launch_and_fit pid=4194227)[0m malloc_consolidate(): invalid chunk size
[2m[36m(launch_and_fit pid=4194228)[0m malloc_consolidate(): invalid chunk size
[2m[36m(launch_and_fit pid=4194231)[0m double free or corruption (fasttop)
E0820 02:40:22.823216210 4181049 chttp2_transport.cc:1079]             ipv4:145.136.62.30:44289: Received a GOAWAY with error code ENHANCE_YOUR_CALM and debug data equal to "too_many_pings". Current keepalive time (before throttling): ∞
[2m[36m(launch_and_fit pid=4194226)[0m malloc_consolidate(): invalid chunk size
[2m[36m(launch_and_fit pid=4194225)[0m malloc_consolidate(): invalid chunk size
[2m[36m(launch_and_fit pid=4194223)[0m double free or corruption (fasttop)
[2m[36m(launch_and_fit pid=4194230)[0m malloc_consolidate(): invalid chunk size
E0820 02:40:24.103795136   26848 chttp2_transport.cc:1079]             ipv4:145.136.62.30:44289: Received a GOAWAY with error code ENHANCE_YOUR_CALM and debug data equal to "too_many_pings". Current keepalive time (before throttling): ∞
INFO flwr 2023-08-20 02:41:03,240 | fed_df.py:540 | Distillation training stopped at step number : 250
INFO flwr 2023-08-20 02:41:03,241 | fed_df.py:547 | Average fusion training loss : 0.006441207066643983, val accuracy : 0.20012, best val accuracy : 0.2058
INFO flwr 2023-08-20 02:41:03,242 | common.py:35 | Avg. local train loss : 19.09747889637947, train acc : 0.3262444444444445
INFO flwr 2023-08-20 02:41:05,713 | server.py:116 | fit progress: (20, 4.02190927734375, {'server_test_acc': 0.2105}, 1582.9261086699553)
INFO flwr 2023-08-20 02:41:05,713 | server.py:163 | evaluate_round 20: no clients selected, cancel
DEBUG flwr 2023-08-20 02:41:09,549 | server.py:215 | fit_round 21: strategy sampled 8 clients (out of 20)
[2m[36m(launch_and_fit pid=67562)[0m malloc_consolidate(): invalid chunk size
[2m[36m(launch_and_fit pid=67560)[0m double free or corruption (fasttop)
DEBUG flwr 2023-08-20 02:41:41,136 | server.py:229 | fit_round 21 received 8 results and 0 failures
INFO flwr 2023-08-20 02:41:41,292 | fed_df.py:463 | Performing server side distillation training...
[2m[36m(launch_and_fit pid=67562)[0m Fitting Client 13
[2m[36m(launch_and_fit pid=67560)[0m Fitting Client 3
[2m[36m(launch_and_fit pid=67568)[0m Fitting Client 19
[2m[36m(launch_and_fit pid=67570)[0m Fitting Client 18
[2m[36m(launch_and_fit pid=67569)[0m Fitting Client 5
[2m[36m(launch_and_fit pid=67571)[0m Fitting Client 15
[2m[36m(launch_and_fit pid=67565)[0m Fitting Client 17
[2m[36m(launch_and_fit pid=67567)[0m Fitting Client 6
[2m[36m(launch_and_fit pid=67568)[0m double free or corruption (fasttop)
[2m[36m(launch_and_fit pid=67565)[0m malloc_consolidate(): invalid chunk size
E0820 02:41:42.121604974   28039 chttp2_transport.cc:1079]             ipv4:145.136.62.30:44289: Received a GOAWAY with error code ENHANCE_YOUR_CALM and debug data equal to "too_many_pings". Current keepalive time (before throttling): ∞
[2m[36m(launch_and_fit pid=67571)[0m malloc_consolidate(): invalid chunk size
[2m[36m(launch_and_fit pid=67569)[0m double free or corruption (fasttop)
[2m[36m(launch_and_fit pid=67570)[0m malloc_consolidate(): invalid chunk size
[2m[36m(launch_and_fit pid=67567)[0m malloc_consolidate(): invalid chunk size
E0820 02:42:00.356835892   93349 chttp2_transport.cc:1079]             ipv4:145.136.62.30:44289: Received a GOAWAY with error code ENHANCE_YOUR_CALM and debug data equal to "too_many_pings". Current keepalive time (before throttling): ∞
INFO flwr 2023-08-20 02:42:21,904 | fed_df.py:540 | Distillation training stopped at step number : 250
INFO flwr 2023-08-20 02:42:21,905 | fed_df.py:547 | Average fusion training loss : 0.004388076164759696, val accuracy : 0.20007999999999998, best val accuracy : 0.2032
INFO flwr 2023-08-20 02:42:21,906 | common.py:35 | Avg. local train loss : 18.777675902843473, train acc : 0.35417777777777776
INFO flwr 2023-08-20 02:42:24,341 | server.py:116 | fit progress: (21, 4.04650693359375, {'server_test_acc': 0.2038}, 1661.5543266469613)
INFO flwr 2023-08-20 02:42:24,341 | server.py:163 | evaluate_round 21: no clients selected, cancel
E0820 02:42:25.323126034  111032 chttp2_transport.cc:1079]             ipv4:145.136.62.30:44289: Received a GOAWAY with error code ENHANCE_YOUR_CALM and debug data equal to "too_many_pings". Current keepalive time (before throttling): ∞
DEBUG flwr 2023-08-20 02:42:28,108 | server.py:215 | fit_round 22: strategy sampled 8 clients (out of 20)
DEBUG flwr 2023-08-20 02:42:59,526 | server.py:229 | fit_round 22 received 8 results and 0 failures
INFO flwr 2023-08-20 02:42:59,679 | fed_df.py:463 | Performing server side distillation training...
[2m[36m(launch_and_fit pid=134289)[0m Fitting Client 1
[2m[36m(launch_and_fit pid=134292)[0m Fitting Client 14
[2m[36m(launch_and_fit pid=134295)[0m Fitting Client 12
[2m[36m(launch_and_fit pid=134296)[0m Fitting Client 11
[2m[36m(launch_and_fit pid=134297)[0m Fitting Client 15
[2m[36m(launch_and_fit pid=134293)[0m Fitting Client 3
[2m[36m(launch_and_fit pid=134294)[0m Fitting Client 18
[2m[36m(launch_and_fit pid=134298)[0m Fitting Client 5
[2m[36m(launch_and_fit pid=134292)[0m malloc_consolidate(): invalid chunk size
[2m[36m(launch_and_fit pid=134294)[0m double free or corruption (fasttop)
E0820 02:43:00.896128131  134138 chttp2_transport.cc:1079]             ipv4:145.136.62.30:44289: Received a GOAWAY with error code ENHANCE_YOUR_CALM and debug data equal to "too_many_pings". Current keepalive time (before throttling): ∞
[2m[36m(launch_and_fit pid=134289)[0m malloc_consolidate(): invalid chunk size
[2m[36m(launch_and_fit pid=134297)[0m malloc_consolidate(): invalid chunk size
[2m[36m(launch_and_fit pid=134293)[0m double free or corruption (fasttop)
[2m[36m(launch_and_fit pid=134296)[0m malloc_consolidate(): invalid chunk size
[2m[36m(launch_and_fit pid=134298)[0m malloc_consolidate(): invalid chunk size
[2m[36m(launch_and_fit pid=134295)[0m double free or corruption (fasttop)
INFO flwr 2023-08-20 02:43:45,501 | fed_df.py:540 | Distillation training stopped at step number : 250
INFO flwr 2023-08-20 02:43:45,501 | fed_df.py:547 | Average fusion training loss : 0.005142891971161589, val accuracy : 0.21264, best val accuracy : 0.2168
INFO flwr 2023-08-20 02:43:45,502 | common.py:35 | Avg. local train loss : 18.953263470530512, train acc : 0.34091666666666665
INFO flwr 2023-08-20 02:43:47,955 | server.py:116 | fit progress: (22, 4.012049377441406, {'server_test_acc': 0.2184}, 1745.1683474821039)
INFO flwr 2023-08-20 02:43:47,955 | server.py:163 | evaluate_round 22: no clients selected, cancel
DEBUG flwr 2023-08-20 02:43:51,773 | server.py:215 | fit_round 23: strategy sampled 8 clients (out of 20)
[2m[36m(launch_and_fit pid=200997)[0m malloc_consolidate(): invalid chunk size
DEBUG flwr 2023-08-20 02:44:23,366 | server.py:229 | fit_round 23 received 8 results and 0 failures
INFO flwr 2023-08-20 02:44:23,519 | fed_df.py:463 | Performing server side distillation training...
[2m[36m(launch_and_fit pid=200997)[0m Fitting Client 3
[2m[36m(launch_and_fit pid=201001)[0m Fitting Client 7
[2m[36m(launch_and_fit pid=201000)[0m Fitting Client 6
[2m[36m(launch_and_fit pid=201003)[0m Fitting Client 17
[2m[36m(launch_and_fit pid=201002)[0m Fitting Client 14
[2m[36m(launch_and_fit pid=201005)[0m Fitting Client 15
[2m[36m(launch_and_fit pid=201006)[0m Fitting Client 16
[2m[36m(launch_and_fit pid=201004)[0m Fitting Client 2
[2m[36m(launch_and_fit pid=201004)[0m malloc_consolidate(): invalid chunk size
[2m[36m(launch_and_fit pid=201000)[0m malloc_consolidate(): invalid chunk size
E0820 02:44:24.504794985  160291 chttp2_transport.cc:1079]             ipv4:145.136.62.30:44289: Received a GOAWAY with error code ENHANCE_YOUR_CALM and debug data equal to "too_many_pings". Current keepalive time (before throttling): ∞
[2m[36m(launch_and_fit pid=201003)[0m malloc_consolidate(): invalid chunk size
[2m[36m(launch_and_fit pid=201001)[0m malloc_consolidate(): invalid chunk size
[2m[36m(launch_and_fit pid=201002)[0m malloc_consolidate(): invalid chunk size
[2m[36m(launch_and_fit pid=201005)[0m double free or corruption (fasttop)
[2m[36m(launch_and_fit pid=201006)[0m double free or corruption (fasttop)
E0820 02:44:25.940222293  227883 chttp2_transport.cc:1079]             ipv4:145.136.62.30:44289: Received a GOAWAY with error code ENHANCE_YOUR_CALM and debug data equal to "too_many_pings". Current keepalive time (before throttling): ∞
INFO flwr 2023-08-20 02:45:04,378 | fed_df.py:540 | Distillation training stopped at step number : 250
INFO flwr 2023-08-20 02:45:04,378 | fed_df.py:547 | Average fusion training loss : 0.0038858754350803793, val accuracy : 0.20839999999999997, best val accuracy : 0.2126
INFO flwr 2023-08-20 02:45:04,379 | common.py:35 | Avg. local train loss : 18.90375254452229, train acc : 0.3464
INFO flwr 2023-08-20 02:45:06,810 | server.py:116 | fit progress: (23, 4.00701953125, {'server_test_acc': 0.2146}, 1824.0236793067306)
INFO flwr 2023-08-20 02:45:06,810 | server.py:163 | evaluate_round 23: no clients selected, cancel
DEBUG flwr 2023-08-20 02:45:10,607 | server.py:215 | fit_round 24: strategy sampled 8 clients (out of 20)
DEBUG flwr 2023-08-20 02:45:42,180 | server.py:229 | fit_round 24 received 8 results and 0 failures
INFO flwr 2023-08-20 02:45:42,334 | fed_df.py:463 | Performing server side distillation training...
[2m[36m(launch_and_fit pid=267585)[0m Fitting Client 8
[2m[36m(launch_and_fit pid=267592)[0m Fitting Client 18
[2m[36m(launch_and_fit pid=267586)[0m Fitting Client 14
[2m[36m(launch_and_fit pid=267593)[0m Fitting Client 13
[2m[36m(launch_and_fit pid=267589)[0m Fitting Client 7
[2m[36m(launch_and_fit pid=267591)[0m Fitting Client 12
[2m[36m(launch_and_fit pid=267594)[0m Fitting Client 19
[2m[36m(launch_and_fit pid=267590)[0m Fitting Client 2
[2m[36m(launch_and_fit pid=267589)[0m double free or corruption (fasttop)
[2m[36m(launch_and_fit pid=267593)[0m malloc_consolidate(): invalid chunk size
[2m[36m(launch_and_fit pid=267585)[0m malloc_consolidate(): invalid chunk size
[2m[36m(launch_and_fit pid=267591)[0m malloc_consolidate(): invalid chunk size
[2m[36m(launch_and_fit pid=267590)[0m double free or corruption (fasttop)
[2m[36m(launch_and_fit pid=267586)[0m malloc_consolidate(): invalid chunk size
[2m[36m(launch_and_fit pid=267594)[0m double free or corruption (fasttop)
E0820 02:45:44.348260239  228287 chttp2_transport.cc:1079]             ipv4:145.136.62.30:44289: Received a GOAWAY with error code ENHANCE_YOUR_CALM and debug data equal to "too_many_pings". Current keepalive time (before throttling): ∞
[2m[36m(launch_and_fit pid=267592)[0m double free or corruption (fasttop)
INFO flwr 2023-08-20 02:46:23,249 | fed_df.py:540 | Distillation training stopped at step number : 250
INFO flwr 2023-08-20 02:46:23,249 | fed_df.py:547 | Average fusion training loss : 0.009607712746597826, val accuracy : 0.20851999999999998, best val accuracy : 0.2136
INFO flwr 2023-08-20 02:46:23,250 | common.py:35 | Avg. local train loss : 18.789701840281484, train acc : 0.3533333333333334
INFO flwr 2023-08-20 02:46:25,693 | server.py:116 | fit progress: (24, 4.0275810546875, {'server_test_acc': 0.2054}, 1902.906269047875)
INFO flwr 2023-08-20 02:46:25,693 | server.py:163 | evaluate_round 24: no clients selected, cancel
DEBUG flwr 2023-08-20 02:46:29,513 | server.py:215 | fit_round 25: strategy sampled 8 clients (out of 20)
DEBUG flwr 2023-08-20 02:47:01,496 | server.py:229 | fit_round 25 received 8 results and 0 failures
[2m[36m(launch_and_fit pid=334339)[0m malloc_consolidate(): invalid chunk size
INFO flwr 2023-08-20 02:47:01,612 | fed_df.py:365 | Warm start at round 25
INFO flwr 2023-08-20 02:47:01,708 | fed_df.py:463 | Performing server side distillation training...
[2m[36m(launch_and_fit pid=334344)[0m Fitting Client 17
[2m[36m(launch_and_fit pid=334345)[0m Fitting Client 2
[2m[36m(launch_and_fit pid=334347)[0m Fitting Client 19
[2m[36m(launch_and_fit pid=334348)[0m Fitting Client 12
[2m[36m(launch_and_fit pid=334346)[0m Fitting Client 14
[2m[36m(launch_and_fit pid=334341)[0m Fitting Client 0
[2m[36m(launch_and_fit pid=334342)[0m Fitting Client 1
[2m[36m(launch_and_fit pid=334339)[0m Fitting Client 3
[2m[36m(launch_and_fit pid=334346)[0m malloc_consolidate(): invalid chunk size
[2m[36m(launch_and_fit pid=334348)[0m double free or corruption (fasttop)
[2m[36m(launch_and_fit pid=334347)[0m double free or corruption (fasttop)
[2m[36m(launch_and_fit pid=334345)[0m double free or corruption (fasttop)
[2m[36m(launch_and_fit pid=334341)[0m double free or corruption (fasttop)
[2m[36m(launch_and_fit pid=334342)[0m malloc_consolidate(): invalid chunk size
E0820 02:47:02.923561721  360377 chttp2_transport.cc:1079]             ipv4:145.136.62.30:44289: Received a GOAWAY with error code ENHANCE_YOUR_CALM and debug data equal to "too_many_pings". Current keepalive time (before throttling): ∞
[2m[36m(launch_and_fit pid=334344)[0m malloc_consolidate(): invalid chunk size
E0820 02:47:06.516072162  360400 chttp2_transport.cc:1079]             ipv4:145.136.62.30:44289: Received a GOAWAY with error code ENHANCE_YOUR_CALM and debug data equal to "too_many_pings". Current keepalive time (before throttling): ∞
INFO flwr 2023-08-20 02:47:42,830 | fed_df.py:540 | Distillation training stopped at step number : 250
INFO flwr 2023-08-20 02:47:42,830 | fed_df.py:547 | Average fusion training loss : 0.008000417154747993, val accuracy : 0.21964, best val accuracy : 0.2206
INFO flwr 2023-08-20 02:47:42,831 | common.py:35 | Avg. local train loss : 18.897881141304968, train acc : 0.34357222222222217
INFO flwr 2023-08-20 02:47:45,325 | server.py:116 | fit progress: (25, 4.018652978515625, {'server_test_acc': 0.2118}, 1982.539085477125)
INFO flwr 2023-08-20 02:47:45,326 | server.py:163 | evaluate_round 25: no clients selected, cancel
DEBUG flwr 2023-08-20 02:47:49,183 | server.py:215 | fit_round 26: strategy sampled 8 clients (out of 20)
[2m[36m(launch_and_fit pid=400937)[0m double free or corruption (fasttop)
DEBUG flwr 2023-08-20 02:48:20,968 | server.py:229 | fit_round 26 received 8 results and 0 failures
INFO flwr 2023-08-20 02:48:21,120 | fed_df.py:463 | Performing server side distillation training...
[2m[36m(launch_and_fit pid=400937)[0m Fitting Client 15
[2m[36m(launch_and_fit pid=400932)[0m Fitting Client 5
[2m[36m(launch_and_fit pid=400939)[0m Fitting Client 6
[2m[36m(launch_and_fit pid=400938)[0m Fitting Client 17
[2m[36m(launch_and_fit pid=400935)[0m Fitting Client 13
[2m[36m(launch_and_fit pid=400940)[0m Fitting Client 18
[2m[36m(launch_and_fit pid=400942)[0m Fitting Client 0
[2m[36m(launch_and_fit pid=400941)[0m Fitting Client 16
[2m[36m(launch_and_fit pid=400940)[0m malloc_consolidate(): invalid chunk size
E0820 02:48:21.637914775  426162 chttp2_transport.cc:1079]             ipv4:145.136.62.30:44289: Received a GOAWAY with error code ENHANCE_YOUR_CALM and debug data equal to "too_many_pings". Current keepalive time (before throttling): ∞
[2m[36m(launch_and_fit pid=400938)[0m malloc_consolidate(): invalid chunk size
[2m[36m(launch_and_fit pid=400935)[0m double free or corruption (fasttop)
[2m[36m(launch_and_fit pid=400939)[0m malloc_consolidate(): invalid chunk size
[2m[36m(launch_and_fit pid=400942)[0m malloc_consolidate(): invalid chunk size
[2m[36m(launch_and_fit pid=400932)[0m malloc_consolidate(): invalid chunk size
[2m[36m(launch_and_fit pid=400941)[0m double free or corruption (fasttop)
INFO flwr 2023-08-20 02:49:02,374 | fed_df.py:540 | Distillation training stopped at step number : 250
INFO flwr 2023-08-20 02:49:02,374 | fed_df.py:547 | Average fusion training loss : 0.004013565508066677, val accuracy : 0.22408, best val accuracy : 0.2268
INFO flwr 2023-08-20 02:49:02,375 | common.py:35 | Avg. local train loss : 18.721781161427497, train acc : 0.35985
INFO flwr 2023-08-20 02:49:04,860 | server.py:116 | fit progress: (26, 4.044735095214843, {'server_test_acc': 0.2208}, 2062.073217413854)
INFO flwr 2023-08-20 02:49:04,860 | server.py:163 | evaluate_round 26: no clients selected, cancel
DEBUG flwr 2023-08-20 02:49:08,774 | server.py:215 | fit_round 27: strategy sampled 8 clients (out of 20)
DEBUG flwr 2023-08-20 02:49:40,577 | server.py:229 | fit_round 27 received 8 results and 0 failures
INFO flwr 2023-08-20 02:49:40,729 | fed_df.py:463 | Performing server side distillation training...
[2m[36m(launch_and_fit pid=467650)[0m Fitting Client 5
[2m[36m(launch_and_fit pid=467653)[0m Fitting Client 0
[2m[36m(launch_and_fit pid=467658)[0m Fitting Client 16
[2m[36m(launch_and_fit pid=467659)[0m Fitting Client 13
[2m[36m(launch_and_fit pid=467655)[0m Fitting Client 18
[2m[36m(launch_and_fit pid=467656)[0m Fitting Client 12
[2m[36m(launch_and_fit pid=467654)[0m Fitting Client 8
[2m[36m(launch_and_fit pid=467657)[0m Fitting Client 14
[2m[36m(launch_and_fit pid=467653)[0m double free or corruption (fasttop)
[2m[36m(launch_and_fit pid=467657)[0m corrupted size vs. prev_size in fastbins
[2m[36m(launch_and_fit pid=467659)[0m malloc_consolidate(): invalid chunk size
[2m[36m(launch_and_fit pid=467650)[0m malloc_consolidate(): invalid chunk size
[2m[36m(launch_and_fit pid=467654)[0m malloc_consolidate(): invalid chunk size
[2m[36m(launch_and_fit pid=467656)[0m malloc_consolidate(): invalid chunk size
[2m[36m(launch_and_fit pid=467658)[0m double free or corruption (fasttop)
[2m[36m(launch_and_fit pid=467655)[0m double free or corruption (fasttop)
INFO flwr 2023-08-20 02:50:22,512 | fed_df.py:540 | Distillation training stopped at step number : 250
INFO flwr 2023-08-20 02:50:22,513 | fed_df.py:547 | Average fusion training loss : 0.006526438518310897, val accuracy : 0.22643999999999997, best val accuracy : 0.229
INFO flwr 2023-08-20 02:50:22,514 | common.py:35 | Avg. local train loss : 18.802521654963495, train acc : 0.3541222222222222
INFO flwr 2023-08-20 02:50:24,948 | server.py:116 | fit progress: (27, 4.022484301757813, {'server_test_acc': 0.2219}, 2142.1620394848287)
INFO flwr 2023-08-20 02:50:24,949 | server.py:163 | evaluate_round 27: no clients selected, cancel
DEBUG flwr 2023-08-20 02:50:28,748 | server.py:215 | fit_round 28: strategy sampled 8 clients (out of 20)
[2m[36m(launch_and_fit pid=534461)[0m double free or corruption (fasttop)
DEBUG flwr 2023-08-20 02:51:00,502 | server.py:229 | fit_round 28 received 8 results and 0 failures
INFO flwr 2023-08-20 02:51:00,655 | fed_df.py:463 | Performing server side distillation training...
[2m[36m(launch_and_fit pid=534461)[0m Fitting Client 15
[2m[36m(launch_and_fit pid=534454)[0m Fitting Client 9
[2m[36m(launch_and_fit pid=534456)[0m Fitting Client 13
[2m[36m(launch_and_fit pid=534463)[0m Fitting Client 3
[2m[36m(launch_and_fit pid=534462)[0m Fitting Client 4
[2m[36m(launch_and_fit pid=534455)[0m Fitting Client 14
[2m[36m(launch_and_fit pid=534465)[0m Fitting Client 19
[2m[36m(launch_and_fit pid=534464)[0m Fitting Client 16
[2m[36m(launch_and_fit pid=534454)[0m double free or corruption (fasttop)
[2m[36m(launch_and_fit pid=534465)[0m malloc_consolidate(): invalid chunk size
[2m[36m(launch_and_fit pid=534456)[0m malloc_consolidate(): invalid chunk size
[2m[36m(launch_and_fit pid=534455)[0m malloc_consolidate(): invalid chunk size
[2m[36m(launch_and_fit pid=534464)[0m malloc_consolidate(): invalid chunk size
[2m[36m(launch_and_fit pid=534462)[0m double free or corruption (fasttop)
[2m[36m(launch_and_fit pid=534463)[0m malloc_consolidate(): invalid chunk size
E0820 02:51:03.186784018  426485 chttp2_transport.cc:1079]             ipv4:145.136.62.30:44289: Received a GOAWAY with error code ENHANCE_YOUR_CALM and debug data equal to "too_many_pings". Current keepalive time (before throttling): ∞
E0820 02:51:22.636142635  591935 chttp2_transport.cc:1079]             ipv4:145.136.62.30:44289: Received a GOAWAY with error code ENHANCE_YOUR_CALM and debug data equal to "too_many_pings". Current keepalive time (before throttling): ∞
INFO flwr 2023-08-20 02:51:42,627 | fed_df.py:540 | Distillation training stopped at step number : 250
INFO flwr 2023-08-20 02:51:42,627 | fed_df.py:547 | Average fusion training loss : 0.0019606839523185044, val accuracy : 0.21804, best val accuracy : 0.2206
INFO flwr 2023-08-20 02:51:42,628 | common.py:35 | Avg. local train loss : 18.815262550115584, train acc : 0.35359444444444443
INFO flwr 2023-08-20 02:51:45,109 | server.py:116 | fit progress: (28, 4.003463208007813, {'server_test_acc': 0.218}, 2222.323032835033)
INFO flwr 2023-08-20 02:51:45,110 | server.py:163 | evaluate_round 28: no clients selected, cancel
DEBUG flwr 2023-08-20 02:51:49,003 | server.py:215 | fit_round 29: strategy sampled 8 clients (out of 20)
DEBUG flwr 2023-08-20 02:52:20,994 | server.py:229 | fit_round 29 received 8 results and 0 failures
[2m[36m(launch_and_fit pid=620488)[0m malloc_consolidate(): invalid chunk size
[2m[36m(launch_and_fit pid=620483)[0m double free or corruption (fasttop)
INFO flwr 2023-08-20 02:52:21,150 | fed_df.py:463 | Performing server side distillation training...
[2m[36m(launch_and_fit pid=620480)[0m Fitting Client 17
[2m[36m(launch_and_fit pid=620483)[0m Fitting Client 19
[2m[36m(launch_and_fit pid=620484)[0m Fitting Client 18
[2m[36m(launch_and_fit pid=620485)[0m Fitting Client 0
[2m[36m(launch_and_fit pid=620486)[0m Fitting Client 10
[2m[36m(launch_and_fit pid=620487)[0m Fitting Client 14
[2m[36m(launch_and_fit pid=620482)[0m Fitting Client 1
[2m[36m(launch_and_fit pid=620488)[0m Fitting Client 9
[2m[36m(launch_and_fit pid=620482)[0m malloc_consolidate(): invalid chunk size
[2m[36m(launch_and_fit pid=620487)[0m double free or corruption (fasttop)
E0820 02:52:22.287708952  651418 chttp2_transport.cc:1079]             ipv4:145.136.62.30:44289: Received a GOAWAY with error code ENHANCE_YOUR_CALM and debug data equal to "too_many_pings". Current keepalive time (before throttling): ∞
[2m[36m(launch_and_fit pid=620480)[0m malloc_consolidate(): invalid chunk size
[2m[36m(launch_and_fit pid=620484)[0m double free or corruption (fasttop)
[2m[36m(launch_and_fit pid=620486)[0m double free or corruption (fasttop)
[2m[36m(launch_and_fit pid=620485)[0m double free or corruption (fasttop)
E0820 02:52:22.869232373  652118 chttp2_transport.cc:1079]             ipv4:145.136.62.30:44289: Received a GOAWAY with error code ENHANCE_YOUR_CALM and debug data equal to "too_many_pings". Current keepalive time (before throttling): ∞
INFO flwr 2023-08-20 02:53:02,616 | fed_df.py:540 | Distillation training stopped at step number : 250
INFO flwr 2023-08-20 02:53:02,617 | fed_df.py:547 | Average fusion training loss : 0.0061944413437740875, val accuracy : 0.23027999999999998, best val accuracy : 0.2328
INFO flwr 2023-08-20 02:53:02,618 | common.py:35 | Avg. local train loss : 18.811426809430124, train acc : 0.35525
INFO flwr 2023-08-20 02:53:05,088 | server.py:116 | fit progress: (29, 4.000349914550781, {'server_test_acc': 0.2224}, 2302.3011321178637)
INFO flwr 2023-08-20 02:53:05,088 | server.py:163 | evaluate_round 29: no clients selected, cancel
DEBUG flwr 2023-08-20 02:53:09,059 | server.py:215 | fit_round 30: strategy sampled 8 clients (out of 20)
DEBUG flwr 2023-08-20 02:53:40,818 | server.py:229 | fit_round 30 received 8 results and 0 failures
INFO flwr 2023-08-20 02:53:40,933 | fed_df.py:365 | Warm start at round 30
[2m[36m(launch_and_fit pid=692574)[0m double free or corruption (fasttop)
[2m[36m(launch_and_fit pid=692577)[0m malloc_consolidate(): invalid chunk size
INFO flwr 2023-08-20 02:53:41,031 | fed_df.py:463 | Performing server side distillation training...
[2m[36m(launch_and_fit pid=692572)[0m Fitting Client 15
[2m[36m(launch_and_fit pid=692574)[0m Fitting Client 16
[2m[36m(launch_and_fit pid=692577)[0m Fitting Client 18
[2m[36m(launch_and_fit pid=692576)[0m Fitting Client 5
[2m[36m(launch_and_fit pid=692581)[0m Fitting Client 19
[2m[36m(launch_and_fit pid=692578)[0m Fitting Client 2
[2m[36m(launch_and_fit pid=692580)[0m Fitting Client 8
[2m[36m(launch_and_fit pid=692579)[0m Fitting Client 1
[2m[36m(launch_and_fit pid=692572)[0m malloc_consolidate(): invalid chunk size
[2m[36m(launch_and_fit pid=692578)[0m malloc_consolidate(): invalid chunk size
[2m[36m(launch_and_fit pid=692581)[0m double free or corruption (fasttop)
[2m[36m(launch_and_fit pid=692579)[0m malloc_consolidate(): invalid chunk size
[2m[36m(launch_and_fit pid=692576)[0m malloc_consolidate(): invalid chunk size
[2m[36m(launch_and_fit pid=692580)[0m double free or corruption (fasttop)
E0820 02:53:43.615571974  719163 chttp2_transport.cc:1079]             ipv4:145.136.62.30:44289: Received a GOAWAY with error code ENHANCE_YOUR_CALM and debug data equal to "too_many_pings". Current keepalive time (before throttling): ∞
INFO flwr 2023-08-20 02:54:22,393 | fed_df.py:540 | Distillation training stopped at step number : 250
INFO flwr 2023-08-20 02:54:22,394 | fed_df.py:547 | Average fusion training loss : 0.00703831569920294, val accuracy : 0.22559999999999997, best val accuracy : 0.2302
INFO flwr 2023-08-20 02:54:22,395 | common.py:35 | Avg. local train loss : 18.596877056360242, train acc : 0.3735555555555556
INFO flwr 2023-08-20 02:54:24,889 | server.py:116 | fit progress: (30, 4.061901782226562, {'server_test_acc': 0.2308}, 2382.1021934240125)
INFO flwr 2023-08-20 02:54:24,889 | server.py:163 | evaluate_round 30: no clients selected, cancel
INFO flwr 2023-08-20 02:54:24,889 | server.py:144 | FL finished in 2382.1025411779992
INFO flwr 2023-08-20 02:54:24,889 | app.py:202 | app_fit: losses_distributed []
INFO flwr 2023-08-20 02:54:24,890 | app.py:203 | app_fit: metrics_distributed {}
INFO flwr 2023-08-20 02:54:24,890 | app.py:204 | app_fit: losses_centralized [(0, 4.655556018066406), (1, 4.66213466796875), (2, 4.584647619628906), (3, 4.511738134765625), (4, 4.398378393554688), (5, 4.281247387695313), (6, 4.181438549804687), (7, 4.198966955566406), (8, 4.170429406738282), (9, 4.097238928222656), (10, 4.148076062011719), (11, 4.14001015625), (12, 4.103978112792968), (13, 4.088266137695313), (14, 4.072662023925782), (15, 4.094973669433593), (16, 4.099139965820313), (17, 4.07314736328125), (18, 4.0327125122070315), (19, 4.012958093261719), (20, 4.02190927734375), (21, 4.04650693359375), (22, 4.012049377441406), (23, 4.00701953125), (24, 4.0275810546875), (25, 4.018652978515625), (26, 4.044735095214843), (27, 4.022484301757813), (28, 4.003463208007813), (29, 4.000349914550781), (30, 4.061901782226562)]
INFO flwr 2023-08-20 02:54:24,890 | app.py:205 | app_fit: metrics_centralized {'server_test_acc': [(0, 0.0107), (1, 0.0609), (2, 0.0707), (3, 0.068), (4, 0.0856), (5, 0.1056), (6, 0.1069), (7, 0.1265), (8, 0.1378), (9, 0.1491), (10, 0.1515), (11, 0.149), (12, 0.1683), (13, 0.1733), (14, 0.1702), (15, 0.1754), (16, 0.1759), (17, 0.182), (18, 0.1902), (19, 0.1967), (20, 0.2105), (21, 0.2038), (22, 0.2184), (23, 0.2146), (24, 0.2054), (25, 0.2118), (26, 0.2208), (27, 0.2219), (28, 0.218), (29, 0.2224), (30, 0.2308)]}
malloc_consolidate(): invalid chunk size
srun: error: gcn30: task 0: Aborted
srun: Terminating StepId=3425359.1
-----EXPERIMENT ENDS-----
-----CLEANING UP DISK------
-----END-----

JOB STATISTICS
==============
Job ID: 3425359
Cluster: snellius
User/Group: sunnys/sunnys
State: COMPLETED (exit code 0)
Nodes: 1
Cores per node: 18
CPU Utilized: 01:40:35
CPU Efficiency: 13.70% of 12:14:06 core-walltime
Job Wall-clock time: 00:40:47
Memory Utilized: 51.69 GB
Memory Efficiency: 43.08% of 120.00 GB
