-----BEGIN-----
-----SETTINGS-----
TOTAL CROPS:50000
STRATEGY:feddf
MODEL_NAME:resnet8
NUM_CLIENTS:20
NUM_ROUNDS:30
FRACTION_FIT:0.4
FRACTION_EVALUATE:0.0
DATASET_NAME:cifar10
PARTITION_ALPHA:1.0
PARTITION_VAL_RATIO:0.1
BATCH_SIZE:512
LOCAL_EPOCHS:40
LOCAL_LR:0.01
DISTILL_BATCH_SIZE:512
SERVER_LR:0.005
SERVER_STEPS:500
SERVER_EARLY_STEPS:1000
USE_EARLY_STOPPING:False
USE_ADAPTIVE_LR:False
USE_ADAPTIVE_LR_ROUND:False
SEED:42
CUDA_DETERMINISTIC:False
USE_CROPS:True
IMG_NAME:ameyoko_small.jpg
DISTILL_DATASET:cifar100
DISTILL_ALPHA:1.0
NUM_DISTILL_IMAGES:5000
DISTILL_TRANSFORMS:v0
WARM_START:True
WARM_START_ROUNDS:1
WARM_START_INTERVAL:2
KMEANS_N_CLUSTER:1000
KMEANS_HEURISTICS:hard
KMEANS_MIXED_FACTOR:50-50
KMEANS_BALANCING:1.0
CONFIDENCE_THRESHOLD:0.9
CONFIDENCE_STRATEGY:top
CONFIDENCE_ADAPTIVE:False
CONFIDENCE_MAX_THRESH:0.5
CLIPPING_FACTOR:2.5
FEDPROX_FACTOR:2.0
FEDPROX_ADAPTIVE:False
USE_CLIPPING:True
USE_ENTROPY:True
USE_KMEANS:True
USE_FEDPROX:False
-----SETTINGS END-----
-----EXPERIMENT BEGINS-----
---------
Generating crops for FedDF
Namespace(img_size=32, batch_size=32, num_imgs=50000, threads=18, vflip=False, deg=30, shear=30, cropfirst=True, initcrop=0.5, scale=[500, 1], randinterp=False, debug=False, imgpath='./static/single_images/ameyoko_small.jpg', targetpath='/scratch-local/sunnys.3891752/1695073741_653804649', seed=42, img_per_thread=2777)
will save 50000 patches in /scratch-local/sunnys.3891752/1695073741_653804649/single_img_crops/crops
50000 took 0.83min with 18 threads
---------
Simulating feddf training
INFO simulate 2023-09-18 23:50:03,449 | simulate.py:50 | Python script started : simulate.py
DEBUG simulate 2023-09-18 23:50:03,449 | simulate.py:55 | Reading args from argument parser
Downloading https://www.cs.toronto.edu/~kriz/cifar-10-python.tar.gz to /scratch-local/sunnys.3891752/1695073741_653804649/cifar-10-python.tar.gz
Extracting /scratch-local/sunnys.3891752/1695073741_653804649/cifar-10-python.tar.gz to /scratch-local/sunnys.3891752/1695073741_653804649
Generating unified cifar10 dataset
Class histogram for 0-th partition (alpha=1.0, 10 classes): [440 381 415  39  10 257 227 532  17 182]
INFO flwr 2023-09-18 23:52:10,109 | app.py:145 | Starting Flower simulation, config: ServerConfig(num_rounds=30, round_timeout=None)
2023-09-18 23:52:12,330	INFO worker.py:1529 -- Started a local Ray instance. View the dashboard at [1m[32m127.0.0.1:8266 [39m[22m
INFO flwr 2023-09-18 23:52:13,360 | app.py:179 | Flower VCE: Ray initialized with resources: {'accelerator_type:A100': 1.0, 'object_store_memory': 61847529062.0, 'GPU': 1.0, 'CPU': 18.0, 'memory': 103079215104.0, 'node:145.136.62.54': 1.0}
INFO flwr 2023-09-18 23:52:13,361 | server.py:86 | Initializing global parameters
INFO flwr 2023-09-18 23:52:13,361 | server.py:266 | Using initial parameters provided by strategy
INFO flwr 2023-09-18 23:52:13,361 | server.py:88 | Evaluating initial parameters
INFO flwr 2023-09-18 23:52:20,975 | server.py:91 | initial parameters (loss, other metrics): 2.3234217651367186, {'server_test_acc': 0.108}
INFO flwr 2023-09-18 23:52:20,975 | server.py:101 | FL starting
DEBUG flwr 2023-09-18 23:52:27,049 | server.py:215 | fit_round 1: strategy sampled 8 clients (out of 20)
[2m[36m(launch_and_fit pid=1922883)[0m double free or corruption (fasttop)
DEBUG flwr 2023-09-18 23:53:51,404 | server.py:229 | fit_round 1 received 8 results and 0 failures
INFO flwr 2023-09-18 23:53:51,510 | fed_df.py:366 | Warm start at round 1
[2m[36m(launch_and_fit pid=1922884)[0m malloc_consolidate(): invalid chunk size
[2m[36m(launch_and_fit pid=1922873)[0m double free or corruption (fasttop)
INFO flwr 2023-09-18 23:53:51,601 | fed_df.py:464 | Performing server side distillation training...
[2m[36m(launch_and_fit pid=1922848)[0m Fitting Client 3
[2m[36m(launch_and_fit pid=1922881)[0m Fitting Client 5
[2m[36m(launch_and_fit pid=1922849)[0m Fitting Client 12
[2m[36m(launch_and_fit pid=1922873)[0m Fitting Client 8
[2m[36m(launch_and_fit pid=1922884)[0m Fitting Client 14
[2m[36m(launch_and_fit pid=1922882)[0m Fitting Client 13
[2m[36m(launch_and_fit pid=1922883)[0m Fitting Client 10
[2m[36m(launch_and_fit pid=1922874)[0m Fitting Client 7
[2m[36m(launch_and_fit pid=1922881)[0m malloc_consolidate(): invalid chunk size
[2m[36m(launch_and_fit pid=1922849)[0m malloc_consolidate(): invalid chunk size
E0918 23:53:52.798269127 1916487 chttp2_transport.cc:1079]             ipv4:145.136.62.54:45467: Received a GOAWAY with error code ENHANCE_YOUR_CALM and debug data equal to "too_many_pings". Current keepalive time (before throttling): 60000ms
E0918 23:53:52.798403118 1916487 chttp2_transport.cc:1079]             ipv4:145.136.62.54:45467: Received a GOAWAY with error code ENHANCE_YOUR_CALM and debug data equal to "too_many_pings". Current keepalive time (before throttling): 60000ms
E0918 23:53:52.798415850 1916487 chttp2_transport.cc:1079]             ipv4:145.136.62.54:45467: Received a GOAWAY with error code ENHANCE_YOUR_CALM and debug data equal to "too_many_pings". Current keepalive time (before throttling): 60000ms
E0918 23:53:52.798424567 1916487 chttp2_transport.cc:1079]             ipv4:145.136.62.54:45467: Received a GOAWAY with error code ENHANCE_YOUR_CALM and debug data equal to "too_many_pings". Current keepalive time (before throttling): 60000ms
E0918 23:53:52.798433720 1916487 chttp2_transport.cc:1079]             ipv4:145.136.62.54:45467: Received a GOAWAY with error code ENHANCE_YOUR_CALM and debug data equal to "too_many_pings". Current keepalive time (before throttling): 60000ms
E0918 23:53:52.798441511 1916487 chttp2_transport.cc:1079]             ipv4:145.136.62.54:45467: Received a GOAWAY with error code ENHANCE_YOUR_CALM and debug data equal to "too_many_pings". Current keepalive time (before throttling): 60000ms
E0918 23:53:52.798449393 1916487 chttp2_transport.cc:1079]             ipv4:145.136.62.54:45467: Received a GOAWAY with error code ENHANCE_YOUR_CALM and debug data equal to "too_many_pings". Current keepalive time (before throttling): 60000ms
E0918 23:53:52.798457040 1916487 chttp2_transport.cc:1079]             ipv4:145.136.62.54:45467: Received a GOAWAY with error code ENHANCE_YOUR_CALM and debug data equal to "too_many_pings". Current keepalive time (before throttling): 60000ms
E0918 23:53:52.798464950 1916487 chttp2_transport.cc:1079]             ipv4:145.136.62.54:45467: Received a GOAWAY with error code ENHANCE_YOUR_CALM and debug data equal to "too_many_pings". Current keepalive time (before throttling): 60000ms
E0918 23:53:52.798472639 1916487 chttp2_transport.cc:1079]             ipv4:145.136.62.54:45467: Received a GOAWAY with error code ENHANCE_YOUR_CALM and debug data equal to "too_many_pings". Current keepalive time (before throttling): 60000ms
E0918 23:53:52.798480265 1916487 chttp2_transport.cc:1079]             ipv4:145.136.62.54:45467: Received a GOAWAY with error code ENHANCE_YOUR_CALM and debug data equal to "too_many_pings". Current keepalive time (before throttling): 60000ms
E0918 23:53:52.798488045 1916487 chttp2_transport.cc:1079]             ipv4:145.136.62.54:45467: Received a GOAWAY with error code ENHANCE_YOUR_CALM and debug data equal to "too_many_pings". Current keepalive time (before throttling): 60000ms
[2m[36m(launch_and_fit pid=1922848)[0m malloc_consolidate(): invalid chunk size
[2m[36m(launch_and_fit pid=1922882)[0m malloc_consolidate(): invalid chunk size
[2m[36m(launch_and_fit pid=1922874)[0m double free or corruption (fasttop)
E0918 23:54:53.672549608 2105402 chttp2_transport.cc:1079]             ipv4:145.136.62.54:45467: Received a GOAWAY with error code ENHANCE_YOUR_CALM and debug data equal to "too_many_pings". Current keepalive time (before throttling): 120000ms
INFO flwr 2023-09-18 23:55:20,670 | fed_df.py:544 | Distillation training stopped at step number : 500
INFO flwr 2023-09-18 23:55:20,670 | fed_df.py:551 | Average fusion training loss : 0.011729310113936662, val accuracy : 0.42182000000000003, best val accuracy : 0.4982
INFO flwr 2023-09-18 23:55:20,671 | common.py:35 | Avg. local train loss : 6.7657665329054, train acc : 0.5988249999999999
INFO flwr 2023-09-18 23:55:23,253 | server.py:116 | fit progress: (1, 1.518891632080078, {'server_test_acc': 0.4935}, 182.27835735678673)
INFO flwr 2023-09-18 23:55:23,254 | server.py:163 | evaluate_round 1: no clients selected, cancel
DEBUG flwr 2023-09-18 23:55:29,220 | server.py:215 | fit_round 2: strategy sampled 8 clients (out of 20)
DEBUG flwr 2023-09-18 23:56:51,035 | server.py:229 | fit_round 2 received 8 results and 0 failures
INFO flwr 2023-09-18 23:56:51,143 | fed_df.py:366 | Warm start at round 2
INFO flwr 2023-09-18 23:56:51,231 | fed_df.py:464 | Performing server side distillation training...
[2m[36m(launch_and_fit pid=2301258)[0m Fitting Client 11
[2m[36m(launch_and_fit pid=2301353)[0m Fitting Client 18
[2m[36m(launch_and_fit pid=2301307)[0m Fitting Client 5
[2m[36m(launch_and_fit pid=2301358)[0m Fitting Client 17
[2m[36m(launch_and_fit pid=2301367)[0m Fitting Client 13
[2m[36m(launch_and_fit pid=2301308)[0m Fitting Client 8
[2m[36m(launch_and_fit pid=2301359)[0m Fitting Client 10
[2m[36m(launch_and_fit pid=2301356)[0m Fitting Client 6
[2m[36m(launch_and_fit pid=2301367)[0m malloc_consolidate(): invalid chunk size
[2m[36m(launch_and_fit pid=2301308)[0m malloc_consolidate(): invalid chunk size
[2m[36m(launch_and_fit pid=2301307)[0m double free or corruption (fasttop)
[2m[36m(launch_and_fit pid=2301356)[0m malloc_consolidate(): invalid chunk size
[2m[36m(launch_and_fit pid=2301359)[0m corrupted size vs. prev_size in fastbins
[2m[36m(launch_and_fit pid=2301353)[0m double free or corruption (fasttop)
[2m[36m(launch_and_fit pid=2301358)[0m malloc_consolidate(): invalid chunk size
[2m[36m(launch_and_fit pid=2301258)[0m malloc_consolidate(): invalid chunk size
E0918 23:56:53.875684439 2240101 chttp2_transport.cc:1079]             ipv4:145.136.62.54:45467: Received a GOAWAY with error code ENHANCE_YOUR_CALM and debug data equal to "too_many_pings". Current keepalive time (before throttling): 240000ms
INFO flwr 2023-09-18 23:58:26,066 | fed_df.py:544 | Distillation training stopped at step number : 500
INFO flwr 2023-09-18 23:58:26,067 | fed_df.py:551 | Average fusion training loss : 0.0060009300904348495, val accuracy : 0.54092, best val accuracy : 0.5652
INFO flwr 2023-09-18 23:58:26,067 | common.py:35 | Avg. local train loss : 5.282760169543327, train acc : 0.74725
INFO flwr 2023-09-18 23:58:28,812 | server.py:116 | fit progress: (2, 1.4439269226074218, {'server_test_acc': 0.5572}, 367.8368866154924)
INFO flwr 2023-09-18 23:58:28,812 | server.py:163 | evaluate_round 2: no clients selected, cancel
DEBUG flwr 2023-09-18 23:58:34,886 | server.py:215 | fit_round 3: strategy sampled 8 clients (out of 20)
[2m[36m(launch_and_fit pid=2645925)[0m malloc_consolidate(): invalid chunk size
[2m[36m(launch_and_fit pid=2645940)[0m malloc_consolidate(): invalid chunk size
DEBUG flwr 2023-09-18 23:59:57,700 | server.py:229 | fit_round 3 received 8 results and 0 failures
INFO flwr 2023-09-18 23:59:57,840 | fed_df.py:464 | Performing server side distillation training...
[2m[36m(launch_and_fit pid=2645931)[0m Fitting Client 16
[2m[36m(launch_and_fit pid=2645927)[0m Fitting Client 5
[2m[36m(launch_and_fit pid=2645930)[0m Fitting Client 7
[2m[36m(launch_and_fit pid=2645929)[0m Fitting Client 18
[2m[36m(launch_and_fit pid=2645938)[0m Fitting Client 6
[2m[36m(launch_and_fit pid=2645924)[0m Fitting Client 2
[2m[36m(launch_and_fit pid=2645925)[0m Fitting Client 17
[2m[36m(launch_and_fit pid=2645940)[0m Fitting Client 4
[2m[36m(launch_and_fit pid=2645927)[0m malloc_consolidate(): invalid chunk size
[2m[36m(launch_and_fit pid=2645929)[0m double free or corruption (fasttop)
[2m[36m(launch_and_fit pid=2645938)[0m double free or corruption (fasttop)
[2m[36m(launch_and_fit pid=2645924)[0m double free or corruption (fasttop)
[2m[36m(launch_and_fit pid=2645931)[0m malloc_consolidate(): invalid chunk size
[2m[36m(launch_and_fit pid=2645930)[0m malloc_consolidate(): invalid chunk size
INFO flwr 2023-09-19 00:01:32,802 | fed_df.py:544 | Distillation training stopped at step number : 500
INFO flwr 2023-09-19 00:01:32,803 | fed_df.py:551 | Average fusion training loss : 0.001372291811509058, val accuracy : 0.5551999999999999, best val accuracy : 0.573
INFO flwr 2023-09-19 00:01:32,804 | common.py:35 | Avg. local train loss : 4.792868851684034, train acc : 0.8001638888888889
INFO flwr 2023-09-19 00:01:35,487 | server.py:116 | fit progress: (3, 1.5392116668701172, {'server_test_acc': 0.5631}, 554.5120669212192)
INFO flwr 2023-09-19 00:01:35,487 | server.py:163 | evaluate_round 3: no clients selected, cancel
DEBUG flwr 2023-09-19 00:01:41,588 | server.py:215 | fit_round 4: strategy sampled 8 clients (out of 20)
[2m[36m(launch_and_fit pid=2985109)[0m double free or corruption (fasttop)
[2m[36m(launch_and_fit pid=2985105)[0m malloc_consolidate(): invalid chunk size
[2m[36m(launch_and_fit pid=2985108)[0m double free or corruption (fasttop)
DEBUG flwr 2023-09-19 00:03:03,960 | server.py:229 | fit_round 4 received 8 results and 0 failures
[2m[36m(launch_and_fit pid=2985104)[0m malloc_consolidate(): invalid chunk size
INFO flwr 2023-09-19 00:03:04,068 | fed_df.py:366 | Warm start at round 4
[2m[36m(launch_and_fit pid=2985107)[0m malloc_consolidate(): invalid chunk size
INFO flwr 2023-09-19 00:03:04,162 | fed_df.py:464 | Performing server side distillation training...
[2m[36m(launch_and_fit pid=2985107)[0m Fitting Client 18
[2m[36m(launch_and_fit pid=2985108)[0m Fitting Client 13
[2m[36m(launch_and_fit pid=2985101)[0m Fitting Client 7
[2m[36m(launch_and_fit pid=2985104)[0m Fitting Client 10
[2m[36m(launch_and_fit pid=2985109)[0m Fitting Client 12
[2m[36m(launch_and_fit pid=2985106)[0m Fitting Client 0
[2m[36m(launch_and_fit pid=2985105)[0m Fitting Client 1
[2m[36m(launch_and_fit pid=2985103)[0m Fitting Client 17
[2m[36m(launch_and_fit pid=2985106)[0m malloc_consolidate(): invalid chunk size
[2m[36m(launch_and_fit pid=2985101)[0m malloc_consolidate(): invalid chunk size
[2m[36m(launch_and_fit pid=2985103)[0m malloc_consolidate(): invalid chunk size
E0919 00:03:06.054519141 3170577 chttp2_transport.cc:1079]             ipv4:145.136.62.54:45467: Received a GOAWAY with error code ENHANCE_YOUR_CALM and debug data equal to "too_many_pings". Current keepalive time (before throttling): 480000ms
INFO flwr 2023-09-19 00:04:39,665 | fed_df.py:544 | Distillation training stopped at step number : 500
INFO flwr 2023-09-19 00:04:39,666 | fed_df.py:551 | Average fusion training loss : 0.013317853851243854, val accuracy : 0.57024, best val accuracy : 0.5992
INFO flwr 2023-09-19 00:04:39,666 | common.py:35 | Avg. local train loss : 4.477904568240048, train acc : 0.8341402777777778
INFO flwr 2023-09-19 00:04:42,365 | server.py:116 | fit progress: (4, 1.4396885986328125, {'server_test_acc': 0.5903}, 741.3899106830359)
INFO flwr 2023-09-19 00:04:42,365 | server.py:163 | evaluate_round 4: no clients selected, cancel
DEBUG flwr 2023-09-19 00:04:48,543 | server.py:215 | fit_round 5: strategy sampled 8 clients (out of 20)
DEBUG flwr 2023-09-19 00:06:10,864 | server.py:229 | fit_round 5 received 8 results and 0 failures
[2m[36m(launch_and_fit pid=3324040)[0m malloc_consolidate(): invalid chunk size
INFO flwr 2023-09-19 00:06:11,005 | fed_df.py:464 | Performing server side distillation training...
[2m[36m(launch_and_fit pid=3324038)[0m Fitting Client 14
[2m[36m(launch_and_fit pid=3324029)[0m Fitting Client 12
[2m[36m(launch_and_fit pid=3324036)[0m Fitting Client 2
[2m[36m(launch_and_fit pid=3324031)[0m Fitting Client 10
[2m[36m(launch_and_fit pid=3324034)[0m Fitting Client 8
[2m[36m(launch_and_fit pid=3324033)[0m Fitting Client 6
[2m[36m(launch_and_fit pid=3324040)[0m Fitting Client 9
[2m[36m(launch_and_fit pid=3324039)[0m Fitting Client 11
[2m[36m(launch_and_fit pid=3324031)[0m malloc_consolidate(): invalid chunk size
[2m[36m(launch_and_fit pid=3324029)[0m malloc_consolidate(): invalid chunk size
[2m[36m(launch_and_fit pid=3324038)[0m malloc_consolidate(): invalid chunk size
E0919 00:06:11.884531370 3171380 chttp2_transport.cc:1079]             ipv4:145.136.62.54:45467: Received a GOAWAY with error code ENHANCE_YOUR_CALM and debug data equal to "too_many_pings". Current keepalive time (before throttling): 960000ms
[2m[36m(launch_and_fit pid=3324033)[0m malloc_consolidate(): invalid chunk size
[2m[36m(launch_and_fit pid=3324034)[0m malloc_consolidate(): invalid chunk size
[2m[36m(launch_and_fit pid=3324039)[0m malloc_consolidate(): invalid chunk size
E0919 00:06:13.091110799 3509341 chttp2_transport.cc:1079]             ipv4:145.136.62.54:45467: Received a GOAWAY with error code ENHANCE_YOUR_CALM and debug data equal to "too_many_pings". Current keepalive time (before throttling): 1920000ms
INFO flwr 2023-09-19 00:07:46,862 | fed_df.py:544 | Distillation training stopped at step number : 500
INFO flwr 2023-09-19 00:07:46,863 | fed_df.py:551 | Average fusion training loss : 0.0008932134557981044, val accuracy : 0.6465799999999999, best val accuracy : 0.67
INFO flwr 2023-09-19 00:07:46,863 | common.py:35 | Avg. local train loss : 4.520021911151708, train acc : 0.8379291666666666
INFO flwr 2023-09-19 00:07:49,532 | server.py:116 | fit progress: (5, 1.3696085784912109, {'server_test_acc': 0.655}, 928.5566810416058)
INFO flwr 2023-09-19 00:07:49,532 | server.py:163 | evaluate_round 5: no clients selected, cancel
DEBUG flwr 2023-09-19 00:07:55,977 | server.py:215 | fit_round 6: strategy sampled 8 clients (out of 20)
[2m[36m(launch_and_fit pid=3662350)[0m double free or corruption (fasttop)
[2m[36m(launch_and_fit pid=3662347)[0m malloc_consolidate(): invalid chunk size
[2m[36m(launch_and_fit pid=3662349)[0m malloc_consolidate(): invalid chunk size
DEBUG flwr 2023-09-19 00:09:17,648 | server.py:229 | fit_round 6 received 8 results and 0 failures
INFO flwr 2023-09-19 00:09:17,758 | fed_df.py:366 | Warm start at round 6
INFO flwr 2023-09-19 00:09:17,847 | fed_df.py:464 | Performing server side distillation training...
[2m[36m(launch_and_fit pid=3662344)[0m Fitting Client 10
[2m[36m(launch_and_fit pid=3662348)[0m Fitting Client 14
[2m[36m(launch_and_fit pid=3662351)[0m Fitting Client 17
[2m[36m(launch_and_fit pid=3662349)[0m Fitting Client 4
[2m[36m(launch_and_fit pid=3662350)[0m Fitting Client 2
[2m[36m(launch_and_fit pid=3662345)[0m Fitting Client 15
[2m[36m(launch_and_fit pid=3662346)[0m Fitting Client 6
[2m[36m(launch_and_fit pid=3662347)[0m Fitting Client 12
[2m[36m(launch_and_fit pid=3662344)[0m double free or corruption (fasttop)
[2m[36m(launch_and_fit pid=3662351)[0m double free or corruption (fasttop)
[2m[36m(launch_and_fit pid=3662348)[0m malloc_consolidate(): invalid chunk size
[2m[36m(launch_and_fit pid=3662345)[0m malloc_consolidate(): invalid chunk size
[2m[36m(launch_and_fit pid=3662346)[0m malloc_consolidate(): invalid chunk size
E0919 00:09:20.113790548 3509946 chttp2_transport.cc:1079]             ipv4:145.136.62.54:45467: Received a GOAWAY with error code ENHANCE_YOUR_CALM and debug data equal to "too_many_pings". Current keepalive time (before throttling): 3840000ms
INFO flwr 2023-09-19 00:10:53,901 | fed_df.py:544 | Distillation training stopped at step number : 500
INFO flwr 2023-09-19 00:10:53,902 | fed_df.py:551 | Average fusion training loss : 0.007122384645976127, val accuracy : 0.56086, best val accuracy : 0.637
INFO flwr 2023-09-19 00:10:53,903 | common.py:35 | Avg. local train loss : 4.489398310892284, train acc : 0.8405708333333333
INFO flwr 2023-09-19 00:10:56,604 | server.py:116 | fit progress: (6, 1.645485940551758, {'server_test_acc': 0.6294}, 1115.628660166636)
INFO flwr 2023-09-19 00:10:56,604 | server.py:163 | evaluate_round 6: no clients selected, cancel
DEBUG flwr 2023-09-19 00:11:03,093 | server.py:215 | fit_round 7: strategy sampled 8 clients (out of 20)
[2m[36m(launch_and_fit pid=4041560)[0m double free or corruption (fasttop)
DEBUG flwr 2023-09-19 00:12:24,744 | server.py:229 | fit_round 7 received 8 results and 0 failures
INFO flwr 2023-09-19 00:12:24,885 | fed_df.py:464 | Performing server side distillation training...
[2m[36m(launch_and_fit pid=4041560)[0m Fitting Client 7
[2m[36m(launch_and_fit pid=4041613)[0m Fitting Client 8
[2m[36m(launch_and_fit pid=4041611)[0m Fitting Client 18
[2m[36m(launch_and_fit pid=4041644)[0m Fitting Client 14
[2m[36m(launch_and_fit pid=4041610)[0m Fitting Client 17
[2m[36m(launch_and_fit pid=4041612)[0m Fitting Client 13
[2m[36m(launch_and_fit pid=4041690)[0m Fitting Client 9
[2m[36m(launch_and_fit pid=4041689)[0m Fitting Client 6
[2m[36m(launch_and_fit pid=4041610)[0m malloc_consolidate(): invalid chunk size
[2m[36m(launch_and_fit pid=4041689)[0m double free or corruption (fasttop)
[2m[36m(launch_and_fit pid=4041690)[0m malloc_consolidate(): invalid chunk size
[2m[36m(launch_and_fit pid=4041611)[0m malloc_consolidate(): invalid chunk size
[2m[36m(launch_and_fit pid=4041613)[0m malloc_consolidate(): invalid chunk size
[2m[36m(launch_and_fit pid=4041612)[0m double free or corruption (fasttop)
E0919 00:12:26.370162969   40701 chttp2_transport.cc:1079]             ipv4:145.136.62.54:45467: Received a GOAWAY with error code ENHANCE_YOUR_CALM and debug data equal to "too_many_pings". Current keepalive time (before throttling): 7680000ms
[2m[36m(launch_and_fit pid=4041644)[0m double free or corruption (fasttop)
INFO flwr 2023-09-19 00:14:00,838 | fed_df.py:544 | Distillation training stopped at step number : 500
INFO flwr 2023-09-19 00:14:00,839 | fed_df.py:551 | Average fusion training loss : 0.00082116676250007, val accuracy : 0.66528, best val accuracy : 0.6772
INFO flwr 2023-09-19 00:14:00,839 | common.py:35 | Avg. local train loss : 4.125067227520049, train acc : 0.8788583333333333
INFO flwr 2023-09-19 00:14:03,581 | server.py:116 | fit progress: (7, 1.4124026092529296, {'server_test_acc': 0.6488}, 1302.6056200191379)
INFO flwr 2023-09-19 00:14:03,581 | server.py:163 | evaluate_round 7: no clients selected, cancel
DEBUG flwr 2023-09-19 00:14:09,915 | server.py:215 | fit_round 8: strategy sampled 8 clients (out of 20)
[2m[36m(launch_and_fit pid=193492)[0m malloc_consolidate(): invalid chunk size
[2m[36m(launch_and_fit pid=193493)[0m double free or corruption (fasttop)
DEBUG flwr 2023-09-19 00:15:32,306 | server.py:229 | fit_round 8 received 8 results and 0 failures
INFO flwr 2023-09-19 00:15:32,415 | fed_df.py:366 | Warm start at round 8
[2m[36m(launch_and_fit pid=193491)[0m malloc_consolidate(): invalid chunk size
INFO flwr 2023-09-19 00:15:32,503 | fed_df.py:464 | Performing server side distillation training...
[2m[36m(launch_and_fit pid=193459)[0m Fitting Client 11
[2m[36m(launch_and_fit pid=193493)[0m Fitting Client 12
[2m[36m(launch_and_fit pid=193491)[0m Fitting Client 1
[2m[36m(launch_and_fit pid=193489)[0m Fitting Client 4
[2m[36m(launch_and_fit pid=193490)[0m Fitting Client 15
[2m[36m(launch_and_fit pid=193492)[0m Fitting Client 0
[2m[36m(launch_and_fit pid=193488)[0m Fitting Client 16
[2m[36m(launch_and_fit pid=193487)[0m Fitting Client 7
[2m[36m(launch_and_fit pid=193459)[0m malloc_consolidate(): invalid chunk size
[2m[36m(launch_and_fit pid=193490)[0m malloc_consolidate(): invalid chunk size
E0919 00:15:33.508276441  378967 chttp2_transport.cc:1079]             ipv4:145.136.62.54:45467: Received a GOAWAY with error code ENHANCE_YOUR_CALM and debug data equal to "too_many_pings". Current keepalive time (before throttling): 15360000ms
[2m[36m(launch_and_fit pid=193487)[0m double free or corruption (fasttop)
[2m[36m(launch_and_fit pid=193489)[0m malloc_consolidate(): invalid chunk size
E0919 00:15:40.867566423  391157 chttp2_transport.cc:1079]             ipv4:145.136.62.54:45467: Received a GOAWAY with error code ENHANCE_YOUR_CALM and debug data equal to "too_many_pings". Current keepalive time (before throttling): 30720000ms
INFO flwr 2023-09-19 00:17:08,470 | fed_df.py:544 | Distillation training stopped at step number : 500
INFO flwr 2023-09-19 00:17:08,470 | fed_df.py:551 | Average fusion training loss : 0.005944276579422876, val accuracy : 0.60892, best val accuracy : 0.6928
INFO flwr 2023-09-19 00:17:08,471 | common.py:35 | Avg. local train loss : 4.191493317484856, train acc : 0.8733888888888889
INFO flwr 2023-09-19 00:17:11,288 | server.py:116 | fit progress: (8, 1.766834033203125, {'server_test_acc': 0.6793}, 1490.3129440424964)
INFO flwr 2023-09-19 00:17:11,288 | server.py:163 | evaluate_round 8: no clients selected, cancel
DEBUG flwr 2023-09-19 00:17:17,905 | server.py:215 | fit_round 9: strategy sampled 8 clients (out of 20)
[2m[36m(launch_and_fit pid=532214)[0m double free or corruption (fasttop)
[2m[36m(launch_and_fit pid=532210)[0m malloc_consolidate(): invalid chunk size
DEBUG flwr 2023-09-19 00:18:39,838 | server.py:229 | fit_round 9 received 8 results and 0 failures
INFO flwr 2023-09-19 00:18:39,980 | fed_df.py:464 | Performing server side distillation training...
[2m[36m(launch_and_fit pid=532209)[0m Fitting Client 3
[2m[36m(launch_and_fit pid=532210)[0m Fitting Client 5
[2m[36m(launch_and_fit pid=532215)[0m Fitting Client 6
[2m[36m(launch_and_fit pid=532212)[0m Fitting Client 4
[2m[36m(launch_and_fit pid=532213)[0m Fitting Client 2
[2m[36m(launch_and_fit pid=532217)[0m Fitting Client 9
[2m[36m(launch_and_fit pid=532214)[0m Fitting Client 13
[2m[36m(launch_and_fit pid=532216)[0m Fitting Client 14
[2m[36m(launch_and_fit pid=532209)[0m double free or corruption (fasttop)
[2m[36m(launch_and_fit pid=532212)[0m malloc_consolidate(): invalid chunk size
[2m[36m(launch_and_fit pid=532217)[0m malloc_consolidate(): invalid chunk size
[2m[36m(launch_and_fit pid=532213)[0m malloc_consolidate(): invalid chunk size
[2m[36m(launch_and_fit pid=532215)[0m double free or corruption (fasttop)
[2m[36m(launch_and_fit pid=532216)[0m malloc_consolidate(): invalid chunk size
E0919 00:18:47.940686349  391727 chttp2_transport.cc:1079]             ipv4:145.136.62.54:45467: Received a GOAWAY with error code ENHANCE_YOUR_CALM and debug data equal to "too_many_pings". Current keepalive time (before throttling): 61440000ms
INFO flwr 2023-09-19 00:20:21,475 | fed_df.py:544 | Distillation training stopped at step number : 500
INFO flwr 2023-09-19 00:20:21,475 | fed_df.py:551 | Average fusion training loss : 0.0007207483795355074, val accuracy : 0.67422, best val accuracy : 0.692
INFO flwr 2023-09-19 00:20:21,476 | common.py:35 | Avg. local train loss : 4.217508608289062, train acc : 0.8768180555555556
INFO flwr 2023-09-19 00:20:24,212 | server.py:116 | fit progress: (9, 1.5650259674072267, {'server_test_acc': 0.6806}, 1683.2374081714079)
INFO flwr 2023-09-19 00:20:24,213 | server.py:163 | evaluate_round 9: no clients selected, cancel
DEBUG flwr 2023-09-19 00:20:30,463 | server.py:215 | fit_round 10: strategy sampled 8 clients (out of 20)
[2m[36m(launch_and_fit pid=873105)[0m malloc_consolidate(): invalid chunk size
DEBUG flwr 2023-09-19 00:21:51,332 | server.py:229 | fit_round 10 received 8 results and 0 failures
INFO flwr 2023-09-19 00:21:51,443 | fed_df.py:366 | Warm start at round 10
[2m[36m(launch_and_fit pid=873098)[0m double free or corruption (fasttop)
INFO flwr 2023-09-19 00:21:51,535 | fed_df.py:464 | Performing server side distillation training...
[2m[36m(launch_and_fit pid=873098)[0m Fitting Client 3
[2m[36m(launch_and_fit pid=873090)[0m Fitting Client 14
[2m[36m(launch_and_fit pid=873103)[0m Fitting Client 10
[2m[36m(launch_and_fit pid=873104)[0m Fitting Client 12
[2m[36m(launch_and_fit pid=873105)[0m Fitting Client 17
[2m[36m(launch_and_fit pid=873096)[0m Fitting Client 16
[2m[36m(launch_and_fit pid=873094)[0m Fitting Client 0
[2m[36m(launch_and_fit pid=873095)[0m Fitting Client 8
[2m[36m(launch_and_fit pid=873090)[0m malloc_consolidate(): invalid chunk size
[2m[36m(launch_and_fit pid=873104)[0m double free or corruption (fasttop)
[2m[36m(launch_and_fit pid=873095)[0m malloc_consolidate(): invalid chunk size
[2m[36m(launch_and_fit pid=873096)[0m double free or corruption (fasttop)
[2m[36m(launch_and_fit pid=873103)[0m malloc_consolidate(): invalid chunk size
[2m[36m(launch_and_fit pid=873094)[0m malloc_consolidate(): invalid chunk size
E0919 00:21:53.866662931  726865 chttp2_transport.cc:1079]             ipv4:145.136.62.54:45467: Received a GOAWAY with error code ENHANCE_YOUR_CALM and debug data equal to "too_many_pings". Current keepalive time (before throttling): 122880000ms
INFO flwr 2023-09-19 00:23:29,643 | fed_df.py:544 | Distillation training stopped at step number : 500
INFO flwr 2023-09-19 00:23:29,643 | fed_df.py:551 | Average fusion training loss : 0.004892273259232752, val accuracy : 0.5906199999999999, best val accuracy : 0.6786
INFO flwr 2023-09-19 00:23:29,644 | common.py:35 | Avg. local train loss : 4.065569209493697, train acc : 0.888925
INFO flwr 2023-09-19 00:23:32,405 | server.py:116 | fit progress: (10, 1.7909588897705078, {'server_test_acc': 0.6741}, 1871.429895277135)
INFO flwr 2023-09-19 00:23:32,405 | server.py:163 | evaluate_round 10: no clients selected, cancel
DEBUG flwr 2023-09-19 00:23:38,603 | server.py:215 | fit_round 11: strategy sampled 8 clients (out of 20)
[2m[36m(launch_and_fit pid=1211470)[0m malloc_consolidate(): invalid chunk size
[2m[36m(launch_and_fit pid=1211473)[0m malloc_consolidate(): invalid chunk size
[2m[36m(launch_and_fit pid=1211468)[0m malloc_consolidate(): invalid chunk size
DEBUG flwr 2023-09-19 00:25:00,320 | server.py:229 | fit_round 11 received 8 results and 0 failures
INFO flwr 2023-09-19 00:25:00,460 | fed_df.py:464 | Performing server side distillation training...
[2m[36m(launch_and_fit pid=1211476)[0m Fitting Client 7
[2m[36m(launch_and_fit pid=1211468)[0m Fitting Client 13
[2m[36m(launch_and_fit pid=1211464)[0m Fitting Client 10
[2m[36m(launch_and_fit pid=1211470)[0m Fitting Client 9
[2m[36m(launch_and_fit pid=1211474)[0m Fitting Client 0
[2m[36m(launch_and_fit pid=1211473)[0m Fitting Client 8
[2m[36m(launch_and_fit pid=1211469)[0m Fitting Client 2
[2m[36m(launch_and_fit pid=1211467)[0m Fitting Client 3
[2m[36m(launch_and_fit pid=1211464)[0m malloc_consolidate(): invalid chunk size
[2m[36m(launch_and_fit pid=1211474)[0m double free or corruption (fasttop)
[2m[36m(launch_and_fit pid=1211476)[0m double free or corruption (fasttop)
[2m[36m(launch_and_fit pid=1211467)[0m malloc_consolidate(): invalid chunk size
[2m[36m(launch_and_fit pid=1211469)[0m malloc_consolidate(): invalid chunk size
INFO flwr 2023-09-19 00:26:42,413 | fed_df.py:544 | Distillation training stopped at step number : 500
INFO flwr 2023-09-19 00:26:42,413 | fed_df.py:551 | Average fusion training loss : 0.0006778291948139667, val accuracy : 0.67922, best val accuracy : 0.6878
INFO flwr 2023-09-19 00:26:42,414 | common.py:35 | Avg. local train loss : 3.933001963794231, train acc : 0.9047819444444444
INFO flwr 2023-09-19 00:26:45,401 | server.py:116 | fit progress: (11, 1.6232770355224608, {'server_test_acc': 0.6689}, 2064.42596192006)
INFO flwr 2023-09-19 00:26:45,401 | server.py:163 | evaluate_round 11: no clients selected, cancel
DEBUG flwr 2023-09-19 00:26:51,536 | server.py:215 | fit_round 12: strategy sampled 8 clients (out of 20)
[2m[36m(launch_and_fit pid=1602266)[0m malloc_consolidate(): invalid chunk size
[2m[36m(launch_and_fit pid=1602397)[0m malloc_consolidate(): invalid chunk size
DEBUG flwr 2023-09-19 00:28:13,056 | server.py:229 | fit_round 12 received 8 results and 0 failures
[2m[36m(launch_and_fit pid=1602401)[0m malloc_consolidate(): invalid chunk size
INFO flwr 2023-09-19 00:28:13,165 | fed_df.py:366 | Warm start at round 12
INFO flwr 2023-09-19 00:28:13,253 | fed_df.py:464 | Performing server side distillation training...
[2m[36m(launch_and_fit pid=1602266)[0m Fitting Client 5
[2m[36m(launch_and_fit pid=1602401)[0m Fitting Client 4
[2m[36m(launch_and_fit pid=1602399)[0m Fitting Client 13
[2m[36m(launch_and_fit pid=1602400)[0m Fitting Client 3
[2m[36m(launch_and_fit pid=1602396)[0m Fitting Client 18
[2m[36m(launch_and_fit pid=1602397)[0m Fitting Client 8
[2m[36m(launch_and_fit pid=1602398)[0m Fitting Client 10
[2m[36m(launch_and_fit pid=1602265)[0m Fitting Client 16
[2m[36m(launch_and_fit pid=1602398)[0m malloc_consolidate(): invalid chunk size
E0919 00:28:13.876117965 1633863 chttp2_transport.cc:1079]             ipv4:145.136.62.54:45467: Received a GOAWAY with error code ENHANCE_YOUR_CALM and debug data equal to "too_many_pings". Current keepalive time (before throttling): 245760000ms
[2m[36m(launch_and_fit pid=1602400)[0m malloc_consolidate(): invalid chunk size
[2m[36m(launch_and_fit pid=1602265)[0m double free or corruption (fasttop)
[2m[36m(launch_and_fit pid=1602396)[0m malloc_consolidate(): invalid chunk size
[2m[36m(launch_and_fit pid=1602399)[0m double free or corruption (fasttop)
E0919 00:28:53.437476156 1852160 chttp2_transport.cc:1079]             ipv4:145.136.62.54:45467: Received a GOAWAY with error code ENHANCE_YOUR_CALM and debug data equal to "too_many_pings". Current keepalive time (before throttling): 491520000ms
INFO flwr 2023-09-19 00:29:50,378 | fed_df.py:544 | Distillation training stopped at step number : 500
INFO flwr 2023-09-19 00:29:50,378 | fed_df.py:551 | Average fusion training loss : 0.004355241366196424, val accuracy : 0.5796600000000001, best val accuracy : 0.6898
INFO flwr 2023-09-19 00:29:50,379 | common.py:35 | Avg. local train loss : 3.9524083368480203, train acc : 0.9030597222222222
INFO flwr 2023-09-19 00:29:53,141 | server.py:116 | fit progress: (12, 1.9207454956054688, {'server_test_acc': 0.6819}, 2252.166103767231)
INFO flwr 2023-09-19 00:29:53,141 | server.py:163 | evaluate_round 12: no clients selected, cancel
DEBUG flwr 2023-09-19 00:29:59,441 | server.py:215 | fit_round 13: strategy sampled 8 clients (out of 20)
[2m[36m(launch_and_fit pid=1946332)[0m double free or corruption (fasttop)
[2m[36m(launch_and_fit pid=1946341)[0m double free or corruption (fasttop)
DEBUG flwr 2023-09-19 00:31:19,200 | server.py:229 | fit_round 13 received 8 results and 0 failures
INFO flwr 2023-09-19 00:31:19,342 | fed_df.py:464 | Performing server side distillation training...
[2m[36m(launch_and_fit pid=1946332)[0m Fitting Client 16
[2m[36m(launch_and_fit pid=1946334)[0m Fitting Client 6
[2m[36m(launch_and_fit pid=1946341)[0m Fitting Client 5
[2m[36m(launch_and_fit pid=1946346)[0m Fitting Client 14
[2m[36m(launch_and_fit pid=1946337)[0m Fitting Client 11
[2m[36m(launch_and_fit pid=1946336)[0m Fitting Client 4
[2m[36m(launch_and_fit pid=1946347)[0m Fitting Client 12
[2m[36m(launch_and_fit pid=1946339)[0m Fitting Client 8
[2m[36m(launch_and_fit pid=1946339)[0m malloc_consolidate(): invalid chunk size
[2m[36m(launch_and_fit pid=1946334)[0m malloc_consolidate(): invalid chunk size
E0919 00:31:20.742700228 1853855 chttp2_transport.cc:1079]             ipv4:145.136.62.54:45467: Received a GOAWAY with error code ENHANCE_YOUR_CALM and debug data equal to "too_many_pings". Current keepalive time (before throttling): 983040000ms
[2m[36m(launch_and_fit pid=1946346)[0m malloc_consolidate(): invalid chunk size
[2m[36m(launch_and_fit pid=1946337)[0m malloc_consolidate(): invalid chunk size
[2m[36m(launch_and_fit pid=1946336)[0m double free or corruption (fasttop)
E0919 00:31:21.372923186 2128279 chttp2_transport.cc:1079]             ipv4:145.136.62.54:45467: Received a GOAWAY with error code ENHANCE_YOUR_CALM and debug data equal to "too_many_pings". Current keepalive time (before throttling): 1966080000ms
INFO flwr 2023-09-19 00:32:57,374 | fed_df.py:544 | Distillation training stopped at step number : 500
INFO flwr 2023-09-19 00:32:57,374 | fed_df.py:551 | Average fusion training loss : 0.0005814454097417183, val accuracy : 0.74334, best val accuracy : 0.75
INFO flwr 2023-09-19 00:32:57,376 | common.py:35 | Avg. local train loss : 3.9366070872172707, train acc : 0.905625
INFO flwr 2023-09-19 00:33:00,154 | server.py:116 | fit progress: (13, 1.5983791717529297, {'server_test_acc': 0.7389}, 2439.178739696741)
INFO flwr 2023-09-19 00:33:00,154 | server.py:163 | evaluate_round 13: no clients selected, cancel
DEBUG flwr 2023-09-19 00:33:06,525 | server.py:215 | fit_round 14: strategy sampled 8 clients (out of 20)
[2m[36m(launch_and_fit pid=2278164)[0m double free or corruption (fasttop)
DEBUG flwr 2023-09-19 00:34:27,263 | server.py:229 | fit_round 14 received 8 results and 0 failures
INFO flwr 2023-09-19 00:34:27,373 | fed_df.py:366 | Warm start at round 14
[2m[36m(launch_and_fit pid=2278184)[0m malloc_consolidate(): invalid chunk size
INFO flwr 2023-09-19 00:34:27,461 | fed_df.py:464 | Performing server side distillation training...
[2m[36m(launch_and_fit pid=2278164)[0m Fitting Client 10
[2m[36m(launch_and_fit pid=2278184)[0m Fitting Client 15
[2m[36m(launch_and_fit pid=2278185)[0m Fitting Client 0
[2m[36m(launch_and_fit pid=2278188)[0m Fitting Client 19
[2m[36m(launch_and_fit pid=2278194)[0m Fitting Client 5
[2m[36m(launch_and_fit pid=2278195)[0m Fitting Client 3
[2m[36m(launch_and_fit pid=2278196)[0m Fitting Client 12
[2m[36m(launch_and_fit pid=2278192)[0m Fitting Client 14
[2m[36m(launch_and_fit pid=2278188)[0m malloc_consolidate(): invalid chunk size
[2m[36m(launch_and_fit pid=2278196)[0m malloc_consolidate(): invalid chunk size
[2m[36m(launch_and_fit pid=2278185)[0m malloc_consolidate(): invalid chunk size
[2m[36m(launch_and_fit pid=2278194)[0m malloc_consolidate(): invalid chunk size
[2m[36m(launch_and_fit pid=2278192)[0m malloc_consolidate(): invalid chunk size
[2m[36m(launch_and_fit pid=2278195)[0m double free or corruption (fasttop)
E0919 00:34:29.840250892 2129050 chttp2_transport.cc:1079]             ipv4:145.136.62.54:45467: Received a GOAWAY with error code ENHANCE_YOUR_CALM and debug data equal to "too_many_pings". Current keepalive time (before throttling): ∞
INFO flwr 2023-09-19 00:36:04,374 | fed_df.py:544 | Distillation training stopped at step number : 500
INFO flwr 2023-09-19 00:36:04,375 | fed_df.py:551 | Average fusion training loss : 0.003016735541052185, val accuracy : 0.6169800000000001, best val accuracy : 0.7136
INFO flwr 2023-09-19 00:36:04,376 | common.py:35 | Avg. local train loss : 3.8382609922438857, train acc : 0.9113916666666667
INFO flwr 2023-09-19 00:36:07,260 | server.py:116 | fit progress: (14, 1.9301385620117189, {'server_test_acc': 0.7059}, 2626.284821455367)
INFO flwr 2023-09-19 00:36:07,260 | server.py:163 | evaluate_round 14: no clients selected, cancel
DEBUG flwr 2023-09-19 00:36:13,432 | server.py:215 | fit_round 15: strategy sampled 8 clients (out of 20)
DEBUG flwr 2023-09-19 00:37:34,146 | server.py:229 | fit_round 15 received 8 results and 0 failures
[2m[36m(launch_and_fit pid=2619366)[0m double free or corruption (fasttop)
INFO flwr 2023-09-19 00:37:34,289 | fed_df.py:464 | Performing server side distillation training...
[2m[36m(launch_and_fit pid=2619365)[0m Fitting Client 1
[2m[36m(launch_and_fit pid=2619368)[0m Fitting Client 17
[2m[36m(launch_and_fit pid=2619369)[0m Fitting Client 11
[2m[36m(launch_and_fit pid=2619370)[0m Fitting Client 2
[2m[36m(launch_and_fit pid=2619362)[0m Fitting Client 9
[2m[36m(launch_and_fit pid=2619366)[0m Fitting Client 18
[2m[36m(launch_and_fit pid=2619364)[0m Fitting Client 7
[2m[36m(launch_and_fit pid=2619371)[0m Fitting Client 16
[2m[36m(launch_and_fit pid=2619365)[0m malloc_consolidate(): invalid chunk size
[2m[36m(launch_and_fit pid=2619371)[0m malloc_consolidate(): invalid chunk size
[2m[36m(launch_and_fit pid=2619364)[0m malloc_consolidate(): invalid chunk size
[2m[36m(launch_and_fit pid=2619362)[0m double free or corruption (fasttop)
[2m[36m(launch_and_fit pid=2619369)[0m malloc_consolidate(): invalid chunk size
[2m[36m(launch_and_fit pid=2619368)[0m malloc_consolidate(): invalid chunk size
[2m[36m(launch_and_fit pid=2619370)[0m malloc_consolidate(): invalid chunk size
E0919 00:37:37.071472067 2808638 chttp2_transport.cc:1079]             ipv4:145.136.62.54:45467: Received a GOAWAY with error code ENHANCE_YOUR_CALM and debug data equal to "too_many_pings". Current keepalive time (before throttling): ∞
INFO flwr 2023-09-19 00:39:12,069 | fed_df.py:544 | Distillation training stopped at step number : 500
INFO flwr 2023-09-19 00:39:12,069 | fed_df.py:551 | Average fusion training loss : 0.0006796802168246358, val accuracy : 0.7298600000000001, best val accuracy : 0.7368
INFO flwr 2023-09-19 00:39:12,070 | common.py:35 | Avg. local train loss : 3.8093958236277103, train acc : 0.9138944444444445
INFO flwr 2023-09-19 00:39:14,833 | server.py:116 | fit progress: (15, 1.695521142578125, {'server_test_acc': 0.7347}, 2813.857947747223)
INFO flwr 2023-09-19 00:39:14,833 | server.py:163 | evaluate_round 15: no clients selected, cancel
DEBUG flwr 2023-09-19 00:39:20,992 | server.py:215 | fit_round 16: strategy sampled 8 clients (out of 20)
[2m[36m(launch_and_fit pid=2958407)[0m double free or corruption (fasttop)
DEBUG flwr 2023-09-19 00:40:41,726 | server.py:229 | fit_round 16 received 8 results and 0 failures
[2m[36m(launch_and_fit pid=2958408)[0m double free or corruption (fasttop)
INFO flwr 2023-09-19 00:40:41,836 | fed_df.py:366 | Warm start at round 16
INFO flwr 2023-09-19 00:40:41,927 | fed_df.py:464 | Performing server side distillation training...
[2m[36m(launch_and_fit pid=2958407)[0m Fitting Client 2
[2m[36m(launch_and_fit pid=2958408)[0m Fitting Client 17
[2m[36m(launch_and_fit pid=2958773)[0m Fitting Client 4
[2m[36m(launch_and_fit pid=2958775)[0m Fitting Client 19
[2m[36m(launch_and_fit pid=2958758)[0m Fitting Client 18
[2m[36m(launch_and_fit pid=2958774)[0m Fitting Client 15
[2m[36m(launch_and_fit pid=2958776)[0m Fitting Client 8
[2m[36m(launch_and_fit pid=2958777)[0m Fitting Client 16
[2m[36m(launch_and_fit pid=2958773)[0m double free or corruption (fasttop)
[2m[36m(launch_and_fit pid=2958776)[0m malloc_consolidate(): invalid chunk size
[2m[36m(launch_and_fit pid=2958774)[0m double free or corruption (fasttop)
[2m[36m(launch_and_fit pid=2958775)[0m malloc_consolidate(): invalid chunk size
[2m[36m(launch_and_fit pid=2958758)[0m malloc_consolidate(): invalid chunk size
[2m[36m(launch_and_fit pid=2958777)[0m malloc_consolidate(): invalid chunk size
E0919 00:40:45.075621881 3153416 chttp2_transport.cc:1079]             ipv4:145.136.62.54:45467: Received a GOAWAY with error code ENHANCE_YOUR_CALM and debug data equal to "too_many_pings". Current keepalive time (before throttling): ∞
E0919 00:42:10.530589179 3319442 chttp2_transport.cc:1079]             ipv4:145.136.62.54:45467: Received a GOAWAY with error code ENHANCE_YOUR_CALM and debug data equal to "too_many_pings". Current keepalive time (before throttling): ∞
INFO flwr 2023-09-19 00:42:20,702 | fed_df.py:544 | Distillation training stopped at step number : 500
INFO flwr 2023-09-19 00:42:20,703 | fed_df.py:551 | Average fusion training loss : 0.0025182793220737947, val accuracy : 0.6389400000000001, best val accuracy : 0.7096
INFO flwr 2023-09-19 00:42:20,704 | common.py:35 | Avg. local train loss : 3.706693311408162, train acc : 0.9222763888888889
INFO flwr 2023-09-19 00:42:23,460 | server.py:116 | fit progress: (16, 1.9808593322753907, {'server_test_acc': 0.7024}, 3002.485182210803)
INFO flwr 2023-09-19 00:42:23,460 | server.py:163 | evaluate_round 16: no clients selected, cancel
DEBUG flwr 2023-09-19 00:42:29,602 | server.py:215 | fit_round 17: strategy sampled 8 clients (out of 20)
[2m[36m(launch_and_fit pid=3343672)[0m malloc_consolidate(): invalid chunk size
[2m[36m(launch_and_fit pid=3343811)[0m malloc_consolidate(): invalid chunk size
[2m[36m(launch_and_fit pid=3343812)[0m double free or corruption (fasttop)
DEBUG flwr 2023-09-19 00:43:49,720 | server.py:229 | fit_round 17 received 8 results and 0 failures
INFO flwr 2023-09-19 00:43:49,860 | fed_df.py:464 | Performing server side distillation training...
[2m[36m(launch_and_fit pid=3343672)[0m Fitting Client 6
[2m[36m(launch_and_fit pid=3343811)[0m Fitting Client 18
[2m[36m(launch_and_fit pid=3343806)[0m Fitting Client 16
[2m[36m(launch_and_fit pid=3343805)[0m Fitting Client 13
[2m[36m(launch_and_fit pid=3343810)[0m Fitting Client 10
[2m[36m(launch_and_fit pid=3343812)[0m Fitting Client 17
[2m[36m(launch_and_fit pid=3343808)[0m Fitting Client 19
[2m[36m(launch_and_fit pid=3343809)[0m Fitting Client 9
[2m[36m(launch_and_fit pid=3343805)[0m malloc_consolidate(): invalid chunk size
[2m[36m(launch_and_fit pid=3343806)[0m malloc_consolidate(): invalid chunk size
[2m[36m(launch_and_fit pid=3343808)[0m malloc_consolidate(): invalid chunk size
E0919 00:43:51.293570735 3530938 chttp2_transport.cc:1079]             ipv4:145.136.62.54:45467: Received a GOAWAY with error code ENHANCE_YOUR_CALM and debug data equal to "too_many_pings". Current keepalive time (before throttling): ∞
[2m[36m(launch_and_fit pid=3343809)[0m malloc_consolidate(): invalid chunk size
[2m[36m(launch_and_fit pid=3343810)[0m malloc_consolidate(): invalid chunk size
INFO flwr 2023-09-19 00:45:26,844 | fed_df.py:544 | Distillation training stopped at step number : 500
INFO flwr 2023-09-19 00:45:26,845 | fed_df.py:551 | Average fusion training loss : 0.0005922425054013729, val accuracy : 0.74052, best val accuracy : 0.7496
INFO flwr 2023-09-19 00:45:26,846 | common.py:35 | Avg. local train loss : 3.6887409640476108, train acc : 0.9253180555555555
INFO flwr 2023-09-19 00:45:30,032 | server.py:116 | fit progress: (17, 1.7648436492919921, {'server_test_acc': 0.7406}, 3189.0566728608683)
INFO flwr 2023-09-19 00:45:30,032 | server.py:163 | evaluate_round 17: no clients selected, cancel
DEBUG flwr 2023-09-19 00:45:36,185 | server.py:215 | fit_round 18: strategy sampled 8 clients (out of 20)
[2m[36m(launch_and_fit pid=3683106)[0m double free or corruption (fasttop)
DEBUG flwr 2023-09-19 00:46:57,035 | server.py:229 | fit_round 18 received 8 results and 0 failures
INFO flwr 2023-09-19 00:46:57,144 | fed_df.py:366 | Warm start at round 18
INFO flwr 2023-09-19 00:46:57,232 | fed_df.py:464 | Performing server side distillation training...
[2m[36m(launch_and_fit pid=3682889)[0m Fitting Client 3
[2m[36m(launch_and_fit pid=3682829)[0m Fitting Client 14
[2m[36m(launch_and_fit pid=3682928)[0m Fitting Client 11
[2m[36m(launch_and_fit pid=3682853)[0m Fitting Client 18
[2m[36m(launch_and_fit pid=3683108)[0m Fitting Client 15
[2m[36m(launch_and_fit pid=3683106)[0m Fitting Client 17
[2m[36m(launch_and_fit pid=3682954)[0m Fitting Client 16
[2m[36m(launch_and_fit pid=3683107)[0m Fitting Client 1
[2m[36m(launch_and_fit pid=3682829)[0m malloc_consolidate(): invalid chunk size
E0919 00:46:57.624938093 3869310 chttp2_transport.cc:1079]             ipv4:145.136.62.54:45467: Received a GOAWAY with error code ENHANCE_YOUR_CALM and debug data equal to "too_many_pings". Current keepalive time (before throttling): ∞
[2m[36m(launch_and_fit pid=3682928)[0m double free or corruption (fasttop)
[2m[36m(launch_and_fit pid=3682954)[0m corrupted size vs. prev_size in fastbins
[2m[36m(launch_and_fit pid=3682889)[0m double free or corruption (fasttop)
[2m[36m(launch_and_fit pid=3683108)[0m malloc_consolidate(): invalid chunk size
[2m[36m(launch_and_fit pid=3682853)[0m malloc_consolidate(): invalid chunk size
[2m[36m(launch_and_fit pid=3683107)[0m double free or corruption (fasttop)
INFO flwr 2023-09-19 00:48:35,270 | fed_df.py:544 | Distillation training stopped at step number : 500
INFO flwr 2023-09-19 00:48:35,270 | fed_df.py:551 | Average fusion training loss : 0.0021231088940985503, val accuracy : 0.71228, best val accuracy : 0.7392
INFO flwr 2023-09-19 00:48:35,271 | common.py:35 | Avg. local train loss : 3.7530794462189077, train acc : 0.9214
INFO flwr 2023-09-19 00:48:38,047 | server.py:116 | fit progress: (18, 1.9173836669921875, {'server_test_acc': 0.7357}, 3377.071768509224)
INFO flwr 2023-09-19 00:48:38,047 | server.py:163 | evaluate_round 18: no clients selected, cancel
DEBUG flwr 2023-09-19 00:48:44,278 | server.py:215 | fit_round 19: strategy sampled 8 clients (out of 20)
[2m[36m(launch_and_fit pid=4024233)[0m malloc_consolidate(): invalid chunk size
[2m[36m(launch_and_fit pid=4024239)[0m double free or corruption (fasttop)
DEBUG flwr 2023-09-19 00:50:04,611 | server.py:229 | fit_round 19 received 8 results and 0 failures
INFO flwr 2023-09-19 00:50:04,751 | fed_df.py:464 | Performing server side distillation training...
[2m[36m(launch_and_fit pid=4024233)[0m Fitting Client 10
[2m[36m(launch_and_fit pid=4024234)[0m Fitting Client 0
[2m[36m(launch_and_fit pid=4024236)[0m Fitting Client 7
[2m[36m(launch_and_fit pid=4024239)[0m Fitting Client 16
[2m[36m(launch_and_fit pid=4024240)[0m Fitting Client 17
[2m[36m(launch_and_fit pid=4024243)[0m Fitting Client 11
[2m[36m(launch_and_fit pid=4024242)[0m Fitting Client 18
[2m[36m(launch_and_fit pid=4024241)[0m Fitting Client 1
[2m[36m(launch_and_fit pid=4024242)[0m double free or corruption (fasttop)
[2m[36m(launch_and_fit pid=4024241)[0m malloc_consolidate(): invalid chunk size
[2m[36m(launch_and_fit pid=4024236)[0m double free or corruption (fasttop)
[2m[36m(launch_and_fit pid=4024234)[0m malloc_consolidate(): invalid chunk size
[2m[36m(launch_and_fit pid=4024240)[0m malloc_consolidate(): invalid chunk size
[2m[36m(launch_and_fit pid=4024243)[0m double free or corruption (fasttop)
E0919 00:50:07.128913374 3869458 chttp2_transport.cc:1079]             ipv4:145.136.62.54:45467: Received a GOAWAY with error code ENHANCE_YOUR_CALM and debug data equal to "too_many_pings". Current keepalive time (before throttling): ∞
INFO flwr 2023-09-19 00:51:42,443 | fed_df.py:544 | Distillation training stopped at step number : 500
INFO flwr 2023-09-19 00:51:42,444 | fed_df.py:551 | Average fusion training loss : 0.0004211609873746056, val accuracy : 0.7591600000000001, best val accuracy : 0.7628
INFO flwr 2023-09-19 00:51:42,445 | common.py:35 | Avg. local train loss : 3.6276398841291666, train acc : 0.9323180555555557
INFO flwr 2023-09-19 00:51:45,216 | server.py:116 | fit progress: (19, 1.73909794921875, {'server_test_acc': 0.7513}, 3564.2415585257113)
INFO flwr 2023-09-19 00:51:45,217 | server.py:163 | evaluate_round 19: no clients selected, cancel
DEBUG flwr 2023-09-19 00:51:51,556 | server.py:215 | fit_round 20: strategy sampled 8 clients (out of 20)
[2m[36m(launch_and_fit pid=169476)[0m corrupted size vs. prev_size in fastbins
[2m[36m(launch_and_fit pid=169613)[0m corrupted size vs. prev_size in fastbins
[2m[36m(launch_and_fit pid=170008)[0m malloc_consolidate(): invalid chunk size
[2m[36m(launch_and_fit pid=169909)[0m malloc_consolidate(): invalid chunk size
[2m[36m(launch_and_fit pid=170007)[0m malloc_consolidate(): invalid chunk size
DEBUG flwr 2023-09-19 00:53:12,596 | server.py:229 | fit_round 20 received 8 results and 0 failures
[2m[36m(launch_and_fit pid=169609)[0m double free or corruption (fasttop)
INFO flwr 2023-09-19 00:53:12,705 | fed_df.py:366 | Warm start at round 20
INFO flwr 2023-09-19 00:53:12,791 | fed_df.py:464 | Performing server side distillation training...
[2m[36m(launch_and_fit pid=169476)[0m Fitting Client 1
[2m[36m(launch_and_fit pid=169613)[0m Fitting Client 7
[2m[36m(launch_and_fit pid=169909)[0m Fitting Client 19
[2m[36m(launch_and_fit pid=170008)[0m Fitting Client 3
[2m[36m(launch_and_fit pid=169889)[0m Fitting Client 16
[2m[36m(launch_and_fit pid=170007)[0m Fitting Client 8
[2m[36m(launch_and_fit pid=169609)[0m Fitting Client 2
[2m[36m(launch_and_fit pid=169910)[0m Fitting Client 10
[2m[36m(launch_and_fit pid=169889)[0m malloc_consolidate(): invalid chunk size
[2m[36m(launch_and_fit pid=169910)[0m malloc_consolidate(): invalid chunk size
E0919 00:53:15.146474365   18221 chttp2_transport.cc:1079]             ipv4:145.136.62.54:45467: Received a GOAWAY with error code ENHANCE_YOUR_CALM and debug data equal to "too_many_pings". Current keepalive time (before throttling): ∞
INFO flwr 2023-09-19 00:54:49,834 | fed_df.py:544 | Distillation training stopped at step number : 500
INFO flwr 2023-09-19 00:54:49,834 | fed_df.py:551 | Average fusion training loss : 0.0018744681611424312, val accuracy : 0.71462, best val accuracy : 0.7562
INFO flwr 2023-09-19 00:54:49,835 | common.py:35 | Avg. local train loss : 3.676511536538601, train acc : 0.928175
INFO flwr 2023-09-19 00:54:52,672 | server.py:116 | fit progress: (20, 1.9390401489257814, {'server_test_acc': 0.7511}, 3751.6975554134697)
INFO flwr 2023-09-19 00:54:52,673 | server.py:163 | evaluate_round 20: no clients selected, cancel
DEBUG flwr 2023-09-19 00:54:58,823 | server.py:215 | fit_round 21: strategy sampled 8 clients (out of 20)
[2m[36m(launch_and_fit pid=510238)[0m double free or corruption (fasttop)
[2m[36m(launch_and_fit pid=510308)[0m malloc_consolidate(): invalid chunk size
[2m[36m(launch_and_fit pid=510311)[0m malloc_consolidate(): invalid chunk size
[2m[36m(launch_and_fit pid=510312)[0m malloc_consolidate(): invalid chunk size
[2m[36m(launch_and_fit pid=510313)[0m malloc_consolidate(): invalid chunk size
DEBUG flwr 2023-09-19 00:56:20,708 | server.py:229 | fit_round 21 received 8 results and 0 failures
INFO flwr 2023-09-19 00:56:20,850 | fed_df.py:464 | Performing server side distillation training...
[2m[36m(launch_and_fit pid=510308)[0m Fitting Client 15
[2m[36m(launch_and_fit pid=510238)[0m Fitting Client 8
[2m[36m(launch_and_fit pid=510313)[0m Fitting Client 12
[2m[36m(launch_and_fit pid=510312)[0m Fitting Client 3
[2m[36m(launch_and_fit pid=510311)[0m Fitting Client 18
[2m[36m(launch_and_fit pid=510309)[0m Fitting Client 6
[2m[36m(launch_and_fit pid=510310)[0m Fitting Client 4
[2m[36m(launch_and_fit pid=510315)[0m Fitting Client 7
[2m[36m(launch_and_fit pid=510309)[0m malloc_consolidate(): invalid chunk size
[2m[36m(launch_and_fit pid=510315)[0m double free or corruption (fasttop)
[2m[36m(launch_and_fit pid=510310)[0m double free or corruption (fasttop)
E0919 00:56:22.832323801  358631 chttp2_transport.cc:1079]             ipv4:145.136.62.54:45467: Received a GOAWAY with error code ENHANCE_YOUR_CALM and debug data equal to "too_many_pings". Current keepalive time (before throttling): ∞
INFO flwr 2023-09-19 00:57:58,908 | fed_df.py:544 | Distillation training stopped at step number : 500
INFO flwr 2023-09-19 00:57:58,908 | fed_df.py:551 | Average fusion training loss : 0.0004395255951094441, val accuracy : 0.76122, best val accuracy : 0.77
INFO flwr 2023-09-19 00:57:58,909 | common.py:35 | Avg. local train loss : 3.613145065680146, train acc : 0.9337222222222221
INFO flwr 2023-09-19 00:58:01,747 | server.py:116 | fit progress: (21, 1.7540564270019532, {'server_test_acc': 0.761}, 3940.772490002215)
INFO flwr 2023-09-19 00:58:01,748 | server.py:163 | evaluate_round 21: no clients selected, cancel
DEBUG flwr 2023-09-19 00:58:07,971 | server.py:215 | fit_round 22: strategy sampled 8 clients (out of 20)
[2m[36m(launch_and_fit pid=896954)[0m malloc_consolidate(): invalid chunk size
[2m[36m(launch_and_fit pid=896952)[0m double free or corruption (fasttop)
[2m[36m(launch_and_fit pid=896959)[0m malloc_consolidate(): invalid chunk size
[2m[36m(launch_and_fit pid=896957)[0m malloc_consolidate(): invalid chunk size
[2m[36m(launch_and_fit pid=896956)[0m malloc_consolidate(): invalid chunk size
[2m[36m(launch_and_fit pid=896953)[0m malloc_consolidate(): invalid chunk size
DEBUG flwr 2023-09-19 00:59:30,510 | server.py:229 | fit_round 22 received 8 results and 0 failures
[2m[36m(launch_and_fit pid=896958)[0m double free or corruption (fasttop)
INFO flwr 2023-09-19 00:59:30,620 | fed_df.py:366 | Warm start at round 22
INFO flwr 2023-09-19 00:59:30,707 | fed_df.py:464 | Performing server side distillation training...
[2m[36m(launch_and_fit pid=896952)[0m Fitting Client 13
[2m[36m(launch_and_fit pid=896958)[0m Fitting Client 18
[2m[36m(launch_and_fit pid=896953)[0m Fitting Client 6
[2m[36m(launch_and_fit pid=896956)[0m Fitting Client 19
[2m[36m(launch_and_fit pid=896957)[0m Fitting Client 5
[2m[36m(launch_and_fit pid=896954)[0m Fitting Client 3
[2m[36m(launch_and_fit pid=896955)[0m Fitting Client 17
[2m[36m(launch_and_fit pid=896959)[0m Fitting Client 15
[2m[36m(launch_and_fit pid=896955)[0m double free or corruption (fasttop)
INFO flwr 2023-09-19 01:01:08,723 | fed_df.py:544 | Distillation training stopped at step number : 500
INFO flwr 2023-09-19 01:01:08,724 | fed_df.py:551 | Average fusion training loss : 0.002799331816378981, val accuracy : 0.6688, best val accuracy : 0.7192
INFO flwr 2023-09-19 01:01:08,725 | common.py:35 | Avg. local train loss : 3.6070232300087812, train acc : 0.931136111111111
INFO flwr 2023-09-19 01:01:11,551 | server.py:116 | fit progress: (22, 1.9806750122070313, {'server_test_acc': 0.7125}, 4130.576437022537)
INFO flwr 2023-09-19 01:01:11,552 | server.py:163 | evaluate_round 22: no clients selected, cancel
DEBUG flwr 2023-09-19 01:01:17,754 | server.py:215 | fit_round 23: strategy sampled 8 clients (out of 20)
[2m[36m(launch_and_fit pid=1237268)[0m double free or corruption (fasttop)
[2m[36m(launch_and_fit pid=1237273)[0m double free or corruption (fasttop)
DEBUG flwr 2023-09-19 01:02:38,646 | server.py:229 | fit_round 23 received 8 results and 0 failures
INFO flwr 2023-09-19 01:02:38,788 | fed_df.py:464 | Performing server side distillation training...
[2m[36m(launch_and_fit pid=1237268)[0m Fitting Client 14
[2m[36m(launch_and_fit pid=1237276)[0m Fitting Client 18
[2m[36m(launch_and_fit pid=1237274)[0m Fitting Client 11
[2m[36m(launch_and_fit pid=1237273)[0m Fitting Client 1
[2m[36m(launch_and_fit pid=1237278)[0m Fitting Client 12
[2m[36m(launch_and_fit pid=1237277)[0m Fitting Client 5
[2m[36m(launch_and_fit pid=1237280)[0m Fitting Client 15
[2m[36m(launch_and_fit pid=1237275)[0m Fitting Client 3
[2m[36m(launch_and_fit pid=1237278)[0m malloc_consolidate(): invalid chunk size
[2m[36m(launch_and_fit pid=1237277)[0m malloc_consolidate(): invalid chunk size
[2m[36m(launch_and_fit pid=1237280)[0m malloc_consolidate(): invalid chunk size
[2m[36m(launch_and_fit pid=1237274)[0m malloc_consolidate(): invalid chunk size
[2m[36m(launch_and_fit pid=1237275)[0m malloc_consolidate(): invalid chunk size
[2m[36m(launch_and_fit pid=1237276)[0m double free or corruption (fasttop)
E0919 01:02:44.219875388 1425114 chttp2_transport.cc:1079]             ipv4:145.136.62.54:45467: Received a GOAWAY with error code ENHANCE_YOUR_CALM and debug data equal to "too_many_pings". Current keepalive time (before throttling): ∞
INFO flwr 2023-09-19 01:04:16,023 | fed_df.py:544 | Distillation training stopped at step number : 500
INFO flwr 2023-09-19 01:04:16,024 | fed_df.py:551 | Average fusion training loss : 0.0005689925776678138, val accuracy : 0.7663000000000001, best val accuracy : 0.769
INFO flwr 2023-09-19 01:04:16,025 | common.py:35 | Avg. local train loss : 3.610192198865115, train acc : 0.9341194444444445
INFO flwr 2023-09-19 01:04:19,186 | server.py:116 | fit progress: (23, 1.8212288787841797, {'server_test_acc': 0.7598}, 4318.211061714217)
INFO flwr 2023-09-19 01:04:19,186 | server.py:163 | evaluate_round 23: no clients selected, cancel
DEBUG flwr 2023-09-19 01:04:25,311 | server.py:215 | fit_round 24: strategy sampled 8 clients (out of 20)
[2m[36m(launch_and_fit pid=1576644)[0m malloc_consolidate(): invalid chunk size
[2m[36m(launch_and_fit pid=1576703)[0m malloc_consolidate(): invalid chunk size
DEBUG flwr 2023-09-19 01:05:46,547 | server.py:229 | fit_round 24 received 8 results and 0 failures
INFO flwr 2023-09-19 01:05:46,657 | fed_df.py:366 | Warm start at round 24
INFO flwr 2023-09-19 01:05:46,746 | fed_df.py:464 | Performing server side distillation training...
[2m[36m(launch_and_fit pid=1576644)[0m Fitting Client 3
[2m[36m(launch_and_fit pid=1576567)[0m Fitting Client 7
[2m[36m(launch_and_fit pid=1576703)[0m Fitting Client 17
[2m[36m(launch_and_fit pid=1576718)[0m Fitting Client 16
[2m[36m(launch_and_fit pid=1576717)[0m Fitting Client 15
[2m[36m(launch_and_fit pid=1576705)[0m Fitting Client 2
[2m[36m(launch_and_fit pid=1576702)[0m Fitting Client 6
[2m[36m(launch_and_fit pid=1576704)[0m Fitting Client 14
[2m[36m(launch_and_fit pid=1576705)[0m double free or corruption (fasttop)
[2m[36m(launch_and_fit pid=1576567)[0m malloc_consolidate(): invalid chunk size
[2m[36m(launch_and_fit pid=1576717)[0m malloc_consolidate(): invalid chunk size
[2m[36m(launch_and_fit pid=1576704)[0m malloc_consolidate(): invalid chunk size
[2m[36m(launch_and_fit pid=1576718)[0m malloc_consolidate(): invalid chunk size
[2m[36m(launch_and_fit pid=1576702)[0m double free or corruption (fasttop)
E0919 01:05:48.833108094 1427954 chttp2_transport.cc:1079]             ipv4:145.136.62.54:45467: Received a GOAWAY with error code ENHANCE_YOUR_CALM and debug data equal to "too_many_pings". Current keepalive time (before throttling): ∞
INFO flwr 2023-09-19 01:07:24,521 | fed_df.py:544 | Distillation training stopped at step number : 500
INFO flwr 2023-09-19 01:07:24,521 | fed_df.py:551 | Average fusion training loss : 0.0019568747910670937, val accuracy : 0.71504, best val accuracy : 0.7542
INFO flwr 2023-09-19 01:07:24,522 | common.py:35 | Avg. local train loss : 3.7396850343793635, train acc : 0.9254708333333332
INFO flwr 2023-09-19 01:07:27,265 | server.py:116 | fit progress: (24, 1.8721756896972657, {'server_test_acc': 0.7531}, 4506.290172336623)
INFO flwr 2023-09-19 01:07:27,265 | server.py:163 | evaluate_round 24: no clients selected, cancel
DEBUG flwr 2023-09-19 01:07:33,825 | server.py:215 | fit_round 25: strategy sampled 8 clients (out of 20)
[2m[36m(launch_and_fit pid=1919577)[0m malloc_consolidate(): invalid chunk size
[2m[36m(launch_and_fit pid=1919578)[0m double free or corruption (fasttop)
DEBUG flwr 2023-09-19 01:08:54,006 | server.py:229 | fit_round 25 received 8 results and 0 failures
INFO flwr 2023-09-19 01:08:54,147 | fed_df.py:464 | Performing server side distillation training...
[2m[36m(launch_and_fit pid=1919575)[0m Fitting Client 2
[2m[36m(launch_and_fit pid=1919577)[0m Fitting Client 8
[2m[36m(launch_and_fit pid=1919578)[0m Fitting Client 18
[2m[36m(launch_and_fit pid=1919581)[0m Fitting Client 13
[2m[36m(launch_and_fit pid=1919576)[0m Fitting Client 7
[2m[36m(launch_and_fit pid=1919579)[0m Fitting Client 14
[2m[36m(launch_and_fit pid=1919580)[0m Fitting Client 12
[2m[36m(launch_and_fit pid=1919582)[0m Fitting Client 19
[2m[36m(launch_and_fit pid=1919576)[0m malloc_consolidate(): invalid chunk size
[2m[36m(launch_and_fit pid=1919579)[0m malloc_consolidate(): invalid chunk size
[2m[36m(launch_and_fit pid=1919580)[0m double free or corruption (fasttop)
[2m[36m(launch_and_fit pid=1919581)[0m malloc_consolidate(): invalid chunk size
[2m[36m(launch_and_fit pid=1919582)[0m malloc_consolidate(): invalid chunk size
E0919 01:08:55.610582571 2101565 chttp2_transport.cc:1079]             ipv4:145.136.62.54:45467: Received a GOAWAY with error code ENHANCE_YOUR_CALM and debug data equal to "too_many_pings". Current keepalive time (before throttling): ∞
[2m[36m(launch_and_fit pid=1919575)[0m malloc_consolidate(): invalid chunk size
E0919 01:09:23.981788496 2101783 chttp2_transport.cc:1079]             ipv4:145.136.62.54:45467: Received a GOAWAY with error code ENHANCE_YOUR_CALM and debug data equal to "too_many_pings". Current keepalive time (before throttling): ∞
INFO flwr 2023-09-19 01:10:32,557 | fed_df.py:544 | Distillation training stopped at step number : 500
INFO flwr 2023-09-19 01:10:32,557 | fed_df.py:551 | Average fusion training loss : 0.0005018107116338796, val accuracy : 0.76254, best val accuracy : 0.7696
INFO flwr 2023-09-19 01:10:32,558 | common.py:35 | Avg. local train loss : 3.5307400764897467, train acc : 0.9389972222222223
INFO flwr 2023-09-19 01:10:35,476 | server.py:116 | fit progress: (25, 1.7961431427001953, {'server_test_acc': 0.7606}, 4694.500654561445)
INFO flwr 2023-09-19 01:10:35,476 | server.py:163 | evaluate_round 25: no clients selected, cancel
DEBUG flwr 2023-09-19 01:10:41,651 | server.py:215 | fit_round 26: strategy sampled 8 clients (out of 20)
[2m[36m(launch_and_fit pid=2256989)[0m malloc_consolidate(): invalid chunk size
[2m[36m(launch_and_fit pid=2257135)[0m double free or corruption (fasttop)
[2m[36m(launch_and_fit pid=2257136)[0m malloc_consolidate(): invalid chunk size
[2m[36m(launch_and_fit pid=2257140)[0m malloc_consolidate(): invalid chunk size
DEBUG flwr 2023-09-19 01:12:02,804 | server.py:229 | fit_round 26 received 8 results and 0 failures
INFO flwr 2023-09-19 01:12:02,915 | fed_df.py:366 | Warm start at round 26
INFO flwr 2023-09-19 01:12:03,004 | fed_df.py:464 | Performing server side distillation training...
[2m[36m(launch_and_fit pid=2257136)[0m Fitting Client 0
[2m[36m(launch_and_fit pid=2256989)[0m Fitting Client 1
[2m[36m(launch_and_fit pid=2257135)[0m Fitting Client 17
[2m[36m(launch_and_fit pid=2257139)[0m Fitting Client 12
[2m[36m(launch_and_fit pid=2257134)[0m Fitting Client 3
[2m[36m(launch_and_fit pid=2257137)[0m Fitting Client 14
[2m[36m(launch_and_fit pid=2257140)[0m Fitting Client 19
[2m[36m(launch_and_fit pid=2257138)[0m Fitting Client 2
[2m[36m(launch_and_fit pid=2257139)[0m malloc_consolidate(): invalid chunk size
E0919 01:12:03.634190700 2459974 chttp2_transport.cc:1079]             ipv4:145.136.62.54:45467: Received a GOAWAY with error code ENHANCE_YOUR_CALM and debug data equal to "too_many_pings". Current keepalive time (before throttling): ∞
[2m[36m(launch_and_fit pid=2257134)[0m double free or corruption (fasttop)
[2m[36m(launch_and_fit pid=2257137)[0m malloc_consolidate(): invalid chunk size
E0919 01:12:34.429296866 2461216 chttp2_transport.cc:1079]             ipv4:145.136.62.54:45467: Received a GOAWAY with error code ENHANCE_YOUR_CALM and debug data equal to "too_many_pings". Current keepalive time (before throttling): ∞
INFO flwr 2023-09-19 01:13:41,548 | fed_df.py:544 | Distillation training stopped at step number : 500
INFO flwr 2023-09-19 01:13:41,549 | fed_df.py:551 | Average fusion training loss : 0.001606009553244803, val accuracy : 0.74048, best val accuracy : 0.7706
INFO flwr 2023-09-19 01:13:41,550 | common.py:35 | Avg. local train loss : 3.5596049971878525, train acc : 0.9377430555555555
INFO flwr 2023-09-19 01:13:44,350 | server.py:116 | fit progress: (26, 1.8657961120605469, {'server_test_acc': 0.7692}, 4883.375245879404)
INFO flwr 2023-09-19 01:13:44,350 | server.py:163 | evaluate_round 26: no clients selected, cancel
DEBUG flwr 2023-09-19 01:13:50,565 | server.py:215 | fit_round 27: strategy sampled 8 clients (out of 20)
[2m[36m(launch_and_fit pid=2643446)[0m malloc_consolidate(): invalid chunk size
[2m[36m(launch_and_fit pid=2643445)[0m malloc_consolidate(): invalid chunk size
[2m[36m(launch_and_fit pid=2643444)[0m double free or corruption (fasttop)
[2m[36m(launch_and_fit pid=2643443)[0m malloc_consolidate(): invalid chunk size
DEBUG flwr 2023-09-19 01:15:11,380 | server.py:229 | fit_round 27 received 8 results and 0 failures
INFO flwr 2023-09-19 01:15:11,521 | fed_df.py:464 | Performing server side distillation training...
[2m[36m(launch_and_fit pid=2643445)[0m Fitting Client 6
[2m[36m(launch_and_fit pid=2643443)[0m Fitting Client 5
[2m[36m(launch_and_fit pid=2643449)[0m Fitting Client 16
[2m[36m(launch_and_fit pid=2643444)[0m Fitting Client 13
[2m[36m(launch_and_fit pid=2643446)[0m Fitting Client 18
[2m[36m(launch_and_fit pid=2643620)[0m Fitting Client 17
[2m[36m(launch_and_fit pid=2643447)[0m Fitting Client 15
[2m[36m(launch_and_fit pid=2643448)[0m Fitting Client 0
[2m[36m(launch_and_fit pid=2643449)[0m malloc_consolidate(): invalid chunk size
[2m[36m(launch_and_fit pid=2643448)[0m malloc_consolidate(): invalid chunk size
[2m[36m(launch_and_fit pid=2643447)[0m malloc_consolidate(): invalid chunk size
[2m[36m(launch_and_fit pid=2643620)[0m malloc_consolidate(): invalid chunk size
E0919 01:15:13.813080061 2518016 chttp2_transport.cc:1079]             ipv4:145.136.62.54:45467: Received a GOAWAY with error code ENHANCE_YOUR_CALM and debug data equal to "too_many_pings". Current keepalive time (before throttling): ∞
INFO flwr 2023-09-19 01:16:50,604 | fed_df.py:544 | Distillation training stopped at step number : 500
INFO flwr 2023-09-19 01:16:50,605 | fed_df.py:551 | Average fusion training loss : 0.00046663632630952637, val accuracy : 0.75584, best val accuracy : 0.7674
INFO flwr 2023-09-19 01:16:50,606 | common.py:35 | Avg. local train loss : 3.552776475995779, train acc : 0.9377763888888889
INFO flwr 2023-09-19 01:16:53,432 | server.py:116 | fit progress: (27, 1.804663494873047, {'server_test_acc': 0.7573}, 5072.4575481992215)
INFO flwr 2023-09-19 01:16:53,433 | server.py:163 | evaluate_round 27: no clients selected, cancel
DEBUG flwr 2023-09-19 01:16:59,694 | server.py:215 | fit_round 28: strategy sampled 8 clients (out of 20)
[2m[36m(launch_and_fit pid=2985338)[0m malloc_consolidate(): invalid chunk size
[2m[36m(launch_and_fit pid=2985346)[0m malloc_consolidate(): invalid chunk size
DEBUG flwr 2023-09-19 01:18:21,220 | server.py:229 | fit_round 28 received 8 results and 0 failures
[2m[36m(launch_and_fit pid=2985345)[0m double free or corruption (fasttop)
INFO flwr 2023-09-19 01:18:21,331 | fed_df.py:366 | Warm start at round 28
INFO flwr 2023-09-19 01:18:21,418 | fed_df.py:464 | Performing server side distillation training...
[2m[36m(launch_and_fit pid=2985341)[0m Fitting Client 0
[2m[36m(launch_and_fit pid=2985346)[0m Fitting Client 18
[2m[36m(launch_and_fit pid=2985345)[0m Fitting Client 16
[2m[36m(launch_and_fit pid=2985348)[0m Fitting Client 14
[2m[36m(launch_and_fit pid=2985347)[0m Fitting Client 13
[2m[36m(launch_and_fit pid=2985344)[0m Fitting Client 8
[2m[36m(launch_and_fit pid=2985338)[0m Fitting Client 5
[2m[36m(launch_and_fit pid=2985343)[0m Fitting Client 12
[2m[36m(launch_and_fit pid=2985341)[0m double free or corruption (fasttop)
[2m[36m(launch_and_fit pid=2985343)[0m malloc_consolidate(): invalid chunk size
[2m[36m(launch_and_fit pid=2985344)[0m malloc_consolidate(): invalid chunk size
[2m[36m(launch_and_fit pid=2985348)[0m double free or corruption (fasttop)
[2m[36m(launch_and_fit pid=2985347)[0m double free or corruption (fasttop)
INFO flwr 2023-09-19 01:20:06,905 | fed_df.py:544 | Distillation training stopped at step number : 500
INFO flwr 2023-09-19 01:20:06,906 | fed_df.py:551 | Average fusion training loss : 0.0034620552808046342, val accuracy : 0.70404, best val accuracy : 0.772
INFO flwr 2023-09-19 01:20:06,907 | common.py:35 | Avg. local train loss : 3.5315792798995966, train acc : 0.9394958333333334
INFO flwr 2023-09-19 01:20:09,817 | server.py:116 | fit progress: (28, 1.7827015197753906, {'server_test_acc': 0.7636}, 5268.841643524356)
INFO flwr 2023-09-19 01:20:09,817 | server.py:163 | evaluate_round 28: no clients selected, cancel
DEBUG flwr 2023-09-19 01:20:16,042 | server.py:215 | fit_round 29: strategy sampled 8 clients (out of 20)
[2m[36m(launch_and_fit pid=3336270)[0m corrupted size vs. prev_size in fastbins
[2m[36m(launch_and_fit pid=3336261)[0m malloc_consolidate(): invalid chunk size
[2m[36m(launch_and_fit pid=3336255)[0m double free or corruption (fasttop)
DEBUG flwr 2023-09-19 01:21:37,061 | server.py:229 | fit_round 29 received 8 results and 0 failures
INFO flwr 2023-09-19 01:21:37,203 | fed_df.py:464 | Performing server side distillation training...
[2m[36m(launch_and_fit pid=3336261)[0m Fitting Client 13
[2m[36m(launch_and_fit pid=3336255)[0m Fitting Client 14
[2m[36m(launch_and_fit pid=3336269)[0m Fitting Client 15
[2m[36m(launch_and_fit pid=3336277)[0m Fitting Client 19
[2m[36m(launch_and_fit pid=3336276)[0m Fitting Client 16
[2m[36m(launch_and_fit pid=3336270)[0m Fitting Client 4
[2m[36m(launch_and_fit pid=3336278)[0m Fitting Client 3
[2m[36m(launch_and_fit pid=3336263)[0m Fitting Client 9
[2m[36m(launch_and_fit pid=3336278)[0m malloc_consolidate(): invalid chunk size
E0919 01:21:37.703720518 3511023 chttp2_transport.cc:1079]             ipv4:145.136.62.54:45467: Received a GOAWAY with error code ENHANCE_YOUR_CALM and debug data equal to "too_many_pings". Current keepalive time (before throttling): ∞
[2m[36m(launch_and_fit pid=3336276)[0m double free or corruption (fasttop)
[2m[36m(launch_and_fit pid=3336269)[0m double free or corruption (fasttop)
[2m[36m(launch_and_fit pid=3336277)[0m malloc_consolidate(): invalid chunk size
INFO flwr 2023-09-19 01:23:16,979 | fed_df.py:544 | Distillation training stopped at step number : 500
INFO flwr 2023-09-19 01:23:16,980 | fed_df.py:551 | Average fusion training loss : 0.0005154542972450145, val accuracy : 0.7596, best val accuracy : 0.7638
INFO flwr 2023-09-19 01:23:16,981 | common.py:35 | Avg. local train loss : 3.5117579659447076, train acc : 0.9418055555555556
INFO flwr 2023-09-19 01:23:19,914 | server.py:116 | fit progress: (29, 1.7334801635742187, {'server_test_acc': 0.7556}, 5458.938718080521)
INFO flwr 2023-09-19 01:23:19,914 | server.py:163 | evaluate_round 29: no clients selected, cancel
DEBUG flwr 2023-09-19 01:23:26,164 | server.py:215 | fit_round 30: strategy sampled 8 clients (out of 20)
[2m[36m(launch_and_fit pid=3678416)[0m malloc_consolidate(): invalid chunk size
[2m[36m(launch_and_fit pid=3678424)[0m double free or corruption (fasttop)
[2m[36m(launch_and_fit pid=3678563)[0m malloc_consolidate(): invalid chunk size
DEBUG flwr 2023-09-19 01:24:47,090 | server.py:229 | fit_round 30 received 8 results and 0 failures
[2m[36m(launch_and_fit pid=3678565)[0m malloc_consolidate(): invalid chunk size
INFO flwr 2023-09-19 01:24:47,202 | fed_df.py:366 | Warm start at round 30
INFO flwr 2023-09-19 01:24:47,293 | fed_df.py:464 | Performing server side distillation training...
[2m[36m(launch_and_fit pid=3678416)[0m Fitting Client 1
[2m[36m(launch_and_fit pid=3678424)[0m Fitting Client 17
[2m[36m(launch_and_fit pid=3678423)[0m Fitting Client 18
[2m[36m(launch_and_fit pid=3678563)[0m Fitting Client 10
[2m[36m(launch_and_fit pid=3678427)[0m Fitting Client 19
[2m[36m(launch_and_fit pid=3678564)[0m Fitting Client 14
[2m[36m(launch_and_fit pid=3678430)[0m Fitting Client 0
[2m[36m(launch_and_fit pid=3678565)[0m Fitting Client 9
[2m[36m(launch_and_fit pid=3678430)[0m double free or corruption (fasttop)
[2m[36m(launch_and_fit pid=3678423)[0m double free or corruption (fasttop)
[2m[36m(launch_and_fit pid=3678427)[0m double free or corruption (fasttop)
[2m[36m(launch_and_fit pid=3678564)[0m malloc_consolidate(): invalid chunk size
E0919 01:24:50.938379077 3856715 chttp2_transport.cc:1079]             ipv4:145.136.62.54:45467: Received a GOAWAY with error code ENHANCE_YOUR_CALM and debug data equal to "too_many_pings". Current keepalive time (before throttling): ∞
INFO flwr 2023-09-19 01:26:26,107 | fed_df.py:544 | Distillation training stopped at step number : 500
INFO flwr 2023-09-19 01:26:26,107 | fed_df.py:551 | Average fusion training loss : 0.001464555245358497, val accuracy : 0.7347400000000001, best val accuracy : 0.7702
INFO flwr 2023-09-19 01:26:26,108 | common.py:35 | Avg. local train loss : 3.4857114486396314, train acc : 0.9423708333333333
INFO flwr 2023-09-19 01:26:29,008 | server.py:116 | fit progress: (30, 1.920670458984375, {'server_test_acc': 0.7679}, 5648.032758055255)
INFO flwr 2023-09-19 01:26:29,008 | server.py:163 | evaluate_round 30: no clients selected, cancel
INFO flwr 2023-09-19 01:26:29,008 | server.py:144 | FL finished in 5648.033136683516
INFO flwr 2023-09-19 01:26:29,008 | app.py:202 | app_fit: losses_distributed []
INFO flwr 2023-09-19 01:26:29,009 | app.py:203 | app_fit: metrics_distributed {}
INFO flwr 2023-09-19 01:26:29,010 | app.py:204 | app_fit: losses_centralized [(0, 2.3234217651367186), (1, 1.518891632080078), (2, 1.4439269226074218), (3, 1.5392116668701172), (4, 1.4396885986328125), (5, 1.3696085784912109), (6, 1.645485940551758), (7, 1.4124026092529296), (8, 1.766834033203125), (9, 1.5650259674072267), (10, 1.7909588897705078), (11, 1.6232770355224608), (12, 1.9207454956054688), (13, 1.5983791717529297), (14, 1.9301385620117189), (15, 1.695521142578125), (16, 1.9808593322753907), (17, 1.7648436492919921), (18, 1.9173836669921875), (19, 1.73909794921875), (20, 1.9390401489257814), (21, 1.7540564270019532), (22, 1.9806750122070313), (23, 1.8212288787841797), (24, 1.8721756896972657), (25, 1.7961431427001953), (26, 1.8657961120605469), (27, 1.804663494873047), (28, 1.7827015197753906), (29, 1.7334801635742187), (30, 1.920670458984375)]
INFO flwr 2023-09-19 01:26:29,010 | app.py:205 | app_fit: metrics_centralized {'server_test_acc': [(0, 0.108), (1, 0.4935), (2, 0.5572), (3, 0.5631), (4, 0.5903), (5, 0.655), (6, 0.6294), (7, 0.6488), (8, 0.6793), (9, 0.6806), (10, 0.6741), (11, 0.6689), (12, 0.6819), (13, 0.7389), (14, 0.7059), (15, 0.7347), (16, 0.7024), (17, 0.7406), (18, 0.7357), (19, 0.7513), (20, 0.7511), (21, 0.761), (22, 0.7125), (23, 0.7598), (24, 0.7531), (25, 0.7606), (26, 0.7692), (27, 0.7573), (28, 0.7636), (29, 0.7556), (30, 0.7679)]}
double free or corruption (fasttop)
srun: error: gcn54: task 0: Aborted
srun: Terminating StepId=3891752.1
-----EXPERIMENT ENDS-----
-----CLEANING UP DISK------
-----END-----

JOB STATISTICS
==============
Job ID: 3891752
Cluster: snellius
User/Group: sunnys/sunnys
State: RUNNING
Nodes: 1
Cores per node: 18
CPU Utilized: 03:10:35
CPU Efficiency: 10.78% of 1-05:27:36 core-walltime
Job Wall-clock time: 01:38:12
Memory Utilized: 48.82 GB
Memory Efficiency: 40.69% of 120.00 GB
WARNING: Efficiency statistics may be misleading for RUNNING jobs.
