-----BEGIN-----
-----SETTINGS-----
TOTAL CROPS:100000
STRATEGY:fedavg
MODEL_NAME:resnet8
NUM_CLIENTS:20
NUM_ROUNDS:30
FRACTION_FIT:0.4
FRACTION_EVALUATE:0.0
DATASET_NAME:cifar10
PARTITION_ALPHA:100.0
PARTITION_VAL_RATIO:0.1
BATCH_SIZE:512
LOCAL_EPOCHS:20
LOCAL_LR:0.01
DISTILL_BATCH_SIZE:512
SERVER_LR:0.005
SERVER_STEPS:250
SERVER_EARLY_STEPS:1000
USE_EARLY_STOPPING:False
USE_ADAPTIVE_LR:False
USE_ADAPTIVE_LR_ROUND:False
SEED:84
CUDA_DETERMINISTIC:False
USE_CROPS:True
IMG_NAME:ameyoko.jpg
DISTILL_DATASET:organamnist
DISTILL_ALPHA:1.0
NUM_DISTILL_IMAGES:10000
DISTILL_TRANSFORMS:v0
WARM_START:True
WARM_START_ROUNDS:1
WARM_START_INTERVAL:5
KMEANS_N_CLUSTER:10
KMEANS_HEURISTICS:easy
KMEANS_MIXED_FACTOR:50-50
KMEANS_BALANCING:0.1
CONFIDENCE_THRESHOLD:0.5
CONFIDENCE_STRATEGY:top
CONFIDENCE_ADAPTIVE:False
CONFIDENCE_MAX_THRESH:0.5
CLIPPING_FACTOR:2.5
FEDPROX_FACTOR:1.5
FEDPROX_ADAPTIVE:False
USE_CLIPPING:True
USE_ENTROPY:False
USE_KMEANS:False
USE_FEDPROX:True
-----SETTINGS END-----
-----EXPERIMENT BEGINS-----
Simulating fedavg training
INFO simulate 2023-08-18 13:30:47,081 | simulate.py:50 | Python script started : simulate.py
DEBUG simulate 2023-08-18 13:30:47,081 | simulate.py:55 | Reading args from argument parser
INFO flwr 2023-08-18 13:31:23,394 | app.py:145 | Starting Flower simulation, config: ServerConfig(num_rounds=30, round_timeout=None)
2023-08-18 13:31:25,949	INFO worker.py:1529 -- Started a local Ray instance. View the dashboard at [1m[32m127.0.0.1:8265 [39m[22m
INFO flwr 2023-08-18 13:31:26,965 | app.py:179 | Flower VCE: Ray initialized with resources: {'object_store_memory': 61847529062.0, 'accelerator_type:A100': 1.0, 'node:145.136.62.52': 1.0, 'memory': 103079215104.0, 'GPU': 1.0, 'CPU': 18.0}
INFO flwr 2023-08-18 13:31:26,965 | server.py:86 | Initializing global parameters
INFO flwr 2023-08-18 13:31:26,965 | server.py:266 | Using initial parameters provided by strategy
INFO flwr 2023-08-18 13:31:26,965 | server.py:88 | Evaluating initial parameters
Downloading https://www.cs.toronto.edu/~kriz/cifar-10-python.tar.gz to /scratch-local/sunnys.3408642/1692358234_622406081/cifar-10-python.tar.gz
Extracting /scratch-local/sunnys.3408642/1692358234_622406081/cifar-10-python.tar.gz to /scratch-local/sunnys.3408642/1692358234_622406081
Generating unified cifar10 dataset
Class histogram for 0-th partition (alpha=100.0, 10 classes): [225 194 247 272 217 251 256 333 258 247]
INFO flwr 2023-08-18 13:31:38,220 | server.py:91 | initial parameters (loss, other metrics): 2.319245477294922, {'server_test_acc': 0.0811}
INFO flwr 2023-08-18 13:31:38,220 | server.py:101 | FL starting
DEBUG flwr 2023-08-18 13:31:38,220 | server.py:215 | fit_round 1: strategy sampled 8 clients (out of 20)
DEBUG flwr 2023-08-18 13:32:13,490 | server.py:229 | fit_round 1 received 8 results and 0 failures
INFO flwr 2023-08-18 13:32:13,556 | common.py:35 | Avg. local train loss : 7.996078370511532, train acc : 0.39806388888888883
Server test accuracy after round 0: 0.0811
[2m[36m(launch_and_fit pid=33955)[0m Fitting Client 15
[2m[36m(launch_and_fit pid=33952)[0m Fitting Client 2
[2m[36m(launch_and_fit pid=33953)[0m Fitting Client 4
[2m[36m(launch_and_fit pid=33958)[0m Fitting Client 6
[2m[36m(launch_and_fit pid=33957)[0m Fitting Client 8
[2m[36m(launch_and_fit pid=33951)[0m Fitting Client 17
[2m[36m(launch_and_fit pid=33956)[0m Fitting Client 11
[2m[36m(launch_and_fit pid=33954)[0m Fitting Client 9
INFO flwr 2023-08-18 13:32:14,650 | server.py:116 | fit progress: (1, 3.4400598022460938, {'server_test_acc': 0.1664}, 36.42997895600274)
INFO flwr 2023-08-18 13:32:14,650 | server.py:163 | evaluate_round 1: no clients selected, cancel
DEBUG flwr 2023-08-18 13:32:14,650 | server.py:215 | fit_round 2: strategy sampled 8 clients (out of 20)
DEBUG flwr 2023-08-18 13:32:49,492 | server.py:229 | fit_round 2 received 8 results and 0 failures
INFO flwr 2023-08-18 13:32:49,561 | common.py:35 | Avg. local train loss : 6.771258778497577, train acc : 0.5089805555555555
Server test accuracy after round 1: 0.1664
[2m[36m(launch_and_fit pid=77984)[0m Fitting Client 7
[2m[36m(launch_and_fit pid=77987)[0m Fitting Client 1
[2m[36m(launch_and_fit pid=77985)[0m Fitting Client 9
[2m[36m(launch_and_fit pid=77977)[0m Fitting Client 2
[2m[36m(launch_and_fit pid=77986)[0m Fitting Client 4
[2m[36m(launch_and_fit pid=77983)[0m Fitting Client 15
[2m[36m(launch_and_fit pid=77980)[0m Fitting Client 0
[2m[36m(launch_and_fit pid=77982)[0m Fitting Client 19
INFO flwr 2023-08-18 13:32:50,683 | server.py:116 | fit progress: (2, 1.8498951965332031, {'server_test_acc': 0.4308}, 72.46343028009869)
INFO flwr 2023-08-18 13:32:50,683 | server.py:163 | evaluate_round 2: no clients selected, cancel
DEBUG flwr 2023-08-18 13:32:50,684 | server.py:215 | fit_round 3: strategy sampled 8 clients (out of 20)
DEBUG flwr 2023-08-18 13:33:25,461 | server.py:229 | fit_round 3 received 8 results and 0 failures
INFO flwr 2023-08-18 13:33:25,530 | common.py:35 | Avg. local train loss : 5.3422731623053545, train acc : 0.6155777777777779
Server test accuracy after round 2: 0.4308
[2m[36m(launch_and_fit pid=122067)[0m Fitting Client 16
[2m[36m(launch_and_fit pid=122072)[0m Fitting Client 10
[2m[36m(launch_and_fit pid=122069)[0m Fitting Client 4
[2m[36m(launch_and_fit pid=122065)[0m Fitting Client 13
[2m[36m(launch_and_fit pid=122071)[0m Fitting Client 17
[2m[36m(launch_and_fit pid=122070)[0m Fitting Client 12
[2m[36m(launch_and_fit pid=122074)[0m Fitting Client 19
[2m[36m(launch_and_fit pid=122073)[0m Fitting Client 9
INFO flwr 2023-08-18 13:33:26,633 | server.py:116 | fit progress: (3, 1.257479852294922, {'server_test_acc': 0.5851}, 108.41309794597328)
INFO flwr 2023-08-18 13:33:26,633 | server.py:163 | evaluate_round 3: no clients selected, cancel
DEBUG flwr 2023-08-18 13:33:26,633 | server.py:215 | fit_round 4: strategy sampled 8 clients (out of 20)
DEBUG flwr 2023-08-18 13:34:01,571 | server.py:229 | fit_round 4 received 8 results and 0 failures
INFO flwr 2023-08-18 13:34:01,638 | common.py:35 | Avg. local train loss : 4.374757042899728, train acc : 0.6894416666666667
Server test accuracy after round 3: 0.5851
[2m[36m(launch_and_fit pid=168533)[0m Fitting Client 3
[2m[36m(launch_and_fit pid=168535)[0m Fitting Client 4
[2m[36m(launch_and_fit pid=168531)[0m Fitting Client 11
[2m[36m(launch_and_fit pid=168534)[0m Fitting Client 0
[2m[36m(launch_and_fit pid=168536)[0m Fitting Client 9
[2m[36m(launch_and_fit pid=168526)[0m Fitting Client 19
[2m[36m(launch_and_fit pid=168532)[0m Fitting Client 12
[2m[36m(launch_and_fit pid=168529)[0m Fitting Client 8
INFO flwr 2023-08-18 13:34:02,760 | server.py:116 | fit progress: (4, 1.030007373046875, {'server_test_acc': 0.6612}, 144.5406987881288)
INFO flwr 2023-08-18 13:34:02,761 | server.py:163 | evaluate_round 4: no clients selected, cancel
DEBUG flwr 2023-08-18 13:34:02,761 | server.py:215 | fit_round 5: strategy sampled 8 clients (out of 20)
DEBUG flwr 2023-08-18 13:34:37,407 | server.py:229 | fit_round 5 received 8 results and 0 failures
INFO flwr 2023-08-18 13:34:37,474 | common.py:35 | Avg. local train loss : 3.8192677525803442, train acc : 0.7321749999999999
Server test accuracy after round 4: 0.6612
[2m[36m(launch_and_fit pid=225914)[0m Fitting Client 19
[2m[36m(launch_and_fit pid=225886)[0m Fitting Client 11
[2m[36m(launch_and_fit pid=225913)[0m Fitting Client 14
[2m[36m(launch_and_fit pid=225904)[0m Fitting Client 7
[2m[36m(launch_and_fit pid=225890)[0m Fitting Client 2
[2m[36m(launch_and_fit pid=225896)[0m Fitting Client 17
[2m[36m(launch_and_fit pid=225888)[0m Fitting Client 9
[2m[36m(launch_and_fit pid=225915)[0m Fitting Client 6
INFO flwr 2023-08-18 13:34:38,593 | server.py:116 | fit progress: (5, 1.0320607391357421, {'server_test_acc': 0.671}, 180.3736591609195)
INFO flwr 2023-08-18 13:34:38,594 | server.py:163 | evaluate_round 5: no clients selected, cancel
DEBUG flwr 2023-08-18 13:34:38,594 | server.py:215 | fit_round 6: strategy sampled 8 clients (out of 20)
DEBUG flwr 2023-08-18 13:35:13,145 | server.py:229 | fit_round 6 received 8 results and 0 failures
INFO flwr 2023-08-18 13:35:13,212 | common.py:35 | Avg. local train loss : 3.307837890274823, train acc : 0.7677833333333334
Server test accuracy after round 5: 0.671
[2m[36m(launch_and_fit pid=275613)[0m Fitting Client 7
[2m[36m(launch_and_fit pid=275612)[0m Fitting Client 4
[2m[36m(launch_and_fit pid=275606)[0m Fitting Client 19
[2m[36m(launch_and_fit pid=275600)[0m Fitting Client 18
[2m[36m(launch_and_fit pid=275610)[0m Fitting Client 17
[2m[36m(launch_and_fit pid=275611)[0m Fitting Client 15
[2m[36m(launch_and_fit pid=275609)[0m Fitting Client 8
[2m[36m(launch_and_fit pid=275608)[0m Fitting Client 10
INFO flwr 2023-08-18 13:35:14,303 | server.py:116 | fit progress: (6, 0.9424013366699219, {'server_test_acc': 0.7071}, 216.08370244596153)
INFO flwr 2023-08-18 13:35:14,304 | server.py:163 | evaluate_round 6: no clients selected, cancel
DEBUG flwr 2023-08-18 13:35:14,304 | server.py:215 | fit_round 7: strategy sampled 8 clients (out of 20)
DEBUG flwr 2023-08-18 13:35:49,175 | server.py:229 | fit_round 7 received 8 results and 0 failures
INFO flwr 2023-08-18 13:35:49,242 | common.py:35 | Avg. local train loss : 2.9521123662590982, train acc : 0.7942805555555555
Server test accuracy after round 6: 0.7071
[2m[36m(launch_and_fit pid=323160)[0m Fitting Client 2
[2m[36m(launch_and_fit pid=323163)[0m Fitting Client 15
[2m[36m(launch_and_fit pid=323156)[0m Fitting Client 12
[2m[36m(launch_and_fit pid=323153)[0m Fitting Client 0
[2m[36m(launch_and_fit pid=323159)[0m Fitting Client 3
[2m[36m(launch_and_fit pid=323162)[0m Fitting Client 4
[2m[36m(launch_and_fit pid=323161)[0m Fitting Client 8
[2m[36m(launch_and_fit pid=323158)[0m Fitting Client 19
INFO flwr 2023-08-18 13:35:50,338 | server.py:116 | fit progress: (7, 0.9139842651367187, {'server_test_acc': 0.7258}, 252.1184628061019)
INFO flwr 2023-08-18 13:35:50,338 | server.py:163 | evaluate_round 7: no clients selected, cancel
DEBUG flwr 2023-08-18 13:35:50,339 | server.py:215 | fit_round 8: strategy sampled 8 clients (out of 20)
DEBUG flwr 2023-08-18 13:36:25,051 | server.py:229 | fit_round 8 received 8 results and 0 failures
INFO flwr 2023-08-18 13:36:25,118 | common.py:35 | Avg. local train loss : 2.7318857883103194, train acc : 0.8107777777777777
Server test accuracy after round 7: 0.7258
[2m[36m(launch_and_fit pid=367216)[0m Fitting Client 7
[2m[36m(launch_and_fit pid=367209)[0m Fitting Client 5
[2m[36m(launch_and_fit pid=367215)[0m Fitting Client 9
[2m[36m(launch_and_fit pid=367213)[0m Fitting Client 19
[2m[36m(launch_and_fit pid=367217)[0m Fitting Client 13
[2m[36m(launch_and_fit pid=367212)[0m Fitting Client 14
[2m[36m(launch_and_fit pid=367214)[0m Fitting Client 15
[2m[36m(launch_and_fit pid=367218)[0m Fitting Client 4
INFO flwr 2023-08-18 13:36:26,206 | server.py:116 | fit progress: (8, 0.8537508651733399, {'server_test_acc': 0.7404}, 287.98654319997877)
INFO flwr 2023-08-18 13:36:26,207 | server.py:163 | evaluate_round 8: no clients selected, cancel
DEBUG flwr 2023-08-18 13:36:26,207 | server.py:215 | fit_round 9: strategy sampled 8 clients (out of 20)
DEBUG flwr 2023-08-18 13:37:01,788 | server.py:229 | fit_round 9 received 8 results and 0 failures
INFO flwr 2023-08-18 13:37:01,855 | common.py:35 | Avg. local train loss : 2.474796832352877, train acc : 0.8303916666666666
Server test accuracy after round 8: 0.7404
[2m[36m(launch_and_fit pid=410984)[0m Fitting Client 18
[2m[36m(launch_and_fit pid=410986)[0m Fitting Client 13
[2m[36m(launch_and_fit pid=410985)[0m Fitting Client 4
[2m[36m(launch_and_fit pid=410988)[0m Fitting Client 16
[2m[36m(launch_and_fit pid=410980)[0m Fitting Client 3
[2m[36m(launch_and_fit pid=410978)[0m Fitting Client 2
[2m[36m(launch_and_fit pid=410987)[0m Fitting Client 19
[2m[36m(launch_and_fit pid=410983)[0m Fitting Client 5
INFO flwr 2023-08-18 13:37:02,953 | server.py:116 | fit progress: (9, 0.8446500595092773, {'server_test_acc': 0.7473}, 324.7327514081262)
INFO flwr 2023-08-18 13:37:02,953 | server.py:163 | evaluate_round 9: no clients selected, cancel
DEBUG flwr 2023-08-18 13:37:02,953 | server.py:215 | fit_round 10: strategy sampled 8 clients (out of 20)
DEBUG flwr 2023-08-18 13:37:37,563 | server.py:229 | fit_round 10 received 8 results and 0 failures
INFO flwr 2023-08-18 13:37:37,631 | common.py:35 | Avg. local train loss : 2.2798604719340805, train acc : 0.8432305555555556
Server test accuracy after round 9: 0.7473
[2m[36m(launch_and_fit pid=455204)[0m Fitting Client 19
[2m[36m(launch_and_fit pid=455205)[0m Fitting Client 9
[2m[36m(launch_and_fit pid=455207)[0m Fitting Client 7
[2m[36m(launch_and_fit pid=455199)[0m Fitting Client 13
[2m[36m(launch_and_fit pid=455206)[0m Fitting Client 0
[2m[36m(launch_and_fit pid=455201)[0m Fitting Client 5
[2m[36m(launch_and_fit pid=455203)[0m Fitting Client 1
[2m[36m(launch_and_fit pid=455202)[0m Fitting Client 10
INFO flwr 2023-08-18 13:37:38,739 | server.py:116 | fit progress: (10, 0.8255568634033204, {'server_test_acc': 0.7604}, 360.518887294922)
INFO flwr 2023-08-18 13:37:38,739 | server.py:163 | evaluate_round 10: no clients selected, cancel
DEBUG flwr 2023-08-18 13:37:38,739 | server.py:215 | fit_round 11: strategy sampled 8 clients (out of 20)
DEBUG flwr 2023-08-18 13:38:13,494 | server.py:229 | fit_round 11 received 8 results and 0 failures
INFO flwr 2023-08-18 13:38:13,561 | common.py:35 | Avg. local train loss : 2.2475705155171455, train acc : 0.8469416666666666
Server test accuracy after round 10: 0.7604
[2m[36m(launch_and_fit pid=499093)[0m Fitting Client 3
[2m[36m(launch_and_fit pid=499095)[0m Fitting Client 11
[2m[36m(launch_and_fit pid=499096)[0m Fitting Client 13
[2m[36m(launch_and_fit pid=499098)[0m Fitting Client 6
[2m[36m(launch_and_fit pid=499099)[0m Fitting Client 5
[2m[36m(launch_and_fit pid=499100)[0m Fitting Client 14
[2m[36m(launch_and_fit pid=499097)[0m Fitting Client 16
[2m[36m(launch_and_fit pid=499101)[0m Fitting Client 0
INFO flwr 2023-08-18 13:38:14,698 | server.py:116 | fit progress: (11, 0.8212282333374024, {'server_test_acc': 0.7608}, 396.47772724810056)
INFO flwr 2023-08-18 13:38:14,698 | server.py:163 | evaluate_round 11: no clients selected, cancel
DEBUG flwr 2023-08-18 13:38:14,698 | server.py:215 | fit_round 12: strategy sampled 8 clients (out of 20)
DEBUG flwr 2023-08-18 13:38:49,663 | server.py:229 | fit_round 12 received 8 results and 0 failures
INFO flwr 2023-08-18 13:38:49,730 | common.py:35 | Avg. local train loss : 2.113039667811245, train acc : 0.8568611111111111
Server test accuracy after round 11: 0.7608
[2m[36m(launch_and_fit pid=543183)[0m Fitting Client 18
[2m[36m(launch_and_fit pid=543177)[0m Fitting Client 17
[2m[36m(launch_and_fit pid=543182)[0m Fitting Client 1
[2m[36m(launch_and_fit pid=543173)[0m Fitting Client 14
[2m[36m(launch_and_fit pid=543179)[0m Fitting Client 8
[2m[36m(launch_and_fit pid=543180)[0m Fitting Client 5
[2m[36m(launch_and_fit pid=543178)[0m Fitting Client 0
[2m[36m(launch_and_fit pid=543181)[0m Fitting Client 3
INFO flwr 2023-08-18 13:38:50,815 | server.py:116 | fit progress: (12, 0.8180992309570313, {'server_test_acc': 0.7624}, 432.59569443995133)
INFO flwr 2023-08-18 13:38:50,816 | server.py:163 | evaluate_round 12: no clients selected, cancel
DEBUG flwr 2023-08-18 13:38:50,816 | server.py:215 | fit_round 13: strategy sampled 8 clients (out of 20)
DEBUG flwr 2023-08-18 13:39:25,714 | server.py:229 | fit_round 13 received 8 results and 0 failures
INFO flwr 2023-08-18 13:39:25,781 | common.py:35 | Avg. local train loss : 1.8369012770242987, train acc : 0.8749277777777779
Server test accuracy after round 12: 0.7624
[2m[36m(launch_and_fit pid=587234)[0m Fitting Client 11
[2m[36m(launch_and_fit pid=587239)[0m Fitting Client 18
[2m[36m(launch_and_fit pid=587236)[0m Fitting Client 19
[2m[36m(launch_and_fit pid=587243)[0m Fitting Client 5
[2m[36m(launch_and_fit pid=587240)[0m Fitting Client 3
[2m[36m(launch_and_fit pid=587244)[0m Fitting Client 14
[2m[36m(launch_and_fit pid=587241)[0m Fitting Client 0
[2m[36m(launch_and_fit pid=587242)[0m Fitting Client 7
INFO flwr 2023-08-18 13:39:26,885 | server.py:116 | fit progress: (13, 0.7810171600341796, {'server_test_acc': 0.7763}, 468.6648007570766)
INFO flwr 2023-08-18 13:39:26,885 | server.py:163 | evaluate_round 13: no clients selected, cancel
DEBUG flwr 2023-08-18 13:39:26,885 | server.py:215 | fit_round 14: strategy sampled 8 clients (out of 20)
DEBUG flwr 2023-08-18 13:40:01,486 | server.py:229 | fit_round 14 received 8 results and 0 failures
INFO flwr 2023-08-18 13:40:01,553 | common.py:35 | Avg. local train loss : 1.8600212118588388, train acc : 0.8746416666666667
Server test accuracy after round 13: 0.7763
[2m[36m(launch_and_fit pid=630922)[0m Fitting Client 18
[2m[36m(launch_and_fit pid=630923)[0m Fitting Client 4
[2m[36m(launch_and_fit pid=630920)[0m Fitting Client 10
[2m[36m(launch_and_fit pid=630921)[0m Fitting Client 3
[2m[36m(launch_and_fit pid=630924)[0m Fitting Client 14
[2m[36m(launch_and_fit pid=630913)[0m Fitting Client 8
[2m[36m(launch_and_fit pid=630916)[0m Fitting Client 9
[2m[36m(launch_and_fit pid=630918)[0m Fitting Client 16
INFO flwr 2023-08-18 13:40:02,640 | server.py:116 | fit progress: (14, 0.7641890533447265, {'server_test_acc': 0.7779}, 504.419803630095)
INFO flwr 2023-08-18 13:40:02,640 | server.py:163 | evaluate_round 14: no clients selected, cancel
DEBUG flwr 2023-08-18 13:40:02,640 | server.py:215 | fit_round 15: strategy sampled 8 clients (out of 20)
DEBUG flwr 2023-08-18 13:40:37,226 | server.py:229 | fit_round 15 received 8 results and 0 failures
INFO flwr 2023-08-18 13:40:37,293 | common.py:35 | Avg. local train loss : 1.7964360692538321, train acc : 0.8793111111111112
Server test accuracy after round 14: 0.7779
[2m[36m(launch_and_fit pid=675166)[0m Fitting Client 14
[2m[36m(launch_and_fit pid=675161)[0m Fitting Client 15
[2m[36m(launch_and_fit pid=675156)[0m Fitting Client 7
[2m[36m(launch_and_fit pid=675163)[0m Fitting Client 18
[2m[36m(launch_and_fit pid=675165)[0m Fitting Client 12
[2m[36m(launch_and_fit pid=675164)[0m Fitting Client 1
[2m[36m(launch_and_fit pid=675162)[0m Fitting Client 5
[2m[36m(launch_and_fit pid=675159)[0m Fitting Client 8
INFO flwr 2023-08-18 13:40:38,404 | server.py:116 | fit progress: (15, 0.7566720413208008, {'server_test_acc': 0.779}, 540.1839176211506)
INFO flwr 2023-08-18 13:40:38,404 | server.py:163 | evaluate_round 15: no clients selected, cancel
DEBUG flwr 2023-08-18 13:40:38,404 | server.py:215 | fit_round 16: strategy sampled 8 clients (out of 20)
DEBUG flwr 2023-08-18 13:41:13,015 | server.py:229 | fit_round 16 received 8 results and 0 failures
INFO flwr 2023-08-18 13:41:13,082 | common.py:35 | Avg. local train loss : 1.700255661457777, train acc : 0.8858472222222222
Server test accuracy after round 15: 0.779
[2m[36m(launch_and_fit pid=719032)[0m Fitting Client 10
[2m[36m(launch_and_fit pid=719042)[0m Fitting Client 9
[2m[36m(launch_and_fit pid=719041)[0m Fitting Client 15
[2m[36m(launch_and_fit pid=719040)[0m Fitting Client 7
[2m[36m(launch_and_fit pid=719035)[0m Fitting Client 11
[2m[36m(launch_and_fit pid=719039)[0m Fitting Client 18
[2m[36m(launch_and_fit pid=719038)[0m Fitting Client 12
[2m[36m(launch_and_fit pid=719037)[0m Fitting Client 17
INFO flwr 2023-08-18 13:41:14,190 | server.py:116 | fit progress: (16, 0.7514565414428711, {'server_test_acc': 0.7831}, 575.9703229011502)
INFO flwr 2023-08-18 13:41:14,190 | server.py:163 | evaluate_round 16: no clients selected, cancel
DEBUG flwr 2023-08-18 13:41:14,190 | server.py:215 | fit_round 17: strategy sampled 8 clients (out of 20)
DEBUG flwr 2023-08-18 13:41:48,799 | server.py:229 | fit_round 17 received 8 results and 0 failures
INFO flwr 2023-08-18 13:41:48,866 | common.py:35 | Avg. local train loss : 1.578632173500955, train acc : 0.8947972222222221
Server test accuracy after round 16: 0.7831
[2m[36m(launch_and_fit pid=763145)[0m Fitting Client 11
[2m[36m(launch_and_fit pid=763141)[0m Fitting Client 1
[2m[36m(launch_and_fit pid=763146)[0m Fitting Client 14
[2m[36m(launch_and_fit pid=763136)[0m Fitting Client 15
[2m[36m(launch_and_fit pid=763144)[0m Fitting Client 16
[2m[36m(launch_and_fit pid=763142)[0m Fitting Client 0
[2m[36m(launch_and_fit pid=763139)[0m Fitting Client 9
[2m[36m(launch_and_fit pid=763143)[0m Fitting Client 17
INFO flwr 2023-08-18 13:41:49,964 | server.py:116 | fit progress: (17, 0.7317153106689454, {'server_test_acc': 0.7923}, 611.7445443801116)
INFO flwr 2023-08-18 13:41:49,965 | server.py:163 | evaluate_round 17: no clients selected, cancel
DEBUG flwr 2023-08-18 13:41:49,965 | server.py:215 | fit_round 18: strategy sampled 8 clients (out of 20)
DEBUG flwr 2023-08-18 13:42:24,598 | server.py:229 | fit_round 18 received 8 results and 0 failures
INFO flwr 2023-08-18 13:42:24,666 | common.py:35 | Avg. local train loss : 1.5389846911188214, train acc : 0.8973694444444444
Server test accuracy after round 17: 0.7923
[2m[36m(launch_and_fit pid=807624)[0m Fitting Client 12
[2m[36m(launch_and_fit pid=807630)[0m Fitting Client 2
[2m[36m(launch_and_fit pid=807631)[0m Fitting Client 14
[2m[36m(launch_and_fit pid=807627)[0m Fitting Client 3
[2m[36m(launch_and_fit pid=807632)[0m Fitting Client 7
[2m[36m(launch_and_fit pid=807629)[0m Fitting Client 10
[2m[36m(launch_and_fit pid=807633)[0m Fitting Client 19
[2m[36m(launch_and_fit pid=807628)[0m Fitting Client 16
INFO flwr 2023-08-18 13:42:25,782 | server.py:116 | fit progress: (18, 0.7400153884887696, {'server_test_acc': 0.7948}, 647.562563946005)
INFO flwr 2023-08-18 13:42:25,783 | server.py:163 | evaluate_round 18: no clients selected, cancel
DEBUG flwr 2023-08-18 13:42:25,783 | server.py:215 | fit_round 19: strategy sampled 8 clients (out of 20)
DEBUG flwr 2023-08-18 13:43:00,181 | server.py:229 | fit_round 19 received 8 results and 0 failures
INFO flwr 2023-08-18 13:43:00,248 | common.py:35 | Avg. local train loss : 1.4909329252317545, train acc : 0.9008249999999999
Server test accuracy after round 18: 0.7948
[2m[36m(launch_and_fit pid=851326)[0m Fitting Client 10
[2m[36m(launch_and_fit pid=851328)[0m Fitting Client 8
[2m[36m(launch_and_fit pid=851324)[0m Fitting Client 11
[2m[36m(launch_and_fit pid=851325)[0m Fitting Client 14
[2m[36m(launch_and_fit pid=851327)[0m Fitting Client 6
[2m[36m(launch_and_fit pid=851321)[0m Fitting Client 17
[2m[36m(launch_and_fit pid=851318)[0m Fitting Client 16
[2m[36m(launch_and_fit pid=851323)[0m Fitting Client 1
INFO flwr 2023-08-18 13:43:01,345 | server.py:116 | fit progress: (19, 0.7524024703979492, {'server_test_acc': 0.7928}, 683.1252229621168)
INFO flwr 2023-08-18 13:43:01,345 | server.py:163 | evaluate_round 19: no clients selected, cancel
DEBUG flwr 2023-08-18 13:43:01,345 | server.py:215 | fit_round 20: strategy sampled 8 clients (out of 20)
DEBUG flwr 2023-08-18 13:43:37,834 | server.py:229 | fit_round 20 received 8 results and 0 failures
INFO flwr 2023-08-18 13:43:37,902 | common.py:35 | Avg. local train loss : 1.398338635079563, train acc : 0.9074444444444444
Server test accuracy after round 19: 0.7928
[2m[36m(launch_and_fit pid=895561)[0m Fitting Client 5
[2m[36m(launch_and_fit pid=895557)[0m Fitting Client 10
[2m[36m(launch_and_fit pid=895558)[0m Fitting Client 9
[2m[36m(launch_and_fit pid=895562)[0m Fitting Client 0
[2m[36m(launch_and_fit pid=895559)[0m Fitting Client 11
[2m[36m(launch_and_fit pid=895552)[0m Fitting Client 7
[2m[36m(launch_and_fit pid=895560)[0m Fitting Client 16
[2m[36m(launch_and_fit pid=895555)[0m Fitting Client 12
INFO flwr 2023-08-18 13:43:39,013 | server.py:116 | fit progress: (20, 0.7406364196777344, {'server_test_acc': 0.7974}, 720.7934748621192)
INFO flwr 2023-08-18 13:43:39,013 | server.py:163 | evaluate_round 20: no clients selected, cancel
DEBUG flwr 2023-08-18 13:43:39,014 | server.py:215 | fit_round 21: strategy sampled 8 clients (out of 20)
DEBUG flwr 2023-08-18 13:44:14,025 | server.py:229 | fit_round 21 received 8 results and 0 failures
INFO flwr 2023-08-18 13:44:14,093 | common.py:35 | Avg. local train loss : 1.3198147422168405, train acc : 0.9133694444444445
Server test accuracy after round 20: 0.7974
[2m[36m(launch_and_fit pid=939478)[0m Fitting Client 11
[2m[36m(launch_and_fit pid=939479)[0m Fitting Client 12
[2m[36m(launch_and_fit pid=939481)[0m Fitting Client 10
[2m[36m(launch_and_fit pid=939482)[0m Fitting Client 16
[2m[36m(launch_and_fit pid=939480)[0m Fitting Client 7
[2m[36m(launch_and_fit pid=939483)[0m Fitting Client 5
[2m[36m(launch_and_fit pid=939476)[0m Fitting Client 2
[2m[36m(launch_and_fit pid=939473)[0m Fitting Client 3
INFO flwr 2023-08-18 13:44:15,225 | server.py:116 | fit progress: (21, 0.726325357055664, {'server_test_acc': 0.7993}, 757.0052208399866)
INFO flwr 2023-08-18 13:44:15,225 | server.py:163 | evaluate_round 21: no clients selected, cancel
DEBUG flwr 2023-08-18 13:44:15,225 | server.py:215 | fit_round 22: strategy sampled 8 clients (out of 20)
DEBUG flwr 2023-08-18 13:44:50,270 | server.py:229 | fit_round 22 received 8 results and 0 failures
INFO flwr 2023-08-18 13:44:50,349 | common.py:35 | Avg. local train loss : 1.3505737473722548, train acc : 0.911086111111111
Server test accuracy after round 21: 0.7993
[2m[36m(launch_and_fit pid=983784)[0m Fitting Client 4
[2m[36m(launch_and_fit pid=983778)[0m Fitting Client 3
[2m[36m(launch_and_fit pid=983785)[0m Fitting Client 1
[2m[36m(launch_and_fit pid=983783)[0m Fitting Client 19
[2m[36m(launch_and_fit pid=983782)[0m Fitting Client 14
[2m[36m(launch_and_fit pid=983781)[0m Fitting Client 0
[2m[36m(launch_and_fit pid=983775)[0m Fitting Client 12
[2m[36m(launch_and_fit pid=983780)[0m Fitting Client 17
INFO flwr 2023-08-18 13:44:51,453 | server.py:116 | fit progress: (22, 0.7204579727172852, {'server_test_acc': 0.8027}, 793.2332223460544)
INFO flwr 2023-08-18 13:44:51,453 | server.py:163 | evaluate_round 22: no clients selected, cancel
DEBUG flwr 2023-08-18 13:44:51,453 | server.py:215 | fit_round 23: strategy sampled 8 clients (out of 20)
DEBUG flwr 2023-08-18 13:45:26,224 | server.py:229 | fit_round 23 received 8 results and 0 failures
INFO flwr 2023-08-18 13:45:26,292 | common.py:35 | Avg. local train loss : 1.2735312629956752, train acc : 0.9168361111111111
Server test accuracy after round 22: 0.8027
[2m[36m(launch_and_fit pid=1027868)[0m Fitting Client 19
[2m[36m(launch_and_fit pid=1027870)[0m Fitting Client 6
[2m[36m(launch_and_fit pid=1027874)[0m Fitting Client 16
[2m[36m(launch_and_fit pid=1027869)[0m Fitting Client 3
[2m[36m(launch_and_fit pid=1027872)[0m Fitting Client 11
[2m[36m(launch_and_fit pid=1027873)[0m Fitting Client 17
[2m[36m(launch_and_fit pid=1027871)[0m Fitting Client 9
[2m[36m(launch_and_fit pid=1027865)[0m Fitting Client 4
INFO flwr 2023-08-18 13:45:27,421 | server.py:116 | fit progress: (23, 0.7008131362915039, {'server_test_acc': 0.8077}, 829.201563266106)
INFO flwr 2023-08-18 13:45:27,422 | server.py:163 | evaluate_round 23: no clients selected, cancel
DEBUG flwr 2023-08-18 13:45:27,422 | server.py:215 | fit_round 24: strategy sampled 8 clients (out of 20)
DEBUG flwr 2023-08-18 13:46:01,836 | server.py:229 | fit_round 24 received 8 results and 0 failures
INFO flwr 2023-08-18 13:46:01,904 | common.py:35 | Avg. local train loss : 1.3195569156203417, train acc : 0.9138361111111112
Server test accuracy after round 23: 0.8077
[2m[36m(launch_and_fit pid=1071563)[0m Fitting Client 4
[2m[36m(launch_and_fit pid=1071570)[0m Fitting Client 15
[2m[36m(launch_and_fit pid=1071572)[0m Fitting Client 2
[2m[36m(launch_and_fit pid=1071571)[0m Fitting Client 9
[2m[36m(launch_and_fit pid=1071568)[0m Fitting Client 5
[2m[36m(launch_and_fit pid=1071565)[0m Fitting Client 8
[2m[36m(launch_and_fit pid=1071569)[0m Fitting Client 10
[2m[36m(launch_and_fit pid=1071567)[0m Fitting Client 1
INFO flwr 2023-08-18 13:46:03,009 | server.py:116 | fit progress: (24, 0.673200894165039, {'server_test_acc': 0.8105}, 864.7892034919932)
INFO flwr 2023-08-18 13:46:03,009 | server.py:163 | evaluate_round 24: no clients selected, cancel
DEBUG flwr 2023-08-18 13:46:03,009 | server.py:215 | fit_round 25: strategy sampled 8 clients (out of 20)
DEBUG flwr 2023-08-18 13:46:37,602 | server.py:229 | fit_round 25 received 8 results and 0 failures
INFO flwr 2023-08-18 13:46:37,670 | common.py:35 | Avg. local train loss : 1.2733975261915476, train acc : 0.9164527777777778
Server test accuracy after round 24: 0.8105
[2m[36m(launch_and_fit pid=1115792)[0m Fitting Client 17
[2m[36m(launch_and_fit pid=1115795)[0m Fitting Client 4
[2m[36m(launch_and_fit pid=1115787)[0m Fitting Client 9
[2m[36m(launch_and_fit pid=1115797)[0m Fitting Client 18
[2m[36m(launch_and_fit pid=1115794)[0m Fitting Client 15
[2m[36m(launch_and_fit pid=1115793)[0m Fitting Client 6
[2m[36m(launch_and_fit pid=1115790)[0m Fitting Client 14
[2m[36m(launch_and_fit pid=1115796)[0m Fitting Client 0
INFO flwr 2023-08-18 13:46:38,803 | server.py:116 | fit progress: (25, 0.673219985961914, {'server_test_acc': 0.813}, 900.583042269107)
INFO flwr 2023-08-18 13:46:38,803 | server.py:163 | evaluate_round 25: no clients selected, cancel
DEBUG flwr 2023-08-18 13:46:38,803 | server.py:215 | fit_round 26: strategy sampled 8 clients (out of 20)
DEBUG flwr 2023-08-18 13:47:13,923 | server.py:229 | fit_round 26 received 8 results and 0 failures
INFO flwr 2023-08-18 13:47:14,001 | common.py:35 | Avg. local train loss : 1.2180211632046847, train acc : 0.9200944444444445
Server test accuracy after round 25: 0.813
[2m[36m(launch_and_fit pid=1159747)[0m Fitting Client 12
[2m[36m(launch_and_fit pid=1159750)[0m Fitting Client 8
[2m[36m(launch_and_fit pid=1159753)[0m Fitting Client 5
[2m[36m(launch_and_fit pid=1159751)[0m Fitting Client 6
[2m[36m(launch_and_fit pid=1159748)[0m Fitting Client 13
[2m[36m(launch_and_fit pid=1159752)[0m Fitting Client 9
[2m[36m(launch_and_fit pid=1159749)[0m Fitting Client 1
[2m[36m(launch_and_fit pid=1159744)[0m Fitting Client 15
INFO flwr 2023-08-18 13:47:15,135 | server.py:116 | fit progress: (26, 0.7038304641723633, {'server_test_acc': 0.8109}, 936.9156744219363)
INFO flwr 2023-08-18 13:47:15,136 | server.py:163 | evaluate_round 26: no clients selected, cancel
DEBUG flwr 2023-08-18 13:47:15,136 | server.py:215 | fit_round 27: strategy sampled 8 clients (out of 20)
DEBUG flwr 2023-08-18 13:47:49,828 | server.py:229 | fit_round 27 received 8 results and 0 failures
INFO flwr 2023-08-18 13:47:49,896 | common.py:35 | Avg. local train loss : 1.159453325998038, train acc : 0.9241638888888889
Server test accuracy after round 26: 0.8109
[2m[36m(launch_and_fit pid=1203767)[0m Fitting Client 14
[2m[36m(launch_and_fit pid=1203769)[0m Fitting Client 18
[2m[36m(launch_and_fit pid=1203766)[0m Fitting Client 3
[2m[36m(launch_and_fit pid=1203770)[0m Fitting Client 6
[2m[36m(launch_and_fit pid=1203771)[0m Fitting Client 13
[2m[36m(launch_and_fit pid=1203764)[0m Fitting Client 15
[2m[36m(launch_and_fit pid=1203772)[0m Fitting Client 4
[2m[36m(launch_and_fit pid=1203768)[0m Fitting Client 8
INFO flwr 2023-08-18 13:47:51,008 | server.py:116 | fit progress: (27, 0.7076038528442383, {'server_test_acc': 0.8138}, 972.7881303429604)
INFO flwr 2023-08-18 13:47:51,008 | server.py:163 | evaluate_round 27: no clients selected, cancel
DEBUG flwr 2023-08-18 13:47:51,008 | server.py:215 | fit_round 28: strategy sampled 8 clients (out of 20)
DEBUG flwr 2023-08-18 13:48:26,224 | server.py:229 | fit_round 28 received 8 results and 0 failures
INFO flwr 2023-08-18 13:48:26,291 | common.py:35 | Avg. local train loss : 1.0839198271743953, train acc : 0.9295444444444444
Server test accuracy after round 27: 0.8138
[2m[36m(launch_and_fit pid=1247822)[0m Fitting Client 11
[2m[36m(launch_and_fit pid=1247820)[0m Fitting Client 8
[2m[36m(launch_and_fit pid=1247815)[0m Fitting Client 15
[2m[36m(launch_and_fit pid=1247812)[0m Fitting Client 7
[2m[36m(launch_and_fit pid=1247817)[0m Fitting Client 3
[2m[36m(launch_and_fit pid=1247819)[0m Fitting Client 9
[2m[36m(launch_and_fit pid=1247821)[0m Fitting Client 14
[2m[36m(launch_and_fit pid=1247818)[0m Fitting Client 13
INFO flwr 2023-08-18 13:48:27,417 | server.py:116 | fit progress: (28, 0.6978481842041016, {'server_test_acc': 0.8172}, 1009.197155648144)
INFO flwr 2023-08-18 13:48:27,417 | server.py:163 | evaluate_round 28: no clients selected, cancel
DEBUG flwr 2023-08-18 13:48:27,417 | server.py:215 | fit_round 29: strategy sampled 8 clients (out of 20)
DEBUG flwr 2023-08-18 13:49:02,560 | server.py:229 | fit_round 29 received 8 results and 0 failures
INFO flwr 2023-08-18 13:49:02,627 | common.py:35 | Avg. local train loss : 1.0935819897102192, train acc : 0.9283027777777778
Server test accuracy after round 28: 0.8172
[2m[36m(launch_and_fit pid=1291578)[0m Fitting Client 3
[2m[36m(launch_and_fit pid=1291580)[0m Fitting Client 10
[2m[36m(launch_and_fit pid=1291570)[0m Fitting Client 18
[2m[36m(launch_and_fit pid=1291577)[0m Fitting Client 15
[2m[36m(launch_and_fit pid=1291575)[0m Fitting Client 16
[2m[36m(launch_and_fit pid=1291573)[0m Fitting Client 2
[2m[36m(launch_and_fit pid=1291579)[0m Fitting Client 14
[2m[36m(launch_and_fit pid=1291576)[0m Fitting Client 13
INFO flwr 2023-08-18 13:49:03,765 | server.py:116 | fit progress: (29, 0.6701791305541992, {'server_test_acc': 0.8221}, 1045.5453235190362)
INFO flwr 2023-08-18 13:49:03,765 | server.py:163 | evaluate_round 29: no clients selected, cancel
DEBUG flwr 2023-08-18 13:49:03,765 | server.py:215 | fit_round 30: strategy sampled 8 clients (out of 20)
DEBUG flwr 2023-08-18 13:49:38,540 | server.py:229 | fit_round 30 received 8 results and 0 failures
INFO flwr 2023-08-18 13:49:38,608 | common.py:35 | Avg. local train loss : 1.0484469261020424, train acc : 0.9320805555555555
Server test accuracy after round 29: 0.8221
[2m[36m(launch_and_fit pid=1335823)[0m Fitting Client 10
[2m[36m(launch_and_fit pid=1335825)[0m Fitting Client 8
[2m[36m(launch_and_fit pid=1335827)[0m Fitting Client 9
[2m[36m(launch_and_fit pid=1335826)[0m Fitting Client 18
[2m[36m(launch_and_fit pid=1335822)[0m Fitting Client 2
[2m[36m(launch_and_fit pid=1335817)[0m Fitting Client 4
[2m[36m(launch_and_fit pid=1335824)[0m Fitting Client 19
[2m[36m(launch_and_fit pid=1335820)[0m Fitting Client 14
INFO flwr 2023-08-18 13:49:39,729 | server.py:116 | fit progress: (30, 0.7014496887207031, {'server_test_acc': 0.8167}, 1081.5094921609852)
INFO flwr 2023-08-18 13:49:39,729 | server.py:163 | evaluate_round 30: no clients selected, cancel
INFO flwr 2023-08-18 13:49:39,730 | server.py:144 | FL finished in 1081.5097760120407
INFO flwr 2023-08-18 13:49:39,730 | app.py:202 | app_fit: losses_distributed []
INFO flwr 2023-08-18 13:49:39,731 | app.py:203 | app_fit: metrics_distributed {}
INFO flwr 2023-08-18 13:49:39,731 | app.py:204 | app_fit: losses_centralized [(0, 2.319245477294922), (1, 3.4400598022460938), (2, 1.8498951965332031), (3, 1.257479852294922), (4, 1.030007373046875), (5, 1.0320607391357421), (6, 0.9424013366699219), (7, 0.9139842651367187), (8, 0.8537508651733399), (9, 0.8446500595092773), (10, 0.8255568634033204), (11, 0.8212282333374024), (12, 0.8180992309570313), (13, 0.7810171600341796), (14, 0.7641890533447265), (15, 0.7566720413208008), (16, 0.7514565414428711), (17, 0.7317153106689454), (18, 0.7400153884887696), (19, 0.7524024703979492), (20, 0.7406364196777344), (21, 0.726325357055664), (22, 0.7204579727172852), (23, 0.7008131362915039), (24, 0.673200894165039), (25, 0.673219985961914), (26, 0.7038304641723633), (27, 0.7076038528442383), (28, 0.6978481842041016), (29, 0.6701791305541992), (30, 0.7014496887207031)]
INFO flwr 2023-08-18 13:49:39,731 | app.py:205 | app_fit: metrics_centralized {'server_test_acc': [(0, 0.0811), (1, 0.1664), (2, 0.4308), (3, 0.5851), (4, 0.6612), (5, 0.671), (6, 0.7071), (7, 0.7258), (8, 0.7404), (9, 0.7473), (10, 0.7604), (11, 0.7608), (12, 0.7624), (13, 0.7763), (14, 0.7779), (15, 0.779), (16, 0.7831), (17, 0.7923), (18, 0.7948), (19, 0.7928), (20, 0.7974), (21, 0.7993), (22, 0.8027), (23, 0.8077), (24, 0.8105), (25, 0.813), (26, 0.8109), (27, 0.8138), (28, 0.8172), (29, 0.8221), (30, 0.8167)]}
Server test accuracy after round 30: 0.8167
corrupted size vs. prev_size in fastbins
srun: error: gcn52: task 0: Aborted
srun: Terminating StepId=3408642.0
cp: cannot stat '/scratch-local/sunnys.3408642/1692358234_622406081/out/*': No such file or directory
-----EXPERIMENT ENDS-----
-----CLEANING UP DISK------
-----END-----

JOB STATISTICS
==============
Job ID: 3408642
Cluster: snellius
User/Group: sunnys/sunnys
State: COMPLETED (exit code 0)
Nodes: 1
Cores per node: 18
CPU Utilized: 00:37:01
CPU Efficiency: 10.66% of 05:47:24 core-walltime
Job Wall-clock time: 00:19:18
Memory Utilized: 14.42 GB
Memory Efficiency: 12.02% of 120.00 GB
