-----BEGIN-----
-----SETTINGS-----
TOTAL CROPS:5000
STRATEGY:feddf
MODEL_NAME:resnet8
MODEL_LIST:{'resnet8':7,'wresnet-16-4':7,'resnet20':6}
NUM_CLIENTS:20
NUM_ROUNDS:30
FRACTION_FIT:0.4
FRACTION_EVALUATE:0.0
DATASET_NAME:cifar10
PARTITION_ALPHA:1.0
PARTITION_VAL_RATIO:0.1
BATCH_SIZE:512
LOCAL_EPOCHS:40
LOCAL_LR:0.01
DISTILL_BATCH_SIZE:32
SERVER_LR:0.005
USE_ADAPTIVE_LR:False
USE_ADAPTIVE_LR_ROUND:False
SERVER_STEPS:500
SERVER_EARLY_STEPS:1000
USE_EARLY_STOPPING:False
SERVER_STEPS_ADAPTIVE:False
SERVER_STEPS_ADAPTIVE_MIN:100
SERVER_STEPS_ADAPTIVE_INTERVAL:5
SEED:84
CUDA_DETERMINISTIC:False
USE_CROPS:False
IMG_NAME:ameyoko_small.jpg
DISTILL_DATASET:cifar100
DISTILL_ALPHA:1.0
NUM_DISTILL_IMAGES:5000
DISTILL_TRANSFORMS:v0
WARM_START:True
WARM_START_ROUNDS:1
WARM_START_INTERVAL:5
KMEANS_N_CLUSTER:1000
KMEANS_HEURISTICS:hard
KMEANS_MIXED_FACTOR:50-50
KMEANS_BALANCING:1.0
CONFIDENCE_THRESHOLD:0.9
CONFIDENCE_STRATEGY:top
CONFIDENCE_ADAPTIVE:False
CONFIDENCE_MAX_THRESH:0.5
CLIPPING_FACTOR:2.5
FEDPROX_FACTOR:2.0
FEDPROX_ADAPTIVE:False
USE_CLIPPING:True
USE_ENTROPY:False
USE_KMEANS:False
USE_FEDPROX:False
-----SETTINGS END-----
-----EXPERIMENT BEGINS-----
Simulating feddf training
INFO simulate 2023-09-26 14:04:29,568 | simulate.py:51 | Python script started : simulate.py
DEBUG simulate 2023-09-26 14:04:29,569 | simulate.py:56 | Reading args from argument parser
INFO flwr 2023-09-26 14:04:50,617 | app.py:145 | Starting Flower simulation, config: ServerConfig(num_rounds=30, round_timeout=None)
2023-09-26 14:04:53,271	INFO worker.py:1529 -- Started a local Ray instance. View the dashboard at [1m[32m127.0.0.1:8265 [39m[22m
INFO flwr 2023-09-26 14:04:54,268 | app.py:179 | Flower VCE: Ray initialized with resources: {'GPU': 1.0, 'object_store_memory': 61847529062.0, 'memory': 103079215104.0, 'accelerator_type:A100': 1.0, 'CPU': 18.0, 'node:145.136.62.44': 1.0}
INFO flwr 2023-09-26 14:04:54,268 | server.py:86 | Initializing global parameters
INFO flwr 2023-09-26 14:04:54,268 | server.py:266 | Using initial parameters provided by strategy
INFO flwr 2023-09-26 14:04:54,268 | server.py:88 | Evaluating initial parameters
Downloading https://www.cs.toronto.edu/~kriz/cifar-10-python.tar.gz to /scratch-local/sunnys.3930266/1695729858_686153423/cifar-10-python.tar.gz
Extracting /scratch-local/sunnys.3930266/1695729858_686153423/cifar-10-python.tar.gz to /scratch-local/sunnys.3930266/1695729858_686153423
Generating unified cifar10 dataset
Class histogram for 0-th partition (alpha=1.0, 10 classes): [342 114 363 765  49 204 467  25  55 116]
Downloading https://www.cs.toronto.edu/~kriz/cifar-100-python.tar.gz to /scratch-local/sunnys.3930266/1695729858_686153423/cifar-100-python.tar.gz
Extracting /scratch-local/sunnys.3930266/1695729858_686153423/cifar-100-python.tar.gz to /scratch-local/sunnys.3930266/1695729858_686153423
INFO flwr 2023-09-26 14:04:57,949 | server.py:91 | initial parameters (loss, other metrics): 2.319245477294922, {'server_test_acc': 0.0811}
INFO flwr 2023-09-26 14:04:57,949 | server.py:101 | FL starting
DEBUG flwr 2023-09-26 14:05:01,474 | server.py:215 | fit_round 1: strategy sampled 8 clients (out of 20)
[2m[36m(launch_and_fit pid=3099176)[0m malloc_consolidate(): invalid chunk size
[2m[36m(launch_and_fit pid=3099171)[0m malloc_consolidate(): invalid chunk size
[2m[36m(launch_and_fit pid=3099174)[0m double free or corruption (fasttop)
[2m[36m(launch_and_fit pid=3099170)[0m malloc_consolidate(): invalid chunk size
DEBUG flwr 2023-09-26 14:06:11,548 | server.py:229 | fit_round 1 received 8 results and 0 failures
INFO flwr 2023-09-26 14:06:11,654 | fed_df.py:367 | Warm start at round 1
[2m[36m(launch_and_fit pid=3099172)[0m double free or corruption (fasttop)
INFO flwr 2023-09-26 14:06:11,912 | fed_df.py:465 | Performing server side distillation training...
[2m[36m(launch_and_fit pid=3099171)[0m Fitting Client 10
[2m[36m(launch_and_fit pid=3099170)[0m Fitting Client 8
[2m[36m(launch_and_fit pid=3099172)[0m Fitting Client 5
[2m[36m(launch_and_fit pid=3099175)[0m Fitting Client 2
[2m[36m(launch_and_fit pid=3099177)[0m Fitting Client 19
[2m[36m(launch_and_fit pid=3099176)[0m Fitting Client 18
[2m[36m(launch_and_fit pid=3099173)[0m Fitting Client 11
[2m[36m(launch_and_fit pid=3099174)[0m Fitting Client 4
[2m[36m(launch_and_fit pid=3099175)[0m malloc_consolidate(): invalid chunk size
[2m[36m(launch_and_fit pid=3099177)[0m malloc_consolidate(): invalid chunk size
[2m[36m(launch_and_fit pid=3099173)[0m malloc_consolidate(): invalid chunk size
E0926 14:06:14.141901744 3189873 chttp2_transport.cc:1079]             ipv4:145.136.62.44:64734: Received a GOAWAY with error code ENHANCE_YOUR_CALM and debug data equal to "too_many_pings". Current keepalive time (before throttling): 60000ms
INFO flwr 2023-09-26 14:06:33,837 | fed_df.py:545 | Distillation training stopped at step number : 500
INFO flwr 2023-09-26 14:06:33,837 | fed_df.py:552 | Average fusion training loss : 0.050720997177064416, val accuracy : 0.3494, best val accuracy : 0.4156
INFO flwr 2023-09-26 14:06:33,838 | common.py:35 | Avg. local train loss : 6.3099429026246066, train acc : 0.6389916666666666
INFO flwr 2023-09-26 14:06:36,702 | server.py:116 | fit progress: (1, 1.6856603912353516, {'server_test_acc': 0.4178}, 98.75279397700797)
INFO flwr 2023-09-26 14:06:36,702 | server.py:163 | evaluate_round 1: no clients selected, cancel
DEBUG flwr 2023-09-26 14:06:39,700 | server.py:215 | fit_round 2: strategy sampled 8 clients (out of 20)
[2m[36m(launch_and_fit pid=3202276)[0m malloc_consolidate(): invalid chunk size
[2m[36m(launch_and_fit pid=3202272)[0m malloc_consolidate(): invalid chunk size
DEBUG flwr 2023-09-26 14:07:49,477 | server.py:229 | fit_round 2 received 8 results and 0 failures
INFO flwr 2023-09-26 14:07:49,623 | fed_df.py:465 | Performing server side distillation training...
[2m[36m(launch_and_fit pid=3202276)[0m Fitting Client 16
[2m[36m(launch_and_fit pid=3202273)[0m Fitting Client 15
[2m[36m(launch_and_fit pid=3202274)[0m Fitting Client 5
[2m[36m(launch_and_fit pid=3202272)[0m Fitting Client 13
[2m[36m(launch_and_fit pid=3202278)[0m Fitting Client 2
[2m[36m(launch_and_fit pid=3202277)[0m Fitting Client 0
[2m[36m(launch_and_fit pid=3202279)[0m Fitting Client 7
[2m[36m(launch_and_fit pid=3202280)[0m Fitting Client 3
[2m[36m(launch_and_fit pid=3202277)[0m malloc_consolidate(): invalid chunk size
[2m[36m(launch_and_fit pid=3202273)[0m malloc_consolidate(): invalid chunk size
[2m[36m(launch_and_fit pid=3202279)[0m malloc_consolidate(): invalid chunk size
[2m[36m(launch_and_fit pid=3202274)[0m double free or corruption (fasttop)
[2m[36m(launch_and_fit pid=3202278)[0m corrupted size vs. prev_size in fastbins
[2m[36m(launch_and_fit pid=3202280)[0m malloc_consolidate(): invalid chunk size
E0926 14:07:53.767027891 3296272 chttp2_transport.cc:1079]             ipv4:145.136.62.44:64734: Received a GOAWAY with error code ENHANCE_YOUR_CALM and debug data equal to "too_many_pings". Current keepalive time (before throttling): 120000ms
E0926 14:07:53.767089751 3296272 chttp2_transport.cc:1079]             ipv4:145.136.62.44:64734: Received a GOAWAY with error code ENHANCE_YOUR_CALM and debug data equal to "too_many_pings". Current keepalive time (before throttling): 120000ms
E0926 14:07:53.767099924 3296272 chttp2_transport.cc:1079]             ipv4:145.136.62.44:64734: Received a GOAWAY with error code ENHANCE_YOUR_CALM and debug data equal to "too_many_pings". Current keepalive time (before throttling): 120000ms
E0926 14:07:53.767108447 3296272 chttp2_transport.cc:1079]             ipv4:145.136.62.44:64734: Received a GOAWAY with error code ENHANCE_YOUR_CALM and debug data equal to "too_many_pings". Current keepalive time (before throttling): 120000ms
E0926 14:07:53.767116918 3296272 chttp2_transport.cc:1079]             ipv4:145.136.62.44:64734: Received a GOAWAY with error code ENHANCE_YOUR_CALM and debug data equal to "too_many_pings". Current keepalive time (before throttling): 120000ms
INFO flwr 2023-09-26 14:08:11,749 | fed_df.py:545 | Distillation training stopped at step number : 500
INFO flwr 2023-09-26 14:08:11,749 | fed_df.py:552 | Average fusion training loss : 0.03207047373615205, val accuracy : 0.44492727272727267, best val accuracy : 0.492
INFO flwr 2023-09-26 14:08:11,750 | common.py:35 | Avg. local train loss : 5.817399374954403, train acc : 0.6943277777777778
INFO flwr 2023-09-26 14:08:14,647 | server.py:116 | fit progress: (2, 1.472919561767578, {'server_test_acc': 0.4872}, 196.6981549540069)
INFO flwr 2023-09-26 14:08:14,648 | server.py:163 | evaluate_round 2: no clients selected, cancel
DEBUG flwr 2023-09-26 14:08:17,681 | server.py:215 | fit_round 3: strategy sampled 8 clients (out of 20)
DEBUG flwr 2023-09-26 14:09:26,559 | server.py:229 | fit_round 3 received 8 results and 0 failures
INFO flwr 2023-09-26 14:09:26,707 | fed_df.py:465 | Performing server side distillation training...
[2m[36m(launch_and_fit pid=3305698)[0m Fitting Client 18
[2m[36m(launch_and_fit pid=3305699)[0m Fitting Client 13
[2m[36m(launch_and_fit pid=3305700)[0m Fitting Client 6
[2m[36m(launch_and_fit pid=3305696)[0m Fitting Client 2
[2m[36m(launch_and_fit pid=3305697)[0m Fitting Client 4
[2m[36m(launch_and_fit pid=3305693)[0m Fitting Client 8
[2m[36m(launch_and_fit pid=3305687)[0m Fitting Client 19
[2m[36m(launch_and_fit pid=3305701)[0m Fitting Client 10
[2m[36m(launch_and_fit pid=3305687)[0m double free or corruption (fasttop)
[2m[36m(launch_and_fit pid=3305698)[0m malloc_consolidate(): invalid chunk size
[2m[36m(launch_and_fit pid=3305693)[0m double free or corruption (fasttop)
[2m[36m(launch_and_fit pid=3305696)[0m malloc_consolidate(): invalid chunk size
[2m[36m(launch_and_fit pid=3305699)[0m malloc_consolidate(): invalid chunk size
[2m[36m(launch_and_fit pid=3305700)[0m malloc_consolidate(): invalid chunk size
E0926 14:09:28.544869249 3406593 chttp2_transport.cc:1079]             ipv4:145.136.62.44:64734: Received a GOAWAY with error code ENHANCE_YOUR_CALM and debug data equal to "too_many_pings". Current keepalive time (before throttling): 240000ms
[2m[36m(launch_and_fit pid=3305697)[0m malloc_consolidate(): invalid chunk size
[2m[36m(launch_and_fit pid=3305701)[0m malloc_consolidate(): invalid chunk size
INFO flwr 2023-09-26 14:09:48,901 | fed_df.py:545 | Distillation training stopped at step number : 500
INFO flwr 2023-09-26 14:09:48,902 | fed_df.py:552 | Average fusion training loss : 0.039797339383512736, val accuracy : 0.4193636363636364, best val accuracy : 0.4824
INFO flwr 2023-09-26 14:09:48,903 | common.py:35 | Avg. local train loss : 4.852793080732226, train acc : 0.7934902777777777
INFO flwr 2023-09-26 14:09:51,815 | server.py:116 | fit progress: (3, 1.6221676177978515, {'server_test_acc': 0.4772}, 293.8657303760119)
INFO flwr 2023-09-26 14:09:51,815 | server.py:163 | evaluate_round 3: no clients selected, cancel
DEBUG flwr 2023-09-26 14:09:54,863 | server.py:215 | fit_round 4: strategy sampled 8 clients (out of 20)
[2m[36m(launch_and_fit pid=3423270)[0m malloc_consolidate(): invalid chunk size
[2m[36m(launch_and_fit pid=3423273)[0m malloc_consolidate(): invalid chunk size
DEBUG flwr 2023-09-26 14:11:04,564 | server.py:229 | fit_round 4 received 8 results and 0 failures
INFO flwr 2023-09-26 14:11:04,711 | fed_df.py:465 | Performing server side distillation training...
[2m[36m(launch_and_fit pid=3423273)[0m Fitting Client 12
[2m[36m(launch_and_fit pid=3423270)[0m Fitting Client 8
[2m[36m(launch_and_fit pid=3423277)[0m Fitting Client 11
[2m[36m(launch_and_fit pid=3423279)[0m Fitting Client 18
[2m[36m(launch_and_fit pid=3423278)[0m Fitting Client 0
[2m[36m(launch_and_fit pid=3423280)[0m Fitting Client 1
[2m[36m(launch_and_fit pid=3423281)[0m Fitting Client 19
[2m[36m(launch_and_fit pid=3423276)[0m Fitting Client 17
[2m[36m(launch_and_fit pid=3423279)[0m double free or corruption (fasttop)
[2m[36m(launch_and_fit pid=3423280)[0m double free or corruption (fasttop)
[2m[36m(launch_and_fit pid=3423281)[0m malloc_consolidate(): invalid chunk size
[2m[36m(launch_and_fit pid=3423278)[0m malloc_consolidate(): invalid chunk size
E0926 14:11:06.332151389 3523776 chttp2_transport.cc:1079]             ipv4:145.136.62.44:64734: Received a GOAWAY with error code ENHANCE_YOUR_CALM and debug data equal to "too_many_pings". Current keepalive time (before throttling): 480000ms
[2m[36m(launch_and_fit pid=3423277)[0m malloc_consolidate(): invalid chunk size
[2m[36m(launch_and_fit pid=3423276)[0m malloc_consolidate(): invalid chunk size
INFO flwr 2023-09-26 14:11:26,935 | fed_df.py:545 | Distillation training stopped at step number : 500
INFO flwr 2023-09-26 14:11:26,935 | fed_df.py:552 | Average fusion training loss : 0.03285863551683724, val accuracy : 0.4357090909090909, best val accuracy : 0.4628
INFO flwr 2023-09-26 14:11:26,937 | common.py:35 | Avg. local train loss : 4.552090292610227, train acc : 0.8193791666666668
INFO flwr 2023-09-26 14:11:29,821 | server.py:116 | fit progress: (4, 1.5898728424072266, {'server_test_acc': 0.4567}, 391.8713669710123)
INFO flwr 2023-09-26 14:11:29,821 | server.py:163 | evaluate_round 4: no clients selected, cancel
DEBUG flwr 2023-09-26 14:11:32,920 | server.py:215 | fit_round 5: strategy sampled 8 clients (out of 20)
[2m[36m(launch_and_fit pid=3535799)[0m malloc_consolidate(): invalid chunk size
[2m[36m(launch_and_fit pid=3535802)[0m double free or corruption (fasttop)
[2m[36m(launch_and_fit pid=3535797)[0m malloc_consolidate(): invalid chunk size
[2m[36m(launch_and_fit pid=3535803)[0m malloc_consolidate(): invalid chunk size
[2m[36m(launch_and_fit pid=3535798)[0m malloc_consolidate(): invalid chunk size
[2m[36m(launch_and_fit pid=3535804)[0m malloc_consolidate(): invalid chunk size
DEBUG flwr 2023-09-26 14:12:42,758 | server.py:229 | fit_round 5 received 8 results and 0 failures
INFO flwr 2023-09-26 14:12:42,864 | fed_df.py:367 | Warm start at round 5
INFO flwr 2023-09-26 14:12:42,961 | fed_df.py:465 | Performing server side distillation training...
[2m[36m(launch_and_fit pid=3535797)[0m Fitting Client 9
[2m[36m(launch_and_fit pid=3535803)[0m Fitting Client 18
[2m[36m(launch_and_fit pid=3535798)[0m Fitting Client 11
[2m[36m(launch_and_fit pid=3535800)[0m Fitting Client 17
[2m[36m(launch_and_fit pid=3535801)[0m Fitting Client 16
[2m[36m(launch_and_fit pid=3535802)[0m Fitting Client 2
[2m[36m(launch_and_fit pid=3535804)[0m Fitting Client 3
[2m[36m(launch_and_fit pid=3535799)[0m Fitting Client 19
[2m[36m(launch_and_fit pid=3535800)[0m double free or corruption (fasttop)
E0926 14:12:43.392573590 3524168 chttp2_transport.cc:1079]             ipv4:145.136.62.44:64734: Received a GOAWAY with error code ENHANCE_YOUR_CALM and debug data equal to "too_many_pings". Current keepalive time (before throttling): 960000ms
[2m[36m(launch_and_fit pid=3535801)[0m double free or corruption (fasttop)
INFO flwr 2023-09-26 14:13:04,836 | fed_df.py:545 | Distillation training stopped at step number : 500
INFO flwr 2023-09-26 14:13:04,837 | fed_df.py:552 | Average fusion training loss : 0.02890023760125041, val accuracy : 0.5027818181818182, best val accuracy : 0.5384
INFO flwr 2023-09-26 14:13:04,838 | common.py:35 | Avg. local train loss : 4.594655282050371, train acc : 0.8184250000000001
INFO flwr 2023-09-26 14:13:07,687 | server.py:116 | fit progress: (5, 1.4292751556396484, {'server_test_acc': 0.5293}, 489.737240899005)
INFO flwr 2023-09-26 14:13:07,687 | server.py:163 | evaluate_round 5: no clients selected, cancel
DEBUG flwr 2023-09-26 14:13:10,759 | server.py:215 | fit_round 6: strategy sampled 8 clients (out of 20)
[2m[36m(launch_and_fit pid=3638929)[0m malloc_consolidate(): invalid chunk size
[2m[36m(launch_and_fit pid=3638935)[0m malloc_consolidate(): invalid chunk size
[2m[36m(launch_and_fit pid=3638933)[0m double free or corruption (fasttop)
DEBUG flwr 2023-09-26 14:14:20,135 | server.py:229 | fit_round 6 received 8 results and 0 failures
INFO flwr 2023-09-26 14:14:20,281 | fed_df.py:465 | Performing server side distillation training...
[2m[36m(launch_and_fit pid=3638929)[0m Fitting Client 8
[2m[36m(launch_and_fit pid=3638925)[0m Fitting Client 12
[2m[36m(launch_and_fit pid=3638926)[0m Fitting Client 18
[2m[36m(launch_and_fit pid=3638931)[0m Fitting Client 10
[2m[36m(launch_and_fit pid=3638932)[0m Fitting Client 17
[2m[36m(launch_and_fit pid=3638935)[0m Fitting Client 4
[2m[36m(launch_and_fit pid=3638933)[0m Fitting Client 15
[2m[36m(launch_and_fit pid=3638934)[0m Fitting Client 7
[2m[36m(launch_and_fit pid=3638925)[0m double free or corruption (fasttop)
[2m[36m(launch_and_fit pid=3638926)[0m double free or corruption (fasttop)
[2m[36m(launch_and_fit pid=3638932)[0m malloc_consolidate(): invalid chunk size
E0926 14:14:21.890964865 3625753 chttp2_transport.cc:1079]             ipv4:145.136.62.44:64734: Received a GOAWAY with error code ENHANCE_YOUR_CALM and debug data equal to "too_many_pings". Current keepalive time (before throttling): 1920000ms
[2m[36m(launch_and_fit pid=3638934)[0m double free or corruption (fasttop)
[2m[36m(launch_and_fit pid=3638931)[0m malloc_consolidate(): invalid chunk size
INFO flwr 2023-09-26 14:14:42,572 | fed_df.py:545 | Distillation training stopped at step number : 500
INFO flwr 2023-09-26 14:14:42,573 | fed_df.py:552 | Average fusion training loss : 0.0162700798464939, val accuracy : 0.5452545454545453, best val accuracy : 0.5854
INFO flwr 2023-09-26 14:14:42,574 | common.py:35 | Avg. local train loss : 4.3748848795890805, train acc : 0.8428722222222222
INFO flwr 2023-09-26 14:14:45,458 | server.py:116 | fit progress: (6, 1.480141439819336, {'server_test_acc': 0.5748}, 587.5090136090002)
INFO flwr 2023-09-26 14:14:45,459 | server.py:163 | evaluate_round 6: no clients selected, cancel
DEBUG flwr 2023-09-26 14:14:48,504 | server.py:215 | fit_round 7: strategy sampled 8 clients (out of 20)
[2m[36m(launch_and_fit pid=3742102)[0m malloc_consolidate(): invalid chunk size
[2m[36m(launch_and_fit pid=3742095)[0m malloc_consolidate(): invalid chunk size
[2m[36m(launch_and_fit pid=3742098)[0m malloc_consolidate(): invalid chunk size
[2m[36m(launch_and_fit pid=3742097)[0m malloc_consolidate(): invalid chunk size
DEBUG flwr 2023-09-26 14:15:57,824 | server.py:229 | fit_round 7 received 8 results and 0 failures
INFO flwr 2023-09-26 14:15:57,969 | fed_df.py:465 | Performing server side distillation training...
[2m[36m(launch_and_fit pid=3742097)[0m Fitting Client 12
[2m[36m(launch_and_fit pid=3742101)[0m Fitting Client 15
[2m[36m(launch_and_fit pid=3742092)[0m Fitting Client 0
[2m[36m(launch_and_fit pid=3742095)[0m Fitting Client 19
[2m[36m(launch_and_fit pid=3742099)[0m Fitting Client 3
[2m[36m(launch_and_fit pid=3742102)[0m Fitting Client 2
[2m[36m(launch_and_fit pid=3742100)[0m Fitting Client 4
[2m[36m(launch_and_fit pid=3742098)[0m Fitting Client 8
[2m[36m(launch_and_fit pid=3742092)[0m malloc_consolidate(): invalid chunk size
[2m[36m(launch_and_fit pid=3742100)[0m malloc_consolidate(): invalid chunk size
[2m[36m(launch_and_fit pid=3742101)[0m malloc_consolidate(): invalid chunk size
[2m[36m(launch_and_fit pid=3742099)[0m malloc_consolidate(): invalid chunk size
INFO flwr 2023-09-26 14:16:20,008 | fed_df.py:545 | Distillation training stopped at step number : 500
INFO flwr 2023-09-26 14:16:20,008 | fed_df.py:552 | Average fusion training loss : 0.015251529458910227, val accuracy : 0.5526909090909092, best val accuracy : 0.5736
INFO flwr 2023-09-26 14:16:20,009 | common.py:35 | Avg. local train loss : 4.494908649846911, train acc : 0.8359347222222223
INFO flwr 2023-09-26 14:16:22,917 | server.py:116 | fit progress: (7, 1.452855551147461, {'server_test_acc': 0.5665}, 684.9675892140076)
INFO flwr 2023-09-26 14:16:22,917 | server.py:163 | evaluate_round 7: no clients selected, cancel
DEBUG flwr 2023-09-26 14:16:26,007 | server.py:215 | fit_round 8: strategy sampled 8 clients (out of 20)
[2m[36m(launch_and_fit pid=3845360)[0m malloc_consolidate(): invalid chunk size
[2m[36m(launch_and_fit pid=3845363)[0m double free or corruption (fasttop)
DEBUG flwr 2023-09-26 14:17:34,758 | server.py:229 | fit_round 8 received 8 results and 0 failures
INFO flwr 2023-09-26 14:17:34,904 | fed_df.py:465 | Performing server side distillation training...
[2m[36m(launch_and_fit pid=3845361)[0m malloc_consolidate(): invalid chunk size
[2m[36m(launch_and_fit pid=3845360)[0m Fitting Client 5
[2m[36m(launch_and_fit pid=3845363)[0m Fitting Client 19
[2m[36m(launch_and_fit pid=3845358)[0m Fitting Client 14
[2m[36m(launch_and_fit pid=3845365)[0m Fitting Client 7
[2m[36m(launch_and_fit pid=3845368)[0m Fitting Client 4
[2m[36m(launch_and_fit pid=3845367)[0m Fitting Client 13
[2m[36m(launch_and_fit pid=3845366)[0m Fitting Client 9
[2m[36m(launch_and_fit pid=3845361)[0m Fitting Client 15
[2m[36m(launch_and_fit pid=3845358)[0m malloc_consolidate(): invalid chunk size
[2m[36m(launch_and_fit pid=3845368)[0m malloc_consolidate(): invalid chunk size
[2m[36m(launch_and_fit pid=3845366)[0m malloc_consolidate(): invalid chunk size
[2m[36m(launch_and_fit pid=3845367)[0m malloc_consolidate(): invalid chunk size
E0926 14:17:36.638764445 3936682 chttp2_transport.cc:1079]             ipv4:145.136.62.44:64734: Received a GOAWAY with error code ENHANCE_YOUR_CALM and debug data equal to "too_many_pings". Current keepalive time (before throttling): 3840000ms
E0926 14:17:36.638823273 3936682 chttp2_transport.cc:1079]             ipv4:145.136.62.44:64734: Received a GOAWAY with error code ENHANCE_YOUR_CALM and debug data equal to "too_many_pings". Current keepalive time (before throttling): 3840000ms
E0926 14:17:36.638833552 3936682 chttp2_transport.cc:1079]             ipv4:145.136.62.44:64734: Received a GOAWAY with error code ENHANCE_YOUR_CALM and debug data equal to "too_many_pings". Current keepalive time (before throttling): 3840000ms
E0926 14:17:36.638842106 3936682 chttp2_transport.cc:1079]             ipv4:145.136.62.44:64734: Received a GOAWAY with error code ENHANCE_YOUR_CALM and debug data equal to "too_many_pings". Current keepalive time (before throttling): 3840000ms
E0926 14:17:36.638850010 3936682 chttp2_transport.cc:1079]             ipv4:145.136.62.44:64734: Received a GOAWAY with error code ENHANCE_YOUR_CALM and debug data equal to "too_many_pings". Current keepalive time (before throttling): 3840000ms
E0926 14:17:36.638858022 3936682 chttp2_transport.cc:1079]             ipv4:145.136.62.44:64734: Received a GOAWAY with error code ENHANCE_YOUR_CALM and debug data equal to "too_many_pings". Current keepalive time (before throttling): 3840000ms
E0926 14:17:36.638865683 3936682 chttp2_transport.cc:1079]             ipv4:145.136.62.44:64734: Received a GOAWAY with error code ENHANCE_YOUR_CALM and debug data equal to "too_many_pings". Current keepalive time (before throttling): 3840000ms
E0926 14:17:36.638873974 3936682 chttp2_transport.cc:1079]             ipv4:145.136.62.44:64734: Received a GOAWAY with error code ENHANCE_YOUR_CALM and debug data equal to "too_many_pings". Current keepalive time (before throttling): 3840000ms
[2m[36m(launch_and_fit pid=3845365)[0m malloc_consolidate(): invalid chunk size
INFO flwr 2023-09-26 14:17:57,186 | fed_df.py:545 | Distillation training stopped at step number : 500
INFO flwr 2023-09-26 14:17:57,186 | fed_df.py:552 | Average fusion training loss : 0.014861139877699315, val accuracy : 0.5702727272727273, best val accuracy : 0.606
INFO flwr 2023-09-26 14:17:57,187 | common.py:35 | Avg. local train loss : 4.563389820605517, train acc : 0.8274916666666668
INFO flwr 2023-09-26 14:18:00,072 | server.py:116 | fit progress: (8, 1.4365733673095704, {'server_test_acc': 0.596}, 782.1226139010105)
INFO flwr 2023-09-26 14:18:00,072 | server.py:163 | evaluate_round 8: no clients selected, cancel
DEBUG flwr 2023-09-26 14:18:03,140 | server.py:215 | fit_round 9: strategy sampled 8 clients (out of 20)
[2m[36m(launch_and_fit pid=3948375)[0m malloc_consolidate(): invalid chunk size
[2m[36m(launch_and_fit pid=3948423)[0m malloc_consolidate(): invalid chunk size
DEBUG flwr 2023-09-26 14:19:11,857 | server.py:229 | fit_round 9 received 8 results and 0 failures
INFO flwr 2023-09-26 14:19:12,005 | fed_df.py:465 | Performing server side distillation training...
[2m[36m(launch_and_fit pid=3948375)[0m Fitting Client 18
[2m[36m(launch_and_fit pid=3948371)[0m Fitting Client 3
[2m[36m(launch_and_fit pid=3948370)[0m Fitting Client 2
[2m[36m(launch_and_fit pid=3948381)[0m Fitting Client 13
[2m[36m(launch_and_fit pid=3948376)[0m Fitting Client 4
[2m[36m(launch_and_fit pid=3948412)[0m Fitting Client 19
[2m[36m(launch_and_fit pid=3948423)[0m Fitting Client 16
[2m[36m(launch_and_fit pid=3948374)[0m Fitting Client 5
[2m[36m(launch_and_fit pid=3948370)[0m malloc_consolidate(): invalid chunk size
[2m[36m(launch_and_fit pid=3948376)[0m malloc_consolidate(): invalid chunk size
[2m[36m(launch_and_fit pid=3948374)[0m double free or corruption (fasttop)
E0926 14:19:13.262033567 4038799 chttp2_transport.cc:1079]             ipv4:145.136.62.44:64734: Received a GOAWAY with error code ENHANCE_YOUR_CALM and debug data equal to "too_many_pings". Current keepalive time (before throttling): 7680000ms
[2m[36m(launch_and_fit pid=3948371)[0m malloc_consolidate(): invalid chunk size
[2m[36m(launch_and_fit pid=3948381)[0m malloc_consolidate(): invalid chunk size
[2m[36m(launch_and_fit pid=3948412)[0m malloc_consolidate(): invalid chunk size
INFO flwr 2023-09-26 14:19:34,189 | fed_df.py:545 | Distillation training stopped at step number : 500
INFO flwr 2023-09-26 14:19:34,189 | fed_df.py:552 | Average fusion training loss : 0.015807877134531738, val accuracy : 0.5390727272727274, best val accuracy : 0.5734
INFO flwr 2023-09-26 14:19:34,190 | common.py:35 | Avg. local train loss : 4.427214943058789, train acc : 0.8426555555555555
INFO flwr 2023-09-26 14:19:37,083 | server.py:116 | fit progress: (9, 1.4580697052001954, {'server_test_acc': 0.5677}, 879.133257088004)
INFO flwr 2023-09-26 14:19:37,083 | server.py:163 | evaluate_round 9: no clients selected, cancel
DEBUG flwr 2023-09-26 14:19:40,159 | server.py:215 | fit_round 10: strategy sampled 8 clients (out of 20)
[2m[36m(launch_and_fit pid=4051634)[0m malloc_consolidate(): invalid chunk size
[2m[36m(launch_and_fit pid=4051644)[0m double free or corruption (fasttop)
[2m[36m(launch_and_fit pid=4051638)[0m malloc_consolidate(): invalid chunk size
DEBUG flwr 2023-09-26 14:20:49,532 | server.py:229 | fit_round 10 received 8 results and 0 failures
[2m[36m(launch_and_fit pid=4051642)[0m double free or corruption (fasttop)
INFO flwr 2023-09-26 14:20:49,639 | fed_df.py:367 | Warm start at round 10
INFO flwr 2023-09-26 14:20:49,736 | fed_df.py:465 | Performing server side distillation training...
[2m[36m(launch_and_fit pid=4051634)[0m Fitting Client 13
[2m[36m(launch_and_fit pid=4051638)[0m Fitting Client 1
[2m[36m(launch_and_fit pid=4051641)[0m Fitting Client 10
[2m[36m(launch_and_fit pid=4051640)[0m Fitting Client 5
[2m[36m(launch_and_fit pid=4051639)[0m Fitting Client 19
[2m[36m(launch_and_fit pid=4051642)[0m Fitting Client 0
[2m[36m(launch_and_fit pid=4051644)[0m Fitting Client 9
[2m[36m(launch_and_fit pid=4051643)[0m Fitting Client 7
[2m[36m(launch_and_fit pid=4051641)[0m double free or corruption (fasttop)
[2m[36m(launch_and_fit pid=4051639)[0m malloc_consolidate(): invalid chunk size
E0926 14:20:51.011502018 4142459 chttp2_transport.cc:1079]             ipv4:145.136.62.44:64734: Received a GOAWAY with error code ENHANCE_YOUR_CALM and debug data equal to "too_many_pings". Current keepalive time (before throttling): 15360000ms
E0926 14:20:51.013289637 4142459 chttp2_transport.cc:1079]             ipv4:145.136.62.44:64734: Received a GOAWAY with error code ENHANCE_YOUR_CALM and debug data equal to "too_many_pings". Current keepalive time (before throttling): 15360000ms
E0926 14:20:51.013310601 4142459 chttp2_transport.cc:1079]             ipv4:145.136.62.44:64734: Received a GOAWAY with error code ENHANCE_YOUR_CALM and debug data equal to "too_many_pings". Current keepalive time (before throttling): 15360000ms
E0926 14:20:51.013320017 4142459 chttp2_transport.cc:1079]             ipv4:145.136.62.44:64734: Received a GOAWAY with error code ENHANCE_YOUR_CALM and debug data equal to "too_many_pings". Current keepalive time (before throttling): 15360000ms
E0926 14:20:51.013328603 4142459 chttp2_transport.cc:1079]             ipv4:145.136.62.44:64734: Received a GOAWAY with error code ENHANCE_YOUR_CALM and debug data equal to "too_many_pings". Current keepalive time (before throttling): 15360000ms
E0926 14:20:51.013338152 4142459 chttp2_transport.cc:1079]             ipv4:145.136.62.44:64734: Received a GOAWAY with error code ENHANCE_YOUR_CALM and debug data equal to "too_many_pings". Current keepalive time (before throttling): 15360000ms
[2m[36m(launch_and_fit pid=4051640)[0m malloc_consolidate(): invalid chunk size
[2m[36m(launch_and_fit pid=4051643)[0m double free or corruption (fasttop)
INFO flwr 2023-09-26 14:21:16,775 | fed_df.py:545 | Distillation training stopped at step number : 500
INFO flwr 2023-09-26 14:21:16,775 | fed_df.py:552 | Average fusion training loss : 0.02225651094596833, val accuracy : 0.5898181818181819, best val accuracy : 0.632
INFO flwr 2023-09-26 14:21:16,776 | common.py:35 | Avg. local train loss : 4.603370600566268, train acc : 0.8224319444444446
INFO flwr 2023-09-26 14:21:19,664 | server.py:116 | fit progress: (10, 1.4356693572998047, {'server_test_acc': 0.6189}, 981.7144915720128)
INFO flwr 2023-09-26 14:21:19,664 | server.py:163 | evaluate_round 10: no clients selected, cancel
DEBUG flwr 2023-09-26 14:21:22,706 | server.py:215 | fit_round 11: strategy sampled 8 clients (out of 20)
DEBUG flwr 2023-09-26 14:22:31,653 | server.py:229 | fit_round 11 received 8 results and 0 failures
INFO flwr 2023-09-26 14:22:31,801 | fed_df.py:465 | Performing server side distillation training...
[2m[36m(launch_and_fit pid=4154894)[0m Fitting Client 6
[2m[36m(launch_and_fit pid=4154889)[0m Fitting Client 3
[2m[36m(launch_and_fit pid=4154890)[0m Fitting Client 13
[2m[36m(launch_and_fit pid=4154893)[0m Fitting Client 11
[2m[36m(launch_and_fit pid=4154896)[0m Fitting Client 16
[2m[36m(launch_and_fit pid=4154898)[0m Fitting Client 14
[2m[36m(launch_and_fit pid=4154899)[0m Fitting Client 0
[2m[36m(launch_and_fit pid=4154897)[0m Fitting Client 5
[2m[36m(launch_and_fit pid=4154894)[0m malloc_consolidate(): invalid chunk size
[2m[36m(launch_and_fit pid=4154896)[0m malloc_consolidate(): invalid chunk size
[2m[36m(launch_and_fit pid=4154890)[0m malloc_consolidate(): invalid chunk size
E0926 14:22:32.489784932   51397 chttp2_transport.cc:1079]             ipv4:145.136.62.44:64734: Received a GOAWAY with error code ENHANCE_YOUR_CALM and debug data equal to "too_many_pings". Current keepalive time (before throttling): 30720000ms
[2m[36m(launch_and_fit pid=4154898)[0m malloc_consolidate(): invalid chunk size
[2m[36m(launch_and_fit pid=4154893)[0m double free or corruption (fasttop)
[2m[36m(launch_and_fit pid=4154897)[0m double free or corruption (fasttop)
[2m[36m(launch_and_fit pid=4154889)[0m malloc_consolidate(): invalid chunk size
INFO flwr 2023-09-26 14:22:53,992 | fed_df.py:545 | Distillation training stopped at step number : 500
INFO flwr 2023-09-26 14:22:53,992 | fed_df.py:552 | Average fusion training loss : 0.011192339332774281, val accuracy : 0.6155272727272728, best val accuracy : 0.6444
INFO flwr 2023-09-26 14:22:53,993 | common.py:35 | Avg. local train loss : 4.5203211970627315, train acc : 0.8429930555555556
INFO flwr 2023-09-26 14:22:56,873 | server.py:116 | fit progress: (11, 1.4301299285888671, {'server_test_acc': 0.633}, 1078.9239374600002)
INFO flwr 2023-09-26 14:22:56,874 | server.py:163 | evaluate_round 11: no clients selected, cancel
DEBUG flwr 2023-09-26 14:22:59,955 | server.py:215 | fit_round 12: strategy sampled 8 clients (out of 20)
[2m[36m(launch_and_fit pid=64950)[0m malloc_consolidate(): invalid chunk size
DEBUG flwr 2023-09-26 14:24:08,945 | server.py:229 | fit_round 12 received 8 results and 0 failures
[2m[36m(launch_and_fit pid=64954)[0m double free or corruption (fasttop)
INFO flwr 2023-09-26 14:24:09,096 | fed_df.py:465 | Performing server side distillation training...
[2m[36m(launch_and_fit pid=64945)[0m Fitting Client 14
[2m[36m(launch_and_fit pid=64950)[0m Fitting Client 0
[2m[36m(launch_and_fit pid=64948)[0m Fitting Client 17
[2m[36m(launch_and_fit pid=64952)[0m Fitting Client 8
[2m[36m(launch_and_fit pid=64951)[0m Fitting Client 3
[2m[36m(launch_and_fit pid=64953)[0m Fitting Client 5
[2m[36m(launch_and_fit pid=64954)[0m Fitting Client 1
[2m[36m(launch_and_fit pid=64955)[0m Fitting Client 18
[2m[36m(launch_and_fit pid=64945)[0m double free or corruption (fasttop)
[2m[36m(launch_and_fit pid=64951)[0m malloc_consolidate(): invalid chunk size
[2m[36m(launch_and_fit pid=64948)[0m double free or corruption (fasttop)
E0926 14:24:09.915887399  155274 chttp2_transport.cc:1079]             ipv4:145.136.62.44:64734: Received a GOAWAY with error code ENHANCE_YOUR_CALM and debug data equal to "too_many_pings". Current keepalive time (before throttling): 61440000ms
E0926 14:24:09.922794399  155274 chttp2_transport.cc:1079]             ipv4:145.136.62.44:64734: Received a GOAWAY with error code ENHANCE_YOUR_CALM and debug data equal to "too_many_pings". Current keepalive time (before throttling): 61440000ms
[2m[36m(launch_and_fit pid=64955)[0m double free or corruption (fasttop)
[2m[36m(launch_and_fit pid=64952)[0m double free or corruption (fasttop)
[2m[36m(launch_and_fit pid=64953)[0m malloc_consolidate(): invalid chunk size
INFO flwr 2023-09-26 14:24:31,427 | fed_df.py:545 | Distillation training stopped at step number : 500
INFO flwr 2023-09-26 14:24:31,427 | fed_df.py:552 | Average fusion training loss : 0.014207754620350897, val accuracy : 0.6027818181818181, best val accuracy : 0.6528
INFO flwr 2023-09-26 14:24:31,429 | common.py:35 | Avg. local train loss : 4.306473254226148, train acc : 0.857726388888889
INFO flwr 2023-09-26 14:24:34,345 | server.py:116 | fit progress: (12, 1.4074366546630859, {'server_test_acc': 0.6416}, 1176.3953354730038)
INFO flwr 2023-09-26 14:24:34,345 | server.py:163 | evaluate_round 12: no clients selected, cancel
DEBUG flwr 2023-09-26 14:24:37,401 | server.py:215 | fit_round 13: strategy sampled 8 clients (out of 20)
[2m[36m(launch_and_fit pid=173883)[0m malloc_consolidate(): invalid chunk size
[2m[36m(launch_and_fit pid=173886)[0m malloc_consolidate(): invalid chunk size
DEBUG flwr 2023-09-26 14:25:46,753 | server.py:229 | fit_round 13 received 8 results and 0 failures
INFO flwr 2023-09-26 14:25:46,900 | fed_df.py:465 | Performing server side distillation training...
[2m[36m(launch_and_fit pid=173883)[0m Fitting Client 0
[2m[36m(launch_and_fit pid=173885)[0m Fitting Client 5
[2m[36m(launch_and_fit pid=173881)[0m Fitting Client 18
[2m[36m(launch_and_fit pid=173884)[0m Fitting Client 7
[2m[36m(launch_and_fit pid=173886)[0m Fitting Client 14
[2m[36m(launch_and_fit pid=173880)[0m Fitting Client 11
[2m[36m(launch_and_fit pid=173882)[0m Fitting Client 3
[2m[36m(launch_and_fit pid=173876)[0m Fitting Client 19
[2m[36m(launch_and_fit pid=173876)[0m double free or corruption (fasttop)
[2m[36m(launch_and_fit pid=173882)[0m malloc_consolidate(): invalid chunk size
E0926 14:25:47.347733229  156078 chttp2_transport.cc:1079]             ipv4:145.136.62.44:64734: Received a GOAWAY with error code ENHANCE_YOUR_CALM and debug data equal to "too_many_pings". Current keepalive time (before throttling): 122880000ms
[2m[36m(launch_and_fit pid=173881)[0m malloc_consolidate(): invalid chunk size
[2m[36m(launch_and_fit pid=173885)[0m malloc_consolidate(): invalid chunk size
[2m[36m(launch_and_fit pid=173884)[0m malloc_consolidate(): invalid chunk size
[2m[36m(launch_and_fit pid=173880)[0m double free or corruption (fasttop)
INFO flwr 2023-09-26 14:26:09,148 | fed_df.py:545 | Distillation training stopped at step number : 500
INFO flwr 2023-09-26 14:26:09,148 | fed_df.py:552 | Average fusion training loss : 0.015742301531136035, val accuracy : 0.579690909090909, best val accuracy : 0.6236
INFO flwr 2023-09-26 14:26:09,149 | common.py:35 | Avg. local train loss : 4.178199373371899, train acc : 0.8683930555555556
INFO flwr 2023-09-26 14:26:12,087 | server.py:116 | fit progress: (13, 1.453168963623047, {'server_test_acc': 0.6154}, 1274.1371804520022)
INFO flwr 2023-09-26 14:26:12,087 | server.py:163 | evaluate_round 13: no clients selected, cancel
DEBUG flwr 2023-09-26 14:26:15,144 | server.py:215 | fit_round 14: strategy sampled 8 clients (out of 20)
[2m[36m(launch_and_fit pid=292719)[0m double free or corruption (fasttop)
DEBUG flwr 2023-09-26 14:27:24,477 | server.py:229 | fit_round 14 received 8 results and 0 failures
[2m[36m(launch_and_fit pid=292736)[0m malloc_consolidate(): invalid chunk size
INFO flwr 2023-09-26 14:27:24,625 | fed_df.py:465 | Performing server side distillation training...
[2m[36m(launch_and_fit pid=292666)[0m Fitting Client 8
[2m[36m(launch_and_fit pid=292719)[0m Fitting Client 16
[2m[36m(launch_and_fit pid=292734)[0m Fitting Client 10
[2m[36m(launch_and_fit pid=292736)[0m Fitting Client 3
[2m[36m(launch_and_fit pid=292735)[0m Fitting Client 9
[2m[36m(launch_and_fit pid=292739)[0m Fitting Client 14
[2m[36m(launch_and_fit pid=292737)[0m Fitting Client 18
[2m[36m(launch_and_fit pid=292738)[0m Fitting Client 4
E0926 14:27:25.210476212  273381 chttp2_transport.cc:1079]             ipv4:145.136.62.44:64734: Received a GOAWAY with error code ENHANCE_YOUR_CALM and debug data equal to "too_many_pings". Current keepalive time (before throttling): 245760000ms
[2m[36m(launch_and_fit pid=292666)[0m malloc_consolidate(): invalid chunk size
[2m[36m(launch_and_fit pid=292738)[0m malloc_consolidate(): invalid chunk size
[2m[36m(launch_and_fit pid=292735)[0m malloc_consolidate(): invalid chunk size
[2m[36m(launch_and_fit pid=292734)[0m double free or corruption (fasttop)
[2m[36m(launch_and_fit pid=292737)[0m double free or corruption (fasttop)
E0926 14:27:27.077650403  385913 chttp2_transport.cc:1079]             ipv4:145.136.62.44:64734: Received a GOAWAY with error code ENHANCE_YOUR_CALM and debug data equal to "too_many_pings". Current keepalive time (before throttling): 491520000ms
INFO flwr 2023-09-26 14:27:46,837 | fed_df.py:545 | Distillation training stopped at step number : 500
INFO flwr 2023-09-26 14:27:46,838 | fed_df.py:552 | Average fusion training loss : 0.012232273460365832, val accuracy : 0.6129272727272727, best val accuracy : 0.6476
INFO flwr 2023-09-26 14:27:46,839 | common.py:35 | Avg. local train loss : 4.268122900277376, train acc : 0.8629069444444444
INFO flwr 2023-09-26 14:27:49,764 | server.py:116 | fit progress: (14, 1.4614805755615234, {'server_test_acc': 0.6318}, 1371.814328598004)
INFO flwr 2023-09-26 14:27:49,764 | server.py:163 | evaluate_round 14: no clients selected, cancel
DEBUG flwr 2023-09-26 14:27:52,813 | server.py:215 | fit_round 15: strategy sampled 8 clients (out of 20)
[2m[36m(launch_and_fit pid=398850)[0m malloc_consolidate(): invalid chunk size
DEBUG flwr 2023-09-26 14:29:01,178 | server.py:229 | fit_round 15 received 8 results and 0 failures
INFO flwr 2023-09-26 14:29:01,285 | fed_df.py:367 | Warm start at round 15
INFO flwr 2023-09-26 14:29:01,384 | fed_df.py:465 | Performing server side distillation training...
[2m[36m(launch_and_fit pid=398850)[0m Fitting Client 8
[2m[36m(launch_and_fit pid=398852)[0m Fitting Client 7
[2m[36m(launch_and_fit pid=398855)[0m Fitting Client 5
[2m[36m(launch_and_fit pid=398857)[0m Fitting Client 12
[2m[36m(launch_and_fit pid=398859)[0m Fitting Client 18
[2m[36m(launch_and_fit pid=398858)[0m Fitting Client 14
[2m[36m(launch_and_fit pid=398860)[0m Fitting Client 1
[2m[36m(launch_and_fit pid=398856)[0m Fitting Client 15
[2m[36m(launch_and_fit pid=398859)[0m double free or corruption (fasttop)
[2m[36m(launch_and_fit pid=398856)[0m corrupted size vs. prev_size in fastbins
[2m[36m(launch_and_fit pid=398857)[0m malloc_consolidate(): invalid chunk size
[2m[36m(launch_and_fit pid=398855)[0m double free or corruption (fasttop)
[2m[36m(launch_and_fit pid=398860)[0m malloc_consolidate(): invalid chunk size
[2m[36m(launch_and_fit pid=398858)[0m double free or corruption (fasttop)
[2m[36m(launch_and_fit pid=398852)[0m malloc_consolidate(): invalid chunk size
INFO flwr 2023-09-26 14:29:23,643 | fed_df.py:545 | Distillation training stopped at step number : 500
INFO flwr 2023-09-26 14:29:23,643 | fed_df.py:552 | Average fusion training loss : 0.028008907689712943, val accuracy : 0.6328, best val accuracy : 0.6574
INFO flwr 2023-09-26 14:29:23,644 | common.py:35 | Avg. local train loss : 4.2721795367077, train acc : 0.8614722222222222
INFO flwr 2023-09-26 14:29:26,497 | server.py:116 | fit progress: (15, 1.5508638061523436, {'server_test_acc': 0.6376}, 1468.5479474590102)
INFO flwr 2023-09-26 14:29:26,498 | server.py:163 | evaluate_round 15: no clients selected, cancel
DEBUG flwr 2023-09-26 14:29:29,582 | server.py:215 | fit_round 16: strategy sampled 8 clients (out of 20)
[2m[36m(launch_and_fit pid=502012)[0m malloc_consolidate(): invalid chunk size
[2m[36m(launch_and_fit pid=502016)[0m double free or corruption (fasttop)
DEBUG flwr 2023-09-26 14:30:38,253 | server.py:229 | fit_round 16 received 8 results and 0 failures
INFO flwr 2023-09-26 14:30:38,401 | fed_df.py:465 | Performing server side distillation training...
[2m[36m(launch_and_fit pid=502012)[0m Fitting Client 11
[2m[36m(launch_and_fit pid=502009)[0m Fitting Client 10
[2m[36m(launch_and_fit pid=502010)[0m Fitting Client 17
[2m[36m(launch_and_fit pid=502015)[0m Fitting Client 18
[2m[36m(launch_and_fit pid=502014)[0m Fitting Client 12
[2m[36m(launch_and_fit pid=502018)[0m Fitting Client 9
[2m[36m(launch_and_fit pid=502017)[0m Fitting Client 7
[2m[36m(launch_and_fit pid=502016)[0m Fitting Client 15
[2m[36m(launch_and_fit pid=502018)[0m double free or corruption (fasttop)
[2m[36m(launch_and_fit pid=502009)[0m malloc_consolidate(): invalid chunk size
[2m[36m(launch_and_fit pid=502010)[0m double free or corruption (fasttop)
[2m[36m(launch_and_fit pid=502017)[0m double free or corruption (fasttop)
[2m[36m(launch_and_fit pid=502014)[0m double free or corruption (fasttop)
[2m[36m(launch_and_fit pid=502015)[0m double free or corruption (fasttop)
E0926 14:30:41.840462832  594064 chttp2_transport.cc:1079]             ipv4:145.136.62.44:64734: Received a GOAWAY with error code ENHANCE_YOUR_CALM and debug data equal to "too_many_pings". Current keepalive time (before throttling): 983040000ms
INFO flwr 2023-09-26 14:31:00,598 | fed_df.py:545 | Distillation training stopped at step number : 500
INFO flwr 2023-09-26 14:31:00,599 | fed_df.py:552 | Average fusion training loss : 0.01672446616459638, val accuracy : 0.6092363636363637, best val accuracy : 0.6436
INFO flwr 2023-09-26 14:31:00,600 | common.py:35 | Avg. local train loss : 4.073958583176136, train acc : 0.8808541666666666
INFO flwr 2023-09-26 14:31:03,524 | server.py:116 | fit progress: (16, 1.5753957946777344, {'server_test_acc': 0.6207}, 1565.5747010990017)
INFO flwr 2023-09-26 14:31:03,524 | server.py:163 | evaluate_round 16: no clients selected, cancel
DEBUG flwr 2023-09-26 14:31:06,597 | server.py:215 | fit_round 17: strategy sampled 8 clients (out of 20)
[2m[36m(launch_and_fit pid=605293)[0m malloc_consolidate(): invalid chunk size
[2m[36m(launch_and_fit pid=605284)[0m malloc_consolidate(): invalid chunk size
[2m[36m(launch_and_fit pid=605288)[0m malloc_consolidate(): invalid chunk size
[2m[36m(launch_and_fit pid=605294)[0m malloc_consolidate(): invalid chunk size
[2m[36m(launch_and_fit pid=605295)[0m malloc_consolidate(): invalid chunk size
[2m[36m(launch_and_fit pid=605292)[0m double free or corruption (fasttop)
DEBUG flwr 2023-09-26 14:32:16,608 | server.py:229 | fit_round 17 received 8 results and 0 failures
INFO flwr 2023-09-26 14:32:16,756 | fed_df.py:465 | Performing server side distillation training...
[2m[36m(launch_and_fit pid=605288)[0m Fitting Client 9
[2m[36m(launch_and_fit pid=605284)[0m Fitting Client 15
[2m[36m(launch_and_fit pid=605287)[0m Fitting Client 1
[2m[36m(launch_and_fit pid=605292)[0m Fitting Client 0
[2m[36m(launch_and_fit pid=605294)[0m Fitting Client 11
[2m[36m(launch_and_fit pid=605293)[0m Fitting Client 16
[2m[36m(launch_and_fit pid=605291)[0m Fitting Client 17
[2m[36m(launch_and_fit pid=605295)[0m Fitting Client 14
[2m[36m(launch_and_fit pid=605291)[0m malloc_consolidate(): invalid chunk size
[2m[36m(launch_and_fit pid=605287)[0m malloc_consolidate(): invalid chunk size
INFO flwr 2023-09-26 14:32:38,960 | fed_df.py:545 | Distillation training stopped at step number : 500
INFO flwr 2023-09-26 14:32:38,960 | fed_df.py:552 | Average fusion training loss : 0.01593769678194076, val accuracy : 0.6059272727272728, best val accuracy : 0.6522
INFO flwr 2023-09-26 14:32:38,961 | common.py:35 | Avg. local train loss : 4.174353169836104, train acc : 0.8730708333333334
INFO flwr 2023-09-26 14:32:41,828 | server.py:116 | fit progress: (17, 1.552433352661133, {'server_test_acc': 0.6288}, 1663.8786980470031)
INFO flwr 2023-09-26 14:32:41,828 | server.py:163 | evaluate_round 17: no clients selected, cancel
DEBUG flwr 2023-09-26 14:32:44,888 | server.py:215 | fit_round 18: strategy sampled 8 clients (out of 20)
[2m[36m(launch_and_fit pid=708473)[0m malloc_consolidate(): invalid chunk size
[2m[36m(launch_and_fit pid=708476)[0m malloc_consolidate(): invalid chunk size
[2m[36m(launch_and_fit pid=708479)[0m malloc_consolidate(): invalid chunk size
DEBUG flwr 2023-09-26 14:33:53,701 | server.py:229 | fit_round 18 received 8 results and 0 failures
INFO flwr 2023-09-26 14:33:53,850 | fed_df.py:465 | Performing server side distillation training...
[2m[36m(launch_and_fit pid=708474)[0m malloc_consolidate(): invalid chunk size
[2m[36m(launch_and_fit pid=708482)[0m malloc_consolidate(): invalid chunk size
[2m[36m(launch_and_fit pid=708473)[0m Fitting Client 3
[2m[36m(launch_and_fit pid=708476)[0m Fitting Client 12
[2m[36m(launch_and_fit pid=708480)[0m Fitting Client 14
[2m[36m(launch_and_fit pid=708482)[0m Fitting Client 7
[2m[36m(launch_and_fit pid=708479)[0m Fitting Client 2
[2m[36m(launch_and_fit pid=708481)[0m Fitting Client 19
[2m[36m(launch_and_fit pid=708478)[0m Fitting Client 10
[2m[36m(launch_and_fit pid=708474)[0m Fitting Client 16
[2m[36m(launch_and_fit pid=708480)[0m double free or corruption (fasttop)
[2m[36m(launch_and_fit pid=708481)[0m malloc_consolidate(): invalid chunk size
[2m[36m(launch_and_fit pid=708478)[0m double free or corruption (fasttop)
E0926 14:33:56.159604957  800678 chttp2_transport.cc:1079]             ipv4:145.136.62.44:64734: Received a GOAWAY with error code ENHANCE_YOUR_CALM and debug data equal to "too_many_pings". Current keepalive time (before throttling): 1966080000ms
INFO flwr 2023-09-26 14:34:16,061 | fed_df.py:545 | Distillation training stopped at step number : 500
INFO flwr 2023-09-26 14:34:16,061 | fed_df.py:552 | Average fusion training loss : 0.014262758097611367, val accuracy : 0.6119818181818182, best val accuracy : 0.6498
INFO flwr 2023-09-26 14:34:16,062 | common.py:35 | Avg. local train loss : 4.06037908885628, train acc : 0.8828750000000001
INFO flwr 2023-09-26 14:34:18,941 | server.py:116 | fit progress: (18, 1.58204033203125, {'server_test_acc': 0.6334}, 1760.9918751610094)
INFO flwr 2023-09-26 14:34:18,941 | server.py:163 | evaluate_round 18: no clients selected, cancel
DEBUG flwr 2023-09-26 14:34:22,017 | server.py:215 | fit_round 19: strategy sampled 8 clients (out of 20)
[2m[36m(launch_and_fit pid=811592)[0m malloc_consolidate(): invalid chunk size
DEBUG flwr 2023-09-26 14:35:31,212 | server.py:229 | fit_round 19 received 8 results and 0 failures
[2m[36m(launch_and_fit pid=811584)[0m double free or corruption (fasttop)
INFO flwr 2023-09-26 14:35:31,361 | fed_df.py:465 | Performing server side distillation training...
[2m[36m(launch_and_fit pid=811584)[0m Fitting Client 16
[2m[36m(launch_and_fit pid=811590)[0m Fitting Client 1
[2m[36m(launch_and_fit pid=811585)[0m Fitting Client 11
[2m[36m(launch_and_fit pid=811588)[0m Fitting Client 14
[2m[36m(launch_and_fit pid=811587)[0m Fitting Client 17
[2m[36m(launch_and_fit pid=811589)[0m Fitting Client 10
[2m[36m(launch_and_fit pid=811592)[0m Fitting Client 8
[2m[36m(launch_and_fit pid=811591)[0m Fitting Client 6
[2m[36m(launch_and_fit pid=811587)[0m double free or corruption (fasttop)
[2m[36m(launch_and_fit pid=811588)[0m malloc_consolidate(): invalid chunk size
[2m[36m(launch_and_fit pid=811590)[0m malloc_consolidate(): invalid chunk size
[2m[36m(launch_and_fit pid=811589)[0m malloc_consolidate(): invalid chunk size
[2m[36m(launch_and_fit pid=811585)[0m double free or corruption (fasttop)
E0926 14:35:32.891576030  902419 chttp2_transport.cc:1079]             ipv4:145.136.62.44:64734: Received a GOAWAY with error code ENHANCE_YOUR_CALM and debug data equal to "too_many_pings". Current keepalive time (before throttling): ∞
E0926 14:35:32.891638665  902419 chttp2_transport.cc:1079]             ipv4:145.136.62.44:64734: Received a GOAWAY with error code ENHANCE_YOUR_CALM and debug data equal to "too_many_pings". Current keepalive time (before throttling): ∞
[2m[36m(launch_and_fit pid=811591)[0m malloc_consolidate(): invalid chunk size
INFO flwr 2023-09-26 14:35:53,551 | fed_df.py:545 | Distillation training stopped at step number : 500
INFO flwr 2023-09-26 14:35:53,552 | fed_df.py:552 | Average fusion training loss : 0.013441696228459478, val accuracy : 0.6429454545454545, best val accuracy : 0.675
INFO flwr 2023-09-26 14:35:53,553 | common.py:35 | Avg. local train loss : 4.103257840499282, train acc : 0.87835
INFO flwr 2023-09-26 14:35:56,418 | server.py:116 | fit progress: (19, 1.5278612243652343, {'server_test_acc': 0.6636}, 1858.4682085660024)
INFO flwr 2023-09-26 14:35:56,418 | server.py:163 | evaluate_round 19: no clients selected, cancel
DEBUG flwr 2023-09-26 14:35:59,480 | server.py:215 | fit_round 20: strategy sampled 8 clients (out of 20)
[2m[36m(launch_and_fit pid=914756)[0m double free or corruption (fasttop)
[2m[36m(launch_and_fit pid=914749)[0m malloc_consolidate(): invalid chunk size
DEBUG flwr 2023-09-26 14:37:08,211 | server.py:229 | fit_round 20 received 8 results and 0 failures
INFO flwr 2023-09-26 14:37:08,319 | fed_df.py:367 | Warm start at round 20
INFO flwr 2023-09-26 14:37:08,416 | fed_df.py:465 | Performing server side distillation training...
[2m[36m(launch_and_fit pid=914749)[0m Fitting Client 12
[2m[36m(launch_and_fit pid=914746)[0m Fitting Client 10
[2m[36m(launch_and_fit pid=914748)[0m Fitting Client 9
[2m[36m(launch_and_fit pid=914752)[0m Fitting Client 16
[2m[36m(launch_and_fit pid=914756)[0m Fitting Client 0
[2m[36m(launch_and_fit pid=914751)[0m Fitting Client 11
[2m[36m(launch_and_fit pid=914755)[0m Fitting Client 5
[2m[36m(launch_and_fit pid=914744)[0m Fitting Client 7
[2m[36m(launch_and_fit pid=914746)[0m malloc_consolidate(): invalid chunk size
[2m[36m(launch_and_fit pid=914751)[0m double free or corruption (fasttop)
[2m[36m(launch_and_fit pid=914748)[0m corrupted size vs. prev_size in fastbins
[2m[36m(launch_and_fit pid=914755)[0m double free or corruption (fasttop)
E0926 14:37:09.751456337 1005934 chttp2_transport.cc:1079]             ipv4:145.136.62.44:64734: Received a GOAWAY with error code ENHANCE_YOUR_CALM and debug data equal to "too_many_pings". Current keepalive time (before throttling): ∞
E0926 14:37:09.751571430 1005934 chttp2_transport.cc:1079]             ipv4:145.136.62.44:64734: Received a GOAWAY with error code ENHANCE_YOUR_CALM and debug data equal to "too_many_pings". Current keepalive time (before throttling): ∞
E0926 14:37:09.751589175 1005934 chttp2_transport.cc:1079]             ipv4:145.136.62.44:64734: Received a GOAWAY with error code ENHANCE_YOUR_CALM and debug data equal to "too_many_pings". Current keepalive time (before throttling): ∞
E0926 14:37:09.751600094 1005934 chttp2_transport.cc:1079]             ipv4:145.136.62.44:64734: Received a GOAWAY with error code ENHANCE_YOUR_CALM and debug data equal to "too_many_pings". Current keepalive time (before throttling): ∞
E0926 14:37:09.751615159 1005934 chttp2_transport.cc:1079]             ipv4:145.136.62.44:64734: Received a GOAWAY with error code ENHANCE_YOUR_CALM and debug data equal to "too_many_pings". Current keepalive time (before throttling): ∞
[2m[36m(launch_and_fit pid=914752)[0m malloc_consolidate(): invalid chunk size
[2m[36m(launch_and_fit pid=914744)[0m malloc_consolidate(): invalid chunk size
INFO flwr 2023-09-26 14:37:30,624 | fed_df.py:545 | Distillation training stopped at step number : 500
INFO flwr 2023-09-26 14:37:30,625 | fed_df.py:552 | Average fusion training loss : 0.025594659904949368, val accuracy : 0.655309090909091, best val accuracy : 0.6876
INFO flwr 2023-09-26 14:37:30,626 | common.py:35 | Avg. local train loss : 4.284451737254858, train acc : 0.861976388888889
INFO flwr 2023-09-26 14:37:33,593 | server.py:116 | fit progress: (20, 1.5095798614501954, {'server_test_acc': 0.6726}, 1955.6437485990027)
INFO flwr 2023-09-26 14:37:33,593 | server.py:163 | evaluate_round 20: no clients selected, cancel
DEBUG flwr 2023-09-26 14:37:36,691 | server.py:215 | fit_round 21: strategy sampled 8 clients (out of 20)
[2m[36m(launch_and_fit pid=1018227)[0m malloc_consolidate(): invalid chunk size
[2m[36m(launch_and_fit pid=1018229)[0m double free or corruption (fasttop)
DEBUG flwr 2023-09-26 14:38:45,858 | server.py:229 | fit_round 21 received 8 results and 0 failures
INFO flwr 2023-09-26 14:38:46,006 | fed_df.py:465 | Performing server side distillation training...
[2m[36m(launch_and_fit pid=1018229)[0m Fitting Client 2
[2m[36m(launch_and_fit pid=1018227)[0m Fitting Client 3
[2m[36m(launch_and_fit pid=1018232)[0m Fitting Client 11
[2m[36m(launch_and_fit pid=1018233)[0m Fitting Client 12
[2m[36m(launch_and_fit pid=1018234)[0m Fitting Client 10
[2m[36m(launch_and_fit pid=1018235)[0m Fitting Client 7
[2m[36m(launch_and_fit pid=1018236)[0m Fitting Client 5
[2m[36m(launch_and_fit pid=1018237)[0m Fitting Client 16
[2m[36m(launch_and_fit pid=1018233)[0m malloc_consolidate(): invalid chunk size
[2m[36m(launch_and_fit pid=1018232)[0m malloc_consolidate(): invalid chunk size
[2m[36m(launch_and_fit pid=1018237)[0m double free or corruption (fasttop)
E0926 14:38:47.374124806 1108223 chttp2_transport.cc:1079]             ipv4:145.136.62.44:64734: Received a GOAWAY with error code ENHANCE_YOUR_CALM and debug data equal to "too_many_pings". Current keepalive time (before throttling): ∞
E0926 14:38:47.374252410 1108223 chttp2_transport.cc:1079]             ipv4:145.136.62.44:64734: Received a GOAWAY with error code ENHANCE_YOUR_CALM and debug data equal to "too_many_pings". Current keepalive time (before throttling): ∞
[2m[36m(launch_and_fit pid=1018234)[0m double free or corruption (fasttop)
[2m[36m(launch_and_fit pid=1018235)[0m double free or corruption (fasttop)
[2m[36m(launch_and_fit pid=1018236)[0m malloc_consolidate(): invalid chunk size
INFO flwr 2023-09-26 14:39:08,308 | fed_df.py:545 | Distillation training stopped at step number : 500
INFO flwr 2023-09-26 14:39:08,308 | fed_df.py:552 | Average fusion training loss : 0.012704002466984093, val accuracy : 0.6638363636363637, best val accuracy : 0.6796
INFO flwr 2023-09-26 14:39:08,309 | common.py:35 | Avg. local train loss : 4.112060600891708, train acc : 0.8843055555555556
INFO flwr 2023-09-26 14:39:11,159 | server.py:116 | fit progress: (21, 1.52637685546875, {'server_test_acc': 0.6697}, 2053.2096103710064)
INFO flwr 2023-09-26 14:39:11,159 | server.py:163 | evaluate_round 21: no clients selected, cancel
DEBUG flwr 2023-09-26 14:39:14,297 | server.py:215 | fit_round 22: strategy sampled 8 clients (out of 20)
[2m[36m(launch_and_fit pid=1121574)[0m double free or corruption (fasttop)
[2m[36m(launch_and_fit pid=1121573)[0m double free or corruption (fasttop)
DEBUG flwr 2023-09-26 14:40:23,343 | server.py:229 | fit_round 22 received 8 results and 0 failures
[2m[36m(launch_and_fit pid=1121567)[0m malloc_consolidate(): invalid chunk size
INFO flwr 2023-09-26 14:40:23,492 | fed_df.py:465 | Performing server side distillation training...
[2m[36m(launch_and_fit pid=1121565)[0m Fitting Client 12
[2m[36m(launch_and_fit pid=1121567)[0m Fitting Client 3
[2m[36m(launch_and_fit pid=1121570)[0m Fitting Client 17
[2m[36m(launch_and_fit pid=1121571)[0m Fitting Client 0
[2m[36m(launch_and_fit pid=1121572)[0m Fitting Client 14
[2m[36m(launch_and_fit pid=1121574)[0m Fitting Client 4
[2m[36m(launch_and_fit pid=1121575)[0m Fitting Client 1
[2m[36m(launch_and_fit pid=1121573)[0m Fitting Client 19
[2m[36m(launch_and_fit pid=1121565)[0m malloc_consolidate(): invalid chunk size
[2m[36m(launch_and_fit pid=1121572)[0m malloc_consolidate(): invalid chunk size
E0926 14:40:24.488713853 1109528 chttp2_transport.cc:1079]             ipv4:145.136.62.44:64734: Received a GOAWAY with error code ENHANCE_YOUR_CALM and debug data equal to "too_many_pings". Current keepalive time (before throttling): ∞
E0926 14:40:24.488764999 1109528 chttp2_transport.cc:1079]             ipv4:145.136.62.44:64734: Received a GOAWAY with error code ENHANCE_YOUR_CALM and debug data equal to "too_many_pings". Current keepalive time (before throttling): ∞
E0926 14:40:24.488775908 1109528 chttp2_transport.cc:1079]             ipv4:145.136.62.44:64734: Received a GOAWAY with error code ENHANCE_YOUR_CALM and debug data equal to "too_many_pings". Current keepalive time (before throttling): ∞
E0926 14:40:24.488784401 1109528 chttp2_transport.cc:1079]             ipv4:145.136.62.44:64734: Received a GOAWAY with error code ENHANCE_YOUR_CALM and debug data equal to "too_many_pings". Current keepalive time (before throttling): ∞
E0926 14:40:24.488792398 1109528 chttp2_transport.cc:1079]             ipv4:145.136.62.44:64734: Received a GOAWAY with error code ENHANCE_YOUR_CALM and debug data equal to "too_many_pings". Current keepalive time (before throttling): ∞
E0926 14:40:24.488800237 1109528 chttp2_transport.cc:1079]             ipv4:145.136.62.44:64734: Received a GOAWAY with error code ENHANCE_YOUR_CALM and debug data equal to "too_many_pings". Current keepalive time (before throttling): ∞
[2m[36m(launch_and_fit pid=1121571)[0m malloc_consolidate(): invalid chunk size
[2m[36m(launch_and_fit pid=1121570)[0m double free or corruption (fasttop)
[2m[36m(launch_and_fit pid=1121575)[0m malloc_consolidate(): invalid chunk size
INFO flwr 2023-09-26 14:40:45,902 | fed_df.py:545 | Distillation training stopped at step number : 500
INFO flwr 2023-09-26 14:40:45,902 | fed_df.py:552 | Average fusion training loss : 0.014880738959647715, val accuracy : 0.6386727272727273, best val accuracy : 0.6886
INFO flwr 2023-09-26 14:40:45,903 | common.py:35 | Avg. local train loss : 3.9581941191107037, train acc : 0.8944
INFO flwr 2023-09-26 14:40:48,892 | server.py:116 | fit progress: (22, 1.5605366455078125, {'server_test_acc': 0.6769}, 2150.9426924270083)
INFO flwr 2023-09-26 14:40:48,892 | server.py:163 | evaluate_round 22: no clients selected, cancel
DEBUG flwr 2023-09-26 14:40:51,930 | server.py:215 | fit_round 23: strategy sampled 8 clients (out of 20)
[2m[36m(launch_and_fit pid=1236447)[0m malloc_consolidate(): invalid chunk size
[2m[36m(launch_and_fit pid=1236405)[0m malloc_consolidate(): invalid chunk size
DEBUG flwr 2023-09-26 14:42:00,967 | server.py:229 | fit_round 23 received 8 results and 0 failures
INFO flwr 2023-09-26 14:42:01,118 | fed_df.py:465 | Performing server side distillation training...
[2m[36m(launch_and_fit pid=1236443)[0m double free or corruption (fasttop)
[2m[36m(launch_and_fit pid=1236405)[0m Fitting Client 4
[2m[36m(launch_and_fit pid=1236441)[0m Fitting Client 3
[2m[36m(launch_and_fit pid=1236443)[0m Fitting Client 6
[2m[36m(launch_and_fit pid=1236447)[0m Fitting Client 11
[2m[36m(launch_and_fit pid=1236448)[0m Fitting Client 17
[2m[36m(launch_and_fit pid=1236442)[0m Fitting Client 9
[2m[36m(launch_and_fit pid=1236403)[0m Fitting Client 19
[2m[36m(launch_and_fit pid=1236449)[0m Fitting Client 16
E0926 14:42:01.507012245 1215819 chttp2_transport.cc:1079]             ipv4:145.136.62.44:64734: Received a GOAWAY with error code ENHANCE_YOUR_CALM and debug data equal to "too_many_pings". Current keepalive time (before throttling): ∞
[2m[36m(launch_and_fit pid=1236441)[0m malloc_consolidate(): invalid chunk size
[2m[36m(launch_and_fit pid=1236403)[0m malloc_consolidate(): invalid chunk size
[2m[36m(launch_and_fit pid=1236448)[0m malloc_consolidate(): invalid chunk size
[2m[36m(launch_and_fit pid=1236449)[0m malloc_consolidate(): invalid chunk size
[2m[36m(launch_and_fit pid=1236442)[0m malloc_consolidate(): invalid chunk size
INFO flwr 2023-09-26 14:42:23,554 | fed_df.py:545 | Distillation training stopped at step number : 500
INFO flwr 2023-09-26 14:42:23,555 | fed_df.py:552 | Average fusion training loss : 0.014039519421756267, val accuracy : 0.6291090909090908, best val accuracy : 0.6704
INFO flwr 2023-09-26 14:42:23,556 | common.py:35 | Avg. local train loss : 3.939528779312968, train acc : 0.8964333333333334
INFO flwr 2023-09-26 14:42:26,455 | server.py:116 | fit progress: (23, 1.5999546142578125, {'server_test_acc': 0.6577}, 2248.505322924)
INFO flwr 2023-09-26 14:42:26,455 | server.py:163 | evaluate_round 23: no clients selected, cancel
DEBUG flwr 2023-09-26 14:42:29,519 | server.py:215 | fit_round 24: strategy sampled 8 clients (out of 20)
[2m[36m(launch_and_fit pid=1351851)[0m malloc_consolidate(): invalid chunk size
[2m[36m(launch_and_fit pid=1351844)[0m malloc_consolidate(): invalid chunk size
DEBUG flwr 2023-09-26 14:43:38,694 | server.py:229 | fit_round 24 received 8 results and 0 failures
INFO flwr 2023-09-26 14:43:38,846 | fed_df.py:465 | Performing server side distillation training...
[2m[36m(launch_and_fit pid=1351842)[0m Fitting Client 8
[2m[36m(launch_and_fit pid=1351841)[0m Fitting Client 4
[2m[36m(launch_and_fit pid=1351844)[0m Fitting Client 5
[2m[36m(launch_and_fit pid=1351847)[0m Fitting Client 1
[2m[36m(launch_and_fit pid=1351848)[0m Fitting Client 10
[2m[36m(launch_and_fit pid=1351851)[0m Fitting Client 9
[2m[36m(launch_and_fit pid=1351850)[0m Fitting Client 15
[2m[36m(launch_and_fit pid=1351849)[0m Fitting Client 2
[2m[36m(launch_and_fit pid=1351847)[0m double free or corruption (fasttop)
[2m[36m(launch_and_fit pid=1351848)[0m malloc_consolidate(): invalid chunk size
[2m[36m(launch_and_fit pid=1351850)[0m malloc_consolidate(): invalid chunk size
[2m[36m(launch_and_fit pid=1351841)[0m malloc_consolidate(): invalid chunk size
[2m[36m(launch_and_fit pid=1351849)[0m double free or corruption (fasttop)
[2m[36m(launch_and_fit pid=1351842)[0m malloc_consolidate(): invalid chunk size
E0926 14:43:43.078730108 1443894 chttp2_transport.cc:1079]             ipv4:145.136.62.44:64734: Received a GOAWAY with error code ENHANCE_YOUR_CALM and debug data equal to "too_many_pings". Current keepalive time (before throttling): ∞
INFO flwr 2023-09-26 14:44:01,067 | fed_df.py:545 | Distillation training stopped at step number : 500
INFO flwr 2023-09-26 14:44:01,068 | fed_df.py:552 | Average fusion training loss : 0.013464418678544463, val accuracy : 0.6660909090909091, best val accuracy : 0.6868
INFO flwr 2023-09-26 14:44:01,069 | common.py:35 | Avg. local train loss : 4.138563038408756, train acc : 0.8808347222222221
INFO flwr 2023-09-26 14:44:04,016 | server.py:116 | fit progress: (24, 1.5516233215332031, {'server_test_acc': 0.6749}, 2346.0661846210132)
INFO flwr 2023-09-26 14:44:04,016 | server.py:163 | evaluate_round 24: no clients selected, cancel
DEBUG flwr 2023-09-26 14:44:07,078 | server.py:215 | fit_round 25: strategy sampled 8 clients (out of 20)
[2m[36m(launch_and_fit pid=1455270)[0m double free or corruption (fasttop)
[2m[36m(launch_and_fit pid=1455271)[0m malloc_consolidate(): invalid chunk size
[2m[36m(launch_and_fit pid=1455274)[0m double free or corruption (fasttop)
DEBUG flwr 2023-09-26 14:45:17,274 | server.py:229 | fit_round 25 received 8 results and 0 failures
INFO flwr 2023-09-26 14:45:17,383 | fed_df.py:367 | Warm start at round 25
[2m[36m(launch_and_fit pid=1455273)[0m malloc_consolidate(): invalid chunk size
INFO flwr 2023-09-26 14:45:17,480 | fed_df.py:465 | Performing server side distillation training...
[2m[36m(launch_and_fit pid=1455270)[0m Fitting Client 15
[2m[36m(launch_and_fit pid=1455271)[0m Fitting Client 17
[2m[36m(launch_and_fit pid=1455274)[0m Fitting Client 0
[2m[36m(launch_and_fit pid=1455272)[0m Fitting Client 4
[2m[36m(launch_and_fit pid=1455273)[0m Fitting Client 18
[2m[36m(launch_and_fit pid=1455265)[0m Fitting Client 9
[2m[36m(launch_and_fit pid=1455263)[0m Fitting Client 14
[2m[36m(launch_and_fit pid=1455268)[0m Fitting Client 6
[2m[36m(launch_and_fit pid=1455272)[0m malloc_consolidate(): invalid chunk size
[2m[36m(launch_and_fit pid=1455268)[0m malloc_consolidate(): invalid chunk size
[2m[36m(launch_and_fit pid=1455265)[0m malloc_consolidate(): invalid chunk size
E0926 14:45:18.786403613 1548355 chttp2_transport.cc:1079]             ipv4:145.136.62.44:64734: Received a GOAWAY with error code ENHANCE_YOUR_CALM and debug data equal to "too_many_pings". Current keepalive time (before throttling): ∞
[2m[36m(launch_and_fit pid=1455263)[0m malloc_consolidate(): invalid chunk size
INFO flwr 2023-09-26 14:45:39,688 | fed_df.py:545 | Distillation training stopped at step number : 500
INFO flwr 2023-09-26 14:45:39,689 | fed_df.py:552 | Average fusion training loss : 0.022340103172697127, val accuracy : 0.6699636363636364, best val accuracy : 0.6982
INFO flwr 2023-09-26 14:45:39,690 | common.py:35 | Avg. local train loss : 4.0459962174296376, train acc : 0.8848083333333334
INFO flwr 2023-09-26 14:45:42,583 | server.py:116 | fit progress: (25, 1.5773841033935547, {'server_test_acc': 0.6906}, 2444.6332353140024)
INFO flwr 2023-09-26 14:45:42,583 | server.py:163 | evaluate_round 25: no clients selected, cancel
DEBUG flwr 2023-09-26 14:45:45,668 | server.py:215 | fit_round 26: strategy sampled 8 clients (out of 20)
[2m[36m(launch_and_fit pid=1561376)[0m malloc_consolidate(): invalid chunk size
[2m[36m(launch_and_fit pid=1561378)[0m malloc_consolidate(): invalid chunk size
[2m[36m(launch_and_fit pid=1561373)[0m double free or corruption (fasttop)
[2m[36m(launch_and_fit pid=1561379)[0m malloc_consolidate(): invalid chunk size
DEBUG flwr 2023-09-26 14:46:54,840 | server.py:229 | fit_round 26 received 8 results and 0 failures
INFO flwr 2023-09-26 14:46:54,988 | fed_df.py:465 | Performing server side distillation training...
[2m[36m(launch_and_fit pid=1561368)[0m Fitting Client 12
[2m[36m(launch_and_fit pid=1561373)[0m Fitting Client 13
[2m[36m(launch_and_fit pid=1561370)[0m Fitting Client 15
[2m[36m(launch_and_fit pid=1561376)[0m Fitting Client 6
[2m[36m(launch_and_fit pid=1561375)[0m Fitting Client 1
[2m[36m(launch_and_fit pid=1561378)[0m Fitting Client 8
[2m[36m(launch_and_fit pid=1561379)[0m Fitting Client 9
[2m[36m(launch_and_fit pid=1561377)[0m Fitting Client 5
[2m[36m(launch_and_fit pid=1561370)[0m double free or corruption (fasttop)
E0926 14:46:55.727995776 1651045 chttp2_transport.cc:1079]             ipv4:145.136.62.44:64734: Received a GOAWAY with error code ENHANCE_YOUR_CALM and debug data equal to "too_many_pings". Current keepalive time (before throttling): ∞
[2m[36m(launch_and_fit pid=1561377)[0m double free or corruption (fasttop)
[2m[36m(launch_and_fit pid=1561375)[0m malloc_consolidate(): invalid chunk size
[2m[36m(launch_and_fit pid=1561368)[0m malloc_consolidate(): invalid chunk size
INFO flwr 2023-09-26 14:47:17,214 | fed_df.py:545 | Distillation training stopped at step number : 500
INFO flwr 2023-09-26 14:47:17,215 | fed_df.py:552 | Average fusion training loss : 0.014108338782563805, val accuracy : 0.6815272727272726, best val accuracy : 0.7028
INFO flwr 2023-09-26 14:47:17,216 | common.py:35 | Avg. local train loss : 4.075976284593343, train acc : 0.8907277777777777
INFO flwr 2023-09-26 14:47:20,086 | server.py:116 | fit progress: (26, 1.5505689819335937, {'server_test_acc': 0.6934}, 2542.13632615401)
INFO flwr 2023-09-26 14:47:20,086 | server.py:163 | evaluate_round 26: no clients selected, cancel
DEBUG flwr 2023-09-26 14:47:23,175 | server.py:215 | fit_round 27: strategy sampled 8 clients (out of 20)
[2m[36m(launch_and_fit pid=1664496)[0m malloc_consolidate(): invalid chunk size
DEBUG flwr 2023-09-26 14:48:31,739 | server.py:229 | fit_round 27 received 8 results and 0 failures
[2m[36m(launch_and_fit pid=1664493)[0m malloc_consolidate(): invalid chunk size
INFO flwr 2023-09-26 14:48:31,888 | fed_df.py:465 | Performing server side distillation training...
[2m[36m(launch_and_fit pid=1664496)[0m Fitting Client 3
[2m[36m(launch_and_fit pid=1664493)[0m Fitting Client 14
[2m[36m(launch_and_fit pid=1664500)[0m Fitting Client 8
[2m[36m(launch_and_fit pid=1664499)[0m Fitting Client 13
[2m[36m(launch_and_fit pid=1664502)[0m Fitting Client 6
[2m[36m(launch_and_fit pid=1664498)[0m Fitting Client 15
[2m[36m(launch_and_fit pid=1664503)[0m Fitting Client 4
[2m[36m(launch_and_fit pid=1664501)[0m Fitting Client 18
[2m[36m(launch_and_fit pid=1664498)[0m corrupted size vs. prev_size in fastbins
[2m[36m(launch_and_fit pid=1664503)[0m double free or corruption (fasttop)
[2m[36m(launch_and_fit pid=1664499)[0m malloc_consolidate(): invalid chunk size
E0926 14:48:33.345249517 1651696 chttp2_transport.cc:1079]             ipv4:145.136.62.44:64734: Received a GOAWAY with error code ENHANCE_YOUR_CALM and debug data equal to "too_many_pings". Current keepalive time (before throttling): ∞
[2m[36m(launch_and_fit pid=1664501)[0m malloc_consolidate(): invalid chunk size
[2m[36m(launch_and_fit pid=1664500)[0m double free or corruption (fasttop)
INFO flwr 2023-09-26 14:48:54,208 | fed_df.py:545 | Distillation training stopped at step number : 500
INFO flwr 2023-09-26 14:48:54,209 | fed_df.py:552 | Average fusion training loss : 0.014475500243715942, val accuracy : 0.671309090909091, best val accuracy : 0.6874
INFO flwr 2023-09-26 14:48:54,210 | common.py:35 | Avg. local train loss : 3.9533264972269535, train acc : 0.8986652777777776
INFO flwr 2023-09-26 14:48:57,106 | server.py:116 | fit progress: (27, 1.5649510620117189, {'server_test_acc': 0.6769}, 2639.156208395012)
INFO flwr 2023-09-26 14:48:57,106 | server.py:163 | evaluate_round 27: no clients selected, cancel
DEBUG flwr 2023-09-26 14:49:00,159 | server.py:215 | fit_round 28: strategy sampled 8 clients (out of 20)
[2m[36m(launch_and_fit pid=1767683)[0m malloc_consolidate(): invalid chunk size
[2m[36m(launch_and_fit pid=1767691)[0m malloc_consolidate(): invalid chunk size
DEBUG flwr 2023-09-26 14:50:09,081 | server.py:229 | fit_round 28 received 8 results and 0 failures
[2m[36m(launch_and_fit pid=1767690)[0m malloc_consolidate(): invalid chunk size
INFO flwr 2023-09-26 14:50:09,228 | fed_df.py:465 | Performing server side distillation training...
[2m[36m(launch_and_fit pid=1767682)[0m Fitting Client 7
[2m[36m(launch_and_fit pid=1767683)[0m Fitting Client 15
[2m[36m(launch_and_fit pid=1767687)[0m Fitting Client 13
[2m[36m(launch_and_fit pid=1767686)[0m Fitting Client 3
[2m[36m(launch_and_fit pid=1767688)[0m Fitting Client 9
[2m[36m(launch_and_fit pid=1767690)[0m Fitting Client 11
[2m[36m(launch_and_fit pid=1767689)[0m Fitting Client 14
[2m[36m(launch_and_fit pid=1767691)[0m Fitting Client 8
[2m[36m(launch_and_fit pid=1767682)[0m malloc_consolidate(): invalid chunk size
[2m[36m(launch_and_fit pid=1767689)[0m double free or corruption (fasttop)
E0926 14:50:10.509530562 1861454 chttp2_transport.cc:1079]             ipv4:145.136.62.44:64734: Received a GOAWAY with error code ENHANCE_YOUR_CALM and debug data equal to "too_many_pings". Current keepalive time (before throttling): ∞
[2m[36m(launch_and_fit pid=1767686)[0m malloc_consolidate(): invalid chunk size
[2m[36m(launch_and_fit pid=1767688)[0m double free or corruption (fasttop)
[2m[36m(launch_and_fit pid=1767687)[0m malloc_consolidate(): invalid chunk size
INFO flwr 2023-09-26 14:50:31,698 | fed_df.py:545 | Distillation training stopped at step number : 500
INFO flwr 2023-09-26 14:50:31,699 | fed_df.py:552 | Average fusion training loss : 0.01593649116717279, val accuracy : 0.6677272727272726, best val accuracy : 0.6898
INFO flwr 2023-09-26 14:50:31,700 | common.py:35 | Avg. local train loss : 4.008290487527847, train acc : 0.894573611111111
INFO flwr 2023-09-26 14:50:34,639 | server.py:116 | fit progress: (28, 1.551060906982422, {'server_test_acc': 0.6798}, 2736.6897995300096)
INFO flwr 2023-09-26 14:50:34,639 | server.py:163 | evaluate_round 28: no clients selected, cancel
DEBUG flwr 2023-09-26 14:50:37,701 | server.py:215 | fit_round 29: strategy sampled 8 clients (out of 20)
[2m[36m(launch_and_fit pid=1874048)[0m malloc_consolidate(): invalid chunk size
[2m[36m(launch_and_fit pid=1874045)[0m malloc_consolidate(): invalid chunk size
DEBUG flwr 2023-09-26 14:51:46,737 | server.py:229 | fit_round 29 received 8 results and 0 failures
INFO flwr 2023-09-26 14:51:46,885 | fed_df.py:465 | Performing server side distillation training...
[2m[36m(launch_and_fit pid=1874043)[0m Fitting Client 2
[2m[36m(launch_and_fit pid=1874045)[0m Fitting Client 18
[2m[36m(launch_and_fit pid=1874046)[0m Fitting Client 16
[2m[36m(launch_and_fit pid=1874047)[0m Fitting Client 13
[2m[36m(launch_and_fit pid=1874048)[0m Fitting Client 14
[2m[36m(launch_and_fit pid=1874049)[0m Fitting Client 15
[2m[36m(launch_and_fit pid=1874051)[0m Fitting Client 10
[2m[36m(launch_and_fit pid=1874050)[0m Fitting Client 3
E0926 14:51:47.294869484 1962859 chttp2_transport.cc:1079]             ipv4:145.136.62.44:64734: Received a GOAWAY with error code ENHANCE_YOUR_CALM and debug data equal to "too_many_pings". Current keepalive time (before throttling): ∞
[2m[36m(launch_and_fit pid=1874047)[0m malloc_consolidate(): invalid chunk size
[2m[36m(launch_and_fit pid=1874049)[0m double free or corruption (fasttop)
[2m[36m(launch_and_fit pid=1874050)[0m malloc_consolidate(): invalid chunk size
[2m[36m(launch_and_fit pid=1874051)[0m malloc_consolidate(): invalid chunk size
[2m[36m(launch_and_fit pid=1874046)[0m malloc_consolidate(): invalid chunk size
INFO flwr 2023-09-26 14:52:09,318 | fed_df.py:545 | Distillation training stopped at step number : 500
INFO flwr 2023-09-26 14:52:09,319 | fed_df.py:552 | Average fusion training loss : 0.017608006664551795, val accuracy : 0.6575454545454545, best val accuracy : 0.697
INFO flwr 2023-09-26 14:52:09,320 | common.py:35 | Avg. local train loss : 4.0331512436270724, train acc : 0.8907333333333333
INFO flwr 2023-09-26 14:52:12,214 | server.py:116 | fit progress: (29, 1.5369481048583984, {'server_test_acc': 0.682}, 2834.265051444003)
INFO flwr 2023-09-26 14:52:12,215 | server.py:163 | evaluate_round 29: no clients selected, cancel
DEBUG flwr 2023-09-26 14:52:15,291 | server.py:215 | fit_round 30: strategy sampled 8 clients (out of 20)
[2m[36m(launch_and_fit pid=1977508)[0m double free or corruption (fasttop)
[2m[36m(launch_and_fit pid=1977509)[0m malloc_consolidate(): invalid chunk size
[2m[36m(launch_and_fit pid=1977515)[0m malloc_consolidate(): invalid chunk size
[2m[36m(launch_and_fit pid=1977512)[0m double free or corruption (fasttop)
DEBUG flwr 2023-09-26 14:53:24,654 | server.py:229 | fit_round 30 received 8 results and 0 failures
INFO flwr 2023-09-26 14:53:24,762 | fed_df.py:367 | Warm start at round 30
INFO flwr 2023-09-26 14:53:24,860 | fed_df.py:465 | Performing server side distillation training...
[2m[36m(launch_and_fit pid=1977508)[0m Fitting Client 14
[2m[36m(launch_and_fit pid=1977509)[0m Fitting Client 4
[2m[36m(launch_and_fit pid=1977514)[0m Fitting Client 2
[2m[36m(launch_and_fit pid=1977518)[0m Fitting Client 9
[2m[36m(launch_and_fit pid=1977512)[0m Fitting Client 10
[2m[36m(launch_and_fit pid=1977517)[0m Fitting Client 18
[2m[36m(launch_and_fit pid=1977516)[0m Fitting Client 19
[2m[36m(launch_and_fit pid=1977515)[0m Fitting Client 8
E0926 14:53:25.284231176 1963981 chttp2_transport.cc:1079]             ipv4:145.136.62.44:64734: Received a GOAWAY with error code ENHANCE_YOUR_CALM and debug data equal to "too_many_pings". Current keepalive time (before throttling): ∞
[2m[36m(launch_and_fit pid=1977514)[0m malloc_consolidate(): invalid chunk size
[2m[36m(launch_and_fit pid=1977518)[0m double free or corruption (fasttop)
[2m[36m(launch_and_fit pid=1977517)[0m double free or corruption (fasttop)
INFO flwr 2023-09-26 14:53:47,172 | fed_df.py:545 | Distillation training stopped at step number : 500
INFO flwr 2023-09-26 14:53:47,173 | fed_df.py:552 | Average fusion training loss : 0.02032239176519215, val accuracy : 0.6620181818181818, best val accuracy : 0.6808
INFO flwr 2023-09-26 14:53:47,174 | common.py:35 | Avg. local train loss : 3.7340652782469994, train acc : 0.9139875
INFO flwr 2023-09-26 14:53:50,090 | server.py:116 | fit progress: (30, 1.5091304962158203, {'server_test_acc': 0.6745}, 2932.1407558300125)
INFO flwr 2023-09-26 14:53:50,090 | server.py:163 | evaluate_round 30: no clients selected, cancel
INFO flwr 2023-09-26 14:53:50,090 | server.py:144 | FL finished in 2932.141090932011
INFO flwr 2023-09-26 14:53:50,091 | app.py:202 | app_fit: losses_distributed []
INFO flwr 2023-09-26 14:53:50,092 | app.py:203 | app_fit: metrics_distributed {}
INFO flwr 2023-09-26 14:53:50,092 | app.py:204 | app_fit: losses_centralized [(0, 2.319245477294922), (1, 1.6856603912353516), (2, 1.472919561767578), (3, 1.6221676177978515), (4, 1.5898728424072266), (5, 1.4292751556396484), (6, 1.480141439819336), (7, 1.452855551147461), (8, 1.4365733673095704), (9, 1.4580697052001954), (10, 1.4356693572998047), (11, 1.4301299285888671), (12, 1.4074366546630859), (13, 1.453168963623047), (14, 1.4614805755615234), (15, 1.5508638061523436), (16, 1.5753957946777344), (17, 1.552433352661133), (18, 1.58204033203125), (19, 1.5278612243652343), (20, 1.5095798614501954), (21, 1.52637685546875), (22, 1.5605366455078125), (23, 1.5999546142578125), (24, 1.5516233215332031), (25, 1.5773841033935547), (26, 1.5505689819335937), (27, 1.5649510620117189), (28, 1.551060906982422), (29, 1.5369481048583984), (30, 1.5091304962158203)]
INFO flwr 2023-09-26 14:53:50,092 | app.py:205 | app_fit: metrics_centralized {'server_test_acc': [(0, 0.0811), (1, 0.4178), (2, 0.4872), (3, 0.4772), (4, 0.4567), (5, 0.5293), (6, 0.5748), (7, 0.5665), (8, 0.596), (9, 0.5677), (10, 0.6189), (11, 0.633), (12, 0.6416), (13, 0.6154), (14, 0.6318), (15, 0.6376), (16, 0.6207), (17, 0.6288), (18, 0.6334), (19, 0.6636), (20, 0.6726), (21, 0.6697), (22, 0.6769), (23, 0.6577), (24, 0.6749), (25, 0.6906), (26, 0.6934), (27, 0.6769), (28, 0.6798), (29, 0.682), (30, 0.6745)]}
malloc_consolidate(): invalid chunk size
srun: error: gcn44: task 0: Aborted
srun: Terminating StepId=3930266.0
-----EXPERIMENT ENDS-----
-----CLEANING UP DISK------
-----END-----

JOB STATISTICS
==============
Job ID: 3930266
Cluster: snellius
User/Group: sunnys/sunnys
State: COMPLETED (exit code 0)
Nodes: 1
Cores per node: 18
CPU Utilized: 01:37:37
CPU Efficiency: 10.89% of 14:56:06 core-walltime
Job Wall-clock time: 00:49:47
Memory Utilized: 23.29 GB
Memory Efficiency: 19.41% of 120.00 GB
