-----BEGIN-----
-----SETTINGS-----
TOTAL CROPS:25000
STRATEGY:feddf
MODEL_NAME:resnet8
NUM_CLIENTS:20
NUM_ROUNDS:30
FRACTION_FIT:0.4
FRACTION_EVALUATE:0.0
DATASET_NAME:cifar100
PARTITION_ALPHA:1.0
PARTITION_VAL_RATIO:0.1
BATCH_SIZE:512
LOCAL_EPOCHS:10
LOCAL_LR:0.01
DISTILL_BATCH_SIZE:512
SERVER_LR:0.005
SERVER_STEPS:250
SERVER_EARLY_STEPS:1000
USE_EARLY_STOPPING:False
USE_ADAPTIVE_LR:False
USE_ADAPTIVE_LR_ROUND:False
SEED:84
CUDA_DETERMINISTIC:False
USE_CROPS:True
IMG_NAME:ameyoko.jpg
DISTILL_DATASET:organamnist
DISTILL_ALPHA:1.0
NUM_DISTILL_IMAGES:5000
DISTILL_TRANSFORMS:v0
WARM_START:True
WARM_START_ROUNDS:1
WARM_START_INTERVAL:5
KMEANS_N_CLUSTER:1000
KMEANS_HEURISTICS:easy
KMEANS_MIXED_FACTOR:50-50
KMEANS_BALANCING:0.05
CONFIDENCE_THRESHOLD:0.5
CONFIDENCE_STRATEGY:top
CONFIDENCE_ADAPTIVE:False
CONFIDENCE_MAX_THRESH:0.5
CLIPPING_FACTOR:2.5
FEDPROX_FACTOR:0.0
FEDPROX_ADAPTIVE:False
USE_CLIPPING:True
USE_ENTROPY:False
USE_KMEANS:True
USE_FEDPROX:False
-----SETTINGS END-----
-----EXPERIMENT BEGINS-----
---------
Generating crops for FedDF
Namespace(img_size=32, batch_size=32, num_imgs=25000, threads=18, vflip=False, deg=30, shear=30, cropfirst=True, initcrop=0.5, scale=[500, 1], randinterp=False, debug=False, imgpath='./static/single_images/ameyoko.jpg', targetpath='/scratch-local/sunnys.3423136/1692458095_567916331', seed=84, img_per_thread=1388)
will save 25000 patches in /scratch-local/sunnys.3423136/1692458095_567916331/single_img_crops/crops
25000 took 0.37min with 18 threads
---------
Simulating feddf training
INFO simulate 2023-08-19 17:15:29,254 | simulate.py:50 | Python script started : simulate.py
DEBUG simulate 2023-08-19 17:15:29,254 | simulate.py:55 | Reading args from argument parser
Downloading https://www.cs.toronto.edu/~kriz/cifar-100-python.tar.gz to /scratch-local/sunnys.3423136/1692458095_567916331/cifar-100-python.tar.gz
Extracting /scratch-local/sunnys.3423136/1692458095_567916331/cifar-100-python.tar.gz to /scratch-local/sunnys.3423136/1692458095_567916331
Generating unified cifar100 dataset
Class histogram for 0-th partition (alpha=1.0, 100 classes): [ 29  16  30 102   3  22  45   3   3   8   0  48  24  15   6   3  16  24
   7  31  42  37  15  10  71  21   7  12  12   3  53  26  71  22  34  53
  10  40  24  25  13  56  78   3  23  47  18  99   1  53  40   6  35  30
  43  49   0   7  17  14  26  23   3  21  17  26   2  63  26  11   0  13
   0  31   1  18  34  50  12   8   4   3  10  45  22  11   0  12 105  62
  26  26  24  22  30   1  18  27  12   0]
INFO flwr 2023-08-19 17:16:00,051 | app.py:145 | Starting Flower simulation, config: ServerConfig(num_rounds=30, round_timeout=None)
2023-08-19 17:16:02,539	INFO worker.py:1529 -- Started a local Ray instance. View the dashboard at [1m[32m127.0.0.1:8266 [39m[22m
INFO flwr 2023-08-19 17:16:04,824 | app.py:179 | Flower VCE: Ray initialized with resources: {'GPU': 1.0, 'node:145.136.62.47': 1.0, 'accelerator_type:A100': 1.0, 'CPU': 18.0, 'memory': 103079215104.0, 'object_store_memory': 61847529062.0}
INFO flwr 2023-08-19 17:16:04,825 | server.py:86 | Initializing global parameters
INFO flwr 2023-08-19 17:16:04,825 | server.py:266 | Using initial parameters provided by strategy
INFO flwr 2023-08-19 17:16:04,825 | server.py:88 | Evaluating initial parameters
INFO flwr 2023-08-19 17:16:13,958 | server.py:91 | initial parameters (loss, other metrics): 4.651723132324219, {'server_test_acc': 0.0095}
INFO flwr 2023-08-19 17:16:13,958 | server.py:101 | FL starting
DEBUG flwr 2023-08-19 17:16:18,731 | server.py:215 | fit_round 1: strategy sampled 8 clients (out of 20)
[2m[36m(launch_and_fit pid=433337)[0m malloc_consolidate(): invalid chunk size
DEBUG flwr 2023-08-19 17:16:56,849 | server.py:229 | fit_round 1 received 8 results and 0 failures
[2m[36m(launch_and_fit pid=433342)[0m double free or corruption (fasttop)
INFO flwr 2023-08-19 17:16:56,963 | fed_df.py:365 | Warm start at round 1
INFO flwr 2023-08-19 17:16:57,060 | fed_df.py:463 | Performing server side distillation training...
[2m[36m(launch_and_fit pid=433340)[0m Fitting Client 14
[2m[36m(launch_and_fit pid=433336)[0m Fitting Client 6
[2m[36m(launch_and_fit pid=433344)[0m Fitting Client 8
[2m[36m(launch_and_fit pid=433341)[0m Fitting Client 10
[2m[36m(launch_and_fit pid=433337)[0m Fitting Client 18
[2m[36m(launch_and_fit pid=433339)[0m Fitting Client 5
[2m[36m(launch_and_fit pid=433343)[0m Fitting Client 17
[2m[36m(launch_and_fit pid=433342)[0m Fitting Client 16
[2m[36m(launch_and_fit pid=433336)[0m malloc_consolidate(): invalid chunk size
[2m[36m(launch_and_fit pid=433339)[0m double free or corruption (fasttop)
E0819 17:16:57.905128215  427450 chttp2_transport.cc:1079]             ipv4:145.136.62.47:44074: Received a GOAWAY with error code ENHANCE_YOUR_CALM and debug data equal to "too_many_pings". Current keepalive time (before throttling): 60000ms
E0819 17:16:57.905401751  427450 chttp2_transport.cc:1079]             ipv4:145.136.62.47:44074: Received a GOAWAY with error code ENHANCE_YOUR_CALM and debug data equal to "too_many_pings". Current keepalive time (before throttling): 60000ms
E0819 17:16:57.905429565  427450 chttp2_transport.cc:1079]             ipv4:145.136.62.47:44074: Received a GOAWAY with error code ENHANCE_YOUR_CALM and debug data equal to "too_many_pings". Current keepalive time (before throttling): 60000ms
E0819 17:16:57.905445228  427450 chttp2_transport.cc:1079]             ipv4:145.136.62.47:44074: Received a GOAWAY with error code ENHANCE_YOUR_CALM and debug data equal to "too_many_pings". Current keepalive time (before throttling): 60000ms
E0819 17:16:57.905460789  427450 chttp2_transport.cc:1079]             ipv4:145.136.62.47:44074: Received a GOAWAY with error code ENHANCE_YOUR_CALM and debug data equal to "too_many_pings". Current keepalive time (before throttling): 60000ms
E0819 17:16:57.905473360  427450 chttp2_transport.cc:1079]             ipv4:145.136.62.47:44074: Received a GOAWAY with error code ENHANCE_YOUR_CALM and debug data equal to "too_many_pings". Current keepalive time (before throttling): 60000ms
[2m[36m(launch_and_fit pid=433341)[0m double free or corruption (fasttop)
[2m[36m(launch_and_fit pid=433344)[0m malloc_consolidate(): invalid chunk size
[2m[36m(launch_and_fit pid=433340)[0m malloc_consolidate(): invalid chunk size
[2m[36m(launch_and_fit pid=433343)[0m malloc_consolidate(): invalid chunk size
INFO flwr 2023-08-19 17:17:41,762 | fed_df.py:540 | Distillation training stopped at step number : 250
INFO flwr 2023-08-19 17:17:41,762 | fed_df.py:547 | Average fusion training loss : 0.35669481348991394, val accuracy : 0.05936, best val accuracy : 0.0636
INFO flwr 2023-08-19 17:17:41,763 | common.py:35 | Avg. local train loss : 20.950215935707092, train acc : 0.13953888888888888
INFO flwr 2023-08-19 17:17:44,356 | server.py:116 | fit progress: (1, 4.692214880371094, {'server_test_acc': 0.0622}, 90.39710443792865)
INFO flwr 2023-08-19 17:17:44,356 | server.py:163 | evaluate_round 1: no clients selected, cancel
DEBUG flwr 2023-08-19 17:17:49,122 | server.py:215 | fit_round 2: strategy sampled 8 clients (out of 20)
[2m[36m(launch_and_fit pid=567323)[0m malloc_consolidate(): invalid chunk size
DEBUG flwr 2023-08-19 17:18:23,762 | server.py:229 | fit_round 2 received 8 results and 0 failures
[2m[36m(launch_and_fit pid=567321)[0m double free or corruption (fasttop)
INFO flwr 2023-08-19 17:18:23,919 | fed_df.py:463 | Performing server side distillation training...
[2m[36m(launch_and_fit pid=567323)[0m Fitting Client 5
[2m[36m(launch_and_fit pid=567321)[0m Fitting Client 4
[2m[36m(launch_and_fit pid=567320)[0m Fitting Client 9
[2m[36m(launch_and_fit pid=567326)[0m Fitting Client 13
[2m[36m(launch_and_fit pid=567325)[0m Fitting Client 8
[2m[36m(launch_and_fit pid=567327)[0m Fitting Client 16
[2m[36m(launch_and_fit pid=567324)[0m Fitting Client 15
[2m[36m(launch_and_fit pid=567322)[0m Fitting Client 10
[2m[36m(launch_and_fit pid=567322)[0m double free or corruption (fasttop)
[2m[36m(launch_and_fit pid=567326)[0m malloc_consolidate(): invalid chunk size
[2m[36m(launch_and_fit pid=567327)[0m malloc_consolidate(): invalid chunk size
[2m[36m(launch_and_fit pid=567320)[0m double free or corruption (fasttop)
[2m[36m(launch_and_fit pid=567324)[0m double free or corruption (fasttop)
E0819 17:18:26.255119731  485746 chttp2_transport.cc:1079]             ipv4:145.136.62.47:44074: Received a GOAWAY with error code ENHANCE_YOUR_CALM and debug data equal to "too_many_pings". Current keepalive time (before throttling): 120000ms
[2m[36m(launch_and_fit pid=567325)[0m malloc_consolidate(): invalid chunk size
INFO flwr 2023-08-19 17:19:15,083 | fed_df.py:540 | Distillation training stopped at step number : 250
INFO flwr 2023-08-19 17:19:15,084 | fed_df.py:547 | Average fusion training loss : 0.3625530554056168, val accuracy : 0.060880000000000004, best val accuracy : 0.068
INFO flwr 2023-08-19 17:19:15,085 | common.py:35 | Avg. local train loss : 20.49705124795437, train acc : 0.17295000000000002
INFO flwr 2023-08-19 17:19:17,673 | server.py:116 | fit progress: (2, 4.564594360351562, {'server_test_acc': 0.0718}, 183.71460604900494)
INFO flwr 2023-08-19 17:19:17,673 | server.py:163 | evaluate_round 2: no clients selected, cancel
DEBUG flwr 2023-08-19 17:19:22,880 | server.py:215 | fit_round 3: strategy sampled 8 clients (out of 20)
[2m[36m(launch_and_fit pid=700917)[0m malloc_consolidate(): invalid chunk size
[2m[36m(launch_and_fit pid=700922)[0m double free or corruption (fasttop)
[2m[36m(launch_and_fit pid=700923)[0m malloc_consolidate(): invalid chunk size
[2m[36m(launch_and_fit pid=700925)[0m malloc_consolidate(): invalid chunk size
DEBUG flwr 2023-08-19 17:19:56,582 | server.py:229 | fit_round 3 received 8 results and 0 failures
INFO flwr 2023-08-19 17:19:56,729 | fed_df.py:463 | Performing server side distillation training...
[2m[36m(launch_and_fit pid=700917)[0m Fitting Client 0
[2m[36m(launch_and_fit pid=700919)[0m Fitting Client 19
[2m[36m(launch_and_fit pid=700923)[0m Fitting Client 9
[2m[36m(launch_and_fit pid=700922)[0m Fitting Client 15
[2m[36m(launch_and_fit pid=700924)[0m Fitting Client 1
[2m[36m(launch_and_fit pid=700921)[0m Fitting Client 2
[2m[36m(launch_and_fit pid=700925)[0m Fitting Client 4
[2m[36m(launch_and_fit pid=700920)[0m Fitting Client 7
[2m[36m(launch_and_fit pid=700921)[0m malloc_consolidate(): invalid chunk size
[2m[36m(launch_and_fit pid=700919)[0m double free or corruption (fasttop)
E0819 17:19:57.547662145  756821 chttp2_transport.cc:1079]             ipv4:145.136.62.47:44074: Received a GOAWAY with error code ENHANCE_YOUR_CALM and debug data equal to "too_many_pings". Current keepalive time (before throttling): 240000ms
[2m[36m(launch_and_fit pid=700924)[0m malloc_consolidate(): invalid chunk size
[2m[36m(launch_and_fit pid=700920)[0m double free or corruption (fasttop)
INFO flwr 2023-08-19 17:20:43,464 | fed_df.py:540 | Distillation training stopped at step number : 250
INFO flwr 2023-08-19 17:20:43,465 | fed_df.py:547 | Average fusion training loss : 0.520632021188736, val accuracy : 0.06448, best val accuracy : 0.0732
INFO flwr 2023-08-19 17:20:43,466 | common.py:35 | Avg. local train loss : 20.27799844741821, train acc : 0.19025555555555557
INFO flwr 2023-08-19 17:20:46,091 | server.py:116 | fit progress: (3, 4.49299775390625, {'server_test_acc': 0.0768}, 272.1320792478509)
INFO flwr 2023-08-19 17:20:46,091 | server.py:163 | evaluate_round 3: no clients selected, cancel
DEBUG flwr 2023-08-19 17:20:51,491 | server.py:215 | fit_round 4: strategy sampled 8 clients (out of 20)
[2m[36m(launch_and_fit pid=834518)[0m malloc_consolidate(): invalid chunk size
[2m[36m(launch_and_fit pid=834581)[0m double free or corruption (fasttop)
DEBUG flwr 2023-08-19 17:21:24,628 | server.py:229 | fit_round 4 received 8 results and 0 failures
[2m[36m(launch_and_fit pid=834553)[0m malloc_consolidate(): invalid chunk size
INFO flwr 2023-08-19 17:21:24,785 | fed_df.py:463 | Performing server side distillation training...
[2m[36m(launch_and_fit pid=834518)[0m Fitting Client 4
[2m[36m(launch_and_fit pid=834553)[0m Fitting Client 13
[2m[36m(launch_and_fit pid=834579)[0m Fitting Client 16
[2m[36m(launch_and_fit pid=834581)[0m Fitting Client 10
[2m[36m(launch_and_fit pid=834582)[0m Fitting Client 19
[2m[36m(launch_and_fit pid=834583)[0m Fitting Client 9
[2m[36m(launch_and_fit pid=834578)[0m Fitting Client 12
[2m[36m(launch_and_fit pid=834580)[0m Fitting Client 17
[2m[36m(launch_and_fit pid=834578)[0m malloc_consolidate(): invalid chunk size
[2m[36m(launch_and_fit pid=834583)[0m double free or corruption (fasttop)
[2m[36m(launch_and_fit pid=834579)[0m double free or corruption (fasttop)
E0819 17:21:26.106686237  757091 chttp2_transport.cc:1079]             ipv4:145.136.62.47:44074: Received a GOAWAY with error code ENHANCE_YOUR_CALM and debug data equal to "too_many_pings". Current keepalive time (before throttling): 480000ms
[2m[36m(launch_and_fit pid=834582)[0m malloc_consolidate(): invalid chunk size
[2m[36m(launch_and_fit pid=834580)[0m malloc_consolidate(): invalid chunk size
INFO flwr 2023-08-19 17:22:11,998 | fed_df.py:540 | Distillation training stopped at step number : 250
INFO flwr 2023-08-19 17:22:11,998 | fed_df.py:547 | Average fusion training loss : 0.5006027669906616, val accuracy : 0.07324, best val accuracy : 0.0794
INFO flwr 2023-08-19 17:22:11,999 | common.py:35 | Avg. local train loss : 20.296428644657134, train acc : 0.18673888888888887
INFO flwr 2023-08-19 17:22:14,623 | server.py:116 | fit progress: (4, 4.546099890136719, {'server_test_acc': 0.084}, 360.66445496305823)
INFO flwr 2023-08-19 17:22:14,623 | server.py:163 | evaluate_round 4: no clients selected, cancel
DEBUG flwr 2023-08-19 17:22:19,851 | server.py:215 | fit_round 5: strategy sampled 8 clients (out of 20)
[2m[36m(launch_and_fit pid=967841)[0m malloc_consolidate(): invalid chunk size
[2m[36m(launch_and_fit pid=967844)[0m malloc_consolidate(): invalid chunk size
[2m[36m(launch_and_fit pid=967847)[0m malloc_consolidate(): invalid chunk size
DEBUG flwr 2023-08-19 17:22:54,003 | server.py:229 | fit_round 5 received 8 results and 0 failures
INFO flwr 2023-08-19 17:22:54,121 | fed_df.py:365 | Warm start at round 5
INFO flwr 2023-08-19 17:22:54,219 | fed_df.py:463 | Performing server side distillation training...
[2m[36m(launch_and_fit pid=967841)[0m Fitting Client 11
[2m[36m(launch_and_fit pid=967846)[0m Fitting Client 8
[2m[36m(launch_and_fit pid=967844)[0m Fitting Client 19
[2m[36m(launch_and_fit pid=967851)[0m Fitting Client 4
[2m[36m(launch_and_fit pid=967848)[0m Fitting Client 0
[2m[36m(launch_and_fit pid=967847)[0m Fitting Client 3
[2m[36m(launch_and_fit pid=967850)[0m Fitting Client 9
[2m[36m(launch_and_fit pid=967849)[0m Fitting Client 12
[2m[36m(launch_and_fit pid=967846)[0m malloc_consolidate(): invalid chunk size
[2m[36m(launch_and_fit pid=967848)[0m corrupted size vs. prev_size in fastbins
[2m[36m(launch_and_fit pid=967849)[0m malloc_consolidate(): invalid chunk size
[2m[36m(launch_and_fit pid=967851)[0m malloc_consolidate(): invalid chunk size
[2m[36m(launch_and_fit pid=967850)[0m double free or corruption (fasttop)
INFO flwr 2023-08-19 17:23:41,989 | fed_df.py:540 | Distillation training stopped at step number : 250
INFO flwr 2023-08-19 17:23:41,989 | fed_df.py:547 | Average fusion training loss : 0.3477486250400543, val accuracy : 0.08732, best val accuracy : 0.0936
INFO flwr 2023-08-19 17:23:41,991 | common.py:35 | Avg. local train loss : 20.24623524546623, train acc : 0.18948888888888887
INFO flwr 2023-08-19 17:23:44,631 | server.py:116 | fit progress: (5, 4.472128869628906, {'server_test_acc': 0.0915}, 450.67224959190935)
INFO flwr 2023-08-19 17:23:44,631 | server.py:163 | evaluate_round 5: no clients selected, cancel
DEBUG flwr 2023-08-19 17:23:49,823 | server.py:215 | fit_round 6: strategy sampled 8 clients (out of 20)
[2m[36m(launch_and_fit pid=1101144)[0m corrupted size vs. prev_size in fastbins
DEBUG flwr 2023-08-19 17:24:23,254 | server.py:229 | fit_round 6 received 8 results and 0 failures
INFO flwr 2023-08-19 17:24:23,411 | fed_df.py:463 | Performing server side distillation training...
[2m[36m(launch_and_fit pid=1101144)[0m Fitting Client 9
[2m[36m(launch_and_fit pid=1101143)[0m Fitting Client 11
[2m[36m(launch_and_fit pid=1101141)[0m Fitting Client 17
[2m[36m(launch_and_fit pid=1101149)[0m Fitting Client 19
[2m[36m(launch_and_fit pid=1101145)[0m Fitting Client 2
[2m[36m(launch_and_fit pid=1101147)[0m Fitting Client 14
[2m[36m(launch_and_fit pid=1101148)[0m Fitting Client 6
[2m[36m(launch_and_fit pid=1101146)[0m Fitting Client 7
[2m[36m(launch_and_fit pid=1101141)[0m double free or corruption (fasttop)
[2m[36m(launch_and_fit pid=1101146)[0m malloc_consolidate(): invalid chunk size
[2m[36m(launch_and_fit pid=1101148)[0m malloc_consolidate(): invalid chunk size
E0819 17:24:24.541086781  891417 chttp2_transport.cc:1079]             ipv4:145.136.62.47:44074: Received a GOAWAY with error code ENHANCE_YOUR_CALM and debug data equal to "too_many_pings". Current keepalive time (before throttling): 960000ms
[2m[36m(launch_and_fit pid=1101145)[0m malloc_consolidate(): invalid chunk size
[2m[36m(launch_and_fit pid=1101143)[0m malloc_consolidate(): invalid chunk size
[2m[36m(launch_and_fit pid=1101147)[0m malloc_consolidate(): invalid chunk size
[2m[36m(launch_and_fit pid=1101149)[0m malloc_consolidate(): invalid chunk size
INFO flwr 2023-08-19 17:25:11,203 | fed_df.py:540 | Distillation training stopped at step number : 250
INFO flwr 2023-08-19 17:25:11,204 | fed_df.py:547 | Average fusion training loss : 0.1326700677573681, val accuracy : 0.09128, best val accuracy : 0.0968
INFO flwr 2023-08-19 17:25:11,205 | common.py:35 | Avg. local train loss : 19.967069667577743, train acc : 0.2201722222222222
INFO flwr 2023-08-19 17:25:13,888 | server.py:116 | fit progress: (6, 4.32614013671875, {'server_test_acc': 0.0958}, 539.929890490137)
INFO flwr 2023-08-19 17:25:13,889 | server.py:163 | evaluate_round 6: no clients selected, cancel
DEBUG flwr 2023-08-19 17:25:19,185 | server.py:215 | fit_round 7: strategy sampled 8 clients (out of 20)
DEBUG flwr 2023-08-19 17:25:52,785 | server.py:229 | fit_round 7 received 8 results and 0 failures
[2m[36m(launch_and_fit pid=1234464)[0m malloc_consolidate(): invalid chunk size
INFO flwr 2023-08-19 17:25:52,944 | fed_df.py:463 | Performing server side distillation training...
[2m[36m(launch_and_fit pid=1234456)[0m Fitting Client 19
[2m[36m(launch_and_fit pid=1234458)[0m Fitting Client 18
[2m[36m(launch_and_fit pid=1234460)[0m Fitting Client 8
[2m[36m(launch_and_fit pid=1234464)[0m Fitting Client 7
[2m[36m(launch_and_fit pid=1234461)[0m Fitting Client 15
[2m[36m(launch_and_fit pid=1234462)[0m Fitting Client 17
[2m[36m(launch_and_fit pid=1234459)[0m Fitting Client 10
[2m[36m(launch_and_fit pid=1234463)[0m Fitting Client 4
[2m[36m(launch_and_fit pid=1234461)[0m double free or corruption (fasttop)
[2m[36m(launch_and_fit pid=1234456)[0m malloc_consolidate(): invalid chunk size
[2m[36m(launch_and_fit pid=1234462)[0m double free or corruption (fasttop)
[2m[36m(launch_and_fit pid=1234458)[0m double free or corruption (fasttop)
[2m[36m(launch_and_fit pid=1234459)[0m malloc_consolidate(): invalid chunk size
[2m[36m(launch_and_fit pid=1234463)[0m malloc_consolidate(): invalid chunk size
[2m[36m(launch_and_fit pid=1234460)[0m malloc_consolidate(): invalid chunk size
INFO flwr 2023-08-19 17:26:39,211 | fed_df.py:540 | Distillation training stopped at step number : 250
INFO flwr 2023-08-19 17:26:39,212 | fed_df.py:547 | Average fusion training loss : 0.15811777853965758, val accuracy : 0.08424000000000001, best val accuracy : 0.0886
INFO flwr 2023-08-19 17:26:39,213 | common.py:35 | Avg. local train loss : 19.815556359291076, train acc : 0.23355
INFO flwr 2023-08-19 17:26:41,881 | server.py:116 | fit progress: (7, 4.367642419433594, {'server_test_acc': 0.094}, 627.9225229318254)
INFO flwr 2023-08-19 17:26:41,881 | server.py:163 | evaluate_round 7: no clients selected, cancel
DEBUG flwr 2023-08-19 17:26:47,403 | server.py:215 | fit_round 8: strategy sampled 8 clients (out of 20)
[2m[36m(launch_and_fit pid=1367812)[0m double free or corruption (fasttop)
DEBUG flwr 2023-08-19 17:27:21,039 | server.py:229 | fit_round 8 received 8 results and 0 failures
INFO flwr 2023-08-19 17:27:21,198 | fed_df.py:463 | Performing server side distillation training...
[2m[36m(launch_and_fit pid=1367811)[0m Fitting Client 19
[2m[36m(launch_and_fit pid=1367815)[0m Fitting Client 15
[2m[36m(launch_and_fit pid=1367814)[0m Fitting Client 8
[2m[36m(launch_and_fit pid=1367809)[0m Fitting Client 12
[2m[36m(launch_and_fit pid=1367808)[0m Fitting Client 0
[2m[36m(launch_and_fit pid=1367813)[0m Fitting Client 3
[2m[36m(launch_and_fit pid=1367812)[0m Fitting Client 2
[2m[36m(launch_and_fit pid=1367816)[0m Fitting Client 4
[2m[36m(launch_and_fit pid=1367811)[0m malloc_consolidate(): invalid chunk size
[2m[36m(launch_and_fit pid=1367814)[0m malloc_consolidate(): invalid chunk size
[2m[36m(launch_and_fit pid=1367815)[0m double free or corruption (fasttop)
[2m[36m(launch_and_fit pid=1367808)[0m malloc_consolidate(): invalid chunk size
[2m[36m(launch_and_fit pid=1367809)[0m malloc_consolidate(): invalid chunk size
[2m[36m(launch_and_fit pid=1367813)[0m malloc_consolidate(): invalid chunk size
[2m[36m(launch_and_fit pid=1367816)[0m corrupted size vs. prev_size in fastbins
E0819 17:27:24.645605905 1158687 chttp2_transport.cc:1079]             ipv4:145.136.62.47:44074: Received a GOAWAY with error code ENHANCE_YOUR_CALM and debug data equal to "too_many_pings". Current keepalive time (before throttling): 1920000ms
INFO flwr 2023-08-19 17:28:07,670 | fed_df.py:540 | Distillation training stopped at step number : 250
INFO flwr 2023-08-19 17:28:07,670 | fed_df.py:547 | Average fusion training loss : 0.11938203129172326, val accuracy : 0.1052, best val accuracy : 0.11
INFO flwr 2023-08-19 17:28:07,671 | common.py:35 | Avg. local train loss : 19.89289682209492, train acc : 0.2260277777777778
INFO flwr 2023-08-19 17:28:10,303 | server.py:116 | fit progress: (8, 4.3054091796875, {'server_test_acc': 0.111}, 716.3446906819008)
INFO flwr 2023-08-19 17:28:10,303 | server.py:163 | evaluate_round 8: no clients selected, cancel
DEBUG flwr 2023-08-19 17:28:15,974 | server.py:215 | fit_round 9: strategy sampled 8 clients (out of 20)
DEBUG flwr 2023-08-19 17:28:49,504 | server.py:229 | fit_round 9 received 8 results and 0 failures
[2m[36m(launch_and_fit pid=1501218)[0m malloc_consolidate(): invalid chunk size
INFO flwr 2023-08-19 17:28:49,665 | fed_df.py:463 | Performing server side distillation training...
[2m[36m(launch_and_fit pid=1501213)[0m Fitting Client 7
[2m[36m(launch_and_fit pid=1501212)[0m Fitting Client 5
[2m[36m(launch_and_fit pid=1501218)[0m Fitting Client 4
[2m[36m(launch_and_fit pid=1501214)[0m Fitting Client 19
[2m[36m(launch_and_fit pid=1501216)[0m Fitting Client 13
[2m[36m(launch_and_fit pid=1501211)[0m Fitting Client 14
[2m[36m(launch_and_fit pid=1501215)[0m Fitting Client 9
[2m[36m(launch_and_fit pid=1501217)[0m Fitting Client 15
E0819 17:28:50.075618129 1556537 chttp2_transport.cc:1079]             ipv4:145.136.62.47:44074: Received a GOAWAY with error code ENHANCE_YOUR_CALM and debug data equal to "too_many_pings". Current keepalive time (before throttling): 3840000ms
[2m[36m(launch_and_fit pid=1501211)[0m double free or corruption (fasttop)
[2m[36m(launch_and_fit pid=1501213)[0m malloc_consolidate(): invalid chunk size
[2m[36m(launch_and_fit pid=1501216)[0m malloc_consolidate(): invalid chunk size
E0819 17:28:50.825836284 1557143 chttp2_transport.cc:1079]             ipv4:145.136.62.47:44074: Received a GOAWAY with error code ENHANCE_YOUR_CALM and debug data equal to "too_many_pings". Current keepalive time (before throttling): 7680000ms
[2m[36m(launch_and_fit pid=1501212)[0m malloc_consolidate(): invalid chunk size
[2m[36m(launch_and_fit pid=1501214)[0m malloc_consolidate(): invalid chunk size
[2m[36m(launch_and_fit pid=1501215)[0m double free or corruption (fasttop)
[2m[36m(launch_and_fit pid=1501217)[0m malloc_consolidate(): invalid chunk size
INFO flwr 2023-08-19 17:29:37,870 | fed_df.py:540 | Distillation training stopped at step number : 250
INFO flwr 2023-08-19 17:29:37,871 | fed_df.py:547 | Average fusion training loss : 0.10876848569512368, val accuracy : 0.1044, best val accuracy : 0.1076
INFO flwr 2023-08-19 17:29:37,872 | common.py:35 | Avg. local train loss : 19.77230090200901, train acc : 0.24171111111111107
INFO flwr 2023-08-19 17:29:40,560 | server.py:116 | fit progress: (9, 4.30417333984375, {'server_test_acc': 0.1148}, 806.6012255339883)
INFO flwr 2023-08-19 17:29:40,560 | server.py:163 | evaluate_round 9: no clients selected, cancel
DEBUG flwr 2023-08-19 17:29:45,929 | server.py:215 | fit_round 10: strategy sampled 8 clients (out of 20)
[2m[36m(launch_and_fit pid=1638551)[0m malloc_consolidate(): invalid chunk size
DEBUG flwr 2023-08-19 17:30:19,670 | server.py:229 | fit_round 10 received 8 results and 0 failures
INFO flwr 2023-08-19 17:30:19,789 | fed_df.py:365 | Warm start at round 10
INFO flwr 2023-08-19 17:30:19,887 | fed_df.py:463 | Performing server side distillation training...
[2m[36m(launch_and_fit pid=1638548)[0m Fitting Client 4
[2m[36m(launch_and_fit pid=1638545)[0m Fitting Client 3
[2m[36m(launch_and_fit pid=1638551)[0m Fitting Client 19
[2m[36m(launch_and_fit pid=1638552)[0m Fitting Client 16
[2m[36m(launch_and_fit pid=1638546)[0m Fitting Client 5
[2m[36m(launch_and_fit pid=1638549)[0m Fitting Client 18
[2m[36m(launch_and_fit pid=1638550)[0m Fitting Client 13
[2m[36m(launch_and_fit pid=1638547)[0m Fitting Client 2
[2m[36m(launch_and_fit pid=1638550)[0m double free or corruption (fasttop)
E0819 17:30:20.349982339 1707530 chttp2_transport.cc:1079]             ipv4:145.136.62.47:44074: Received a GOAWAY with error code ENHANCE_YOUR_CALM and debug data equal to "too_many_pings". Current keepalive time (before throttling): 15360000ms
[2m[36m(launch_and_fit pid=1638548)[0m malloc_consolidate(): invalid chunk size
[2m[36m(launch_and_fit pid=1638552)[0m malloc_consolidate(): invalid chunk size
[2m[36m(launch_and_fit pid=1638546)[0m double free or corruption (fasttop)
[2m[36m(launch_and_fit pid=1638547)[0m malloc_consolidate(): invalid chunk size
[2m[36m(launch_and_fit pid=1638549)[0m double free or corruption (fasttop)
INFO flwr 2023-08-19 17:31:06,536 | fed_df.py:540 | Distillation training stopped at step number : 250
INFO flwr 2023-08-19 17:31:06,537 | fed_df.py:547 | Average fusion training loss : 0.10392604818940163, val accuracy : 0.11751999999999999, best val accuracy : 0.1234
INFO flwr 2023-08-19 17:31:06,538 | common.py:35 | Avg. local train loss : 19.74402651488781, train acc : 0.24297777777777774
INFO flwr 2023-08-19 17:31:09,186 | server.py:116 | fit progress: (10, 4.289107958984375, {'server_test_acc': 0.1255}, 895.2274858709425)
INFO flwr 2023-08-19 17:31:09,186 | server.py:163 | evaluate_round 10: no clients selected, cancel
DEBUG flwr 2023-08-19 17:31:14,510 | server.py:215 | fit_round 11: strategy sampled 8 clients (out of 20)
[2m[36m(launch_and_fit pid=1796706)[0m malloc_consolidate(): invalid chunk size
[2m[36m(launch_and_fit pid=1796704)[0m malloc_consolidate(): invalid chunk size
DEBUG flwr 2023-08-19 17:31:47,580 | server.py:229 | fit_round 11 received 8 results and 0 failures
INFO flwr 2023-08-19 17:31:47,739 | fed_df.py:463 | Performing server side distillation training...
[2m[36m(launch_and_fit pid=1796705)[0m double free or corruption (fasttop)
[2m[36m(launch_and_fit pid=1796704)[0m Fitting Client 5
[2m[36m(launch_and_fit pid=1796706)[0m Fitting Client 1
[2m[36m(launch_and_fit pid=1796707)[0m Fitting Client 10
[2m[36m(launch_and_fit pid=1796709)[0m Fitting Client 0
[2m[36m(launch_and_fit pid=1796710)[0m Fitting Client 7
[2m[36m(launch_and_fit pid=1796711)[0m Fitting Client 9
[2m[36m(launch_and_fit pid=1796705)[0m Fitting Client 13
[2m[36m(launch_and_fit pid=1796708)[0m Fitting Client 19
[2m[36m(launch_and_fit pid=1796710)[0m malloc_consolidate(): invalid chunk size
[2m[36m(launch_and_fit pid=1796707)[0m double free or corruption (fasttop)
[2m[36m(launch_and_fit pid=1796709)[0m malloc_consolidate(): invalid chunk size
[2m[36m(launch_and_fit pid=1796711)[0m double free or corruption (fasttop)
E0819 17:31:49.098954249 1708613 chttp2_transport.cc:1079]             ipv4:145.136.62.47:44074: Received a GOAWAY with error code ENHANCE_YOUR_CALM and debug data equal to "too_many_pings". Current keepalive time (before throttling): 30720000ms
[2m[36m(launch_and_fit pid=1796708)[0m malloc_consolidate(): invalid chunk size
INFO flwr 2023-08-19 17:32:36,091 | fed_df.py:540 | Distillation training stopped at step number : 250
INFO flwr 2023-08-19 17:32:36,091 | fed_df.py:547 | Average fusion training loss : 0.10014542670547963, val accuracy : 0.12112, best val accuracy : 0.1252
INFO flwr 2023-08-19 17:32:36,092 | common.py:35 | Avg. local train loss : 19.658991199731826, train acc : 0.25731666666666664
INFO flwr 2023-08-19 17:32:38,769 | server.py:116 | fit progress: (11, 4.316784924316406, {'server_test_acc': 0.1314}, 984.8102733450942)
INFO flwr 2023-08-19 17:32:38,769 | server.py:163 | evaluate_round 11: no clients selected, cancel
DEBUG flwr 2023-08-19 17:32:44,233 | server.py:215 | fit_round 12: strategy sampled 8 clients (out of 20)
DEBUG flwr 2023-08-19 17:33:16,815 | server.py:229 | fit_round 12 received 8 results and 0 failures
INFO flwr 2023-08-19 17:33:16,975 | fed_df.py:463 | Performing server side distillation training...
[2m[36m(launch_and_fit pid=1930172)[0m Fitting Client 11
[2m[36m(launch_and_fit pid=1930175)[0m Fitting Client 13
[2m[36m(launch_and_fit pid=1930177)[0m Fitting Client 6
[2m[36m(launch_and_fit pid=1930180)[0m Fitting Client 5
[2m[36m(launch_and_fit pid=1930173)[0m Fitting Client 3
[2m[36m(launch_and_fit pid=1930182)[0m Fitting Client 14
[2m[36m(launch_and_fit pid=1930179)[0m Fitting Client 16
[2m[36m(launch_and_fit pid=1930181)[0m Fitting Client 0
[2m[36m(launch_and_fit pid=1930177)[0m double free or corruption (fasttop)
[2m[36m(launch_and_fit pid=1930173)[0m malloc_consolidate(): invalid chunk size
[2m[36m(launch_and_fit pid=1930182)[0m malloc_consolidate(): invalid chunk size
[2m[36m(launch_and_fit pid=1930175)[0m malloc_consolidate(): invalid chunk size
[2m[36m(launch_and_fit pid=1930180)[0m double free or corruption (fasttop)
[2m[36m(launch_and_fit pid=1930172)[0m malloc_consolidate(): invalid chunk size
[2m[36m(launch_and_fit pid=1930179)[0m malloc_consolidate(): invalid chunk size
[2m[36m(launch_and_fit pid=1930181)[0m malloc_consolidate(): invalid chunk size
E0819 17:33:19.367522953 1854690 chttp2_transport.cc:1079]             ipv4:145.136.62.47:44074: Received a GOAWAY with error code ENHANCE_YOUR_CALM and debug data equal to "too_many_pings". Current keepalive time (before throttling): 61440000ms
E0819 17:33:29.364386925 2005512 chttp2_transport.cc:1079]             ipv4:145.136.62.47:44074: Received a GOAWAY with error code ENHANCE_YOUR_CALM and debug data equal to "too_many_pings". Current keepalive time (before throttling): 122880000ms
INFO flwr 2023-08-19 17:34:05,524 | fed_df.py:540 | Distillation training stopped at step number : 250
INFO flwr 2023-08-19 17:34:05,525 | fed_df.py:547 | Average fusion training loss : 0.09010867628455162, val accuracy : 0.12752, best val accuracy : 0.1312
INFO flwr 2023-08-19 17:34:05,526 | common.py:35 | Avg. local train loss : 19.81357361972332, train acc : 0.24016666666666667
INFO flwr 2023-08-19 17:34:08,212 | server.py:116 | fit progress: (12, 4.302858215332031, {'server_test_acc': 0.1373}, 1074.2539465269074)
INFO flwr 2023-08-19 17:34:08,213 | server.py:163 | evaluate_round 12: no clients selected, cancel
DEBUG flwr 2023-08-19 17:34:13,797 | server.py:215 | fit_round 13: strategy sampled 8 clients (out of 20)
[2m[36m(launch_and_fit pid=2063447)[0m malloc_consolidate(): invalid chunk size
DEBUG flwr 2023-08-19 17:34:46,466 | server.py:229 | fit_round 13 received 8 results and 0 failures
INFO flwr 2023-08-19 17:34:46,631 | fed_df.py:463 | Performing server side distillation training...
[2m[36m(launch_and_fit pid=2063447)[0m Fitting Client 8
[2m[36m(launch_and_fit pid=2063452)[0m Fitting Client 18
[2m[36m(launch_and_fit pid=2063451)[0m Fitting Client 1
[2m[36m(launch_and_fit pid=2063446)[0m Fitting Client 14
[2m[36m(launch_and_fit pid=2063449)[0m Fitting Client 5
[2m[36m(launch_and_fit pid=2063444)[0m Fitting Client 17
[2m[36m(launch_and_fit pid=2063448)[0m Fitting Client 3
[2m[36m(launch_and_fit pid=2063450)[0m Fitting Client 0
[2m[36m(launch_and_fit pid=2063449)[0m malloc_consolidate(): invalid chunk size
[2m[36m(launch_and_fit pid=2063451)[0m double free or corruption (fasttop)
[2m[36m(launch_and_fit pid=2063444)[0m malloc_consolidate(): invalid chunk size
E0819 17:34:47.416932020 2006191 chttp2_transport.cc:1079]             ipv4:145.136.62.47:44074: Received a GOAWAY with error code ENHANCE_YOUR_CALM and debug data equal to "too_many_pings". Current keepalive time (before throttling): 245760000ms
[2m[36m(launch_and_fit pid=2063450)[0m double free or corruption (fasttop)
[2m[36m(launch_and_fit pid=2063448)[0m malloc_consolidate(): invalid chunk size
[2m[36m(launch_and_fit pid=2063446)[0m malloc_consolidate(): invalid chunk size
[2m[36m(launch_and_fit pid=2063452)[0m malloc_consolidate(): invalid chunk size
INFO flwr 2023-08-19 17:35:35,153 | fed_df.py:540 | Distillation training stopped at step number : 250
INFO flwr 2023-08-19 17:35:35,153 | fed_df.py:547 | Average fusion training loss : 0.058791674084961415, val accuracy : 0.13812, best val accuracy : 0.142
INFO flwr 2023-08-19 17:35:35,154 | common.py:35 | Avg. local train loss : 19.62090491652489, train acc : 0.2606388888888889
INFO flwr 2023-08-19 17:35:37,814 | server.py:116 | fit progress: (13, 4.236402111816406, {'server_test_acc': 0.1467}, 1163.8554465281777)
INFO flwr 2023-08-19 17:35:37,814 | server.py:163 | evaluate_round 13: no clients selected, cancel
DEBUG flwr 2023-08-19 17:35:43,371 | server.py:215 | fit_round 14: strategy sampled 8 clients (out of 20)
DEBUG flwr 2023-08-19 17:36:15,979 | server.py:229 | fit_round 14 received 8 results and 0 failures
INFO flwr 2023-08-19 17:36:16,138 | fed_df.py:463 | Performing server side distillation training...
[2m[36m(launch_and_fit pid=2196817)[0m Fitting Client 7
[2m[36m(launch_and_fit pid=2196814)[0m Fitting Client 11
[2m[36m(launch_and_fit pid=2196819)[0m Fitting Client 14
[2m[36m(launch_and_fit pid=2196818)[0m Fitting Client 3
[2m[36m(launch_and_fit pid=2196820)[0m Fitting Client 5
[2m[36m(launch_and_fit pid=2196811)[0m Fitting Client 19
[2m[36m(launch_and_fit pid=2196815)[0m Fitting Client 18
[2m[36m(launch_and_fit pid=2196816)[0m Fitting Client 0
[2m[36m(launch_and_fit pid=2196814)[0m malloc_consolidate(): invalid chunk size
[2m[36m(launch_and_fit pid=2196819)[0m malloc_consolidate(): invalid chunk size
[2m[36m(launch_and_fit pid=2196820)[0m malloc_consolidate(): invalid chunk size
[2m[36m(launch_and_fit pid=2196818)[0m double free or corruption (fasttop)
[2m[36m(launch_and_fit pid=2196817)[0m malloc_consolidate(): invalid chunk size
[2m[36m(launch_and_fit pid=2196811)[0m malloc_consolidate(): invalid chunk size
[2m[36m(launch_and_fit pid=2196815)[0m malloc_consolidate(): invalid chunk size
[2m[36m(launch_and_fit pid=2196816)[0m malloc_consolidate(): invalid chunk size
INFO flwr 2023-08-19 17:37:09,268 | fed_df.py:540 | Distillation training stopped at step number : 250
INFO flwr 2023-08-19 17:37:09,268 | fed_df.py:547 | Average fusion training loss : 0.040795479230582715, val accuracy : 0.15311999999999998, best val accuracy : 0.1558
INFO flwr 2023-08-19 17:37:09,269 | common.py:35 | Avg. local train loss : 19.418242233991624, train acc : 0.27765555555555554
INFO flwr 2023-08-19 17:37:11,961 | server.py:116 | fit progress: (14, 4.1806024536132815, {'server_test_acc': 0.1548}, 1258.0021303868853)
INFO flwr 2023-08-19 17:37:11,961 | server.py:163 | evaluate_round 14: no clients selected, cancel
DEBUG flwr 2023-08-19 17:37:17,425 | server.py:215 | fit_round 15: strategy sampled 8 clients (out of 20)
[2m[36m(launch_and_fit pid=2332922)[0m malloc_consolidate(): invalid chunk size
DEBUG flwr 2023-08-19 17:37:50,230 | server.py:229 | fit_round 15 received 8 results and 0 failures
INFO flwr 2023-08-19 17:37:50,357 | fed_df.py:365 | Warm start at round 15
INFO flwr 2023-08-19 17:37:50,457 | fed_df.py:463 | Performing server side distillation training...
[2m[36m(launch_and_fit pid=2332918)[0m Fitting Client 9
[2m[36m(launch_and_fit pid=2332922)[0m Fitting Client 3
[2m[36m(launch_and_fit pid=2332926)[0m Fitting Client 10
[2m[36m(launch_and_fit pid=2332929)[0m Fitting Client 14
[2m[36m(launch_and_fit pid=2332925)[0m Fitting Client 4
[2m[36m(launch_and_fit pid=2332924)[0m Fitting Client 16
[2m[36m(launch_and_fit pid=2332928)[0m Fitting Client 18
[2m[36m(launch_and_fit pid=2332923)[0m Fitting Client 8
[2m[36m(launch_and_fit pid=2332925)[0m malloc_consolidate(): invalid chunk size
[2m[36m(launch_and_fit pid=2332926)[0m malloc_consolidate(): invalid chunk size
[2m[36m(launch_and_fit pid=2332918)[0m malloc_consolidate(): invalid chunk size
[2m[36m(launch_and_fit pid=2332928)[0m double free or corruption (fasttop)
[2m[36m(launch_and_fit pid=2332929)[0m double free or corruption (fasttop)
[2m[36m(launch_and_fit pid=2332924)[0m malloc_consolidate(): invalid chunk size
[2m[36m(launch_and_fit pid=2332923)[0m double free or corruption (fasttop)
E0819 17:37:53.010191466 2121442 chttp2_transport.cc:1079]             ipv4:145.136.62.47:44074: Received a GOAWAY with error code ENHANCE_YOUR_CALM and debug data equal to "too_many_pings". Current keepalive time (before throttling): 491520000ms
E0819 17:37:53.010287048 2121442 chttp2_transport.cc:1079]             ipv4:145.136.62.47:44074: Received a GOAWAY with error code ENHANCE_YOUR_CALM and debug data equal to "too_many_pings". Current keepalive time (before throttling): 491520000ms
INFO flwr 2023-08-19 17:38:38,789 | fed_df.py:540 | Distillation training stopped at step number : 250
INFO flwr 2023-08-19 17:38:38,790 | fed_df.py:547 | Average fusion training loss : 0.027506624879315496, val accuracy : 0.16408, best val accuracy : 0.1716
INFO flwr 2023-08-19 17:38:38,791 | common.py:35 | Avg. local train loss : 19.431928926706313, train acc : 0.2796722222222222
INFO flwr 2023-08-19 17:38:41,492 | server.py:116 | fit progress: (15, 4.175551684570313, {'server_test_acc': 0.1739}, 1347.5331881679595)
INFO flwr 2023-08-19 17:38:41,492 | server.py:163 | evaluate_round 15: no clients selected, cancel
DEBUG flwr 2023-08-19 17:38:46,944 | server.py:215 | fit_round 16: strategy sampled 8 clients (out of 20)
[2m[36m(launch_and_fit pid=2467761)[0m malloc_consolidate(): invalid chunk size
[2m[36m(launch_and_fit pid=2467763)[0m double free or corruption (fasttop)
[2m[36m(launch_and_fit pid=2467759)[0m malloc_consolidate(): invalid chunk size
DEBUG flwr 2023-08-19 17:39:19,746 | server.py:229 | fit_round 16 received 8 results and 0 failures
INFO flwr 2023-08-19 17:39:19,904 | fed_df.py:463 | Performing server side distillation training...
[2m[36m(launch_and_fit pid=2467763)[0m Fitting Client 15
[2m[36m(launch_and_fit pid=2467761)[0m Fitting Client 8
[2m[36m(launch_and_fit pid=2467759)[0m Fitting Client 7
[2m[36m(launch_and_fit pid=2467863)[0m Fitting Client 18
[2m[36m(launch_and_fit pid=2467862)[0m Fitting Client 12
[2m[36m(launch_and_fit pid=2467980)[0m Fitting Client 1
[2m[36m(launch_and_fit pid=2467861)[0m Fitting Client 5
[2m[36m(launch_and_fit pid=2468148)[0m Fitting Client 14
[2m[36m(launch_and_fit pid=2467861)[0m malloc_consolidate(): invalid chunk size
[2m[36m(launch_and_fit pid=2467862)[0m double free or corruption (fasttop)
[2m[36m(launch_and_fit pid=2467980)[0m malloc_consolidate(): invalid chunk size
[2m[36m(launch_and_fit pid=2467863)[0m malloc_consolidate(): invalid chunk size
[2m[36m(launch_and_fit pid=2468148)[0m malloc_consolidate(): invalid chunk size
INFO flwr 2023-08-19 17:40:08,326 | fed_df.py:540 | Distillation training stopped at step number : 250
INFO flwr 2023-08-19 17:40:08,327 | fed_df.py:547 | Average fusion training loss : 0.03549183670431375, val accuracy : 0.15976, best val accuracy : 0.165
INFO flwr 2023-08-19 17:40:08,328 | common.py:35 | Avg. local train loss : 19.387863942980765, train acc : 0.2849111111111111
INFO flwr 2023-08-19 17:40:11,072 | server.py:116 | fit progress: (16, 4.172237548828125, {'server_test_acc': 0.1732}, 1437.1136405719444)
INFO flwr 2023-08-19 17:40:11,072 | server.py:163 | evaluate_round 16: no clients selected, cancel
DEBUG flwr 2023-08-19 17:40:16,486 | server.py:215 | fit_round 17: strategy sampled 8 clients (out of 20)
[2m[36m(launch_and_fit pid=2603590)[0m malloc_consolidate(): invalid chunk size
DEBUG flwr 2023-08-19 17:40:49,815 | server.py:229 | fit_round 17 received 8 results and 0 failures
INFO flwr 2023-08-19 17:40:49,976 | fed_df.py:463 | Performing server side distillation training...
[2m[36m(launch_and_fit pid=2603445)[0m Fitting Client 17
[2m[36m(launch_and_fit pid=2603438)[0m Fitting Client 10
[2m[36m(launch_and_fit pid=2603475)[0m Fitting Client 12
[2m[36m(launch_and_fit pid=2603507)[0m Fitting Client 11
[2m[36m(launch_and_fit pid=2603590)[0m Fitting Client 7
[2m[36m(launch_and_fit pid=2603591)[0m Fitting Client 9
[2m[36m(launch_and_fit pid=2603589)[0m Fitting Client 15
[2m[36m(launch_and_fit pid=2603588)[0m Fitting Client 18
[2m[36m(launch_and_fit pid=2603438)[0m malloc_consolidate(): invalid chunk size
[2m[36m(launch_and_fit pid=2603445)[0m double free or corruption (fasttop)
[2m[36m(launch_and_fit pid=2603507)[0m malloc_consolidate(): invalid chunk size
[2m[36m(launch_and_fit pid=2603589)[0m double free or corruption (fasttop)
[2m[36m(launch_and_fit pid=2603475)[0m malloc_consolidate(): invalid chunk size
[2m[36m(launch_and_fit pid=2603591)[0m malloc_consolidate(): invalid chunk size
[2m[36m(launch_and_fit pid=2603588)[0m double free or corruption (fasttop)
E0819 17:40:52.753977141 2664495 chttp2_transport.cc:1079]             ipv4:145.136.62.47:44074: Received a GOAWAY with error code ENHANCE_YOUR_CALM and debug data equal to "too_many_pings". Current keepalive time (before throttling): 983040000ms
INFO flwr 2023-08-19 17:41:38,405 | fed_df.py:540 | Distillation training stopped at step number : 250
INFO flwr 2023-08-19 17:41:38,405 | fed_df.py:547 | Average fusion training loss : 0.027746185325086117, val accuracy : 0.16852, best val accuracy : 0.173
INFO flwr 2023-08-19 17:41:38,407 | common.py:35 | Avg. local train loss : 19.33019104003906, train acc : 0.29288333333333333
INFO flwr 2023-08-19 17:41:41,111 | server.py:116 | fit progress: (17, 4.155607287597657, {'server_test_acc': 0.1738}, 1527.1523011717945)
INFO flwr 2023-08-19 17:41:41,111 | server.py:163 | evaluate_round 17: no clients selected, cancel
DEBUG flwr 2023-08-19 17:41:46,500 | server.py:215 | fit_round 18: strategy sampled 8 clients (out of 20)
[2m[36m(launch_and_fit pid=2738333)[0m malloc_consolidate(): invalid chunk size
DEBUG flwr 2023-08-19 17:42:19,458 | server.py:229 | fit_round 18 received 8 results and 0 failures
INFO flwr 2023-08-19 17:42:19,617 | fed_df.py:463 | Performing server side distillation training...
[2m[36m(launch_and_fit pid=2738333)[0m Fitting Client 9
[2m[36m(launch_and_fit pid=2738469)[0m Fitting Client 17
[2m[36m(launch_and_fit pid=2738470)[0m Fitting Client 0
[2m[36m(launch_and_fit pid=2738587)[0m Fitting Client 16
[2m[36m(launch_and_fit pid=2738589)[0m Fitting Client 14
[2m[36m(launch_and_fit pid=2738467)[0m Fitting Client 1
[2m[36m(launch_and_fit pid=2738468)[0m Fitting Client 15
[2m[36m(launch_and_fit pid=2738588)[0m Fitting Client 11
[2m[36m(launch_and_fit pid=2738469)[0m double free or corruption (fasttop)
[2m[36m(launch_and_fit pid=2738587)[0m malloc_consolidate(): invalid chunk size
[2m[36m(launch_and_fit pid=2738588)[0m malloc_consolidate(): invalid chunk size
[2m[36m(launch_and_fit pid=2738470)[0m malloc_consolidate(): invalid chunk size
[2m[36m(launch_and_fit pid=2738589)[0m corrupted size vs. prev_size in fastbins
[2m[36m(launch_and_fit pid=2738467)[0m malloc_consolidate(): invalid chunk size
[2m[36m(launch_and_fit pid=2738468)[0m double free or corruption (fasttop)
E0819 17:42:21.641886065 2665980 chttp2_transport.cc:1079]             ipv4:145.136.62.47:44074: Received a GOAWAY with error code ENHANCE_YOUR_CALM and debug data equal to "too_many_pings". Current keepalive time (before throttling): 1966080000ms
INFO flwr 2023-08-19 17:43:09,042 | fed_df.py:540 | Distillation training stopped at step number : 250
INFO flwr 2023-08-19 17:43:09,042 | fed_df.py:547 | Average fusion training loss : 0.030841811249032618, val accuracy : 0.17896, best val accuracy : 0.1824
INFO flwr 2023-08-19 17:43:09,044 | common.py:35 | Avg. local train loss : 19.344922441244126, train acc : 0.2937111111111111
INFO flwr 2023-08-19 17:43:11,760 | server.py:116 | fit progress: (18, 4.166222326660156, {'server_test_acc': 0.1835}, 1617.8017092817463)
INFO flwr 2023-08-19 17:43:11,761 | server.py:163 | evaluate_round 18: no clients selected, cancel
DEBUG flwr 2023-08-19 17:43:17,305 | server.py:215 | fit_round 19: strategy sampled 8 clients (out of 20)
[2m[36m(launch_and_fit pid=2873453)[0m malloc_consolidate(): invalid chunk size
[2m[36m(launch_and_fit pid=2873482)[0m double free or corruption (fasttop)
[2m[36m(launch_and_fit pid=2873525)[0m malloc_consolidate(): invalid chunk size
DEBUG flwr 2023-08-19 17:43:50,790 | server.py:229 | fit_round 19 received 8 results and 0 failures
INFO flwr 2023-08-19 17:43:50,949 | fed_df.py:463 | Performing server side distillation training...
[2m[36m(launch_and_fit pid=2873453)[0m Fitting Client 3
[2m[36m(launch_and_fit pid=2873482)[0m Fitting Client 16
[2m[36m(launch_and_fit pid=2873591)[0m Fitting Client 2
[2m[36m(launch_and_fit pid=2873525)[0m Fitting Client 12
[2m[36m(launch_and_fit pid=2873597)[0m Fitting Client 14
[2m[36m(launch_and_fit pid=2873596)[0m Fitting Client 19
[2m[36m(launch_and_fit pid=2873595)[0m Fitting Client 10
[2m[36m(launch_and_fit pid=2873598)[0m Fitting Client 7
[2m[36m(launch_and_fit pid=2873595)[0m double free or corruption (fasttop)
[2m[36m(launch_and_fit pid=2873598)[0m malloc_consolidate(): invalid chunk size
[2m[36m(launch_and_fit pid=2873597)[0m malloc_consolidate(): invalid chunk size
E0819 17:43:52.313304409 2798262 chttp2_transport.cc:1079]             ipv4:145.136.62.47:44074: Received a GOAWAY with error code ENHANCE_YOUR_CALM and debug data equal to "too_many_pings". Current keepalive time (before throttling): ∞
[2m[36m(launch_and_fit pid=2873591)[0m double free or corruption (fasttop)
[2m[36m(launch_and_fit pid=2873596)[0m malloc_consolidate(): invalid chunk size
INFO flwr 2023-08-19 17:44:39,559 | fed_df.py:540 | Distillation training stopped at step number : 250
INFO flwr 2023-08-19 17:44:39,560 | fed_df.py:547 | Average fusion training loss : 0.0344084014184773, val accuracy : 0.17824, best val accuracy : 0.1822
INFO flwr 2023-08-19 17:44:39,561 | common.py:35 | Avg. local train loss : 19.24780844449997, train acc : 0.30180000000000007
INFO flwr 2023-08-19 17:44:42,392 | server.py:116 | fit progress: (19, 4.1433416381835935, {'server_test_acc': 0.1871}, 1708.4337982018478)
INFO flwr 2023-08-19 17:44:42,393 | server.py:163 | evaluate_round 19: no clients selected, cancel
DEBUG flwr 2023-08-19 17:44:48,368 | server.py:215 | fit_round 20: strategy sampled 8 clients (out of 20)
[2m[36m(launch_and_fit pid=3008746)[0m malloc_consolidate(): invalid chunk size
DEBUG flwr 2023-08-19 17:45:21,683 | server.py:229 | fit_round 20 received 8 results and 0 failures
INFO flwr 2023-08-19 17:45:21,802 | fed_df.py:365 | Warm start at round 20
INFO flwr 2023-08-19 17:45:21,900 | fed_df.py:463 | Performing server side distillation training...
[2m[36m(launch_and_fit pid=3008614)[0m Fitting Client 17
[2m[36m(launch_and_fit pid=3008746)[0m Fitting Client 16
[2m[36m(launch_and_fit pid=3008836)[0m Fitting Client 10
[2m[36m(launch_and_fit pid=3008781)[0m Fitting Client 14
[2m[36m(launch_and_fit pid=3008881)[0m Fitting Client 6
[2m[36m(launch_and_fit pid=3008879)[0m Fitting Client 1
[2m[36m(launch_and_fit pid=3008619)[0m Fitting Client 11
[2m[36m(launch_and_fit pid=3008880)[0m Fitting Client 8
[2m[36m(launch_and_fit pid=3008836)[0m malloc_consolidate(): invalid chunk size
[2m[36m(launch_and_fit pid=3008619)[0m malloc_consolidate(): invalid chunk size
[2m[36m(launch_and_fit pid=3008614)[0m malloc_consolidate(): invalid chunk size
[2m[36m(launch_and_fit pid=3008879)[0m malloc_consolidate(): invalid chunk size
[2m[36m(launch_and_fit pid=3008781)[0m malloc_consolidate(): invalid chunk size
[2m[36m(launch_and_fit pid=3008880)[0m malloc_consolidate(): invalid chunk size
[2m[36m(launch_and_fit pid=3008881)[0m double free or corruption (fasttop)
INFO flwr 2023-08-19 17:46:09,286 | fed_df.py:540 | Distillation training stopped at step number : 250
INFO flwr 2023-08-19 17:46:09,286 | fed_df.py:547 | Average fusion training loss : 0.03540413659438491, val accuracy : 0.18316, best val accuracy : 0.188
INFO flwr 2023-08-19 17:46:09,288 | common.py:35 | Avg. local train loss : 19.365080028772358, train acc : 0.2936444444444444
INFO flwr 2023-08-19 17:46:12,068 | server.py:116 | fit progress: (20, 4.14946552734375, {'server_test_acc': 0.1829}, 1798.1091219731607)
INFO flwr 2023-08-19 17:46:12,068 | server.py:163 | evaluate_round 20: no clients selected, cancel
DEBUG flwr 2023-08-19 17:46:18,218 | server.py:215 | fit_round 21: strategy sampled 8 clients (out of 20)
[2m[36m(launch_and_fit pid=3160911)[0m double free or corruption (fasttop)
DEBUG flwr 2023-08-19 17:46:51,260 | server.py:229 | fit_round 21 received 8 results and 0 failures
INFO flwr 2023-08-19 17:46:51,423 | fed_df.py:463 | Performing server side distillation training...
[2m[36m(launch_and_fit pid=3160911)[0m Fitting Client 12
[2m[36m(launch_and_fit pid=3161054)[0m Fitting Client 5
[2m[36m(launch_and_fit pid=3161056)[0m Fitting Client 16
[2m[36m(launch_and_fit pid=3161057)[0m Fitting Client 0
[2m[36m(launch_and_fit pid=3161034)[0m Fitting Client 7
[2m[36m(launch_and_fit pid=3161052)[0m Fitting Client 11
[2m[36m(launch_and_fit pid=3161055)[0m Fitting Client 9
[2m[36m(launch_and_fit pid=3161037)[0m Fitting Client 10
[2m[36m(launch_and_fit pid=3161057)[0m double free or corruption (fasttop)
[2m[36m(launch_and_fit pid=3161052)[0m malloc_consolidate(): invalid chunk size
[2m[36m(launch_and_fit pid=3161056)[0m malloc_consolidate(): invalid chunk size
[2m[36m(launch_and_fit pid=3161034)[0m double free or corruption (fasttop)
[2m[36m(launch_and_fit pid=3161055)[0m malloc_consolidate(): invalid chunk size
[2m[36m(launch_and_fit pid=3161054)[0m malloc_consolidate(): invalid chunk size
[2m[36m(launch_and_fit pid=3161037)[0m double free or corruption (fasttop)
E0819 17:47:01.441857138 3241024 chttp2_transport.cc:1079]             ipv4:145.136.62.47:44074: Received a GOAWAY with error code ENHANCE_YOUR_CALM and debug data equal to "too_many_pings". Current keepalive time (before throttling): ∞
INFO flwr 2023-08-19 17:47:40,196 | fed_df.py:540 | Distillation training stopped at step number : 250
INFO flwr 2023-08-19 17:47:40,197 | fed_df.py:547 | Average fusion training loss : 0.022667385088279843, val accuracy : 0.19032, best val accuracy : 0.1936
INFO flwr 2023-08-19 17:47:40,198 | common.py:35 | Avg. local train loss : 19.229525497555734, train acc : 0.3071722222222222
INFO flwr 2023-08-19 17:47:43,222 | server.py:116 | fit progress: (21, 4.1462045043945315, {'server_test_acc': 0.197}, 1889.2638445878401)
INFO flwr 2023-08-19 17:47:43,223 | server.py:163 | evaluate_round 21: no clients selected, cancel
DEBUG flwr 2023-08-19 17:47:48,747 | server.py:215 | fit_round 22: strategy sampled 8 clients (out of 20)
DEBUG flwr 2023-08-19 17:48:21,538 | server.py:229 | fit_round 22 received 8 results and 0 failures
INFO flwr 2023-08-19 17:48:21,699 | fed_df.py:463 | Performing server side distillation training...
[2m[36m(launch_and_fit pid=3305784)[0m Fitting Client 11
[2m[36m(launch_and_fit pid=3305786)[0m Fitting Client 2
[2m[36m(launch_and_fit pid=3305922)[0m Fitting Client 5
[2m[36m(launch_and_fit pid=3305905)[0m Fitting Client 10
[2m[36m(launch_and_fit pid=3305906)[0m Fitting Client 16
[2m[36m(launch_and_fit pid=3305923)[0m Fitting Client 7
[2m[36m(launch_and_fit pid=3305787)[0m Fitting Client 12
[2m[36m(launch_and_fit pid=3305785)[0m Fitting Client 3
[2m[36m(launch_and_fit pid=3305786)[0m malloc_consolidate(): invalid chunk size
[2m[36m(launch_and_fit pid=3305906)[0m double free or corruption (fasttop)
[2m[36m(launch_and_fit pid=3305922)[0m malloc_consolidate(): invalid chunk size
[2m[36m(launch_and_fit pid=3305787)[0m corrupted size vs. prev_size in fastbins
[2m[36m(launch_and_fit pid=3305905)[0m double free or corruption (fasttop)
[2m[36m(launch_and_fit pid=3305784)[0m double free or corruption (fasttop)
[2m[36m(launch_and_fit pid=3305785)[0m malloc_consolidate(): invalid chunk size
[2m[36m(launch_and_fit pid=3305923)[0m double free or corruption (fasttop)
E0819 17:48:23.947229750 3363733 chttp2_transport.cc:1079]             ipv4:145.136.62.47:44074: Received a GOAWAY with error code ENHANCE_YOUR_CALM and debug data equal to "too_many_pings". Current keepalive time (before throttling): ∞
INFO flwr 2023-08-19 17:49:11,274 | fed_df.py:540 | Distillation training stopped at step number : 250
INFO flwr 2023-08-19 17:49:11,275 | fed_df.py:547 | Average fusion training loss : 0.01806705174362287, val accuracy : 0.19184, best val accuracy : 0.1954
INFO flwr 2023-08-19 17:49:11,276 | common.py:35 | Avg. local train loss : 19.245174154639244, train acc : 0.3075277777777778
INFO flwr 2023-08-19 17:49:14,201 | server.py:116 | fit progress: (22, 4.141922814941406, {'server_test_acc': 0.1984}, 1980.2421843549237)
INFO flwr 2023-08-19 17:49:14,201 | server.py:163 | evaluate_round 22: no clients selected, cancel
DEBUG flwr 2023-08-19 17:49:19,880 | server.py:215 | fit_round 23: strategy sampled 8 clients (out of 20)
[2m[36m(launch_and_fit pid=3441584)[0m double free or corruption (fasttop)
[2m[36m(launch_and_fit pid=3441585)[0m malloc_consolidate(): invalid chunk size
[2m[36m(launch_and_fit pid=3441608)[0m malloc_consolidate(): invalid chunk size
DEBUG flwr 2023-08-19 17:49:53,282 | server.py:229 | fit_round 23 received 8 results and 0 failures
INFO flwr 2023-08-19 17:49:53,450 | fed_df.py:463 | Performing server side distillation training...
[2m[36m(launch_and_fit pid=3441584)[0m Fitting Client 3
[2m[36m(launch_and_fit pid=3441585)[0m Fitting Client 12
[2m[36m(launch_and_fit pid=3441601)[0m Fitting Client 0
[2m[36m(launch_and_fit pid=3441603)[0m Fitting Client 14
[2m[36m(launch_and_fit pid=3441607)[0m Fitting Client 4
[2m[36m(launch_and_fit pid=3441608)[0m Fitting Client 1
[2m[36m(launch_and_fit pid=3441605)[0m Fitting Client 17
[2m[36m(launch_and_fit pid=3441606)[0m Fitting Client 19
[2m[36m(launch_and_fit pid=3441607)[0m double free or corruption (fasttop)
[2m[36m(launch_and_fit pid=3441606)[0m double free or corruption (fasttop)
[2m[36m(launch_and_fit pid=3441605)[0m malloc_consolidate(): invalid chunk size
E0819 17:49:54.714583589 3498748 chttp2_transport.cc:1079]             ipv4:145.136.62.47:44074: Received a GOAWAY with error code ENHANCE_YOUR_CALM and debug data equal to "too_many_pings". Current keepalive time (before throttling): ∞
[2m[36m(launch_and_fit pid=3441603)[0m malloc_consolidate(): invalid chunk size
[2m[36m(launch_and_fit pid=3441601)[0m malloc_consolidate(): invalid chunk size
INFO flwr 2023-08-19 17:50:42,736 | fed_df.py:540 | Distillation training stopped at step number : 250
INFO flwr 2023-08-19 17:50:42,736 | fed_df.py:547 | Average fusion training loss : 0.02465421026945114, val accuracy : 0.19888, best val accuracy : 0.204
INFO flwr 2023-08-19 17:50:42,738 | common.py:35 | Avg. local train loss : 19.089449468255044, train acc : 0.32050555555555554
INFO flwr 2023-08-19 17:50:45,629 | server.py:116 | fit progress: (23, 4.099597583007813, {'server_test_acc': 0.2054}, 2071.6702489960007)
INFO flwr 2023-08-19 17:50:45,629 | server.py:163 | evaluate_round 23: no clients selected, cancel
DEBUG flwr 2023-08-19 17:50:51,282 | server.py:215 | fit_round 24: strategy sampled 8 clients (out of 20)
[2m[36m(launch_and_fit pid=3580784)[0m malloc_consolidate(): invalid chunk size
DEBUG flwr 2023-08-19 17:51:23,416 | server.py:229 | fit_round 24 received 8 results and 0 failures
INFO flwr 2023-08-19 17:51:23,577 | fed_df.py:463 | Performing server side distillation training...
[2m[36m(launch_and_fit pid=3580784)[0m Fitting Client 19
[2m[36m(launch_and_fit pid=3580792)[0m Fitting Client 4
[2m[36m(launch_and_fit pid=3580791)[0m Fitting Client 3
[2m[36m(launch_and_fit pid=3580800)[0m Fitting Client 6
[2m[36m(launch_and_fit pid=3580916)[0m Fitting Client 11
[2m[36m(launch_and_fit pid=3580896)[0m Fitting Client 16
[2m[36m(launch_and_fit pid=3580799)[0m Fitting Client 9
[2m[36m(launch_and_fit pid=3580872)[0m Fitting Client 17
[2m[36m(launch_and_fit pid=3580799)[0m malloc_consolidate(): invalid chunk size
[2m[36m(launch_and_fit pid=3580872)[0m malloc_consolidate(): invalid chunk size
[2m[36m(launch_and_fit pid=3580896)[0m malloc_consolidate(): invalid chunk size
[2m[36m(launch_and_fit pid=3580916)[0m malloc_consolidate(): invalid chunk size
[2m[36m(launch_and_fit pid=3580792)[0m malloc_consolidate(): invalid chunk size
[2m[36m(launch_and_fit pid=3580791)[0m malloc_consolidate(): invalid chunk size
E0819 17:51:24.902272825 3633671 chttp2_transport.cc:1079]             ipv4:145.136.62.47:44074: Received a GOAWAY with error code ENHANCE_YOUR_CALM and debug data equal to "too_many_pings". Current keepalive time (before throttling): ∞
[2m[36m(launch_and_fit pid=3580800)[0m malloc_consolidate(): invalid chunk size
INFO flwr 2023-08-19 17:52:13,064 | fed_df.py:540 | Distillation training stopped at step number : 250
INFO flwr 2023-08-19 17:52:13,064 | fed_df.py:547 | Average fusion training loss : 0.013324918223544955, val accuracy : 0.21168, best val accuracy : 0.2154
INFO flwr 2023-08-19 17:52:13,066 | common.py:35 | Avg. local train loss : 18.93779190182686, train acc : 0.34082222222222225
INFO flwr 2023-08-19 17:52:16,189 | server.py:116 | fit progress: (24, 4.117481982421875, {'server_test_acc': 0.2136}, 2162.2304555978626)
INFO flwr 2023-08-19 17:52:16,189 | server.py:163 | evaluate_round 24: no clients selected, cancel
DEBUG flwr 2023-08-19 17:52:21,788 | server.py:215 | fit_round 25: strategy sampled 8 clients (out of 20)
[2m[36m(launch_and_fit pid=3715415)[0m malloc_consolidate(): invalid chunk size
DEBUG flwr 2023-08-19 17:52:53,635 | server.py:229 | fit_round 25 received 8 results and 0 failures
[2m[36m(launch_and_fit pid=3715409)[0m double free or corruption (fasttop)
INFO flwr 2023-08-19 17:52:53,756 | fed_df.py:365 | Warm start at round 25
[2m[36m(launch_and_fit pid=3715417)[0m malloc_consolidate(): invalid chunk size
INFO flwr 2023-08-19 17:52:53,952 | fed_df.py:463 | Performing server side distillation training...
[2m[36m(launch_and_fit pid=3715416)[0m malloc_consolidate(): invalid chunk size
[2m[36m(launch_and_fit pid=3715409)[0m Fitting Client 8
[2m[36m(launch_and_fit pid=3715416)[0m Fitting Client 4
[2m[36m(launch_and_fit pid=3715415)[0m Fitting Client 5
[2m[36m(launch_and_fit pid=3715505)[0m Fitting Client 9
[2m[36m(launch_and_fit pid=3715417)[0m Fitting Client 1
[2m[36m(launch_and_fit pid=3715414)[0m Fitting Client 10
[2m[36m(launch_and_fit pid=3715418)[0m Fitting Client 2
[2m[36m(launch_and_fit pid=3715420)[0m Fitting Client 15
[2m[36m(launch_and_fit pid=3715505)[0m malloc_consolidate(): invalid chunk size
E0819 17:52:54.737095686 3634008 chttp2_transport.cc:1079]             ipv4:145.136.62.47:44074: Received a GOAWAY with error code ENHANCE_YOUR_CALM and debug data equal to "too_many_pings". Current keepalive time (before throttling): ∞
[2m[36m(launch_and_fit pid=3715420)[0m malloc_consolidate(): invalid chunk size
[2m[36m(launch_and_fit pid=3715418)[0m malloc_consolidate(): invalid chunk size
[2m[36m(launch_and_fit pid=3715414)[0m malloc_consolidate(): invalid chunk size
INFO flwr 2023-08-19 17:53:42,840 | fed_df.py:540 | Distillation training stopped at step number : 250
INFO flwr 2023-08-19 17:53:42,841 | fed_df.py:547 | Average fusion training loss : 0.017217898619826883, val accuracy : 0.21564, best val accuracy : 0.2192
INFO flwr 2023-08-19 17:53:42,842 | common.py:35 | Avg. local train loss : 19.132903584837916, train acc : 0.32181666666666664
INFO flwr 2023-08-19 17:53:45,623 | server.py:116 | fit progress: (25, 4.0928207275390625, {'server_test_acc': 0.2266}, 2251.6644668448716)
INFO flwr 2023-08-19 17:53:45,623 | server.py:163 | evaluate_round 25: no clients selected, cancel
DEBUG flwr 2023-08-19 17:53:51,237 | server.py:215 | fit_round 26: strategy sampled 8 clients (out of 20)
DEBUG flwr 2023-08-19 17:54:23,358 | server.py:229 | fit_round 26 received 8 results and 0 failures
[2m[36m(launch_and_fit pid=3848724)[0m double free or corruption (fasttop)
INFO flwr 2023-08-19 17:54:23,520 | fed_df.py:463 | Performing server side distillation training...
[2m[36m(launch_and_fit pid=3848884)[0m Fitting Client 15
[2m[36m(launch_and_fit pid=3848886)[0m Fitting Client 4
[2m[36m(launch_and_fit pid=3848908)[0m Fitting Client 0
[2m[36m(launch_and_fit pid=3848724)[0m Fitting Client 9
[2m[36m(launch_and_fit pid=3848761)[0m Fitting Client 14
[2m[36m(launch_and_fit pid=3848763)[0m Fitting Client 17
[2m[36m(launch_and_fit pid=3848907)[0m Fitting Client 18
[2m[36m(launch_and_fit pid=3848885)[0m Fitting Client 6
[2m[36m(launch_and_fit pid=3848886)[0m malloc_consolidate(): invalid chunk size
[2m[36m(launch_and_fit pid=3848763)[0m malloc_consolidate(): invalid chunk size
[2m[36m(launch_and_fit pid=3848907)[0m double free or corruption (fasttop)
[2m[36m(launch_and_fit pid=3848761)[0m malloc_consolidate(): invalid chunk size
[2m[36m(launch_and_fit pid=3848884)[0m malloc_consolidate(): invalid chunk size
[2m[36m(launch_and_fit pid=3848885)[0m malloc_consolidate(): invalid chunk size
[2m[36m(launch_and_fit pid=3848908)[0m malloc_consolidate(): invalid chunk size
INFO flwr 2023-08-19 17:55:12,652 | fed_df.py:540 | Distillation training stopped at step number : 250
INFO flwr 2023-08-19 17:55:12,652 | fed_df.py:547 | Average fusion training loss : 0.023786506405100227, val accuracy : 0.21648, best val accuracy : 0.2202
INFO flwr 2023-08-19 17:55:12,654 | common.py:35 | Avg. local train loss : 18.79865629374981, train acc : 0.34852777777777777
INFO flwr 2023-08-19 17:55:15,589 | server.py:116 | fit progress: (26, 4.138328186035157, {'server_test_acc': 0.2211}, 2341.6303745177574)
INFO flwr 2023-08-19 17:55:15,589 | server.py:163 | evaluate_round 26: no clients selected, cancel
DEBUG flwr 2023-08-19 17:55:21,448 | server.py:215 | fit_round 27: strategy sampled 8 clients (out of 20)
[2m[36m(launch_and_fit pid=3984785)[0m double free or corruption (fasttop)
[2m[36m(launch_and_fit pid=3984714)[0m double free or corruption (fasttop)
DEBUG flwr 2023-08-19 17:55:53,261 | server.py:229 | fit_round 27 received 8 results and 0 failures
[2m[36m(launch_and_fit pid=3984784)[0m double free or corruption (fasttop)
INFO flwr 2023-08-19 17:55:53,420 | fed_df.py:463 | Performing server side distillation training...
[2m[36m(launch_and_fit pid=3984714)[0m Fitting Client 13
[2m[36m(launch_and_fit pid=3984785)[0m Fitting Client 8
[2m[36m(launch_and_fit pid=3984787)[0m Fitting Client 6
[2m[36m(launch_and_fit pid=3984856)[0m Fitting Client 5
[2m[36m(launch_and_fit pid=3984855)[0m Fitting Client 9
[2m[36m(launch_and_fit pid=3984783)[0m Fitting Client 15
[2m[36m(launch_and_fit pid=3984716)[0m Fitting Client 1
[2m[36m(launch_and_fit pid=3984784)[0m Fitting Client 12
[2m[36m(launch_and_fit pid=3984783)[0m malloc_consolidate(): invalid chunk size
[2m[36m(launch_and_fit pid=3984787)[0m malloc_consolidate(): invalid chunk size
[2m[36m(launch_and_fit pid=3984855)[0m double free or corruption (fasttop)
[2m[36m(launch_and_fit pid=3984856)[0m malloc_consolidate(): invalid chunk size
[2m[36m(launch_and_fit pid=3984716)[0m malloc_consolidate(): invalid chunk size
E0819 17:55:58.786755934 3767477 chttp2_transport.cc:1079]             ipv4:145.136.62.47:44074: Received a GOAWAY with error code ENHANCE_YOUR_CALM and debug data equal to "too_many_pings". Current keepalive time (before throttling): ∞
INFO flwr 2023-08-19 17:56:42,982 | fed_df.py:540 | Distillation training stopped at step number : 250
INFO flwr 2023-08-19 17:56:42,982 | fed_df.py:547 | Average fusion training loss : 0.025717275183647872, val accuracy : 0.21000000000000002, best val accuracy : 0.2128
INFO flwr 2023-08-19 17:56:42,984 | common.py:35 | Avg. local train loss : 19.05776786506176, train acc : 0.3296555555555556
INFO flwr 2023-08-19 17:56:45,745 | server.py:116 | fit progress: (27, 4.140986828613281, {'server_test_acc': 0.2223}, 2431.786214279942)
INFO flwr 2023-08-19 17:56:45,745 | server.py:163 | evaluate_round 27: no clients selected, cancel
DEBUG flwr 2023-08-19 17:56:51,629 | server.py:215 | fit_round 28: strategy sampled 8 clients (out of 20)
[2m[36m(launch_and_fit pid=4118855)[0m double free or corruption (fasttop)
DEBUG flwr 2023-08-19 17:57:23,806 | server.py:229 | fit_round 28 received 8 results and 0 failures
[2m[36m(launch_and_fit pid=4118856)[0m malloc_consolidate(): invalid chunk size
INFO flwr 2023-08-19 17:57:23,970 | fed_df.py:463 | Performing server side distillation training...
[2m[36m(launch_and_fit pid=4118855)[0m Fitting Client 3
[2m[36m(launch_and_fit pid=4118885)[0m Fitting Client 14
[2m[36m(launch_and_fit pid=4118930)[0m Fitting Client 4
[2m[36m(launch_and_fit pid=4118929)[0m Fitting Client 13
[2m[36m(launch_and_fit pid=4118928)[0m Fitting Client 18
[2m[36m(launch_and_fit pid=4118856)[0m Fitting Client 15
[2m[36m(launch_and_fit pid=4118858)[0m Fitting Client 8
[2m[36m(launch_and_fit pid=4118931)[0m Fitting Client 6
[2m[36m(launch_and_fit pid=4118928)[0m malloc_consolidate(): invalid chunk size
[2m[36m(launch_and_fit pid=4118858)[0m malloc_consolidate(): invalid chunk size
[2m[36m(launch_and_fit pid=4118930)[0m malloc_consolidate(): invalid chunk size
[2m[36m(launch_and_fit pid=4118931)[0m malloc_consolidate(): invalid chunk size
E0819 17:57:25.098362717 4043800 chttp2_transport.cc:1079]             ipv4:145.136.62.47:44074: Received a GOAWAY with error code ENHANCE_YOUR_CALM and debug data equal to "too_many_pings". Current keepalive time (before throttling): ∞
[2m[36m(launch_and_fit pid=4118885)[0m malloc_consolidate(): invalid chunk size
[2m[36m(launch_and_fit pid=4118929)[0m malloc_consolidate(): invalid chunk size
INFO flwr 2023-08-19 17:58:11,736 | fed_df.py:540 | Distillation training stopped at step number : 250
INFO flwr 2023-08-19 17:58:11,737 | fed_df.py:547 | Average fusion training loss : 0.027993878757581116, val accuracy : 0.20872000000000002, best val accuracy : 0.2124
INFO flwr 2023-08-19 17:58:11,738 | common.py:35 | Avg. local train loss : 18.876353693008422, train acc : 0.34028888888888886
INFO flwr 2023-08-19 17:58:14,457 | server.py:116 | fit progress: (28, 4.152093371582032, {'server_test_acc': 0.2173}, 2520.4984101080336)
INFO flwr 2023-08-19 17:58:14,457 | server.py:163 | evaluate_round 28: no clients selected, cancel
DEBUG flwr 2023-08-19 17:58:20,026 | server.py:215 | fit_round 29: strategy sampled 8 clients (out of 20)
[2m[36m(launch_and_fit pid=60751)[0m double free or corruption (fasttop)
DEBUG flwr 2023-08-19 17:58:52,286 | server.py:229 | fit_round 29 received 8 results and 0 failures
INFO flwr 2023-08-19 17:58:52,444 | fed_df.py:463 | Performing server side distillation training...
[2m[36m(launch_and_fit pid=60754)[0m Fitting Client 14
[2m[36m(launch_and_fit pid=60751)[0m Fitting Client 7
[2m[36m(launch_and_fit pid=60822)[0m Fitting Client 11
[2m[36m(launch_and_fit pid=60753)[0m Fitting Client 8
[2m[36m(launch_and_fit pid=60750)[0m Fitting Client 9
[2m[36m(launch_and_fit pid=60719)[0m Fitting Client 15
[2m[36m(launch_and_fit pid=60752)[0m Fitting Client 3
[2m[36m(launch_and_fit pid=60749)[0m Fitting Client 13
[2m[36m(launch_and_fit pid=60749)[0m malloc_consolidate(): invalid chunk size
[2m[36m(launch_and_fit pid=60822)[0m malloc_consolidate(): invalid chunk size
E0819 17:58:53.437796041 4173131 chttp2_transport.cc:1079]             ipv4:145.136.62.47:44074: Received a GOAWAY with error code ENHANCE_YOUR_CALM and debug data equal to "too_many_pings". Current keepalive time (before throttling): ∞
[2m[36m(launch_and_fit pid=60719)[0m malloc_consolidate(): invalid chunk size
[2m[36m(launch_and_fit pid=60750)[0m double free or corruption (fasttop)
[2m[36m(launch_and_fit pid=60753)[0m malloc_consolidate(): invalid chunk size
[2m[36m(launch_and_fit pid=60752)[0m malloc_consolidate(): invalid chunk size
E0819 17:59:33.171202908  113881 chttp2_transport.cc:1079]             ipv4:145.136.62.47:44074: Received a GOAWAY with error code ENHANCE_YOUR_CALM and debug data equal to "too_many_pings". Current keepalive time (before throttling): ∞
INFO flwr 2023-08-19 17:59:39,897 | fed_df.py:540 | Distillation training stopped at step number : 250
INFO flwr 2023-08-19 17:59:39,897 | fed_df.py:547 | Average fusion training loss : 0.02247703783493489, val accuracy : 0.21288, best val accuracy : 0.218
INFO flwr 2023-08-19 17:59:39,898 | common.py:35 | Avg. local train loss : 18.909548053145407, train acc : 0.33853333333333335
INFO flwr 2023-08-19 17:59:42,634 | server.py:116 | fit progress: (29, 4.151373767089844, {'server_test_acc': 0.2217}, 2608.67508909991)
INFO flwr 2023-08-19 17:59:42,634 | server.py:163 | evaluate_round 29: no clients selected, cancel
DEBUG flwr 2023-08-19 17:59:48,231 | server.py:215 | fit_round 30: strategy sampled 8 clients (out of 20)
[2m[36m(launch_and_fit pid=194321)[0m double free or corruption (fasttop)
DEBUG flwr 2023-08-19 18:00:20,185 | server.py:229 | fit_round 30 received 8 results and 0 failures
[2m[36m(launch_and_fit pid=194360)[0m malloc_consolidate(): invalid chunk size
INFO flwr 2023-08-19 18:00:20,305 | fed_df.py:365 | Warm start at round 30
[2m[36m(launch_and_fit pid=194326)[0m malloc_consolidate(): invalid chunk size
INFO flwr 2023-08-19 18:00:20,403 | fed_df.py:463 | Performing server side distillation training...
[2m[36m(launch_and_fit pid=194321)[0m Fitting Client 2
[2m[36m(launch_and_fit pid=194323)[0m Fitting Client 18
[2m[36m(launch_and_fit pid=194326)[0m Fitting Client 13
[2m[36m(launch_and_fit pid=194325)[0m Fitting Client 16
[2m[36m(launch_and_fit pid=194363)[0m Fitting Client 15
[2m[36m(launch_and_fit pid=194361)[0m Fitting Client 10
[2m[36m(launch_and_fit pid=194360)[0m Fitting Client 14
[2m[36m(launch_and_fit pid=194362)[0m Fitting Client 3
[2m[36m(launch_and_fit pid=194363)[0m malloc_consolidate(): invalid chunk size
[2m[36m(launch_and_fit pid=194325)[0m malloc_consolidate(): invalid chunk size
E0819 18:00:21.596711727  169360 chttp2_transport.cc:1079]             ipv4:145.136.62.47:44074: Received a GOAWAY with error code ENHANCE_YOUR_CALM and debug data equal to "too_many_pings". Current keepalive time (before throttling): ∞
[2m[36m(launch_and_fit pid=194361)[0m double free or corruption (fasttop)
[2m[36m(launch_and_fit pid=194362)[0m double free or corruption (fasttop)
INFO flwr 2023-08-19 18:01:06,901 | fed_df.py:540 | Distillation training stopped at step number : 250
INFO flwr 2023-08-19 18:01:06,902 | fed_df.py:547 | Average fusion training loss : 0.024171159137040377, val accuracy : 0.21444000000000002, best val accuracy : 0.2184
INFO flwr 2023-08-19 18:01:06,903 | common.py:35 | Avg. local train loss : 18.991216152906414, train acc : 0.3281277777777778
INFO flwr 2023-08-19 18:01:09,628 | server.py:116 | fit progress: (30, 4.157976452636719, {'server_test_acc': 0.2236}, 2695.669843075797)
INFO flwr 2023-08-19 18:01:09,629 | server.py:163 | evaluate_round 30: no clients selected, cancel
INFO flwr 2023-08-19 18:01:09,629 | server.py:144 | FL finished in 2695.6701953751035
INFO flwr 2023-08-19 18:01:09,629 | app.py:202 | app_fit: losses_distributed []
INFO flwr 2023-08-19 18:01:09,630 | app.py:203 | app_fit: metrics_distributed {}
INFO flwr 2023-08-19 18:01:09,630 | app.py:204 | app_fit: losses_centralized [(0, 4.651723132324219), (1, 4.692214880371094), (2, 4.564594360351562), (3, 4.49299775390625), (4, 4.546099890136719), (5, 4.472128869628906), (6, 4.32614013671875), (7, 4.367642419433594), (8, 4.3054091796875), (9, 4.30417333984375), (10, 4.289107958984375), (11, 4.316784924316406), (12, 4.302858215332031), (13, 4.236402111816406), (14, 4.1806024536132815), (15, 4.175551684570313), (16, 4.172237548828125), (17, 4.155607287597657), (18, 4.166222326660156), (19, 4.1433416381835935), (20, 4.14946552734375), (21, 4.1462045043945315), (22, 4.141922814941406), (23, 4.099597583007813), (24, 4.117481982421875), (25, 4.0928207275390625), (26, 4.138328186035157), (27, 4.140986828613281), (28, 4.152093371582032), (29, 4.151373767089844), (30, 4.157976452636719)]
INFO flwr 2023-08-19 18:01:09,630 | app.py:205 | app_fit: metrics_centralized {'server_test_acc': [(0, 0.0095), (1, 0.0622), (2, 0.0718), (3, 0.0768), (4, 0.084), (5, 0.0915), (6, 0.0958), (7, 0.094), (8, 0.111), (9, 0.1148), (10, 0.1255), (11, 0.1314), (12, 0.1373), (13, 0.1467), (14, 0.1548), (15, 0.1739), (16, 0.1732), (17, 0.1738), (18, 0.1835), (19, 0.1871), (20, 0.1829), (21, 0.197), (22, 0.1984), (23, 0.2054), (24, 0.2136), (25, 0.2266), (26, 0.2211), (27, 0.2223), (28, 0.2173), (29, 0.2217), (30, 0.2236)]}
double free or corruption (fasttop)
srun: error: gcn47: task 0: Aborted
srun: Terminating StepId=3423136.1
-----EXPERIMENT ENDS-----
-----CLEANING UP DISK------
-----END-----

JOB STATISTICS
==============
Job ID: 3423136
Cluster: snellius
User/Group: sunnys/sunnys
State: COMPLETED (exit code 0)
Nodes: 1
Cores per node: 18
CPU Utilized: 01:38:43
CPU Efficiency: 11.53% of 14:16:12 core-walltime
Job Wall-clock time: 00:47:34
Memory Utilized: 41.48 GB
Memory Efficiency: 34.57% of 120.00 GB
