-----BEGIN-----
-----SETTINGS-----
TOTAL CROPS:5000
STRATEGY:feddf
MODEL_NAME:resnet8
MODEL_LIST:{'resnet8':6,'wresnet-16-4':7,'resnet20':7}
NUM_CLIENTS:20
NUM_ROUNDS:30
FRACTION_FIT:0.4
FRACTION_EVALUATE:0.0
DATASET_NAME:cifar10
PARTITION_ALPHA:1.0
PARTITION_VAL_RATIO:0.1
BATCH_SIZE:512
LOCAL_EPOCHS:40
LOCAL_LR:0.01
DISTILL_BATCH_SIZE:32
SERVER_LR:0.005
USE_ADAPTIVE_LR:False
USE_ADAPTIVE_LR_ROUND:False
SERVER_STEPS:500
SERVER_EARLY_STEPS:1000
USE_EARLY_STOPPING:False
SERVER_STEPS_ADAPTIVE:False
SERVER_STEPS_ADAPTIVE_MIN:250
SERVER_STEPS_ADAPTIVE_INTERVAL:5
SEED:42
CUDA_DETERMINISTIC:False
USE_CROPS:False
IMG_NAME:ameyoko_small.jpg
DISTILL_DATASET:cifar100
DISTILL_ALPHA:1.0
NUM_DISTILL_IMAGES:5000
DISTILL_TRANSFORMS:v0
WARM_START:True
WARM_START_ROUNDS:1
WARM_START_INTERVAL:5
KMEANS_N_CLUSTER:1000
KMEANS_HEURISTICS:hard
KMEANS_MIXED_FACTOR:50-50
KMEANS_BALANCING:1.0
CONFIDENCE_THRESHOLD:0.9
CONFIDENCE_STRATEGY:top
CONFIDENCE_ADAPTIVE:False
CONFIDENCE_MAX_THRESH:0.5
CLIPPING_FACTOR:2.5
FEDPROX_FACTOR:2.0
FEDPROX_ADAPTIVE:False
USE_CLIPPING:True
USE_ENTROPY:False
USE_KMEANS:False
USE_FEDPROX:False
-----SETTINGS END-----
-----EXPERIMENT BEGINS-----
Simulating feddf training
INFO simulate 2023-09-27 15:51:04,221 | simulate.py:51 | Python script started : simulate.py
DEBUG simulate 2023-09-27 15:51:04,221 | simulate.py:56 | Reading args from argument parser
INFO flwr 2023-09-27 15:51:25,694 | app.py:145 | Starting Flower simulation, config: ServerConfig(num_rounds=30, round_timeout=None)
2023-09-27 15:51:28,254	INFO worker.py:1529 -- Started a local Ray instance. View the dashboard at [1m[32m127.0.0.1:8265 [39m[22m
INFO flwr 2023-09-27 15:51:29,272 | app.py:179 | Flower VCE: Ray initialized with resources: {'node:145.136.62.14': 1.0, 'accelerator_type:A100': 1.0, 'GPU': 1.0, 'CPU': 18.0, 'object_store_memory': 61847529062.0, 'memory': 103079215104.0}
INFO flwr 2023-09-27 15:51:29,273 | server.py:86 | Initializing global parameters
INFO flwr 2023-09-27 15:51:29,273 | server.py:266 | Using initial parameters provided by strategy
INFO flwr 2023-09-27 15:51:29,273 | server.py:88 | Evaluating initial parameters
Downloading https://www.cs.toronto.edu/~kriz/cifar-10-python.tar.gz to /scratch-local/sunnys.3936860/1695822652_293952008/cifar-10-python.tar.gz
Extracting /scratch-local/sunnys.3936860/1695822652_293952008/cifar-10-python.tar.gz to /scratch-local/sunnys.3936860/1695822652_293952008
Generating unified cifar10 dataset
Class histogram for 0-th partition (alpha=1.0, 10 classes): [440 381 415  39  10 257 227 532  17 182]
Downloading https://www.cs.toronto.edu/~kriz/cifar-100-python.tar.gz to /scratch-local/sunnys.3936860/1695822652_293952008/cifar-100-python.tar.gz
Extracting /scratch-local/sunnys.3936860/1695822652_293952008/cifar-100-python.tar.gz to /scratch-local/sunnys.3936860/1695822652_293952008
INFO flwr 2023-09-27 15:51:34,117 | server.py:91 | initial parameters (loss, other metrics): 2.3234217651367186, {'server_test_acc': 0.108}
INFO flwr 2023-09-27 15:51:34,117 | server.py:101 | FL starting
DEBUG flwr 2023-09-27 15:51:38,872 | server.py:215 | fit_round 1: strategy sampled 8 clients (out of 20)
[2m[36m(launch_and_fit pid=1991596)[0m malloc_consolidate(): invalid chunk size
[2m[36m(launch_and_fit pid=1991595)[0m malloc_consolidate(): invalid chunk size
DEBUG flwr 2023-09-27 15:52:49,411 | server.py:229 | fit_round 1 received 8 results and 0 failures
INFO flwr 2023-09-27 15:52:49,522 | fed_df.py:367 | Warm start at round 1
[2m[36m(launch_and_fit pid=1991597)[0m double free or corruption (fasttop)
INFO flwr 2023-09-27 15:52:49,782 | fed_df.py:465 | Performing server side distillation training...
[2m[36m(launch_and_fit pid=1991600)[0m Fitting Client 5
[2m[36m(launch_and_fit pid=1991593)[0m Fitting Client 11
[2m[36m(launch_and_fit pid=1991597)[0m Fitting Client 3
[2m[36m(launch_and_fit pid=1991595)[0m Fitting Client 8
[2m[36m(launch_and_fit pid=1991599)[0m Fitting Client 12
[2m[36m(launch_and_fit pid=1991594)[0m Fitting Client 14
[2m[36m(launch_and_fit pid=1991598)[0m Fitting Client 2
[2m[36m(launch_and_fit pid=1991596)[0m Fitting Client 13
[2m[36m(launch_and_fit pid=1991600)[0m double free or corruption (fasttop)
[2m[36m(launch_and_fit pid=1991599)[0m malloc_consolidate(): invalid chunk size
[2m[36m(launch_and_fit pid=1991593)[0m malloc_consolidate(): invalid chunk size
[2m[36m(launch_and_fit pid=1991594)[0m double free or corruption (fasttop)
[2m[36m(launch_and_fit pid=1991598)[0m double free or corruption (fasttop)
E0927 15:52:52.249281101 1991059 chttp2_transport.cc:1079]             ipv4:145.136.62.14:46039: Received a GOAWAY with error code ENHANCE_YOUR_CALM and debug data equal to "too_many_pings". Current keepalive time (before throttling): 60000ms
INFO flwr 2023-09-27 15:53:12,117 | fed_df.py:545 | Distillation training stopped at step number : 500
INFO flwr 2023-09-27 15:53:12,117 | fed_df.py:552 | Average fusion training loss : 0.05259150594845414, val accuracy : 0.3644545454545455, best val accuracy : 0.4534
INFO flwr 2023-09-27 15:53:12,118 | common.py:35 | Avg. local train loss : 6.794365396164357, train acc : 0.5963277777777779
INFO flwr 2023-09-27 15:53:15,034 | server.py:116 | fit progress: (1, 1.539482000732422, {'server_test_acc': 0.4553}, 100.91668166199815)
INFO flwr 2023-09-27 15:53:15,034 | server.py:163 | evaluate_round 1: no clients selected, cancel
DEBUG flwr 2023-09-27 15:53:18,068 | server.py:215 | fit_round 2: strategy sampled 8 clients (out of 20)
[2m[36m(launch_and_fit pid=2095474)[0m double free or corruption (fasttop)
[2m[36m(launch_and_fit pid=2095477)[0m double free or corruption (fasttop)
[2m[36m(launch_and_fit pid=2095480)[0m double free or corruption (fasttop)
DEBUG flwr 2023-09-27 15:54:27,569 | server.py:229 | fit_round 2 received 8 results and 0 failures
INFO flwr 2023-09-27 15:54:27,725 | fed_df.py:465 | Performing server side distillation training...
[2m[36m(launch_and_fit pid=2095476)[0m Fitting Client 2
[2m[36m(launch_and_fit pid=2095474)[0m Fitting Client 8
[2m[36m(launch_and_fit pid=2095475)[0m Fitting Client 6
[2m[36m(launch_and_fit pid=2095480)[0m Fitting Client 17
[2m[36m(launch_and_fit pid=2095479)[0m Fitting Client 19
[2m[36m(launch_and_fit pid=2095481)[0m Fitting Client 15
[2m[36m(launch_and_fit pid=2095478)[0m Fitting Client 7
[2m[36m(launch_and_fit pid=2095477)[0m Fitting Client 5
[2m[36m(launch_and_fit pid=2095475)[0m double free or corruption (fasttop)
[2m[36m(launch_and_fit pid=2095476)[0m double free or corruption (fasttop)
E0927 15:54:28.494698229 2084744 chttp2_transport.cc:1079]             ipv4:145.136.62.14:46039: Received a GOAWAY with error code ENHANCE_YOUR_CALM and debug data equal to "too_many_pings". Current keepalive time (before throttling): 120000ms
[2m[36m(launch_and_fit pid=2095481)[0m malloc_consolidate(): invalid chunk size
[2m[36m(launch_and_fit pid=2095479)[0m malloc_consolidate(): invalid chunk size
[2m[36m(launch_and_fit pid=2095478)[0m malloc_consolidate(): invalid chunk size
INFO flwr 2023-09-27 15:54:50,009 | fed_df.py:545 | Distillation training stopped at step number : 500
INFO flwr 2023-09-27 15:54:50,009 | fed_df.py:552 | Average fusion training loss : 0.034282413955777885, val accuracy : 0.4344181818181818, best val accuracy : 0.4756
INFO flwr 2023-09-27 15:54:50,010 | common.py:35 | Avg. local train loss : 5.259026035480201, train acc : 0.7467611111111112
INFO flwr 2023-09-27 15:54:52,911 | server.py:116 | fit progress: (2, 1.4855894500732423, {'server_test_acc': 0.4822}, 198.7942973500176)
INFO flwr 2023-09-27 15:54:52,911 | server.py:163 | evaluate_round 2: no clients selected, cancel
DEBUG flwr 2023-09-27 15:54:55,996 | server.py:215 | fit_round 3: strategy sampled 8 clients (out of 20)
[2m[36m(launch_and_fit pid=2222698)[0m double free or corruption (fasttop)
[2m[36m(launch_and_fit pid=2222694)[0m malloc_consolidate(): invalid chunk size
DEBUG flwr 2023-09-27 15:56:05,343 | server.py:229 | fit_round 3 received 8 results and 0 failures
[2m[36m(launch_and_fit pid=2222703)[0m malloc_consolidate(): invalid chunk size
[2m[36m(launch_and_fit pid=2222701)[0m malloc_consolidate(): invalid chunk size
INFO flwr 2023-09-27 15:56:05,494 | fed_df.py:465 | Performing server side distillation training...
[2m[36m(launch_and_fit pid=2222696)[0m Fitting Client 17
[2m[36m(launch_and_fit pid=2222698)[0m Fitting Client 7
[2m[36m(launch_and_fit pid=2222694)[0m Fitting Client 8
[2m[36m(launch_and_fit pid=2222699)[0m Fitting Client 10
[2m[36m(launch_and_fit pid=2222703)[0m Fitting Client 0
[2m[36m(launch_and_fit pid=2222700)[0m Fitting Client 1
[2m[36m(launch_and_fit pid=2222701)[0m Fitting Client 3
[2m[36m(launch_and_fit pid=2222702)[0m Fitting Client 13
[2m[36m(launch_and_fit pid=2222696)[0m double free or corruption (fasttop)
[2m[36m(launch_and_fit pid=2222699)[0m malloc_consolidate(): invalid chunk size
E0927 15:56:07.188901466 2330006 chttp2_transport.cc:1079]             ipv4:145.136.62.14:46039: Received a GOAWAY with error code ENHANCE_YOUR_CALM and debug data equal to "too_many_pings". Current keepalive time (before throttling): 240000ms
[2m[36m(launch_and_fit pid=2222700)[0m double free or corruption (fasttop)
[2m[36m(launch_and_fit pid=2222702)[0m double free or corruption (fasttop)
INFO flwr 2023-09-27 15:56:27,811 | fed_df.py:545 | Distillation training stopped at step number : 500
INFO flwr 2023-09-27 15:56:27,811 | fed_df.py:552 | Average fusion training loss : 0.03332346568070352, val accuracy : 0.5033272727272727, best val accuracy : 0.547
INFO flwr 2023-09-27 15:56:27,812 | common.py:35 | Avg. local train loss : 5.048432203382253, train acc : 0.7767041666666666
INFO flwr 2023-09-27 15:56:30,744 | server.py:116 | fit progress: (3, 1.402245867919922, {'server_test_acc': 0.5354}, 296.62757943899487)
INFO flwr 2023-09-27 15:56:30,745 | server.py:163 | evaluate_round 3: no clients selected, cancel
DEBUG flwr 2023-09-27 15:56:33,810 | server.py:215 | fit_round 4: strategy sampled 8 clients (out of 20)
[2m[36m(launch_and_fit pid=2342007)[0m malloc_consolidate(): invalid chunk size
[2m[36m(launch_and_fit pid=2342011)[0m malloc_consolidate(): invalid chunk size
[2m[36m(launch_and_fit pid=2342006)[0m malloc_consolidate(): invalid chunk size
[2m[36m(launch_and_fit pid=2342014)[0m malloc_consolidate(): invalid chunk size
DEBUG flwr 2023-09-27 15:57:43,279 | server.py:229 | fit_round 4 received 8 results and 0 failures
INFO flwr 2023-09-27 15:57:43,430 | fed_df.py:465 | Performing server side distillation training...
[2m[36m(launch_and_fit pid=2342006)[0m Fitting Client 12
[2m[36m(launch_and_fit pid=2342007)[0m Fitting Client 10
[2m[36m(launch_and_fit pid=2342009)[0m Fitting Client 2
[2m[36m(launch_and_fit pid=2342010)[0m Fitting Client 6
[2m[36m(launch_and_fit pid=2342011)[0m Fitting Client 8
[2m[36m(launch_and_fit pid=2342014)[0m Fitting Client 11
[2m[36m(launch_and_fit pid=2342012)[0m Fitting Client 14
[2m[36m(launch_and_fit pid=2342013)[0m Fitting Client 9
[2m[36m(launch_and_fit pid=2342009)[0m malloc_consolidate(): invalid chunk size
[2m[36m(launch_and_fit pid=2342012)[0m double free or corruption (fasttop)
[2m[36m(launch_and_fit pid=2342010)[0m corrupted size vs. prev_size in fastbins
E0927 15:57:44.701067291 2432651 chttp2_transport.cc:1079]             ipv4:145.136.62.14:46039: Received a GOAWAY with error code ENHANCE_YOUR_CALM and debug data equal to "too_many_pings". Current keepalive time (before throttling): 480000ms
E0927 15:57:44.701134213 2432651 chttp2_transport.cc:1079]             ipv4:145.136.62.14:46039: Received a GOAWAY with error code ENHANCE_YOUR_CALM and debug data equal to "too_many_pings". Current keepalive time (before throttling): 480000ms
[2m[36m(launch_and_fit pid=2342013)[0m malloc_consolidate(): invalid chunk size
INFO flwr 2023-09-27 15:58:05,740 | fed_df.py:545 | Distillation training stopped at step number : 500
INFO flwr 2023-09-27 15:58:05,740 | fed_df.py:552 | Average fusion training loss : 0.03129381421022117, val accuracy : 0.514, best val accuracy : 0.56
INFO flwr 2023-09-27 15:58:05,742 | common.py:35 | Avg. local train loss : 5.063753035664558, train acc : 0.7739611111111111
INFO flwr 2023-09-27 15:58:08,671 | server.py:116 | fit progress: (4, 1.3754804626464843, {'server_test_acc': 0.5519}, 394.5544980370032)
INFO flwr 2023-09-27 15:58:08,672 | server.py:163 | evaluate_round 4: no clients selected, cancel
DEBUG flwr 2023-09-27 15:58:11,754 | server.py:215 | fit_round 5: strategy sampled 8 clients (out of 20)
[2m[36m(launch_and_fit pid=2445529)[0m malloc_consolidate(): invalid chunk size
[2m[36m(launch_and_fit pid=2445527)[0m malloc_consolidate(): invalid chunk size
DEBUG flwr 2023-09-27 15:59:21,189 | server.py:229 | fit_round 5 received 8 results and 0 failures
[2m[36m(launch_and_fit pid=2445520)[0m malloc_consolidate(): invalid chunk size
INFO flwr 2023-09-27 15:59:21,301 | fed_df.py:367 | Warm start at round 5
INFO flwr 2023-09-27 15:59:21,397 | fed_df.py:465 | Performing server side distillation training...
[2m[36m(launch_and_fit pid=2445522)[0m Fitting Client 15
[2m[36m(launch_and_fit pid=2445520)[0m Fitting Client 10
[2m[36m(launch_and_fit pid=2445524)[0m Fitting Client 6
[2m[36m(launch_and_fit pid=2445528)[0m Fitting Client 2
[2m[36m(launch_and_fit pid=2445527)[0m Fitting Client 14
[2m[36m(launch_and_fit pid=2445526)[0m Fitting Client 12
[2m[36m(launch_and_fit pid=2445530)[0m Fitting Client 4
[2m[36m(launch_and_fit pid=2445529)[0m Fitting Client 17
[2m[36m(launch_and_fit pid=2445528)[0m malloc_consolidate(): invalid chunk size
[2m[36m(launch_and_fit pid=2445526)[0m malloc_consolidate(): invalid chunk size
E0927 15:59:22.368359102 2433302 chttp2_transport.cc:1079]             ipv4:145.136.62.14:46039: Received a GOAWAY with error code ENHANCE_YOUR_CALM and debug data equal to "too_many_pings". Current keepalive time (before throttling): 960000ms
E0927 15:59:22.368431256 2433302 chttp2_transport.cc:1079]             ipv4:145.136.62.14:46039: Received a GOAWAY with error code ENHANCE_YOUR_CALM and debug data equal to "too_many_pings". Current keepalive time (before throttling): 960000ms
E0927 15:59:22.368442653 2433302 chttp2_transport.cc:1079]             ipv4:145.136.62.14:46039: Received a GOAWAY with error code ENHANCE_YOUR_CALM and debug data equal to "too_many_pings". Current keepalive time (before throttling): 960000ms
E0927 15:59:22.368451299 2433302 chttp2_transport.cc:1079]             ipv4:145.136.62.14:46039: Received a GOAWAY with error code ENHANCE_YOUR_CALM and debug data equal to "too_many_pings". Current keepalive time (before throttling): 960000ms
[2m[36m(launch_and_fit pid=2445524)[0m malloc_consolidate(): invalid chunk size
[2m[36m(launch_and_fit pid=2445530)[0m malloc_consolidate(): invalid chunk size
[2m[36m(launch_and_fit pid=2445522)[0m double free or corruption (fasttop)
INFO flwr 2023-09-27 15:59:43,726 | fed_df.py:545 | Distillation training stopped at step number : 500
INFO flwr 2023-09-27 15:59:43,726 | fed_df.py:552 | Average fusion training loss : 0.030923988327383994, val accuracy : 0.5817454545454546, best val accuracy : 0.605
INFO flwr 2023-09-27 15:59:43,727 | common.py:35 | Avg. local train loss : 4.988846611976623, train acc : 0.7815819444444444
INFO flwr 2023-09-27 15:59:46,668 | server.py:116 | fit progress: (5, 1.430806640625, {'server_test_acc': 0.5932}, 492.55145749100484)
INFO flwr 2023-09-27 15:59:46,669 | server.py:163 | evaluate_round 5: no clients selected, cancel
DEBUG flwr 2023-09-27 15:59:49,772 | server.py:215 | fit_round 6: strategy sampled 8 clients (out of 20)
[2m[36m(launch_and_fit pid=2549139)[0m malloc_consolidate(): invalid chunk size
[2m[36m(launch_and_fit pid=2549143)[0m malloc_consolidate(): invalid chunk size
[2m[36m(launch_and_fit pid=2549141)[0m malloc_consolidate(): invalid chunk size
DEBUG flwr 2023-09-27 16:00:59,183 | server.py:229 | fit_round 6 received 8 results and 0 failures
[2m[36m(launch_and_fit pid=2549144)[0m double free or corruption (fasttop)
INFO flwr 2023-09-27 16:00:59,342 | fed_df.py:465 | Performing server side distillation training...
[2m[36m(launch_and_fit pid=2549139)[0m Fitting Client 13
[2m[36m(launch_and_fit pid=2549142)[0m Fitting Client 18
[2m[36m(launch_and_fit pid=2549143)[0m Fitting Client 9
[2m[36m(launch_and_fit pid=2549138)[0m Fitting Client 17
[2m[36m(launch_and_fit pid=2549141)[0m Fitting Client 8
[2m[36m(launch_and_fit pid=2549144)[0m Fitting Client 6
[2m[36m(launch_and_fit pid=2549145)[0m Fitting Client 14
[2m[36m(launch_and_fit pid=2549140)[0m Fitting Client 7
[2m[36m(launch_and_fit pid=2549140)[0m malloc_consolidate(): invalid chunk size
[2m[36m(launch_and_fit pid=2549142)[0m malloc_consolidate(): invalid chunk size
E0927 16:01:00.859897543 2536499 chttp2_transport.cc:1079]             ipv4:145.136.62.14:46039: Received a GOAWAY with error code ENHANCE_YOUR_CALM and debug data equal to "too_many_pings". Current keepalive time (before throttling): 1920000ms
[2m[36m(launch_and_fit pid=2549138)[0m malloc_consolidate(): invalid chunk size
[2m[36m(launch_and_fit pid=2549145)[0m malloc_consolidate(): invalid chunk size
INFO flwr 2023-09-27 16:01:21,550 | fed_df.py:545 | Distillation training stopped at step number : 500
INFO flwr 2023-09-27 16:01:21,550 | fed_df.py:552 | Average fusion training loss : 0.019887742807157337, val accuracy : 0.5729636363636363, best val accuracy : 0.6036
INFO flwr 2023-09-27 16:01:21,551 | common.py:35 | Avg. local train loss : 4.351038124971091, train acc : 0.848801388888889
INFO flwr 2023-09-27 16:01:24,480 | server.py:116 | fit progress: (6, 1.3802870880126954, {'server_test_acc': 0.5858}, 590.363105802011)
INFO flwr 2023-09-27 16:01:24,480 | server.py:163 | evaluate_round 6: no clients selected, cancel
DEBUG flwr 2023-09-27 16:01:27,542 | server.py:215 | fit_round 7: strategy sampled 8 clients (out of 20)
[2m[36m(launch_and_fit pid=2652716)[0m double free or corruption (fasttop)
[2m[36m(launch_and_fit pid=2652719)[0m malloc_consolidate(): invalid chunk size
DEBUG flwr 2023-09-27 16:02:36,607 | server.py:229 | fit_round 7 received 8 results and 0 failures
INFO flwr 2023-09-27 16:02:36,758 | fed_df.py:465 | Performing server side distillation training...
[2m[36m(launch_and_fit pid=2652716)[0m Fitting Client 11
[2m[36m(launch_and_fit pid=2652721)[0m Fitting Client 15
[2m[36m(launch_and_fit pid=2652720)[0m Fitting Client 16
[2m[36m(launch_and_fit pid=2652723)[0m Fitting Client 12
[2m[36m(launch_and_fit pid=2652715)[0m Fitting Client 7
[2m[36m(launch_and_fit pid=2652719)[0m Fitting Client 4
[2m[36m(launch_and_fit pid=2652722)[0m Fitting Client 1
[2m[36m(launch_and_fit pid=2652724)[0m Fitting Client 0
[2m[36m(launch_and_fit pid=2652721)[0m malloc_consolidate(): invalid chunk size
[2m[36m(launch_and_fit pid=2652720)[0m malloc_consolidate(): invalid chunk size
[2m[36m(launch_and_fit pid=2652715)[0m malloc_consolidate(): invalid chunk size
[2m[36m(launch_and_fit pid=2652722)[0m malloc_consolidate(): invalid chunk size
[2m[36m(launch_and_fit pid=2652723)[0m double free or corruption (fasttop)
[2m[36m(launch_and_fit pid=2652724)[0m malloc_consolidate(): invalid chunk size
INFO flwr 2023-09-27 16:02:59,202 | fed_df.py:545 | Distillation training stopped at step number : 500
INFO flwr 2023-09-27 16:02:59,203 | fed_df.py:552 | Average fusion training loss : 0.019972141336649655, val accuracy : 0.6001090909090909, best val accuracy : 0.6244
INFO flwr 2023-09-27 16:02:59,204 | common.py:35 | Avg. local train loss : 4.423385615460575, train acc : 0.8407430555555555
INFO flwr 2023-09-27 16:03:02,130 | server.py:116 | fit progress: (7, 1.4389800720214845, {'server_test_acc': 0.6076}, 688.013424292003)
INFO flwr 2023-09-27 16:03:02,131 | server.py:163 | evaluate_round 7: no clients selected, cancel
DEBUG flwr 2023-09-27 16:03:05,173 | server.py:215 | fit_round 8: strategy sampled 8 clients (out of 20)
[2m[36m(launch_and_fit pid=2756029)[0m malloc_consolidate(): invalid chunk size
DEBUG flwr 2023-09-27 16:04:13,995 | server.py:229 | fit_round 8 received 8 results and 0 failures
[2m[36m(launch_and_fit pid=2756033)[0m malloc_consolidate(): invalid chunk size
INFO flwr 2023-09-27 16:04:14,146 | fed_df.py:465 | Performing server side distillation training...
[2m[36m(launch_and_fit pid=2756033)[0m Fitting Client 13
[2m[36m(launch_and_fit pid=2756030)[0m Fitting Client 5
[2m[36m(launch_and_fit pid=2756029)[0m Fitting Client 3
[2m[36m(launch_and_fit pid=2756031)[0m Fitting Client 4
[2m[36m(launch_and_fit pid=2756039)[0m Fitting Client 14
[2m[36m(launch_and_fit pid=2756036)[0m Fitting Client 2
[2m[36m(launch_and_fit pid=2756038)[0m Fitting Client 9
[2m[36m(launch_and_fit pid=2756037)[0m Fitting Client 6
[2m[36m(launch_and_fit pid=2756037)[0m double free or corruption (fasttop)
[2m[36m(launch_and_fit pid=2756036)[0m malloc_consolidate(): invalid chunk size
[2m[36m(launch_and_fit pid=2756039)[0m double free or corruption (fasttop)
[2m[36m(launch_and_fit pid=2756030)[0m double free or corruption (fasttop)
[2m[36m(launch_and_fit pid=2756031)[0m malloc_consolidate(): invalid chunk size
[2m[36m(launch_and_fit pid=2756038)[0m double free or corruption (fasttop)
INFO flwr 2023-09-27 16:04:36,584 | fed_df.py:545 | Distillation training stopped at step number : 500
INFO flwr 2023-09-27 16:04:36,585 | fed_df.py:552 | Average fusion training loss : 0.016589582800865175, val accuracy : 0.5925454545454545, best val accuracy : 0.6174
INFO flwr 2023-09-27 16:04:36,586 | common.py:35 | Avg. local train loss : 4.6238621003925795, train acc : 0.8231125
INFO flwr 2023-09-27 16:04:39,525 | server.py:116 | fit progress: (8, 1.4205249389648438, {'server_test_acc': 0.6068}, 785.4080835220229)
INFO flwr 2023-09-27 16:04:39,525 | server.py:163 | evaluate_round 8: no clients selected, cancel
DEBUG flwr 2023-09-27 16:04:42,607 | server.py:215 | fit_round 9: strategy sampled 8 clients (out of 20)
[2m[36m(launch_and_fit pid=2859881)[0m malloc_consolidate(): invalid chunk size
[2m[36m(launch_and_fit pid=2859882)[0m double free or corruption (fasttop)
DEBUG flwr 2023-09-27 16:05:52,024 | server.py:229 | fit_round 9 received 8 results and 0 failures
[2m[36m(launch_and_fit pid=2859885)[0m malloc_consolidate(): invalid chunk size
[2m[36m(launch_and_fit pid=2859887)[0m malloc_consolidate(): invalid chunk size
INFO flwr 2023-09-27 16:05:52,177 | fed_df.py:465 | Performing server side distillation training...
[2m[36m(launch_and_fit pid=2859881)[0m Fitting Client 16
[2m[36m(launch_and_fit pid=2859886)[0m Fitting Client 8
[2m[36m(launch_and_fit pid=2859888)[0m Fitting Client 10
[2m[36m(launch_and_fit pid=2859890)[0m Fitting Client 12
[2m[36m(launch_and_fit pid=2859885)[0m Fitting Client 0
[2m[36m(launch_and_fit pid=2859882)[0m Fitting Client 14
[2m[36m(launch_and_fit pid=2859887)[0m Fitting Client 3
[2m[36m(launch_and_fit pid=2859889)[0m Fitting Client 17
[2m[36m(launch_and_fit pid=2859888)[0m malloc_consolidate(): invalid chunk size
[2m[36m(launch_and_fit pid=2859890)[0m double free or corruption (fasttop)
[2m[36m(launch_and_fit pid=2859886)[0m malloc_consolidate(): invalid chunk size
[2m[36m(launch_and_fit pid=2859889)[0m malloc_consolidate(): invalid chunk size
INFO flwr 2023-09-27 16:06:19,454 | fed_df.py:545 | Distillation training stopped at step number : 500
INFO flwr 2023-09-27 16:06:19,455 | fed_df.py:552 | Average fusion training loss : 0.017357564297504725, val accuracy : 0.5932545454545455, best val accuracy : 0.6348
INFO flwr 2023-09-27 16:06:19,456 | common.py:35 | Avg. local train loss : 4.429232192598283, train acc : 0.8408166666666668
INFO flwr 2023-09-27 16:06:22,428 | server.py:116 | fit progress: (9, 1.380918325805664, {'server_test_acc': 0.6242}, 888.3112540470029)
INFO flwr 2023-09-27 16:06:22,428 | server.py:163 | evaluate_round 9: no clients selected, cancel
DEBUG flwr 2023-09-27 16:06:25,471 | server.py:215 | fit_round 10: strategy sampled 8 clients (out of 20)
[2m[36m(launch_and_fit pid=2963165)[0m double free or corruption (fasttop)
DEBUG flwr 2023-09-27 16:07:34,752 | server.py:229 | fit_round 10 received 8 results and 0 failures
[2m[36m(launch_and_fit pid=2963172)[0m malloc_consolidate(): invalid chunk size
INFO flwr 2023-09-27 16:07:34,864 | fed_df.py:367 | Warm start at round 10
INFO flwr 2023-09-27 16:07:34,959 | fed_df.py:465 | Performing server side distillation training...
[2m[36m(launch_and_fit pid=2963165)[0m Fitting Client 8
[2m[36m(launch_and_fit pid=2963170)[0m Fitting Client 3
[2m[36m(launch_and_fit pid=2963166)[0m Fitting Client 10
[2m[36m(launch_and_fit pid=2963172)[0m Fitting Client 2
[2m[36m(launch_and_fit pid=2963175)[0m Fitting Client 7
[2m[36m(launch_and_fit pid=2963171)[0m Fitting Client 9
[2m[36m(launch_and_fit pid=2963174)[0m Fitting Client 0
[2m[36m(launch_and_fit pid=2963173)[0m Fitting Client 13
[2m[36m(launch_and_fit pid=2963175)[0m malloc_consolidate(): invalid chunk size
[2m[36m(launch_and_fit pid=2963173)[0m malloc_consolidate(): invalid chunk size
E0927 16:07:35.596354135 2847436 chttp2_transport.cc:1079]             ipv4:145.136.62.14:46039: Received a GOAWAY with error code ENHANCE_YOUR_CALM and debug data equal to "too_many_pings". Current keepalive time (before throttling): 3840000ms
[2m[36m(launch_and_fit pid=2963171)[0m double free or corruption (fasttop)
[2m[36m(launch_and_fit pid=2963170)[0m malloc_consolidate(): invalid chunk size
[2m[36m(launch_and_fit pid=2963166)[0m malloc_consolidate(): invalid chunk size
[2m[36m(launch_and_fit pid=2963174)[0m double free or corruption (fasttop)
INFO flwr 2023-09-27 16:07:57,447 | fed_df.py:545 | Distillation training stopped at step number : 500
INFO flwr 2023-09-27 16:07:57,447 | fed_df.py:552 | Average fusion training loss : 0.026300066385418177, val accuracy : 0.6063090909090909, best val accuracy : 0.637
INFO flwr 2023-09-27 16:07:57,448 | common.py:35 | Avg. local train loss : 4.425175827741623, train acc : 0.8422402777777778
INFO flwr 2023-09-27 16:08:00,418 | server.py:116 | fit progress: (10, 1.458808639526367, {'server_test_acc': 0.6275}, 986.3006042870111)
INFO flwr 2023-09-27 16:08:00,418 | server.py:163 | evaluate_round 10: no clients selected, cancel
DEBUG flwr 2023-09-27 16:08:03,488 | server.py:215 | fit_round 11: strategy sampled 8 clients (out of 20)
[2m[36m(launch_and_fit pid=3066835)[0m malloc_consolidate(): invalid chunk size
[2m[36m(launch_and_fit pid=3066839)[0m double free or corruption (fasttop)
[2m[36m(launch_and_fit pid=3066836)[0m malloc_consolidate(): invalid chunk size
[2m[36m(launch_and_fit pid=3066838)[0m double free or corruption (fasttop)
DEBUG flwr 2023-09-27 16:09:13,701 | server.py:229 | fit_round 11 received 8 results and 0 failures
[2m[36m(launch_and_fit pid=3066837)[0m malloc_consolidate(): invalid chunk size
INFO flwr 2023-09-27 16:09:13,856 | fed_df.py:465 | Performing server side distillation training...
[2m[36m(launch_and_fit pid=3066833)[0m Fitting Client 5
[2m[36m(launch_and_fit pid=3066830)[0m Fitting Client 8
[2m[36m(launch_and_fit pid=3066831)[0m Fitting Client 16
[2m[36m(launch_and_fit pid=3066836)[0m Fitting Client 18
[2m[36m(launch_and_fit pid=3066837)[0m Fitting Client 13
[2m[36m(launch_and_fit pid=3066835)[0m Fitting Client 3
[2m[36m(launch_and_fit pid=3066838)[0m Fitting Client 10
[2m[36m(launch_and_fit pid=3066839)[0m Fitting Client 4
[2m[36m(launch_and_fit pid=3066830)[0m malloc_consolidate(): invalid chunk size
E0927 16:09:14.751793018 3053690 chttp2_transport.cc:1079]             ipv4:145.136.62.14:46039: Received a GOAWAY with error code ENHANCE_YOUR_CALM and debug data equal to "too_many_pings". Current keepalive time (before throttling): 7680000ms
[2m[36m(launch_and_fit pid=3066833)[0m double free or corruption (fasttop)
[2m[36m(launch_and_fit pid=3066831)[0m malloc_consolidate(): invalid chunk size
INFO flwr 2023-09-27 16:09:36,285 | fed_df.py:545 | Distillation training stopped at step number : 500
INFO flwr 2023-09-27 16:09:36,286 | fed_df.py:552 | Average fusion training loss : 0.013493184423074126, val accuracy : 0.6254000000000001, best val accuracy : 0.6474
INFO flwr 2023-09-27 16:09:36,287 | common.py:35 | Avg. local train loss : 4.181380492076277, train acc : 0.8708319444444445
INFO flwr 2023-09-27 16:09:39,196 | server.py:116 | fit progress: (11, 1.443054345703125, {'server_test_acc': 0.6367}, 1085.0794879080204)
INFO flwr 2023-09-27 16:09:39,197 | server.py:163 | evaluate_round 11: no clients selected, cancel
DEBUG flwr 2023-09-27 16:09:42,297 | server.py:215 | fit_round 12: strategy sampled 8 clients (out of 20)
[2m[36m(launch_and_fit pid=3170649)[0m double free or corruption (fasttop)
[2m[36m(launch_and_fit pid=3170701)[0m malloc_consolidate(): invalid chunk size
DEBUG flwr 2023-09-27 16:10:51,746 | server.py:229 | fit_round 12 received 8 results and 0 failures
[2m[36m(launch_and_fit pid=3170641)[0m malloc_consolidate(): invalid chunk size
INFO flwr 2023-09-27 16:10:51,899 | fed_df.py:465 | Performing server side distillation training...
[2m[36m(launch_and_fit pid=3170660)[0m Fitting Client 16
[2m[36m(launch_and_fit pid=3170641)[0m Fitting Client 4
[2m[36m(launch_and_fit pid=3170649)[0m Fitting Client 6
[2m[36m(launch_and_fit pid=3170701)[0m Fitting Client 5
[2m[36m(launch_and_fit pid=3170745)[0m Fitting Client 8
[2m[36m(launch_and_fit pid=3170700)[0m Fitting Client 11
[2m[36m(launch_and_fit pid=3170748)[0m Fitting Client 14
[2m[36m(launch_and_fit pid=3170747)[0m Fitting Client 12
E0927 16:10:52.898072746 3284111 chttp2_transport.cc:1079]             ipv4:145.136.62.14:46039: Received a GOAWAY with error code ENHANCE_YOUR_CALM and debug data equal to "too_many_pings". Current keepalive time (before throttling): 15360000ms
E0927 16:10:52.898140437 3284111 chttp2_transport.cc:1079]             ipv4:145.136.62.14:46039: Received a GOAWAY with error code ENHANCE_YOUR_CALM and debug data equal to "too_many_pings". Current keepalive time (before throttling): 15360000ms
E0927 16:10:52.898151018 3284111 chttp2_transport.cc:1079]             ipv4:145.136.62.14:46039: Received a GOAWAY with error code ENHANCE_YOUR_CALM and debug data equal to "too_many_pings". Current keepalive time (before throttling): 15360000ms
[2m[36m(launch_and_fit pid=3170745)[0m malloc_consolidate(): invalid chunk size
[2m[36m(launch_and_fit pid=3170700)[0m double free or corruption (fasttop)
[2m[36m(launch_and_fit pid=3170747)[0m malloc_consolidate(): invalid chunk size
[2m[36m(launch_and_fit pid=3170748)[0m malloc_consolidate(): invalid chunk size
INFO flwr 2023-09-27 16:11:14,524 | fed_df.py:545 | Distillation training stopped at step number : 500
INFO flwr 2023-09-27 16:11:14,524 | fed_df.py:552 | Average fusion training loss : 0.0159543625600636, val accuracy : 0.6184363636363636, best val accuracy : 0.6424
INFO flwr 2023-09-27 16:11:14,525 | common.py:35 | Avg. local train loss : 4.324544326961041, train acc : 0.85465
INFO flwr 2023-09-27 16:11:17,528 | server.py:116 | fit progress: (12, 1.4543850524902344, {'server_test_acc': 0.63}, 1183.411006467999)
INFO flwr 2023-09-27 16:11:17,528 | server.py:163 | evaluate_round 12: no clients selected, cancel
DEBUG flwr 2023-09-27 16:11:20,570 | server.py:215 | fit_round 13: strategy sampled 8 clients (out of 20)
[2m[36m(launch_and_fit pid=3312738)[0m double free or corruption (fasttop)
DEBUG flwr 2023-09-27 16:12:29,753 | server.py:229 | fit_round 13 received 8 results and 0 failures
[2m[36m(launch_and_fit pid=3312805)[0m double free or corruption (fasttop)
INFO flwr 2023-09-27 16:12:29,907 | fed_df.py:465 | Performing server side distillation training...
[2m[36m(launch_and_fit pid=3312738)[0m Fitting Client 0
[2m[36m(launch_and_fit pid=3312741)[0m Fitting Client 10
[2m[36m(launch_and_fit pid=3312806)[0m Fitting Client 14
[2m[36m(launch_and_fit pid=3312803)[0m Fitting Client 3
[2m[36m(launch_and_fit pid=3312802)[0m Fitting Client 19
[2m[36m(launch_and_fit pid=3312804)[0m Fitting Client 5
[2m[36m(launch_and_fit pid=3312805)[0m Fitting Client 12
[2m[36m(launch_and_fit pid=3312801)[0m Fitting Client 15
[2m[36m(launch_and_fit pid=3312806)[0m malloc_consolidate(): invalid chunk size
[2m[36m(launch_and_fit pid=3312741)[0m double free or corruption (fasttop)
[2m[36m(launch_and_fit pid=3312803)[0m malloc_consolidate(): invalid chunk size
E0927 16:12:31.212712470 3286025 chttp2_transport.cc:1079]             ipv4:145.136.62.14:46039: Received a GOAWAY with error code ENHANCE_YOUR_CALM and debug data equal to "too_many_pings". Current keepalive time (before throttling): 30720000ms
[2m[36m(launch_and_fit pid=3312801)[0m double free or corruption (fasttop)
[2m[36m(launch_and_fit pid=3312802)[0m double free or corruption (fasttop)
[2m[36m(launch_and_fit pid=3312804)[0m malloc_consolidate(): invalid chunk size
INFO flwr 2023-09-27 16:12:52,297 | fed_df.py:545 | Distillation training stopped at step number : 500
INFO flwr 2023-09-27 16:12:52,297 | fed_df.py:552 | Average fusion training loss : 0.012385396521538496, val accuracy : 0.6191818181818182, best val accuracy : 0.6404
INFO flwr 2023-09-27 16:12:52,299 | common.py:35 | Avg. local train loss : 4.234235456772149, train acc : 0.8604208333333333
INFO flwr 2023-09-27 16:12:55,215 | server.py:116 | fit progress: (13, 1.4296972198486328, {'server_test_acc': 0.6376}, 1281.0981327120098)
INFO flwr 2023-09-27 16:12:55,215 | server.py:163 | evaluate_round 13: no clients selected, cancel
DEBUG flwr 2023-09-27 16:12:58,299 | server.py:215 | fit_round 14: strategy sampled 8 clients (out of 20)
[2m[36m(launch_and_fit pid=3417533)[0m double free or corruption (fasttop)
[2m[36m(launch_and_fit pid=3417539)[0m malloc_consolidate(): invalid chunk size
[2m[36m(launch_and_fit pid=3417538)[0m corrupted size vs. prev_size in fastbins
DEBUG flwr 2023-09-27 16:14:07,481 | server.py:229 | fit_round 14 received 8 results and 0 failures
[2m[36m(launch_and_fit pid=3417537)[0m malloc_consolidate(): invalid chunk size
INFO flwr 2023-09-27 16:14:07,632 | fed_df.py:465 | Performing server side distillation training...
[2m[36m(launch_and_fit pid=3417533)[0m Fitting Client 9
[2m[36m(launch_and_fit pid=3417538)[0m Fitting Client 1
[2m[36m(launch_and_fit pid=3417539)[0m Fitting Client 17
[2m[36m(launch_and_fit pid=3417541)[0m Fitting Client 11
[2m[36m(launch_and_fit pid=3417540)[0m Fitting Client 2
[2m[36m(launch_and_fit pid=3417535)[0m Fitting Client 7
[2m[36m(launch_and_fit pid=3417537)[0m Fitting Client 18
[2m[36m(launch_and_fit pid=3417542)[0m Fitting Client 16
[2m[36m(launch_and_fit pid=3417535)[0m malloc_consolidate(): invalid chunk size
[2m[36m(launch_and_fit pid=3417541)[0m malloc_consolidate(): invalid chunk size
[2m[36m(launch_and_fit pid=3417542)[0m double free or corruption (fasttop)
[2m[36m(launch_and_fit pid=3417540)[0m malloc_consolidate(): invalid chunk size
E0927 16:14:09.843033863 3508967 chttp2_transport.cc:1079]             ipv4:145.136.62.14:46039: Received a GOAWAY with error code ENHANCE_YOUR_CALM and debug data equal to "too_many_pings". Current keepalive time (before throttling): 61440000ms
INFO flwr 2023-09-27 16:14:29,975 | fed_df.py:545 | Distillation training stopped at step number : 500
INFO flwr 2023-09-27 16:14:29,975 | fed_df.py:552 | Average fusion training loss : 0.014264734669588506, val accuracy : 0.6109999999999999, best val accuracy : 0.6362
INFO flwr 2023-09-27 16:14:29,976 | common.py:35 | Avg. local train loss : 4.199812632799149, train acc : 0.8654444444444446
INFO flwr 2023-09-27 16:14:32,897 | server.py:116 | fit progress: (14, 1.476380712890625, {'server_test_acc': 0.6259}, 1378.7802435860212)
INFO flwr 2023-09-27 16:14:32,897 | server.py:163 | evaluate_round 14: no clients selected, cancel
DEBUG flwr 2023-09-27 16:14:35,954 | server.py:215 | fit_round 15: strategy sampled 8 clients (out of 20)
[2m[36m(launch_and_fit pid=3520816)[0m malloc_consolidate(): invalid chunk size
[2m[36m(launch_and_fit pid=3520813)[0m malloc_consolidate(): invalid chunk size
[2m[36m(launch_and_fit pid=3520817)[0m malloc_consolidate(): invalid chunk size
DEBUG flwr 2023-09-27 16:15:45,119 | server.py:229 | fit_round 15 received 8 results and 0 failures
INFO flwr 2023-09-27 16:15:45,232 | fed_df.py:367 | Warm start at round 15
INFO flwr 2023-09-27 16:15:45,340 | fed_df.py:465 | Performing server side distillation training...
[2m[36m(launch_and_fit pid=3520813)[0m Fitting Client 17
[2m[36m(launch_and_fit pid=3520816)[0m Fitting Client 15
[2m[36m(launch_and_fit pid=3520817)[0m Fitting Client 4
[2m[36m(launch_and_fit pid=3520819)[0m Fitting Client 19
[2m[36m(launch_and_fit pid=3520821)[0m Fitting Client 16
[2m[36m(launch_and_fit pid=3520812)[0m Fitting Client 2
[2m[36m(launch_and_fit pid=3520820)[0m Fitting Client 18
[2m[36m(launch_and_fit pid=3520818)[0m Fitting Client 8
[2m[36m(launch_and_fit pid=3520812)[0m malloc_consolidate(): invalid chunk size
[2m[36m(launch_and_fit pid=3520818)[0m double free or corruption (fasttop)
[2m[36m(launch_and_fit pid=3520819)[0m double free or corruption (fasttop)
[2m[36m(launch_and_fit pid=3520821)[0m corrupted size vs. prev_size in fastbins
[2m[36m(launch_and_fit pid=3520820)[0m malloc_consolidate(): invalid chunk size
INFO flwr 2023-09-27 16:16:07,754 | fed_df.py:545 | Distillation training stopped at step number : 500
INFO flwr 2023-09-27 16:16:07,755 | fed_df.py:552 | Average fusion training loss : 0.02319747603684664, val accuracy : 0.5992545454545455, best val accuracy : 0.6422
INFO flwr 2023-09-27 16:16:07,756 | common.py:35 | Avg. local train loss : 4.086369965784252, train acc : 0.8732013888888889
INFO flwr 2023-09-27 16:16:10,686 | server.py:116 | fit progress: (15, 1.5220293792724608, {'server_test_acc': 0.6287}, 1476.5687103320088)
INFO flwr 2023-09-27 16:16:10,686 | server.py:163 | evaluate_round 15: no clients selected, cancel
DEBUG flwr 2023-09-27 16:16:13,758 | server.py:215 | fit_round 16: strategy sampled 8 clients (out of 20)
[2m[36m(launch_and_fit pid=3624471)[0m malloc_consolidate(): invalid chunk size
DEBUG flwr 2023-09-27 16:17:22,538 | server.py:229 | fit_round 16 received 8 results and 0 failures
INFO flwr 2023-09-27 16:17:22,696 | fed_df.py:465 | Performing server side distillation training...
[2m[36m(launch_and_fit pid=3624462)[0m Fitting Client 16
[2m[36m(launch_and_fit pid=3624469)[0m Fitting Client 17
[2m[36m(launch_and_fit pid=3624466)[0m Fitting Client 13
[2m[36m(launch_and_fit pid=3624468)[0m Fitting Client 6
[2m[36m(launch_and_fit pid=3624471)[0m Fitting Client 19
[2m[36m(launch_and_fit pid=3624470)[0m Fitting Client 9
[2m[36m(launch_and_fit pid=3624472)[0m Fitting Client 18
[2m[36m(launch_and_fit pid=3624473)[0m Fitting Client 10
[2m[36m(launch_and_fit pid=3624472)[0m malloc_consolidate(): invalid chunk size
[2m[36m(launch_and_fit pid=3624462)[0m double free or corruption (fasttop)
[2m[36m(launch_and_fit pid=3624466)[0m malloc_consolidate(): invalid chunk size
[2m[36m(launch_and_fit pid=3624468)[0m malloc_consolidate(): invalid chunk size
[2m[36m(launch_and_fit pid=3624469)[0m malloc_consolidate(): invalid chunk size
[2m[36m(launch_and_fit pid=3624473)[0m malloc_consolidate(): invalid chunk size
[2m[36m(launch_and_fit pid=3624470)[0m malloc_consolidate(): invalid chunk size
INFO flwr 2023-09-27 16:17:45,302 | fed_df.py:545 | Distillation training stopped at step number : 500
INFO flwr 2023-09-27 16:17:45,303 | fed_df.py:552 | Average fusion training loss : 0.012373438488692046, val accuracy : 0.6132727272727272, best val accuracy : 0.6422
INFO flwr 2023-09-27 16:17:45,304 | common.py:35 | Avg. local train loss : 3.968724961392581, train acc : 0.8887472222222221
INFO flwr 2023-09-27 16:17:48,240 | server.py:116 | fit progress: (16, 1.4758912231445311, {'server_test_acc': 0.6391}, 1574.1228934490064)
INFO flwr 2023-09-27 16:17:48,240 | server.py:163 | evaluate_round 16: no clients selected, cancel
DEBUG flwr 2023-09-27 16:17:51,294 | server.py:215 | fit_round 17: strategy sampled 8 clients (out of 20)
[2m[36m(launch_and_fit pid=3728029)[0m double free or corruption (fasttop)
[2m[36m(launch_and_fit pid=3728024)[0m double free or corruption (fasttop)
[2m[36m(launch_and_fit pid=3728034)[0m double free or corruption (fasttop)
DEBUG flwr 2023-09-27 16:19:00,803 | server.py:229 | fit_round 17 received 8 results and 0 failures
INFO flwr 2023-09-27 16:19:00,957 | fed_df.py:465 | Performing server side distillation training...
[2m[36m(launch_and_fit pid=3728026)[0m Fitting Client 14
[2m[36m(launch_and_fit pid=3728024)[0m Fitting Client 11
[2m[36m(launch_and_fit pid=3728031)[0m Fitting Client 3
[2m[36m(launch_and_fit pid=3728029)[0m Fitting Client 16
[2m[36m(launch_and_fit pid=3728032)[0m Fitting Client 15
[2m[36m(launch_and_fit pid=3728030)[0m Fitting Client 18
[2m[36m(launch_and_fit pid=3728034)[0m Fitting Client 17
[2m[36m(launch_and_fit pid=3728033)[0m Fitting Client 1
[2m[36m(launch_and_fit pid=3728033)[0m double free or corruption (fasttop)
[2m[36m(launch_and_fit pid=3728031)[0m malloc_consolidate(): invalid chunk size
[2m[36m(launch_and_fit pid=3728032)[0m malloc_consolidate(): invalid chunk size
E0927 16:19:02.638914911 3819655 chttp2_transport.cc:1079]             ipv4:145.136.62.14:46039: Received a GOAWAY with error code ENHANCE_YOUR_CALM and debug data equal to "too_many_pings". Current keepalive time (before throttling): 122880000ms
[2m[36m(launch_and_fit pid=3728030)[0m double free or corruption (fasttop)
[2m[36m(launch_and_fit pid=3728026)[0m double free or corruption (fasttop)
INFO flwr 2023-09-27 16:19:23,523 | fed_df.py:545 | Distillation training stopped at step number : 500
INFO flwr 2023-09-27 16:19:23,524 | fed_df.py:552 | Average fusion training loss : 0.013417249438352883, val accuracy : 0.6228545454545453, best val accuracy : 0.6428
INFO flwr 2023-09-27 16:19:23,525 | common.py:35 | Avg. local train loss : 4.119949150085449, train acc : 0.8762069444444445
INFO flwr 2023-09-27 16:19:26,416 | server.py:116 | fit progress: (17, 1.5566137573242187, {'server_test_acc': 0.6382}, 1672.2985894769954)
INFO flwr 2023-09-27 16:19:26,416 | server.py:163 | evaluate_round 17: no clients selected, cancel
DEBUG flwr 2023-09-27 16:19:29,505 | server.py:215 | fit_round 18: strategy sampled 8 clients (out of 20)
[2m[36m(launch_and_fit pid=3831595)[0m double free or corruption (fasttop)
[2m[36m(launch_and_fit pid=3831603)[0m malloc_consolidate(): invalid chunk size
[2m[36m(launch_and_fit pid=3831592)[0m malloc_consolidate(): invalid chunk size
[2m[36m(launch_and_fit pid=3831601)[0m double free or corruption (fasttop)
DEBUG flwr 2023-09-27 16:20:38,737 | server.py:229 | fit_round 18 received 8 results and 0 failures
INFO flwr 2023-09-27 16:20:38,893 | fed_df.py:465 | Performing server side distillation training...
[2m[36m(launch_and_fit pid=3831592)[0m Fitting Client 10
[2m[36m(launch_and_fit pid=3831595)[0m Fitting Client 0
[2m[36m(launch_and_fit pid=3831598)[0m Fitting Client 17
[2m[36m(launch_and_fit pid=3831603)[0m Fitting Client 1
[2m[36m(launch_and_fit pid=3831599)[0m Fitting Client 7
[2m[36m(launch_and_fit pid=3831602)[0m Fitting Client 11
[2m[36m(launch_and_fit pid=3831600)[0m Fitting Client 16
[2m[36m(launch_and_fit pid=3831601)[0m Fitting Client 18
[2m[36m(launch_and_fit pid=3831600)[0m malloc_consolidate(): invalid chunk size
E0927 16:20:39.269819966 3921124 chttp2_transport.cc:1079]             ipv4:145.136.62.14:46039: Received a GOAWAY with error code ENHANCE_YOUR_CALM and debug data equal to "too_many_pings". Current keepalive time (before throttling): 245760000ms
[2m[36m(launch_and_fit pid=3831598)[0m malloc_consolidate(): invalid chunk size
[2m[36m(launch_and_fit pid=3831599)[0m malloc_consolidate(): invalid chunk size
[2m[36m(launch_and_fit pid=3831602)[0m double free or corruption (fasttop)
INFO flwr 2023-09-27 16:21:01,385 | fed_df.py:545 | Distillation training stopped at step number : 500
INFO flwr 2023-09-27 16:21:01,386 | fed_df.py:552 | Average fusion training loss : 0.012517567022703588, val accuracy : 0.6484545454545454, best val accuracy : 0.677
INFO flwr 2023-09-27 16:21:01,387 | common.py:35 | Avg. local train loss : 4.0533954439684745, train acc : 0.8813222222222221
INFO flwr 2023-09-27 16:21:04,309 | server.py:116 | fit progress: (18, 1.5054796783447266, {'server_test_acc': 0.6626}, 1770.1925569050072)
INFO flwr 2023-09-27 16:21:04,310 | server.py:163 | evaluate_round 18: no clients selected, cancel
DEBUG flwr 2023-09-27 16:21:07,393 | server.py:215 | fit_round 19: strategy sampled 8 clients (out of 20)
[2m[36m(launch_and_fit pid=3935296)[0m double free or corruption (fasttop)
[2m[36m(launch_and_fit pid=3935295)[0m double free or corruption (fasttop)
[2m[36m(launch_and_fit pid=3935304)[0m malloc_consolidate(): invalid chunk size
DEBUG flwr 2023-09-27 16:22:17,226 | server.py:229 | fit_round 19 received 8 results and 0 failures
INFO flwr 2023-09-27 16:22:17,380 | fed_df.py:465 | Performing server side distillation training...
[2m[36m(launch_and_fit pid=3935296)[0m Fitting Client 7
[2m[36m(launch_and_fit pid=3935295)[0m Fitting Client 1
[2m[36m(launch_and_fit pid=3935301)[0m Fitting Client 2
[2m[36m(launch_and_fit pid=3935304)[0m Fitting Client 8
[2m[36m(launch_and_fit pid=3935305)[0m Fitting Client 3
[2m[36m(launch_and_fit pid=3935302)[0m Fitting Client 10
[2m[36m(launch_and_fit pid=3935303)[0m Fitting Client 16
[2m[36m(launch_and_fit pid=3935300)[0m Fitting Client 19
[2m[36m(launch_and_fit pid=3935303)[0m malloc_consolidate(): invalid chunk size
[2m[36m(launch_and_fit pid=3935305)[0m malloc_consolidate(): invalid chunk size
[2m[36m(launch_and_fit pid=3935302)[0m malloc_consolidate(): invalid chunk size
[2m[36m(launch_and_fit pid=3935301)[0m malloc_consolidate(): invalid chunk size
E0927 16:22:19.027803747 4026138 chttp2_transport.cc:1079]             ipv4:145.136.62.14:46039: Received a GOAWAY with error code ENHANCE_YOUR_CALM and debug data equal to "too_many_pings". Current keepalive time (before throttling): 491520000ms
E0927 16:22:19.027865348 4026138 chttp2_transport.cc:1079]             ipv4:145.136.62.14:46039: Received a GOAWAY with error code ENHANCE_YOUR_CALM and debug data equal to "too_many_pings". Current keepalive time (before throttling): 491520000ms
E0927 16:22:19.027875877 4026138 chttp2_transport.cc:1079]             ipv4:145.136.62.14:46039: Received a GOAWAY with error code ENHANCE_YOUR_CALM and debug data equal to "too_many_pings". Current keepalive time (before throttling): 491520000ms
E0927 16:22:19.027884107 4026138 chttp2_transport.cc:1079]             ipv4:145.136.62.14:46039: Received a GOAWAY with error code ENHANCE_YOUR_CALM and debug data equal to "too_many_pings". Current keepalive time (before throttling): 491520000ms
E0927 16:22:19.027891928 4026138 chttp2_transport.cc:1079]             ipv4:145.136.62.14:46039: Received a GOAWAY with error code ENHANCE_YOUR_CALM and debug data equal to "too_many_pings". Current keepalive time (before throttling): 491520000ms
E0927 16:22:19.027899672 4026138 chttp2_transport.cc:1079]             ipv4:145.136.62.14:46039: Received a GOAWAY with error code ENHANCE_YOUR_CALM and debug data equal to "too_many_pings". Current keepalive time (before throttling): 491520000ms
E0927 16:22:19.027907566 4026138 chttp2_transport.cc:1079]             ipv4:145.136.62.14:46039: Received a GOAWAY with error code ENHANCE_YOUR_CALM and debug data equal to "too_many_pings". Current keepalive time (before throttling): 491520000ms
E0927 16:22:19.027915299 4026138 chttp2_transport.cc:1079]             ipv4:145.136.62.14:46039: Received a GOAWAY with error code ENHANCE_YOUR_CALM and debug data equal to "too_many_pings". Current keepalive time (before throttling): 491520000ms
E0927 16:22:19.027923362 4026138 chttp2_transport.cc:1079]             ipv4:145.136.62.14:46039: Received a GOAWAY with error code ENHANCE_YOUR_CALM and debug data equal to "too_many_pings". Current keepalive time (before throttling): 491520000ms
E0927 16:22:19.027931071 4026138 chttp2_transport.cc:1079]             ipv4:145.136.62.14:46039: Received a GOAWAY with error code ENHANCE_YOUR_CALM and debug data equal to "too_many_pings". Current keepalive time (before throttling): 491520000ms
E0927 16:22:19.027938991 4026138 chttp2_transport.cc:1079]             ipv4:145.136.62.14:46039: Received a GOAWAY with error code ENHANCE_YOUR_CALM and debug data equal to "too_many_pings". Current keepalive time (before throttling): 491520000ms
[2m[36m(launch_and_fit pid=3935300)[0m malloc_consolidate(): invalid chunk size
INFO flwr 2023-09-27 16:22:39,723 | fed_df.py:545 | Distillation training stopped at step number : 500
INFO flwr 2023-09-27 16:22:39,723 | fed_df.py:552 | Average fusion training loss : 0.012016025313176215, val accuracy : 0.6527272727272728, best val accuracy : 0.686
INFO flwr 2023-09-27 16:22:39,724 | common.py:35 | Avg. local train loss : 4.079361229203641, train acc : 0.8799097222222223
INFO flwr 2023-09-27 16:22:42,675 | server.py:116 | fit progress: (19, 1.4537380706787109, {'server_test_acc': 0.6724}, 1868.5583799440064)
INFO flwr 2023-09-27 16:22:42,676 | server.py:163 | evaluate_round 19: no clients selected, cancel
DEBUG flwr 2023-09-27 16:22:45,759 | server.py:215 | fit_round 20: strategy sampled 8 clients (out of 20)
[2m[36m(launch_and_fit pid=4038600)[0m malloc_consolidate(): invalid chunk size
DEBUG flwr 2023-09-27 16:23:55,271 | server.py:229 | fit_round 20 received 8 results and 0 failures
[2m[36m(launch_and_fit pid=4038599)[0m malloc_consolidate(): invalid chunk size
INFO flwr 2023-09-27 16:23:55,384 | fed_df.py:367 | Warm start at round 20
INFO flwr 2023-09-27 16:23:55,482 | fed_df.py:465 | Performing server side distillation training...
[2m[36m(launch_and_fit pid=4038600)[0m Fitting Client 6
[2m[36m(launch_and_fit pid=4038604)[0m Fitting Client 18
[2m[36m(launch_and_fit pid=4038598)[0m Fitting Client 8
[2m[36m(launch_and_fit pid=4038602)[0m Fitting Client 4
[2m[36m(launch_and_fit pid=4038603)[0m Fitting Client 3
[2m[36m(launch_and_fit pid=4038605)[0m Fitting Client 12
[2m[36m(launch_and_fit pid=4038599)[0m Fitting Client 15
[2m[36m(launch_and_fit pid=4038606)[0m Fitting Client 7
[2m[36m(launch_and_fit pid=4038603)[0m malloc_consolidate(): invalid chunk size
[2m[36m(launch_and_fit pid=4038604)[0m double free or corruption (fasttop)
[2m[36m(launch_and_fit pid=4038606)[0m double free or corruption (fasttop)
[2m[36m(launch_and_fit pid=4038605)[0m double free or corruption (fasttop)
[2m[36m(launch_and_fit pid=4038602)[0m malloc_consolidate(): invalid chunk size
[2m[36m(launch_and_fit pid=4038598)[0m double free or corruption (fasttop)
INFO flwr 2023-09-27 16:24:18,084 | fed_df.py:545 | Distillation training stopped at step number : 500
INFO flwr 2023-09-27 16:24:18,085 | fed_df.py:552 | Average fusion training loss : 0.017757172436453403, val accuracy : 0.6848909090909091, best val accuracy : 0.6992
INFO flwr 2023-09-27 16:24:18,086 | common.py:35 | Avg. local train loss : 4.06578194014728, train acc : 0.8803708333333332
INFO flwr 2023-09-27 16:24:20,996 | server.py:116 | fit progress: (20, 1.531766665649414, {'server_test_acc': 0.6822}, 1966.878913040011)
INFO flwr 2023-09-27 16:24:20,996 | server.py:163 | evaluate_round 20: no clients selected, cancel
DEBUG flwr 2023-09-27 16:24:24,045 | server.py:215 | fit_round 21: strategy sampled 8 clients (out of 20)
[2m[36m(launch_and_fit pid=4142161)[0m double free or corruption (fasttop)
[2m[36m(launch_and_fit pid=4142166)[0m malloc_consolidate(): invalid chunk size
DEBUG flwr 2023-09-27 16:25:33,593 | server.py:229 | fit_round 21 received 8 results and 0 failures
INFO flwr 2023-09-27 16:25:33,746 | fed_df.py:465 | Performing server side distillation training...
[2m[36m(launch_and_fit pid=4142158)[0m Fitting Client 6
[2m[36m(launch_and_fit pid=4142156)[0m Fitting Client 13
[2m[36m(launch_and_fit pid=4142161)[0m Fitting Client 3
[2m[36m(launch_and_fit pid=4142162)[0m Fitting Client 19
[2m[36m(launch_and_fit pid=4142164)[0m Fitting Client 18
[2m[36m(launch_and_fit pid=4142166)[0m Fitting Client 15
[2m[36m(launch_and_fit pid=4142163)[0m Fitting Client 17
[2m[36m(launch_and_fit pid=4142165)[0m Fitting Client 5
[2m[36m(launch_and_fit pid=4142165)[0m malloc_consolidate(): invalid chunk size
[2m[36m(launch_and_fit pid=4142162)[0m malloc_consolidate(): invalid chunk size
[2m[36m(launch_and_fit pid=4142164)[0m malloc_consolidate(): invalid chunk size
[2m[36m(launch_and_fit pid=4142158)[0m malloc_consolidate(): invalid chunk size
[2m[36m(launch_and_fit pid=4142163)[0m double free or corruption (fasttop)
[2m[36m(launch_and_fit pid=4142156)[0m malloc_consolidate(): invalid chunk size
E0927 16:25:36.247618158 4027065 chttp2_transport.cc:1079]             ipv4:145.136.62.14:46039: Received a GOAWAY with error code ENHANCE_YOUR_CALM and debug data equal to "too_many_pings". Current keepalive time (before throttling): 983040000ms
INFO flwr 2023-09-27 16:25:56,328 | fed_df.py:545 | Distillation training stopped at step number : 500
INFO flwr 2023-09-27 16:25:56,329 | fed_df.py:552 | Average fusion training loss : 0.011419667199254037, val accuracy : 0.6458727272727273, best val accuracy : 0.692
INFO flwr 2023-09-27 16:25:56,330 | common.py:35 | Avg. local train loss : 3.9021498009562494, train acc : 0.897588888888889
INFO flwr 2023-09-27 16:25:59,260 | server.py:116 | fit progress: (21, 1.560800210571289, {'server_test_acc': 0.6819}, 2065.143221511011)
INFO flwr 2023-09-27 16:25:59,260 | server.py:163 | evaluate_round 21: no clients selected, cancel
DEBUG flwr 2023-09-27 16:26:02,302 | server.py:215 | fit_round 22: strategy sampled 8 clients (out of 20)
[2m[36m(launch_and_fit pid=76357)[0m malloc_consolidate(): invalid chunk size
[2m[36m(launch_and_fit pid=76367)[0m malloc_consolidate(): invalid chunk size
DEBUG flwr 2023-09-27 16:27:11,778 | server.py:229 | fit_round 22 received 8 results and 0 failures
INFO flwr 2023-09-27 16:27:11,933 | fed_df.py:465 | Performing server side distillation training...
[2m[36m(launch_and_fit pid=76351)[0m Fitting Client 1
[2m[36m(launch_and_fit pid=76350)[0m Fitting Client 14
[2m[36m(launch_and_fit pid=76357)[0m Fitting Client 18
[2m[36m(launch_and_fit pid=76356)[0m Fitting Client 3
[2m[36m(launch_and_fit pid=76358)[0m Fitting Client 12
[2m[36m(launch_and_fit pid=76366)[0m Fitting Client 15
[2m[36m(launch_and_fit pid=76365)[0m Fitting Client 5
[2m[36m(launch_and_fit pid=76367)[0m Fitting Client 11
[2m[36m(launch_and_fit pid=76351)[0m malloc_consolidate(): invalid chunk size
[2m[36m(launch_and_fit pid=76365)[0m malloc_consolidate(): invalid chunk size
[2m[36m(launch_and_fit pid=76366)[0m malloc_consolidate(): invalid chunk size
[2m[36m(launch_and_fit pid=76356)[0m double free or corruption (fasttop)
[2m[36m(launch_and_fit pid=76358)[0m double free or corruption (fasttop)
[2m[36m(launch_and_fit pid=76350)[0m malloc_consolidate(): invalid chunk size
E0927 16:27:15.715174517   48043 chttp2_transport.cc:1079]             ipv4:145.136.62.14:46039: Received a GOAWAY with error code ENHANCE_YOUR_CALM and debug data equal to "too_many_pings". Current keepalive time (before throttling): 1966080000ms
INFO flwr 2023-09-27 16:27:34,535 | fed_df.py:545 | Distillation training stopped at step number : 500
INFO flwr 2023-09-27 16:27:34,536 | fed_df.py:552 | Average fusion training loss : 0.01312506641726941, val accuracy : 0.6720545454545455, best val accuracy : 0.6902
INFO flwr 2023-09-27 16:27:34,537 | common.py:35 | Avg. local train loss : 4.015041695535183, train acc : 0.8905166666666666
INFO flwr 2023-09-27 16:27:37,445 | server.py:116 | fit progress: (22, 1.5231983612060547, {'server_test_acc': 0.6739}, 2163.3279479870107)
INFO flwr 2023-09-27 16:27:37,445 | server.py:163 | evaluate_round 22: no clients selected, cancel
DEBUG flwr 2023-09-27 16:27:40,522 | server.py:215 | fit_round 23: strategy sampled 8 clients (out of 20)
[2m[36m(launch_and_fit pid=199938)[0m double free or corruption (fasttop)
[2m[36m(launch_and_fit pid=199930)[0m double free or corruption (fasttop)
[2m[36m(launch_and_fit pid=199936)[0m malloc_consolidate(): invalid chunk size
[2m[36m(launch_and_fit pid=199935)[0m double free or corruption (fasttop)
DEBUG flwr 2023-09-27 16:28:49,848 | server.py:229 | fit_round 23 received 8 results and 0 failures
INFO flwr 2023-09-27 16:28:50,001 | fed_df.py:465 | Performing server side distillation training...
[2m[36m(launch_and_fit pid=199930)[0m Fitting Client 3
[2m[36m(launch_and_fit pid=199938)[0m Fitting Client 16
[2m[36m(launch_and_fit pid=199935)[0m Fitting Client 6
[2m[36m(launch_and_fit pid=199936)[0m Fitting Client 14
[2m[36m(launch_and_fit pid=199937)[0m Fitting Client 17
[2m[36m(launch_and_fit pid=199940)[0m Fitting Client 15
[2m[36m(launch_and_fit pid=199932)[0m Fitting Client 7
[2m[36m(launch_and_fit pid=199939)[0m Fitting Client 2
[2m[36m(launch_and_fit pid=199937)[0m malloc_consolidate(): invalid chunk size
E0927 16:28:50.845936851  190932 chttp2_transport.cc:1079]             ipv4:145.136.62.14:46039: Received a GOAWAY with error code ENHANCE_YOUR_CALM and debug data equal to "too_many_pings". Current keepalive time (before throttling): ∞
[2m[36m(launch_and_fit pid=199932)[0m double free or corruption (fasttop)
[2m[36m(launch_and_fit pid=199939)[0m malloc_consolidate(): invalid chunk size
[2m[36m(launch_and_fit pid=199940)[0m malloc_consolidate(): invalid chunk size
INFO flwr 2023-09-27 16:29:12,385 | fed_df.py:545 | Distillation training stopped at step number : 500
INFO flwr 2023-09-27 16:29:12,385 | fed_df.py:552 | Average fusion training loss : 0.01242382038384676, val accuracy : 0.6664909090909089, best val accuracy : 0.68
INFO flwr 2023-09-27 16:29:12,387 | common.py:35 | Avg. local train loss : 4.152533158846199, train acc : 0.8772222222222222
INFO flwr 2023-09-27 16:29:15,345 | server.py:116 | fit progress: (23, 1.5299392822265625, {'server_test_acc': 0.6755}, 2261.2282990200038)
INFO flwr 2023-09-27 16:29:15,345 | server.py:163 | evaluate_round 23: no clients selected, cancel
DEBUG flwr 2023-09-27 16:29:18,424 | server.py:215 | fit_round 24: strategy sampled 8 clients (out of 20)
slurmstepd: error: NVML: Failed to get Compute running procs(7): Insufficient Size
[2m[36m(launch_and_fit pid=303784)[0m malloc_consolidate(): invalid chunk size
[2m[36m(launch_and_fit pid=303779)[0m double free or corruption (fasttop)
DEBUG flwr 2023-09-27 16:30:28,047 | server.py:229 | fit_round 24 received 8 results and 0 failures
[2m[36m(launch_and_fit pid=303777)[0m double free or corruption (fasttop)
INFO flwr 2023-09-27 16:30:28,200 | fed_df.py:465 | Performing server side distillation training...
[2m[36m(launch_and_fit pid=303785)[0m Fitting Client 19
[2m[36m(launch_and_fit pid=303779)[0m Fitting Client 7
[2m[36m(launch_and_fit pid=303778)[0m Fitting Client 8
[2m[36m(launch_and_fit pid=303777)[0m Fitting Client 14
[2m[36m(launch_and_fit pid=303781)[0m Fitting Client 2
[2m[36m(launch_and_fit pid=303783)[0m Fitting Client 12
[2m[36m(launch_and_fit pid=303782)[0m Fitting Client 18
[2m[36m(launch_and_fit pid=303784)[0m Fitting Client 13
[2m[36m(launch_and_fit pid=303781)[0m malloc_consolidate(): invalid chunk size
E0927 16:30:28.888002257  393313 chttp2_transport.cc:1079]             ipv4:145.136.62.14:46039: Received a GOAWAY with error code ENHANCE_YOUR_CALM and debug data equal to "too_many_pings". Current keepalive time (before throttling): ∞
[2m[36m(launch_and_fit pid=303785)[0m malloc_consolidate(): invalid chunk size
[2m[36m(launch_and_fit pid=303778)[0m double free or corruption (fasttop)
[2m[36m(launch_and_fit pid=303782)[0m malloc_consolidate(): invalid chunk size
[2m[36m(launch_and_fit pid=303783)[0m double free or corruption (fasttop)
INFO flwr 2023-09-27 16:30:50,622 | fed_df.py:545 | Distillation training stopped at step number : 500
INFO flwr 2023-09-27 16:30:50,622 | fed_df.py:552 | Average fusion training loss : 0.013059336483478547, val accuracy : 0.6608545454545455, best val accuracy : 0.6868
INFO flwr 2023-09-27 16:30:50,624 | common.py:35 | Avg. local train loss : 3.9388763923197985, train acc : 0.8921416666666666
INFO flwr 2023-09-27 16:30:53,611 | server.py:116 | fit progress: (24, 1.538216973876953, {'server_test_acc': 0.6798}, 2359.493926843017)
INFO flwr 2023-09-27 16:30:53,611 | server.py:163 | evaluate_round 24: no clients selected, cancel
DEBUG flwr 2023-09-27 16:30:56,709 | server.py:215 | fit_round 25: strategy sampled 8 clients (out of 20)
[2m[36m(launch_and_fit pid=407123)[0m double free or corruption (fasttop)
[2m[36m(launch_and_fit pid=407127)[0m malloc_consolidate(): invalid chunk size
DEBUG flwr 2023-09-27 16:32:06,345 | server.py:229 | fit_round 25 received 8 results and 0 failures
INFO flwr 2023-09-27 16:32:06,458 | fed_df.py:367 | Warm start at round 25
INFO flwr 2023-09-27 16:32:06,554 | fed_df.py:465 | Performing server side distillation training...
[2m[36m(launch_and_fit pid=407123)[0m Fitting Client 3
[2m[36m(launch_and_fit pid=407121)[0m Fitting Client 1
[2m[36m(launch_and_fit pid=407131)[0m Fitting Client 12
[2m[36m(launch_and_fit pid=407128)[0m Fitting Client 2
[2m[36m(launch_and_fit pid=407129)[0m Fitting Client 0
[2m[36m(launch_and_fit pid=407132)[0m Fitting Client 19
[2m[36m(launch_and_fit pid=407127)[0m Fitting Client 17
[2m[36m(launch_and_fit pid=407130)[0m Fitting Client 14
[2m[36m(launch_and_fit pid=407132)[0m malloc_consolidate(): invalid chunk size
E0927 16:32:07.444065717  497193 chttp2_transport.cc:1079]             ipv4:145.136.62.14:46039: Received a GOAWAY with error code ENHANCE_YOUR_CALM and debug data equal to "too_many_pings". Current keepalive time (before throttling): ∞
[2m[36m(launch_and_fit pid=407121)[0m malloc_consolidate(): invalid chunk size
[2m[36m(launch_and_fit pid=407129)[0m malloc_consolidate(): invalid chunk size
[2m[36m(launch_and_fit pid=407131)[0m malloc_consolidate(): invalid chunk size
[2m[36m(launch_and_fit pid=407128)[0m malloc_consolidate(): invalid chunk size
[2m[36m(launch_and_fit pid=407130)[0m double free or corruption (fasttop)
INFO flwr 2023-09-27 16:32:29,072 | fed_df.py:545 | Distillation training stopped at step number : 500
INFO flwr 2023-09-27 16:32:29,073 | fed_df.py:552 | Average fusion training loss : 0.01677695160917938, val accuracy : 0.6851090909090909, best val accuracy : 0.704
INFO flwr 2023-09-27 16:32:29,074 | common.py:35 | Avg. local train loss : 4.028150372765958, train acc : 0.8846
INFO flwr 2023-09-27 16:32:31,988 | server.py:116 | fit progress: (25, 1.560090057373047, {'server_test_acc': 0.6953}, 2457.8710573560093)
INFO flwr 2023-09-27 16:32:31,988 | server.py:163 | evaluate_round 25: no clients selected, cancel
DEBUG flwr 2023-09-27 16:32:35,056 | server.py:215 | fit_round 26: strategy sampled 8 clients (out of 20)
[2m[36m(launch_and_fit pid=510739)[0m double free or corruption (fasttop)
[2m[36m(launch_and_fit pid=510737)[0m malloc_consolidate(): invalid chunk size
[2m[36m(launch_and_fit pid=510738)[0m malloc_consolidate(): invalid chunk size
[2m[36m(launch_and_fit pid=510736)[0m malloc_consolidate(): invalid chunk size
[2m[36m(launch_and_fit pid=510732)[0m malloc_consolidate(): invalid chunk size
DEBUG flwr 2023-09-27 16:33:45,288 | server.py:229 | fit_round 26 received 8 results and 0 failures
INFO flwr 2023-09-27 16:33:45,443 | fed_df.py:465 | Performing server side distillation training...
[2m[36m(launch_and_fit pid=510730)[0m Fitting Client 5
[2m[36m(launch_and_fit pid=510732)[0m Fitting Client 13
[2m[36m(launch_and_fit pid=510736)[0m Fitting Client 17
[2m[36m(launch_and_fit pid=510738)[0m Fitting Client 18
[2m[36m(launch_and_fit pid=510734)[0m Fitting Client 15
[2m[36m(launch_and_fit pid=510737)[0m Fitting Client 6
[2m[36m(launch_and_fit pid=510739)[0m Fitting Client 16
[2m[36m(launch_and_fit pid=510740)[0m Fitting Client 0
E0927 16:33:45.797673369  497727 chttp2_transport.cc:1079]             ipv4:145.136.62.14:46039: Received a GOAWAY with error code ENHANCE_YOUR_CALM and debug data equal to "too_many_pings". Current keepalive time (before throttling): ∞
[2m[36m(launch_and_fit pid=510740)[0m double free or corruption (fasttop)
[2m[36m(launch_and_fit pid=510730)[0m malloc_consolidate(): invalid chunk size
[2m[36m(launch_and_fit pid=510734)[0m double free or corruption (fasttop)
INFO flwr 2023-09-27 16:34:07,833 | fed_df.py:545 | Distillation training stopped at step number : 500
INFO flwr 2023-09-27 16:34:07,833 | fed_df.py:552 | Average fusion training loss : 0.012614845314994454, val accuracy : 0.6589454545454544, best val accuracy : 0.6884
INFO flwr 2023-09-27 16:34:07,834 | common.py:35 | Avg. local train loss : 3.942134479060769, train acc : 0.8955763888888889
INFO flwr 2023-09-27 16:34:10,761 | server.py:116 | fit progress: (26, 1.5661504913330078, {'server_test_acc': 0.6826}, 2556.644214349013)
INFO flwr 2023-09-27 16:34:10,761 | server.py:163 | evaluate_round 26: no clients selected, cancel
DEBUG flwr 2023-09-27 16:34:13,904 | server.py:215 | fit_round 27: strategy sampled 8 clients (out of 20)
[2m[36m(launch_and_fit pid=614184)[0m double free or corruption (fasttop)
[2m[36m(launch_and_fit pid=614194)[0m malloc_consolidate(): invalid chunk size
[2m[36m(launch_and_fit pid=614191)[0m double free or corruption (fasttop)
DEBUG flwr 2023-09-27 16:35:23,759 | server.py:229 | fit_round 27 received 8 results and 0 failures
INFO flwr 2023-09-27 16:35:23,912 | fed_df.py:465 | Performing server side distillation training...
[2m[36m(launch_and_fit pid=614185)[0m Fitting Client 12
[2m[36m(launch_and_fit pid=614184)[0m Fitting Client 5
[2m[36m(launch_and_fit pid=614188)[0m Fitting Client 18
[2m[36m(launch_and_fit pid=614189)[0m Fitting Client 0
[2m[36m(launch_and_fit pid=614191)[0m Fitting Client 8
[2m[36m(launch_and_fit pid=614190)[0m Fitting Client 14
[2m[36m(launch_and_fit pid=614195)[0m Fitting Client 13
[2m[36m(launch_and_fit pid=614194)[0m Fitting Client 16
[2m[36m(launch_and_fit pid=614188)[0m double free or corruption (fasttop)
[2m[36m(launch_and_fit pid=614195)[0m corrupted size vs. prev_size in fastbins
E0927 16:35:24.344305611  600445 chttp2_transport.cc:1079]             ipv4:145.136.62.14:46039: Received a GOAWAY with error code ENHANCE_YOUR_CALM and debug data equal to "too_many_pings". Current keepalive time (before throttling): ∞
[2m[36m(launch_and_fit pid=614189)[0m malloc_consolidate(): invalid chunk size
[2m[36m(launch_and_fit pid=614190)[0m malloc_consolidate(): invalid chunk size
[2m[36m(launch_and_fit pid=614185)[0m malloc_consolidate(): invalid chunk size
INFO flwr 2023-09-27 16:35:46,506 | fed_df.py:545 | Distillation training stopped at step number : 500
INFO flwr 2023-09-27 16:35:46,506 | fed_df.py:552 | Average fusion training loss : 0.015356774551793934, val accuracy : 0.6739454545454545, best val accuracy : 0.7016
INFO flwr 2023-09-27 16:35:46,507 | common.py:35 | Avg. local train loss : 3.9146509846672415, train acc : 0.8989097222222222
INFO flwr 2023-09-27 16:35:49,465 | server.py:116 | fit progress: (27, 1.5453924072265626, {'server_test_acc': 0.6955}, 2655.3483686010004)
INFO flwr 2023-09-27 16:35:49,466 | server.py:163 | evaluate_round 27: no clients selected, cancel
DEBUG flwr 2023-09-27 16:35:52,642 | server.py:215 | fit_round 28: strategy sampled 8 clients (out of 20)
[2m[36m(launch_and_fit pid=717854)[0m double free or corruption (fasttop)
[2m[36m(launch_and_fit pid=717859)[0m malloc_consolidate(): invalid chunk size
[2m[36m(launch_and_fit pid=717858)[0m double free or corruption (fasttop)
DEBUG flwr 2023-09-27 16:37:01,899 | server.py:229 | fit_round 28 received 8 results and 0 failures
INFO flwr 2023-09-27 16:37:02,054 | fed_df.py:465 | Performing server side distillation training...
[2m[36m(launch_and_fit pid=717852)[0m Fitting Client 14
[2m[36m(launch_and_fit pid=717854)[0m Fitting Client 9
[2m[36m(launch_and_fit pid=717858)[0m Fitting Client 13
[2m[36m(launch_and_fit pid=717856)[0m Fitting Client 15
[2m[36m(launch_and_fit pid=717859)[0m Fitting Client 4
[2m[36m(launch_and_fit pid=717860)[0m Fitting Client 3
[2m[36m(launch_and_fit pid=717861)[0m Fitting Client 16
[2m[36m(launch_and_fit pid=717862)[0m Fitting Client 19
[2m[36m(launch_and_fit pid=717860)[0m malloc_consolidate(): invalid chunk size
E0927 16:37:02.321374730  704619 chttp2_transport.cc:1079]             ipv4:145.136.62.14:46039: Received a GOAWAY with error code ENHANCE_YOUR_CALM and debug data equal to "too_many_pings". Current keepalive time (before throttling): ∞
[2m[36m(launch_and_fit pid=717856)[0m malloc_consolidate(): invalid chunk size
[2m[36m(launch_and_fit pid=717861)[0m double free or corruption (fasttop)
[2m[36m(launch_and_fit pid=717852)[0m double free or corruption (fasttop)
[2m[36m(launch_and_fit pid=717862)[0m malloc_consolidate(): invalid chunk size
INFO flwr 2023-09-27 16:37:24,673 | fed_df.py:545 | Distillation training stopped at step number : 500
INFO flwr 2023-09-27 16:37:24,674 | fed_df.py:552 | Average fusion training loss : 0.013279935453087092, val accuracy : 0.6873999999999999, best val accuracy : 0.7074
INFO flwr 2023-09-27 16:37:24,675 | common.py:35 | Avg. local train loss : 3.9578255791217094, train acc : 0.8968916666666665
INFO flwr 2023-09-27 16:37:27,701 | server.py:116 | fit progress: (28, 1.5205116180419922, {'server_test_acc': 0.7008}, 2753.5844576230156)
INFO flwr 2023-09-27 16:37:27,702 | server.py:163 | evaluate_round 28: no clients selected, cancel
DEBUG flwr 2023-09-27 16:37:30,793 | server.py:215 | fit_round 29: strategy sampled 8 clients (out of 20)
[2m[36m(launch_and_fit pid=821414)[0m malloc_consolidate(): invalid chunk size
[2m[36m(launch_and_fit pid=821423)[0m malloc_consolidate(): invalid chunk size
[2m[36m(launch_and_fit pid=821416)[0m malloc_consolidate(): invalid chunk size
[2m[36m(launch_and_fit pid=821421)[0m malloc_consolidate(): invalid chunk size
DEBUG flwr 2023-09-27 16:38:40,832 | server.py:229 | fit_round 29 received 8 results and 0 failures
INFO flwr 2023-09-27 16:38:40,988 | fed_df.py:465 | Performing server side distillation training...
[2m[36m(launch_and_fit pid=821419)[0m Fitting Client 17
[2m[36m(launch_and_fit pid=821421)[0m Fitting Client 19
[2m[36m(launch_and_fit pid=821414)[0m Fitting Client 18
[2m[36m(launch_and_fit pid=821416)[0m Fitting Client 1
[2m[36m(launch_and_fit pid=821422)[0m Fitting Client 10
[2m[36m(launch_and_fit pid=821423)[0m Fitting Client 0
[2m[36m(launch_and_fit pid=821425)[0m Fitting Client 14
[2m[36m(launch_and_fit pid=821424)[0m Fitting Client 9
[2m[36m(launch_and_fit pid=821425)[0m malloc_consolidate(): invalid chunk size
[2m[36m(launch_and_fit pid=821422)[0m malloc_consolidate(): invalid chunk size
[2m[36m(launch_and_fit pid=821424)[0m malloc_consolidate(): invalid chunk size
[2m[36m(launch_and_fit pid=821419)[0m malloc_consolidate(): invalid chunk size
E0927 16:38:42.525202449  912664 chttp2_transport.cc:1079]             ipv4:145.136.62.14:46039: Received a GOAWAY with error code ENHANCE_YOUR_CALM and debug data equal to "too_many_pings". Current keepalive time (before throttling): ∞
E0927 16:38:42.525270734  912664 chttp2_transport.cc:1079]             ipv4:145.136.62.14:46039: Received a GOAWAY with error code ENHANCE_YOUR_CALM and debug data equal to "too_many_pings". Current keepalive time (before throttling): ∞
E0927 16:38:42.525281216  912664 chttp2_transport.cc:1079]             ipv4:145.136.62.14:46039: Received a GOAWAY with error code ENHANCE_YOUR_CALM and debug data equal to "too_many_pings". Current keepalive time (before throttling): ∞
E0927 16:38:42.525289216  912664 chttp2_transport.cc:1079]             ipv4:145.136.62.14:46039: Received a GOAWAY with error code ENHANCE_YOUR_CALM and debug data equal to "too_many_pings". Current keepalive time (before throttling): ∞
E0927 16:38:42.525297091  912664 chttp2_transport.cc:1079]             ipv4:145.136.62.14:46039: Received a GOAWAY with error code ENHANCE_YOUR_CALM and debug data equal to "too_many_pings". Current keepalive time (before throttling): ∞
E0927 16:38:42.525304646  912664 chttp2_transport.cc:1079]             ipv4:145.136.62.14:46039: Received a GOAWAY with error code ENHANCE_YOUR_CALM and debug data equal to "too_many_pings". Current keepalive time (before throttling): ∞
E0927 16:38:42.525312140  912664 chttp2_transport.cc:1079]             ipv4:145.136.62.14:46039: Received a GOAWAY with error code ENHANCE_YOUR_CALM and debug data equal to "too_many_pings". Current keepalive time (before throttling): ∞
E0927 16:38:42.525320043  912664 chttp2_transport.cc:1079]             ipv4:145.136.62.14:46039: Received a GOAWAY with error code ENHANCE_YOUR_CALM and debug data equal to "too_many_pings". Current keepalive time (before throttling): ∞
INFO flwr 2023-09-27 16:39:03,471 | fed_df.py:545 | Distillation training stopped at step number : 500
INFO flwr 2023-09-27 16:39:03,472 | fed_df.py:552 | Average fusion training loss : 0.011300102557986975, val accuracy : 0.6632727272727273, best val accuracy : 0.6952
INFO flwr 2023-09-27 16:39:03,473 | common.py:35 | Avg. local train loss : 3.8689956385642295, train acc : 0.9017319444444444
INFO flwr 2023-09-27 16:39:06,476 | server.py:116 | fit progress: (29, 1.533538217163086, {'server_test_acc': 0.6894}, 2852.3594895650167)
INFO flwr 2023-09-27 16:39:06,477 | server.py:163 | evaluate_round 29: no clients selected, cancel
DEBUG flwr 2023-09-27 16:39:09,608 | server.py:215 | fit_round 30: strategy sampled 8 clients (out of 20)
[2m[36m(launch_and_fit pid=924982)[0m malloc_consolidate(): invalid chunk size
DEBUG flwr 2023-09-27 16:40:18,667 | server.py:229 | fit_round 30 received 8 results and 0 failures
[2m[36m(launch_and_fit pid=924989)[0m malloc_consolidate(): invalid chunk size
INFO flwr 2023-09-27 16:40:18,780 | fed_df.py:367 | Warm start at round 30
INFO flwr 2023-09-27 16:40:18,878 | fed_df.py:465 | Performing server side distillation training...
[2m[36m(launch_and_fit pid=924980)[0m Fitting Client 15
[2m[36m(launch_and_fit pid=924982)[0m Fitting Client 18
[2m[36m(launch_and_fit pid=924983)[0m Fitting Client 16
[2m[36m(launch_and_fit pid=924986)[0m Fitting Client 1
[2m[36m(launch_and_fit pid=924990)[0m Fitting Client 2
[2m[36m(launch_and_fit pid=924989)[0m Fitting Client 19
[2m[36m(launch_and_fit pid=924988)[0m Fitting Client 8
[2m[36m(launch_and_fit pid=924987)[0m Fitting Client 5
[2m[36m(launch_and_fit pid=924986)[0m double free or corruption (fasttop)
[2m[36m(launch_and_fit pid=924987)[0m double free or corruption (fasttop)
[2m[36m(launch_and_fit pid=924983)[0m malloc_consolidate(): invalid chunk size
[2m[36m(launch_and_fit pid=924988)[0m malloc_consolidate(): invalid chunk size
E0927 16:40:20.409406972 1016439 chttp2_transport.cc:1079]             ipv4:145.136.62.14:46039: Received a GOAWAY with error code ENHANCE_YOUR_CALM and debug data equal to "too_many_pings". Current keepalive time (before throttling): ∞
[2m[36m(launch_and_fit pid=924990)[0m malloc_consolidate(): invalid chunk size
INFO flwr 2023-09-27 16:40:41,509 | fed_df.py:545 | Distillation training stopped at step number : 500
INFO flwr 2023-09-27 16:40:41,510 | fed_df.py:552 | Average fusion training loss : 0.017017673132009803, val accuracy : 0.6911818181818181, best val accuracy : 0.715
INFO flwr 2023-09-27 16:40:41,511 | common.py:35 | Avg. local train loss : 3.84970367141068, train acc : 0.9027666666666667
INFO flwr 2023-09-27 16:40:44,446 | server.py:116 | fit progress: (30, 1.5410562957763672, {'server_test_acc': 0.7083}, 2950.329105526005)
INFO flwr 2023-09-27 16:40:44,446 | server.py:163 | evaluate_round 30: no clients selected, cancel
INFO flwr 2023-09-27 16:40:44,446 | server.py:144 | FL finished in 2950.329465457995
INFO flwr 2023-09-27 16:40:44,447 | app.py:202 | app_fit: losses_distributed []
INFO flwr 2023-09-27 16:40:44,448 | app.py:203 | app_fit: metrics_distributed {}
INFO flwr 2023-09-27 16:40:44,448 | app.py:204 | app_fit: losses_centralized [(0, 2.3234217651367186), (1, 1.539482000732422), (2, 1.4855894500732423), (3, 1.402245867919922), (4, 1.3754804626464843), (5, 1.430806640625), (6, 1.3802870880126954), (7, 1.4389800720214845), (8, 1.4205249389648438), (9, 1.380918325805664), (10, 1.458808639526367), (11, 1.443054345703125), (12, 1.4543850524902344), (13, 1.4296972198486328), (14, 1.476380712890625), (15, 1.5220293792724608), (16, 1.4758912231445311), (17, 1.5566137573242187), (18, 1.5054796783447266), (19, 1.4537380706787109), (20, 1.531766665649414), (21, 1.560800210571289), (22, 1.5231983612060547), (23, 1.5299392822265625), (24, 1.538216973876953), (25, 1.560090057373047), (26, 1.5661504913330078), (27, 1.5453924072265626), (28, 1.5205116180419922), (29, 1.533538217163086), (30, 1.5410562957763672)]
INFO flwr 2023-09-27 16:40:44,448 | app.py:205 | app_fit: metrics_centralized {'server_test_acc': [(0, 0.108), (1, 0.4553), (2, 0.4822), (3, 0.5354), (4, 0.5519), (5, 0.5932), (6, 0.5858), (7, 0.6076), (8, 0.6068), (9, 0.6242), (10, 0.6275), (11, 0.6367), (12, 0.63), (13, 0.6376), (14, 0.6259), (15, 0.6287), (16, 0.6391), (17, 0.6382), (18, 0.6626), (19, 0.6724), (20, 0.6822), (21, 0.6819), (22, 0.6739), (23, 0.6755), (24, 0.6798), (25, 0.6953), (26, 0.6826), (27, 0.6955), (28, 0.7008), (29, 0.6894), (30, 0.7083)]}
double free or corruption (fasttop)
srun: error: gcn14: task 0: Aborted
srun: Terminating StepId=3936860.0
-----EXPERIMENT ENDS-----
-----CLEANING UP DISK------
-----END-----

JOB STATISTICS
==============
Job ID: 3936860
Cluster: snellius
User/Group: sunnys/sunnys
State: COMPLETED (exit code 0)
Nodes: 1
Cores per node: 18
CPU Utilized: 01:38:04
CPU Efficiency: 10.87% of 15:01:48 core-walltime
Job Wall-clock time: 00:50:06
Memory Utilized: 21.91 GB
Memory Efficiency: 18.26% of 120.00 GB
