---------
Number of crops : 2250
Strategy : feddf
Model : resnet8
Communication Rounds : 30
Seed : 42
Val Ratio : 0.1
Batch Size : 1024
Local Epochs : 80
Distill Steps : 500
Early Stopping Steps : 1000
Use Early Stopping : False
Use Adaptive LR : False
Use Crops : False
Distillation Dataset : cifar100
Local LR : 0.01
Server LR : 0.0005
Warm Start : True
---------
Generating crops for FedDF
/home/sunnys/.conda/envs/single_image_fl/bin/python: can't open file '/gpfs/home1/sunnys/thesis_23/single_image_fl/job_scripts/make_single_img_dataset.py': [Errno 2] No such file or directory
srun: error: gcn41: task 0: Exited with exit code 2
srun: launch/slurm: _step_signal: Terminating StepId=2751503.0
---------
Simulating FedDF training using crops
Downloading https://www.cs.toronto.edu/~kriz/cifar-10-python.tar.gz to /scratch-local/sunnys.2751503/cifar-10-python.tar.gz
Extracting /scratch-local/sunnys.2751503/cifar-10-python.tar.gz to /scratch-local/sunnys.2751503
Generating unified cifar10 dataset
Class histogram for 0-th partition (alpha=100.0, 10 classes): [256 249 217 265 244 275 235 226 275 258]
Downloading https://www.cs.toronto.edu/~kriz/cifar-100-python.tar.gz to /scratch-local/sunnys.2751503/cifar-100-python.tar.gz
Extracting /scratch-local/sunnys.2751503/cifar-100-python.tar.gz to /scratch-local/sunnys.2751503
INFO flwr 2023-05-16 13:02:54,375 | app.py:145 | Starting Flower simulation, config: ServerConfig(num_rounds=30, round_timeout=None)
2023-05-16 13:02:56,817	INFO worker.py:1529 -- Started a local Ray instance. View the dashboard at [1m[32m127.0.0.1:8265 [39m[22m
INFO flwr 2023-05-16 13:03:04,897 | app.py:179 | Flower VCE: Ray initialized with resources: {'object_store_memory': 157215218073.0, 'memory': 356835508839.0, 'accelerator_type:A100': 1.0, 'GPU': 1.0, 'CPU': 72.0, 'node:145.136.62.41': 1.0}
INFO flwr 2023-05-16 13:03:04,898 | server.py:86 | Initializing global parameters
INFO flwr 2023-05-16 13:03:04,898 | server.py:266 | Using initial parameters provided by strategy
INFO flwr 2023-05-16 13:03:04,898 | server.py:88 | Evaluating initial parameters
INFO flwr 2023-05-16 13:03:09,162 | server.py:91 | initial parameters (loss, other metrics): 2.369325817871094, {'server_test_acc': 0.1096}
INFO flwr 2023-05-16 13:03:09,162 | server.py:101 | FL starting
DEBUG flwr 2023-05-16 13:03:09,162 | server.py:215 | fit_round 1: strategy sampled 8 clients (out of 20)
DEBUG flwr 2023-05-16 13:03:59,777 | server.py:229 | fit_round 1 received 8 results and 0 failures
[2m[36m(launch_and_fit pid=3276981)[0m Fitting Client 10
[2m[36m(launch_and_fit pid=3276979)[0m Fitting Client 12
[2m[36m(launch_and_fit pid=3276983)[0m Fitting Client 3
[2m[36m(launch_and_fit pid=3276985)[0m Fitting Client 5
[2m[36m(launch_and_fit pid=3276978)[0m Fitting Client 8
[2m[36m(launch_and_fit pid=3276980)[0m Fitting Client 13
[2m[36m(launch_and_fit pid=3276984)[0m Fitting Client 7
[2m[36m(launch_and_fit pid=3276982)[0m Fitting Client 14
Performing server side distillation training...
Distillation training stopped at step number : 500
Average fusion training loss : 0.20738781859725713, val accuracy : 0.5508000000000001
Average local training loss : 2.063112226688827
Average local training accuracy : 0.7574368055555556
INFO flwr 2023-05-16 13:04:47,733 | server.py:116 | fit progress: (1, 1.4931014526367188, {'server_test_acc': 0.5591}, 98.57127738301642)
INFO flwr 2023-05-16 13:04:47,733 | server.py:163 | evaluate_round 1: no clients selected, cancel
DEBUG flwr 2023-05-16 13:04:47,733 | server.py:215 | fit_round 2: strategy sampled 8 clients (out of 20)
DEBUG flwr 2023-05-16 13:05:37,013 | server.py:229 | fit_round 2 received 8 results and 0 failures
[2m[36m(launch_and_fit pid=3585968)[0m Fitting Client 11
[2m[36m(launch_and_fit pid=3586112)[0m Fitting Client 13
[2m[36m(launch_and_fit pid=3586117)[0m Fitting Client 8
[2m[36m(launch_and_fit pid=3586118)[0m Fitting Client 17
[2m[36m(launch_and_fit pid=3585967)[0m Fitting Client 5
[2m[36m(launch_and_fit pid=3586106)[0m Fitting Client 6
[2m[36m(launch_and_fit pid=3586108)[0m Fitting Client 10
[2m[36m(launch_and_fit pid=3586109)[0m Fitting Client 18
Performing server side distillation training...
E0516 13:05:43.175932667 3274853 chttp2_transport.cc:1079]             ipv4:145.136.62.41:46957: Received a GOAWAY with error code ENHANCE_YOUR_CALM and debug data equal to "too_many_pings". Current keepalive time (before throttling): 60000ms
Distillation training stopped at step number : 500
Average fusion training loss : 0.07579014068096876, val accuracy : 0.5940000000000001
Average local training loss : 1.0024660367449543
Average local training accuracy : 0.8946784722222222
INFO flwr 2023-05-16 13:06:27,614 | server.py:116 | fit progress: (2, 1.43194775390625, {'server_test_acc': 0.603}, 198.45250534906518)
INFO flwr 2023-05-16 13:06:27,615 | server.py:163 | evaluate_round 2: no clients selected, cancel
DEBUG flwr 2023-05-16 13:06:27,615 | server.py:215 | fit_round 3: strategy sampled 8 clients (out of 20)
DEBUG flwr 2023-05-16 13:07:18,147 | server.py:229 | fit_round 3 received 8 results and 0 failures
[2m[36m(launch_and_fit pid=3877469)[0m Fitting Client 18
[2m[36m(launch_and_fit pid=3877538)[0m Fitting Client 7
[2m[36m(launch_and_fit pid=3877465)[0m Fitting Client 5
[2m[36m(launch_and_fit pid=3877468)[0m Fitting Client 16
[2m[36m(launch_and_fit pid=3877467)[0m Fitting Client 6
[2m[36m(launch_and_fit pid=3877466)[0m Fitting Client 2
[2m[36m(launch_and_fit pid=3877539)[0m Fitting Client 4
[2m[36m(launch_and_fit pid=3877470)[0m Fitting Client 17
Performing server side distillation training...
Distillation training stopped at step number : 500
Average fusion training loss : 0.045533839583396914, val accuracy : 0.63072
Average local training loss : 0.5229729736163791
Average local training accuracy : 0.9460229166666666
INFO flwr 2023-05-16 13:08:08,485 | server.py:116 | fit progress: (3, 1.4222261474609375, {'server_test_acc': 0.6246}, 299.3228845309932)
INFO flwr 2023-05-16 13:08:08,485 | server.py:163 | evaluate_round 3: no clients selected, cancel
DEBUG flwr 2023-05-16 13:08:08,485 | server.py:215 | fit_round 4: strategy sampled 8 clients (out of 20)
DEBUG flwr 2023-05-16 13:08:57,853 | server.py:229 | fit_round 4 received 8 results and 0 failures
[2m[36m(launch_and_fit pid=4169127)[0m Fitting Client 17
[2m[36m(launch_and_fit pid=4169131)[0m Fitting Client 0
[2m[36m(launch_and_fit pid=4169133)[0m Fitting Client 12
[2m[36m(launch_and_fit pid=4169129)[0m Fitting Client 7
[2m[36m(launch_and_fit pid=4169128)[0m Fitting Client 13
[2m[36m(launch_and_fit pid=4169132)[0m Fitting Client 18
[2m[36m(launch_and_fit pid=4169130)[0m Fitting Client 1
[2m[36m(launch_and_fit pid=4169134)[0m Fitting Client 10
Performing server side distillation training...
Distillation training stopped at step number : 500
Average fusion training loss : 0.03551046353206039, val accuracy : 0.63828
Average local training loss : 0.36273185300196936
Average local training accuracy : 0.9631284722222222
INFO flwr 2023-05-16 13:09:46,672 | server.py:116 | fit progress: (4, 1.4234938232421874, {'server_test_acc': 0.6403}, 397.510097468039)
INFO flwr 2023-05-16 13:09:46,672 | server.py:163 | evaluate_round 4: no clients selected, cancel
DEBUG flwr 2023-05-16 13:09:46,672 | server.py:215 | fit_round 5: strategy sampled 8 clients (out of 20)
DEBUG flwr 2023-05-16 13:10:36,419 | server.py:229 | fit_round 5 received 8 results and 0 failures
[2m[36m(launch_and_fit pid=266503)[0m Fitting Client 11
[2m[36m(launch_and_fit pid=266505)[0m Fitting Client 9
[2m[36m(launch_and_fit pid=266500)[0m Fitting Client 12
[2m[36m(launch_and_fit pid=266504)[0m Fitting Client 6
[2m[36m(launch_and_fit pid=266496)[0m Fitting Client 2
[2m[36m(launch_and_fit pid=266499)[0m Fitting Client 10
[2m[36m(launch_and_fit pid=266498)[0m Fitting Client 8
[2m[36m(launch_and_fit pid=266497)[0m Fitting Client 14
Performing server side distillation training...
E0516 13:10:40.750752268 3789645 chttp2_transport.cc:1079]             ipv4:145.136.62.41:46957: Received a GOAWAY with error code ENHANCE_YOUR_CALM and debug data equal to "too_many_pings". Current keepalive time (before throttling): 120000ms
Distillation training stopped at step number : 500
Average fusion training loss : 0.03475492913462221, val accuracy : 0.6563999999999999
Average local training loss : 0.29097852375280125
Average local training accuracy : 0.9706138888888888
INFO flwr 2023-05-16 13:11:26,102 | server.py:116 | fit progress: (5, 1.3958411499023438, {'server_test_acc': 0.6501}, 496.9396631580312)
INFO flwr 2023-05-16 13:11:26,102 | server.py:163 | evaluate_round 5: no clients selected, cancel
DEBUG flwr 2023-05-16 13:11:26,102 | server.py:215 | fit_round 6: strategy sampled 8 clients (out of 20)
DEBUG flwr 2023-05-16 13:12:16,241 | server.py:229 | fit_round 6 received 8 results and 0 failures
[2m[36m(launch_and_fit pid=558547)[0m Fitting Client 10
[2m[36m(launch_and_fit pid=558551)[0m Fitting Client 2
[2m[36m(launch_and_fit pid=558548)[0m Fitting Client 17
[2m[36m(launch_and_fit pid=558550)[0m Fitting Client 15
[2m[36m(launch_and_fit pid=558552)[0m Fitting Client 14
[2m[36m(launch_and_fit pid=558554)[0m Fitting Client 4
[2m[36m(launch_and_fit pid=558553)[0m Fitting Client 12
[2m[36m(launch_and_fit pid=558549)[0m Fitting Client 6
Performing server side distillation training...
Distillation training stopped at step number : 500
Average fusion training loss : 0.030521962504833938, val accuracy : 0.65528
Average local training loss : 0.21006052348084267
Average local training accuracy : 0.9789479166666667
INFO flwr 2023-05-16 13:13:13,476 | server.py:116 | fit progress: (6, 1.44574365234375, {'server_test_acc': 0.6502}, 604.3145093129715)
INFO flwr 2023-05-16 13:13:13,477 | server.py:163 | evaluate_round 6: no clients selected, cancel
DEBUG flwr 2023-05-16 13:13:13,477 | server.py:215 | fit_round 7: strategy sampled 8 clients (out of 20)
DEBUG flwr 2023-05-16 13:14:03,692 | server.py:229 | fit_round 7 received 8 results and 0 failures
[2m[36m(launch_and_fit pid=853185)[0m Fitting Client 17
[2m[36m(launch_and_fit pid=853187)[0m Fitting Client 8
[2m[36m(launch_and_fit pid=853513)[0m Fitting Client 18
[2m[36m(launch_and_fit pid=853516)[0m Fitting Client 13
[2m[36m(launch_and_fit pid=853512)[0m Fitting Client 7
[2m[36m(launch_and_fit pid=853517)[0m Fitting Client 6
[2m[36m(launch_and_fit pid=853515)[0m Fitting Client 14
[2m[36m(launch_and_fit pid=853514)[0m Fitting Client 9
Performing server side distillation training...
Distillation training stopped at step number : 500
Average fusion training loss : 0.02958009921759367, val accuracy : 0.6622
Average local training loss : 0.18355805067208164
Average local training accuracy : 0.9818715277777778
INFO flwr 2023-05-16 13:14:54,390 | server.py:116 | fit progress: (7, 1.4385047119140626, {'server_test_acc': 0.659}, 705.2278472100152)
INFO flwr 2023-05-16 13:14:54,390 | server.py:163 | evaluate_round 7: no clients selected, cancel
DEBUG flwr 2023-05-16 13:14:54,390 | server.py:215 | fit_round 8: strategy sampled 8 clients (out of 20)
DEBUG flwr 2023-05-16 13:15:43,549 | server.py:229 | fit_round 8 received 8 results and 0 failures
[2m[36m(launch_and_fit pid=1145426)[0m Fitting Client 4
[2m[36m(launch_and_fit pid=1145424)[0m Fitting Client 7
[2m[36m(launch_and_fit pid=1145430)[0m Fitting Client 0
[2m[36m(launch_and_fit pid=1145425)[0m Fitting Client 12
[2m[36m(launch_and_fit pid=1145427)[0m Fitting Client 15
[2m[36m(launch_and_fit pid=1145423)[0m Fitting Client 11
[2m[36m(launch_and_fit pid=1145429)[0m Fitting Client 1
[2m[36m(launch_and_fit pid=1145428)[0m Fitting Client 16
Performing server side distillation training...
E0516 13:15:48.687873319  468052 chttp2_transport.cc:1079]             ipv4:145.136.62.41:46957: Received a GOAWAY with error code ENHANCE_YOUR_CALM and debug data equal to "too_many_pings". Current keepalive time (before throttling): 240000ms
Distillation training stopped at step number : 500
Average fusion training loss : 0.029544462010264397, val accuracy : 0.66512
Average local training loss : 0.19138162471626854
Average local training accuracy : 0.9810548611111111
INFO flwr 2023-05-16 13:16:35,810 | server.py:116 | fit progress: (8, 1.4110764038085937, {'server_test_acc': 0.6626}, 806.6477611659793)
INFO flwr 2023-05-16 13:16:35,810 | server.py:163 | evaluate_round 8: no clients selected, cancel
DEBUG flwr 2023-05-16 13:16:35,810 | server.py:215 | fit_round 9: strategy sampled 8 clients (out of 20)
DEBUG flwr 2023-05-16 13:17:25,318 | server.py:229 | fit_round 9 received 8 results and 0 failures
[2m[36m(launch_and_fit pid=1437004)[0m Fitting Client 2
[2m[36m(launch_and_fit pid=1437001)[0m Fitting Client 13
[2m[36m(launch_and_fit pid=1437005)[0m Fitting Client 6
[2m[36m(launch_and_fit pid=1437007)[0m Fitting Client 14
[2m[36m(launch_and_fit pid=1437003)[0m Fitting Client 3
[2m[36m(launch_and_fit pid=1437010)[0m Fitting Client 9
[2m[36m(launch_and_fit pid=1437006)[0m Fitting Client 5
[2m[36m(launch_and_fit pid=1437002)[0m Fitting Client 4
Performing server side distillation training...
Distillation training stopped at step number : 500
Average fusion training loss : 0.02736793681886047, val accuracy : 0.6715199999999999
Average local training loss : 0.16716400146360683
Average local training accuracy : 0.9835611111111112
INFO flwr 2023-05-16 13:18:16,498 | server.py:116 | fit progress: (9, 1.4048632934570313, {'server_test_acc': 0.666}, 907.3361154360464)
INFO flwr 2023-05-16 13:18:16,498 | server.py:163 | evaluate_round 9: no clients selected, cancel
DEBUG flwr 2023-05-16 13:18:16,498 | server.py:215 | fit_round 10: strategy sampled 8 clients (out of 20)
DEBUG flwr 2023-05-16 13:19:06,487 | server.py:229 | fit_round 10 received 8 results and 0 failures
[2m[36m(launch_and_fit pid=1751628)[0m Fitting Client 16
[2m[36m(launch_and_fit pid=1751491)[0m Fitting Client 17
[2m[36m(launch_and_fit pid=1751697)[0m Fitting Client 10
[2m[36m(launch_and_fit pid=1751560)[0m Fitting Client 0
[2m[36m(launch_and_fit pid=1751768)[0m Fitting Client 12
[2m[36m(launch_and_fit pid=1751492)[0m Fitting Client 3
[2m[36m(launch_and_fit pid=1751490)[0m Fitting Client 14
[2m[36m(launch_and_fit pid=1751629)[0m Fitting Client 8
Performing server side distillation training...
Distillation training stopped at step number : 500
Average fusion training loss : 0.02688313808757812, val accuracy : 0.6701599999999999
Average local training loss : 0.14356379362179725
Average local training accuracy : 0.9859875
INFO flwr 2023-05-16 13:20:01,899 | server.py:116 | fit progress: (10, 1.4152949096679688, {'server_test_acc': 0.6724}, 1012.7366601830581)
INFO flwr 2023-05-16 13:20:01,899 | server.py:163 | evaluate_round 10: no clients selected, cancel
DEBUG flwr 2023-05-16 13:20:01,899 | server.py:215 | fit_round 11: strategy sampled 8 clients (out of 20)
DEBUG flwr 2023-05-16 13:20:51,591 | server.py:229 | fit_round 11 received 8 results and 0 failures
[2m[36m(launch_and_fit pid=2068920)[0m Fitting Client 8
[2m[36m(launch_and_fit pid=2069277)[0m Fitting Client 2
[2m[36m(launch_and_fit pid=2069502)[0m Fitting Client 0
[2m[36m(launch_and_fit pid=2069573)[0m Fitting Client 3
[2m[36m(launch_and_fit pid=2069574)[0m Fitting Client 7
[2m[36m(launch_and_fit pid=2069579)[0m Fitting Client 13
[2m[36m(launch_and_fit pid=2069578)[0m Fitting Client 10
[2m[36m(launch_and_fit pid=2069577)[0m Fitting Client 9
Performing server side distillation training...
E0516 13:21:13.724841624 2303015 chttp2_transport.cc:1079]             ipv4:145.136.62.41:46957: Received a GOAWAY with error code ENHANCE_YOUR_CALM and debug data equal to "too_many_pings". Current keepalive time (before throttling): 480000ms
Distillation training stopped at step number : 500
Average fusion training loss : 0.025993361783213913, val accuracy : 0.6697599999999999
Average local training loss : 0.11721767941210147
Average local training accuracy : 0.9884694444444444
INFO flwr 2023-05-16 13:21:44,942 | server.py:116 | fit progress: (11, 1.4551049194335937, {'server_test_acc': 0.6703}, 1115.7797312350012)
INFO flwr 2023-05-16 13:21:44,942 | server.py:163 | evaluate_round 11: no clients selected, cancel
DEBUG flwr 2023-05-16 13:21:44,942 | server.py:215 | fit_round 12: strategy sampled 8 clients (out of 20)
DEBUG flwr 2023-05-16 13:22:33,373 | server.py:229 | fit_round 12 received 8 results and 0 failures
[2m[36m(launch_and_fit pid=2362265)[0m Fitting Client 3
[2m[36m(launch_and_fit pid=2362270)[0m Fitting Client 8
[2m[36m(launch_and_fit pid=2362282)[0m Fitting Client 16
[2m[36m(launch_and_fit pid=2362278)[0m Fitting Client 10
[2m[36m(launch_and_fit pid=2362284)[0m Fitting Client 13
[2m[36m(launch_and_fit pid=2362283)[0m Fitting Client 18
[2m[36m(launch_and_fit pid=2362277)[0m Fitting Client 5
[2m[36m(launch_and_fit pid=2362279)[0m Fitting Client 4
Performing server side distillation training...
Distillation training stopped at step number : 500
Average fusion training loss : 0.025692211893387138, val accuracy : 0.6762
Average local training loss : 0.11646241891255614
Average local training accuracy : 0.9887722222222223
INFO flwr 2023-05-16 13:23:26,069 | server.py:116 | fit progress: (12, 1.4472978149414062, {'server_test_acc': 0.6792}, 1216.9068939600838)
INFO flwr 2023-05-16 13:23:26,069 | server.py:163 | evaluate_round 12: no clients selected, cancel
DEBUG flwr 2023-05-16 13:23:26,069 | server.py:215 | fit_round 13: strategy sampled 8 clients (out of 20)
DEBUG flwr 2023-05-16 13:24:16,928 | server.py:229 | fit_round 13 received 8 results and 0 failures
[2m[36m(launch_and_fit pid=2647852)[0m Fitting Client 16
[2m[36m(launch_and_fit pid=2648001)[0m Fitting Client 8
[2m[36m(launch_and_fit pid=2648429)[0m Fitting Client 14
[2m[36m(launch_and_fit pid=2648422)[0m Fitting Client 12
[2m[36m(launch_and_fit pid=2648420)[0m Fitting Client 4
[2m[36m(launch_and_fit pid=2648424)[0m Fitting Client 11
[2m[36m(launch_and_fit pid=2648421)[0m Fitting Client 5
[2m[36m(launch_and_fit pid=2648428)[0m Fitting Client 6
Performing server side distillation training...
E0516 13:24:21.971522891 2303609 chttp2_transport.cc:1079]             ipv4:145.136.62.41:46957: Received a GOAWAY with error code ENHANCE_YOUR_CALM and debug data equal to "too_many_pings". Current keepalive time (before throttling): 960000ms
E0516 13:24:33.960992702 2873552 chttp2_transport.cc:1079]             ipv4:145.136.62.41:46957: Received a GOAWAY with error code ENHANCE_YOUR_CALM and debug data equal to "too_many_pings". Current keepalive time (before throttling): 1920000ms
Distillation training stopped at step number : 500
Average fusion training loss : 0.026227417162619532, val accuracy : 0.6784399999999999
Average local training loss : 0.1096403163591276
Average local training accuracy : 0.9893277777777777
INFO flwr 2023-05-16 13:25:11,869 | server.py:116 | fit progress: (13, 1.4718087158203126, {'server_test_acc': 0.6746}, 1322.7076304510701)
INFO flwr 2023-05-16 13:25:11,870 | server.py:163 | evaluate_round 13: no clients selected, cancel
DEBUG flwr 2023-05-16 13:25:11,870 | server.py:215 | fit_round 14: strategy sampled 8 clients (out of 20)
DEBUG flwr 2023-05-16 13:26:00,010 | server.py:229 | fit_round 14 received 8 results and 0 failures
[2m[36m(launch_and_fit pid=2942237)[0m Fitting Client 19
[2m[36m(launch_and_fit pid=2942738)[0m Fitting Client 10
[2m[36m(launch_and_fit pid=2942810)[0m Fitting Client 15
[2m[36m(launch_and_fit pid=2942809)[0m Fitting Client 12
[2m[36m(launch_and_fit pid=2942813)[0m Fitting Client 3
[2m[36m(launch_and_fit pid=2942808)[0m Fitting Client 0
[2m[36m(launch_and_fit pid=2942812)[0m Fitting Client 14
[2m[36m(launch_and_fit pid=2942811)[0m Fitting Client 5
Performing server side distillation training...
Distillation training stopped at step number : 500
Average fusion training loss : 0.026199237138964236, val accuracy : 0.6754800000000001
Average local training loss : 0.10683033152645294
Average local training accuracy : 0.9896145833333334
INFO flwr 2023-05-16 13:26:53,045 | server.py:116 | fit progress: (14, 1.453122021484375, {'server_test_acc': 0.6715}, 1423.8830064029898)
INFO flwr 2023-05-16 13:26:53,045 | server.py:163 | evaluate_round 14: no clients selected, cancel
DEBUG flwr 2023-05-16 13:26:53,045 | server.py:215 | fit_round 15: strategy sampled 8 clients (out of 20)
DEBUG flwr 2023-05-16 13:27:42,232 | server.py:229 | fit_round 15 received 8 results and 0 failures
[2m[36m(launch_and_fit pid=3226574)[0m Fitting Client 2
[2m[36m(launch_and_fit pid=3226575)[0m Fitting Client 7
[2m[36m(launch_and_fit pid=3226582)[0m Fitting Client 11
[2m[36m(launch_and_fit pid=3226578)[0m Fitting Client 16
[2m[36m(launch_and_fit pid=3226581)[0m Fitting Client 18
[2m[36m(launch_and_fit pid=3226577)[0m Fitting Client 9
[2m[36m(launch_and_fit pid=3226576)[0m Fitting Client 1
[2m[36m(launch_and_fit pid=3226580)[0m Fitting Client 17
Performing server side distillation training...
Distillation training stopped at step number : 500
Average fusion training loss : 0.0266529907528311, val accuracy : 0.68236
Average local training loss : 0.12497413891812811
Average local training accuracy : 0.9879104166666666
INFO flwr 2023-05-16 13:28:36,470 | server.py:116 | fit progress: (15, 1.4214772705078125, {'server_test_acc': 0.6813}, 1527.3080177020747)
INFO flwr 2023-05-16 13:28:36,470 | server.py:163 | evaluate_round 15: no clients selected, cancel
DEBUG flwr 2023-05-16 13:28:36,470 | server.py:215 | fit_round 16: strategy sampled 8 clients (out of 20)
DEBUG flwr 2023-05-16 13:29:25,629 | server.py:229 | fit_round 16 received 8 results and 0 failures
[2m[36m(launch_and_fit pid=3526145)[0m Fitting Client 17
[2m[36m(launch_and_fit pid=3526429)[0m Fitting Client 15
[2m[36m(launch_and_fit pid=3526427)[0m Fitting Client 4
[2m[36m(launch_and_fit pid=3526428)[0m Fitting Client 18
[2m[36m(launch_and_fit pid=3526430)[0m Fitting Client 8
[2m[36m(launch_and_fit pid=3526432)[0m Fitting Client 16
[2m[36m(launch_and_fit pid=3526426)[0m Fitting Client 19
[2m[36m(launch_and_fit pid=3526431)[0m Fitting Client 2
Performing server side distillation training...
E0516 13:29:44.806805330 3755840 chttp2_transport.cc:1079]             ipv4:145.136.62.41:46957: Received a GOAWAY with error code ENHANCE_YOUR_CALM and debug data equal to "too_many_pings". Current keepalive time (before throttling): 3840000ms
Distillation training stopped at step number : 500
Average fusion training loss : 0.025729290458373726, val accuracy : 0.67912
Average local training loss : 0.09303721576188764
Average local training accuracy : 0.9910618055555556
INFO flwr 2023-05-16 13:30:20,276 | server.py:116 | fit progress: (16, 1.4505732666015625, {'server_test_acc': 0.6818}, 1631.1142798900837)
INFO flwr 2023-05-16 13:30:20,276 | server.py:163 | evaluate_round 16: no clients selected, cancel
DEBUG flwr 2023-05-16 13:30:20,277 | server.py:215 | fit_round 17: strategy sampled 8 clients (out of 20)
DEBUG flwr 2023-05-16 13:31:09,342 | server.py:229 | fit_round 17 received 8 results and 0 failures
[2m[36m(launch_and_fit pid=3816880)[0m Fitting Client 6
[2m[36m(launch_and_fit pid=3816881)[0m Fitting Client 19
[2m[36m(launch_and_fit pid=3817021)[0m Fitting Client 9
[2m[36m(launch_and_fit pid=3817024)[0m Fitting Client 10
[2m[36m(launch_and_fit pid=3817023)[0m Fitting Client 18
[2m[36m(launch_and_fit pid=3817019)[0m Fitting Client 16
[2m[36m(launch_and_fit pid=3817022)[0m Fitting Client 17
[2m[36m(launch_and_fit pid=3817020)[0m Fitting Client 13
Performing server side distillation training...
Distillation training stopped at step number : 500
Average fusion training loss : 0.023712851585820316, val accuracy : 0.6798
Average local training loss : 0.08819871862463059
Average local training accuracy : 0.9915833333333334
INFO flwr 2023-05-16 13:32:04,115 | server.py:116 | fit progress: (17, 1.46944326171875, {'server_test_acc': 0.6786}, 1734.9527560620336)
INFO flwr 2023-05-16 13:32:04,115 | server.py:163 | evaluate_round 17: no clients selected, cancel
DEBUG flwr 2023-05-16 13:32:04,115 | server.py:215 | fit_round 18: strategy sampled 8 clients (out of 20)
DEBUG flwr 2023-05-16 13:32:52,899 | server.py:229 | fit_round 18 received 8 results and 0 failures
[2m[36m(launch_and_fit pid=4111987)[0m Fitting Client 1
[2m[36m(launch_and_fit pid=4111972)[0m Fitting Client 16
[2m[36m(launch_and_fit pid=4111986)[0m Fitting Client 17
[2m[36m(launch_and_fit pid=4111939)[0m Fitting Client 15
[2m[36m(launch_and_fit pid=4111940)[0m Fitting Client 14
[2m[36m(launch_and_fit pid=4111953)[0m Fitting Client 3
[2m[36m(launch_and_fit pid=4111951)[0m Fitting Client 11
[2m[36m(launch_and_fit pid=4111938)[0m Fitting Client 18
Performing server side distillation training...
Distillation training stopped at step number : 500
Average fusion training loss : 0.024545393493957818, val accuracy : 0.68764
Average local training loss : 0.08949851210757061
Average local training accuracy : 0.9914298611111111
INFO flwr 2023-05-16 13:33:47,602 | server.py:116 | fit progress: (18, 1.45832724609375, {'server_test_acc': 0.6854}, 1838.4400542380754)
INFO flwr 2023-05-16 13:33:47,602 | server.py:163 | evaluate_round 18: no clients selected, cancel
DEBUG flwr 2023-05-16 13:33:47,602 | server.py:215 | fit_round 19: strategy sampled 8 clients (out of 20)
DEBUG flwr 2023-05-16 13:34:35,753 | server.py:229 | fit_round 19 received 8 results and 0 failures
[2m[36m(launch_and_fit pid=242995)[0m Fitting Client 0
[2m[36m(launch_and_fit pid=243186)[0m Fitting Client 10
[2m[36m(launch_and_fit pid=243190)[0m Fitting Client 11
[2m[36m(launch_and_fit pid=243188)[0m Fitting Client 7
[2m[36m(launch_and_fit pid=243187)[0m Fitting Client 1
[2m[36m(launch_and_fit pid=243185)[0m Fitting Client 17
[2m[36m(launch_and_fit pid=243192)[0m Fitting Client 16
[2m[36m(launch_and_fit pid=243193)[0m Fitting Client 18
Performing server side distillation training...
E0516 13:35:05.317904844 3756468 chttp2_transport.cc:1079]             ipv4:145.136.62.41:46957: Received a GOAWAY with error code ENHANCE_YOUR_CALM and debug data equal to "too_many_pings". Current keepalive time (before throttling): 7680000ms
Distillation training stopped at step number : 500
Average fusion training loss : 0.02418166314344853, val accuracy : 0.6835199999999999
Average local training loss : 0.07168990927780214
Average local training accuracy : 0.9931201388888888
INFO flwr 2023-05-16 13:35:29,507 | server.py:116 | fit progress: (19, 1.5065846435546875, {'server_test_acc': 0.6823}, 1940.3454099009978)
INFO flwr 2023-05-16 13:35:29,507 | server.py:163 | evaluate_round 19: no clients selected, cancel
DEBUG flwr 2023-05-16 13:35:29,508 | server.py:215 | fit_round 20: strategy sampled 8 clients (out of 20)
DEBUG flwr 2023-05-16 13:36:17,502 | server.py:229 | fit_round 20 received 8 results and 0 failures
[2m[36m(launch_and_fit pid=536581)[0m Fitting Client 16
[2m[36m(launch_and_fit pid=536577)[0m Fitting Client 7
[2m[36m(launch_and_fit pid=536578)[0m Fitting Client 19
[2m[36m(launch_and_fit pid=536580)[0m Fitting Client 10
[2m[36m(launch_and_fit pid=536582)[0m Fitting Client 2
[2m[36m(launch_and_fit pid=536576)[0m Fitting Client 1
[2m[36m(launch_and_fit pid=536575)[0m Fitting Client 8
[2m[36m(launch_and_fit pid=536579)[0m Fitting Client 3
Performing server side distillation training...
Distillation training stopped at step number : 500
Average fusion training loss : 0.02483490109629929, val accuracy : 0.67572
Average local training loss : 0.07366749111679383
Average local training accuracy : 0.9929291666666666
INFO flwr 2023-05-16 13:37:13,734 | server.py:116 | fit progress: (20, 1.5205910034179688, {'server_test_acc': 0.675}, 2044.572509987047)
INFO flwr 2023-05-16 13:37:13,735 | server.py:163 | evaluate_round 20: no clients selected, cancel
DEBUG flwr 2023-05-16 13:37:13,735 | server.py:215 | fit_round 21: strategy sampled 8 clients (out of 20)
DEBUG flwr 2023-05-16 13:38:04,368 | server.py:229 | fit_round 21 received 8 results and 0 failures
[2m[36m(launch_and_fit pid=828296)[0m Fitting Client 4
[2m[36m(launch_and_fit pid=828299)[0m Fitting Client 8
[2m[36m(launch_and_fit pid=828302)[0m Fitting Client 7
[2m[36m(launch_and_fit pid=828303)[0m Fitting Client 12
[2m[36m(launch_and_fit pid=828297)[0m Fitting Client 18
[2m[36m(launch_and_fit pid=828300)[0m Fitting Client 3
[2m[36m(launch_and_fit pid=828301)[0m Fitting Client 15
[2m[36m(launch_and_fit pid=828298)[0m Fitting Client 6
Performing server side distillation training...
Distillation training stopped at step number : 500
Average fusion training loss : 0.023773383961059154, val accuracy : 0.68576
Average local training loss : 0.08362041575321653
Average local training accuracy : 0.9919916666666666
INFO flwr 2023-05-16 13:38:58,787 | server.py:116 | fit progress: (21, 1.4680707153320312, {'server_test_acc': 0.6845}, 2149.6249949580524)
INFO flwr 2023-05-16 13:38:58,787 | server.py:163 | evaluate_round 21: no clients selected, cancel
DEBUG flwr 2023-05-16 13:38:58,787 | server.py:215 | fit_round 22: strategy sampled 8 clients (out of 20)
DEBUG flwr 2023-05-16 13:39:47,142 | server.py:229 | fit_round 22 received 8 results and 0 failures
[2m[36m(launch_and_fit pid=1120216)[0m Fitting Client 6
[2m[36m(launch_and_fit pid=1120217)[0m Fitting Client 18
[2m[36m(launch_and_fit pid=1120222)[0m Fitting Client 15
[2m[36m(launch_and_fit pid=1120220)[0m Fitting Client 17
[2m[36m(launch_and_fit pid=1120223)[0m Fitting Client 5
[2m[36m(launch_and_fit pid=1120218)[0m Fitting Client 19
[2m[36m(launch_and_fit pid=1120219)[0m Fitting Client 13
[2m[36m(launch_and_fit pid=1120221)[0m Fitting Client 3
Performing server side distillation training...
E0516 13:39:48.737993743  494873 chttp2_transport.cc:1079]             ipv4:145.136.62.41:46957: Received a GOAWAY with error code ENHANCE_YOUR_CALM and debug data equal to "too_many_pings". Current keepalive time (before throttling): 15360000ms
E0516 13:40:26.485982805 1316339 chttp2_transport.cc:1079]             ipv4:145.136.62.41:46957: Received a GOAWAY with error code ENHANCE_YOUR_CALM and debug data equal to "too_many_pings". Current keepalive time (before throttling): 30720000ms
Distillation training stopped at step number : 500
Average fusion training loss : 0.023968482458032667, val accuracy : 0.68576
Average local training loss : 0.07406214285317674
Average local training accuracy : 0.9929673611111112
INFO flwr 2023-05-16 13:40:41,945 | server.py:116 | fit progress: (22, 1.5123192016601563, {'server_test_acc': 0.6773}, 2252.7833411480533)
INFO flwr 2023-05-16 13:40:41,945 | server.py:163 | evaluate_round 22: no clients selected, cancel
DEBUG flwr 2023-05-16 13:40:41,946 | server.py:215 | fit_round 23: strategy sampled 8 clients (out of 20)
DEBUG flwr 2023-05-16 13:41:30,008 | server.py:229 | fit_round 23 received 8 results and 0 failures
[2m[36m(launch_and_fit pid=1410859)[0m Fitting Client 14
[2m[36m(launch_and_fit pid=1410865)[0m Fitting Client 15
[2m[36m(launch_and_fit pid=1410864)[0m Fitting Client 12
[2m[36m(launch_and_fit pid=1410861)[0m Fitting Client 18
[2m[36m(launch_and_fit pid=1410866)[0m Fitting Client 5
[2m[36m(launch_and_fit pid=1410863)[0m Fitting Client 11
[2m[36m(launch_and_fit pid=1410862)[0m Fitting Client 1
[2m[36m(launch_and_fit pid=1410860)[0m Fitting Client 3
Performing server side distillation training...
Distillation training stopped at step number : 500
Average fusion training loss : 0.023625503895804287, val accuracy : 0.68928
Average local training loss : 0.07234838393497967
Average local training accuracy : 0.9931347222222222
INFO flwr 2023-05-16 13:42:25,274 | server.py:116 | fit progress: (23, 1.5047636596679688, {'server_test_acc': 0.6858}, 2356.1118286040146)
INFO flwr 2023-05-16 13:42:25,274 | server.py:163 | evaluate_round 23: no clients selected, cancel
DEBUG flwr 2023-05-16 13:42:25,274 | server.py:215 | fit_round 24: strategy sampled 8 clients (out of 20)
DEBUG flwr 2023-05-16 13:43:15,172 | server.py:229 | fit_round 24 received 8 results and 0 failures
[2m[36m(launch_and_fit pid=1699952)[0m Fitting Client 7
[2m[36m(launch_and_fit pid=1699951)[0m Fitting Client 2
[2m[36m(launch_and_fit pid=1699950)[0m Fitting Client 17
[2m[36m(launch_and_fit pid=1700022)[0m Fitting Client 15
[2m[36m(launch_and_fit pid=1700024)[0m Fitting Client 3
[2m[36m(launch_and_fit pid=1700023)[0m Fitting Client 6
[2m[36m(launch_and_fit pid=1699953)[0m Fitting Client 16
[2m[36m(launch_and_fit pid=1699988)[0m Fitting Client 14
Performing server side distillation training...
E0516 13:43:37.820748192 1381865 chttp2_transport.cc:1079]             ipv4:145.136.62.41:46957: Received a GOAWAY with error code ENHANCE_YOUR_CALM and debug data equal to "too_many_pings". Current keepalive time (before throttling): 61440000ms
Distillation training stopped at step number : 500
Average fusion training loss : 0.023446786236949266, val accuracy : 0.68688
Average local training loss : 0.06233547132961804
Average local training accuracy : 0.9940402777777777
INFO flwr 2023-05-16 13:44:12,017 | server.py:116 | fit progress: (24, 1.5073743286132812, {'server_test_acc': 0.6857}, 2462.854629390058)
INFO flwr 2023-05-16 13:44:12,017 | server.py:163 | evaluate_round 24: no clients selected, cancel
DEBUG flwr 2023-05-16 13:44:12,017 | server.py:215 | fit_round 25: strategy sampled 8 clients (out of 20)
DEBUG flwr 2023-05-16 13:44:59,916 | server.py:229 | fit_round 25 received 8 results and 0 failures
[2m[36m(launch_and_fit pid=1992008)[0m Fitting Client 8
[2m[36m(launch_and_fit pid=1992223)[0m Fitting Client 7
[2m[36m(launch_and_fit pid=1992220)[0m Fitting Client 14
[2m[36m(launch_and_fit pid=1992228)[0m Fitting Client 2
[2m[36m(launch_and_fit pid=1992224)[0m Fitting Client 13
[2m[36m(launch_and_fit pid=1992227)[0m Fitting Client 18
[2m[36m(launch_and_fit pid=1992225)[0m Fitting Client 12
[2m[36m(launch_and_fit pid=1992226)[0m Fitting Client 19
Performing server side distillation training...
Distillation training stopped at step number : 500
Average fusion training loss : 0.023720044194720687, val accuracy : 0.68812
Average local training loss : 0.06192787708067726
Average local training accuracy : 0.9940840277777779
INFO flwr 2023-05-16 13:45:56,305 | server.py:116 | fit progress: (25, 1.5287944946289063, {'server_test_acc': 0.6811}, 2567.143576088012)
INFO flwr 2023-05-16 13:45:56,306 | server.py:163 | evaluate_round 25: no clients selected, cancel
DEBUG flwr 2023-05-16 13:45:56,306 | server.py:215 | fit_round 26: strategy sampled 8 clients (out of 20)
DEBUG flwr 2023-05-16 13:46:46,527 | server.py:229 | fit_round 26 received 8 results and 0 failures
[2m[36m(launch_and_fit pid=2282291)[0m Fitting Client 2
[2m[36m(launch_and_fit pid=2282292)[0m Fitting Client 19
[2m[36m(launch_and_fit pid=2282290)[0m Fitting Client 12
[2m[36m(launch_and_fit pid=2282287)[0m Fitting Client 3
[2m[36m(launch_and_fit pid=2282286)[0m Fitting Client 14
[2m[36m(launch_and_fit pid=2282285)[0m Fitting Client 0
[2m[36m(launch_and_fit pid=2282288)[0m Fitting Client 1
[2m[36m(launch_and_fit pid=2282289)[0m Fitting Client 17
Performing server side distillation training...
Distillation training stopped at step number : 500
Average fusion training loss : 0.024012261999771, val accuracy : 0.68468
Average local training loss : 0.06551704243448739
Average local training accuracy : 0.9937708333333334
INFO flwr 2023-05-16 13:47:43,507 | server.py:116 | fit progress: (26, 1.563165478515625, {'server_test_acc': 0.6789}, 2674.3453862650786)
INFO flwr 2023-05-16 13:47:43,507 | server.py:163 | evaluate_round 26: no clients selected, cancel
DEBUG flwr 2023-05-16 13:47:43,508 | server.py:215 | fit_round 27: strategy sampled 8 clients (out of 20)
DEBUG flwr 2023-05-16 13:48:32,115 | server.py:229 | fit_round 27 received 8 results and 0 failures
[2m[36m(launch_and_fit pid=2591499)[0m Fitting Client 6
[2m[36m(launch_and_fit pid=2591430)[0m Fitting Client 17
[2m[36m(launch_and_fit pid=2591465)[0m Fitting Client 16
[2m[36m(launch_and_fit pid=2591428)[0m Fitting Client 5
[2m[36m(launch_and_fit pid=2591429)[0m Fitting Client 15
[2m[36m(launch_and_fit pid=2591500)[0m Fitting Client 18
[2m[36m(launch_and_fit pid=2591501)[0m Fitting Client 0
[2m[36m(launch_and_fit pid=2591427)[0m Fitting Client 13
Performing server side distillation training...
E0516 13:48:48.865781850 2831238 chttp2_transport.cc:1079]             ipv4:145.136.62.41:46957: Received a GOAWAY with error code ENHANCE_YOUR_CALM and debug data equal to "too_many_pings". Current keepalive time (before throttling): 122880000ms
Distillation training stopped at step number : 500
Average fusion training loss : 0.021968973920680583, val accuracy : 0.6940799999999999
Average local training loss : 0.06263742731072171
Average local training accuracy : 0.993965972222222
INFO flwr 2023-05-16 13:49:28,199 | server.py:116 | fit progress: (27, 1.536457080078125, {'server_test_acc': 0.6884}, 2779.0374109239783)
INFO flwr 2023-05-16 13:49:28,199 | server.py:163 | evaluate_round 27: no clients selected, cancel
DEBUG flwr 2023-05-16 13:49:28,200 | server.py:215 | fit_round 28: strategy sampled 8 clients (out of 20)
DEBUG flwr 2023-05-16 13:50:17,404 | server.py:229 | fit_round 28 received 8 results and 0 failures
[2m[36m(launch_and_fit pid=2908037)[0m Fitting Client 0
[2m[36m(launch_and_fit pid=2908040)[0m Fitting Client 12
[2m[36m(launch_and_fit pid=2908041)[0m Fitting Client 14
[2m[36m(launch_and_fit pid=2908042)[0m Fitting Client 8
[2m[36m(launch_and_fit pid=2908051)[0m Fitting Client 16
[2m[36m(launch_and_fit pid=2908043)[0m Fitting Client 5
[2m[36m(launch_and_fit pid=2908113)[0m Fitting Client 18
[2m[36m(launch_and_fit pid=2908103)[0m Fitting Client 13
Performing server side distillation training...
E0516 13:50:25.438967731 3111541 chttp2_transport.cc:1079]             ipv4:145.136.62.41:46957: Received a GOAWAY with error code ENHANCE_YOUR_CALM and debug data equal to "too_many_pings". Current keepalive time (before throttling): 245760000ms
Distillation training stopped at step number : 500
Average fusion training loss : 0.02237833009660244, val accuracy : 0.69296
Average local training loss : 0.05302829374676321
Average local training accuracy : 0.9949465277777778
INFO flwr 2023-05-16 13:51:12,833 | server.py:116 | fit progress: (28, 1.5764230346679688, {'server_test_acc': 0.6861}, 2883.671017163084)
INFO flwr 2023-05-16 13:51:12,833 | server.py:163 | evaluate_round 28: no clients selected, cancel
DEBUG flwr 2023-05-16 13:51:12,833 | server.py:215 | fit_round 29: strategy sampled 8 clients (out of 20)
DEBUG flwr 2023-05-16 13:52:00,897 | server.py:229 | fit_round 29 received 8 results and 0 failures
[2m[36m(launch_and_fit pid=3200019)[0m Fitting Client 15
[2m[36m(launch_and_fit pid=3200166)[0m Fitting Client 16
[2m[36m(launch_and_fit pid=3200249)[0m Fitting Client 9
[2m[36m(launch_and_fit pid=3200247)[0m Fitting Client 3
[2m[36m(launch_and_fit pid=3200245)[0m Fitting Client 14
[2m[36m(launch_and_fit pid=3200248)[0m Fitting Client 4
[2m[36m(launch_and_fit pid=3200211)[0m Fitting Client 13
[2m[36m(launch_and_fit pid=3200246)[0m Fitting Client 19
Performing server side distillation training...
E0516 13:52:05.832219950 3403039 chttp2_transport.cc:1079]             ipv4:145.136.62.41:46957: Received a GOAWAY with error code ENHANCE_YOUR_CALM and debug data equal to "too_many_pings". Current keepalive time (before throttling): 491520000ms
Distillation training stopped at step number : 500
Average fusion training loss : 0.02240220582485199, val accuracy : 0.68876
Average local training loss : 0.06018535993833893
Average local training accuracy : 0.9943555555555557
INFO flwr 2023-05-16 13:52:58,193 | server.py:116 | fit progress: (29, 1.5852052124023437, {'server_test_acc': 0.6839}, 2989.031368919066)
INFO flwr 2023-05-16 13:52:58,193 | server.py:163 | evaluate_round 29: no clients selected, cancel
DEBUG flwr 2023-05-16 13:52:58,194 | server.py:215 | fit_round 30: strategy sampled 8 clients (out of 20)
DEBUG flwr 2023-05-16 13:53:45,688 | server.py:229 | fit_round 30 received 8 results and 0 failures
[2m[36m(launch_and_fit pid=3497938)[0m Fitting Client 17
[2m[36m(launch_and_fit pid=3498075)[0m Fitting Client 1
[2m[36m(launch_and_fit pid=3498228)[0m Fitting Client 9
[2m[36m(launch_and_fit pid=3498221)[0m Fitting Client 18
[2m[36m(launch_and_fit pid=3498223)[0m Fitting Client 19
[2m[36m(launch_and_fit pid=3498224)[0m Fitting Client 0
[2m[36m(launch_and_fit pid=3498222)[0m Fitting Client 10
[2m[36m(launch_and_fit pid=3498227)[0m Fitting Client 14
Performing server side distillation training...
Distillation training stopped at step number : 500
Average fusion training loss : 0.023354424989782272, val accuracy : 0.68784
Average local training loss : 0.05820081353678006
Average local training accuracy : 0.9944298611111112
INFO flwr 2023-05-16 13:54:42,697 | server.py:116 | fit progress: (30, 1.6068494018554687, {'server_test_acc': 0.6789}, 3093.5346433710074)
INFO flwr 2023-05-16 13:54:42,697 | server.py:163 | evaluate_round 30: no clients selected, cancel
INFO flwr 2023-05-16 13:54:42,697 | server.py:144 | FL finished in 3093.5349165500375
INFO flwr 2023-05-16 13:54:42,697 | app.py:202 | app_fit: losses_distributed []
INFO flwr 2023-05-16 13:54:42,698 | app.py:203 | app_fit: metrics_distributed {}
INFO flwr 2023-05-16 13:54:42,698 | app.py:204 | app_fit: losses_centralized [(0, 2.369325817871094), (1, 1.4931014526367188), (2, 1.43194775390625), (3, 1.4222261474609375), (4, 1.4234938232421874), (5, 1.3958411499023438), (6, 1.44574365234375), (7, 1.4385047119140626), (8, 1.4110764038085937), (9, 1.4048632934570313), (10, 1.4152949096679688), (11, 1.4551049194335937), (12, 1.4472978149414062), (13, 1.4718087158203126), (14, 1.453122021484375), (15, 1.4214772705078125), (16, 1.4505732666015625), (17, 1.46944326171875), (18, 1.45832724609375), (19, 1.5065846435546875), (20, 1.5205910034179688), (21, 1.4680707153320312), (22, 1.5123192016601563), (23, 1.5047636596679688), (24, 1.5073743286132812), (25, 1.5287944946289063), (26, 1.563165478515625), (27, 1.536457080078125), (28, 1.5764230346679688), (29, 1.5852052124023437), (30, 1.6068494018554687)]
INFO flwr 2023-05-16 13:54:42,698 | app.py:205 | app_fit: metrics_centralized {'server_test_acc': [(0, 0.1096), (1, 0.5591), (2, 0.603), (3, 0.6246), (4, 0.6403), (5, 0.6501), (6, 0.6502), (7, 0.659), (8, 0.6626), (9, 0.666), (10, 0.6724), (11, 0.6703), (12, 0.6792), (13, 0.6746), (14, 0.6715), (15, 0.6813), (16, 0.6818), (17, 0.6786), (18, 0.6854), (19, 0.6823), (20, 0.675), (21, 0.6845), (22, 0.6773), (23, 0.6858), (24, 0.6857), (25, 0.6811), (26, 0.6789), (27, 0.6884), (28, 0.6861), (29, 0.6839), (30, 0.6789)]}

JOB STATISTICS
==============
Job ID: 2751503
Cluster: snellius
User/Group: sunnys/sunnys
State: COMPLETED (exit code 0)
Nodes: 1
Cores per node: 18
CPU Utilized: 01:58:09
CPU Efficiency: 12.43% of 15:50:24 core-walltime
Job Wall-clock time: 00:52:48
Memory Utilized: 31.26 GB
Memory Efficiency: 0.00% of 0.00 MB
