-----BEGIN-----
-----SETTINGS-----
TOTAL CROPS:500
STRATEGY:feddf
MODEL_NAME:resnet8
NUM_CLIENTS:20
NUM_ROUNDS:30
FRACTION_FIT:0.4
FRACTION_EVALUATE:0.0
DATASET_NAME:cifar10
PARTITION_ALPHA:1.0
PARTITION_VAL_RATIO:0.1
BATCH_SIZE:512
LOCAL_EPOCHS:40
LOCAL_LR:0.01
DISTILL_BATCH_SIZE:32
SERVER_LR:0.005
SERVER_STEPS:500
SERVER_EARLY_STEPS:1000
USE_EARLY_STOPPING:False
USE_ADAPTIVE_LR:False
USE_ADAPTIVE_LR_ROUND:False
SEED:42
CUDA_DETERMINISTIC:False
USE_CROPS:False
IMG_NAME:ameyoko_small.jpg
DISTILL_DATASET:cifar100
DISTILL_ALPHA:1.0
NUM_DISTILL_IMAGES:500
DISTILL_TRANSFORMS:v0
WARM_START:True
WARM_START_ROUNDS:1
WARM_START_INTERVAL:5
KMEANS_N_CLUSTER:1000
KMEANS_HEURISTICS:hard
KMEANS_MIXED_FACTOR:50-50
KMEANS_BALANCING:1.0
CONFIDENCE_THRESHOLD:0.9
CONFIDENCE_STRATEGY:top
CONFIDENCE_ADAPTIVE:False
CONFIDENCE_MAX_THRESH:0.5
CLIPPING_FACTOR:2.5
FEDPROX_FACTOR:2.0
FEDPROX_ADAPTIVE:False
USE_CLIPPING:True
USE_ENTROPY:False
USE_KMEANS:False
USE_FEDPROX:False
-----SETTINGS END-----
-----EXPERIMENT BEGINS-----
Simulating feddf training
INFO simulate 2023-09-19 11:56:50,022 | simulate.py:50 | Python script started : simulate.py
DEBUG simulate 2023-09-19 11:56:50,022 | simulate.py:55 | Reading args from argument parser
INFO flwr 2023-09-19 11:57:12,604 | app.py:145 | Starting Flower simulation, config: ServerConfig(num_rounds=30, round_timeout=None)
2023-09-19 11:57:15,287	INFO worker.py:1529 -- Started a local Ray instance. View the dashboard at [1m[32m127.0.0.1:8265 [39m[22m
INFO flwr 2023-09-19 11:57:17,581 | app.py:179 | Flower VCE: Ray initialized with resources: {'memory': 103079215104.0, 'CPU': 18.0, 'accelerator_type:A100': 1.0, 'object_store_memory': 61847529062.0, 'node:145.136.62.11': 1.0, 'GPU': 1.0}
INFO flwr 2023-09-19 11:57:17,582 | server.py:86 | Initializing global parameters
INFO flwr 2023-09-19 11:57:17,582 | server.py:266 | Using initial parameters provided by strategy
INFO flwr 2023-09-19 11:57:17,582 | server.py:88 | Evaluating initial parameters
Downloading https://www.cs.toronto.edu/~kriz/cifar-10-python.tar.gz to /scratch-local/sunnys.3894404/1695117398_385240031/cifar-10-python.tar.gz
Extracting /scratch-local/sunnys.3894404/1695117398_385240031/cifar-10-python.tar.gz to /scratch-local/sunnys.3894404/1695117398_385240031
Generating unified cifar10 dataset
Class histogram for 0-th partition (alpha=1.0, 10 classes): [440 381 415  39  10 257 227 532  17 182]
Downloading https://www.cs.toronto.edu/~kriz/cifar-100-python.tar.gz to /scratch-local/sunnys.3894404/1695117398_385240031/cifar-100-python.tar.gz
Extracting /scratch-local/sunnys.3894404/1695117398_385240031/cifar-100-python.tar.gz to /scratch-local/sunnys.3894404/1695117398_385240031
INFO flwr 2023-09-19 11:57:28,339 | server.py:91 | initial parameters (loss, other metrics): 2.3234217651367186, {'server_test_acc': 0.108}
INFO flwr 2023-09-19 11:57:28,339 | server.py:101 | FL starting
DEBUG flwr 2023-09-19 11:57:30,991 | server.py:215 | fit_round 1: strategy sampled 8 clients (out of 20)
[2m[36m(launch_and_fit pid=480186)[0m malloc_consolidate(): invalid chunk size
[2m[36m(launch_and_fit pid=480187)[0m corrupted size vs. prev_size in fastbins
DEBUG flwr 2023-09-19 11:58:54,119 | server.py:229 | fit_round 1 received 8 results and 0 failures
INFO flwr 2023-09-19 11:58:54,131 | fed_df.py:366 | Warm start at round 1
INFO flwr 2023-09-19 11:58:54,199 | fed_df.py:464 | Performing server side distillation training...
[2m[36m(launch_and_fit pid=480187)[0m Fitting Client 8
[2m[36m(launch_and_fit pid=480190)[0m Fitting Client 13
[2m[36m(launch_and_fit pid=480184)[0m Fitting Client 3
[2m[36m(launch_and_fit pid=480188)[0m Fitting Client 5
[2m[36m(launch_and_fit pid=480186)[0m Fitting Client 12
[2m[36m(launch_and_fit pid=480194)[0m Fitting Client 7
[2m[36m(launch_and_fit pid=480192)[0m Fitting Client 14
[2m[36m(launch_and_fit pid=480189)[0m Fitting Client 10
[2m[36m(launch_and_fit pid=480184)[0m double free or corruption (fasttop)
[2m[36m(launch_and_fit pid=480188)[0m double free or corruption (fasttop)
[2m[36m(launch_and_fit pid=480192)[0m malloc_consolidate(): invalid chunk size
[2m[36m(launch_and_fit pid=480189)[0m malloc_consolidate(): invalid chunk size
[2m[36m(launch_and_fit pid=480194)[0m corrupted size vs. prev_size in fastbins
[2m[36m(launch_and_fit pid=480190)[0m malloc_consolidate(): invalid chunk size
E0919 11:58:58.355929149  474259 chttp2_transport.cc:1079]             ipv4:145.136.62.11:51367: Received a GOAWAY with error code ENHANCE_YOUR_CALM and debug data equal to "too_many_pings". Current keepalive time (before throttling): 60000ms
E0919 12:00:01.118329265  794351 chttp2_transport.cc:1079]             ipv4:145.136.62.11:51367: Received a GOAWAY with error code ENHANCE_YOUR_CALM and debug data equal to "too_many_pings". Current keepalive time (before throttling): 120000ms
E0919 12:00:01.118424363  794351 chttp2_transport.cc:1079]             ipv4:145.136.62.11:51367: Received a GOAWAY with error code ENHANCE_YOUR_CALM and debug data equal to "too_many_pings". Current keepalive time (before throttling): 120000ms
INFO flwr 2023-09-19 12:00:02,740 | fed_df.py:544 | Distillation training stopped at step number : 500
INFO flwr 2023-09-19 12:00:02,741 | fed_df.py:551 | Average fusion training loss : 0.034968732001259925, val accuracy : 0.36714, best val accuracy : 0.414
INFO flwr 2023-09-19 12:00:02,742 | common.py:35 | Avg. local train loss : 6.763604852557183, train acc : 0.5992180555555556
INFO flwr 2023-09-19 12:00:05,694 | server.py:116 | fit progress: (1, 1.6293163696289064, {'server_test_acc': 0.4209}, 157.3548432989046)
INFO flwr 2023-09-19 12:00:05,694 | server.py:163 | evaluate_round 1: no clients selected, cancel
DEBUG flwr 2023-09-19 12:00:08,130 | server.py:215 | fit_round 2: strategy sampled 8 clients (out of 20)
[2m[36m(launch_and_fit pid=807315)[0m malloc_consolidate(): invalid chunk size
[2m[36m(launch_and_fit pid=807313)[0m malloc_consolidate(): invalid chunk size
[2m[36m(launch_and_fit pid=807316)[0m malloc_consolidate(): invalid chunk size
DEBUG flwr 2023-09-19 12:01:31,492 | server.py:229 | fit_round 2 received 8 results and 0 failures
INFO flwr 2023-09-19 12:01:31,516 | fed_df.py:464 | Performing server side distillation training...
[2m[36m(launch_and_fit pid=807302)[0m Fitting Client 5
[2m[36m(launch_and_fit pid=807313)[0m Fitting Client 6
[2m[36m(launch_and_fit pid=807314)[0m Fitting Client 8
[2m[36m(launch_and_fit pid=807315)[0m Fitting Client 10
[2m[36m(launch_and_fit pid=807316)[0m Fitting Client 13
[2m[36m(launch_and_fit pid=807312)[0m Fitting Client 17
[2m[36m(launch_and_fit pid=807311)[0m Fitting Client 18
[2m[36m(launch_and_fit pid=807307)[0m Fitting Client 11
[2m[36m(launch_and_fit pid=807314)[0m double free or corruption (fasttop)
[2m[36m(launch_and_fit pid=807307)[0m malloc_consolidate(): invalid chunk size
[2m[36m(launch_and_fit pid=807311)[0m malloc_consolidate(): invalid chunk size
[2m[36m(launch_and_fit pid=807302)[0m double free or corruption (fasttop)
[2m[36m(launch_and_fit pid=807312)[0m double free or corruption (fasttop)
E0919 12:01:37.002144048  798335 chttp2_transport.cc:1079]             ipv4:145.136.62.11:51367: Received a GOAWAY with error code ENHANCE_YOUR_CALM and debug data equal to "too_many_pings". Current keepalive time (before throttling): 240000ms
E0919 12:02:00.803516930 1052731 chttp2_transport.cc:1079]             ipv4:145.136.62.11:51367: Received a GOAWAY with error code ENHANCE_YOUR_CALM and debug data equal to "too_many_pings". Current keepalive time (before throttling): 480000ms
INFO flwr 2023-09-19 12:02:40,524 | fed_df.py:544 | Distillation training stopped at step number : 500
INFO flwr 2023-09-19 12:02:40,524 | fed_df.py:551 | Average fusion training loss : 0.015985667003318667, val accuracy : 0.4377400000000001, best val accuracy : 0.4748
INFO flwr 2023-09-19 12:02:40,525 | common.py:35 | Avg. local train loss : 5.256346078030765, train acc : 0.7497736111111111
INFO flwr 2023-09-19 12:02:43,366 | server.py:116 | fit progress: (2, 1.7073326873779298, {'server_test_acc': 0.4788}, 315.0267859660089)
INFO flwr 2023-09-19 12:02:43,366 | server.py:163 | evaluate_round 2: no clients selected, cancel
DEBUG flwr 2023-09-19 12:02:45,798 | server.py:215 | fit_round 3: strategy sampled 8 clients (out of 20)
[2m[36m(launch_and_fit pid=1121410)[0m malloc_consolidate(): invalid chunk size
[2m[36m(launch_and_fit pid=1121414)[0m malloc_consolidate(): invalid chunk size
[2m[36m(launch_and_fit pid=1121416)[0m malloc_consolidate(): invalid chunk size
[2m[36m(launch_and_fit pid=1121415)[0m malloc_consolidate(): invalid chunk size
[2m[36m(launch_and_fit pid=1121418)[0m malloc_consolidate(): invalid chunk size
[2m[36m(launch_and_fit pid=1121408)[0m malloc_consolidate(): invalid chunk size
DEBUG flwr 2023-09-19 12:04:09,707 | server.py:229 | fit_round 3 received 8 results and 0 failures
INFO flwr 2023-09-19 12:04:09,731 | fed_df.py:464 | Performing server side distillation training...
[2m[36m(launch_and_fit pid=1121410)[0m Fitting Client 5
[2m[36m(launch_and_fit pid=1121408)[0m Fitting Client 2
[2m[36m(launch_and_fit pid=1121414)[0m Fitting Client 7
[2m[36m(launch_and_fit pid=1121415)[0m Fitting Client 18
[2m[36m(launch_and_fit pid=1121416)[0m Fitting Client 16
[2m[36m(launch_and_fit pid=1121418)[0m Fitting Client 4
[2m[36m(launch_and_fit pid=1121417)[0m Fitting Client 6
[2m[36m(launch_and_fit pid=1121412)[0m Fitting Client 17
E0919 12:04:10.286777142 1053145 chttp2_transport.cc:1079]             ipv4:145.136.62.11:51367: Received a GOAWAY with error code ENHANCE_YOUR_CALM and debug data equal to "too_many_pings". Current keepalive time (before throttling): 960000ms
[2m[36m(launch_and_fit pid=1121412)[0m malloc_consolidate(): invalid chunk size
[2m[36m(launch_and_fit pid=1121417)[0m malloc_consolidate(): invalid chunk size
INFO flwr 2023-09-19 12:05:18,659 | fed_df.py:544 | Distillation training stopped at step number : 500
INFO flwr 2023-09-19 12:05:18,659 | fed_df.py:551 | Average fusion training loss : 0.006906557454261929, val accuracy : 0.43712, best val accuracy : 0.4748
INFO flwr 2023-09-19 12:05:18,660 | common.py:35 | Avg. local train loss : 5.275595311634244, train acc : 0.7499263888888889
INFO flwr 2023-09-19 12:05:21,467 | server.py:116 | fit progress: (3, 1.735220526123047, {'server_test_acc': 0.4742}, 473.12796232197434)
INFO flwr 2023-09-19 12:05:21,467 | server.py:163 | evaluate_round 3: no clients selected, cancel
DEBUG flwr 2023-09-19 12:05:23,897 | server.py:215 | fit_round 4: strategy sampled 8 clients (out of 20)
[2m[36m(launch_and_fit pid=1416716)[0m malloc_consolidate(): invalid chunk size
[2m[36m(launch_and_fit pid=1416708)[0m malloc_consolidate(): invalid chunk size
[2m[36m(launch_and_fit pid=1416712)[0m malloc_consolidate(): invalid chunk size
[2m[36m(launch_and_fit pid=1416710)[0m malloc_consolidate(): invalid chunk size
DEBUG flwr 2023-09-19 12:06:47,430 | server.py:229 | fit_round 4 received 8 results and 0 failures
INFO flwr 2023-09-19 12:06:47,454 | fed_df.py:464 | Performing server side distillation training...
[2m[36m(launch_and_fit pid=1416708)[0m Fitting Client 17
[2m[36m(launch_and_fit pid=1416715)[0m Fitting Client 13
[2m[36m(launch_and_fit pid=1416712)[0m Fitting Client 7
[2m[36m(launch_and_fit pid=1416713)[0m Fitting Client 1
[2m[36m(launch_and_fit pid=1416716)[0m Fitting Client 0
[2m[36m(launch_and_fit pid=1416710)[0m Fitting Client 10
[2m[36m(launch_and_fit pid=1416717)[0m Fitting Client 12
[2m[36m(launch_and_fit pid=1416714)[0m Fitting Client 18
[2m[36m(launch_and_fit pid=1416717)[0m double free or corruption (fasttop)
[2m[36m(launch_and_fit pid=1416715)[0m malloc_consolidate(): invalid chunk size
[2m[36m(launch_and_fit pid=1416713)[0m malloc_consolidate(): invalid chunk size
[2m[36m(launch_and_fit pid=1416714)[0m double free or corruption (fasttop)
E0919 12:06:51.874678914 1603757 chttp2_transport.cc:1079]             ipv4:145.136.62.11:51367: Received a GOAWAY with error code ENHANCE_YOUR_CALM and debug data equal to "too_many_pings". Current keepalive time (before throttling): 1920000ms
E0919 12:07:37.214758648 1674244 chttp2_transport.cc:1079]             ipv4:145.136.62.11:51367: Received a GOAWAY with error code ENHANCE_YOUR_CALM and debug data equal to "too_many_pings". Current keepalive time (before throttling): 3840000ms
INFO flwr 2023-09-19 12:07:57,150 | fed_df.py:544 | Distillation training stopped at step number : 500
INFO flwr 2023-09-19 12:07:57,151 | fed_df.py:551 | Average fusion training loss : 0.007750217773485929, val accuracy : 0.46399999999999997, best val accuracy : 0.49
INFO flwr 2023-09-19 12:07:57,152 | common.py:35 | Avg. local train loss : 4.943219509907067, train acc : 0.7855166666666666
INFO flwr 2023-09-19 12:07:59,966 | server.py:116 | fit progress: (4, 1.724437515258789, {'server_test_acc': 0.4851}, 631.6270801499486)
INFO flwr 2023-09-19 12:07:59,966 | server.py:163 | evaluate_round 4: no clients selected, cancel
DEBUG flwr 2023-09-19 12:08:02,420 | server.py:215 | fit_round 5: strategy sampled 8 clients (out of 20)
DEBUG flwr 2023-09-19 12:09:25,148 | server.py:229 | fit_round 5 received 8 results and 0 failures
INFO flwr 2023-09-19 12:09:25,160 | fed_df.py:366 | Warm start at round 5
INFO flwr 2023-09-19 12:09:25,230 | fed_df.py:464 | Performing server side distillation training...
[2m[36m(launch_and_fit pid=1712375)[0m Fitting Client 11
[2m[36m(launch_and_fit pid=1712372)[0m Fitting Client 6
[2m[36m(launch_and_fit pid=1712370)[0m Fitting Client 10
[2m[36m(launch_and_fit pid=1712371)[0m Fitting Client 2
[2m[36m(launch_and_fit pid=1712374)[0m Fitting Client 9
[2m[36m(launch_and_fit pid=1712366)[0m Fitting Client 8
[2m[36m(launch_and_fit pid=1712367)[0m Fitting Client 12
[2m[36m(launch_and_fit pid=1712373)[0m Fitting Client 14
[2m[36m(launch_and_fit pid=1712375)[0m malloc_consolidate(): invalid chunk size
[2m[36m(launch_and_fit pid=1712372)[0m double free or corruption (fasttop)
[2m[36m(launch_and_fit pid=1712370)[0m malloc_consolidate(): invalid chunk size
[2m[36m(launch_and_fit pid=1712371)[0m malloc_consolidate(): invalid chunk size
[2m[36m(launch_and_fit pid=1712367)[0m double free or corruption (fasttop)
E0919 12:09:27.273787666 1675264 chttp2_transport.cc:1079]             ipv4:145.136.62.11:51367: Received a GOAWAY with error code ENHANCE_YOUR_CALM and debug data equal to "too_many_pings". Current keepalive time (before throttling): 7680000ms
[2m[36m(launch_and_fit pid=1712366)[0m double free or corruption (fasttop)
[2m[36m(launch_and_fit pid=1712373)[0m malloc_consolidate(): invalid chunk size
INFO flwr 2023-09-19 12:10:34,804 | fed_df.py:544 | Distillation training stopped at step number : 500
INFO flwr 2023-09-19 12:10:34,804 | fed_df.py:551 | Average fusion training loss : 0.015066135494038463, val accuracy : 0.5497799999999999, best val accuracy : 0.5822
INFO flwr 2023-09-19 12:10:34,805 | common.py:35 | Avg. local train loss : 5.2287743169814345, train acc : 0.7573263888888889
INFO flwr 2023-09-19 12:10:37,643 | server.py:116 | fit progress: (5, 1.615637564086914, {'server_test_acc': 0.5721}, 789.3037928165868)
INFO flwr 2023-09-19 12:10:37,643 | server.py:163 | evaluate_round 5: no clients selected, cancel
DEBUG flwr 2023-09-19 12:10:40,129 | server.py:215 | fit_round 6: strategy sampled 8 clients (out of 20)
[2m[36m(launch_and_fit pid=2007591)[0m double free or corruption (fasttop)
[2m[36m(launch_and_fit pid=2007582)[0m malloc_consolidate(): invalid chunk size
[2m[36m(launch_and_fit pid=2007592)[0m malloc_consolidate(): invalid chunk size
DEBUG flwr 2023-09-19 12:12:02,907 | server.py:229 | fit_round 6 received 8 results and 0 failures
INFO flwr 2023-09-19 12:12:02,931 | fed_df.py:464 | Performing server side distillation training...
[2m[36m(launch_and_fit pid=2007582)[0m Fitting Client 10
[2m[36m(launch_and_fit pid=2007590)[0m Fitting Client 14
[2m[36m(launch_and_fit pid=2007592)[0m Fitting Client 17
[2m[36m(launch_and_fit pid=2007586)[0m Fitting Client 6
[2m[36m(launch_and_fit pid=2007589)[0m Fitting Client 12
[2m[36m(launch_and_fit pid=2007591)[0m Fitting Client 4
[2m[36m(launch_and_fit pid=2007587)[0m Fitting Client 2
[2m[36m(launch_and_fit pid=2007588)[0m Fitting Client 15
[2m[36m(launch_and_fit pid=2007590)[0m malloc_consolidate(): invalid chunk size
E0919 12:12:03.567575104 2188406 chttp2_transport.cc:1079]             ipv4:145.136.62.11:51367: Received a GOAWAY with error code ENHANCE_YOUR_CALM and debug data equal to "too_many_pings". Current keepalive time (before throttling): 15360000ms
[2m[36m(launch_and_fit pid=2007589)[0m double free or corruption (fasttop)
[2m[36m(launch_and_fit pid=2007587)[0m malloc_consolidate(): invalid chunk size
[2m[36m(launch_and_fit pid=2007588)[0m double free or corruption (fasttop)
[2m[36m(launch_and_fit pid=2007586)[0m double free or corruption (fasttop)
E0919 12:12:17.976761350 2210928 chttp2_transport.cc:1079]             ipv4:145.136.62.11:51367: Received a GOAWAY with error code ENHANCE_YOUR_CALM and debug data equal to "too_many_pings". Current keepalive time (before throttling): 30720000ms
INFO flwr 2023-09-19 12:13:12,667 | fed_df.py:544 | Distillation training stopped at step number : 500
INFO flwr 2023-09-19 12:13:12,668 | fed_df.py:551 | Average fusion training loss : 0.005312910400796682, val accuracy : 0.50828, best val accuracy : 0.543
INFO flwr 2023-09-19 12:13:12,669 | common.py:35 | Avg. local train loss : 4.704565836116672, train acc : 0.8153222222222223
INFO flwr 2023-09-19 12:13:15,503 | server.py:116 | fit progress: (6, 1.7952984802246095, {'server_test_acc': 0.5269}, 947.1637187395245)
INFO flwr 2023-09-19 12:13:15,503 | server.py:163 | evaluate_round 6: no clients selected, cancel
DEBUG flwr 2023-09-19 12:13:17,980 | server.py:215 | fit_round 7: strategy sampled 8 clients (out of 20)
[2m[36m(launch_and_fit pid=2302634)[0m malloc_consolidate(): invalid chunk size
[2m[36m(launch_and_fit pid=2302638)[0m malloc_consolidate(): invalid chunk size
DEBUG flwr 2023-09-19 12:14:40,188 | server.py:229 | fit_round 7 received 8 results and 0 failures
INFO flwr 2023-09-19 12:14:40,212 | fed_df.py:464 | Performing server side distillation training...
[2m[36m(launch_and_fit pid=2302640)[0m Fitting Client 6
[2m[36m(launch_and_fit pid=2302631)[0m Fitting Client 17
[2m[36m(launch_and_fit pid=2302641)[0m Fitting Client 9
[2m[36m(launch_and_fit pid=2302639)[0m Fitting Client 14
[2m[36m(launch_and_fit pid=2302637)[0m Fitting Client 8
[2m[36m(launch_and_fit pid=2302634)[0m Fitting Client 18
[2m[36m(launch_and_fit pid=2302638)[0m Fitting Client 13
[2m[36m(launch_and_fit pid=2302633)[0m Fitting Client 7
[2m[36m(launch_and_fit pid=2302633)[0m malloc_consolidate(): invalid chunk size
[2m[36m(launch_and_fit pid=2302637)[0m double free or corruption (fasttop)
E0919 12:14:40.621866367 2486126 chttp2_transport.cc:1079]             ipv4:145.136.62.11:51367: Received a GOAWAY with error code ENHANCE_YOUR_CALM and debug data equal to "too_many_pings". Current keepalive time (before throttling): 61440000ms
[2m[36m(launch_and_fit pid=2302640)[0m malloc_consolidate(): invalid chunk size
[2m[36m(launch_and_fit pid=2302639)[0m malloc_consolidate(): invalid chunk size
[2m[36m(launch_and_fit pid=2302631)[0m double free or corruption (fasttop)
[2m[36m(launch_and_fit pid=2302641)[0m malloc_consolidate(): invalid chunk size
INFO flwr 2023-09-19 12:16:00,229 | fed_df.py:544 | Distillation training stopped at step number : 500
INFO flwr 2023-09-19 12:16:00,229 | fed_df.py:551 | Average fusion training loss : 0.005232098045060411, val accuracy : 0.5331, best val accuracy : 0.5644
INFO flwr 2023-09-19 12:16:00,230 | common.py:35 | Avg. local train loss : 4.5433563040569425, train acc : 0.8312805555555556
INFO flwr 2023-09-19 12:16:03,029 | server.py:116 | fit progress: (7, 1.7740755767822265, {'server_test_acc': 0.5473}, 1114.6899714944884)
INFO flwr 2023-09-19 12:16:03,029 | server.py:163 | evaluate_round 7: no clients selected, cancel
DEBUG flwr 2023-09-19 12:16:05,435 | server.py:215 | fit_round 8: strategy sampled 8 clients (out of 20)
[2m[36m(launch_and_fit pid=2649539)[0m double free or corruption (fasttop)
[2m[36m(launch_and_fit pid=2649536)[0m malloc_consolidate(): invalid chunk size
DEBUG flwr 2023-09-19 12:17:27,578 | server.py:229 | fit_round 8 received 8 results and 0 failures
INFO flwr 2023-09-19 12:17:27,601 | fed_df.py:464 | Performing server side distillation training...
[2m[36m(launch_and_fit pid=2649539)[0m Fitting Client 12
[2m[36m(launch_and_fit pid=2649537)[0m Fitting Client 15
[2m[36m(launch_and_fit pid=2649534)[0m Fitting Client 11
[2m[36m(launch_and_fit pid=2649535)[0m Fitting Client 4
[2m[36m(launch_and_fit pid=2649538)[0m Fitting Client 1
[2m[36m(launch_and_fit pid=2649540)[0m Fitting Client 0
[2m[36m(launch_and_fit pid=2649536)[0m Fitting Client 16
[2m[36m(launch_and_fit pid=2649533)[0m Fitting Client 7
[2m[36m(launch_and_fit pid=2649533)[0m corrupted size vs. prev_size in fastbins
[2m[36m(launch_and_fit pid=2649535)[0m malloc_consolidate(): invalid chunk size
[2m[36m(launch_and_fit pid=2649537)[0m malloc_consolidate(): invalid chunk size
[2m[36m(launch_and_fit pid=2649534)[0m malloc_consolidate(): invalid chunk size
[2m[36m(launch_and_fit pid=2649538)[0m double free or corruption (fasttop)
E0919 12:17:29.633450551 2486501 chttp2_transport.cc:1079]             ipv4:145.136.62.11:51367: Received a GOAWAY with error code ENHANCE_YOUR_CALM and debug data equal to "too_many_pings". Current keepalive time (before throttling): 122880000ms
[2m[36m(launch_and_fit pid=2649540)[0m malloc_consolidate(): invalid chunk size
INFO flwr 2023-09-19 12:18:37,477 | fed_df.py:544 | Distillation training stopped at step number : 500
INFO flwr 2023-09-19 12:18:37,477 | fed_df.py:551 | Average fusion training loss : 0.0037882370662409813, val accuracy : 0.5388400000000001, best val accuracy : 0.5764
INFO flwr 2023-09-19 12:18:37,478 | common.py:35 | Avg. local train loss : 4.650552955642342, train acc : 0.8206305555555556
INFO flwr 2023-09-19 12:18:40,320 | server.py:116 | fit progress: (8, 1.841122216796875, {'server_test_acc': 0.558}, 1271.9808468911797)
INFO flwr 2023-09-19 12:18:40,320 | server.py:163 | evaluate_round 8: no clients selected, cancel
DEBUG flwr 2023-09-19 12:18:42,725 | server.py:215 | fit_round 9: strategy sampled 8 clients (out of 20)
[2m[36m(launch_and_fit pid=2944874)[0m double free or corruption (fasttop)
[2m[36m(launch_and_fit pid=2944878)[0m malloc_consolidate(): invalid chunk size
DEBUG flwr 2023-09-19 12:20:04,161 | server.py:229 | fit_round 9 received 8 results and 0 failures
INFO flwr 2023-09-19 12:20:04,185 | fed_df.py:464 | Performing server side distillation training...
[2m[36m(launch_and_fit pid=2944879)[0m Fitting Client 9
[2m[36m(launch_and_fit pid=2944874)[0m Fitting Client 5
[2m[36m(launch_and_fit pid=2944871)[0m Fitting Client 3
[2m[36m(launch_and_fit pid=2944877)[0m Fitting Client 6
[2m[36m(launch_and_fit pid=2944873)[0m Fitting Client 4
[2m[36m(launch_and_fit pid=2944876)[0m Fitting Client 2
[2m[36m(launch_and_fit pid=2944875)[0m Fitting Client 13
[2m[36m(launch_and_fit pid=2944878)[0m Fitting Client 14
[2m[36m(launch_and_fit pid=2944876)[0m corrupted size vs. prev_size in fastbins
[2m[36m(launch_and_fit pid=2944879)[0m double free or corruption (fasttop)
[2m[36m(launch_and_fit pid=2944871)[0m double free or corruption (fasttop)
[2m[36m(launch_and_fit pid=2944875)[0m malloc_consolidate(): invalid chunk size
[2m[36m(launch_and_fit pid=2944873)[0m double free or corruption (fasttop)
[2m[36m(launch_and_fit pid=2944877)[0m malloc_consolidate(): invalid chunk size
E0919 12:20:06.849403239 2840429 chttp2_transport.cc:1079]             ipv4:145.136.62.11:51367: Received a GOAWAY with error code ENHANCE_YOUR_CALM and debug data equal to "too_many_pings". Current keepalive time (before throttling): 245760000ms
INFO flwr 2023-09-19 12:21:14,648 | fed_df.py:544 | Distillation training stopped at step number : 500
INFO flwr 2023-09-19 12:21:14,648 | fed_df.py:551 | Average fusion training loss : 0.003019640143029392, val accuracy : 0.5169600000000001, best val accuracy : 0.5384
INFO flwr 2023-09-19 12:21:14,649 | common.py:35 | Avg. local train loss : 4.888320811465382, train acc : 0.7997916666666667
INFO flwr 2023-09-19 12:21:17,449 | server.py:116 | fit progress: (9, 1.8794286071777344, {'server_test_acc': 0.5306}, 1429.1099174898118)
INFO flwr 2023-09-19 12:21:17,449 | server.py:163 | evaluate_round 9: no clients selected, cancel
DEBUG flwr 2023-09-19 12:21:19,998 | server.py:215 | fit_round 10: strategy sampled 8 clients (out of 20)
[2m[36m(launch_and_fit pid=3239929)[0m malloc_consolidate(): invalid chunk size
[2m[36m(launch_and_fit pid=3239921)[0m malloc_consolidate(): invalid chunk size
[2m[36m(launch_and_fit pid=3239928)[0m malloc_consolidate(): invalid chunk size
[2m[36m(launch_and_fit pid=3239926)[0m double free or corruption (fasttop)
[2m[36m(launch_and_fit pid=3239925)[0m double free or corruption (fasttop)
[2m[36m(launch_and_fit pid=3239923)[0m malloc_consolidate(): invalid chunk size
[2m[36m(launch_and_fit pid=3239930)[0m malloc_consolidate(): invalid chunk size
DEBUG flwr 2023-09-19 12:22:43,573 | server.py:229 | fit_round 10 received 8 results and 0 failures
INFO flwr 2023-09-19 12:22:43,585 | fed_df.py:366 | Warm start at round 10
INFO flwr 2023-09-19 12:22:43,653 | fed_df.py:464 | Performing server side distillation training...
[2m[36m(launch_and_fit pid=3239928)[0m Fitting Client 17
[2m[36m(launch_and_fit pid=3239926)[0m Fitting Client 0
[2m[36m(launch_and_fit pid=3239930)[0m Fitting Client 10
[2m[36m(launch_and_fit pid=3239925)[0m Fitting Client 16
[2m[36m(launch_and_fit pid=3239927)[0m Fitting Client 3
[2m[36m(launch_and_fit pid=3239921)[0m Fitting Client 14
[2m[36m(launch_and_fit pid=3239929)[0m Fitting Client 12
[2m[36m(launch_and_fit pid=3239923)[0m Fitting Client 8
E0919 12:22:44.496591818 3133303 chttp2_transport.cc:1079]             ipv4:145.136.62.11:51367: Received a GOAWAY with error code ENHANCE_YOUR_CALM and debug data equal to "too_many_pings". Current keepalive time (before throttling): 491520000ms
[2m[36m(launch_and_fit pid=3239927)[0m double free or corruption (fasttop)
INFO flwr 2023-09-19 12:23:53,989 | fed_df.py:544 | Distillation training stopped at step number : 500
INFO flwr 2023-09-19 12:23:53,989 | fed_df.py:551 | Average fusion training loss : 0.014152852152939885, val accuracy : 0.6138199999999999, best val accuracy : 0.6306
INFO flwr 2023-09-19 12:23:53,990 | common.py:35 | Avg. local train loss : 4.706986691989004, train acc : 0.8165500000000001
INFO flwr 2023-09-19 12:23:56,793 | server.py:116 | fit progress: (10, 1.7575616607666016, {'server_test_acc': 0.6197}, 1588.454193350859)
INFO flwr 2023-09-19 12:23:56,793 | server.py:163 | evaluate_round 10: no clients selected, cancel
DEBUG flwr 2023-09-19 12:23:59,195 | server.py:215 | fit_round 11: strategy sampled 8 clients (out of 20)
[2m[36m(launch_and_fit pid=3535188)[0m malloc_consolidate(): invalid chunk size
[2m[36m(launch_and_fit pid=3535184)[0m double free or corruption (fasttop)
DEBUG flwr 2023-09-19 12:25:20,201 | server.py:229 | fit_round 11 received 8 results and 0 failures
INFO flwr 2023-09-19 12:25:20,225 | fed_df.py:464 | Performing server side distillation training...
[2m[36m(launch_and_fit pid=3535184)[0m Fitting Client 9
[2m[36m(launch_and_fit pid=3535182)[0m Fitting Client 3
[2m[36m(launch_and_fit pid=3535178)[0m Fitting Client 8
[2m[36m(launch_and_fit pid=3535185)[0m Fitting Client 2
[2m[36m(launch_and_fit pid=3535186)[0m Fitting Client 13
[2m[36m(launch_and_fit pid=3535187)[0m Fitting Client 7
[2m[36m(launch_and_fit pid=3535188)[0m Fitting Client 0
[2m[36m(launch_and_fit pid=3535181)[0m Fitting Client 10
[2m[36m(launch_and_fit pid=3535185)[0m malloc_consolidate(): invalid chunk size
[2m[36m(launch_and_fit pid=3535182)[0m malloc_consolidate(): invalid chunk size
[2m[36m(launch_and_fit pid=3535187)[0m malloc_consolidate(): invalid chunk size
[2m[36m(launch_and_fit pid=3535181)[0m double free or corruption (fasttop)
[2m[36m(launch_and_fit pid=3535178)[0m double free or corruption (fasttop)
[2m[36m(launch_and_fit pid=3535186)[0m malloc_consolidate(): invalid chunk size
E0919 12:25:24.401815434 3426989 chttp2_transport.cc:1079]             ipv4:145.136.62.11:51367: Received a GOAWAY with error code ENHANCE_YOUR_CALM and debug data equal to "too_many_pings". Current keepalive time (before throttling): 983040000ms
INFO flwr 2023-09-19 12:26:30,737 | fed_df.py:544 | Distillation training stopped at step number : 500
INFO flwr 2023-09-19 12:26:30,738 | fed_df.py:551 | Average fusion training loss : 0.003855846941238269, val accuracy : 0.57786, best val accuracy : 0.5916
INFO flwr 2023-09-19 12:26:30,739 | common.py:35 | Avg. local train loss : 4.414330479130149, train acc : 0.8556097222222222
INFO flwr 2023-09-19 12:26:33,586 | server.py:116 | fit progress: (11, 1.8670803344726563, {'server_test_acc': 0.59}, 1745.247321468778)
INFO flwr 2023-09-19 12:26:33,586 | server.py:163 | evaluate_round 11: no clients selected, cancel
DEBUG flwr 2023-09-19 12:26:36,132 | server.py:215 | fit_round 12: strategy sampled 8 clients (out of 20)
[2m[36m(launch_and_fit pid=3831102)[0m malloc_consolidate(): invalid chunk size
[2m[36m(launch_and_fit pid=3831104)[0m malloc_consolidate(): invalid chunk size
DEBUG flwr 2023-09-19 12:27:57,479 | server.py:229 | fit_round 12 received 8 results and 0 failures
INFO flwr 2023-09-19 12:27:57,503 | fed_df.py:464 | Performing server side distillation training...
[2m[36m(launch_and_fit pid=3831095)[0m Fitting Client 8
[2m[36m(launch_and_fit pid=3831100)[0m Fitting Client 3
[2m[36m(launch_and_fit pid=3831101)[0m Fitting Client 18
[2m[36m(launch_and_fit pid=3831103)[0m Fitting Client 13
[2m[36m(launch_and_fit pid=3831102)[0m Fitting Client 10
[2m[36m(launch_and_fit pid=3831098)[0m Fitting Client 16
[2m[36m(launch_and_fit pid=3831099)[0m Fitting Client 5
[2m[36m(launch_and_fit pid=3831104)[0m Fitting Client 4
[2m[36m(launch_and_fit pid=3831098)[0m malloc_consolidate(): invalid chunk size
[2m[36m(launch_and_fit pid=3831101)[0m malloc_consolidate(): invalid chunk size
E0919 12:27:57.995962218 3726191 chttp2_transport.cc:1079]             ipv4:145.136.62.11:51367: Received a GOAWAY with error code ENHANCE_YOUR_CALM and debug data equal to "too_many_pings". Current keepalive time (before throttling): 1966080000ms
[2m[36m(launch_and_fit pid=3831095)[0m malloc_consolidate(): invalid chunk size
[2m[36m(launch_and_fit pid=3831099)[0m double free or corruption (fasttop)
[2m[36m(launch_and_fit pid=3831103)[0m double free or corruption (fasttop)
[2m[36m(launch_and_fit pid=3831100)[0m double free or corruption (fasttop)
E0919 12:27:59.713415847 4018355 chttp2_transport.cc:1079]             ipv4:145.136.62.11:51367: Received a GOAWAY with error code ENHANCE_YOUR_CALM and debug data equal to "too_many_pings". Current keepalive time (before throttling): ∞
INFO flwr 2023-09-19 12:29:07,832 | fed_df.py:544 | Distillation training stopped at step number : 500
INFO flwr 2023-09-19 12:29:07,832 | fed_df.py:551 | Average fusion training loss : 0.0026276387383695693, val accuracy : 0.5960799999999999, best val accuracy : 0.6188
INFO flwr 2023-09-19 12:29:07,833 | common.py:35 | Avg. local train loss : 4.497297320142389, train acc : 0.8448527777777778
INFO flwr 2023-09-19 12:29:10,724 | server.py:116 | fit progress: (12, 1.8819584838867187, {'server_test_acc': 0.6089}, 1902.3851107014343)
INFO flwr 2023-09-19 12:29:10,724 | server.py:163 | evaluate_round 12: no clients selected, cancel
DEBUG flwr 2023-09-19 12:29:13,410 | server.py:215 | fit_round 13: strategy sampled 8 clients (out of 20)
[2m[36m(launch_and_fit pid=4126352)[0m malloc_consolidate(): invalid chunk size
[2m[36m(launch_and_fit pid=4126359)[0m double free or corruption (fasttop)
[2m[36m(launch_and_fit pid=4126358)[0m double free or corruption (fasttop)
[2m[36m(launch_and_fit pid=4126350)[0m malloc_consolidate(): invalid chunk size
[2m[36m(launch_and_fit pid=4126355)[0m malloc_consolidate(): invalid chunk size
DEBUG flwr 2023-09-19 12:30:35,913 | server.py:229 | fit_round 13 received 8 results and 0 failures
INFO flwr 2023-09-19 12:30:35,937 | fed_df.py:464 | Performing server side distillation training...
[2m[36m(launch_and_fit pid=4126359)[0m Fitting Client 14
[2m[36m(launch_and_fit pid=4126358)[0m Fitting Client 12
[2m[36m(launch_and_fit pid=4126352)[0m Fitting Client 6
[2m[36m(launch_and_fit pid=4126357)[0m Fitting Client 8
[2m[36m(launch_and_fit pid=4126350)[0m Fitting Client 16
[2m[36m(launch_and_fit pid=4126356)[0m Fitting Client 5
[2m[36m(launch_and_fit pid=4126355)[0m Fitting Client 11
[2m[36m(launch_and_fit pid=4126354)[0m Fitting Client 4
E0919 12:30:36.346555215  125374 chttp2_transport.cc:1079]             ipv4:145.136.62.11:51367: Received a GOAWAY with error code ENHANCE_YOUR_CALM and debug data equal to "too_many_pings". Current keepalive time (before throttling): ∞
[2m[36m(launch_and_fit pid=4126356)[0m malloc_consolidate(): invalid chunk size
[2m[36m(launch_and_fit pid=4126357)[0m malloc_consolidate(): invalid chunk size
[2m[36m(launch_and_fit pid=4126354)[0m malloc_consolidate(): invalid chunk size
INFO flwr 2023-09-19 12:31:47,102 | fed_df.py:544 | Distillation training stopped at step number : 500
INFO flwr 2023-09-19 12:31:47,102 | fed_df.py:551 | Average fusion training loss : 0.0020209442998748274, val accuracy : 0.5895, best val accuracy : 0.6094
INFO flwr 2023-09-19 12:31:47,103 | common.py:35 | Avg. local train loss : 4.665988912060857, train acc : 0.8289263888888889
INFO flwr 2023-09-19 12:31:49,914 | server.py:116 | fit progress: (13, 1.9297029907226562, {'server_test_acc': 0.596}, 2061.575270188041)
INFO flwr 2023-09-19 12:31:49,914 | server.py:163 | evaluate_round 13: no clients selected, cancel
DEBUG flwr 2023-09-19 12:31:52,458 | server.py:215 | fit_round 14: strategy sampled 8 clients (out of 20)
[2m[36m(launch_and_fit pid=279283)[0m malloc_consolidate(): invalid chunk size
[2m[36m(launch_and_fit pid=279281)[0m malloc_consolidate(): invalid chunk size
[2m[36m(launch_and_fit pid=279285)[0m malloc_consolidate(): invalid chunk size
DEBUG flwr 2023-09-19 12:33:14,377 | server.py:229 | fit_round 14 received 8 results and 0 failures
INFO flwr 2023-09-19 12:33:14,400 | fed_df.py:464 | Performing server side distillation training...
[2m[36m(launch_and_fit pid=279281)[0m Fitting Client 0
[2m[36m(launch_and_fit pid=279283)[0m Fitting Client 19
[2m[36m(launch_and_fit pid=279285)[0m Fitting Client 14
[2m[36m(launch_and_fit pid=279284)[0m Fitting Client 3
[2m[36m(launch_and_fit pid=279286)[0m Fitting Client 12
[2m[36m(launch_and_fit pid=279287)[0m Fitting Client 5
[2m[36m(launch_and_fit pid=279282)[0m Fitting Client 15
[2m[36m(launch_and_fit pid=279280)[0m Fitting Client 10
[2m[36m(launch_and_fit pid=279286)[0m malloc_consolidate(): invalid chunk size
[2m[36m(launch_and_fit pid=279282)[0m double free or corruption (fasttop)
[2m[36m(launch_and_fit pid=279284)[0m malloc_consolidate(): invalid chunk size
[2m[36m(launch_and_fit pid=279287)[0m double free or corruption (fasttop)
[2m[36m(launch_and_fit pid=279280)[0m double free or corruption (fasttop)
E0919 12:33:17.406447330  125629 chttp2_transport.cc:1079]             ipv4:145.136.62.11:51367: Received a GOAWAY with error code ENHANCE_YOUR_CALM and debug data equal to "too_many_pings". Current keepalive time (before throttling): ∞
INFO flwr 2023-09-19 12:34:25,174 | fed_df.py:544 | Distillation training stopped at step number : 500
INFO flwr 2023-09-19 12:34:25,174 | fed_df.py:551 | Average fusion training loss : 0.0018422045111656188, val accuracy : 0.54908, best val accuracy : 0.5722
INFO flwr 2023-09-19 12:34:25,175 | common.py:35 | Avg. local train loss : 4.560998857207597, train acc : 0.8378875000000001
INFO flwr 2023-09-19 12:34:28,024 | server.py:116 | fit progress: (14, 1.9451205261230469, {'server_test_acc': 0.567}, 2219.6853423742577)
INFO flwr 2023-09-19 12:34:28,024 | server.py:163 | evaluate_round 14: no clients selected, cancel
DEBUG flwr 2023-09-19 12:34:30,619 | server.py:215 | fit_round 15: strategy sampled 8 clients (out of 20)
[2m[36m(launch_and_fit pid=575987)[0m double free or corruption (fasttop)
[2m[36m(launch_and_fit pid=575986)[0m malloc_consolidate(): invalid chunk size
DEBUG flwr 2023-09-19 12:35:52,145 | server.py:229 | fit_round 15 received 8 results and 0 failures
INFO flwr 2023-09-19 12:35:52,157 | fed_df.py:366 | Warm start at round 15
INFO flwr 2023-09-19 12:35:52,226 | fed_df.py:464 | Performing server side distillation training...
[2m[36m(launch_and_fit pid=575987)[0m Fitting Client 18
[2m[36m(launch_and_fit pid=575986)[0m Fitting Client 17
[2m[36m(launch_and_fit pid=575983)[0m Fitting Client 7
[2m[36m(launch_and_fit pid=575988)[0m Fitting Client 16
[2m[36m(launch_and_fit pid=575985)[0m Fitting Client 2
[2m[36m(launch_and_fit pid=575984)[0m Fitting Client 1
[2m[36m(launch_and_fit pid=575989)[0m Fitting Client 11
[2m[36m(launch_and_fit pid=575980)[0m Fitting Client 9
[2m[36m(launch_and_fit pid=575988)[0m malloc_consolidate(): invalid chunk size
[2m[36m(launch_and_fit pid=575989)[0m double free or corruption (fasttop)
[2m[36m(launch_and_fit pid=575980)[0m double free or corruption (fasttop)
[2m[36m(launch_and_fit pid=575983)[0m malloc_consolidate(): invalid chunk size
[2m[36m(launch_and_fit pid=575984)[0m malloc_consolidate(): invalid chunk size
[2m[36m(launch_and_fit pid=575985)[0m malloc_consolidate(): invalid chunk size
E0919 12:35:54.684806194  763769 chttp2_transport.cc:1079]             ipv4:145.136.62.11:51367: Received a GOAWAY with error code ENHANCE_YOUR_CALM and debug data equal to "too_many_pings". Current keepalive time (before throttling): ∞
E0919 12:36:17.482111814  764175 chttp2_transport.cc:1079]             ipv4:145.136.62.11:51367: Received a GOAWAY with error code ENHANCE_YOUR_CALM and debug data equal to "too_many_pings". Current keepalive time (before throttling): ∞
E0919 12:36:37.431039154  799230 chttp2_transport.cc:1079]             ipv4:145.136.62.11:51367: Received a GOAWAY with error code ENHANCE_YOUR_CALM and debug data equal to "too_many_pings". Current keepalive time (before throttling): ∞
INFO flwr 2023-09-19 12:37:03,135 | fed_df.py:544 | Distillation training stopped at step number : 500
INFO flwr 2023-09-19 12:37:03,136 | fed_df.py:551 | Average fusion training loss : 0.014947886711917817, val accuracy : 0.6218999999999999, best val accuracy : 0.6454
INFO flwr 2023-09-19 12:37:03,137 | common.py:35 | Avg. local train loss : 4.572838508337735, train acc : 0.8360430555555556
INFO flwr 2023-09-19 12:37:05,956 | server.py:116 | fit progress: (15, 1.6921643280029297, {'server_test_acc': 0.625}, 2377.6170695004985)
INFO flwr 2023-09-19 12:37:05,956 | server.py:163 | evaluate_round 15: no clients selected, cancel
DEBUG flwr 2023-09-19 12:37:08,675 | server.py:215 | fit_round 16: strategy sampled 8 clients (out of 20)
[2m[36m(launch_and_fit pid=871556)[0m malloc_consolidate(): invalid chunk size
[2m[36m(launch_and_fit pid=871557)[0m double free or corruption (fasttop)
[2m[36m(launch_and_fit pid=871555)[0m malloc_consolidate(): invalid chunk size
DEBUG flwr 2023-09-19 12:38:30,923 | server.py:229 | fit_round 16 received 8 results and 0 failures
INFO flwr 2023-09-19 12:38:30,946 | fed_df.py:464 | Performing server side distillation training...
[2m[36m(launch_and_fit pid=871554)[0m Fitting Client 4
[2m[36m(launch_and_fit pid=871555)[0m Fitting Client 18
[2m[36m(launch_and_fit pid=871551)[0m Fitting Client 2
[2m[36m(launch_and_fit pid=871553)[0m Fitting Client 17
[2m[36m(launch_and_fit pid=871558)[0m Fitting Client 16
[2m[36m(launch_and_fit pid=871557)[0m Fitting Client 15
[2m[36m(launch_and_fit pid=871556)[0m Fitting Client 8
[2m[36m(launch_and_fit pid=871559)[0m Fitting Client 19
[2m[36m(launch_and_fit pid=871558)[0m double free or corruption (fasttop)
[2m[36m(launch_and_fit pid=871553)[0m double free or corruption (fasttop)
[2m[36m(launch_and_fit pid=871559)[0m double free or corruption (fasttop)
[2m[36m(launch_and_fit pid=871551)[0m double free or corruption (fasttop)
[2m[36m(launch_and_fit pid=871554)[0m malloc_consolidate(): invalid chunk size
E0919 12:38:33.114638977 1058518 chttp2_transport.cc:1079]             ipv4:145.136.62.11:51367: Received a GOAWAY with error code ENHANCE_YOUR_CALM and debug data equal to "too_many_pings". Current keepalive time (before throttling): ∞
INFO flwr 2023-09-19 12:39:42,051 | fed_df.py:544 | Distillation training stopped at step number : 500
INFO flwr 2023-09-19 12:39:42,051 | fed_df.py:551 | Average fusion training loss : 0.003673062309855595, val accuracy : 0.5654199999999999, best val accuracy : 0.579
INFO flwr 2023-09-19 12:39:42,052 | common.py:35 | Avg. local train loss : 4.162990726716816, train acc : 0.8765749999999999
INFO flwr 2023-09-19 12:39:44,847 | server.py:116 | fit progress: (16, 1.8014436798095703, {'server_test_acc': 0.5812}, 2536.5085292197764)
INFO flwr 2023-09-19 12:39:44,848 | server.py:163 | evaluate_round 16: no clients selected, cancel
DEBUG flwr 2023-09-19 12:39:47,578 | server.py:215 | fit_round 17: strategy sampled 8 clients (out of 20)
[2m[36m(launch_and_fit pid=1167123)[0m malloc_consolidate(): invalid chunk size
[2m[36m(launch_and_fit pid=1167126)[0m malloc_consolidate(): invalid chunk size
DEBUG flwr 2023-09-19 12:41:09,918 | server.py:229 | fit_round 17 received 8 results and 0 failures
INFO flwr 2023-09-19 12:41:09,943 | fed_df.py:464 | Performing server side distillation training...
[2m[36m(launch_and_fit pid=1167123)[0m Fitting Client 9
[2m[36m(launch_and_fit pid=1167122)[0m Fitting Client 6
[2m[36m(launch_and_fit pid=1167121)[0m Fitting Client 17
[2m[36m(launch_and_fit pid=1167119)[0m Fitting Client 13
[2m[36m(launch_and_fit pid=1167116)[0m Fitting Client 16
[2m[36m(launch_and_fit pid=1167125)[0m Fitting Client 10
[2m[36m(launch_and_fit pid=1167124)[0m Fitting Client 19
[2m[36m(launch_and_fit pid=1167126)[0m Fitting Client 18
[2m[36m(launch_and_fit pid=1167121)[0m double free or corruption (fasttop)
[2m[36m(launch_and_fit pid=1167119)[0m malloc_consolidate(): invalid chunk size
E0919 12:41:10.694008893 1059200 chttp2_transport.cc:1079]             ipv4:145.136.62.11:51367: Received a GOAWAY with error code ENHANCE_YOUR_CALM and debug data equal to "too_many_pings". Current keepalive time (before throttling): ∞
[2m[36m(launch_and_fit pid=1167124)[0m malloc_consolidate(): invalid chunk size
[2m[36m(launch_and_fit pid=1167125)[0m malloc_consolidate(): invalid chunk size
[2m[36m(launch_and_fit pid=1167116)[0m malloc_consolidate(): invalid chunk size
[2m[36m(launch_and_fit pid=1167122)[0m double free or corruption (fasttop)
E0919 12:41:43.884513371 1351652 chttp2_transport.cc:1079]             ipv4:145.136.62.11:51367: Received a GOAWAY with error code ENHANCE_YOUR_CALM and debug data equal to "too_many_pings". Current keepalive time (before throttling): ∞
INFO flwr 2023-09-19 12:42:20,789 | fed_df.py:544 | Distillation training stopped at step number : 500
INFO flwr 2023-09-19 12:42:20,790 | fed_df.py:551 | Average fusion training loss : 0.002681805221713148, val accuracy : 0.5912200000000001, best val accuracy : 0.6114
INFO flwr 2023-09-19 12:42:20,791 | common.py:35 | Avg. local train loss : 4.273075386881828, train acc : 0.8652361111111112
INFO flwr 2023-09-19 12:42:23,667 | server.py:116 | fit progress: (17, 1.819028729248047, {'server_test_acc': 0.6077}, 2695.3277852004394)
INFO flwr 2023-09-19 12:42:23,667 | server.py:163 | evaluate_round 17: no clients selected, cancel
DEBUG flwr 2023-09-19 12:42:26,192 | server.py:215 | fit_round 18: strategy sampled 8 clients (out of 20)
[2m[36m(launch_and_fit pid=1462374)[0m malloc_consolidate(): invalid chunk size
DEBUG flwr 2023-09-19 12:43:48,107 | server.py:229 | fit_round 18 received 8 results and 0 failures
[2m[36m(launch_and_fit pid=1462373)[0m malloc_consolidate(): invalid chunk size
[2m[36m(launch_and_fit pid=1462366)[0m malloc_consolidate(): invalid chunk size
INFO flwr 2023-09-19 12:43:48,131 | fed_df.py:464 | Performing server side distillation training...
[2m[36m(launch_and_fit pid=1462367)[0m Fitting Client 14
[2m[36m(launch_and_fit pid=1462373)[0m Fitting Client 15
[2m[36m(launch_and_fit pid=1462370)[0m Fitting Client 16
[2m[36m(launch_and_fit pid=1462374)[0m Fitting Client 18
[2m[36m(launch_and_fit pid=1462375)[0m Fitting Client 1
[2m[36m(launch_and_fit pid=1462376)[0m Fitting Client 17
[2m[36m(launch_and_fit pid=1462371)[0m Fitting Client 3
[2m[36m(launch_and_fit pid=1462366)[0m Fitting Client 11
[2m[36m(launch_and_fit pid=1462370)[0m malloc_consolidate(): invalid chunk size
[2m[36m(launch_and_fit pid=1462367)[0m double free or corruption (fasttop)
[2m[36m(launch_and_fit pid=1462375)[0m malloc_consolidate(): invalid chunk size
E0919 12:43:49.336459905 1646892 chttp2_transport.cc:1079]             ipv4:145.136.62.11:51367: Received a GOAWAY with error code ENHANCE_YOUR_CALM and debug data equal to "too_many_pings". Current keepalive time (before throttling): ∞
[2m[36m(launch_and_fit pid=1462376)[0m double free or corruption (fasttop)
[2m[36m(launch_and_fit pid=1462371)[0m malloc_consolidate(): invalid chunk size
INFO flwr 2023-09-19 12:44:59,291 | fed_df.py:544 | Distillation training stopped at step number : 500
INFO flwr 2023-09-19 12:44:59,292 | fed_df.py:551 | Average fusion training loss : 0.0026606152206659316, val accuracy : 0.5429, best val accuracy : 0.5734
INFO flwr 2023-09-19 12:44:59,292 | common.py:35 | Avg. local train loss : 4.406720471940934, train acc : 0.8547083333333333
INFO flwr 2023-09-19 12:45:02,114 | server.py:116 | fit progress: (18, 1.8557452697753907, {'server_test_acc': 0.572}, 2853.774925842881)
INFO flwr 2023-09-19 12:45:02,114 | server.py:163 | evaluate_round 18: no clients selected, cancel
DEBUG flwr 2023-09-19 12:45:04,653 | server.py:215 | fit_round 19: strategy sampled 8 clients (out of 20)
[2m[36m(launch_and_fit pid=1757322)[0m malloc_consolidate(): invalid chunk size
[2m[36m(launch_and_fit pid=1757320)[0m double free or corruption (fasttop)
[2m[36m(launch_and_fit pid=1757321)[0m malloc_consolidate(): invalid chunk size
DEBUG flwr 2023-09-19 12:46:28,905 | server.py:229 | fit_round 19 received 8 results and 0 failures
INFO flwr 2023-09-19 12:46:28,931 | fed_df.py:464 | Performing server side distillation training...
[2m[36m(launch_and_fit pid=1757322)[0m Fitting Client 11
[2m[36m(launch_and_fit pid=1757317)[0m Fitting Client 17
[2m[36m(launch_and_fit pid=1757318)[0m Fitting Client 16
[2m[36m(launch_and_fit pid=1757315)[0m Fitting Client 10
[2m[36m(launch_and_fit pid=1757321)[0m Fitting Client 1
[2m[36m(launch_and_fit pid=1757320)[0m Fitting Client 18
[2m[36m(launch_and_fit pid=1757319)[0m Fitting Client 7
[2m[36m(launch_and_fit pid=1757316)[0m Fitting Client 0
[2m[36m(launch_and_fit pid=1757317)[0m malloc_consolidate(): invalid chunk size
[2m[36m(launch_and_fit pid=1757315)[0m malloc_consolidate(): invalid chunk size
[2m[36m(launch_and_fit pid=1757318)[0m double free or corruption (fasttop)
[2m[36m(launch_and_fit pid=1757319)[0m double free or corruption (fasttop)
[2m[36m(launch_and_fit pid=1757316)[0m double free or corruption (fasttop)
INFO flwr 2023-09-19 12:47:40,591 | fed_df.py:544 | Distillation training stopped at step number : 500
INFO flwr 2023-09-19 12:47:40,591 | fed_df.py:551 | Average fusion training loss : 0.0022703413187991827, val accuracy : 0.5869, best val accuracy : 0.6214
INFO flwr 2023-09-19 12:47:40,592 | common.py:35 | Avg. local train loss : 4.3382703470066195, train acc : 0.8608416666666666
INFO flwr 2023-09-19 12:47:43,421 | server.py:116 | fit progress: (19, 1.8537479614257812, {'server_test_acc': 0.6213}, 3015.082476926036)
INFO flwr 2023-09-19 12:47:43,422 | server.py:163 | evaluate_round 19: no clients selected, cancel
DEBUG flwr 2023-09-19 12:47:45,976 | server.py:215 | fit_round 20: strategy sampled 8 clients (out of 20)
[2m[36m(launch_and_fit pid=2103155)[0m corrupted size vs. prev_size in fastbins
[2m[36m(launch_and_fit pid=2103158)[0m double free or corruption (fasttop)
[2m[36m(launch_and_fit pid=2103156)[0m malloc_consolidate(): invalid chunk size
DEBUG flwr 2023-09-19 12:49:08,399 | server.py:229 | fit_round 20 received 8 results and 0 failures
INFO flwr 2023-09-19 12:49:08,412 | fed_df.py:366 | Warm start at round 20
INFO flwr 2023-09-19 12:49:08,535 | fed_df.py:464 | Performing server side distillation training...
[2m[36m(launch_and_fit pid=2103125)[0m Fitting Client 1
[2m[36m(launch_and_fit pid=2103154)[0m Fitting Client 16
[2m[36m(launch_and_fit pid=2103156)[0m Fitting Client 10
[2m[36m(launch_and_fit pid=2103158)[0m Fitting Client 3
[2m[36m(launch_and_fit pid=2103127)[0m Fitting Client 7
[2m[36m(launch_and_fit pid=2103157)[0m Fitting Client 8
[2m[36m(launch_and_fit pid=2103149)[0m Fitting Client 2
[2m[36m(launch_and_fit pid=2103155)[0m Fitting Client 19
[2m[36m(launch_and_fit pid=2103157)[0m malloc_consolidate(): invalid chunk size
[2m[36m(launch_and_fit pid=2103154)[0m malloc_consolidate(): invalid chunk size
[2m[36m(launch_and_fit pid=2103127)[0m malloc_consolidate(): invalid chunk size
[2m[36m(launch_and_fit pid=2103149)[0m malloc_consolidate(): invalid chunk size
[2m[36m(launch_and_fit pid=2103125)[0m malloc_consolidate(): invalid chunk size
E0919 12:49:10.026376710 2288205 chttp2_transport.cc:1079]             ipv4:145.136.62.11:51367: Received a GOAWAY with error code ENHANCE_YOUR_CALM and debug data equal to "too_many_pings". Current keepalive time (before throttling): ∞
E0919 12:50:15.485561779 2288281 chttp2_transport.cc:1079]             ipv4:145.136.62.11:51367: Received a GOAWAY with error code ENHANCE_YOUR_CALM and debug data equal to "too_many_pings". Current keepalive time (before throttling): ∞
INFO flwr 2023-09-19 12:50:19,641 | fed_df.py:544 | Distillation training stopped at step number : 500
INFO flwr 2023-09-19 12:50:19,642 | fed_df.py:551 | Average fusion training loss : 0.010210055506322533, val accuracy : 0.6649999999999999, best val accuracy : 0.6742
INFO flwr 2023-09-19 12:50:19,643 | common.py:35 | Avg. local train loss : 4.396435179747641, train acc : 0.8579277777777778
INFO flwr 2023-09-19 12:50:22,479 | server.py:116 | fit progress: (20, 1.7996542419433594, {'server_test_acc': 0.6642}, 3174.139873868786)
INFO flwr 2023-09-19 12:50:22,479 | server.py:163 | evaluate_round 20: no clients selected, cancel
DEBUG flwr 2023-09-19 12:50:24,989 | server.py:215 | fit_round 21: strategy sampled 8 clients (out of 20)
[2m[36m(launch_and_fit pid=2398412)[0m double free or corruption (fasttop)
[2m[36m(launch_and_fit pid=2398416)[0m malloc_consolidate(): invalid chunk size
[2m[36m(launch_and_fit pid=2398414)[0m malloc_consolidate(): invalid chunk size
[2m[36m(launch_and_fit pid=2398413)[0m double free or corruption (fasttop)
DEBUG flwr 2023-09-19 12:51:47,755 | server.py:229 | fit_round 21 received 8 results and 0 failures
INFO flwr 2023-09-19 12:51:47,779 | fed_df.py:464 | Performing server side distillation training...
[2m[36m(launch_and_fit pid=2398416)[0m Fitting Client 12
[2m[36m(launch_and_fit pid=2398413)[0m Fitting Client 18
[2m[36m(launch_and_fit pid=2398415)[0m Fitting Client 7
[2m[36m(launch_and_fit pid=2398385)[0m Fitting Client 8
[2m[36m(launch_and_fit pid=2398411)[0m Fitting Client 4
[2m[36m(launch_and_fit pid=2398412)[0m Fitting Client 6
[2m[36m(launch_and_fit pid=2398387)[0m Fitting Client 15
[2m[36m(launch_and_fit pid=2398414)[0m Fitting Client 3
E0919 12:51:48.192556996 2581951 chttp2_transport.cc:1079]             ipv4:145.136.62.11:51367: Received a GOAWAY with error code ENHANCE_YOUR_CALM and debug data equal to "too_many_pings". Current keepalive time (before throttling): ∞
[2m[36m(launch_and_fit pid=2398385)[0m malloc_consolidate(): invalid chunk size
[2m[36m(launch_and_fit pid=2398411)[0m double free or corruption (fasttop)
[2m[36m(launch_and_fit pid=2398415)[0m double free or corruption (fasttop)
[2m[36m(launch_and_fit pid=2398387)[0m malloc_consolidate(): invalid chunk size
E0919 12:52:46.027676648 2582852 chttp2_transport.cc:1079]             ipv4:145.136.62.11:51367: Received a GOAWAY with error code ENHANCE_YOUR_CALM and debug data equal to "too_many_pings". Current keepalive time (before throttling): ∞
INFO flwr 2023-09-19 12:52:58,677 | fed_df.py:544 | Distillation training stopped at step number : 500
INFO flwr 2023-09-19 12:52:58,678 | fed_df.py:551 | Average fusion training loss : 0.0034472941987914963, val accuracy : 0.6397799999999999, best val accuracy : 0.6546
INFO flwr 2023-09-19 12:52:58,678 | common.py:35 | Avg. local train loss : 4.207605530135334, train acc : 0.8769402777777776
INFO flwr 2023-09-19 12:53:01,538 | server.py:116 | fit progress: (21, 1.7996870513916015, {'server_test_acc': 0.6413}, 3333.1990128923208)
INFO flwr 2023-09-19 12:53:01,538 | server.py:163 | evaluate_round 21: no clients selected, cancel
DEBUG flwr 2023-09-19 12:53:04,109 | server.py:215 | fit_round 22: strategy sampled 8 clients (out of 20)
[2m[36m(launch_and_fit pid=2694066)[0m malloc_consolidate(): invalid chunk size
[2m[36m(launch_and_fit pid=2694069)[0m malloc_consolidate(): invalid chunk size
[2m[36m(launch_and_fit pid=2694064)[0m double free or corruption (fasttop)
[2m[36m(launch_and_fit pid=2694067)[0m double free or corruption (fasttop)
[2m[36m(launch_and_fit pid=2694062)[0m malloc_consolidate(): invalid chunk size
DEBUG flwr 2023-09-19 12:54:26,630 | server.py:229 | fit_round 22 received 8 results and 0 failures
[2m[36m(launch_and_fit pid=2694060)[0m malloc_consolidate(): invalid chunk size
[2m[36m(launch_and_fit pid=2694068)[0m malloc_consolidate(): invalid chunk size
INFO flwr 2023-09-19 12:54:26,655 | fed_df.py:464 | Performing server side distillation training...
[2m[36m(launch_and_fit pid=2694060)[0m Fitting Client 13
[2m[36m(launch_and_fit pid=2694068)[0m Fitting Client 15
[2m[36m(launch_and_fit pid=2694065)[0m Fitting Client 17
[2m[36m(launch_and_fit pid=2694069)[0m Fitting Client 18
[2m[36m(launch_and_fit pid=2694062)[0m Fitting Client 6
[2m[36m(launch_and_fit pid=2694067)[0m Fitting Client 19
[2m[36m(launch_and_fit pid=2694066)[0m Fitting Client 5
[2m[36m(launch_and_fit pid=2694064)[0m Fitting Client 3
E0919 12:54:27.063003895 2671586 chttp2_transport.cc:1079]             ipv4:145.136.62.11:51367: Received a GOAWAY with error code ENHANCE_YOUR_CALM and debug data equal to "too_many_pings". Current keepalive time (before throttling): ∞
[2m[36m(launch_and_fit pid=2694065)[0m malloc_consolidate(): invalid chunk size
INFO flwr 2023-09-19 12:55:37,833 | fed_df.py:544 | Distillation training stopped at step number : 500
INFO flwr 2023-09-19 12:55:37,833 | fed_df.py:551 | Average fusion training loss : 0.0024300780781777577, val accuracy : 0.57884, best val accuracy : 0.6078
INFO flwr 2023-09-19 12:55:37,834 | common.py:35 | Avg. local train loss : 4.218711329810321, train acc : 0.8723472222222223
INFO flwr 2023-09-19 12:55:40,711 | server.py:116 | fit progress: (22, 1.83669453125, {'server_test_acc': 0.6074}, 3492.3721852945164)
INFO flwr 2023-09-19 12:55:40,711 | server.py:163 | evaluate_round 22: no clients selected, cancel
DEBUG flwr 2023-09-19 12:55:43,245 | server.py:215 | fit_round 23: strategy sampled 8 clients (out of 20)
[2m[36m(launch_and_fit pid=2989870)[0m malloc_consolidate(): invalid chunk size
DEBUG flwr 2023-09-19 12:57:04,727 | server.py:229 | fit_round 23 received 8 results and 0 failures
INFO flwr 2023-09-19 12:57:04,751 | fed_df.py:464 | Performing server side distillation training...
[2m[36m(launch_and_fit pid=2989869)[0m Fitting Client 11
[2m[36m(launch_and_fit pid=2989865)[0m Fitting Client 3
[2m[36m(launch_and_fit pid=2989867)[0m Fitting Client 12
[2m[36m(launch_and_fit pid=2989864)[0m Fitting Client 1
[2m[36m(launch_and_fit pid=2989868)[0m Fitting Client 18
[2m[36m(launch_and_fit pid=2989862)[0m Fitting Client 14
[2m[36m(launch_and_fit pid=2989870)[0m Fitting Client 5
[2m[36m(launch_and_fit pid=2989871)[0m Fitting Client 15
[2m[36m(launch_and_fit pid=2989862)[0m malloc_consolidate(): invalid chunk size
[2m[36m(launch_and_fit pid=2989868)[0m malloc_consolidate(): invalid chunk size
[2m[36m(launch_and_fit pid=2989864)[0m malloc_consolidate(): invalid chunk size
[2m[36m(launch_and_fit pid=2989865)[0m malloc_consolidate(): invalid chunk size
[2m[36m(launch_and_fit pid=2989867)[0m malloc_consolidate(): invalid chunk size
[2m[36m(launch_and_fit pid=2989869)[0m malloc_consolidate(): invalid chunk size
[2m[36m(launch_and_fit pid=2989871)[0m malloc_consolidate(): invalid chunk size
E0919 12:57:09.450754702 2878086 chttp2_transport.cc:1079]             ipv4:145.136.62.11:51367: Received a GOAWAY with error code ENHANCE_YOUR_CALM and debug data equal to "too_many_pings". Current keepalive time (before throttling): ∞
INFO flwr 2023-09-19 12:58:15,962 | fed_df.py:544 | Distillation training stopped at step number : 500
INFO flwr 2023-09-19 12:58:15,962 | fed_df.py:551 | Average fusion training loss : 0.0022598558366298677, val accuracy : 0.63408, best val accuracy : 0.6536
INFO flwr 2023-09-19 12:58:15,963 | common.py:35 | Avg. local train loss : 4.348514030128717, train acc : 0.8625027777777777
INFO flwr 2023-09-19 12:58:18,836 | server.py:116 | fit progress: (23, 1.8302725341796875, {'server_test_acc': 0.647}, 3650.497630164027)
INFO flwr 2023-09-19 12:58:18,837 | server.py:163 | evaluate_round 23: no clients selected, cancel
DEBUG flwr 2023-09-19 12:58:21,389 | server.py:215 | fit_round 24: strategy sampled 8 clients (out of 20)
[2m[36m(launch_and_fit pid=3284655)[0m malloc_consolidate(): invalid chunk size
[2m[36m(launch_and_fit pid=3284648)[0m double free or corruption (fasttop)
[2m[36m(launch_and_fit pid=3284653)[0m malloc_consolidate(): invalid chunk size
[2m[36m(launch_and_fit pid=3284650)[0m double free or corruption (fasttop)
DEBUG flwr 2023-09-19 12:59:43,711 | server.py:229 | fit_round 24 received 8 results and 0 failures
INFO flwr 2023-09-19 12:59:43,735 | fed_df.py:464 | Performing server side distillation training...
[2m[36m(launch_and_fit pid=3284653)[0m Fitting Client 17
[2m[36m(launch_and_fit pid=3284648)[0m Fitting Client 3
[2m[36m(launch_and_fit pid=3284650)[0m Fitting Client 7
[2m[36m(launch_and_fit pid=3284656)[0m Fitting Client 16
[2m[36m(launch_and_fit pid=3284657)[0m Fitting Client 15
[2m[36m(launch_and_fit pid=3284652)[0m Fitting Client 6
[2m[36m(launch_and_fit pid=3284655)[0m Fitting Client 2
[2m[36m(launch_and_fit pid=3284654)[0m Fitting Client 14
[2m[36m(launch_and_fit pid=3284656)[0m double free or corruption (fasttop)
[2m[36m(launch_and_fit pid=3284657)[0m malloc_consolidate(): invalid chunk size
[2m[36m(launch_and_fit pid=3284652)[0m malloc_consolidate(): invalid chunk size
[2m[36m(launch_and_fit pid=3284654)[0m malloc_consolidate(): invalid chunk size
E0919 13:00:27.549628227 3471023 chttp2_transport.cc:1079]             ipv4:145.136.62.11:51367: Received a GOAWAY with error code ENHANCE_YOUR_CALM and debug data equal to "too_many_pings". Current keepalive time (before throttling): ∞
E0919 13:00:52.159783161 3578350 chttp2_transport.cc:1079]             ipv4:145.136.62.11:51367: Received a GOAWAY with error code ENHANCE_YOUR_CALM and debug data equal to "too_many_pings". Current keepalive time (before throttling): ∞
INFO flwr 2023-09-19 13:00:54,911 | fed_df.py:544 | Distillation training stopped at step number : 500
INFO flwr 2023-09-19 13:00:54,912 | fed_df.py:551 | Average fusion training loss : 0.002729490049299784, val accuracy : 0.6057, best val accuracy : 0.6232
INFO flwr 2023-09-19 13:00:54,913 | common.py:35 | Avg. local train loss : 4.4805604355409745, train acc : 0.851926388888889
INFO flwr 2023-09-19 13:00:57,807 | server.py:116 | fit progress: (24, 1.8751410461425781, {'server_test_acc': 0.6217}, 3809.468505336903)
INFO flwr 2023-09-19 13:00:57,808 | server.py:163 | evaluate_round 24: no clients selected, cancel
DEBUG flwr 2023-09-19 13:01:00,379 | server.py:215 | fit_round 25: strategy sampled 8 clients (out of 20)
[2m[36m(launch_and_fit pid=3591193)[0m double free or corruption (fasttop)
DEBUG flwr 2023-09-19 13:02:21,508 | server.py:229 | fit_round 25 received 8 results and 0 failures
INFO flwr 2023-09-19 13:02:21,521 | fed_df.py:366 | Warm start at round 25
INFO flwr 2023-09-19 13:02:21,590 | fed_df.py:464 | Performing server side distillation training...
[2m[36m(launch_and_fit pid=3591193)[0m Fitting Client 19
[2m[36m(launch_and_fit pid=3591183)[0m Fitting Client 14
[2m[36m(launch_and_fit pid=3591187)[0m Fitting Client 13
[2m[36m(launch_and_fit pid=3591184)[0m Fitting Client 7
[2m[36m(launch_and_fit pid=3591185)[0m Fitting Client 18
[2m[36m(launch_and_fit pid=3591186)[0m Fitting Client 2
[2m[36m(launch_and_fit pid=3591181)[0m Fitting Client 8
[2m[36m(launch_and_fit pid=3591191)[0m Fitting Client 12
[2m[36m(launch_and_fit pid=3591183)[0m corrupted size vs. prev_size in fastbins
[2m[36m(launch_and_fit pid=3591187)[0m malloc_consolidate(): invalid chunk size
[2m[36m(launch_and_fit pid=3591181)[0m malloc_consolidate(): invalid chunk size
E0919 13:02:22.654420334 3802590 chttp2_transport.cc:1079]             ipv4:145.136.62.11:51367: Received a GOAWAY with error code ENHANCE_YOUR_CALM and debug data equal to "too_many_pings". Current keepalive time (before throttling): ∞
[2m[36m(launch_and_fit pid=3591184)[0m double free or corruption (fasttop)
[2m[36m(launch_and_fit pid=3591186)[0m malloc_consolidate(): invalid chunk size
[2m[36m(launch_and_fit pid=3591191)[0m malloc_consolidate(): invalid chunk size
[2m[36m(launch_and_fit pid=3591185)[0m malloc_consolidate(): invalid chunk size
E0919 13:02:23.869955600 3804296 chttp2_transport.cc:1079]             ipv4:145.136.62.11:51367: Received a GOAWAY with error code ENHANCE_YOUR_CALM and debug data equal to "too_many_pings". Current keepalive time (before throttling): ∞
INFO flwr 2023-09-19 13:03:32,836 | fed_df.py:544 | Distillation training stopped at step number : 500
INFO flwr 2023-09-19 13:03:32,837 | fed_df.py:551 | Average fusion training loss : 0.009220120348036289, val accuracy : 0.65332, best val accuracy : 0.6636
INFO flwr 2023-09-19 13:03:32,837 | common.py:35 | Avg. local train loss : 4.2225154366344215, train acc : 0.8726652777777777
INFO flwr 2023-09-19 13:03:35,739 | server.py:116 | fit progress: (25, 1.7682334381103515, {'server_test_acc': 0.6566}, 3967.3997086174786)
INFO flwr 2023-09-19 13:03:35,739 | server.py:163 | evaluate_round 25: no clients selected, cancel
DEBUG flwr 2023-09-19 13:03:38,157 | server.py:215 | fit_round 26: strategy sampled 8 clients (out of 20)
DEBUG flwr 2023-09-19 13:05:00,908 | server.py:229 | fit_round 26 received 8 results and 0 failures
[2m[36m(launch_and_fit pid=3926246)[0m malloc_consolidate(): invalid chunk size
INFO flwr 2023-09-19 13:05:00,932 | fed_df.py:464 | Performing server side distillation training...
[2m[36m(launch_and_fit pid=3926248)[0m malloc_consolidate(): invalid chunk size
[2m[36m(launch_and_fit pid=3926246)[0m Fitting Client 14
[2m[36m(launch_and_fit pid=3926242)[0m Fitting Client 1
[2m[36m(launch_and_fit pid=3926239)[0m Fitting Client 3
[2m[36m(launch_and_fit pid=3926243)[0m Fitting Client 17
[2m[36m(launch_and_fit pid=3926244)[0m Fitting Client 0
[2m[36m(launch_and_fit pid=3926247)[0m Fitting Client 12
[2m[36m(launch_and_fit pid=3926245)[0m Fitting Client 2
[2m[36m(launch_and_fit pid=3926248)[0m Fitting Client 19
[2m[36m(launch_and_fit pid=3926243)[0m malloc_consolidate(): invalid chunk size
[2m[36m(launch_and_fit pid=3926242)[0m malloc_consolidate(): invalid chunk size
[2m[36m(launch_and_fit pid=3926245)[0m malloc_consolidate(): invalid chunk size
[2m[36m(launch_and_fit pid=3926247)[0m malloc_consolidate(): invalid chunk size
[2m[36m(launch_and_fit pid=3926239)[0m double free or corruption (fasttop)
[2m[36m(launch_and_fit pid=3926244)[0m malloc_consolidate(): invalid chunk size
E0919 13:05:03.562066930 4111809 chttp2_transport.cc:1079]             ipv4:145.136.62.11:51367: Received a GOAWAY with error code ENHANCE_YOUR_CALM and debug data equal to "too_many_pings". Current keepalive time (before throttling): ∞
E0919 13:05:58.467345171 4112690 chttp2_transport.cc:1079]             ipv4:145.136.62.11:51367: Received a GOAWAY with error code ENHANCE_YOUR_CALM and debug data equal to "too_many_pings". Current keepalive time (before throttling): ∞
INFO flwr 2023-09-19 13:06:12,143 | fed_df.py:544 | Distillation training stopped at step number : 500
INFO flwr 2023-09-19 13:06:12,143 | fed_df.py:551 | Average fusion training loss : 0.0022721572211012245, val accuracy : 0.65476, best val accuracy : 0.6714
INFO flwr 2023-09-19 13:06:12,144 | common.py:35 | Avg. local train loss : 4.1298443613573905, train acc : 0.8862902777777778
INFO flwr 2023-09-19 13:06:15,017 | server.py:116 | fit progress: (26, 1.8663481567382814, {'server_test_acc': 0.6524}, 4126.678011898883)
INFO flwr 2023-09-19 13:06:15,017 | server.py:163 | evaluate_round 26: no clients selected, cancel
DEBUG flwr 2023-09-19 13:06:17,568 | server.py:215 | fit_round 27: strategy sampled 8 clients (out of 20)
[2m[36m(launch_and_fit pid=28423)[0m malloc_consolidate(): invalid chunk size
DEBUG flwr 2023-09-19 13:07:41,046 | server.py:229 | fit_round 27 received 8 results and 0 failures
INFO flwr 2023-09-19 13:07:41,070 | fed_df.py:464 | Performing server side distillation training...
[2m[36m(launch_and_fit pid=28424)[0m Fitting Client 0
[2m[36m(launch_and_fit pid=28415)[0m Fitting Client 5
[2m[36m(launch_and_fit pid=28422)[0m Fitting Client 18
[2m[36m(launch_and_fit pid=28423)[0m Fitting Client 17
[2m[36m(launch_and_fit pid=28425)[0m Fitting Client 16
[2m[36m(launch_and_fit pid=28420)[0m Fitting Client 15
[2m[36m(launch_and_fit pid=28417)[0m Fitting Client 13
[2m[36m(launch_and_fit pid=28421)[0m Fitting Client 6
[2m[36m(launch_and_fit pid=28420)[0m malloc_consolidate(): invalid chunk size
[2m[36m(launch_and_fit pid=28415)[0m malloc_consolidate(): invalid chunk size
[2m[36m(launch_and_fit pid=28417)[0m malloc_consolidate(): invalid chunk size
[2m[36m(launch_and_fit pid=28425)[0m double free or corruption (fasttop)
[2m[36m(launch_and_fit pid=28422)[0m malloc_consolidate(): invalid chunk size
[2m[36m(launch_and_fit pid=28424)[0m malloc_consolidate(): invalid chunk size
[2m[36m(launch_and_fit pid=28421)[0m malloc_consolidate(): invalid chunk size
E0919 13:07:43.517599970    2624 chttp2_transport.cc:1079]             ipv4:145.136.62.11:51367: Received a GOAWAY with error code ENHANCE_YOUR_CALM and debug data equal to "too_many_pings". Current keepalive time (before throttling): ∞
E0919 13:08:08.770854427  250726 chttp2_transport.cc:1079]             ipv4:145.136.62.11:51367: Received a GOAWAY with error code ENHANCE_YOUR_CALM and debug data equal to "too_many_pings". Current keepalive time (before throttling): ∞
INFO flwr 2023-09-19 13:08:56,993 | fed_df.py:544 | Distillation training stopped at step number : 500
INFO flwr 2023-09-19 13:08:56,994 | fed_df.py:551 | Average fusion training loss : 0.002152548896498047, val accuracy : 0.60398, best val accuracy : 0.6236
INFO flwr 2023-09-19 13:08:56,995 | common.py:35 | Avg. local train loss : 4.226569720916451, train acc : 0.8730763888888889
E0919 13:08:59.256615257  251538 chttp2_transport.cc:1079]             ipv4:145.136.62.11:51367: Received a GOAWAY with error code ENHANCE_YOUR_CALM and debug data equal to "too_many_pings". Current keepalive time (before throttling): ∞
INFO flwr 2023-09-19 13:08:59,843 | server.py:116 | fit progress: (27, 1.8534365478515624, {'server_test_acc': 0.6213}, 4291.503764482215)
INFO flwr 2023-09-19 13:08:59,843 | server.py:163 | evaluate_round 27: no clients selected, cancel
DEBUG flwr 2023-09-19 13:09:02,431 | server.py:215 | fit_round 28: strategy sampled 8 clients (out of 20)
DEBUG flwr 2023-09-19 13:10:23,137 | server.py:229 | fit_round 28 received 8 results and 0 failures
INFO flwr 2023-09-19 13:10:23,161 | fed_df.py:464 | Performing server side distillation training...
[2m[36m(launch_and_fit pid=324453)[0m Fitting Client 13
[2m[36m(launch_and_fit pid=324451)[0m Fitting Client 14
[2m[36m(launch_and_fit pid=324450)[0m Fitting Client 8
[2m[36m(launch_and_fit pid=324454)[0m Fitting Client 16
[2m[36m(launch_and_fit pid=324444)[0m Fitting Client 5
[2m[36m(launch_and_fit pid=324452)[0m Fitting Client 18
[2m[36m(launch_and_fit pid=324448)[0m Fitting Client 0
[2m[36m(launch_and_fit pid=324447)[0m Fitting Client 12
[2m[36m(launch_and_fit pid=324450)[0m malloc_consolidate(): invalid chunk size
[2m[36m(launch_and_fit pid=324448)[0m malloc_consolidate(): invalid chunk size
[2m[36m(launch_and_fit pid=324444)[0m malloc_consolidate(): invalid chunk size
[2m[36m(launch_and_fit pid=324451)[0m double free or corruption (fasttop)
[2m[36m(launch_and_fit pid=324453)[0m double free or corruption (fasttop)
[2m[36m(launch_and_fit pid=324447)[0m double free or corruption (fasttop)
[2m[36m(launch_and_fit pid=324454)[0m malloc_consolidate(): invalid chunk size
[2m[36m(launch_and_fit pid=324452)[0m malloc_consolidate(): invalid chunk size
INFO flwr 2023-09-19 13:11:34,519 | fed_df.py:544 | Distillation training stopped at step number : 500
INFO flwr 2023-09-19 13:11:34,520 | fed_df.py:551 | Average fusion training loss : 0.00271694005059544, val accuracy : 0.62892, best val accuracy : 0.6418
INFO flwr 2023-09-19 13:11:34,520 | common.py:35 | Avg. local train loss : 4.192862609028816, train acc : 0.878375
INFO flwr 2023-09-19 13:11:37,336 | server.py:116 | fit progress: (28, 1.8258392364501954, {'server_test_acc': 0.6342}, 4448.99756859988)
INFO flwr 2023-09-19 13:11:37,337 | server.py:163 | evaluate_round 28: no clients selected, cancel
DEBUG flwr 2023-09-19 13:11:39,995 | server.py:215 | fit_round 29: strategy sampled 8 clients (out of 20)
[2m[36m(launch_and_fit pid=622183)[0m malloc_consolidate(): invalid chunk size
[2m[36m(launch_and_fit pid=622188)[0m malloc_consolidate(): invalid chunk size
[2m[36m(launch_and_fit pid=622184)[0m malloc_consolidate(): invalid chunk size
[2m[36m(launch_and_fit pid=622186)[0m malloc_consolidate(): invalid chunk size
[2m[36m(launch_and_fit pid=622187)[0m malloc_consolidate(): invalid chunk size
DEBUG flwr 2023-09-19 13:13:02,887 | server.py:229 | fit_round 29 received 8 results and 0 failures
INFO flwr 2023-09-19 13:13:02,911 | fed_df.py:464 | Performing server side distillation training...
[2m[36m(launch_and_fit pid=622183)[0m Fitting Client 13
[2m[36m(launch_and_fit pid=622187)[0m Fitting Client 19
[2m[36m(launch_and_fit pid=622189)[0m Fitting Client 4
[2m[36m(launch_and_fit pid=622185)[0m Fitting Client 15
[2m[36m(launch_and_fit pid=622184)[0m Fitting Client 9
[2m[36m(launch_and_fit pid=622188)[0m Fitting Client 3
[2m[36m(launch_and_fit pid=622181)[0m Fitting Client 14
[2m[36m(launch_and_fit pid=622186)[0m Fitting Client 16
E0919 13:13:03.321362627  322614 chttp2_transport.cc:1079]             ipv4:145.136.62.11:51367: Received a GOAWAY with error code ENHANCE_YOUR_CALM and debug data equal to "too_many_pings". Current keepalive time (before throttling): ∞
[2m[36m(launch_and_fit pid=622185)[0m malloc_consolidate(): invalid chunk size
[2m[36m(launch_and_fit pid=622181)[0m malloc_consolidate(): invalid chunk size
[2m[36m(launch_and_fit pid=622189)[0m double free or corruption (fasttop)
INFO flwr 2023-09-19 13:14:14,351 | fed_df.py:544 | Distillation training stopped at step number : 500
INFO flwr 2023-09-19 13:14:14,351 | fed_df.py:551 | Average fusion training loss : 0.003545566176297143, val accuracy : 0.6327999999999999, best val accuracy : 0.6502
INFO flwr 2023-09-19 13:14:14,352 | common.py:35 | Avg. local train loss : 4.272073523886502, train acc : 0.8720944444444445
INFO flwr 2023-09-19 13:14:17,194 | server.py:116 | fit progress: (29, 1.9282484802246094, {'server_test_acc': 0.6404}, 4608.855060696602)
INFO flwr 2023-09-19 13:14:17,194 | server.py:163 | evaluate_round 29: no clients selected, cancel
DEBUG flwr 2023-09-19 13:14:19,749 | server.py:215 | fit_round 30: strategy sampled 8 clients (out of 20)
[2m[36m(launch_and_fit pid=917399)[0m malloc_consolidate(): invalid chunk size
[2m[36m(launch_and_fit pid=917396)[0m malloc_consolidate(): invalid chunk size
[2m[36m(launch_and_fit pid=917400)[0m malloc_consolidate(): invalid chunk size
[2m[36m(launch_and_fit pid=917398)[0m malloc_consolidate(): invalid chunk size
DEBUG flwr 2023-09-19 13:15:42,267 | server.py:229 | fit_round 30 received 8 results and 0 failures
INFO flwr 2023-09-19 13:15:42,280 | fed_df.py:366 | Warm start at round 30
INFO flwr 2023-09-19 13:15:42,348 | fed_df.py:464 | Performing server side distillation training...
[2m[36m(launch_and_fit pid=917399)[0m Fitting Client 14
[2m[36m(launch_and_fit pid=917400)[0m Fitting Client 9
[2m[36m(launch_and_fit pid=917398)[0m Fitting Client 0
[2m[36m(launch_and_fit pid=917397)[0m Fitting Client 19
[2m[36m(launch_and_fit pid=917396)[0m Fitting Client 17
[2m[36m(launch_and_fit pid=917390)[0m Fitting Client 18
[2m[36m(launch_and_fit pid=917395)[0m Fitting Client 10
[2m[36m(launch_and_fit pid=917391)[0m Fitting Client 1
E0919 13:15:42.757678587 1103146 chttp2_transport.cc:1079]             ipv4:145.136.62.11:51367: Received a GOAWAY with error code ENHANCE_YOUR_CALM and debug data equal to "too_many_pings". Current keepalive time (before throttling): ∞
[2m[36m(launch_and_fit pid=917391)[0m double free or corruption (fasttop)
[2m[36m(launch_and_fit pid=917397)[0m malloc_consolidate(): invalid chunk size
[2m[36m(launch_and_fit pid=917395)[0m malloc_consolidate(): invalid chunk size
INFO flwr 2023-09-19 13:16:53,795 | fed_df.py:544 | Distillation training stopped at step number : 500
INFO flwr 2023-09-19 13:16:53,796 | fed_df.py:551 | Average fusion training loss : 0.009164872142253444, val accuracy : 0.6601400000000001, best val accuracy : 0.671
INFO flwr 2023-09-19 13:16:53,796 | common.py:35 | Avg. local train loss : 4.159503093920648, train acc : 0.8807736111111111
INFO flwr 2023-09-19 13:16:56,641 | server.py:116 | fit progress: (30, 1.7161444061279296, {'server_test_acc': 0.6655}, 4768.302051153965)
INFO flwr 2023-09-19 13:16:56,641 | server.py:163 | evaluate_round 30: no clients selected, cancel
INFO flwr 2023-09-19 13:16:56,641 | server.py:144 | FL finished in 4768.302379763685
INFO flwr 2023-09-19 13:16:56,641 | app.py:202 | app_fit: losses_distributed []
INFO flwr 2023-09-19 13:16:56,642 | app.py:203 | app_fit: metrics_distributed {}
INFO flwr 2023-09-19 13:16:56,642 | app.py:204 | app_fit: losses_centralized [(0, 2.3234217651367186), (1, 1.6293163696289064), (2, 1.7073326873779298), (3, 1.735220526123047), (4, 1.724437515258789), (5, 1.615637564086914), (6, 1.7952984802246095), (7, 1.7740755767822265), (8, 1.841122216796875), (9, 1.8794286071777344), (10, 1.7575616607666016), (11, 1.8670803344726563), (12, 1.8819584838867187), (13, 1.9297029907226562), (14, 1.9451205261230469), (15, 1.6921643280029297), (16, 1.8014436798095703), (17, 1.819028729248047), (18, 1.8557452697753907), (19, 1.8537479614257812), (20, 1.7996542419433594), (21, 1.7996870513916015), (22, 1.83669453125), (23, 1.8302725341796875), (24, 1.8751410461425781), (25, 1.7682334381103515), (26, 1.8663481567382814), (27, 1.8534365478515624), (28, 1.8258392364501954), (29, 1.9282484802246094), (30, 1.7161444061279296)]
INFO flwr 2023-09-19 13:16:56,642 | app.py:205 | app_fit: metrics_centralized {'server_test_acc': [(0, 0.108), (1, 0.4209), (2, 0.4788), (3, 0.4742), (4, 0.4851), (5, 0.5721), (6, 0.5269), (7, 0.5473), (8, 0.558), (9, 0.5306), (10, 0.6197), (11, 0.59), (12, 0.6089), (13, 0.596), (14, 0.567), (15, 0.625), (16, 0.5812), (17, 0.6077), (18, 0.572), (19, 0.6213), (20, 0.6642), (21, 0.6413), (22, 0.6074), (23, 0.647), (24, 0.6217), (25, 0.6566), (26, 0.6524), (27, 0.6213), (28, 0.6342), (29, 0.6404), (30, 0.6655)]}
malloc_consolidate(): invalid chunk size
srun: error: gcn11: task 0: Aborted
srun: Terminating StepId=3894404.0
-----EXPERIMENT ENDS-----
-----CLEANING UP DISK------
-----END-----

JOB STATISTICS
==============
Job ID: 3894404
Cluster: snellius
User/Group: sunnys/sunnys
State: RUNNING
Nodes: 1
Cores per node: 18
CPU Utilized: 02:36:00
CPU Efficiency: 10.76% of 1-00:10:12 core-walltime
Job Wall-clock time: 01:20:34
Memory Utilized: 42.84 GB
Memory Efficiency: 35.70% of 120.00 GB
WARNING: Efficiency statistics may be misleading for RUNNING jobs.
