-----BEGIN-----
-----SETTINGS-----
TOTAL CROPS:20000
STRATEGY:feddf
MODEL_NAME:resnet8
NUM_CLIENTS:20
NUM_ROUNDS:30
FRACTION_FIT:0.4
FRACTION_EVALUATE:0.0
DATASET_NAME:cifar10
PARTITION_ALPHA:100.0
PARTITION_VAL_RATIO:0.1
BATCH_SIZE:512
LOCAL_EPOCHS:20
LOCAL_LR:0.01
DISTILL_BATCH_SIZE:512
SERVER_LR:0.005
SERVER_STEPS:250
SERVER_EARLY_STEPS:1000
USE_EARLY_STOPPING:False
USE_ADAPTIVE_LR:False
USE_ADAPTIVE_LR_ROUND:False
SEED:84
CUDA_DETERMINISTIC:False
USE_CROPS:True
IMG_NAME:ameyoko.jpg
DISTILL_DATASET:organamnist
DISTILL_ALPHA:1.0
NUM_DISTILL_IMAGES:10000
DISTILL_TRANSFORMS:v0
WARM_START:True
WARM_START_ROUNDS:1
WARM_START_INTERVAL:5
KMEANS_N_CLUSTER:9
KMEANS_HEURISTICS:easy
KMEANS_MIXED_FACTOR:50-50
KMEANS_BALANCING:0.25
CONFIDENCE_THRESHOLD:0.5
CONFIDENCE_STRATEGY:top
CONFIDENCE_ADAPTIVE:False
CONFIDENCE_MAX_THRESH:0.5
CLIPPING_FACTOR:2.5
FEDPROX_FACTOR:0.0
FEDPROX_ADAPTIVE:False
USE_CLIPPING:True
USE_ENTROPY:True
USE_KMEANS:False
USE_FEDPROX:False
-----SETTINGS END-----
-----EXPERIMENT BEGINS-----
---------
Generating crops for FedDF
Namespace(img_size=32, batch_size=32, num_imgs=20000, threads=18, vflip=False, deg=30, shear=30, cropfirst=True, initcrop=0.5, scale=[500, 1], randinterp=False, debug=False, imgpath='./static/single_images/ameyoko.jpg', targetpath='/scratch-local/sunnys.3357202/1692172432_342525062', seed=84, img_per_thread=1111)
will save 20000 patches in /scratch-local/sunnys.3357202/1692172432_342525062/single_img_crops/crops
20000 took 0.14min with 18 threads
---------
Simulating feddf training
INFO simulate 2023-08-16 09:54:16,499 | simulate.py:50 | Python script started : simulate.py
DEBUG simulate 2023-08-16 09:54:16,500 | simulate.py:55 | Reading args from argument parser
Downloading https://www.cs.toronto.edu/~kriz/cifar-10-python.tar.gz to /scratch-local/sunnys.3357202/1692172432_342525062/cifar-10-python.tar.gz
Extracting /scratch-local/sunnys.3357202/1692172432_342525062/cifar-10-python.tar.gz to /scratch-local/sunnys.3357202/1692172432_342525062
Generating unified cifar10 dataset
Class histogram for 0-th partition (alpha=100.0, 10 classes): [225 194 247 272 217 251 256 333 258 247]
INFO flwr 2023-08-16 09:54:35,139 | app.py:145 | Starting Flower simulation, config: ServerConfig(num_rounds=30, round_timeout=None)
2023-08-16 09:54:37,658	INFO worker.py:1529 -- Started a local Ray instance. View the dashboard at [1m[32m127.0.0.1:8265 [39m[22m
INFO flwr 2023-08-16 09:54:38,705 | app.py:179 | Flower VCE: Ray initialized with resources: {'node:145.136.62.50': 1.0, 'object_store_memory': 61847529062.0, 'accelerator_type:A100': 1.0, 'CPU': 18.0, 'GPU': 1.0, 'memory': 103079215104.0}
INFO flwr 2023-08-16 09:54:38,705 | server.py:86 | Initializing global parameters
INFO flwr 2023-08-16 09:54:38,705 | server.py:266 | Using initial parameters provided by strategy
INFO flwr 2023-08-16 09:54:38,705 | server.py:88 | Evaluating initial parameters
INFO flwr 2023-08-16 09:54:50,214 | server.py:91 | initial parameters (loss, other metrics): 2.319245477294922, {'server_test_acc': 0.0811}
INFO flwr 2023-08-16 09:54:50,214 | server.py:101 | FL starting
DEBUG flwr 2023-08-16 09:54:55,390 | server.py:215 | fit_round 1: strategy sampled 8 clients (out of 20)
DEBUG flwr 2023-08-16 09:55:44,297 | server.py:229 | fit_round 1 received 8 results and 0 failures
INFO flwr 2023-08-16 09:55:44,514 | fed_df.py:365 | Warm start at round 1
[2m[36m(launch_and_fit pid=1797943)[0m malloc_consolidate(): invalid chunk size
INFO flwr 2023-08-16 09:55:44,642 | fed_df.py:463 | Performing server side distillation training...
[2m[36m(launch_and_fit pid=1797942)[0m malloc_consolidate(): invalid chunk size
[2m[36m(launch_and_fit pid=1797938)[0m Fitting Client 17
[2m[36m(launch_and_fit pid=1797941)[0m Fitting Client 15
[2m[36m(launch_and_fit pid=1797944)[0m Fitting Client 4
[2m[36m(launch_and_fit pid=1797942)[0m Fitting Client 2
[2m[36m(launch_and_fit pid=1797945)[0m Fitting Client 9
[2m[36m(launch_and_fit pid=1797943)[0m Fitting Client 11
[2m[36m(launch_and_fit pid=1797940)[0m Fitting Client 6
[2m[36m(launch_and_fit pid=1797939)[0m Fitting Client 8
[2m[36m(launch_and_fit pid=1797938)[0m malloc_consolidate(): invalid chunk size
[2m[36m(launch_and_fit pid=1797941)[0m malloc_consolidate(): invalid chunk size
[2m[36m(launch_and_fit pid=1797940)[0m double free or corruption (fasttop)
[2m[36m(launch_and_fit pid=1797945)[0m malloc_consolidate(): invalid chunk size
[2m[36m(launch_and_fit pid=1797944)[0m malloc_consolidate(): invalid chunk size
E0816 09:55:46.523056669 1845962 chttp2_transport.cc:1079]             ipv4:145.136.62.50:48600: Received a GOAWAY with error code ENHANCE_YOUR_CALM and debug data equal to "too_many_pings". Current keepalive time (before throttling): 60000ms
INFO flwr 2023-08-16 09:56:12,375 | fed_df.py:540 | Distillation training stopped at step number : 250
INFO flwr 2023-08-16 09:56:12,376 | fed_df.py:547 | Average fusion training loss : 0.024896467484533787, val accuracy : 0.41684, best val accuracy : 0.4396
INFO flwr 2023-08-16 09:56:12,378 | common.py:35 | Avg. local train loss : 8.84077757820487, train acc : 0.37816944444444445
INFO flwr 2023-08-16 09:56:14,781 | server.py:116 | fit progress: (1, 1.5198735137939454, {'server_test_acc': 0.4459}, 84.56669676792808)
INFO flwr 2023-08-16 09:56:14,781 | server.py:163 | evaluate_round 1: no clients selected, cancel
DEBUG flwr 2023-08-16 09:56:19,808 | server.py:215 | fit_round 2: strategy sampled 8 clients (out of 20)
[2m[36m(launch_and_fit pid=1871802)[0m double free or corruption (fasttop)
[2m[36m(launch_and_fit pid=1871804)[0m double free or corruption (fasttop)
DEBUG flwr 2023-08-16 09:57:07,677 | server.py:229 | fit_round 2 received 8 results and 0 failures
[2m[36m(launch_and_fit pid=1871805)[0m double free or corruption (fasttop)
[2m[36m(launch_and_fit pid=1871803)[0m malloc_consolidate(): invalid chunk size
INFO flwr 2023-08-16 09:57:07,964 | fed_df.py:463 | Performing server side distillation training...
[2m[36m(launch_and_fit pid=1871802)[0m Fitting Client 0
[2m[36m(launch_and_fit pid=1871800)[0m Fitting Client 19
[2m[36m(launch_and_fit pid=1871803)[0m Fitting Client 15
[2m[36m(launch_and_fit pid=1871805)[0m Fitting Client 7
[2m[36m(launch_and_fit pid=1871804)[0m Fitting Client 2
[2m[36m(launch_and_fit pid=1871808)[0m Fitting Client 4
[2m[36m(launch_and_fit pid=1871806)[0m Fitting Client 9
[2m[36m(launch_and_fit pid=1871807)[0m Fitting Client 1
[2m[36m(launch_and_fit pid=1871807)[0m malloc_consolidate(): invalid chunk size
E0816 09:57:08.438516867 1846689 chttp2_transport.cc:1079]             ipv4:145.136.62.50:48600: Received a GOAWAY with error code ENHANCE_YOUR_CALM and debug data equal to "too_many_pings". Current keepalive time (before throttling): 120000ms
[2m[36m(launch_and_fit pid=1871806)[0m malloc_consolidate(): invalid chunk size
[2m[36m(launch_and_fit pid=1871808)[0m double free or corruption (fasttop)
[2m[36m(launch_and_fit pid=1871800)[0m malloc_consolidate(): invalid chunk size
E0816 09:57:17.820496568 1926865 chttp2_transport.cc:1079]             ipv4:145.136.62.50:48600: Received a GOAWAY with error code ENHANCE_YOUR_CALM and debug data equal to "too_many_pings". Current keepalive time (before throttling): 240000ms
INFO flwr 2023-08-16 09:57:35,554 | fed_df.py:540 | Distillation training stopped at step number : 250
INFO flwr 2023-08-16 09:57:35,555 | fed_df.py:547 | Average fusion training loss : 0.013715979194268584, val accuracy : 0.48739999999999994, best val accuracy : 0.5292
INFO flwr 2023-08-16 09:57:35,556 | common.py:35 | Avg. local train loss : 7.296718572825192, train acc : 0.5464694444444445
INFO flwr 2023-08-16 09:57:37,999 | server.py:116 | fit progress: (2, 1.4104778930664061, {'server_test_acc': 0.5365}, 167.7851325229276)
INFO flwr 2023-08-16 09:57:37,999 | server.py:163 | evaluate_round 2: no clients selected, cancel
DEBUG flwr 2023-08-16 09:57:42,950 | server.py:215 | fit_round 3: strategy sampled 8 clients (out of 20)
[2m[36m(launch_and_fit pid=1945166)[0m malloc_consolidate(): invalid chunk size
[2m[36m(launch_and_fit pid=1945175)[0m corrupted size vs. prev_size in fastbins
DEBUG flwr 2023-08-16 09:58:30,361 | server.py:229 | fit_round 3 received 8 results and 0 failures
[2m[36m(launch_and_fit pid=1945174)[0m malloc_consolidate(): invalid chunk size
INFO flwr 2023-08-16 09:58:30,664 | fed_df.py:463 | Performing server side distillation training...
[2m[36m(launch_and_fit pid=1945166)[0m Fitting Client 4
[2m[36m(launch_and_fit pid=1945172)[0m Fitting Client 16
[2m[36m(launch_and_fit pid=1945169)[0m Fitting Client 12
[2m[36m(launch_and_fit pid=1945171)[0m Fitting Client 13
[2m[36m(launch_and_fit pid=1945173)[0m Fitting Client 17
[2m[36m(launch_and_fit pid=1945174)[0m Fitting Client 9
[2m[36m(launch_and_fit pid=1945176)[0m Fitting Client 19
[2m[36m(launch_and_fit pid=1945175)[0m Fitting Client 10
[2m[36m(launch_and_fit pid=1945173)[0m malloc_consolidate(): invalid chunk size
[2m[36m(launch_and_fit pid=1945176)[0m malloc_consolidate(): invalid chunk size
[2m[36m(launch_and_fit pid=1945171)[0m double free or corruption (fasttop)
[2m[36m(launch_and_fit pid=1945172)[0m malloc_consolidate(): invalid chunk size
[2m[36m(launch_and_fit pid=1945169)[0m double free or corruption (fasttop)
E0816 09:58:33.974838552 1993865 chttp2_transport.cc:1079]             ipv4:145.136.62.50:48600: Received a GOAWAY with error code ENHANCE_YOUR_CALM and debug data equal to "too_many_pings". Current keepalive time (before throttling): 480000ms
INFO flwr 2023-08-16 09:58:58,403 | fed_df.py:540 | Distillation training stopped at step number : 250
INFO flwr 2023-08-16 09:58:58,403 | fed_df.py:547 | Average fusion training loss : 0.007757827545516193, val accuracy : 0.57972, best val accuracy : 0.5924
INFO flwr 2023-08-16 09:58:58,405 | common.py:35 | Avg. local train loss : 6.6537942416965965, train acc : 0.6195388888888889
INFO flwr 2023-08-16 09:59:00,882 | server.py:116 | fit progress: (3, 1.3102710052490234, {'server_test_acc': 0.5861}, 250.6676257320214)
INFO flwr 2023-08-16 09:59:00,882 | server.py:163 | evaluate_round 3: no clients selected, cancel
DEBUG flwr 2023-08-16 09:59:05,901 | server.py:215 | fit_round 4: strategy sampled 8 clients (out of 20)
[2m[36m(launch_and_fit pid=2018714)[0m malloc_consolidate(): invalid chunk size
DEBUG flwr 2023-08-16 09:59:52,818 | server.py:229 | fit_round 4 received 8 results and 0 failures
INFO flwr 2023-08-16 09:59:53,110 | fed_df.py:463 | Performing server side distillation training...
[2m[36m(launch_and_fit pid=2018714)[0m Fitting Client 11
[2m[36m(launch_and_fit pid=2018717)[0m Fitting Client 8
[2m[36m(launch_and_fit pid=2018721)[0m Fitting Client 3
[2m[36m(launch_and_fit pid=2018722)[0m Fitting Client 4
[2m[36m(launch_and_fit pid=2018718)[0m Fitting Client 19
[2m[36m(launch_and_fit pid=2018720)[0m Fitting Client 0
[2m[36m(launch_and_fit pid=2018724)[0m Fitting Client 9
[2m[36m(launch_and_fit pid=2018723)[0m Fitting Client 12
[2m[36m(launch_and_fit pid=2018717)[0m malloc_consolidate(): invalid chunk size
[2m[36m(launch_and_fit pid=2018722)[0m malloc_consolidate(): invalid chunk size
[2m[36m(launch_and_fit pid=2018724)[0m double free or corruption (fasttop)
E0816 09:59:54.073718236 2066009 chttp2_transport.cc:1079]             ipv4:145.136.62.50:48600: Received a GOAWAY with error code ENHANCE_YOUR_CALM and debug data equal to "too_many_pings". Current keepalive time (before throttling): 960000ms
[2m[36m(launch_and_fit pid=2018718)[0m malloc_consolidate(): invalid chunk size
[2m[36m(launch_and_fit pid=2018721)[0m malloc_consolidate(): invalid chunk size
[2m[36m(launch_and_fit pid=2018720)[0m malloc_consolidate(): invalid chunk size
[2m[36m(launch_and_fit pid=2018723)[0m malloc_consolidate(): invalid chunk size
INFO flwr 2023-08-16 10:00:21,077 | fed_df.py:540 | Distillation training stopped at step number : 250
INFO flwr 2023-08-16 10:00:21,078 | fed_df.py:547 | Average fusion training loss : 0.0060203489046543835, val accuracy : 0.6262800000000001, best val accuracy : 0.6374
INFO flwr 2023-08-16 10:00:21,079 | common.py:35 | Avg. local train loss : 6.267783797532319, train acc : 0.6612833333333333
INFO flwr 2023-08-16 10:00:23,565 | server.py:116 | fit progress: (4, 1.265102444458008, {'server_test_acc': 0.6256}, 333.35150870191865)
INFO flwr 2023-08-16 10:00:23,566 | server.py:163 | evaluate_round 4: no clients selected, cancel
DEBUG flwr 2023-08-16 10:00:28,588 | server.py:215 | fit_round 5: strategy sampled 8 clients (out of 20)
[2m[36m(launch_and_fit pid=2092313)[0m malloc_consolidate(): invalid chunk size
DEBUG flwr 2023-08-16 10:01:16,083 | server.py:229 | fit_round 5 received 8 results and 0 failures
INFO flwr 2023-08-16 10:01:16,301 | fed_df.py:365 | Warm start at round 5
INFO flwr 2023-08-16 10:01:16,427 | fed_df.py:463 | Performing server side distillation training...
[2m[36m(launch_and_fit pid=2092313)[0m Fitting Client 17
[2m[36m(launch_and_fit pid=2092317)[0m Fitting Client 11
[2m[36m(launch_and_fit pid=2092316)[0m Fitting Client 9
[2m[36m(launch_and_fit pid=2092318)[0m Fitting Client 2
[2m[36m(launch_and_fit pid=2092327)[0m Fitting Client 19
[2m[36m(launch_and_fit pid=2092325)[0m Fitting Client 6
[2m[36m(launch_and_fit pid=2092330)[0m Fitting Client 14
[2m[36m(launch_and_fit pid=2092329)[0m Fitting Client 7
[2m[36m(launch_and_fit pid=2092317)[0m double free or corruption (fasttop)
[2m[36m(launch_and_fit pid=2092316)[0m malloc_consolidate(): invalid chunk size
[2m[36m(launch_and_fit pid=2092327)[0m double free or corruption (fasttop)
[2m[36m(launch_and_fit pid=2092318)[0m malloc_consolidate(): invalid chunk size
[2m[36m(launch_and_fit pid=2092330)[0m corrupted size vs. prev_size in fastbins
[2m[36m(launch_and_fit pid=2092325)[0m double free or corruption (fasttop)
[2m[36m(launch_and_fit pid=2092329)[0m double free or corruption (fasttop)
E0816 10:01:18.841309454 2140558 chttp2_transport.cc:1079]             ipv4:145.136.62.50:48600: Received a GOAWAY with error code ENHANCE_YOUR_CALM and debug data equal to "too_many_pings". Current keepalive time (before throttling): 1920000ms
INFO flwr 2023-08-16 10:01:44,460 | fed_df.py:540 | Distillation training stopped at step number : 250
INFO flwr 2023-08-16 10:01:44,460 | fed_df.py:547 | Average fusion training loss : 0.009198341155424714, val accuracy : 0.6401600000000001, best val accuracy : 0.6598
INFO flwr 2023-08-16 10:01:44,462 | common.py:35 | Avg. local train loss : 5.967256805673241, train acc : 0.6940444444444445
INFO flwr 2023-08-16 10:01:46,961 | server.py:116 | fit progress: (5, 1.11407763671875, {'server_test_acc': 0.6555}, 416.74746189801954)
INFO flwr 2023-08-16 10:01:46,962 | server.py:163 | evaluate_round 5: no clients selected, cancel
DEBUG flwr 2023-08-16 10:01:52,042 | server.py:215 | fit_round 6: strategy sampled 8 clients (out of 20)
[2m[36m(launch_and_fit pid=2165788)[0m malloc_consolidate(): invalid chunk size
[2m[36m(launch_and_fit pid=2165786)[0m malloc_consolidate(): invalid chunk size
DEBUG flwr 2023-08-16 10:02:39,167 | server.py:229 | fit_round 6 received 8 results and 0 failures
INFO flwr 2023-08-16 10:02:39,457 | fed_df.py:463 | Performing server side distillation training...
[2m[36m(launch_and_fit pid=2165788)[0m Fitting Client 18
[2m[36m(launch_and_fit pid=2165786)[0m Fitting Client 8
[2m[36m(launch_and_fit pid=2165787)[0m Fitting Client 19
[2m[36m(launch_and_fit pid=2165792)[0m Fitting Client 10
[2m[36m(launch_and_fit pid=2165794)[0m Fitting Client 15
[2m[36m(launch_and_fit pid=2165796)[0m Fitting Client 4
[2m[36m(launch_and_fit pid=2165793)[0m Fitting Client 17
[2m[36m(launch_and_fit pid=2165795)[0m Fitting Client 7
[2m[36m(launch_and_fit pid=2165787)[0m malloc_consolidate(): invalid chunk size
[2m[36m(launch_and_fit pid=2165796)[0m malloc_consolidate(): invalid chunk size
[2m[36m(launch_and_fit pid=2165795)[0m malloc_consolidate(): invalid chunk size
[2m[36m(launch_and_fit pid=2165792)[0m malloc_consolidate(): invalid chunk size
[2m[36m(launch_and_fit pid=2165794)[0m double free or corruption (fasttop)
[2m[36m(launch_and_fit pid=2165793)[0m double free or corruption (fasttop)
E0816 10:02:44.268257852 2141231 chttp2_transport.cc:1079]             ipv4:145.136.62.50:48600: Received a GOAWAY with error code ENHANCE_YOUR_CALM and debug data equal to "too_many_pings". Current keepalive time (before throttling): 3840000ms
INFO flwr 2023-08-16 10:03:07,544 | fed_df.py:540 | Distillation training stopped at step number : 250
INFO flwr 2023-08-16 10:03:07,545 | fed_df.py:547 | Average fusion training loss : 0.0042615136345848445, val accuracy : 0.6781600000000001, best val accuracy : 0.6876
INFO flwr 2023-08-16 10:03:07,547 | common.py:35 | Avg. local train loss : 5.454597203060985, train acc : 0.7431916666666666
INFO flwr 2023-08-16 10:03:10,058 | server.py:116 | fit progress: (6, 1.1235991088867188, {'server_test_acc': 0.6799}, 499.84389955597)
INFO flwr 2023-08-16 10:03:10,058 | server.py:163 | evaluate_round 6: no clients selected, cancel
DEBUG flwr 2023-08-16 10:03:15,114 | server.py:215 | fit_round 7: strategy sampled 8 clients (out of 20)
[2m[36m(launch_and_fit pid=2239515)[0m double free or corruption (fasttop)
DEBUG flwr 2023-08-16 10:04:02,365 | server.py:229 | fit_round 7 received 8 results and 0 failures
INFO flwr 2023-08-16 10:04:02,655 | fed_df.py:463 | Performing server side distillation training...
[2m[36m(launch_and_fit pid=2239511)[0m Fitting Client 12
[2m[36m(launch_and_fit pid=2239509)[0m Fitting Client 0
[2m[36m(launch_and_fit pid=2239513)[0m Fitting Client 19
[2m[36m(launch_and_fit pid=2239514)[0m Fitting Client 8
[2m[36m(launch_and_fit pid=2239516)[0m Fitting Client 2
[2m[36m(launch_and_fit pid=2239518)[0m Fitting Client 4
[2m[36m(launch_and_fit pid=2239517)[0m Fitting Client 15
[2m[36m(launch_and_fit pid=2239515)[0m Fitting Client 3
[2m[36m(launch_and_fit pid=2239509)[0m malloc_consolidate(): invalid chunk size
[2m[36m(launch_and_fit pid=2239513)[0m double free or corruption (fasttop)
[2m[36m(launch_and_fit pid=2239514)[0m malloc_consolidate(): invalid chunk size
[2m[36m(launch_and_fit pid=2239518)[0m malloc_consolidate(): invalid chunk size
[2m[36m(launch_and_fit pid=2239511)[0m malloc_consolidate(): invalid chunk size
[2m[36m(launch_and_fit pid=2239516)[0m double free or corruption (fasttop)
E0816 10:04:03.787581657 2216503 chttp2_transport.cc:1079]             ipv4:145.136.62.50:48600: Received a GOAWAY with error code ENHANCE_YOUR_CALM and debug data equal to "too_many_pings". Current keepalive time (before throttling): 7680000ms
[2m[36m(launch_and_fit pid=2239517)[0m malloc_consolidate(): invalid chunk size
INFO flwr 2023-08-16 10:04:35,769 | fed_df.py:540 | Distillation training stopped at step number : 250
INFO flwr 2023-08-16 10:04:35,770 | fed_df.py:547 | Average fusion training loss : 0.0043190851015970115, val accuracy : 0.671, best val accuracy : 0.6756
INFO flwr 2023-08-16 10:04:35,772 | common.py:35 | Avg. local train loss : 5.345676653087138, train acc : 0.7559138888888889
INFO flwr 2023-08-16 10:04:38,523 | server.py:116 | fit progress: (7, 1.1137530853271485, {'server_test_acc': 0.6703}, 588.3087868790608)
INFO flwr 2023-08-16 10:04:38,523 | server.py:163 | evaluate_round 7: no clients selected, cancel
DEBUG flwr 2023-08-16 10:04:43,561 | server.py:215 | fit_round 8: strategy sampled 8 clients (out of 20)
[2m[36m(launch_and_fit pid=2314846)[0m double free or corruption (fasttop)
[2m[36m(launch_and_fit pid=2314921)[0m malloc_consolidate(): invalid chunk size
[2m[36m(launch_and_fit pid=2314891)[0m double free or corruption (fasttop)
DEBUG flwr 2023-08-16 10:05:30,923 | server.py:229 | fit_round 8 received 8 results and 0 failures
INFO flwr 2023-08-16 10:05:31,209 | fed_df.py:463 | Performing server side distillation training...
[2m[36m(launch_and_fit pid=2314846)[0m Fitting Client 5
[2m[36m(launch_and_fit pid=2314884)[0m Fitting Client 14
[2m[36m(launch_and_fit pid=2314894)[0m Fitting Client 19
[2m[36m(launch_and_fit pid=2314892)[0m Fitting Client 9
[2m[36m(launch_and_fit pid=2314891)[0m Fitting Client 7
[2m[36m(launch_and_fit pid=2314921)[0m Fitting Client 4
[2m[36m(launch_and_fit pid=2314883)[0m Fitting Client 15
[2m[36m(launch_and_fit pid=2314893)[0m Fitting Client 13
[2m[36m(launch_and_fit pid=2314883)[0m malloc_consolidate(): invalid chunk size
E0816 10:05:31.889187514 2287054 chttp2_transport.cc:1079]             ipv4:145.136.62.50:48600: Received a GOAWAY with error code ENHANCE_YOUR_CALM and debug data equal to "too_many_pings". Current keepalive time (before throttling): 15360000ms
[2m[36m(launch_and_fit pid=2314892)[0m double free or corruption (fasttop)
[2m[36m(launch_and_fit pid=2314894)[0m double free or corruption (fasttop)
[2m[36m(launch_and_fit pid=2314884)[0m double free or corruption (fasttop)
[2m[36m(launch_and_fit pid=2314893)[0m double free or corruption (fasttop)
E0816 10:05:33.294861528 2377129 chttp2_transport.cc:1079]             ipv4:145.136.62.50:48600: Received a GOAWAY with error code ENHANCE_YOUR_CALM and debug data equal to "too_many_pings". Current keepalive time (before throttling): 30720000ms
INFO flwr 2023-08-16 10:06:04,429 | fed_df.py:540 | Distillation training stopped at step number : 250
INFO flwr 2023-08-16 10:06:04,430 | fed_df.py:547 | Average fusion training loss : 0.004032976947724819, val accuracy : 0.6712, best val accuracy : 0.6834
INFO flwr 2023-08-16 10:06:04,431 | common.py:35 | Avg. local train loss : 5.28143204599619, train acc : 0.7615277777777778
INFO flwr 2023-08-16 10:06:06,995 | server.py:116 | fit progress: (8, 1.0801444396972657, {'server_test_acc': 0.6791}, 676.7812167799566)
INFO flwr 2023-08-16 10:06:06,995 | server.py:163 | evaluate_round 8: no clients selected, cancel
DEBUG flwr 2023-08-16 10:06:12,048 | server.py:215 | fit_round 9: strategy sampled 8 clients (out of 20)
[2m[36m(launch_and_fit pid=2411468)[0m malloc_consolidate(): invalid chunk size
DEBUG flwr 2023-08-16 10:06:59,463 | server.py:229 | fit_round 9 received 8 results and 0 failures
[2m[36m(launch_and_fit pid=2411596)[0m double free or corruption (fasttop)
INFO flwr 2023-08-16 10:06:59,754 | fed_df.py:463 | Performing server side distillation training...
[2m[36m(launch_and_fit pid=2411468)[0m Fitting Client 2
[2m[36m(launch_and_fit pid=2411470)[0m Fitting Client 3
[2m[36m(launch_and_fit pid=2411594)[0m Fitting Client 5
[2m[36m(launch_and_fit pid=2411550)[0m Fitting Client 18
[2m[36m(launch_and_fit pid=2411597)[0m Fitting Client 13
[2m[36m(launch_and_fit pid=2411595)[0m Fitting Client 4
[2m[36m(launch_and_fit pid=2411609)[0m Fitting Client 16
[2m[36m(launch_and_fit pid=2411596)[0m Fitting Client 19
E0816 10:07:00.114776407 2377398 chttp2_transport.cc:1079]             ipv4:145.136.62.50:48600: Received a GOAWAY with error code ENHANCE_YOUR_CALM and debug data equal to "too_many_pings". Current keepalive time (before throttling): 61440000ms
[2m[36m(launch_and_fit pid=2411595)[0m malloc_consolidate(): invalid chunk size
[2m[36m(launch_and_fit pid=2411609)[0m double free or corruption (fasttop)
[2m[36m(launch_and_fit pid=2411470)[0m double free or corruption (fasttop)
[2m[36m(launch_and_fit pid=2411594)[0m malloc_consolidate(): invalid chunk size
E0816 10:07:00.655580963 2458673 chttp2_transport.cc:1079]             ipv4:145.136.62.50:48600: Received a GOAWAY with error code ENHANCE_YOUR_CALM and debug data equal to "too_many_pings". Current keepalive time (before throttling): 122880000ms
[2m[36m(launch_and_fit pid=2411597)[0m malloc_consolidate(): invalid chunk size
[2m[36m(launch_and_fit pid=2411550)[0m double free or corruption (fasttop)
INFO flwr 2023-08-16 10:07:28,002 | fed_df.py:540 | Distillation training stopped at step number : 250
INFO flwr 2023-08-16 10:07:28,002 | fed_df.py:547 | Average fusion training loss : 0.0042423677407205105, val accuracy : 0.68208, best val accuracy : 0.6936
INFO flwr 2023-08-16 10:07:28,004 | common.py:35 | Avg. local train loss : 5.226535201817751, train acc : 0.7675694444444445
INFO flwr 2023-08-16 10:07:30,469 | server.py:116 | fit progress: (9, 1.078090493774414, {'server_test_acc': 0.6859}, 760.2554414730985)
INFO flwr 2023-08-16 10:07:30,470 | server.py:163 | evaluate_round 9: no clients selected, cancel
DEBUG flwr 2023-08-16 10:07:35,481 | server.py:215 | fit_round 10: strategy sampled 8 clients (out of 20)
[2m[36m(launch_and_fit pid=2485016)[0m malloc_consolidate(): invalid chunk size
DEBUG flwr 2023-08-16 10:08:22,943 | server.py:229 | fit_round 10 received 8 results and 0 failures
INFO flwr 2023-08-16 10:08:23,162 | fed_df.py:365 | Warm start at round 10
INFO flwr 2023-08-16 10:08:23,289 | fed_df.py:463 | Performing server side distillation training...
[2m[36m(launch_and_fit pid=2485018)[0m double free or corruption (fasttop)
[2m[36m(launch_and_fit pid=2485012)[0m Fitting Client 13
[2m[36m(launch_and_fit pid=2485014)[0m Fitting Client 1
[2m[36m(launch_and_fit pid=2485013)[0m Fitting Client 10
[2m[36m(launch_and_fit pid=2485016)[0m Fitting Client 19
[2m[36m(launch_and_fit pid=2485017)[0m Fitting Client 0
[2m[36m(launch_and_fit pid=2485019)[0m Fitting Client 9
[2m[36m(launch_and_fit pid=2485018)[0m Fitting Client 7
[2m[36m(launch_and_fit pid=2485015)[0m Fitting Client 5
[2m[36m(launch_and_fit pid=2485013)[0m malloc_consolidate(): invalid chunk size
[2m[36m(launch_and_fit pid=2485015)[0m double free or corruption (fasttop)
[2m[36m(launch_and_fit pid=2485019)[0m malloc_consolidate(): invalid chunk size
E0816 10:08:24.220099647 2458942 chttp2_transport.cc:1079]             ipv4:145.136.62.50:48600: Received a GOAWAY with error code ENHANCE_YOUR_CALM and debug data equal to "too_many_pings". Current keepalive time (before throttling): 245760000ms
E0816 10:08:24.220195206 2458942 chttp2_transport.cc:1079]             ipv4:145.136.62.50:48600: Received a GOAWAY with error code ENHANCE_YOUR_CALM and debug data equal to "too_many_pings". Current keepalive time (before throttling): 245760000ms
[2m[36m(launch_and_fit pid=2485012)[0m malloc_consolidate(): invalid chunk size
[2m[36m(launch_and_fit pid=2485014)[0m malloc_consolidate(): invalid chunk size
[2m[36m(launch_and_fit pid=2485017)[0m double free or corruption (fasttop)
INFO flwr 2023-08-16 10:08:51,394 | fed_df.py:540 | Distillation training stopped at step number : 250
INFO flwr 2023-08-16 10:08:51,395 | fed_df.py:547 | Average fusion training loss : 0.01486894448287785, val accuracy : 0.7013999999999999, best val accuracy : 0.7162
INFO flwr 2023-08-16 10:08:51,397 | common.py:35 | Avg. local train loss : 5.158081151917576, train acc : 0.7733500000000001
INFO flwr 2023-08-16 10:08:53,882 | server.py:116 | fit progress: (10, 0.9850719635009766, {'server_test_acc': 0.705}, 843.6681381310336)
INFO flwr 2023-08-16 10:08:53,882 | server.py:163 | evaluate_round 10: no clients selected, cancel
DEBUG flwr 2023-08-16 10:08:58,875 | server.py:215 | fit_round 11: strategy sampled 8 clients (out of 20)
[2m[36m(launch_and_fit pid=2558244)[0m double free or corruption (fasttop)
[2m[36m(launch_and_fit pid=2558243)[0m double free or corruption (fasttop)
DEBUG flwr 2023-08-16 10:09:46,107 | server.py:229 | fit_round 11 received 8 results and 0 failures
INFO flwr 2023-08-16 10:09:46,399 | fed_df.py:463 | Performing server side distillation training...
[2m[36m(launch_and_fit pid=2558244)[0m Fitting Client 13
[2m[36m(launch_and_fit pid=2558243)[0m Fitting Client 3
[2m[36m(launch_and_fit pid=2558247)[0m Fitting Client 11
[2m[36m(launch_and_fit pid=2558248)[0m Fitting Client 6
[2m[36m(launch_and_fit pid=2558250)[0m Fitting Client 16
[2m[36m(launch_and_fit pid=2558254)[0m Fitting Client 0
[2m[36m(launch_and_fit pid=2558253)[0m Fitting Client 14
[2m[36m(launch_and_fit pid=2558251)[0m Fitting Client 5
[2m[36m(launch_and_fit pid=2558247)[0m malloc_consolidate(): invalid chunk size
[2m[36m(launch_and_fit pid=2558253)[0m malloc_consolidate(): invalid chunk size
[2m[36m(launch_and_fit pid=2558248)[0m double free or corruption (fasttop)
[2m[36m(launch_and_fit pid=2558250)[0m malloc_consolidate(): invalid chunk size
[2m[36m(launch_and_fit pid=2558251)[0m double free or corruption (fasttop)
[2m[36m(launch_and_fit pid=2558254)[0m double free or corruption (fasttop)
E0816 10:09:49.722802840 2607579 chttp2_transport.cc:1079]             ipv4:145.136.62.50:48600: Received a GOAWAY with error code ENHANCE_YOUR_CALM and debug data equal to "too_many_pings". Current keepalive time (before throttling): 491520000ms
INFO flwr 2023-08-16 10:10:14,584 | fed_df.py:540 | Distillation training stopped at step number : 250
INFO flwr 2023-08-16 10:10:14,585 | fed_df.py:547 | Average fusion training loss : 0.0038431919952854514, val accuracy : 0.6885600000000001, best val accuracy : 0.702
INFO flwr 2023-08-16 10:10:14,587 | common.py:35 | Avg. local train loss : 4.949097719416022, train acc : 0.7918333333333334
INFO flwr 2023-08-16 10:10:17,097 | server.py:116 | fit progress: (11, 1.0430407165527344, {'server_test_acc': 0.6997}, 926.8833982369397)
INFO flwr 2023-08-16 10:10:17,098 | server.py:163 | evaluate_round 11: no clients selected, cancel
DEBUG flwr 2023-08-16 10:10:22,126 | server.py:215 | fit_round 12: strategy sampled 8 clients (out of 20)
[2m[36m(launch_and_fit pid=2632026)[0m double free or corruption (fasttop)
DEBUG flwr 2023-08-16 10:11:09,306 | server.py:229 | fit_round 12 received 8 results and 0 failures
INFO flwr 2023-08-16 10:11:09,599 | fed_df.py:463 | Performing server side distillation training...
[2m[36m(launch_and_fit pid=2632026)[0m Fitting Client 17
[2m[36m(launch_and_fit pid=2632029)[0m Fitting Client 14
[2m[36m(launch_and_fit pid=2632031)[0m Fitting Client 5
[2m[36m(launch_and_fit pid=2632028)[0m Fitting Client 8
[2m[36m(launch_and_fit pid=2632035)[0m Fitting Client 3
[2m[36m(launch_and_fit pid=2632036)[0m Fitting Client 18
[2m[36m(launch_and_fit pid=2632037)[0m Fitting Client 1
[2m[36m(launch_and_fit pid=2632030)[0m Fitting Client 0
[2m[36m(launch_and_fit pid=2632029)[0m double free or corruption (fasttop)
[2m[36m(launch_and_fit pid=2632030)[0m malloc_consolidate(): invalid chunk size
[2m[36m(launch_and_fit pid=2632037)[0m malloc_consolidate(): invalid chunk size
E0816 10:11:10.586125858 2607923 chttp2_transport.cc:1079]             ipv4:145.136.62.50:48600: Received a GOAWAY with error code ENHANCE_YOUR_CALM and debug data equal to "too_many_pings". Current keepalive time (before throttling): 983040000ms
[2m[36m(launch_and_fit pid=2632031)[0m double free or corruption (fasttop)
[2m[36m(launch_and_fit pid=2632028)[0m malloc_consolidate(): invalid chunk size
[2m[36m(launch_and_fit pid=2632035)[0m double free or corruption (fasttop)
[2m[36m(launch_and_fit pid=2632036)[0m malloc_consolidate(): invalid chunk size
INFO flwr 2023-08-16 10:11:37,936 | fed_df.py:540 | Distillation training stopped at step number : 250
INFO flwr 2023-08-16 10:11:37,937 | fed_df.py:547 | Average fusion training loss : 0.0035424223244190215, val accuracy : 0.6858000000000001, best val accuracy : 0.6996
INFO flwr 2023-08-16 10:11:37,938 | common.py:35 | Avg. local train loss : 4.962935728952289, train acc : 0.7912472222222222
INFO flwr 2023-08-16 10:11:40,432 | server.py:116 | fit progress: (12, 1.0239362731933594, {'server_test_acc': 0.6983}, 1010.2183632811066)
INFO flwr 2023-08-16 10:11:40,433 | server.py:163 | evaluate_round 12: no clients selected, cancel
DEBUG flwr 2023-08-16 10:11:45,431 | server.py:215 | fit_round 13: strategy sampled 8 clients (out of 20)
DEBUG flwr 2023-08-16 10:12:33,087 | server.py:229 | fit_round 13 received 8 results and 0 failures
[2m[36m(launch_and_fit pid=2705464)[0m malloc_consolidate(): invalid chunk size
[2m[36m(launch_and_fit pid=2705467)[0m malloc_consolidate(): invalid chunk size
[2m[36m(launch_and_fit pid=2705468)[0m malloc_consolidate(): invalid chunk size
INFO flwr 2023-08-16 10:12:33,378 | fed_df.py:463 | Performing server side distillation training...
[2m[36m(launch_and_fit pid=2705469)[0m Fitting Client 5
[2m[36m(launch_and_fit pid=2705468)[0m Fitting Client 7
[2m[36m(launch_and_fit pid=2705464)[0m Fitting Client 0
[2m[36m(launch_and_fit pid=2705463)[0m Fitting Client 11
[2m[36m(launch_and_fit pid=2705466)[0m Fitting Client 18
[2m[36m(launch_and_fit pid=2705470)[0m Fitting Client 14
[2m[36m(launch_and_fit pid=2705465)[0m Fitting Client 3
[2m[36m(launch_and_fit pid=2705467)[0m Fitting Client 19
[2m[36m(launch_and_fit pid=2705466)[0m malloc_consolidate(): invalid chunk size
[2m[36m(launch_and_fit pid=2705465)[0m malloc_consolidate(): invalid chunk size
[2m[36m(launch_and_fit pid=2705470)[0m malloc_consolidate(): invalid chunk size
[2m[36m(launch_and_fit pid=2705469)[0m double free or corruption (fasttop)
[2m[36m(launch_and_fit pid=2705463)[0m malloc_consolidate(): invalid chunk size
INFO flwr 2023-08-16 10:13:01,752 | fed_df.py:540 | Distillation training stopped at step number : 250
INFO flwr 2023-08-16 10:13:01,752 | fed_df.py:547 | Average fusion training loss : 0.003557628030888736, val accuracy : 0.6954799999999999, best val accuracy : 0.7092
INFO flwr 2023-08-16 10:13:01,754 | common.py:35 | Avg. local train loss : 4.874642546102404, train acc : 0.8011611111111111
INFO flwr 2023-08-16 10:13:04,319 | server.py:116 | fit progress: (13, 0.9934274383544922, {'server_test_acc': 0.7113}, 1094.1054328889586)
INFO flwr 2023-08-16 10:13:04,320 | server.py:163 | evaluate_round 13: no clients selected, cancel
DEBUG flwr 2023-08-16 10:13:09,401 | server.py:215 | fit_round 14: strategy sampled 8 clients (out of 20)
DEBUG flwr 2023-08-16 10:13:56,449 | server.py:229 | fit_round 14 received 8 results and 0 failures
[2m[36m(launch_and_fit pid=2779022)[0m malloc_consolidate(): invalid chunk size
INFO flwr 2023-08-16 10:13:56,741 | fed_df.py:463 | Performing server side distillation training...
[2m[36m(launch_and_fit pid=2779022)[0m Fitting Client 8
[2m[36m(launch_and_fit pid=2779020)[0m Fitting Client 16
[2m[36m(launch_and_fit pid=2779023)[0m Fitting Client 9
[2m[36m(launch_and_fit pid=2779028)[0m Fitting Client 10
[2m[36m(launch_and_fit pid=2779026)[0m Fitting Client 18
[2m[36m(launch_and_fit pid=2779027)[0m Fitting Client 3
[2m[36m(launch_and_fit pid=2779024)[0m Fitting Client 14
[2m[36m(launch_and_fit pid=2779025)[0m Fitting Client 4
[2m[36m(launch_and_fit pid=2779020)[0m malloc_consolidate(): invalid chunk size
[2m[36m(launch_and_fit pid=2779025)[0m double free or corruption (fasttop)
[2m[36m(launch_and_fit pid=2779028)[0m malloc_consolidate(): invalid chunk size
[2m[36m(launch_and_fit pid=2779024)[0m malloc_consolidate(): invalid chunk size
[2m[36m(launch_and_fit pid=2779023)[0m malloc_consolidate(): invalid chunk size
E0816 10:13:57.852935086 2679609 chttp2_transport.cc:1079]             ipv4:145.136.62.50:48600: Received a GOAWAY with error code ENHANCE_YOUR_CALM and debug data equal to "too_many_pings". Current keepalive time (before throttling): 1966080000ms
[2m[36m(launch_and_fit pid=2779027)[0m malloc_consolidate(): invalid chunk size
[2m[36m(launch_and_fit pid=2779026)[0m malloc_consolidate(): invalid chunk size
INFO flwr 2023-08-16 10:14:25,050 | fed_df.py:540 | Distillation training stopped at step number : 250
INFO flwr 2023-08-16 10:14:25,050 | fed_df.py:547 | Average fusion training loss : 0.0038578064860776066, val accuracy : 0.69832, best val accuracy : 0.7058
INFO flwr 2023-08-16 10:14:25,052 | common.py:35 | Avg. local train loss : 4.906471702456475, train acc : 0.7980361111111112
INFO flwr 2023-08-16 10:14:27,546 | server.py:116 | fit progress: (14, 1.0098549926757812, {'server_test_acc': 0.7065}, 1177.3317928840406)
INFO flwr 2023-08-16 10:14:27,546 | server.py:163 | evaluate_round 14: no clients selected, cancel
DEBUG flwr 2023-08-16 10:14:32,553 | server.py:215 | fit_round 15: strategy sampled 8 clients (out of 20)
[2m[36m(launch_and_fit pid=2852502)[0m malloc_consolidate(): invalid chunk size
[2m[36m(launch_and_fit pid=2852506)[0m double free or corruption (fasttop)
DEBUG flwr 2023-08-16 10:15:19,347 | server.py:229 | fit_round 15 received 8 results and 0 failures
INFO flwr 2023-08-16 10:15:19,566 | fed_df.py:365 | Warm start at round 15
INFO flwr 2023-08-16 10:15:19,692 | fed_df.py:463 | Performing server side distillation training...
[2m[36m(launch_and_fit pid=2852502)[0m Fitting Client 8
[2m[36m(launch_and_fit pid=2852506)[0m Fitting Client 15
[2m[36m(launch_and_fit pid=2852504)[0m Fitting Client 7
[2m[36m(launch_and_fit pid=2852512)[0m Fitting Client 12
[2m[36m(launch_and_fit pid=2852508)[0m Fitting Client 18
[2m[36m(launch_and_fit pid=2852510)[0m Fitting Client 1
[2m[36m(launch_and_fit pid=2852511)[0m Fitting Client 5
[2m[36m(launch_and_fit pid=2852509)[0m Fitting Client 14
[2m[36m(launch_and_fit pid=2852504)[0m malloc_consolidate(): invalid chunk size
[2m[36m(launch_and_fit pid=2852508)[0m double free or corruption (fasttop)
[2m[36m(launch_and_fit pid=2852510)[0m malloc_consolidate(): invalid chunk size
E0816 10:15:20.541448927 2826596 chttp2_transport.cc:1079]             ipv4:145.136.62.50:48600: Received a GOAWAY with error code ENHANCE_YOUR_CALM and debug data equal to "too_many_pings". Current keepalive time (before throttling): ∞
[2m[36m(launch_and_fit pid=2852509)[0m malloc_consolidate(): invalid chunk size
[2m[36m(launch_and_fit pid=2852512)[0m malloc_consolidate(): invalid chunk size
[2m[36m(launch_and_fit pid=2852511)[0m malloc_consolidate(): invalid chunk size
INFO flwr 2023-08-16 10:15:47,894 | fed_df.py:540 | Distillation training stopped at step number : 250
INFO flwr 2023-08-16 10:15:47,895 | fed_df.py:547 | Average fusion training loss : 0.01844683814328164, val accuracy : 0.7171200000000001, best val accuracy : 0.7254
INFO flwr 2023-08-16 10:15:47,897 | common.py:35 | Avg. local train loss : 4.893237391859293, train acc : 0.7988833333333333
INFO flwr 2023-08-16 10:15:50,359 | server.py:116 | fit progress: (15, 0.9273505096435547, {'server_test_acc': 0.7217}, 1260.144783359021)
INFO flwr 2023-08-16 10:15:50,359 | server.py:163 | evaluate_round 15: no clients selected, cancel
DEBUG flwr 2023-08-16 10:15:55,322 | server.py:215 | fit_round 16: strategy sampled 8 clients (out of 20)
[2m[36m(launch_and_fit pid=2925979)[0m malloc_consolidate(): invalid chunk size
DEBUG flwr 2023-08-16 10:16:42,350 | server.py:229 | fit_round 16 received 8 results and 0 failures
[2m[36m(launch_and_fit pid=2925981)[0m double free or corruption (fasttop)
[2m[36m(launch_and_fit pid=2925991)[0m malloc_consolidate(): invalid chunk size
INFO flwr 2023-08-16 10:16:42,642 | fed_df.py:463 | Performing server side distillation training...
[2m[36m(launch_and_fit pid=2925979)[0m Fitting Client 10
[2m[36m(launch_and_fit pid=2925981)[0m Fitting Client 17
[2m[36m(launch_and_fit pid=2925987)[0m Fitting Client 11
[2m[36m(launch_and_fit pid=2925991)[0m Fitting Client 18
[2m[36m(launch_and_fit pid=2925988)[0m Fitting Client 12
[2m[36m(launch_and_fit pid=2925986)[0m Fitting Client 15
[2m[36m(launch_and_fit pid=2925990)[0m Fitting Client 9
[2m[36m(launch_and_fit pid=2925989)[0m Fitting Client 7
[2m[36m(launch_and_fit pid=2925987)[0m double free or corruption (fasttop)
[2m[36m(launch_and_fit pid=2925986)[0m malloc_consolidate(): invalid chunk size
[2m[36m(launch_and_fit pid=2925990)[0m malloc_consolidate(): invalid chunk size
E0816 10:16:43.616562258 2238283 chttp2_transport.cc:1079]             ipv4:145.136.62.50:48600: Received a GOAWAY with error code ENHANCE_YOUR_CALM and debug data equal to "too_many_pings". Current keepalive time (before throttling): ∞
[2m[36m(launch_and_fit pid=2925989)[0m double free or corruption (fasttop)
[2m[36m(launch_and_fit pid=2925988)[0m malloc_consolidate(): invalid chunk size
INFO flwr 2023-08-16 10:17:10,825 | fed_df.py:540 | Distillation training stopped at step number : 250
INFO flwr 2023-08-16 10:17:10,826 | fed_df.py:547 | Average fusion training loss : 0.002486869629006833, val accuracy : 0.71172, best val accuracy : 0.7196
INFO flwr 2023-08-16 10:17:10,827 | common.py:35 | Avg. local train loss : 4.712984069809318, train acc : 0.8145361111111111
INFO flwr 2023-08-16 10:17:13,334 | server.py:116 | fit progress: (16, 0.9816777954101562, {'server_test_acc': 0.715}, 1343.1197303570807)
INFO flwr 2023-08-16 10:17:13,334 | server.py:163 | evaluate_round 16: no clients selected, cancel
DEBUG flwr 2023-08-16 10:17:18,433 | server.py:215 | fit_round 17: strategy sampled 8 clients (out of 20)
[2m[36m(launch_and_fit pid=2999814)[0m double free or corruption (fasttop)
DEBUG flwr 2023-08-16 10:18:05,851 | server.py:229 | fit_round 17 received 8 results and 0 failures
INFO flwr 2023-08-16 10:18:06,141 | fed_df.py:463 | Performing server side distillation training...
[2m[36m(launch_and_fit pid=2999814)[0m Fitting Client 1
[2m[36m(launch_and_fit pid=2999817)[0m Fitting Client 9
[2m[36m(launch_and_fit pid=2999816)[0m Fitting Client 17
[2m[36m(launch_and_fit pid=2999821)[0m Fitting Client 11
[2m[36m(launch_and_fit pid=2999815)[0m Fitting Client 15
[2m[36m(launch_and_fit pid=2999818)[0m Fitting Client 16
[2m[36m(launch_and_fit pid=2999819)[0m Fitting Client 14
[2m[36m(launch_and_fit pid=2999820)[0m Fitting Client 0
[2m[36m(launch_and_fit pid=2999815)[0m double free or corruption (fasttop)
[2m[36m(launch_and_fit pid=2999820)[0m malloc_consolidate(): invalid chunk size
[2m[36m(launch_and_fit pid=2999821)[0m malloc_consolidate(): invalid chunk size
[2m[36m(launch_and_fit pid=2999817)[0m double free or corruption (fasttop)
[2m[36m(launch_and_fit pid=2999819)[0m double free or corruption (fasttop)
E0816 10:18:07.226481050 2973779 chttp2_transport.cc:1079]             ipv4:145.136.62.50:48600: Received a GOAWAY with error code ENHANCE_YOUR_CALM and debug data equal to "too_many_pings". Current keepalive time (before throttling): ∞
[2m[36m(launch_and_fit pid=2999816)[0m double free or corruption (fasttop)
[2m[36m(launch_and_fit pid=2999818)[0m double free or corruption (fasttop)
INFO flwr 2023-08-16 10:18:34,616 | fed_df.py:540 | Distillation training stopped at step number : 250
INFO flwr 2023-08-16 10:18:34,616 | fed_df.py:547 | Average fusion training loss : 0.0026791580677963792, val accuracy : 0.71776, best val accuracy : 0.7222
INFO flwr 2023-08-16 10:18:34,618 | common.py:35 | Avg. local train loss : 4.807665434852242, train acc : 0.8088694444444443
INFO flwr 2023-08-16 10:18:37,245 | server.py:116 | fit progress: (17, 0.9702658355712891, {'server_test_acc': 0.7188}, 1427.031491203932)
INFO flwr 2023-08-16 10:18:37,246 | server.py:163 | evaluate_round 17: no clients selected, cancel
DEBUG flwr 2023-08-16 10:18:42,301 | server.py:215 | fit_round 18: strategy sampled 8 clients (out of 20)
[2m[36m(launch_and_fit pid=3073221)[0m malloc_consolidate(): invalid chunk size
DEBUG flwr 2023-08-16 10:19:29,862 | server.py:229 | fit_round 18 received 8 results and 0 failures
[2m[36m(launch_and_fit pid=3073219)[0m malloc_consolidate(): invalid chunk size
INFO flwr 2023-08-16 10:19:30,154 | fed_df.py:463 | Performing server side distillation training...
[2m[36m(launch_and_fit pid=3073219)[0m Fitting Client 12
[2m[36m(launch_and_fit pid=3073222)[0m Fitting Client 16
[2m[36m(launch_and_fit pid=3073224)[0m Fitting Client 14
[2m[36m(launch_and_fit pid=3073220)[0m Fitting Client 10
[2m[36m(launch_and_fit pid=3073221)[0m Fitting Client 3
[2m[36m(launch_and_fit pid=3073226)[0m Fitting Client 19
[2m[36m(launch_and_fit pid=3073223)[0m Fitting Client 2
[2m[36m(launch_and_fit pid=3073225)[0m Fitting Client 7
[2m[36m(launch_and_fit pid=3073224)[0m malloc_consolidate(): invalid chunk size
[2m[36m(launch_and_fit pid=3073225)[0m malloc_consolidate(): invalid chunk size
[2m[36m(launch_and_fit pid=3073226)[0m malloc_consolidate(): invalid chunk size
E0816 10:19:31.087721999 3047304 chttp2_transport.cc:1079]             ipv4:145.136.62.50:48600: Received a GOAWAY with error code ENHANCE_YOUR_CALM and debug data equal to "too_many_pings". Current keepalive time (before throttling): ∞
[2m[36m(launch_and_fit pid=3073222)[0m double free or corruption (fasttop)
[2m[36m(launch_and_fit pid=3073223)[0m double free or corruption (fasttop)
[2m[36m(launch_and_fit pid=3073220)[0m malloc_consolidate(): invalid chunk size
INFO flwr 2023-08-16 10:19:58,582 | fed_df.py:540 | Distillation training stopped at step number : 250
INFO flwr 2023-08-16 10:19:58,582 | fed_df.py:547 | Average fusion training loss : 0.0030062177241779865, val accuracy : 0.7066, best val accuracy : 0.7182
INFO flwr 2023-08-16 10:19:58,584 | common.py:35 | Avg. local train loss : 4.773355696722865, train acc : 0.8115777777777778
INFO flwr 2023-08-16 10:20:01,087 | server.py:116 | fit progress: (18, 0.9998474792480468, {'server_test_acc': 0.7165}, 1510.873495230917)
INFO flwr 2023-08-16 10:20:01,088 | server.py:163 | evaluate_round 18: no clients selected, cancel
DEBUG flwr 2023-08-16 10:20:06,178 | server.py:215 | fit_round 19: strategy sampled 8 clients (out of 20)
[2m[36m(launch_and_fit pid=3146865)[0m malloc_consolidate(): invalid chunk size
[2m[36m(launch_and_fit pid=3146866)[0m malloc_consolidate(): invalid chunk size
DEBUG flwr 2023-08-16 10:20:54,386 | server.py:229 | fit_round 19 received 8 results and 0 failures
INFO flwr 2023-08-16 10:20:54,675 | fed_df.py:463 | Performing server side distillation training...
[2m[36m(launch_and_fit pid=3146866)[0m Fitting Client 1
[2m[36m(launch_and_fit pid=3146865)[0m Fitting Client 16
[2m[36m(launch_and_fit pid=3146863)[0m Fitting Client 11
[2m[36m(launch_and_fit pid=3146867)[0m Fitting Client 14
[2m[36m(launch_and_fit pid=3146869)[0m Fitting Client 10
[2m[36m(launch_and_fit pid=3146868)[0m Fitting Client 17
[2m[36m(launch_and_fit pid=3146871)[0m Fitting Client 6
[2m[36m(launch_and_fit pid=3146870)[0m Fitting Client 8
[2m[36m(launch_and_fit pid=3146868)[0m malloc_consolidate(): invalid chunk size
[2m[36m(launch_and_fit pid=3146870)[0m malloc_consolidate(): invalid chunk size
[2m[36m(launch_and_fit pid=3146867)[0m double free or corruption (fasttop)
[2m[36m(launch_and_fit pid=3146863)[0m malloc_consolidate(): invalid chunk size
[2m[36m(launch_and_fit pid=3146869)[0m malloc_consolidate(): invalid chunk size
[2m[36m(launch_and_fit pid=3146871)[0m malloc_consolidate(): invalid chunk size
E0816 10:20:56.527104945 3120840 chttp2_transport.cc:1079]             ipv4:145.136.62.50:48600: Received a GOAWAY with error code ENHANCE_YOUR_CALM and debug data equal to "too_many_pings". Current keepalive time (before throttling): ∞
INFO flwr 2023-08-16 10:21:23,432 | fed_df.py:540 | Distillation training stopped at step number : 250
INFO flwr 2023-08-16 10:21:23,432 | fed_df.py:547 | Average fusion training loss : 0.002580541746225208, val accuracy : 0.7172799999999999, best val accuracy : 0.7232
INFO flwr 2023-08-16 10:21:23,434 | common.py:35 | Avg. local train loss : 4.821654931455851, train acc : 0.8076055555555556
INFO flwr 2023-08-16 10:21:25,879 | server.py:116 | fit progress: (19, 0.9951790283203125, {'server_test_acc': 0.7138}, 1595.6652658099774)
INFO flwr 2023-08-16 10:21:25,879 | server.py:163 | evaluate_round 19: no clients selected, cancel
DEBUG flwr 2023-08-16 10:21:31,039 | server.py:215 | fit_round 20: strategy sampled 8 clients (out of 20)
[2m[36m(launch_and_fit pid=3240844)[0m malloc_consolidate(): invalid chunk size
DEBUG flwr 2023-08-16 10:22:18,426 | server.py:229 | fit_round 20 received 8 results and 0 failures
[2m[36m(launch_and_fit pid=3240859)[0m malloc_consolidate(): invalid chunk size
INFO flwr 2023-08-16 10:22:18,648 | fed_df.py:365 | Warm start at round 20
INFO flwr 2023-08-16 10:22:18,777 | fed_df.py:463 | Performing server side distillation training...
[2m[36m(launch_and_fit pid=3240844)[0m Fitting Client 7
[2m[36m(launch_and_fit pid=3240858)[0m Fitting Client 12
[2m[36m(launch_and_fit pid=3240861)[0m Fitting Client 9
[2m[36m(launch_and_fit pid=3240859)[0m Fitting Client 10
[2m[36m(launch_and_fit pid=3240862)[0m Fitting Client 11
[2m[36m(launch_and_fit pid=3240906)[0m Fitting Client 5
[2m[36m(launch_and_fit pid=3240905)[0m Fitting Client 0
[2m[36m(launch_and_fit pid=3240907)[0m Fitting Client 16
[2m[36m(launch_and_fit pid=3240907)[0m malloc_consolidate(): invalid chunk size
[2m[36m(launch_and_fit pid=3240858)[0m malloc_consolidate(): invalid chunk size
[2m[36m(launch_and_fit pid=3240906)[0m malloc_consolidate(): invalid chunk size
[2m[36m(launch_and_fit pid=3240862)[0m malloc_consolidate(): invalid chunk size
[2m[36m(launch_and_fit pid=3240905)[0m double free or corruption (fasttop)
[2m[36m(launch_and_fit pid=3240861)[0m double free or corruption (fasttop)
E0816 10:22:22.127823217 3202458 chttp2_transport.cc:1079]             ipv4:145.136.62.50:48600: Received a GOAWAY with error code ENHANCE_YOUR_CALM and debug data equal to "too_many_pings". Current keepalive time (before throttling): ∞
INFO flwr 2023-08-16 10:22:47,097 | fed_df.py:540 | Distillation training stopped at step number : 250
INFO flwr 2023-08-16 10:22:47,097 | fed_df.py:547 | Average fusion training loss : 0.017962316607125103, val accuracy : 0.7192399999999999, best val accuracy : 0.7274
INFO flwr 2023-08-16 10:22:47,099 | common.py:35 | Avg. local train loss : 4.820622711628675, train acc : 0.8062527777777778
INFO flwr 2023-08-16 10:22:49,622 | server.py:116 | fit progress: (20, 1.0201247619628906, {'server_test_acc': 0.723}, 1679.4080713090952)
INFO flwr 2023-08-16 10:22:49,622 | server.py:163 | evaluate_round 20: no clients selected, cancel
DEBUG flwr 2023-08-16 10:22:54,691 | server.py:215 | fit_round 21: strategy sampled 8 clients (out of 20)
[2m[36m(launch_and_fit pid=3318757)[0m malloc_consolidate(): invalid chunk size
[2m[36m(launch_and_fit pid=3318758)[0m malloc_consolidate(): invalid chunk size
DEBUG flwr 2023-08-16 10:23:42,107 | server.py:229 | fit_round 21 received 8 results and 0 failures
INFO flwr 2023-08-16 10:23:42,396 | fed_df.py:463 | Performing server side distillation training...
[2m[36m(launch_and_fit pid=3318757)[0m Fitting Client 2
[2m[36m(launch_and_fit pid=3318758)[0m Fitting Client 12
[2m[36m(launch_and_fit pid=3318760)[0m Fitting Client 7
[2m[36m(launch_and_fit pid=3318761)[0m Fitting Client 10
[2m[36m(launch_and_fit pid=3318762)[0m Fitting Client 11
[2m[36m(launch_and_fit pid=3318764)[0m Fitting Client 16
[2m[36m(launch_and_fit pid=3318755)[0m Fitting Client 3
[2m[36m(launch_and_fit pid=3318763)[0m Fitting Client 5
[2m[36m(launch_and_fit pid=3318755)[0m malloc_consolidate(): invalid chunk size
[2m[36m(launch_and_fit pid=3318764)[0m malloc_consolidate(): invalid chunk size
[2m[36m(launch_and_fit pid=3318760)[0m malloc_consolidate(): invalid chunk size
E0816 10:23:43.283898101 3366249 chttp2_transport.cc:1079]             ipv4:145.136.62.50:48600: Received a GOAWAY with error code ENHANCE_YOUR_CALM and debug data equal to "too_many_pings". Current keepalive time (before throttling): ∞
[2m[36m(launch_and_fit pid=3318762)[0m malloc_consolidate(): invalid chunk size
[2m[36m(launch_and_fit pid=3318761)[0m double free or corruption (fasttop)
[2m[36m(launch_and_fit pid=3318763)[0m malloc_consolidate(): invalid chunk size
E0816 10:23:44.280859302 3366991 chttp2_transport.cc:1079]             ipv4:145.136.62.50:48600: Received a GOAWAY with error code ENHANCE_YOUR_CALM and debug data equal to "too_many_pings". Current keepalive time (before throttling): ∞
INFO flwr 2023-08-16 10:24:10,773 | fed_df.py:540 | Distillation training stopped at step number : 250
INFO flwr 2023-08-16 10:24:10,773 | fed_df.py:547 | Average fusion training loss : 0.0018341304135974497, val accuracy : 0.73184, best val accuracy : 0.74
INFO flwr 2023-08-16 10:24:10,775 | common.py:35 | Avg. local train loss : 4.601764941960574, train acc : 0.8283333333333334
INFO flwr 2023-08-16 10:24:13,269 | server.py:116 | fit progress: (21, 0.9933329772949219, {'server_test_acc': 0.7323}, 1763.0546284508891)
INFO flwr 2023-08-16 10:24:13,269 | server.py:163 | evaluate_round 21: no clients selected, cancel
DEBUG flwr 2023-08-16 10:24:18,333 | server.py:215 | fit_round 22: strategy sampled 8 clients (out of 20)
[2m[36m(launch_and_fit pid=3392667)[0m malloc_consolidate(): invalid chunk size
DEBUG flwr 2023-08-16 10:25:05,685 | server.py:229 | fit_round 22 received 8 results and 0 failures
INFO flwr 2023-08-16 10:25:05,978 | fed_df.py:463 | Performing server side distillation training...
[2m[36m(launch_and_fit pid=3392667)[0m Fitting Client 3
[2m[36m(launch_and_fit pid=3392669)[0m Fitting Client 0
[2m[36m(launch_and_fit pid=3392673)[0m Fitting Client 19
[2m[36m(launch_and_fit pid=3392670)[0m Fitting Client 17
[2m[36m(launch_and_fit pid=3392671)[0m Fitting Client 14
[2m[36m(launch_and_fit pid=3392674)[0m Fitting Client 4
[2m[36m(launch_and_fit pid=3392672)[0m Fitting Client 1
[2m[36m(launch_and_fit pid=3392668)[0m Fitting Client 12
[2m[36m(launch_and_fit pid=3392670)[0m malloc_consolidate(): invalid chunk size
[2m[36m(launch_and_fit pid=3392671)[0m malloc_consolidate(): invalid chunk size
[2m[36m(launch_and_fit pid=3392674)[0m malloc_consolidate(): invalid chunk size
[2m[36m(launch_and_fit pid=3392669)[0m double free or corruption (fasttop)
[2m[36m(launch_and_fit pid=3392673)[0m malloc_consolidate(): invalid chunk size
[2m[36m(launch_and_fit pid=3392672)[0m double free or corruption (fasttop)
[2m[36m(launch_and_fit pid=3392668)[0m malloc_consolidate(): invalid chunk size
E0816 10:25:09.514429265 3367194 chttp2_transport.cc:1079]             ipv4:145.136.62.50:48600: Received a GOAWAY with error code ENHANCE_YOUR_CALM and debug data equal to "too_many_pings". Current keepalive time (before throttling): ∞
INFO flwr 2023-08-16 10:25:34,444 | fed_df.py:540 | Distillation training stopped at step number : 250
INFO flwr 2023-08-16 10:25:34,444 | fed_df.py:547 | Average fusion training loss : 0.0021927579226903617, val accuracy : 0.71144, best val accuracy : 0.7244
INFO flwr 2023-08-16 10:25:34,446 | common.py:35 | Avg. local train loss : 4.703687289729715, train acc : 0.8187444444444444
INFO flwr 2023-08-16 10:25:37,149 | server.py:116 | fit progress: (22, 1.0099089111328126, {'server_test_acc': 0.717}, 1846.935520269908)
INFO flwr 2023-08-16 10:25:37,150 | server.py:163 | evaluate_round 22: no clients selected, cancel
DEBUG flwr 2023-08-16 10:25:42,269 | server.py:215 | fit_round 23: strategy sampled 8 clients (out of 20)
DEBUG flwr 2023-08-16 10:26:29,470 | server.py:229 | fit_round 23 received 8 results and 0 failures
INFO flwr 2023-08-16 10:26:29,759 | fed_df.py:463 | Performing server side distillation training...
[2m[36m(launch_and_fit pid=3466121)[0m double free or corruption (fasttop)
[2m[36m(launch_and_fit pid=3466121)[0m Fitting Client 4
[2m[36m(launch_and_fit pid=3466125)[0m Fitting Client 19
[2m[36m(launch_and_fit pid=3466127)[0m Fitting Client 9
[2m[36m(launch_and_fit pid=3466129)[0m Fitting Client 11
[2m[36m(launch_and_fit pid=3466128)[0m Fitting Client 6
[2m[36m(launch_and_fit pid=3466131)[0m Fitting Client 17
[2m[36m(launch_and_fit pid=3466126)[0m Fitting Client 3
[2m[36m(launch_and_fit pid=3466130)[0m Fitting Client 16
[2m[36m(launch_and_fit pid=3466130)[0m malloc_consolidate(): invalid chunk size
[2m[36m(launch_and_fit pid=3466127)[0m malloc_consolidate(): invalid chunk size
[2m[36m(launch_and_fit pid=3466125)[0m double free or corruption (fasttop)
[2m[36m(launch_and_fit pid=3466128)[0m double free or corruption (fasttop)
[2m[36m(launch_and_fit pid=3466126)[0m malloc_consolidate(): invalid chunk size
[2m[36m(launch_and_fit pid=3466129)[0m double free or corruption (fasttop)
[2m[36m(launch_and_fit pid=3466131)[0m malloc_consolidate(): invalid chunk size
INFO flwr 2023-08-16 10:27:03,156 | fed_df.py:540 | Distillation training stopped at step number : 250
INFO flwr 2023-08-16 10:27:03,157 | fed_df.py:547 | Average fusion training loss : 0.002211548057384789, val accuracy : 0.7132799999999999, best val accuracy : 0.7256
INFO flwr 2023-08-16 10:27:03,159 | common.py:35 | Avg. local train loss : 4.671656894683839, train acc : 0.8220388888888889
INFO flwr 2023-08-16 10:27:05,646 | server.py:116 | fit progress: (23, 1.009497149658203, {'server_test_acc': 0.7191}, 1935.432558781933)
INFO flwr 2023-08-16 10:27:05,647 | server.py:163 | evaluate_round 23: no clients selected, cancel
DEBUG flwr 2023-08-16 10:27:10,870 | server.py:215 | fit_round 24: strategy sampled 8 clients (out of 20)
DEBUG flwr 2023-08-16 10:27:57,871 | server.py:229 | fit_round 24 received 8 results and 0 failures
[2m[36m(launch_and_fit pid=3539724)[0m malloc_consolidate(): invalid chunk size
INFO flwr 2023-08-16 10:27:58,163 | fed_df.py:463 | Performing server side distillation training...
[2m[36m(launch_and_fit pid=3539723)[0m Fitting Client 4
[2m[36m(launch_and_fit pid=3539724)[0m Fitting Client 8
[2m[36m(launch_and_fit pid=3539726)[0m Fitting Client 1
[2m[36m(launch_and_fit pid=3539728)[0m Fitting Client 5
[2m[36m(launch_and_fit pid=3539732)[0m Fitting Client 9
[2m[36m(launch_and_fit pid=3539731)[0m Fitting Client 15
[2m[36m(launch_and_fit pid=3539729)[0m Fitting Client 10
[2m[36m(launch_and_fit pid=3539730)[0m Fitting Client 2
[2m[36m(launch_and_fit pid=3539723)[0m malloc_consolidate(): invalid chunk size
[2m[36m(launch_and_fit pid=3539729)[0m double free or corruption (fasttop)
[2m[36m(launch_and_fit pid=3539730)[0m malloc_consolidate(): invalid chunk size
[2m[36m(launch_and_fit pid=3539732)[0m double free or corruption (fasttop)
[2m[36m(launch_and_fit pid=3539728)[0m double free or corruption (fasttop)
[2m[36m(launch_and_fit pid=3539726)[0m malloc_consolidate(): invalid chunk size
[2m[36m(launch_and_fit pid=3539731)[0m malloc_consolidate(): invalid chunk size
E0816 10:28:00.721598968 3442026 chttp2_transport.cc:1079]             ipv4:145.136.62.50:48600: Received a GOAWAY with error code ENHANCE_YOUR_CALM and debug data equal to "too_many_pings". Current keepalive time (before throttling): ∞
INFO flwr 2023-08-16 10:28:26,722 | fed_df.py:540 | Distillation training stopped at step number : 250
INFO flwr 2023-08-16 10:28:26,723 | fed_df.py:547 | Average fusion training loss : 0.002261012528091669, val accuracy : 0.72656, best val accuracy : 0.7394
INFO flwr 2023-08-16 10:28:26,725 | common.py:35 | Avg. local train loss : 4.706539442017675, train acc : 0.8185222222222222
INFO flwr 2023-08-16 10:28:29,221 | server.py:116 | fit progress: (24, 0.9534108520507812, {'server_test_acc': 0.7342}, 2019.007008308079)
INFO flwr 2023-08-16 10:28:29,221 | server.py:163 | evaluate_round 24: no clients selected, cancel
DEBUG flwr 2023-08-16 10:28:34,272 | server.py:215 | fit_round 25: strategy sampled 8 clients (out of 20)
[2m[36m(launch_and_fit pid=3613295)[0m double free or corruption (fasttop)
[2m[36m(launch_and_fit pid=3613294)[0m malloc_consolidate(): invalid chunk size
DEBUG flwr 2023-08-16 10:29:21,623 | server.py:229 | fit_round 25 received 8 results and 0 failures
INFO flwr 2023-08-16 10:29:21,841 | fed_df.py:365 | Warm start at round 25
INFO flwr 2023-08-16 10:29:21,969 | fed_df.py:463 | Performing server side distillation training...
[2m[36m(launch_and_fit pid=3613295)[0m Fitting Client 17
[2m[36m(launch_and_fit pid=3613294)[0m Fitting Client 9
[2m[36m(launch_and_fit pid=3613298)[0m Fitting Client 14
[2m[36m(launch_and_fit pid=3613301)[0m Fitting Client 15
[2m[36m(launch_and_fit pid=3613303)[0m Fitting Client 0
[2m[36m(launch_and_fit pid=3613299)[0m Fitting Client 6
[2m[36m(launch_and_fit pid=3613302)[0m Fitting Client 18
[2m[36m(launch_and_fit pid=3613300)[0m Fitting Client 4
[2m[36m(launch_and_fit pid=3613298)[0m double free or corruption (fasttop)
[2m[36m(launch_and_fit pid=3613300)[0m double free or corruption (fasttop)
[2m[36m(launch_and_fit pid=3613303)[0m double free or corruption (fasttop)
[2m[36m(launch_and_fit pid=3613302)[0m double free or corruption (fasttop)
[2m[36m(launch_and_fit pid=3613299)[0m malloc_consolidate(): invalid chunk size
[2m[36m(launch_and_fit pid=3613301)[0m malloc_consolidate(): invalid chunk size
E0816 10:29:24.106779735 3588606 chttp2_transport.cc:1079]             ipv4:145.136.62.50:48600: Received a GOAWAY with error code ENHANCE_YOUR_CALM and debug data equal to "too_many_pings". Current keepalive time (before throttling): ∞
INFO flwr 2023-08-16 10:29:50,490 | fed_df.py:540 | Distillation training stopped at step number : 250
INFO flwr 2023-08-16 10:29:50,490 | fed_df.py:547 | Average fusion training loss : 0.011065069394186139, val accuracy : 0.73376, best val accuracy : 0.7396
INFO flwr 2023-08-16 10:29:50,492 | common.py:35 | Avg. local train loss : 4.680061892792582, train acc : 0.8205555555555555
INFO flwr 2023-08-16 10:29:53,031 | server.py:116 | fit progress: (25, 1.1172299560546874, {'server_test_acc': 0.7367}, 2102.8174630959984)
INFO flwr 2023-08-16 10:29:53,032 | server.py:163 | evaluate_round 25: no clients selected, cancel
DEBUG flwr 2023-08-16 10:29:58,140 | server.py:215 | fit_round 26: strategy sampled 8 clients (out of 20)
[2m[36m(launch_and_fit pid=3686498)[0m malloc_consolidate(): invalid chunk size
[2m[36m(launch_and_fit pid=3686501)[0m malloc_consolidate(): invalid chunk size
[2m[36m(launch_and_fit pid=3686505)[0m malloc_consolidate(): invalid chunk size
DEBUG flwr 2023-08-16 10:30:45,687 | server.py:229 | fit_round 26 received 8 results and 0 failures
[2m[36m(launch_and_fit pid=3686502)[0m double free or corruption (fasttop)
INFO flwr 2023-08-16 10:30:45,977 | fed_df.py:463 | Performing server side distillation training...
[2m[36m(launch_and_fit pid=3686500)[0m Fitting Client 15
[2m[36m(launch_and_fit pid=3686498)[0m Fitting Client 12
[2m[36m(launch_and_fit pid=3686501)[0m Fitting Client 1
[2m[36m(launch_and_fit pid=3686503)[0m Fitting Client 13
[2m[36m(launch_and_fit pid=3686502)[0m Fitting Client 6
[2m[36m(launch_and_fit pid=3686506)[0m Fitting Client 9
[2m[36m(launch_and_fit pid=3686504)[0m Fitting Client 8
[2m[36m(launch_and_fit pid=3686505)[0m Fitting Client 5
[2m[36m(launch_and_fit pid=3686500)[0m malloc_consolidate(): invalid chunk size
[2m[36m(launch_and_fit pid=3686504)[0m malloc_consolidate(): invalid chunk size
[2m[36m(launch_and_fit pid=3686503)[0m malloc_consolidate(): invalid chunk size
[2m[36m(launch_and_fit pid=3686506)[0m double free or corruption (fasttop)
INFO flwr 2023-08-16 10:31:14,481 | fed_df.py:540 | Distillation training stopped at step number : 250
INFO flwr 2023-08-16 10:31:14,481 | fed_df.py:547 | Average fusion training loss : 0.0019159965338185429, val accuracy : 0.72484, best val accuracy : 0.7306
INFO flwr 2023-08-16 10:31:14,483 | common.py:35 | Avg. local train loss : 4.494438718259335, train acc : 0.8382499999999999
INFO flwr 2023-08-16 10:31:17,029 | server.py:116 | fit progress: (26, 1.0638652282714844, {'server_test_acc': 0.7241}, 2186.815384766087)
INFO flwr 2023-08-16 10:31:17,030 | server.py:163 | evaluate_round 26: no clients selected, cancel
DEBUG flwr 2023-08-16 10:31:22,199 | server.py:215 | fit_round 27: strategy sampled 8 clients (out of 20)
DEBUG flwr 2023-08-16 10:32:09,380 | server.py:229 | fit_round 27 received 8 results and 0 failures
INFO flwr 2023-08-16 10:32:09,673 | fed_df.py:463 | Performing server side distillation training...
[2m[36m(launch_and_fit pid=3760288)[0m Fitting Client 15
[2m[36m(launch_and_fit pid=3760285)[0m Fitting Client 14
[2m[36m(launch_and_fit pid=3760287)[0m Fitting Client 8
[2m[36m(launch_and_fit pid=3760292)[0m Fitting Client 18
[2m[36m(launch_and_fit pid=3760290)[0m Fitting Client 13
[2m[36m(launch_and_fit pid=3760291)[0m Fitting Client 6
[2m[36m(launch_and_fit pid=3760293)[0m Fitting Client 4
[2m[36m(launch_and_fit pid=3760286)[0m Fitting Client 3
[2m[36m(launch_and_fit pid=3760288)[0m malloc_consolidate(): invalid chunk size
[2m[36m(launch_and_fit pid=3760287)[0m double free or corruption (fasttop)
[2m[36m(launch_and_fit pid=3760290)[0m malloc_consolidate(): invalid chunk size
[2m[36m(launch_and_fit pid=3760291)[0m malloc_consolidate(): invalid chunk size
[2m[36m(launch_and_fit pid=3760292)[0m double free or corruption (fasttop)
E0816 10:32:10.696154355 3807623 chttp2_transport.cc:1079]             ipv4:145.136.62.50:48600: Received a GOAWAY with error code ENHANCE_YOUR_CALM and debug data equal to "too_many_pings". Current keepalive time (before throttling): ∞
[2m[36m(launch_and_fit pid=3760285)[0m malloc_consolidate(): invalid chunk size
[2m[36m(launch_and_fit pid=3760286)[0m double free or corruption (fasttop)
[2m[36m(launch_and_fit pid=3760293)[0m malloc_consolidate(): invalid chunk size
INFO flwr 2023-08-16 10:32:43,265 | fed_df.py:540 | Distillation training stopped at step number : 250
INFO flwr 2023-08-16 10:32:43,265 | fed_df.py:547 | Average fusion training loss : 0.0014987515653483569, val accuracy : 0.7342000000000001, best val accuracy : 0.737
INFO flwr 2023-08-16 10:32:43,267 | common.py:35 | Avg. local train loss : 4.54401984103024, train acc : 0.835275
INFO flwr 2023-08-16 10:32:45,781 | server.py:116 | fit progress: (27, 1.0164771087646485, {'server_test_acc': 0.7389}, 2275.5667515280657)
INFO flwr 2023-08-16 10:32:45,781 | server.py:163 | evaluate_round 27: no clients selected, cancel
DEBUG flwr 2023-08-16 10:32:50,824 | server.py:215 | fit_round 28: strategy sampled 8 clients (out of 20)
[2m[36m(launch_and_fit pid=3833712)[0m malloc_consolidate(): invalid chunk size
[2m[36m(launch_and_fit pid=3833711)[0m double free or corruption (fasttop)
DEBUG flwr 2023-08-16 10:33:38,424 | server.py:229 | fit_round 28 received 8 results and 0 failures
INFO flwr 2023-08-16 10:33:38,714 | fed_df.py:463 | Performing server side distillation training...
[2m[36m(launch_and_fit pid=3833711)[0m Fitting Client 15
[2m[36m(launch_and_fit pid=3833712)[0m Fitting Client 3
[2m[36m(launch_and_fit pid=3833714)[0m Fitting Client 7
[2m[36m(launch_and_fit pid=3833716)[0m Fitting Client 13
[2m[36m(launch_and_fit pid=3833717)[0m Fitting Client 9
[2m[36m(launch_and_fit pid=3833715)[0m Fitting Client 14
[2m[36m(launch_and_fit pid=3833718)[0m Fitting Client 8
[2m[36m(launch_and_fit pid=3833719)[0m Fitting Client 11
[2m[36m(launch_and_fit pid=3833716)[0m malloc_consolidate(): invalid chunk size
[2m[36m(launch_and_fit pid=3833714)[0m corrupted size vs. prev_size in fastbins
[2m[36m(launch_and_fit pid=3833715)[0m malloc_consolidate(): invalid chunk size
E0816 10:33:39.565856646 3880780 chttp2_transport.cc:1079]             ipv4:145.136.62.50:48600: Received a GOAWAY with error code ENHANCE_YOUR_CALM and debug data equal to "too_many_pings". Current keepalive time (before throttling): ∞
[2m[36m(launch_and_fit pid=3833717)[0m malloc_consolidate(): invalid chunk size
[2m[36m(launch_and_fit pid=3833718)[0m malloc_consolidate(): invalid chunk size
[2m[36m(launch_and_fit pid=3833719)[0m malloc_consolidate(): invalid chunk size
INFO flwr 2023-08-16 10:34:07,339 | fed_df.py:540 | Distillation training stopped at step number : 250
INFO flwr 2023-08-16 10:34:07,340 | fed_df.py:547 | Average fusion training loss : 0.0016840178202837705, val accuracy : 0.73808, best val accuracy : 0.7412
INFO flwr 2023-08-16 10:34:07,342 | common.py:35 | Avg. local train loss : 4.515363614261151, train acc : 0.8384055555555555
INFO flwr 2023-08-16 10:34:09,845 | server.py:116 | fit progress: (28, 0.9874227172851563, {'server_test_acc': 0.7389}, 2359.6314668860286)
INFO flwr 2023-08-16 10:34:09,846 | server.py:163 | evaluate_round 28: no clients selected, cancel
DEBUG flwr 2023-08-16 10:34:14,898 | server.py:215 | fit_round 29: strategy sampled 8 clients (out of 20)
[2m[36m(launch_and_fit pid=3907412)[0m malloc_consolidate(): invalid chunk size
DEBUG flwr 2023-08-16 10:35:02,029 | server.py:229 | fit_round 29 received 8 results and 0 failures
[2m[36m(launch_and_fit pid=3907417)[0m malloc_consolidate(): invalid chunk size
INFO flwr 2023-08-16 10:35:02,322 | fed_df.py:463 | Performing server side distillation training...
[2m[36m(launch_and_fit pid=3907412)[0m Fitting Client 2
[2m[36m(launch_and_fit pid=3907417)[0m Fitting Client 18
[2m[36m(launch_and_fit pid=3907419)[0m Fitting Client 15
[2m[36m(launch_and_fit pid=3907420)[0m Fitting Client 3
[2m[36m(launch_and_fit pid=3907418)[0m Fitting Client 16
[2m[36m(launch_and_fit pid=3907422)[0m Fitting Client 10
[2m[36m(launch_and_fit pid=3907423)[0m Fitting Client 14
[2m[36m(launch_and_fit pid=3907421)[0m Fitting Client 13
[2m[36m(launch_and_fit pid=3907423)[0m malloc_consolidate(): invalid chunk size
[2m[36m(launch_and_fit pid=3907420)[0m malloc_consolidate(): invalid chunk size
[2m[36m(launch_and_fit pid=3907422)[0m double free or corruption (fasttop)
[2m[36m(launch_and_fit pid=3907418)[0m double free or corruption (fasttop)
[2m[36m(launch_and_fit pid=3907419)[0m malloc_consolidate(): invalid chunk size
[2m[36m(launch_and_fit pid=3907421)[0m double free or corruption (fasttop)
E0816 10:35:04.272410025 3955579 chttp2_transport.cc:1079]             ipv4:145.136.62.50:48600: Received a GOAWAY with error code ENHANCE_YOUR_CALM and debug data equal to "too_many_pings". Current keepalive time (before throttling): ∞
E0816 10:35:13.524793011 3955748 chttp2_transport.cc:1079]             ipv4:145.136.62.50:48600: Received a GOAWAY with error code ENHANCE_YOUR_CALM and debug data equal to "too_many_pings". Current keepalive time (before throttling): ∞
INFO flwr 2023-08-16 10:35:30,852 | fed_df.py:540 | Distillation training stopped at step number : 250
INFO flwr 2023-08-16 10:35:30,853 | fed_df.py:547 | Average fusion training loss : 0.001486311612650752, val accuracy : 0.73464, best val accuracy : 0.7414
INFO flwr 2023-08-16 10:35:30,855 | common.py:35 | Avg. local train loss : 4.508104131370783, train acc : 0.8378166666666668
INFO flwr 2023-08-16 10:35:33,344 | server.py:116 | fit progress: (29, 0.9659956420898438, {'server_test_acc': 0.7443}, 2443.13035550504)
INFO flwr 2023-08-16 10:35:33,345 | server.py:163 | evaluate_round 29: no clients selected, cancel
DEBUG flwr 2023-08-16 10:35:38,572 | server.py:215 | fit_round 30: strategy sampled 8 clients (out of 20)
[2m[36m(launch_and_fit pid=3980859)[0m double free or corruption (fasttop)
DEBUG flwr 2023-08-16 10:36:26,242 | server.py:229 | fit_round 30 received 8 results and 0 failures
[2m[36m(launch_and_fit pid=3980863)[0m malloc_consolidate(): invalid chunk size
[2m[36m(launch_and_fit pid=3980860)[0m malloc_consolidate(): invalid chunk size
INFO flwr 2023-08-16 10:36:26,464 | fed_df.py:365 | Warm start at round 30
INFO flwr 2023-08-16 10:36:26,590 | fed_df.py:463 | Performing server side distillation training...
[2m[36m(launch_and_fit pid=3980860)[0m Fitting Client 10
[2m[36m(launch_and_fit pid=3980859)[0m Fitting Client 14
[2m[36m(launch_and_fit pid=3980862)[0m Fitting Client 19
[2m[36m(launch_and_fit pid=3980863)[0m Fitting Client 2
[2m[36m(launch_and_fit pid=3980861)[0m Fitting Client 4
[2m[36m(launch_and_fit pid=3980865)[0m Fitting Client 8
[2m[36m(launch_and_fit pid=3980864)[0m Fitting Client 18
[2m[36m(launch_and_fit pid=3980866)[0m Fitting Client 9
[2m[36m(launch_and_fit pid=3980861)[0m malloc_consolidate(): invalid chunk size
E0816 10:36:27.419504787 3963568 chttp2_transport.cc:1079]             ipv4:145.136.62.50:48600: Received a GOAWAY with error code ENHANCE_YOUR_CALM and debug data equal to "too_many_pings". Current keepalive time (before throttling): ∞
[2m[36m(launch_and_fit pid=3980862)[0m malloc_consolidate(): invalid chunk size
[2m[36m(launch_and_fit pid=3980864)[0m malloc_consolidate(): invalid chunk size
[2m[36m(launch_and_fit pid=3980865)[0m malloc_consolidate(): invalid chunk size
[2m[36m(launch_and_fit pid=3980866)[0m double free or corruption (fasttop)
INFO flwr 2023-08-16 10:36:55,482 | fed_df.py:540 | Distillation training stopped at step number : 250
INFO flwr 2023-08-16 10:36:55,482 | fed_df.py:547 | Average fusion training loss : 0.009569684938061982, val accuracy : 0.74392, best val accuracy : 0.7516
INFO flwr 2023-08-16 10:36:55,484 | common.py:35 | Avg. local train loss : 4.520056360960007, train acc : 0.8379194444444444
INFO flwr 2023-08-16 10:36:58,002 | server.py:116 | fit progress: (30, 1.1343962982177735, {'server_test_acc': 0.7473}, 2527.7877121749334)
INFO flwr 2023-08-16 10:36:58,002 | server.py:163 | evaluate_round 30: no clients selected, cancel
INFO flwr 2023-08-16 10:36:58,002 | server.py:144 | FL finished in 2527.788094453048
INFO flwr 2023-08-16 10:36:58,002 | app.py:202 | app_fit: losses_distributed []
INFO flwr 2023-08-16 10:36:58,003 | app.py:203 | app_fit: metrics_distributed {}
INFO flwr 2023-08-16 10:36:58,003 | app.py:204 | app_fit: losses_centralized [(0, 2.319245477294922), (1, 1.5198735137939454), (2, 1.4104778930664061), (3, 1.3102710052490234), (4, 1.265102444458008), (5, 1.11407763671875), (6, 1.1235991088867188), (7, 1.1137530853271485), (8, 1.0801444396972657), (9, 1.078090493774414), (10, 0.9850719635009766), (11, 1.0430407165527344), (12, 1.0239362731933594), (13, 0.9934274383544922), (14, 1.0098549926757812), (15, 0.9273505096435547), (16, 0.9816777954101562), (17, 0.9702658355712891), (18, 0.9998474792480468), (19, 0.9951790283203125), (20, 1.0201247619628906), (21, 0.9933329772949219), (22, 1.0099089111328126), (23, 1.009497149658203), (24, 0.9534108520507812), (25, 1.1172299560546874), (26, 1.0638652282714844), (27, 1.0164771087646485), (28, 0.9874227172851563), (29, 0.9659956420898438), (30, 1.1343962982177735)]
INFO flwr 2023-08-16 10:36:58,003 | app.py:205 | app_fit: metrics_centralized {'server_test_acc': [(0, 0.0811), (1, 0.4459), (2, 0.5365), (3, 0.5861), (4, 0.6256), (5, 0.6555), (6, 0.6799), (7, 0.6703), (8, 0.6791), (9, 0.6859), (10, 0.705), (11, 0.6997), (12, 0.6983), (13, 0.7113), (14, 0.7065), (15, 0.7217), (16, 0.715), (17, 0.7188), (18, 0.7165), (19, 0.7138), (20, 0.723), (21, 0.7323), (22, 0.717), (23, 0.7191), (24, 0.7342), (25, 0.7367), (26, 0.7241), (27, 0.7389), (28, 0.7389), (29, 0.7443), (30, 0.7473)]}
malloc_consolidate(): invalid chunk size
srun: error: gcn50: task 0: Aborted
srun: Terminating StepId=3357202.1
-----EXPERIMENT ENDS-----
-----CLEANING UP DISK------
-----END-----

JOB STATISTICS
==============
Job ID: 3357202
Cluster: snellius
User/Group: sunnys/sunnys
State: RUNNING
Nodes: 1
Cores per node: 18
CPU Utilized: 01:44:09
CPU Efficiency: 13.31% of 13:02:42 core-walltime
Job Wall-clock time: 00:43:29
Memory Utilized: 62.66 GB
Memory Efficiency: 52.22% of 120.00 GB
WARNING: Efficiency statistics may be misleading for RUNNING jobs.
