---------
Number of crops : 2250
Strategy : feddf
Model : resnet8
Communication Rounds : 30
Seed : 42
Val Ratio : 0.1
Batch Size : 1024
Local Epochs : 80
Distill Steps : 500
Early Stopping Steps : 1000
Use Early Stopping : False
Use Adaptive LR : False
Use Crops : False
Distillation Dataset : cifar100
Local LR : 0.1
Server LR : 0.001
Warm Start : True
---------
Generating crops for FedDF
Namespace(img_size=32, batch_size=32, num_imgs=2250, threads=12, vflip=False, deg=30, shear=30, cropfirst=True, initcrop=0.5, scale=[500, 1], randinterp=False, debug=False, imgpath='../static/single_images/ameyoko.jpg', targetpath='/scratch-local/sunnys.2753971', seed=42, img_per_thread=187)
will save 2250 patches in /scratch-local/sunnys.2753971/single_img_crops/crops
2250 took 0.04min with 12 threads
---------
Simulating FedDF training using crops
Downloading https://www.cs.toronto.edu/~kriz/cifar-10-python.tar.gz to /scratch-local/sunnys.2753971/cifar-10-python.tar.gz
Extracting /scratch-local/sunnys.2753971/cifar-10-python.tar.gz to /scratch-local/sunnys.2753971
Generating unified cifar10 dataset
Class histogram for 0-th partition (alpha=100.0, 10 classes): [256 249 217 265 244 275 235 226 275 258]
Downloading https://www.cs.toronto.edu/~kriz/cifar-100-python.tar.gz to /scratch-local/sunnys.2753971/cifar-100-python.tar.gz
Extracting /scratch-local/sunnys.2753971/cifar-100-python.tar.gz to /scratch-local/sunnys.2753971
INFO flwr 2023-05-16 14:56:07,256 | app.py:145 | Starting Flower simulation, config: ServerConfig(num_rounds=30, round_timeout=None)
2023-05-16 14:56:09,621	INFO worker.py:1529 -- Started a local Ray instance. View the dashboard at [1m[32m127.0.0.1:8265 [39m[22m
INFO flwr 2023-05-16 14:56:13,560 | app.py:179 | Flower VCE: Ray initialized with resources: {'memory': 341818081485.0, 'CPU': 72.0, 'accelerator_type:A100': 1.0, 'node:145.136.62.34': 1.0, 'GPU': 1.0, 'object_store_memory': 150779177779.0}
INFO flwr 2023-05-16 14:56:13,561 | server.py:86 | Initializing global parameters
INFO flwr 2023-05-16 14:56:13,561 | server.py:266 | Using initial parameters provided by strategy
INFO flwr 2023-05-16 14:56:13,561 | server.py:88 | Evaluating initial parameters
INFO flwr 2023-05-16 14:56:18,202 | server.py:91 | initial parameters (loss, other metrics): 2.369325817871094, {'server_test_acc': 0.1096}
INFO flwr 2023-05-16 14:56:18,202 | server.py:101 | FL starting
DEBUG flwr 2023-05-16 14:56:18,202 | server.py:215 | fit_round 1: strategy sampled 8 clients (out of 20)
DEBUG flwr 2023-05-16 14:57:07,207 | server.py:229 | fit_round 1 received 8 results and 0 failures
[2m[36m(launch_and_fit pid=2118932)[0m Fitting Client 14
[2m[36m(launch_and_fit pid=2118931)[0m Fitting Client 10
[2m[36m(launch_and_fit pid=2118928)[0m Fitting Client 7
[2m[36m(launch_and_fit pid=2118933)[0m Fitting Client 5
[2m[36m(launch_and_fit pid=2118930)[0m Fitting Client 12
[2m[36m(launch_and_fit pid=2118929)[0m Fitting Client 8
[2m[36m(launch_and_fit pid=2118927)[0m Fitting Client 3
[2m[36m(launch_and_fit pid=2118934)[0m Fitting Client 13
Performing server side distillation training...
Distillation training stopped at step number : 500
Average fusion training loss : 0.34266027119755743, val accuracy : 0.27336
Average local training loss : 4.9909307228401305
Average local training accuracy : 0.3769388888888889
INFO flwr 2023-05-16 14:57:53,876 | server.py:116 | fit progress: (1, 1.6830895874023437, {'server_test_acc': 0.3385}, 95.67388263100293)
INFO flwr 2023-05-16 14:57:53,876 | server.py:163 | evaluate_round 1: no clients selected, cancel
DEBUG flwr 2023-05-16 14:57:53,876 | server.py:215 | fit_round 2: strategy sampled 8 clients (out of 20)
DEBUG flwr 2023-05-16 14:58:42,713 | server.py:229 | fit_round 2 received 8 results and 0 failures
[2m[36m(launch_and_fit pid=2266467)[0m Fitting Client 11
[2m[36m(launch_and_fit pid=2266472)[0m Fitting Client 5
[2m[36m(launch_and_fit pid=2266473)[0m Fitting Client 6
[2m[36m(launch_and_fit pid=2266474)[0m Fitting Client 13
[2m[36m(launch_and_fit pid=2266469)[0m Fitting Client 8
[2m[36m(launch_and_fit pid=2266471)[0m Fitting Client 17
[2m[36m(launch_and_fit pid=2266470)[0m Fitting Client 10
[2m[36m(launch_and_fit pid=2266468)[0m Fitting Client 18
Performing server side distillation training...
Distillation training stopped at step number : 500
Average fusion training loss : 0.9316595321297646, val accuracy : 0.37384
Average local training loss : 3.325732731772587
Average local training accuracy : 0.5914618055555556
INFO flwr 2023-05-16 14:59:28,745 | server.py:116 | fit progress: (2, 1.686311572265625, {'server_test_acc': 0.4142}, 190.54314715403598)
INFO flwr 2023-05-16 14:59:28,745 | server.py:163 | evaluate_round 2: no clients selected, cancel
DEBUG flwr 2023-05-16 14:59:28,745 | server.py:215 | fit_round 3: strategy sampled 8 clients (out of 20)
DEBUG flwr 2023-05-16 15:00:18,202 | server.py:229 | fit_round 3 received 8 results and 0 failures
[2m[36m(launch_and_fit pid=2412644)[0m Fitting Client 5
[2m[36m(launch_and_fit pid=2412645)[0m Fitting Client 18
[2m[36m(launch_and_fit pid=2412646)[0m Fitting Client 4
[2m[36m(launch_and_fit pid=2412643)[0m Fitting Client 16
[2m[36m(launch_and_fit pid=2412641)[0m Fitting Client 17
[2m[36m(launch_and_fit pid=2412647)[0m Fitting Client 7
[2m[36m(launch_and_fit pid=2412648)[0m Fitting Client 6
[2m[36m(launch_and_fit pid=2412642)[0m Fitting Client 2
Performing server side distillation training...
E0516 15:00:56.091038367 2118120 chttp2_transport.cc:1079]             ipv4:145.136.62.34:43153: Received a GOAWAY with error code ENHANCE_YOUR_CALM and debug data equal to "too_many_pings". Current keepalive time (before throttling): 60000ms
E0516 15:01:05.090181789 2596980 chttp2_transport.cc:1079]             ipv4:145.136.62.34:43153: Received a GOAWAY with error code ENHANCE_YOUR_CALM and debug data equal to "too_many_pings". Current keepalive time (before throttling): 120000ms
Distillation training stopped at step number : 500
Average fusion training loss : 0.4653298310637474, val accuracy : 0.50816
Average local training loss : 1.7459006163517188
Average local training accuracy : 0.7974145833333333
INFO flwr 2023-05-16 15:01:07,030 | server.py:116 | fit progress: (3, 1.842526904296875, {'server_test_acc': 0.5186}, 288.8279323730385)
INFO flwr 2023-05-16 15:01:07,030 | server.py:163 | evaluate_round 3: no clients selected, cancel
DEBUG flwr 2023-05-16 15:01:07,030 | server.py:215 | fit_round 4: strategy sampled 8 clients (out of 20)
DEBUG flwr 2023-05-16 15:01:58,248 | server.py:229 | fit_round 4 received 8 results and 0 failures
[2m[36m(launch_and_fit pid=2599806)[0m Fitting Client 13
[2m[36m(launch_and_fit pid=2599807)[0m Fitting Client 0
[2m[36m(launch_and_fit pid=2599804)[0m Fitting Client 10
[2m[36m(launch_and_fit pid=2599808)[0m Fitting Client 12
[2m[36m(launch_and_fit pid=2599802)[0m Fitting Client 1
[2m[36m(launch_and_fit pid=2599803)[0m Fitting Client 17
[2m[36m(launch_and_fit pid=2599809)[0m Fitting Client 18
[2m[36m(launch_and_fit pid=2599805)[0m Fitting Client 7
Performing server side distillation training...
Distillation training stopped at step number : 500
Average fusion training loss : 0.2214855690896511, val accuracy : 0.5904
Average local training loss : 0.8655229481347306
Average local training accuracy : 0.9032986111111111
INFO flwr 2023-05-16 15:02:45,710 | server.py:116 | fit progress: (4, 1.7778091552734374, {'server_test_acc': 0.601}, 387.50829442602117)
INFO flwr 2023-05-16 15:02:45,710 | server.py:163 | evaluate_round 4: no clients selected, cancel
DEBUG flwr 2023-05-16 15:02:45,710 | server.py:215 | fit_round 5: strategy sampled 8 clients (out of 20)
DEBUG flwr 2023-05-16 15:03:34,642 | server.py:229 | fit_round 5 received 8 results and 0 failures
[2m[36m(launch_and_fit pid=2745703)[0m Fitting Client 12
[2m[36m(launch_and_fit pid=2745708)[0m Fitting Client 9
[2m[36m(launch_and_fit pid=2745705)[0m Fitting Client 8
[2m[36m(launch_and_fit pid=2745706)[0m Fitting Client 14
[2m[36m(launch_and_fit pid=2745704)[0m Fitting Client 6
[2m[36m(launch_and_fit pid=2745702)[0m Fitting Client 10
[2m[36m(launch_and_fit pid=2745709)[0m Fitting Client 2
[2m[36m(launch_and_fit pid=2745707)[0m Fitting Client 11
Performing server side distillation training...
Distillation training stopped at step number : 500
Average fusion training loss : 0.18260462073981762, val accuracy : 0.6104
Average local training loss : 0.654221303621489
Average local training accuracy : 0.9282631944444445
INFO flwr 2023-05-16 15:04:21,379 | server.py:116 | fit progress: (5, 1.829389208984375, {'server_test_acc': 0.6125}, 483.1774805249879)
INFO flwr 2023-05-16 15:04:21,379 | server.py:163 | evaluate_round 5: no clients selected, cancel
DEBUG flwr 2023-05-16 15:04:21,380 | server.py:215 | fit_round 6: strategy sampled 8 clients (out of 20)
DEBUG flwr 2023-05-16 15:05:10,308 | server.py:229 | fit_round 6 received 8 results and 0 failures
[2m[36m(launch_and_fit pid=2892314)[0m Fitting Client 15
[2m[36m(launch_and_fit pid=2892312)[0m Fitting Client 12
[2m[36m(launch_and_fit pid=2892310)[0m Fitting Client 14
[2m[36m(launch_and_fit pid=2892309)[0m Fitting Client 10
[2m[36m(launch_and_fit pid=2892313)[0m Fitting Client 2
[2m[36m(launch_and_fit pid=2892316)[0m Fitting Client 4
[2m[36m(launch_and_fit pid=2892315)[0m Fitting Client 17
[2m[36m(launch_and_fit pid=2892311)[0m Fitting Client 6
Performing server side distillation training...
Distillation training stopped at step number : 500
Average fusion training loss : 0.14318859128654002, val accuracy : 0.6254
Average local training loss : 0.4751529400182108
Average local training accuracy : 0.9486562500000001
INFO flwr 2023-05-16 15:05:58,964 | server.py:116 | fit progress: (6, 2.0067701904296875, {'server_test_acc': 0.6299}, 580.7621894440381)
INFO flwr 2023-05-16 15:05:58,964 | server.py:163 | evaluate_round 6: no clients selected, cancel
DEBUG flwr 2023-05-16 15:05:58,964 | server.py:215 | fit_round 7: strategy sampled 8 clients (out of 20)
DEBUG flwr 2023-05-16 15:06:49,316 | server.py:229 | fit_round 7 received 8 results and 0 failures
[2m[36m(launch_and_fit pid=3040086)[0m Fitting Client 18
[2m[36m(launch_and_fit pid=3040092)[0m Fitting Client 6
[2m[36m(launch_and_fit pid=3040091)[0m Fitting Client 9
[2m[36m(launch_and_fit pid=3040089)[0m Fitting Client 8
[2m[36m(launch_and_fit pid=3040090)[0m Fitting Client 13
[2m[36m(launch_and_fit pid=3040088)[0m Fitting Client 17
[2m[36m(launch_and_fit pid=3040093)[0m Fitting Client 14
[2m[36m(launch_and_fit pid=3040087)[0m Fitting Client 7
Performing server side distillation training...
E0516 15:06:58.262060314 3043428 chttp2_transport.cc:1079]             ipv4:145.136.62.34:43153: Received a GOAWAY with error code ENHANCE_YOUR_CALM and debug data equal to "too_many_pings". Current keepalive time (before throttling): 240000ms
Distillation training stopped at step number : 500
Average fusion training loss : 0.13818091800808907, val accuracy : 0.6324000000000001
Average local training loss : 0.394076514353219
Average local training accuracy : 0.9586729166666667
INFO flwr 2023-05-16 15:07:38,015 | server.py:116 | fit progress: (7, 1.9268835327148437, {'server_test_acc': 0.6474}, 679.812782890047)
INFO flwr 2023-05-16 15:07:38,015 | server.py:163 | evaluate_round 7: no clients selected, cancel
DEBUG flwr 2023-05-16 15:07:38,015 | server.py:215 | fit_round 8: strategy sampled 8 clients (out of 20)
DEBUG flwr 2023-05-16 15:08:26,911 | server.py:229 | fit_round 8 received 8 results and 0 failures
[2m[36m(launch_and_fit pid=3185975)[0m Fitting Client 0
[2m[36m(launch_and_fit pid=3185974)[0m Fitting Client 1
[2m[36m(launch_and_fit pid=3185970)[0m Fitting Client 11
[2m[36m(launch_and_fit pid=3185976)[0m Fitting Client 16
[2m[36m(launch_and_fit pid=3185971)[0m Fitting Client 4
[2m[36m(launch_and_fit pid=3185977)[0m Fitting Client 12
[2m[36m(launch_and_fit pid=3185972)[0m Fitting Client 7
[2m[36m(launch_and_fit pid=3185973)[0m Fitting Client 15
Performing server side distillation training...
Distillation training stopped at step number : 500
Average fusion training loss : 0.13682438611984252, val accuracy : 0.6535599999999999
Average local training loss : 0.3823795848223427
Average local training accuracy : 0.9596576388888889
INFO flwr 2023-05-16 15:09:17,078 | server.py:116 | fit progress: (8, 1.9398830810546874, {'server_test_acc': 0.6503}, 778.8759691750165)
INFO flwr 2023-05-16 15:09:17,078 | server.py:163 | evaluate_round 8: no clients selected, cancel
DEBUG flwr 2023-05-16 15:09:17,078 | server.py:215 | fit_round 9: strategy sampled 8 clients (out of 20)
DEBUG flwr 2023-05-16 15:10:07,980 | server.py:229 | fit_round 9 received 8 results and 0 failures
[2m[36m(launch_and_fit pid=3331815)[0m Fitting Client 13
[2m[36m(launch_and_fit pid=3331820)[0m Fitting Client 9
[2m[36m(launch_and_fit pid=3331819)[0m Fitting Client 5
[2m[36m(launch_and_fit pid=3331813)[0m Fitting Client 4
[2m[36m(launch_and_fit pid=3331816)[0m Fitting Client 6
[2m[36m(launch_and_fit pid=3331817)[0m Fitting Client 2
[2m[36m(launch_and_fit pid=3331818)[0m Fitting Client 14
[2m[36m(launch_and_fit pid=3331814)[0m Fitting Client 3
Performing server side distillation training...
Distillation training stopped at step number : 500
Average fusion training loss : 0.10168098752945662, val accuracy : 0.66324
Average local training loss : 0.3252429863927546
Average local training accuracy : 0.9662166666666666
INFO flwr 2023-05-16 15:10:57,515 | server.py:116 | fit progress: (9, 1.9220533935546875, {'server_test_acc': 0.6615}, 879.3134856600082)
INFO flwr 2023-05-16 15:10:57,515 | server.py:163 | evaluate_round 9: no clients selected, cancel
DEBUG flwr 2023-05-16 15:10:57,516 | server.py:215 | fit_round 10: strategy sampled 8 clients (out of 20)
DEBUG flwr 2023-05-16 15:11:48,106 | server.py:229 | fit_round 10 received 8 results and 0 failures
[2m[36m(launch_and_fit pid=3477915)[0m Fitting Client 3
[2m[36m(launch_and_fit pid=3477910)[0m Fitting Client 8
[2m[36m(launch_and_fit pid=3477913)[0m Fitting Client 0
[2m[36m(launch_and_fit pid=3477914)[0m Fitting Client 17
[2m[36m(launch_and_fit pid=3477912)[0m Fitting Client 10
[2m[36m(launch_and_fit pid=3477909)[0m Fitting Client 16
[2m[36m(launch_and_fit pid=3477908)[0m Fitting Client 14
[2m[36m(launch_and_fit pid=3477911)[0m Fitting Client 12
Performing server side distillation training...
E0516 15:11:50.588661985 3570299 chttp2_transport.cc:1079]             ipv4:145.136.62.34:43153: Received a GOAWAY with error code ENHANCE_YOUR_CALM and debug data equal to "too_many_pings". Current keepalive time (before throttling): 480000ms
Distillation training stopped at step number : 500
Average fusion training loss : 0.08986554832756519, val accuracy : 0.66616
Average local training loss : 0.27237371596240795
Average local training accuracy : 0.9711847222222222
INFO flwr 2023-05-16 15:12:37,963 | server.py:116 | fit progress: (10, 2.0071988525390627, {'server_test_acc': 0.6638}, 979.7613714539912)
INFO flwr 2023-05-16 15:12:37,963 | server.py:163 | evaluate_round 10: no clients selected, cancel
DEBUG flwr 2023-05-16 15:12:37,963 | server.py:215 | fit_round 11: strategy sampled 8 clients (out of 20)
DEBUG flwr 2023-05-16 15:13:28,444 | server.py:229 | fit_round 11 received 8 results and 0 failures
[2m[36m(launch_and_fit pid=3623788)[0m Fitting Client 0
[2m[36m(launch_and_fit pid=3623787)[0m Fitting Client 10
[2m[36m(launch_and_fit pid=3623779)[0m Fitting Client 8
[2m[36m(launch_and_fit pid=3623790)[0m Fitting Client 7
[2m[36m(launch_and_fit pid=3623785)[0m Fitting Client 9
[2m[36m(launch_and_fit pid=3623784)[0m Fitting Client 3
[2m[36m(launch_and_fit pid=3623789)[0m Fitting Client 2
[2m[36m(launch_and_fit pid=3623786)[0m Fitting Client 13
Performing server side distillation training...
Distillation training stopped at step number : 500
Average fusion training loss : 0.08550837207585574, val accuracy : 0.66604
Average local training loss : 0.23897645213846774
Average local training accuracy : 0.9756173611111111
INFO flwr 2023-05-16 15:14:18,513 | server.py:116 | fit progress: (11, 1.9692266967773437, {'server_test_acc': 0.6687}, 1080.3107204190455)
INFO flwr 2023-05-16 15:14:18,513 | server.py:163 | evaluate_round 11: no clients selected, cancel
DEBUG flwr 2023-05-16 15:14:18,513 | server.py:215 | fit_round 12: strategy sampled 8 clients (out of 20)
DEBUG flwr 2023-05-16 15:15:09,028 | server.py:229 | fit_round 12 received 8 results and 0 failures
[2m[36m(launch_and_fit pid=3769863)[0m Fitting Client 13
[2m[36m(launch_and_fit pid=3769865)[0m Fitting Client 10
[2m[36m(launch_and_fit pid=3769859)[0m Fitting Client 16
[2m[36m(launch_and_fit pid=3769860)[0m Fitting Client 5
[2m[36m(launch_and_fit pid=3769866)[0m Fitting Client 3
[2m[36m(launch_and_fit pid=3769861)[0m Fitting Client 8
[2m[36m(launch_and_fit pid=3769862)[0m Fitting Client 18
[2m[36m(launch_and_fit pid=3769864)[0m Fitting Client 4
Performing server side distillation training...
Distillation training stopped at step number : 500
Average fusion training loss : 0.07296026855707169, val accuracy : 0.66784
Average local training loss : 0.21340122828486302
Average local training accuracy : 0.9783777777777777
INFO flwr 2023-05-16 15:15:59,427 | server.py:116 | fit progress: (12, 2.051212585449219, {'server_test_acc': 0.6723}, 1181.2256216880633)
INFO flwr 2023-05-16 15:15:59,428 | server.py:163 | evaluate_round 12: no clients selected, cancel
DEBUG flwr 2023-05-16 15:15:59,428 | server.py:215 | fit_round 13: strategy sampled 8 clients (out of 20)
DEBUG flwr 2023-05-16 15:16:48,182 | server.py:229 | fit_round 13 received 8 results and 0 failures
[2m[36m(launch_and_fit pid=3954290)[0m Fitting Client 6
[2m[36m(launch_and_fit pid=3954317)[0m Fitting Client 14
[2m[36m(launch_and_fit pid=3954316)[0m Fitting Client 12
[2m[36m(launch_and_fit pid=3954227)[0m Fitting Client 4
[2m[36m(launch_and_fit pid=3954315)[0m Fitting Client 11
[2m[36m(launch_and_fit pid=3954298)[0m Fitting Client 8
[2m[36m(launch_and_fit pid=3954311)[0m Fitting Client 5
[2m[36m(launch_and_fit pid=3954314)[0m Fitting Client 16
Performing server side distillation training...
E0516 15:16:58.096710387 4062642 chttp2_transport.cc:1079]             ipv4:145.136.62.34:43153: Received a GOAWAY with error code ENHANCE_YOUR_CALM and debug data equal to "too_many_pings". Current keepalive time (before throttling): 960000ms
E0516 15:17:12.345399759 4064090 chttp2_transport.cc:1079]             ipv4:145.136.62.34:43153: Received a GOAWAY with error code ENHANCE_YOUR_CALM and debug data equal to "too_many_pings". Current keepalive time (before throttling): 1920000ms
Distillation training stopped at step number : 500
Average fusion training loss : 0.07787184757366776, val accuracy : 0.6763600000000001
Average local training loss : 0.21147523249973119
Average local training accuracy : 0.9789770833333333
INFO flwr 2023-05-16 15:17:38,051 | server.py:116 | fit progress: (13, 1.9647657104492187, {'server_test_acc': 0.6748}, 1279.8496126619866)
INFO flwr 2023-05-16 15:17:38,052 | server.py:163 | evaluate_round 13: no clients selected, cancel
DEBUG flwr 2023-05-16 15:17:38,052 | server.py:215 | fit_round 14: strategy sampled 8 clients (out of 20)
DEBUG flwr 2023-05-16 15:18:25,850 | server.py:229 | fit_round 14 received 8 results and 0 failures
[2m[36m(launch_and_fit pid=4103341)[0m Fitting Client 10
[2m[36m(launch_and_fit pid=4103344)[0m Fitting Client 14
[2m[36m(launch_and_fit pid=4103340)[0m Fitting Client 15
[2m[36m(launch_and_fit pid=4103342)[0m Fitting Client 0
[2m[36m(launch_and_fit pid=4103346)[0m Fitting Client 12
[2m[36m(launch_and_fit pid=4103343)[0m Fitting Client 3
[2m[36m(launch_and_fit pid=4103347)[0m Fitting Client 5
[2m[36m(launch_and_fit pid=4103345)[0m Fitting Client 19
Performing server side distillation training...
Distillation training stopped at step number : 500
Average fusion training loss : 0.07450816460698843, val accuracy : 0.67072
Average local training loss : 0.18239788140480187
Average local training accuracy : 0.9813881944444445
INFO flwr 2023-05-16 15:19:16,463 | server.py:116 | fit progress: (14, 2.0188291870117188, {'server_test_acc': 0.6735}, 1378.2616174910218)
INFO flwr 2023-05-16 15:19:16,464 | server.py:163 | evaluate_round 14: no clients selected, cancel
DEBUG flwr 2023-05-16 15:19:16,464 | server.py:215 | fit_round 15: strategy sampled 8 clients (out of 20)
DEBUG flwr 2023-05-16 15:20:07,650 | server.py:229 | fit_round 15 received 8 results and 0 failures
[2m[36m(launch_and_fit pid=55919)[0m Fitting Client 2
[2m[36m(launch_and_fit pid=55920)[0m Fitting Client 1
[2m[36m(launch_and_fit pid=55921)[0m Fitting Client 18
[2m[36m(launch_and_fit pid=55918)[0m Fitting Client 7
[2m[36m(launch_and_fit pid=55923)[0m Fitting Client 16
[2m[36m(launch_and_fit pid=55922)[0m Fitting Client 11
[2m[36m(launch_and_fit pid=55917)[0m Fitting Client 17
[2m[36m(launch_and_fit pid=55915)[0m Fitting Client 9
Performing server side distillation training...
Distillation training stopped at step number : 500
Average fusion training loss : 0.0794407176785171, val accuracy : 0.6810400000000001
Average local training loss : 0.23436491289653533
Average local training accuracy : 0.9772034722222223
INFO flwr 2023-05-16 15:20:59,045 | server.py:116 | fit progress: (15, 1.9658181640625, {'server_test_acc': 0.6878}, 1480.8430043200497)
INFO flwr 2023-05-16 15:20:59,045 | server.py:163 | evaluate_round 15: no clients selected, cancel
DEBUG flwr 2023-05-16 15:20:59,045 | server.py:215 | fit_round 16: strategy sampled 8 clients (out of 20)
DEBUG flwr 2023-05-16 15:21:48,644 | server.py:229 | fit_round 16 received 8 results and 0 failures
[2m[36m(launch_and_fit pid=202671)[0m Fitting Client 2
[2m[36m(launch_and_fit pid=202670)[0m Fitting Client 18
[2m[36m(launch_and_fit pid=202672)[0m Fitting Client 8
[2m[36m(launch_and_fit pid=202669)[0m Fitting Client 4
[2m[36m(launch_and_fit pid=202674)[0m Fitting Client 15
[2m[36m(launch_and_fit pid=202675)[0m Fitting Client 19
[2m[36m(launch_and_fit pid=202668)[0m Fitting Client 17
[2m[36m(launch_and_fit pid=202673)[0m Fitting Client 16
Performing server side distillation training...
Distillation training stopped at step number : 500
Average fusion training loss : 0.06123308756016195, val accuracy : 0.67644
Average local training loss : 0.16376545769302311
Average local training accuracy : 0.98395625
INFO flwr 2023-05-16 15:22:40,463 | server.py:116 | fit progress: (16, 1.9924281494140625, {'server_test_acc': 0.6854}, 1582.260789950029)
INFO flwr 2023-05-16 15:22:40,463 | server.py:163 | evaluate_round 16: no clients selected, cancel
DEBUG flwr 2023-05-16 15:22:40,463 | server.py:215 | fit_round 17: strategy sampled 8 clients (out of 20)
DEBUG flwr 2023-05-16 15:23:30,487 | server.py:229 | fit_round 17 received 8 results and 0 failures
[2m[36m(launch_and_fit pid=348955)[0m Fitting Client 10
[2m[36m(launch_and_fit pid=348949)[0m Fitting Client 13
[2m[36m(launch_and_fit pid=348954)[0m Fitting Client 19
[2m[36m(launch_and_fit pid=348953)[0m Fitting Client 17
[2m[36m(launch_and_fit pid=348952)[0m Fitting Client 9
[2m[36m(launch_and_fit pid=348951)[0m Fitting Client 6
[2m[36m(launch_and_fit pid=348950)[0m Fitting Client 16
[2m[36m(launch_and_fit pid=348956)[0m Fitting Client 18
Performing server side distillation training...
E0516 15:23:34.298263895  448963 chttp2_transport.cc:1079]             ipv4:145.136.62.34:43153: Received a GOAWAY with error code ENHANCE_YOUR_CALM and debug data equal to "too_many_pings". Current keepalive time (before throttling): 3840000ms
Distillation training stopped at step number : 500
Average fusion training loss : 0.06652419912442566, val accuracy : 0.67928
Average local training loss : 0.16107973504641107
Average local training accuracy : 0.9843277777777778
INFO flwr 2023-05-16 15:24:22,329 | server.py:116 | fit progress: (17, 1.9839911743164063, {'server_test_acc': 0.6818}, 1684.1267810480203)
INFO flwr 2023-05-16 15:24:22,329 | server.py:163 | evaluate_round 17: no clients selected, cancel
DEBUG flwr 2023-05-16 15:24:22,329 | server.py:215 | fit_round 18: strategy sampled 8 clients (out of 20)
DEBUG flwr 2023-05-16 15:25:18,027 | server.py:229 | fit_round 18 received 8 results and 0 failures
[2m[36m(launch_and_fit pid=495420)[0m Fitting Client 1
[2m[36m(launch_and_fit pid=495416)[0m Fitting Client 15
[2m[36m(launch_and_fit pid=495417)[0m Fitting Client 18
[2m[36m(launch_and_fit pid=495419)[0m Fitting Client 17
[2m[36m(launch_and_fit pid=495418)[0m Fitting Client 3
[2m[36m(launch_and_fit pid=495414)[0m Fitting Client 16
[2m[36m(launch_and_fit pid=495415)[0m Fitting Client 11
[2m[36m(launch_and_fit pid=495413)[0m Fitting Client 14
Performing server side distillation training...
Distillation training stopped at step number : 500
Average fusion training loss : 0.05529234946705401, val accuracy : 0.6863999999999999
Average local training loss : 0.1515502396595366
Average local training accuracy : 0.9851347222222221
INFO flwr 2023-05-16 15:26:10,002 | server.py:116 | fit progress: (18, 1.95479873046875, {'server_test_acc': 0.6899}, 1791.7999837050447)
INFO flwr 2023-05-16 15:26:10,002 | server.py:163 | evaluate_round 18: no clients selected, cancel
DEBUG flwr 2023-05-16 15:26:10,002 | server.py:215 | fit_round 19: strategy sampled 8 clients (out of 20)
DEBUG flwr 2023-05-16 15:27:00,581 | server.py:229 | fit_round 19 received 8 results and 0 failures
[2m[36m(launch_and_fit pid=641290)[0m Fitting Client 11
[2m[36m(launch_and_fit pid=641294)[0m Fitting Client 1
[2m[36m(launch_and_fit pid=641295)[0m Fitting Client 7
[2m[36m(launch_and_fit pid=641293)[0m Fitting Client 0
[2m[36m(launch_and_fit pid=641297)[0m Fitting Client 16
[2m[36m(launch_and_fit pid=641291)[0m Fitting Client 10
[2m[36m(launch_and_fit pid=641292)[0m Fitting Client 18
[2m[36m(launch_and_fit pid=641296)[0m Fitting Client 17
Performing server side distillation training...
Distillation training stopped at step number : 500
Average fusion training loss : 0.05495165996067226, val accuracy : 0.6897599999999999
Average local training loss : 0.1315243041232236
Average local training accuracy : 0.9869659722222223
INFO flwr 2023-05-16 15:27:53,041 | server.py:116 | fit progress: (19, 1.958169140625, {'server_test_acc': 0.6899}, 1894.8388056900585)
INFO flwr 2023-05-16 15:27:53,041 | server.py:163 | evaluate_round 19: no clients selected, cancel
DEBUG flwr 2023-05-16 15:27:53,041 | server.py:215 | fit_round 20: strategy sampled 8 clients (out of 20)
DEBUG flwr 2023-05-16 15:28:42,734 | server.py:229 | fit_round 20 received 8 results and 0 failures
[2m[36m(launch_and_fit pid=786948)[0m Fitting Client 3
[2m[36m(launch_and_fit pid=786944)[0m Fitting Client 19
[2m[36m(launch_and_fit pid=786949)[0m Fitting Client 10
[2m[36m(launch_and_fit pid=786942)[0m Fitting Client 1
[2m[36m(launch_and_fit pid=786947)[0m Fitting Client 7
[2m[36m(launch_and_fit pid=786943)[0m Fitting Client 2
[2m[36m(launch_and_fit pid=786945)[0m Fitting Client 8
[2m[36m(launch_and_fit pid=786946)[0m Fitting Client 16
Performing server side distillation training...
E0516 15:28:48.885051970  450364 chttp2_transport.cc:1079]             ipv4:145.136.62.34:43153: Received a GOAWAY with error code ENHANCE_YOUR_CALM and debug data equal to "too_many_pings". Current keepalive time (before throttling): 7680000ms
Distillation training stopped at step number : 500
Average fusion training loss : 0.05569393577985465, val accuracy : 0.6892799999999999
Average local training loss : 0.12654897572453477
Average local training accuracy : 0.987732638888889
INFO flwr 2023-05-16 15:29:36,709 | server.py:116 | fit progress: (20, 1.9292845947265624, {'server_test_acc': 0.683}, 1998.5070386530133)
INFO flwr 2023-05-16 15:29:36,709 | server.py:163 | evaluate_round 20: no clients selected, cancel
DEBUG flwr 2023-05-16 15:29:36,709 | server.py:215 | fit_round 21: strategy sampled 8 clients (out of 20)
DEBUG flwr 2023-05-16 15:30:28,984 | server.py:229 | fit_round 21 received 8 results and 0 failures
[2m[36m(launch_and_fit pid=932739)[0m Fitting Client 3
[2m[36m(launch_and_fit pid=932738)[0m Fitting Client 8
[2m[36m(launch_and_fit pid=932737)[0m Fitting Client 18
[2m[36m(launch_and_fit pid=932734)[0m Fitting Client 15
[2m[36m(launch_and_fit pid=932735)[0m Fitting Client 6
[2m[36m(launch_and_fit pid=932733)[0m Fitting Client 4
[2m[36m(launch_and_fit pid=932740)[0m Fitting Client 7
[2m[36m(launch_and_fit pid=932736)[0m Fitting Client 12
Performing server side distillation training...
Distillation training stopped at step number : 500
Average fusion training loss : 0.061394161626696586, val accuracy : 0.6924
Average local training loss : 0.14484244183512374
Average local training accuracy : 0.9857354166666666
INFO flwr 2023-05-16 15:31:23,814 | server.py:116 | fit progress: (21, 1.890582666015625, {'server_test_acc': 0.6937}, 2105.61187449703)
INFO flwr 2023-05-16 15:31:23,814 | server.py:163 | evaluate_round 21: no clients selected, cancel
DEBUG flwr 2023-05-16 15:31:23,814 | server.py:215 | fit_round 22: strategy sampled 8 clients (out of 20)
DEBUG flwr 2023-05-16 15:32:14,890 | server.py:229 | fit_round 22 received 8 results and 0 failures
[2m[36m(launch_and_fit pid=1107513)[0m Fitting Client 6
[2m[36m(launch_and_fit pid=1107516)[0m Fitting Client 5
[2m[36m(launch_and_fit pid=1107514)[0m Fitting Client 3
[2m[36m(launch_and_fit pid=1107519)[0m Fitting Client 15
[2m[36m(launch_and_fit pid=1107518)[0m Fitting Client 18
[2m[36m(launch_and_fit pid=1107520)[0m Fitting Client 19
[2m[36m(launch_and_fit pid=1107515)[0m Fitting Client 13
[2m[36m(launch_and_fit pid=1107517)[0m Fitting Client 17
Performing server side distillation training...
Distillation training stopped at step number : 500
Average fusion training loss : 0.05299821729771793, val accuracy : 0.6892400000000001
Average local training loss : 0.11921364854869125
Average local training accuracy : 0.9881729166666666
INFO flwr 2023-05-16 15:33:09,327 | server.py:116 | fit progress: (22, 1.9716123779296875, {'server_test_acc': 0.6888}, 2211.1256270779995)
INFO flwr 2023-05-16 15:33:09,328 | server.py:163 | evaluate_round 22: no clients selected, cancel
DEBUG flwr 2023-05-16 15:33:09,328 | server.py:215 | fit_round 23: strategy sampled 8 clients (out of 20)
DEBUG flwr 2023-05-16 15:33:58,649 | server.py:229 | fit_round 23 received 8 results and 0 failures
[2m[36m(launch_and_fit pid=1253333)[0m Fitting Client 18
[2m[36m(launch_and_fit pid=1253334)[0m Fitting Client 12
[2m[36m(launch_and_fit pid=1253337)[0m Fitting Client 5
[2m[36m(launch_and_fit pid=1253336)[0m Fitting Client 3
[2m[36m(launch_and_fit pid=1253332)[0m Fitting Client 1
[2m[36m(launch_and_fit pid=1253335)[0m Fitting Client 14
[2m[36m(launch_and_fit pid=1253338)[0m Fitting Client 11
[2m[36m(launch_and_fit pid=1253339)[0m Fitting Client 15
Performing server side distillation training...
E0516 15:34:00.198107244 1343802 chttp2_transport.cc:1079]             ipv4:145.136.62.34:43153: Received a GOAWAY with error code ENHANCE_YOUR_CALM and debug data equal to "too_many_pings". Current keepalive time (before throttling): 15360000ms
Distillation training stopped at step number : 500
Average fusion training loss : 0.05587273400090635, val accuracy : 0.69256
Average local training loss : 0.11769940644163625
Average local training accuracy : 0.988476388888889
INFO flwr 2023-05-16 15:34:52,459 | server.py:116 | fit progress: (23, 1.9086688232421876, {'server_test_acc': 0.6912}, 2314.256812777021)
INFO flwr 2023-05-16 15:34:52,459 | server.py:163 | evaluate_round 23: no clients selected, cancel
DEBUG flwr 2023-05-16 15:34:52,459 | server.py:215 | fit_round 24: strategy sampled 8 clients (out of 20)
DEBUG flwr 2023-05-16 15:35:42,758 | server.py:229 | fit_round 24 received 8 results and 0 failures
[2m[36m(launch_and_fit pid=1398886)[0m Fitting Client 2
[2m[36m(launch_and_fit pid=1398882)[0m Fitting Client 6
[2m[36m(launch_and_fit pid=1398881)[0m Fitting Client 3
[2m[36m(launch_and_fit pid=1398887)[0m Fitting Client 15
[2m[36m(launch_and_fit pid=1398883)[0m Fitting Client 17
[2m[36m(launch_and_fit pid=1398884)[0m Fitting Client 14
[2m[36m(launch_and_fit pid=1398885)[0m Fitting Client 16
[2m[36m(launch_and_fit pid=1398880)[0m Fitting Client 7
Performing server side distillation training...
Distillation training stopped at step number : 500
Average fusion training loss : 0.049851487213745715, val accuracy : 0.69396
Average local training loss : 0.10125638557497041
Average local training accuracy : 0.9898916666666667
INFO flwr 2023-05-16 15:36:37,121 | server.py:116 | fit progress: (24, 1.9774585205078126, {'server_test_acc': 0.6949}, 2418.9194383519934)
INFO flwr 2023-05-16 15:36:37,121 | server.py:163 | evaluate_round 24: no clients selected, cancel
DEBUG flwr 2023-05-16 15:36:37,122 | server.py:215 | fit_round 25: strategy sampled 8 clients (out of 20)
DEBUG flwr 2023-05-16 15:37:27,353 | server.py:229 | fit_round 25 received 8 results and 0 failures
[2m[36m(launch_and_fit pid=1544867)[0m Fitting Client 2
[2m[36m(launch_and_fit pid=1544864)[0m Fitting Client 8
[2m[36m(launch_and_fit pid=1544861)[0m Fitting Client 14
[2m[36m(launch_and_fit pid=1544866)[0m Fitting Client 13
[2m[36m(launch_and_fit pid=1544863)[0m Fitting Client 7
[2m[36m(launch_and_fit pid=1544868)[0m Fitting Client 12
[2m[36m(launch_and_fit pid=1544862)[0m Fitting Client 18
[2m[36m(launch_and_fit pid=1544865)[0m Fitting Client 19
Performing server side distillation training...
Distillation training stopped at step number : 500
Average fusion training loss : 0.04930211078561843, val accuracy : 0.68688
Average local training loss : 0.10451250758753758
Average local training accuracy : 0.9897902777777777
INFO flwr 2023-05-16 15:38:21,684 | server.py:116 | fit progress: (25, 2.015926171875, {'server_test_acc': 0.6866}, 2523.4821729060495)
INFO flwr 2023-05-16 15:38:21,684 | server.py:163 | evaluate_round 25: no clients selected, cancel
DEBUG flwr 2023-05-16 15:38:21,684 | server.py:215 | fit_round 26: strategy sampled 8 clients (out of 20)
DEBUG flwr 2023-05-16 15:39:10,578 | server.py:229 | fit_round 26 received 8 results and 0 failures
[2m[36m(launch_and_fit pid=1690561)[0m Fitting Client 12
[2m[36m(launch_and_fit pid=1690563)[0m Fitting Client 19
[2m[36m(launch_and_fit pid=1690559)[0m Fitting Client 17
[2m[36m(launch_and_fit pid=1690564)[0m Fitting Client 2
[2m[36m(launch_and_fit pid=1690565)[0m Fitting Client 14
[2m[36m(launch_and_fit pid=1690555)[0m Fitting Client 3
[2m[36m(launch_and_fit pid=1690560)[0m Fitting Client 1
[2m[36m(launch_and_fit pid=1690562)[0m Fitting Client 0
Performing server side distillation training...
E0516 15:39:32.957773396 1351304 chttp2_transport.cc:1079]             ipv4:145.136.62.34:43153: Received a GOAWAY with error code ENHANCE_YOUR_CALM and debug data equal to "too_many_pings". Current keepalive time (before throttling): 30720000ms
Distillation training stopped at step number : 500
Average fusion training loss : 0.049935516387224196, val accuracy : 0.68384
Average local training loss : 0.10326361469788026
Average local training accuracy : 0.9900215277777777
INFO flwr 2023-05-16 15:40:05,071 | server.py:116 | fit progress: (26, 2.010904138183594, {'server_test_acc': 0.6803}, 2626.8692722870037)
INFO flwr 2023-05-16 15:40:05,071 | server.py:163 | evaluate_round 26: no clients selected, cancel
DEBUG flwr 2023-05-16 15:40:05,072 | server.py:215 | fit_round 27: strategy sampled 8 clients (out of 20)
DEBUG flwr 2023-05-16 15:41:13,171 | server.py:229 | fit_round 27 received 8 results and 0 failures
[2m[36m(launch_and_fit pid=1836295)[0m Fitting Client 5
[2m[36m(launch_and_fit pid=1836299)[0m Fitting Client 0
[2m[36m(launch_and_fit pid=1836293)[0m Fitting Client 15
[2m[36m(launch_and_fit pid=1836296)[0m Fitting Client 13
[2m[36m(launch_and_fit pid=1836300)[0m Fitting Client 18
[2m[36m(launch_and_fit pid=1836294)[0m Fitting Client 17
[2m[36m(launch_and_fit pid=1836297)[0m Fitting Client 6
[2m[36m(launch_and_fit pid=1836298)[0m Fitting Client 16
Performing server side distillation training...
Distillation training stopped at step number : 500
Average fusion training loss : 0.056814620289951566, val accuracy : 0.69984
Average local training loss : 0.09868864872443056
Average local training accuracy : 0.9901229166666666
INFO flwr 2023-05-16 15:42:06,989 | server.py:116 | fit progress: (27, 2.033992248535156, {'server_test_acc': 0.6914}, 2748.7874607470585)
INFO flwr 2023-05-16 15:42:06,989 | server.py:163 | evaluate_round 27: no clients selected, cancel
DEBUG flwr 2023-05-16 15:42:06,990 | server.py:215 | fit_round 28: strategy sampled 8 clients (out of 20)
DEBUG flwr 2023-05-16 15:42:57,681 | server.py:229 | fit_round 28 received 8 results and 0 failures
[2m[36m(launch_and_fit pid=1983228)[0m Fitting Client 14
[2m[36m(launch_and_fit pid=1983226)[0m Fitting Client 8
[2m[36m(launch_and_fit pid=1983229)[0m Fitting Client 0
[2m[36m(launch_and_fit pid=1983232)[0m Fitting Client 16
[2m[36m(launch_and_fit pid=1983227)[0m Fitting Client 12
[2m[36m(launch_and_fit pid=1983230)[0m Fitting Client 13
[2m[36m(launch_and_fit pid=1983231)[0m Fitting Client 18
[2m[36m(launch_and_fit pid=1983225)[0m Fitting Client 5
Performing server side distillation training...
Distillation training stopped at step number : 500
Average fusion training loss : 0.04621532272920013, val accuracy : 0.6977599999999999
Average local training loss : 0.08853849419139125
Average local training accuracy : 0.9911041666666668
INFO flwr 2023-05-16 15:43:52,305 | server.py:116 | fit progress: (28, 2.0276399658203124, {'server_test_acc': 0.6895}, 2854.1034871330485)
INFO flwr 2023-05-16 15:43:52,305 | server.py:163 | evaluate_round 28: no clients selected, cancel
DEBUG flwr 2023-05-16 15:43:52,306 | server.py:215 | fit_round 29: strategy sampled 8 clients (out of 20)
DEBUG flwr 2023-05-16 15:44:44,389 | server.py:229 | fit_round 29 received 8 results and 0 failures
[2m[36m(launch_and_fit pid=2132502)[0m Fitting Client 14
[2m[36m(launch_and_fit pid=2132508)[0m Fitting Client 19
[2m[36m(launch_and_fit pid=2132501)[0m Fitting Client 13
[2m[36m(launch_and_fit pid=2132506)[0m Fitting Client 9
[2m[36m(launch_and_fit pid=2132507)[0m Fitting Client 15
[2m[36m(launch_and_fit pid=2132504)[0m Fitting Client 3
[2m[36m(launch_and_fit pid=2132503)[0m Fitting Client 4
[2m[36m(launch_and_fit pid=2132505)[0m Fitting Client 16
Performing server side distillation training...
E0516 15:45:04.862172008 2246745 chttp2_transport.cc:1079]             ipv4:145.136.62.34:43153: Received a GOAWAY with error code ENHANCE_YOUR_CALM and debug data equal to "too_many_pings". Current keepalive time (before throttling): 61440000ms
Distillation training stopped at step number : 500
Average fusion training loss : 0.058843838836997744, val accuracy : 0.6919599999999999
Average local training loss : 0.09729409858865665
Average local training accuracy : 0.990675
INFO flwr 2023-05-16 15:45:38,375 | server.py:116 | fit progress: (29, 2.08536572265625, {'server_test_acc': 0.6918}, 2960.172976705013)
INFO flwr 2023-05-16 15:45:38,375 | server.py:163 | evaluate_round 29: no clients selected, cancel
DEBUG flwr 2023-05-16 15:45:38,375 | server.py:215 | fit_round 30: strategy sampled 8 clients (out of 20)
DEBUG flwr 2023-05-16 15:46:28,464 | server.py:229 | fit_round 30 received 8 results and 0 failures
[2m[36m(launch_and_fit pid=2287728)[0m Fitting Client 9
[2m[36m(launch_and_fit pid=2287831)[0m Fitting Client 17
[2m[36m(launch_and_fit pid=2287820)[0m Fitting Client 14
[2m[36m(launch_and_fit pid=2287812)[0m Fitting Client 10
[2m[36m(launch_and_fit pid=2287464)[0m Fitting Client 1
[2m[36m(launch_and_fit pid=2287717)[0m Fitting Client 0
[2m[36m(launch_and_fit pid=2286742)[0m Fitting Client 18
[2m[36m(launch_and_fit pid=2287703)[0m Fitting Client 19
Performing server side distillation training...
Distillation training stopped at step number : 500
Average fusion training loss : 0.049104617597535254, val accuracy : 0.69156
Average local training loss : 0.09942262804499932
Average local training accuracy : 0.9906243055555556
INFO flwr 2023-05-16 15:47:22,164 | server.py:116 | fit progress: (30, 1.995883447265625, {'server_test_acc': 0.6918}, 3063.961952515994)
INFO flwr 2023-05-16 15:47:22,164 | server.py:163 | evaluate_round 30: no clients selected, cancel
INFO flwr 2023-05-16 15:47:22,164 | server.py:144 | FL finished in 3063.9622132950462
INFO flwr 2023-05-16 15:47:22,165 | app.py:202 | app_fit: losses_distributed []
INFO flwr 2023-05-16 15:47:22,165 | app.py:203 | app_fit: metrics_distributed {}
INFO flwr 2023-05-16 15:47:22,165 | app.py:204 | app_fit: losses_centralized [(0, 2.369325817871094), (1, 1.6830895874023437), (2, 1.686311572265625), (3, 1.842526904296875), (4, 1.7778091552734374), (5, 1.829389208984375), (6, 2.0067701904296875), (7, 1.9268835327148437), (8, 1.9398830810546874), (9, 1.9220533935546875), (10, 2.0071988525390627), (11, 1.9692266967773437), (12, 2.051212585449219), (13, 1.9647657104492187), (14, 2.0188291870117188), (15, 1.9658181640625), (16, 1.9924281494140625), (17, 1.9839911743164063), (18, 1.95479873046875), (19, 1.958169140625), (20, 1.9292845947265624), (21, 1.890582666015625), (22, 1.9716123779296875), (23, 1.9086688232421876), (24, 1.9774585205078126), (25, 2.015926171875), (26, 2.010904138183594), (27, 2.033992248535156), (28, 2.0276399658203124), (29, 2.08536572265625), (30, 1.995883447265625)]
INFO flwr 2023-05-16 15:47:22,165 | app.py:205 | app_fit: metrics_centralized {'server_test_acc': [(0, 0.1096), (1, 0.3385), (2, 0.4142), (3, 0.5186), (4, 0.601), (5, 0.6125), (6, 0.6299), (7, 0.6474), (8, 0.6503), (9, 0.6615), (10, 0.6638), (11, 0.6687), (12, 0.6723), (13, 0.6748), (14, 0.6735), (15, 0.6878), (16, 0.6854), (17, 0.6818), (18, 0.6899), (19, 0.6899), (20, 0.683), (21, 0.6937), (22, 0.6888), (23, 0.6912), (24, 0.6949), (25, 0.6866), (26, 0.6803), (27, 0.6914), (28, 0.6895), (29, 0.6918), (30, 0.6918)]}

JOB STATISTICS
==============
Job ID: 2753971
Cluster: snellius
User/Group: sunnys/sunnys
State: COMPLETED (exit code 0)
Nodes: 1
Cores per node: 18
CPU Utilized: 02:00:24
CPU Efficiency: 12.85% of 15:37:12 core-walltime
Job Wall-clock time: 00:52:04
Memory Utilized: 32.03 GB
Memory Efficiency: 0.00% of 0.00 MB
