-----BEGIN-----
-----SETTINGS-----
TOTAL CROPS:100000
STRATEGY:feddf
MODEL_NAME:resnet8
NUM_CLIENTS:20
NUM_ROUNDS:30
FRACTION_FIT:0.4
FRACTION_EVALUATE:0.0
DATASET_NAME:pathmnist
PARTITION_ALPHA:100.0
PARTITION_VAL_RATIO:0.1
BATCH_SIZE:512
LOCAL_EPOCHS:20
LOCAL_LR:0.01
DISTILL_BATCH_SIZE:512
SERVER_LR:0.005
SERVER_STEPS:250
SERVER_EARLY_STEPS:1000
USE_EARLY_STOPPING:False
USE_ADAPTIVE_LR:False
USE_ADAPTIVE_LR_ROUND:False
SEED:84
CUDA_DETERMINISTIC:False
USE_CROPS:True
IMG_NAME:colonpath_sample.jpg
DISTILL_DATASET:organamnist
DISTILL_ALPHA:1.0
NUM_DISTILL_IMAGES:10000
DISTILL_TRANSFORMS:v0
WARM_START:True
WARM_START_ROUNDS:1
WARM_START_INTERVAL:5
KMEANS_N_CLUSTER:9
KMEANS_HEURISTICS:easy
KMEANS_MIXED_FACTOR:50-50
KMEANS_BALANCING:0.25
CONFIDENCE_THRESHOLD:0.9
CONFIDENCE_STRATEGY:top
CONFIDENCE_ADAPTIVE:False
CONFIDENCE_MAX_THRESH:0.5
CLIPPING_FACTOR:2.5
FEDPROX_FACTOR:0.0
FEDPROX_ADAPTIVE:False
USE_CLIPPING:True
USE_ENTROPY:True
USE_KMEANS:False
USE_FEDPROX:False
-----SETTINGS END-----
-----EXPERIMENT BEGINS-----
---------
Generating crops for FedDF
Namespace(img_size=32, batch_size=32, num_imgs=100000, threads=18, vflip=False, deg=30, shear=30, cropfirst=True, initcrop=0.5, scale=[500, 1], randinterp=False, debug=False, imgpath='./static/single_images/colonpath_sample.jpg', targetpath='/scratch-local/sunnys.3358503/1692176627_207214305', seed=84, img_per_thread=5555)
will save 100000 patches in /scratch-local/sunnys.3358503/1692176627_207214305/single_img_crops/crops
100000 took 0.45min with 18 threads
---------
Simulating feddf training
INFO simulate 2023-08-16 11:04:28,589 | simulate.py:50 | Python script started : simulate.py
DEBUG simulate 2023-08-16 11:04:28,589 | simulate.py:55 | Reading args from argument parser
Downloading https://zenodo.org/record/6496656/files/pathmnist.npz?download=1 to /scratch-local/sunnys.3358503/1692176627_207214305/pathmnist.npz
Generating unified pathmnist dataset
Class histogram for 0-th partition (alpha=100.0, 9 classes): [442 400 475 553 489 529 484 583 545]
INFO flwr 2023-08-16 11:05:56,671 | app.py:145 | Starting Flower simulation, config: ServerConfig(num_rounds=30, round_timeout=None)
2023-08-16 11:05:59,388	INFO worker.py:1529 -- Started a local Ray instance. View the dashboard at [1m[32m127.0.0.1:8265 [39m[22m
INFO flwr 2023-08-16 11:06:00,413 | app.py:179 | Flower VCE: Ray initialized with resources: {'GPU': 1.0, 'accelerator_type:A100': 1.0, 'CPU': 18.0, 'memory': 103079215104.0, 'node:145.136.62.52': 1.0, 'object_store_memory': 61847529062.0}
INFO flwr 2023-08-16 11:06:00,413 | server.py:86 | Initializing global parameters
INFO flwr 2023-08-16 11:06:00,413 | server.py:266 | Using initial parameters provided by strategy
INFO flwr 2023-08-16 11:06:00,413 | server.py:88 | Evaluating initial parameters
INFO flwr 2023-08-16 11:06:09,902 | server.py:91 | initial parameters (loss, other metrics): 2.192614644616427, {'server_test_acc': 0.18704735376044568}
INFO flwr 2023-08-16 11:06:09,902 | server.py:101 | FL starting
DEBUG flwr 2023-08-16 11:06:18,637 | server.py:215 | fit_round 1: strategy sampled 8 clients (out of 20)
[2m[36m(launch_and_fit pid=498364)[0m malloc_consolidate(): invalid chunk size
[2m[36m(launch_and_fit pid=498368)[0m malloc_consolidate(): invalid chunk size
[2m[36m(launch_and_fit pid=498366)[0m malloc_consolidate(): invalid chunk size
DEBUG flwr 2023-08-16 11:07:13,403 | server.py:229 | fit_round 1 received 8 results and 0 failures
INFO flwr 2023-08-16 11:07:13,613 | fed_df.py:365 | Warm start at round 1
INFO flwr 2023-08-16 11:07:13,723 | fed_df.py:463 | Performing server side distillation training...
[2m[36m(launch_and_fit pid=498363)[0m Fitting Client 17
[2m[36m(launch_and_fit pid=498365)[0m Fitting Client 6
[2m[36m(launch_and_fit pid=498364)[0m Fitting Client 11
[2m[36m(launch_and_fit pid=498369)[0m Fitting Client 15
[2m[36m(launch_and_fit pid=498368)[0m Fitting Client 9
[2m[36m(launch_and_fit pid=498367)[0m Fitting Client 2
[2m[36m(launch_and_fit pid=498366)[0m Fitting Client 8
[2m[36m(launch_and_fit pid=498362)[0m Fitting Client 4
[2m[36m(launch_and_fit pid=498362)[0m malloc_consolidate(): invalid chunk size
[2m[36m(launch_and_fit pid=498369)[0m double free or corruption (fasttop)
[2m[36m(launch_and_fit pid=498367)[0m malloc_consolidate(): invalid chunk size
[2m[36m(launch_and_fit pid=498365)[0m malloc_consolidate(): invalid chunk size
[2m[36m(launch_and_fit pid=498363)[0m double free or corruption (fasttop)
E0816 11:07:15.555636756  495177 chttp2_transport.cc:1079]             ipv4:145.136.62.52:60108: Received a GOAWAY with error code ENHANCE_YOUR_CALM and debug data equal to "too_many_pings". Current keepalive time (before throttling): 60000ms
INFO flwr 2023-08-16 11:07:43,869 | fed_df.py:540 | Distillation training stopped at step number : 250
INFO flwr 2023-08-16 11:07:43,869 | fed_df.py:547 | Average fusion training loss : 0.3087489193677902, val accuracy : 0.37012005335704756, best val accuracy : 0.457536682970209
INFO flwr 2023-08-16 11:07:43,870 | common.py:35 | Avg. local train loss : 8.3455152656883, train acc : 0.7144876543209876
INFO flwr 2023-08-16 11:07:46,137 | server.py:116 | fit progress: (1, 1.9311552969526116, {'server_test_acc': 0.44526462395543176}, 96.23415587213822)
INFO flwr 2023-08-16 11:07:46,137 | server.py:163 | evaluate_round 1: no clients selected, cancel
DEBUG flwr 2023-08-16 11:07:55,115 | server.py:215 | fit_round 2: strategy sampled 8 clients (out of 20)
[2m[36m(launch_and_fit pid=571965)[0m malloc_consolidate(): invalid chunk size
DEBUG flwr 2023-08-16 11:08:46,852 | server.py:229 | fit_round 2 received 8 results and 0 failures
[2m[36m(launch_and_fit pid=571967)[0m malloc_consolidate(): invalid chunk size
INFO flwr 2023-08-16 11:08:47,113 | fed_df.py:463 | Performing server side distillation training...
[2m[36m(launch_and_fit pid=571965)[0m Fitting Client 0
[2m[36m(launch_and_fit pid=571962)[0m Fitting Client 19
[2m[36m(launch_and_fit pid=571967)[0m Fitting Client 2
[2m[36m(launch_and_fit pid=571968)[0m Fitting Client 15
[2m[36m(launch_and_fit pid=571969)[0m Fitting Client 7
[2m[36m(launch_and_fit pid=571970)[0m Fitting Client 1
[2m[36m(launch_and_fit pid=571972)[0m Fitting Client 4
[2m[36m(launch_and_fit pid=571971)[0m Fitting Client 9
[2m[36m(launch_and_fit pid=571962)[0m double free or corruption (fasttop)
E0816 11:08:47.702121886  624472 chttp2_transport.cc:1079]             ipv4:145.136.62.52:60108: Received a GOAWAY with error code ENHANCE_YOUR_CALM and debug data equal to "too_many_pings". Current keepalive time (before throttling): 120000ms
[2m[36m(launch_and_fit pid=571972)[0m malloc_consolidate(): invalid chunk size
[2m[36m(launch_and_fit pid=571968)[0m malloc_consolidate(): invalid chunk size
[2m[36m(launch_and_fit pid=571969)[0m malloc_consolidate(): invalid chunk size
[2m[36m(launch_and_fit pid=571970)[0m double free or corruption (fasttop)
[2m[36m(launch_and_fit pid=571971)[0m malloc_consolidate(): invalid chunk size
INFO flwr 2023-08-16 11:09:20,505 | fed_df.py:540 | Distillation training stopped at step number : 250
INFO flwr 2023-08-16 11:09:20,505 | fed_df.py:547 | Average fusion training loss : 0.07825119400024413, val accuracy : 0.3379946642952424, best val accuracy : 0.40262338817252113
INFO flwr 2023-08-16 11:09:20,507 | common.py:35 | Avg. local train loss : 7.507162117213011, train acc : 0.7672469135802469
INFO flwr 2023-08-16 11:09:22,928 | server.py:116 | fit progress: (2, 2.407595821210601, {'server_test_acc': 0.3381615598885794}, 193.02497958415188)
INFO flwr 2023-08-16 11:09:22,928 | server.py:163 | evaluate_round 2: no clients selected, cancel
DEBUG flwr 2023-08-16 11:09:32,080 | server.py:215 | fit_round 3: strategy sampled 8 clients (out of 20)
[2m[36m(launch_and_fit pid=667269)[0m malloc_consolidate(): invalid chunk size
[2m[36m(launch_and_fit pid=667294)[0m double free or corruption (fasttop)
DEBUG flwr 2023-08-16 11:10:24,698 | server.py:229 | fit_round 3 received 8 results and 0 failures
INFO flwr 2023-08-16 11:10:24,964 | fed_df.py:463 | Performing server side distillation training...
[2m[36m(launch_and_fit pid=667269)[0m Fitting Client 13
[2m[36m(launch_and_fit pid=667294)[0m Fitting Client 4
[2m[36m(launch_and_fit pid=667327)[0m Fitting Client 9
[2m[36m(launch_and_fit pid=667322)[0m Fitting Client 16
[2m[36m(launch_and_fit pid=667355)[0m Fitting Client 17
[2m[36m(launch_and_fit pid=667323)[0m Fitting Client 12
[2m[36m(launch_and_fit pid=667380)[0m Fitting Client 19
[2m[36m(launch_and_fit pid=667384)[0m Fitting Client 10
[2m[36m(launch_and_fit pid=667322)[0m malloc_consolidate(): invalid chunk size
[2m[36m(launch_and_fit pid=667327)[0m double free or corruption (fasttop)
[2m[36m(launch_and_fit pid=667384)[0m malloc_consolidate(): invalid chunk size
E0816 11:10:25.954775478  624785 chttp2_transport.cc:1079]             ipv4:145.136.62.52:60108: Received a GOAWAY with error code ENHANCE_YOUR_CALM and debug data equal to "too_many_pings". Current keepalive time (before throttling): 240000ms
[2m[36m(launch_and_fit pid=667355)[0m malloc_consolidate(): invalid chunk size
[2m[36m(launch_and_fit pid=667380)[0m double free or corruption (fasttop)
[2m[36m(launch_and_fit pid=667323)[0m malloc_consolidate(): invalid chunk size
INFO flwr 2023-08-16 11:11:02,803 | fed_df.py:540 | Distillation training stopped at step number : 250
INFO flwr 2023-08-16 11:11:02,804 | fed_df.py:547 | Average fusion training loss : 0.034871505327522756, val accuracy : 0.5186527345486883, best val accuracy : 0.5739217429968875
INFO flwr 2023-08-16 11:11:02,805 | common.py:35 | Avg. local train loss : 7.360521903634071, train acc : 0.7727592592592591
INFO flwr 2023-08-16 11:11:05,231 | server.py:116 | fit progress: (3, 2.055345144776581, {'server_test_acc': 0.6013927576601671}, 295.3285796411801)
INFO flwr 2023-08-16 11:11:05,231 | server.py:163 | evaluate_round 3: no clients selected, cancel
DEBUG flwr 2023-08-16 11:11:14,385 | server.py:215 | fit_round 4: strategy sampled 8 clients (out of 20)
[2m[36m(launch_and_fit pid=744307)[0m malloc_consolidate(): invalid chunk size
DEBUG flwr 2023-08-16 11:12:06,065 | server.py:229 | fit_round 4 received 8 results and 0 failures
INFO flwr 2023-08-16 11:12:06,330 | fed_df.py:463 | Performing server side distillation training...
[2m[36m(launch_and_fit pid=744302)[0m Fitting Client 11
[2m[36m(launch_and_fit pid=744307)[0m Fitting Client 8
[2m[36m(launch_and_fit pid=744308)[0m Fitting Client 3
[2m[36m(launch_and_fit pid=744304)[0m Fitting Client 19
[2m[36m(launch_and_fit pid=744311)[0m Fitting Client 9
[2m[36m(launch_and_fit pid=744309)[0m Fitting Client 4
[2m[36m(launch_and_fit pid=744310)[0m Fitting Client 12
[2m[36m(launch_and_fit pid=744306)[0m Fitting Client 0
[2m[36m(launch_and_fit pid=744311)[0m malloc_consolidate(): invalid chunk size
[2m[36m(launch_and_fit pid=744304)[0m malloc_consolidate(): invalid chunk size
E0816 11:12:06.764143248  791018 chttp2_transport.cc:1079]             ipv4:145.136.62.52:60108: Received a GOAWAY with error code ENHANCE_YOUR_CALM and debug data equal to "too_many_pings". Current keepalive time (before throttling): 480000ms
[2m[36m(launch_and_fit pid=744306)[0m malloc_consolidate(): invalid chunk size
[2m[36m(launch_and_fit pid=744309)[0m malloc_consolidate(): invalid chunk size
[2m[36m(launch_and_fit pid=744302)[0m malloc_consolidate(): invalid chunk size
[2m[36m(launch_and_fit pid=744308)[0m double free or corruption (fasttop)
[2m[36m(launch_and_fit pid=744310)[0m malloc_consolidate(): invalid chunk size
INFO flwr 2023-08-16 11:12:38,749 | fed_df.py:540 | Distillation training stopped at step number : 250
INFO flwr 2023-08-16 11:12:38,749 | fed_df.py:547 | Average fusion training loss : 0.0424998444467783, val accuracy : 0.5060026678523789, best val accuracy : 0.60482436638506
INFO flwr 2023-08-16 11:12:38,751 | common.py:35 | Avg. local train loss : 7.437974187359214, train acc : 0.7688487654320987
INFO flwr 2023-08-16 11:12:41,230 | server.py:116 | fit progress: (4, 1.832382353301832, {'server_test_acc': 0.5118384401114207}, 391.32766982121393)
INFO flwr 2023-08-16 11:12:41,231 | server.py:163 | evaluate_round 4: no clients selected, cancel
DEBUG flwr 2023-08-16 11:12:50,405 | server.py:215 | fit_round 5: strategy sampled 8 clients (out of 20)
[2m[36m(launch_and_fit pid=818088)[0m double free or corruption (fasttop)
[2m[36m(launch_and_fit pid=818095)[0m malloc_consolidate(): invalid chunk size
[2m[36m(launch_and_fit pid=818098)[0m malloc_consolidate(): invalid chunk size
[2m[36m(launch_and_fit pid=818094)[0m malloc_consolidate(): invalid chunk size
DEBUG flwr 2023-08-16 11:13:42,573 | server.py:229 | fit_round 5 received 8 results and 0 failures
INFO flwr 2023-08-16 11:13:42,786 | fed_df.py:365 | Warm start at round 5
INFO flwr 2023-08-16 11:13:42,894 | fed_df.py:463 | Performing server side distillation training...
[2m[36m(launch_and_fit pid=818088)[0m Fitting Client 11
[2m[36m(launch_and_fit pid=818095)[0m Fitting Client 17
[2m[36m(launch_and_fit pid=818094)[0m Fitting Client 9
[2m[36m(launch_and_fit pid=818096)[0m Fitting Client 2
[2m[36m(launch_and_fit pid=818100)[0m Fitting Client 6
[2m[36m(launch_and_fit pid=818098)[0m Fitting Client 14
[2m[36m(launch_and_fit pid=818099)[0m Fitting Client 19
[2m[36m(launch_and_fit pid=818097)[0m Fitting Client 7
[2m[36m(launch_and_fit pid=818099)[0m malloc_consolidate(): invalid chunk size
[2m[36m(launch_and_fit pid=818100)[0m malloc_consolidate(): invalid chunk size
[2m[36m(launch_and_fit pid=818096)[0m double free or corruption (fasttop)
[2m[36m(launch_and_fit pid=818097)[0m double free or corruption (fasttop)
INFO flwr 2023-08-16 11:14:15,636 | fed_df.py:540 | Distillation training stopped at step number : 250
INFO flwr 2023-08-16 11:14:15,637 | fed_df.py:547 | Average fusion training loss : 0.07825160354375839, val accuracy : 0.5419519786571809, best val accuracy : 0.6166073810582481
INFO flwr 2023-08-16 11:14:15,639 | common.py:35 | Avg. local train loss : 7.495437994971872, train acc : 0.7659645061728396
INFO flwr 2023-08-16 11:14:18,091 | server.py:116 | fit progress: (5, 2.9260749290912598, {'server_test_acc': 0.5153203342618384}, 488.18821283918805)
INFO flwr 2023-08-16 11:14:18,091 | server.py:163 | evaluate_round 5: no clients selected, cancel
DEBUG flwr 2023-08-16 11:14:27,421 | server.py:215 | fit_round 6: strategy sampled 8 clients (out of 20)
[2m[36m(launch_and_fit pid=891759)[0m malloc_consolidate(): invalid chunk size
[2m[36m(launch_and_fit pid=891765)[0m double free or corruption (fasttop)
[2m[36m(launch_and_fit pid=891760)[0m malloc_consolidate(): invalid chunk size
DEBUG flwr 2023-08-16 11:15:19,589 | server.py:229 | fit_round 6 received 8 results and 0 failures
INFO flwr 2023-08-16 11:15:19,853 | fed_df.py:463 | Performing server side distillation training...
[2m[36m(launch_and_fit pid=891759)[0m Fitting Client 19
[2m[36m(launch_and_fit pid=891760)[0m Fitting Client 10
[2m[36m(launch_and_fit pid=891762)[0m Fitting Client 18
[2m[36m(launch_and_fit pid=891768)[0m Fitting Client 7
[2m[36m(launch_and_fit pid=891765)[0m Fitting Client 15
[2m[36m(launch_and_fit pid=891766)[0m Fitting Client 17
[2m[36m(launch_and_fit pid=891764)[0m Fitting Client 8
[2m[36m(launch_and_fit pid=891767)[0m Fitting Client 4
[2m[36m(launch_and_fit pid=891767)[0m malloc_consolidate(): invalid chunk size
[2m[36m(launch_and_fit pid=891762)[0m malloc_consolidate(): invalid chunk size
[2m[36m(launch_and_fit pid=891768)[0m malloc_consolidate(): invalid chunk size
[2m[36m(launch_and_fit pid=891764)[0m malloc_consolidate(): invalid chunk size
[2m[36m(launch_and_fit pid=891766)[0m double free or corruption (fasttop)
E0816 11:15:23.074813727  791188 chttp2_transport.cc:1079]             ipv4:145.136.62.52:60108: Received a GOAWAY with error code ENHANCE_YOUR_CALM and debug data equal to "too_many_pings". Current keepalive time (before throttling): 960000ms
INFO flwr 2023-08-16 11:15:53,193 | fed_df.py:540 | Distillation training stopped at step number : 250
INFO flwr 2023-08-16 11:15:53,194 | fed_df.py:547 | Average fusion training loss : 0.091235641092062, val accuracy : 0.6179413072476656, best val accuracy : 0.6661849710982659
INFO flwr 2023-08-16 11:15:53,195 | common.py:35 | Avg. local train loss : 6.474962868541479, train acc : 0.8299320987654321
INFO flwr 2023-08-16 11:15:55,715 | server.py:116 | fit progress: (6, 2.0500274772431526, {'server_test_acc': 0.6087743732590529}, 585.8126824691426)
INFO flwr 2023-08-16 11:15:55,716 | server.py:163 | evaluate_round 6: no clients selected, cancel
DEBUG flwr 2023-08-16 11:16:05,334 | server.py:215 | fit_round 7: strategy sampled 8 clients (out of 20)
[2m[36m(launch_and_fit pid=965570)[0m malloc_consolidate(): invalid chunk size
[2m[36m(launch_and_fit pid=965572)[0m malloc_consolidate(): invalid chunk size
DEBUG flwr 2023-08-16 11:16:57,736 | server.py:229 | fit_round 7 received 8 results and 0 failures
[2m[36m(launch_and_fit pid=965578)[0m malloc_consolidate(): invalid chunk size
INFO flwr 2023-08-16 11:16:58,025 | fed_df.py:463 | Performing server side distillation training...
[2m[36m(launch_and_fit pid=965570)[0m Fitting Client 0
[2m[36m(launch_and_fit pid=965572)[0m Fitting Client 8
[2m[36m(launch_and_fit pid=965571)[0m Fitting Client 12
[2m[36m(launch_and_fit pid=965574)[0m Fitting Client 19
[2m[36m(launch_and_fit pid=965578)[0m Fitting Client 2
[2m[36m(launch_and_fit pid=965576)[0m Fitting Client 4
[2m[36m(launch_and_fit pid=965577)[0m Fitting Client 15
[2m[36m(launch_and_fit pid=965575)[0m Fitting Client 3
[2m[36m(launch_and_fit pid=965571)[0m double free or corruption (fasttop)
[2m[36m(launch_and_fit pid=965577)[0m malloc_consolidate(): invalid chunk size
[2m[36m(launch_and_fit pid=965574)[0m malloc_consolidate(): invalid chunk size
[2m[36m(launch_and_fit pid=965575)[0m double free or corruption (fasttop)
E0816 11:16:59.256672140 1012948 chttp2_transport.cc:1079]             ipv4:145.136.62.52:60108: Received a GOAWAY with error code ENHANCE_YOUR_CALM and debug data equal to "too_many_pings". Current keepalive time (before throttling): 1920000ms
[2m[36m(launch_and_fit pid=965576)[0m malloc_consolidate(): invalid chunk size
E0816 11:17:26.248535403 1013151 chttp2_transport.cc:1079]             ipv4:145.136.62.52:60108: Received a GOAWAY with error code ENHANCE_YOUR_CALM and debug data equal to "too_many_pings". Current keepalive time (before throttling): 3840000ms
INFO flwr 2023-08-16 11:17:30,790 | fed_df.py:540 | Distillation training stopped at step number : 250
INFO flwr 2023-08-16 11:17:30,791 | fed_df.py:547 | Average fusion training loss : 0.061730785965919494, val accuracy : 0.5662738995108937, best val accuracy : 0.6009337483325923
INFO flwr 2023-08-16 11:17:30,793 | common.py:35 | Avg. local train loss : 7.067814863659442, train acc : 0.7946466049382717
INFO flwr 2023-08-16 11:17:33,231 | server.py:116 | fit progress: (7, 1.48757385902086, {'server_test_acc': 0.7093314763231198}, 683.3282485220116)
INFO flwr 2023-08-16 11:17:33,231 | server.py:163 | evaluate_round 7: no clients selected, cancel
DEBUG flwr 2023-08-16 11:17:42,563 | server.py:215 | fit_round 8: strategy sampled 8 clients (out of 20)
[2m[36m(launch_and_fit pid=1039375)[0m malloc_consolidate(): invalid chunk size
[2m[36m(launch_and_fit pid=1039376)[0m malloc_consolidate(): invalid chunk size
DEBUG flwr 2023-08-16 11:18:34,651 | server.py:229 | fit_round 8 received 8 results and 0 failures
[2m[36m(launch_and_fit pid=1039384)[0m malloc_consolidate(): invalid chunk size
INFO flwr 2023-08-16 11:18:34,918 | fed_df.py:463 | Performing server side distillation training...
[2m[36m(launch_and_fit pid=1039375)[0m Fitting Client 5
[2m[36m(launch_and_fit pid=1039376)[0m Fitting Client 14
[2m[36m(launch_and_fit pid=1039378)[0m Fitting Client 7
[2m[36m(launch_and_fit pid=1039380)[0m Fitting Client 15
[2m[36m(launch_and_fit pid=1039382)[0m Fitting Client 9
[2m[36m(launch_and_fit pid=1039381)[0m Fitting Client 19
[2m[36m(launch_and_fit pid=1039383)[0m Fitting Client 4
[2m[36m(launch_and_fit pid=1039384)[0m Fitting Client 13
[2m[36m(launch_and_fit pid=1039380)[0m malloc_consolidate(): invalid chunk size
[2m[36m(launch_and_fit pid=1039382)[0m double free or corruption (fasttop)
E0816 11:18:35.436591978 1033178 chttp2_transport.cc:1079]             ipv4:145.136.62.52:60108: Received a GOAWAY with error code ENHANCE_YOUR_CALM and debug data equal to "too_many_pings". Current keepalive time (before throttling): 7680000ms
[2m[36m(launch_and_fit pid=1039381)[0m malloc_consolidate(): invalid chunk size
[2m[36m(launch_and_fit pid=1039383)[0m malloc_consolidate(): invalid chunk size
[2m[36m(launch_and_fit pid=1039378)[0m malloc_consolidate(): invalid chunk size
INFO flwr 2023-08-16 11:19:08,911 | fed_df.py:540 | Distillation training stopped at step number : 250
INFO flwr 2023-08-16 11:19:08,912 | fed_df.py:547 | Average fusion training loss : 0.05795665173232555, val accuracy : 0.5331925300133393, best val accuracy : 0.5961538461538461
INFO flwr 2023-08-16 11:19:08,914 | common.py:35 | Avg. local train loss : 7.1043116055428985, train acc : 0.7945817901234569
INFO flwr 2023-08-16 11:19:11,395 | server.py:116 | fit progress: (8, 2.432928917600584, {'server_test_acc': 0.5986072423398329}, 781.4920314440969)
INFO flwr 2023-08-16 11:19:11,395 | server.py:163 | evaluate_round 8: no clients selected, cancel
DEBUG flwr 2023-08-16 11:19:20,679 | server.py:215 | fit_round 9: strategy sampled 8 clients (out of 20)
[2m[36m(launch_and_fit pid=1112957)[0m double free or corruption (fasttop)
DEBUG flwr 2023-08-16 11:20:12,417 | server.py:229 | fit_round 9 received 8 results and 0 failures
INFO flwr 2023-08-16 11:20:12,685 | fed_df.py:463 | Performing server side distillation training...
[2m[36m(launch_and_fit pid=1112957)[0m Fitting Client 3
[2m[36m(launch_and_fit pid=1112960)[0m Fitting Client 18
[2m[36m(launch_and_fit pid=1112963)[0m Fitting Client 4
[2m[36m(launch_and_fit pid=1112959)[0m Fitting Client 2
[2m[36m(launch_and_fit pid=1112962)[0m Fitting Client 13
[2m[36m(launch_and_fit pid=1112961)[0m Fitting Client 5
[2m[36m(launch_and_fit pid=1112964)[0m Fitting Client 16
[2m[36m(launch_and_fit pid=1112965)[0m Fitting Client 19
[2m[36m(launch_and_fit pid=1112960)[0m malloc_consolidate(): invalid chunk size
[2m[36m(launch_and_fit pid=1112961)[0m double free or corruption (fasttop)
[2m[36m(launch_and_fit pid=1112959)[0m malloc_consolidate(): invalid chunk size
[2m[36m(launch_and_fit pid=1112964)[0m malloc_consolidate(): invalid chunk size
[2m[36m(launch_and_fit pid=1112963)[0m malloc_consolidate(): invalid chunk size
E0816 11:20:13.971165089 1160330 chttp2_transport.cc:1079]             ipv4:145.136.62.52:60108: Received a GOAWAY with error code ENHANCE_YOUR_CALM and debug data equal to "too_many_pings". Current keepalive time (before throttling): 15360000ms
[2m[36m(launch_and_fit pid=1112962)[0m malloc_consolidate(): invalid chunk size
[2m[36m(launch_and_fit pid=1112965)[0m double free or corruption (fasttop)
INFO flwr 2023-08-16 11:20:45,463 | fed_df.py:540 | Distillation training stopped at step number : 250
INFO flwr 2023-08-16 11:20:45,464 | fed_df.py:547 | Average fusion training loss : 0.06416811081767082, val accuracy : 0.574255224544242, best val accuracy : 0.6094931080480214
INFO flwr 2023-08-16 11:20:45,466 | common.py:35 | Avg. local train loss : 6.55368537567556, train acc : 0.8269783950617282
INFO flwr 2023-08-16 11:20:47,925 | server.py:116 | fit progress: (9, 3.3362393411089117, {'server_test_acc': 0.49442896935933145}, 878.0219043821562)
INFO flwr 2023-08-16 11:20:47,925 | server.py:163 | evaluate_round 9: no clients selected, cancel
DEBUG flwr 2023-08-16 11:20:57,196 | server.py:215 | fit_round 10: strategy sampled 8 clients (out of 20)
[2m[36m(launch_and_fit pid=1186590)[0m malloc_consolidate(): invalid chunk size
DEBUG flwr 2023-08-16 11:21:48,818 | server.py:229 | fit_round 10 received 8 results and 0 failures
INFO flwr 2023-08-16 11:21:49,031 | fed_df.py:365 | Warm start at round 10
INFO flwr 2023-08-16 11:21:49,143 | fed_df.py:463 | Performing server side distillation training...
[2m[36m(launch_and_fit pid=1186586)[0m Fitting Client 5
[2m[36m(launch_and_fit pid=1186587)[0m Fitting Client 10
[2m[36m(launch_and_fit pid=1186584)[0m Fitting Client 13
[2m[36m(launch_and_fit pid=1186588)[0m Fitting Client 1
[2m[36m(launch_and_fit pid=1186592)[0m Fitting Client 9
[2m[36m(launch_and_fit pid=1186590)[0m Fitting Client 7
[2m[36m(launch_and_fit pid=1186589)[0m Fitting Client 19
[2m[36m(launch_and_fit pid=1186591)[0m Fitting Client 0
[2m[36m(launch_and_fit pid=1186587)[0m malloc_consolidate(): invalid chunk size
[2m[36m(launch_and_fit pid=1186589)[0m malloc_consolidate(): invalid chunk size
[2m[36m(launch_and_fit pid=1186591)[0m malloc_consolidate(): invalid chunk size
E0816 11:21:50.235012556 1160600 chttp2_transport.cc:1079]             ipv4:145.136.62.52:60108: Received a GOAWAY with error code ENHANCE_YOUR_CALM and debug data equal to "too_many_pings". Current keepalive time (before throttling): 30720000ms
[2m[36m(launch_and_fit pid=1186586)[0m malloc_consolidate(): invalid chunk size
[2m[36m(launch_and_fit pid=1186592)[0m malloc_consolidate(): invalid chunk size
[2m[36m(launch_and_fit pid=1186588)[0m double free or corruption (fasttop)
[2m[36m(launch_and_fit pid=1186584)[0m double free or corruption (fasttop)
INFO flwr 2023-08-16 11:22:21,999 | fed_df.py:540 | Distillation training stopped at step number : 250
INFO flwr 2023-08-16 11:22:22,000 | fed_df.py:547 | Average fusion training loss : 0.0916951850950718, val accuracy : 0.608070253445976, best val accuracy : 0.7042018674966651
INFO flwr 2023-08-16 11:22:22,002 | common.py:35 | Avg. local train loss : 6.751571334525943, train acc : 0.8166373456790125
INFO flwr 2023-08-16 11:22:24,450 | server.py:116 | fit progress: (10, 2.1035801297774888, {'server_test_acc': 0.6210306406685236}, 974.5474495501257)
INFO flwr 2023-08-16 11:22:24,450 | server.py:163 | evaluate_round 10: no clients selected, cancel
DEBUG flwr 2023-08-16 11:22:33,719 | server.py:215 | fit_round 11: strategy sampled 8 clients (out of 20)
[2m[36m(launch_and_fit pid=1260284)[0m malloc_consolidate(): invalid chunk size
DEBUG flwr 2023-08-16 11:23:25,482 | server.py:229 | fit_round 11 received 8 results and 0 failures
[2m[36m(launch_and_fit pid=1260286)[0m double free or corruption (fasttop)
INFO flwr 2023-08-16 11:23:25,749 | fed_df.py:463 | Performing server side distillation training...
[2m[36m(launch_and_fit pid=1260286)[0m Fitting Client 13
[2m[36m(launch_and_fit pid=1260284)[0m Fitting Client 3
[2m[36m(launch_and_fit pid=1260290)[0m Fitting Client 11
[2m[36m(launch_and_fit pid=1260289)[0m Fitting Client 6
[2m[36m(launch_and_fit pid=1260293)[0m Fitting Client 5
[2m[36m(launch_and_fit pid=1260291)[0m Fitting Client 16
[2m[36m(launch_and_fit pid=1260292)[0m Fitting Client 0
[2m[36m(launch_and_fit pid=1260294)[0m Fitting Client 14
[2m[36m(launch_and_fit pid=1260293)[0m double free or corruption (fasttop)
[2m[36m(launch_and_fit pid=1260292)[0m malloc_consolidate(): invalid chunk size
[2m[36m(launch_and_fit pid=1260289)[0m malloc_consolidate(): invalid chunk size
[2m[36m(launch_and_fit pid=1260291)[0m double free or corruption (fasttop)
[2m[36m(launch_and_fit pid=1260294)[0m malloc_consolidate(): invalid chunk size
[2m[36m(launch_and_fit pid=1260290)[0m malloc_consolidate(): invalid chunk size
E0816 11:23:28.070255204 1234030 chttp2_transport.cc:1079]             ipv4:145.136.62.52:60108: Received a GOAWAY with error code ENHANCE_YOUR_CALM and debug data equal to "too_many_pings". Current keepalive time (before throttling): 61440000ms
INFO flwr 2023-08-16 11:23:58,592 | fed_df.py:540 | Distillation training stopped at step number : 250
INFO flwr 2023-08-16 11:23:58,592 | fed_df.py:547 | Average fusion training loss : 0.031980680610984566, val accuracy : 0.702690084481992, best val accuracy : 0.7511116051578479
INFO flwr 2023-08-16 11:23:58,594 | common.py:35 | Avg. local train loss : 6.393444304540754, train acc : 0.8367006172839505
INFO flwr 2023-08-16 11:24:01,081 | server.py:116 | fit progress: (11, 2.817447260960231, {'server_test_acc': 0.6573816155988857}, 1071.1787178041413)
INFO flwr 2023-08-16 11:24:01,082 | server.py:163 | evaluate_round 11: no clients selected, cancel
DEBUG flwr 2023-08-16 11:24:10,351 | server.py:215 | fit_round 12: strategy sampled 8 clients (out of 20)
[2m[36m(launch_and_fit pid=1335193)[0m malloc_consolidate(): invalid chunk size
[2m[36m(launch_and_fit pid=1335134)[0m malloc_consolidate(): invalid chunk size
DEBUG flwr 2023-08-16 11:25:02,863 | server.py:229 | fit_round 12 received 8 results and 0 failures
[2m[36m(launch_and_fit pid=1335194)[0m malloc_consolidate(): invalid chunk size
INFO flwr 2023-08-16 11:25:03,131 | fed_df.py:463 | Performing server side distillation training...
[2m[36m(launch_and_fit pid=1335134)[0m Fitting Client 17
[2m[36m(launch_and_fit pid=1335168)[0m Fitting Client 14
[2m[36m(launch_and_fit pid=1335167)[0m Fitting Client 3
[2m[36m(launch_and_fit pid=1335192)[0m Fitting Client 0
[2m[36m(launch_and_fit pid=1335194)[0m Fitting Client 5
[2m[36m(launch_and_fit pid=1335193)[0m Fitting Client 8
[2m[36m(launch_and_fit pid=1335221)[0m Fitting Client 1
[2m[36m(launch_and_fit pid=1335222)[0m Fitting Client 18
[2m[36m(launch_and_fit pid=1335192)[0m malloc_consolidate(): invalid chunk size
[2m[36m(launch_and_fit pid=1335167)[0m malloc_consolidate(): invalid chunk size
[2m[36m(launch_and_fit pid=1335222)[0m double free or corruption (fasttop)
[2m[36m(launch_and_fit pid=1335168)[0m malloc_consolidate(): invalid chunk size
[2m[36m(launch_and_fit pid=1335221)[0m malloc_consolidate(): invalid chunk size
E0816 11:25:06.488849851 1398551 chttp2_transport.cc:1079]             ipv4:145.136.62.52:60108: Received a GOAWAY with error code ENHANCE_YOUR_CALM and debug data equal to "too_many_pings". Current keepalive time (before throttling): 122880000ms
INFO flwr 2023-08-16 11:25:36,079 | fed_df.py:540 | Distillation training stopped at step number : 250
INFO flwr 2023-08-16 11:25:36,080 | fed_df.py:547 | Average fusion training loss : 0.049138768687844274, val accuracy : 0.6226545131169409, best val accuracy : 0.710760337927968
INFO flwr 2023-08-16 11:25:36,082 | common.py:35 | Avg. local train loss : 6.223496575653553, train acc : 0.8485416666666666
INFO flwr 2023-08-16 11:25:38,532 | server.py:116 | fit progress: (12, 2.5263338970938767, {'server_test_acc': 0.6430362116991644}, 1168.6293008560315)
INFO flwr 2023-08-16 11:25:38,532 | server.py:163 | evaluate_round 12: no clients selected, cancel
DEBUG flwr 2023-08-16 11:25:47,734 | server.py:215 | fit_round 13: strategy sampled 8 clients (out of 20)
[2m[36m(launch_and_fit pid=1432834)[0m malloc_consolidate(): invalid chunk size
DEBUG flwr 2023-08-16 11:26:39,309 | server.py:229 | fit_round 13 received 8 results and 0 failures
[2m[36m(launch_and_fit pid=1432842)[0m double free or corruption (fasttop)
INFO flwr 2023-08-16 11:26:39,577 | fed_df.py:463 | Performing server side distillation training...
[2m[36m(launch_and_fit pid=1432834)[0m Fitting Client 19
[2m[36m(launch_and_fit pid=1432840)[0m Fitting Client 7
[2m[36m(launch_and_fit pid=1432843)[0m Fitting Client 18
[2m[36m(launch_and_fit pid=1432844)[0m Fitting Client 5
[2m[36m(launch_and_fit pid=1432842)[0m Fitting Client 3
[2m[36m(launch_and_fit pid=1432841)[0m Fitting Client 0
[2m[36m(launch_and_fit pid=1432845)[0m Fitting Client 14
[2m[36m(launch_and_fit pid=1432839)[0m Fitting Client 11
[2m[36m(launch_and_fit pid=1432840)[0m malloc_consolidate(): invalid chunk size
[2m[36m(launch_and_fit pid=1432841)[0m malloc_consolidate(): invalid chunk size
[2m[36m(launch_and_fit pid=1432845)[0m double free or corruption (fasttop)
[2m[36m(launch_and_fit pid=1432844)[0m corrupted size vs. prev_size in fastbins
[2m[36m(launch_and_fit pid=1432843)[0m double free or corruption (fasttop)
[2m[36m(launch_and_fit pid=1432839)[0m double free or corruption (fasttop)
INFO flwr 2023-08-16 11:27:12,389 | fed_df.py:540 | Distillation training stopped at step number : 250
INFO flwr 2023-08-16 11:27:12,389 | fed_df.py:547 | Average fusion training loss : 0.012821114417165517, val accuracy : 0.6475100044464206, best val accuracy : 0.7224321920853712
INFO flwr 2023-08-16 11:27:12,391 | common.py:35 | Avg. local train loss : 6.200018563494087, train acc : 0.8508827160493827
INFO flwr 2023-08-16 11:27:14,843 | server.py:116 | fit progress: (13, 3.7895001392842667, {'server_test_acc': 0.7275766016713092}, 1264.939936630195)
INFO flwr 2023-08-16 11:27:14,843 | server.py:163 | evaluate_round 13: no clients selected, cancel
DEBUG flwr 2023-08-16 11:27:24,198 | server.py:215 | fit_round 14: strategy sampled 8 clients (out of 20)
[2m[36m(launch_and_fit pid=1506438)[0m double free or corruption (fasttop)
[2m[36m(launch_and_fit pid=1506436)[0m double free or corruption (fasttop)
[2m[36m(launch_and_fit pid=1506437)[0m malloc_consolidate(): invalid chunk size
DEBUG flwr 2023-08-16 11:28:16,498 | server.py:229 | fit_round 14 received 8 results and 0 failures
INFO flwr 2023-08-16 11:28:16,763 | fed_df.py:463 | Performing server side distillation training...
[2m[36m(launch_and_fit pid=1506434)[0m Fitting Client 10
[2m[36m(launch_and_fit pid=1506436)[0m Fitting Client 9
[2m[36m(launch_and_fit pid=1506433)[0m Fitting Client 8
[2m[36m(launch_and_fit pid=1506438)[0m Fitting Client 18
[2m[36m(launch_and_fit pid=1506439)[0m Fitting Client 3
[2m[36m(launch_and_fit pid=1506437)[0m Fitting Client 4
[2m[36m(launch_and_fit pid=1506440)[0m Fitting Client 14
[2m[36m(launch_and_fit pid=1506435)[0m Fitting Client 16
[2m[36m(launch_and_fit pid=1506433)[0m malloc_consolidate(): invalid chunk size
[2m[36m(launch_and_fit pid=1506440)[0m double free or corruption (fasttop)
[2m[36m(launch_and_fit pid=1506434)[0m malloc_consolidate(): invalid chunk size
[2m[36m(launch_and_fit pid=1506439)[0m malloc_consolidate(): invalid chunk size
[2m[36m(launch_and_fit pid=1506435)[0m double free or corruption (fasttop)
E0816 11:28:19.547975992 1554448 chttp2_transport.cc:1079]             ipv4:145.136.62.52:60108: Received a GOAWAY with error code ENHANCE_YOUR_CALM and debug data equal to "too_many_pings". Current keepalive time (before throttling): 245760000ms
INFO flwr 2023-08-16 11:28:49,340 | fed_df.py:540 | Distillation training stopped at step number : 250
INFO flwr 2023-08-16 11:28:49,340 | fed_df.py:547 | Average fusion training loss : 0.04978133225440979, val accuracy : 0.7007558915073366, best val accuracy : 0.7325477990217875
INFO flwr 2023-08-16 11:28:49,342 | common.py:35 | Avg. local train loss : 6.326946503669023, train acc : 0.8449212962962964
INFO flwr 2023-08-16 11:28:51,783 | server.py:116 | fit progress: (14, 3.3076624060075597, {'server_test_acc': 0.6171309192200557}, 1361.8804855970666)
INFO flwr 2023-08-16 11:28:51,783 | server.py:163 | evaluate_round 14: no clients selected, cancel
DEBUG flwr 2023-08-16 11:29:01,054 | server.py:215 | fit_round 15: strategy sampled 8 clients (out of 20)
[2m[36m(launch_and_fit pid=1580111)[0m malloc_consolidate(): invalid chunk size
[2m[36m(launch_and_fit pid=1580110)[0m malloc_consolidate(): invalid chunk size
[2m[36m(launch_and_fit pid=1580114)[0m malloc_consolidate(): invalid chunk size
DEBUG flwr 2023-08-16 11:29:52,604 | server.py:229 | fit_round 15 received 8 results and 0 failures
INFO flwr 2023-08-16 11:29:52,818 | fed_df.py:365 | Warm start at round 15
[2m[36m(launch_and_fit pid=1580121)[0m double free or corruption (fasttop)
INFO flwr 2023-08-16 11:29:52,971 | fed_df.py:463 | Performing server side distillation training...
[2m[36m(launch_and_fit pid=1580110)[0m Fitting Client 8
[2m[36m(launch_and_fit pid=1580111)[0m Fitting Client 7
[2m[36m(launch_and_fit pid=1580114)[0m Fitting Client 15
[2m[36m(launch_and_fit pid=1580120)[0m Fitting Client 5
[2m[36m(launch_and_fit pid=1580121)[0m Fitting Client 12
[2m[36m(launch_and_fit pid=1580124)[0m Fitting Client 14
[2m[36m(launch_and_fit pid=1580122)[0m Fitting Client 18
[2m[36m(launch_and_fit pid=1580123)[0m Fitting Client 1
[2m[36m(launch_and_fit pid=1580120)[0m malloc_consolidate(): invalid chunk size
[2m[36m(launch_and_fit pid=1580122)[0m malloc_consolidate(): invalid chunk size
[2m[36m(launch_and_fit pid=1580124)[0m malloc_consolidate(): invalid chunk size
[2m[36m(launch_and_fit pid=1580123)[0m malloc_consolidate(): invalid chunk size
E0816 11:29:55.109786858 1627948 chttp2_transport.cc:1079]             ipv4:145.136.62.52:60108: Received a GOAWAY with error code ENHANCE_YOUR_CALM and debug data equal to "too_many_pings". Current keepalive time (before throttling): 491520000ms
INFO flwr 2023-08-16 11:30:25,630 | fed_df.py:540 | Distillation training stopped at step number : 250
INFO flwr 2023-08-16 11:30:25,630 | fed_df.py:547 | Average fusion training loss : 0.05404211143404245, val accuracy : 0.6905513561582926, best val accuracy : 0.7870164517563362
INFO flwr 2023-08-16 11:30:25,632 | common.py:35 | Avg. local train loss : 6.4065784186124795, train acc : 0.8388425925925925
INFO flwr 2023-08-16 11:30:28,090 | server.py:116 | fit progress: (15, 3.026494956215776, {'server_test_acc': 0.7653203342618384}, 1458.1877222671174)
INFO flwr 2023-08-16 11:30:28,091 | server.py:163 | evaluate_round 15: no clients selected, cancel
DEBUG flwr 2023-08-16 11:30:37,433 | server.py:215 | fit_round 16: strategy sampled 8 clients (out of 20)
[2m[36m(launch_and_fit pid=1653808)[0m malloc_consolidate(): invalid chunk size
[2m[36m(launch_and_fit pid=1653806)[0m malloc_consolidate(): invalid chunk size
DEBUG flwr 2023-08-16 11:31:31,946 | server.py:229 | fit_round 16 received 8 results and 0 failures
[2m[36m(launch_and_fit pid=1653809)[0m double free or corruption (fasttop)
[2m[36m(launch_and_fit pid=1653810)[0m double free or corruption (fasttop)
INFO flwr 2023-08-16 11:31:32,245 | fed_df.py:463 | Performing server side distillation training...
[2m[36m(launch_and_fit pid=1653809)[0m Fitting Client 12
[2m[36m(launch_and_fit pid=1653807)[0m Fitting Client 18
[2m[36m(launch_and_fit pid=1653812)[0m Fitting Client 9
[2m[36m(launch_and_fit pid=1653810)[0m Fitting Client 15
[2m[36m(launch_and_fit pid=1653811)[0m Fitting Client 7
[2m[36m(launch_and_fit pid=1653801)[0m Fitting Client 10
[2m[36m(launch_and_fit pid=1653806)[0m Fitting Client 17
[2m[36m(launch_and_fit pid=1653808)[0m Fitting Client 11
[2m[36m(launch_and_fit pid=1653807)[0m malloc_consolidate(): invalid chunk size
[2m[36m(launch_and_fit pid=1653801)[0m double free or corruption (fasttop)
E0816 11:31:33.060068579 1701033 chttp2_transport.cc:1079]             ipv4:145.136.62.52:60108: Received a GOAWAY with error code ENHANCE_YOUR_CALM and debug data equal to "too_many_pings". Current keepalive time (before throttling): 983040000ms
[2m[36m(launch_and_fit pid=1653812)[0m malloc_consolidate(): invalid chunk size
[2m[36m(launch_and_fit pid=1653811)[0m malloc_consolidate(): invalid chunk size
INFO flwr 2023-08-16 11:32:04,919 | fed_df.py:540 | Distillation training stopped at step number : 250
INFO flwr 2023-08-16 11:32:04,920 | fed_df.py:547 | Average fusion training loss : 0.03193366995453834, val accuracy : 0.7433526011560694, best val accuracy : 0.7946865273454868
INFO flwr 2023-08-16 11:32:04,922 | common.py:35 | Avg. local train loss : 5.722551682218909, train acc : 0.8783981481481482
INFO flwr 2023-08-16 11:32:07,413 | server.py:116 | fit progress: (16, 2.322112202179465, {'server_test_acc': 0.7118384401114206}, 1557.5099791202229)
INFO flwr 2023-08-16 11:32:07,413 | server.py:163 | evaluate_round 16: no clients selected, cancel
DEBUG flwr 2023-08-16 11:32:16,798 | server.py:215 | fit_round 17: strategy sampled 8 clients (out of 20)
[2m[36m(launch_and_fit pid=1727564)[0m malloc_consolidate(): invalid chunk size
[2m[36m(launch_and_fit pid=1727568)[0m malloc_consolidate(): invalid chunk size
[2m[36m(launch_and_fit pid=1727571)[0m malloc_consolidate(): invalid chunk size
DEBUG flwr 2023-08-16 11:33:08,917 | server.py:229 | fit_round 17 received 8 results and 0 failures
INFO flwr 2023-08-16 11:33:09,185 | fed_df.py:463 | Performing server side distillation training...
[2m[36m(launch_and_fit pid=1727564)[0m Fitting Client 1
[2m[36m(launch_and_fit pid=1727568)[0m Fitting Client 9
[2m[36m(launch_and_fit pid=1727571)[0m Fitting Client 16
[2m[36m(launch_and_fit pid=1727573)[0m Fitting Client 14
[2m[36m(launch_and_fit pid=1727566)[0m Fitting Client 15
[2m[36m(launch_and_fit pid=1727572)[0m Fitting Client 17
[2m[36m(launch_and_fit pid=1727570)[0m Fitting Client 0
[2m[36m(launch_and_fit pid=1727574)[0m Fitting Client 11
[2m[36m(launch_and_fit pid=1727570)[0m double free or corruption (fasttop)
[2m[36m(launch_and_fit pid=1727574)[0m double free or corruption (fasttop)
[2m[36m(launch_and_fit pid=1727572)[0m malloc_consolidate(): invalid chunk size
[2m[36m(launch_and_fit pid=1727573)[0m double free or corruption (fasttop)
[2m[36m(launch_and_fit pid=1727566)[0m double free or corruption (fasttop)
INFO flwr 2023-08-16 11:33:42,106 | fed_df.py:540 | Distillation training stopped at step number : 250
INFO flwr 2023-08-16 11:33:42,106 | fed_df.py:547 | Average fusion training loss : 0.019675483766943218, val accuracy : 0.8003334815473544, best val accuracy : 0.8226989773232548
INFO flwr 2023-08-16 11:33:42,108 | common.py:35 | Avg. local train loss : 5.874342846497893, train acc : 0.869233024691358
INFO flwr 2023-08-16 11:33:44,602 | server.py:116 | fit progress: (17, 3.451520816861421, {'server_test_acc': 0.7536211699164346}, 1654.6989129381254)
INFO flwr 2023-08-16 11:33:44,602 | server.py:163 | evaluate_round 17: no clients selected, cancel
DEBUG flwr 2023-08-16 11:33:53,841 | server.py:215 | fit_round 18: strategy sampled 8 clients (out of 20)
[2m[36m(launch_and_fit pid=1801148)[0m malloc_consolidate(): invalid chunk size
[2m[36m(launch_and_fit pid=1801153)[0m corrupted size vs. prev_size in fastbins
DEBUG flwr 2023-08-16 11:34:45,494 | server.py:229 | fit_round 18 received 8 results and 0 failures
INFO flwr 2023-08-16 11:34:45,765 | fed_df.py:463 | Performing server side distillation training...
[2m[36m(launch_and_fit pid=1801148)[0m Fitting Client 3
[2m[36m(launch_and_fit pid=1801149)[0m Fitting Client 10
[2m[36m(launch_and_fit pid=1801150)[0m Fitting Client 16
[2m[36m(launch_and_fit pid=1801151)[0m Fitting Client 14
[2m[36m(launch_and_fit pid=1801154)[0m Fitting Client 19
[2m[36m(launch_and_fit pid=1801153)[0m Fitting Client 12
[2m[36m(launch_and_fit pid=1801152)[0m Fitting Client 7
[2m[36m(launch_and_fit pid=1801155)[0m Fitting Client 2
[2m[36m(launch_and_fit pid=1801149)[0m double free or corruption (fasttop)
[2m[36m(launch_and_fit pid=1801152)[0m malloc_consolidate(): invalid chunk size
[2m[36m(launch_and_fit pid=1801150)[0m malloc_consolidate(): invalid chunk size
E0816 11:34:46.615948615 1848004 chttp2_transport.cc:1079]             ipv4:145.136.62.52:60108: Received a GOAWAY with error code ENHANCE_YOUR_CALM and debug data equal to "too_many_pings". Current keepalive time (before throttling): 1966080000ms
[2m[36m(launch_and_fit pid=1801151)[0m malloc_consolidate(): invalid chunk size
[2m[36m(launch_and_fit pid=1801155)[0m malloc_consolidate(): invalid chunk size
[2m[36m(launch_and_fit pid=1801154)[0m malloc_consolidate(): invalid chunk size
INFO flwr 2023-08-16 11:35:18,579 | fed_df.py:540 | Distillation training stopped at step number : 250
INFO flwr 2023-08-16 11:35:18,580 | fed_df.py:547 | Average fusion training loss : 0.010836682226508855, val accuracy : 0.8003779457536684, best val accuracy : 0.8129168519341929
INFO flwr 2023-08-16 11:35:18,582 | common.py:35 | Avg. local train loss : 5.829491554759443, train acc : 0.8740740740740739
INFO flwr 2023-08-16 11:35:21,136 | server.py:116 | fit progress: (18, 1.9545713805886695, {'server_test_acc': 0.7832869080779944}, 1751.2330351960845)
INFO flwr 2023-08-16 11:35:21,136 | server.py:163 | evaluate_round 18: no clients selected, cancel
DEBUG flwr 2023-08-16 11:35:30,496 | server.py:215 | fit_round 19: strategy sampled 8 clients (out of 20)
[2m[36m(launch_and_fit pid=1874789)[0m malloc_consolidate(): invalid chunk size
DEBUG flwr 2023-08-16 11:36:22,048 | server.py:229 | fit_round 19 received 8 results and 0 failures
[2m[36m(launch_and_fit pid=1874795)[0m malloc_consolidate(): invalid chunk size
INFO flwr 2023-08-16 11:36:22,356 | fed_df.py:463 | Performing server side distillation training...
[2m[36m(launch_and_fit pid=1874789)[0m Fitting Client 17
[2m[36m(launch_and_fit pid=1874792)[0m Fitting Client 11
[2m[36m(launch_and_fit pid=1874795)[0m Fitting Client 10
[2m[36m(launch_and_fit pid=1874793)[0m Fitting Client 16
[2m[36m(launch_and_fit pid=1874797)[0m Fitting Client 6
[2m[36m(launch_and_fit pid=1874796)[0m Fitting Client 1
[2m[36m(launch_and_fit pid=1874794)[0m Fitting Client 14
[2m[36m(launch_and_fit pid=1874798)[0m Fitting Client 8
[2m[36m(launch_and_fit pid=1874792)[0m malloc_consolidate(): invalid chunk size
E0816 11:36:23.158562833 1921510 chttp2_transport.cc:1079]             ipv4:145.136.62.52:60108: Received a GOAWAY with error code ENHANCE_YOUR_CALM and debug data equal to "too_many_pings". Current keepalive time (before throttling): ∞
[2m[36m(launch_and_fit pid=1874797)[0m malloc_consolidate(): invalid chunk size
[2m[36m(launch_and_fit pid=1874798)[0m double free or corruption (fasttop)
[2m[36m(launch_and_fit pid=1874796)[0m double free or corruption (fasttop)
[2m[36m(launch_and_fit pid=1874793)[0m malloc_consolidate(): invalid chunk size
[2m[36m(launch_and_fit pid=1874794)[0m malloc_consolidate(): invalid chunk size
INFO flwr 2023-08-16 11:36:54,913 | fed_df.py:540 | Distillation training stopped at step number : 250
INFO flwr 2023-08-16 11:36:54,914 | fed_df.py:547 | Average fusion training loss : 0.0470748213455081, val accuracy : 0.7708759448643843, best val accuracy : 0.8338150289017341
INFO flwr 2023-08-16 11:36:54,915 | common.py:35 | Avg. local train loss : 5.948594955354928, train acc : 0.8664228395061729
INFO flwr 2023-08-16 11:36:57,388 | server.py:116 | fit progress: (19, 2.449060257895743, {'server_test_acc': 0.766991643454039}, 1847.485737087205)
INFO flwr 2023-08-16 11:36:57,389 | server.py:163 | evaluate_round 19: no clients selected, cancel
DEBUG flwr 2023-08-16 11:37:06,709 | server.py:215 | fit_round 20: strategy sampled 8 clients (out of 20)
[2m[36m(launch_and_fit pid=1948327)[0m double free or corruption (fasttop)
DEBUG flwr 2023-08-16 11:37:58,152 | server.py:229 | fit_round 20 received 8 results and 0 failures
INFO flwr 2023-08-16 11:37:58,366 | fed_df.py:365 | Warm start at round 20
[2m[36m(launch_and_fit pid=1948330)[0m malloc_consolidate(): invalid chunk size
INFO flwr 2023-08-16 11:37:58,476 | fed_df.py:463 | Performing server side distillation training...
[2m[36m(launch_and_fit pid=1948327)[0m Fitting Client 12
[2m[36m(launch_and_fit pid=1948330)[0m Fitting Client 10
[2m[36m(launch_and_fit pid=1948331)[0m Fitting Client 11
[2m[36m(launch_and_fit pid=1948332)[0m Fitting Client 7
[2m[36m(launch_and_fit pid=1948335)[0m Fitting Client 16
[2m[36m(launch_and_fit pid=1948333)[0m Fitting Client 0
[2m[36m(launch_and_fit pid=1948336)[0m Fitting Client 5
[2m[36m(launch_and_fit pid=1948334)[0m Fitting Client 9
[2m[36m(launch_and_fit pid=1948333)[0m double free or corruption (fasttop)
[2m[36m(launch_and_fit pid=1948331)[0m double free or corruption (fasttop)
E0816 11:37:59.626591562 1921957 chttp2_transport.cc:1079]             ipv4:145.136.62.52:60108: Received a GOAWAY with error code ENHANCE_YOUR_CALM and debug data equal to "too_many_pings". Current keepalive time (before throttling): ∞
[2m[36m(launch_and_fit pid=1948334)[0m malloc_consolidate(): invalid chunk size
[2m[36m(launch_and_fit pid=1948332)[0m malloc_consolidate(): invalid chunk size
[2m[36m(launch_and_fit pid=1948336)[0m malloc_consolidate(): invalid chunk size
INFO flwr 2023-08-16 11:38:31,289 | fed_df.py:540 | Distillation training stopped at step number : 250
INFO flwr 2023-08-16 11:38:31,290 | fed_df.py:547 | Average fusion training loss : 0.043315465316176416, val accuracy : 0.719408626056025, best val accuracy : 0.7916851934192974
INFO flwr 2023-08-16 11:38:31,292 | common.py:35 | Avg. local train loss : 5.93414414525032, train acc : 0.8670956790123457
INFO flwr 2023-08-16 11:38:33,745 | server.py:116 | fit progress: (20, 1.981478094855391, {'server_test_acc': 0.7947075208913649}, 1943.84248217009)
INFO flwr 2023-08-16 11:38:33,745 | server.py:163 | evaluate_round 20: no clients selected, cancel
DEBUG flwr 2023-08-16 11:38:43,050 | server.py:215 | fit_round 21: strategy sampled 8 clients (out of 20)
[2m[36m(launch_and_fit pid=2022134)[0m malloc_consolidate(): invalid chunk size
[2m[36m(launch_and_fit pid=2022133)[0m malloc_consolidate(): invalid chunk size
[2m[36m(launch_and_fit pid=2022135)[0m malloc_consolidate(): invalid chunk size
DEBUG flwr 2023-08-16 11:39:35,721 | server.py:229 | fit_round 21 received 8 results and 0 failures
INFO flwr 2023-08-16 11:39:35,987 | fed_df.py:463 | Performing server side distillation training...
[2m[36m(launch_and_fit pid=2022134)[0m Fitting Client 3
[2m[36m(launch_and_fit pid=2022133)[0m Fitting Client 2
[2m[36m(launch_and_fit pid=2022135)[0m Fitting Client 10
[2m[36m(launch_and_fit pid=2022136)[0m Fitting Client 7
[2m[36m(launch_and_fit pid=2022138)[0m Fitting Client 11
[2m[36m(launch_and_fit pid=2022139)[0m Fitting Client 5
[2m[36m(launch_and_fit pid=2022137)[0m Fitting Client 12
[2m[36m(launch_and_fit pid=2022140)[0m Fitting Client 16
[2m[36m(launch_and_fit pid=2022139)[0m malloc_consolidate(): invalid chunk size
[2m[36m(launch_and_fit pid=2022138)[0m malloc_consolidate(): invalid chunk size
[2m[36m(launch_and_fit pid=2022140)[0m malloc_consolidate(): invalid chunk size
[2m[36m(launch_and_fit pid=2022137)[0m malloc_consolidate(): invalid chunk size
[2m[36m(launch_and_fit pid=2022136)[0m double free or corruption (fasttop)
E0816 11:39:38.357811061 1995779 chttp2_transport.cc:1079]             ipv4:145.136.62.52:60108: Received a GOAWAY with error code ENHANCE_YOUR_CALM and debug data equal to "too_many_pings". Current keepalive time (before throttling): ∞
INFO flwr 2023-08-16 11:40:09,196 | fed_df.py:540 | Distillation training stopped at step number : 250
INFO flwr 2023-08-16 11:40:09,197 | fed_df.py:547 | Average fusion training loss : 0.018242352344095707, val accuracy : 0.820964873277012, best val accuracy : 0.8651622943530458
INFO flwr 2023-08-16 11:40:09,199 | common.py:35 | Avg. local train loss : 5.415017585828901, train acc : 0.8965401234567901
INFO flwr 2023-08-16 11:40:11,698 | server.py:116 | fit progress: (21, 1.8381750369802492, {'server_test_acc': 0.8235376044568246}, 2041.7953958211)
INFO flwr 2023-08-16 11:40:11,698 | server.py:163 | evaluate_round 21: no clients selected, cancel
DEBUG flwr 2023-08-16 11:40:21,075 | server.py:215 | fit_round 22: strategy sampled 8 clients (out of 20)
[2m[36m(launch_and_fit pid=2109574)[0m double free or corruption (fasttop)
[2m[36m(launch_and_fit pid=2109657)[0m malloc_consolidate(): invalid chunk size
DEBUG flwr 2023-08-16 11:41:13,286 | server.py:229 | fit_round 22 received 8 results and 0 failures
[2m[36m(launch_and_fit pid=2109582)[0m malloc_consolidate(): invalid chunk size
INFO flwr 2023-08-16 11:41:13,554 | fed_df.py:463 | Performing server side distillation training...
[2m[36m(launch_and_fit pid=2109574)[0m Fitting Client 12
[2m[36m(launch_and_fit pid=2109582)[0m Fitting Client 0
[2m[36m(launch_and_fit pid=2109657)[0m Fitting Client 1
[2m[36m(launch_and_fit pid=2109573)[0m Fitting Client 17
[2m[36m(launch_and_fit pid=2109655)[0m Fitting Client 19
[2m[36m(launch_and_fit pid=2109614)[0m Fitting Client 3
[2m[36m(launch_and_fit pid=2109607)[0m Fitting Client 14
[2m[36m(launch_and_fit pid=2109656)[0m Fitting Client 4
[2m[36m(launch_and_fit pid=2109656)[0m double free or corruption (fasttop)
[2m[36m(launch_and_fit pid=2109655)[0m malloc_consolidate(): invalid chunk size
[2m[36m(launch_and_fit pid=2109607)[0m malloc_consolidate(): invalid chunk size
[2m[36m(launch_and_fit pid=2109573)[0m double free or corruption (fasttop)
E0816 11:41:14.854979693 2070494 chttp2_transport.cc:1079]             ipv4:145.136.62.52:60108: Received a GOAWAY with error code ENHANCE_YOUR_CALM and debug data equal to "too_many_pings". Current keepalive time (before throttling): ∞
[2m[36m(launch_and_fit pid=2109614)[0m malloc_consolidate(): invalid chunk size
INFO flwr 2023-08-16 11:41:46,258 | fed_df.py:540 | Distillation training stopped at step number : 250
INFO flwr 2023-08-16 11:41:46,258 | fed_df.py:547 | Average fusion training loss : 0.01690035882219672, val accuracy : 0.7839039573143619, best val accuracy : 0.7906847487772344
INFO flwr 2023-08-16 11:41:46,260 | common.py:35 | Avg. local train loss : 5.46802687458694, train acc : 0.8957746913580248
INFO flwr 2023-08-16 11:41:48,711 | server.py:116 | fit progress: (22, 1.7231801010439987, {'server_test_acc': 0.7880222841225627}, 2138.808034617221)
INFO flwr 2023-08-16 11:41:48,711 | server.py:163 | evaluate_round 22: no clients selected, cancel
DEBUG flwr 2023-08-16 11:41:58,170 | server.py:215 | fit_round 23: strategy sampled 8 clients (out of 20)
[2m[36m(launch_and_fit pid=2194190)[0m malloc_consolidate(): invalid chunk size
[2m[36m(launch_and_fit pid=2194186)[0m malloc_consolidate(): invalid chunk size
DEBUG flwr 2023-08-16 11:42:49,383 | server.py:229 | fit_round 23 received 8 results and 0 failures
INFO flwr 2023-08-16 11:42:49,678 | fed_df.py:463 | Performing server side distillation training...
[2m[36m(launch_and_fit pid=2194186)[0m Fitting Client 19
[2m[36m(launch_and_fit pid=2194190)[0m Fitting Client 9
[2m[36m(launch_and_fit pid=2194191)[0m Fitting Client 6
[2m[36m(launch_and_fit pid=2194193)[0m Fitting Client 17
[2m[36m(launch_and_fit pid=2194194)[0m Fitting Client 11
[2m[36m(launch_and_fit pid=2194192)[0m Fitting Client 16
[2m[36m(launch_and_fit pid=2194184)[0m Fitting Client 4
[2m[36m(launch_and_fit pid=2194189)[0m Fitting Client 3
[2m[36m(launch_and_fit pid=2194193)[0m double free or corruption (fasttop)
[2m[36m(launch_and_fit pid=2194189)[0m double free or corruption (fasttop)
[2m[36m(launch_and_fit pid=2194192)[0m double free or corruption (fasttop)
[2m[36m(launch_and_fit pid=2194194)[0m double free or corruption (fasttop)
E0816 11:42:51.039170035 2241836 chttp2_transport.cc:1079]             ipv4:145.136.62.52:60108: Received a GOAWAY with error code ENHANCE_YOUR_CALM and debug data equal to "too_many_pings". Current keepalive time (before throttling): ∞
[2m[36m(launch_and_fit pid=2194184)[0m malloc_consolidate(): invalid chunk size
[2m[36m(launch_and_fit pid=2194191)[0m malloc_consolidate(): invalid chunk size
INFO flwr 2023-08-16 11:43:22,523 | fed_df.py:540 | Distillation training stopped at step number : 250
INFO flwr 2023-08-16 11:43:22,523 | fed_df.py:547 | Average fusion training loss : 0.03157153479754925, val accuracy : 0.7927523343708315, best val accuracy : 0.8169186305024455
INFO flwr 2023-08-16 11:43:22,525 | common.py:35 | Avg. local train loss : 5.472441872768103, train acc : 0.8950987654320988
INFO flwr 2023-08-16 11:43:25,005 | server.py:116 | fit progress: (23, 1.8347669492524978, {'server_test_acc': 0.7703342618384401}, 2235.101980983047)
INFO flwr 2023-08-16 11:43:25,005 | server.py:163 | evaluate_round 23: no clients selected, cancel
DEBUG flwr 2023-08-16 11:43:34,405 | server.py:215 | fit_round 24: strategy sampled 8 clients (out of 20)
[2m[36m(launch_and_fit pid=2267989)[0m double free or corruption (fasttop)
[2m[36m(launch_and_fit pid=2267991)[0m malloc_consolidate(): invalid chunk size
DEBUG flwr 2023-08-16 11:44:26,736 | server.py:229 | fit_round 24 received 8 results and 0 failures
INFO flwr 2023-08-16 11:44:27,008 | fed_df.py:463 | Performing server side distillation training...
[2m[36m(launch_and_fit pid=2267989)[0m Fitting Client 1
[2m[36m(launch_and_fit pid=2267987)[0m Fitting Client 8
[2m[36m(launch_and_fit pid=2267991)[0m Fitting Client 4
[2m[36m(launch_and_fit pid=2267992)[0m Fitting Client 10
[2m[36m(launch_and_fit pid=2267995)[0m Fitting Client 15
[2m[36m(launch_and_fit pid=2267997)[0m Fitting Client 2
[2m[36m(launch_and_fit pid=2267994)[0m Fitting Client 5
[2m[36m(launch_and_fit pid=2267996)[0m Fitting Client 9
[2m[36m(launch_and_fit pid=2267987)[0m double free or corruption (fasttop)
[2m[36m(launch_and_fit pid=2267994)[0m malloc_consolidate(): invalid chunk size
[2m[36m(launch_and_fit pid=2267992)[0m malloc_consolidate(): invalid chunk size
[2m[36m(launch_and_fit pid=2267995)[0m malloc_consolidate(): invalid chunk size
[2m[36m(launch_and_fit pid=2267997)[0m malloc_consolidate(): invalid chunk size
[2m[36m(launch_and_fit pid=2267996)[0m malloc_consolidate(): invalid chunk size
INFO flwr 2023-08-16 11:45:04,777 | fed_df.py:540 | Distillation training stopped at step number : 250
INFO flwr 2023-08-16 11:45:04,777 | fed_df.py:547 | Average fusion training loss : 0.030072824567556382, val accuracy : 0.8208092485549134, best val accuracy : 0.8335927078701645
INFO flwr 2023-08-16 11:45:04,779 | common.py:35 | Avg. local train loss : 5.626186304911971, train acc : 0.8855015432098766
INFO flwr 2023-08-16 11:45:07,253 | server.py:116 | fit progress: (24, 2.054946457908014, {'server_test_acc': 0.811142061281337}, 2337.3505505381618)
INFO flwr 2023-08-16 11:45:07,253 | server.py:163 | evaluate_round 24: no clients selected, cancel
DEBUG flwr 2023-08-16 11:45:16,598 | server.py:215 | fit_round 25: strategy sampled 8 clients (out of 20)
[2m[36m(launch_and_fit pid=2341587)[0m malloc_consolidate(): invalid chunk size
[2m[36m(launch_and_fit pid=2341592)[0m malloc_consolidate(): invalid chunk size
DEBUG flwr 2023-08-16 11:46:08,231 | server.py:229 | fit_round 25 received 8 results and 0 failures
INFO flwr 2023-08-16 11:46:08,446 | fed_df.py:365 | Warm start at round 25
INFO flwr 2023-08-16 11:46:08,598 | fed_df.py:463 | Performing server side distillation training...
[2m[36m(launch_and_fit pid=2341587)[0m Fitting Client 9
[2m[36m(launch_and_fit pid=2341592)[0m Fitting Client 14
[2m[36m(launch_and_fit pid=2341594)[0m Fitting Client 17
[2m[36m(launch_and_fit pid=2341595)[0m Fitting Client 4
[2m[36m(launch_and_fit pid=2341593)[0m Fitting Client 6
[2m[36m(launch_and_fit pid=2341597)[0m Fitting Client 0
[2m[36m(launch_and_fit pid=2341598)[0m Fitting Client 18
[2m[36m(launch_and_fit pid=2341596)[0m Fitting Client 15
[2m[36m(launch_and_fit pid=2341595)[0m malloc_consolidate(): invalid chunk size
[2m[36m(launch_and_fit pid=2341598)[0m malloc_consolidate(): invalid chunk size
[2m[36m(launch_and_fit pid=2341596)[0m malloc_consolidate(): invalid chunk size
[2m[36m(launch_and_fit pid=2341593)[0m malloc_consolidate(): invalid chunk size
[2m[36m(launch_and_fit pid=2341594)[0m double free or corruption (fasttop)
[2m[36m(launch_and_fit pid=2341597)[0m double free or corruption (fasttop)
E0816 11:46:11.309639391 2389471 chttp2_transport.cc:1079]             ipv4:145.136.62.52:60108: Received a GOAWAY with error code ENHANCE_YOUR_CALM and debug data equal to "too_many_pings". Current keepalive time (before throttling): ∞
INFO flwr 2023-08-16 11:46:41,580 | fed_df.py:540 | Distillation training stopped at step number : 250
INFO flwr 2023-08-16 11:46:41,581 | fed_df.py:547 | Average fusion training loss : 0.06102305607497692, val accuracy : 0.6923966207203203, best val accuracy : 0.7825700311249444
INFO flwr 2023-08-16 11:46:41,582 | common.py:35 | Avg. local train loss : 5.574442990496754, train acc : 0.8894089506172839
INFO flwr 2023-08-16 11:46:43,986 | server.py:116 | fit progress: (25, 2.281740312921636, {'server_test_acc': 0.7125348189415042}, 2434.0831716451794)
INFO flwr 2023-08-16 11:46:43,986 | server.py:163 | evaluate_round 25: no clients selected, cancel
DEBUG flwr 2023-08-16 11:46:53,325 | server.py:215 | fit_round 26: strategy sampled 8 clients (out of 20)
[2m[36m(launch_and_fit pid=2415152)[0m double free or corruption (fasttop)
[2m[36m(launch_and_fit pid=2415156)[0m malloc_consolidate(): invalid chunk size
[2m[36m(launch_and_fit pid=2415155)[0m malloc_consolidate(): invalid chunk size
DEBUG flwr 2023-08-16 11:47:45,366 | server.py:229 | fit_round 26 received 8 results and 0 failures
[2m[36m(launch_and_fit pid=2415157)[0m double free or corruption (fasttop)
INFO flwr 2023-08-16 11:47:45,664 | fed_df.py:463 | Performing server side distillation training...
[2m[36m(launch_and_fit pid=2415152)[0m Fitting Client 15
[2m[36m(launch_and_fit pid=2415156)[0m Fitting Client 1
[2m[36m(launch_and_fit pid=2415154)[0m Fitting Client 13
[2m[36m(launch_and_fit pid=2415157)[0m Fitting Client 5
[2m[36m(launch_and_fit pid=2415149)[0m Fitting Client 12
[2m[36m(launch_and_fit pid=2415155)[0m Fitting Client 8
[2m[36m(launch_and_fit pid=2415158)[0m Fitting Client 9
[2m[36m(launch_and_fit pid=2415159)[0m Fitting Client 6
[2m[36m(launch_and_fit pid=2415159)[0m malloc_consolidate(): invalid chunk size
E0816 11:47:46.343359380 2390209 chttp2_transport.cc:1079]             ipv4:145.136.62.52:60108: Received a GOAWAY with error code ENHANCE_YOUR_CALM and debug data equal to "too_many_pings". Current keepalive time (before throttling): ∞
[2m[36m(launch_and_fit pid=2415158)[0m malloc_consolidate(): invalid chunk size
[2m[36m(launch_and_fit pid=2415149)[0m malloc_consolidate(): invalid chunk size
[2m[36m(launch_and_fit pid=2415154)[0m double free or corruption (fasttop)
INFO flwr 2023-08-16 11:48:19,649 | fed_df.py:540 | Distillation training stopped at step number : 250
INFO flwr 2023-08-16 11:48:19,650 | fed_df.py:547 | Average fusion training loss : 0.016066566102206706, val accuracy : 0.788172521120498, best val accuracy : 0.8412627834593153
INFO flwr 2023-08-16 11:48:19,652 | common.py:35 | Avg. local train loss : 5.206703224033117, train acc : 0.9087237654320987
INFO flwr 2023-08-16 11:48:22,118 | server.py:116 | fit progress: (26, 1.982180864498808, {'server_test_acc': 0.7541782729805014}, 2532.2154574131127)
INFO flwr 2023-08-16 11:48:22,118 | server.py:163 | evaluate_round 26: no clients selected, cancel
DEBUG flwr 2023-08-16 11:48:31,487 | server.py:215 | fit_round 27: strategy sampled 8 clients (out of 20)
DEBUG flwr 2023-08-16 11:49:23,045 | server.py:229 | fit_round 27 received 8 results and 0 failures
INFO flwr 2023-08-16 11:49:23,315 | fed_df.py:463 | Performing server side distillation training...
[2m[36m(launch_and_fit pid=2488926)[0m Fitting Client 14
[2m[36m(launch_and_fit pid=2488946)[0m Fitting Client 13
[2m[36m(launch_and_fit pid=2488925)[0m Fitting Client 3
[2m[36m(launch_and_fit pid=2488945)[0m Fitting Client 8
[2m[36m(launch_and_fit pid=2488958)[0m Fitting Client 15
[2m[36m(launch_and_fit pid=2488957)[0m Fitting Client 18
[2m[36m(launch_and_fit pid=2488959)[0m Fitting Client 6
[2m[36m(launch_and_fit pid=2488963)[0m Fitting Client 4
[2m[36m(launch_and_fit pid=2488926)[0m malloc_consolidate(): invalid chunk size
[2m[36m(launch_and_fit pid=2488945)[0m malloc_consolidate(): invalid chunk size
[2m[36m(launch_and_fit pid=2488925)[0m malloc_consolidate(): invalid chunk size
[2m[36m(launch_and_fit pid=2488959)[0m malloc_consolidate(): invalid chunk size
[2m[36m(launch_and_fit pid=2488946)[0m malloc_consolidate(): invalid chunk size
[2m[36m(launch_and_fit pid=2488957)[0m malloc_consolidate(): invalid chunk size
[2m[36m(launch_and_fit pid=2488958)[0m malloc_consolidate(): invalid chunk size
[2m[36m(launch_and_fit pid=2488963)[0m malloc_consolidate(): invalid chunk size
E0816 11:49:27.298492747 2462361 chttp2_transport.cc:1079]             ipv4:145.136.62.52:60108: Received a GOAWAY with error code ENHANCE_YOUR_CALM and debug data equal to "too_many_pings". Current keepalive time (before throttling): ∞
INFO flwr 2023-08-16 11:49:57,390 | fed_df.py:540 | Distillation training stopped at step number : 250
INFO flwr 2023-08-16 11:49:57,390 | fed_df.py:547 | Average fusion training loss : 0.011776528358459472, val accuracy : 0.8697421076033793, best val accuracy : 0.882836816362828
INFO flwr 2023-08-16 11:49:57,392 | common.py:35 | Avg. local train loss : 5.2022091772407295, train acc : 0.9110169753086419
INFO flwr 2023-08-16 11:49:59,895 | server.py:116 | fit progress: (27, 1.7725315822200192, {'server_test_acc': 0.8415041782729805}, 2629.9928369140252)
INFO flwr 2023-08-16 11:49:59,896 | server.py:163 | evaluate_round 27: no clients selected, cancel
DEBUG flwr 2023-08-16 11:50:09,232 | server.py:215 | fit_round 28: strategy sampled 8 clients (out of 20)
DEBUG flwr 2023-08-16 11:51:00,769 | server.py:229 | fit_round 28 received 8 results and 0 failures
INFO flwr 2023-08-16 11:51:01,085 | fed_df.py:463 | Performing server side distillation training...
[2m[36m(launch_and_fit pid=2562427)[0m Fitting Client 7
[2m[36m(launch_and_fit pid=2562430)[0m Fitting Client 9
[2m[36m(launch_and_fit pid=2562429)[0m Fitting Client 15
[2m[36m(launch_and_fit pid=2562434)[0m Fitting Client 8
[2m[36m(launch_and_fit pid=2562431)[0m Fitting Client 13
[2m[36m(launch_and_fit pid=2562432)[0m Fitting Client 14
[2m[36m(launch_and_fit pid=2562428)[0m Fitting Client 3
[2m[36m(launch_and_fit pid=2562433)[0m Fitting Client 11
[2m[36m(launch_and_fit pid=2562434)[0m double free or corruption (fasttop)
[2m[36m(launch_and_fit pid=2562431)[0m malloc_consolidate(): invalid chunk size
[2m[36m(launch_and_fit pid=2562432)[0m corrupted size vs. prev_size in fastbins
[2m[36m(launch_and_fit pid=2562430)[0m double free or corruption (fasttop)
[2m[36m(launch_and_fit pid=2562428)[0m malloc_consolidate(): invalid chunk size
[2m[36m(launch_and_fit pid=2562433)[0m malloc_consolidate(): invalid chunk size
E0816 11:51:02.639865971 2610310 chttp2_transport.cc:1079]             ipv4:145.136.62.52:60108: Received a GOAWAY with error code ENHANCE_YOUR_CALM and debug data equal to "too_many_pings". Current keepalive time (before throttling): ∞
[2m[36m(launch_and_fit pid=2562427)[0m malloc_consolidate(): invalid chunk size
[2m[36m(launch_and_fit pid=2562429)[0m malloc_consolidate(): invalid chunk size
INFO flwr 2023-08-16 11:51:34,131 | fed_df.py:540 | Distillation training stopped at step number : 250
INFO flwr 2023-08-16 11:51:34,131 | fed_df.py:547 | Average fusion training loss : 0.03377828435599804, val accuracy : 0.8561805246776345, best val accuracy : 0.8760560248999555
INFO flwr 2023-08-16 11:51:34,133 | common.py:35 | Avg. local train loss : 5.296715361252428, train acc : 0.9057345679012345
INFO flwr 2023-08-16 11:51:36,602 | server.py:116 | fit progress: (28, 1.2239743486420358, {'server_test_acc': 0.8142061281337047}, 2726.6990040950477)
INFO flwr 2023-08-16 11:51:36,602 | server.py:163 | evaluate_round 28: no clients selected, cancel
DEBUG flwr 2023-08-16 11:51:45,994 | server.py:215 | fit_round 29: strategy sampled 8 clients (out of 20)
[2m[36m(launch_and_fit pid=2636320)[0m malloc_consolidate(): invalid chunk size
DEBUG flwr 2023-08-16 11:52:37,928 | server.py:229 | fit_round 29 received 8 results and 0 failures
[2m[36m(launch_and_fit pid=2636329)[0m double free or corruption (fasttop)
INFO flwr 2023-08-16 11:52:38,196 | fed_df.py:463 | Performing server side distillation training...
[2m[36m(launch_and_fit pid=2636320)[0m Fitting Client 18
[2m[36m(launch_and_fit pid=2636321)[0m Fitting Client 2
[2m[36m(launch_and_fit pid=2636328)[0m Fitting Client 10
[2m[36m(launch_and_fit pid=2636324)[0m Fitting Client 16
[2m[36m(launch_and_fit pid=2636325)[0m Fitting Client 15
[2m[36m(launch_and_fit pid=2636329)[0m Fitting Client 14
[2m[36m(launch_and_fit pid=2636326)[0m Fitting Client 13
[2m[36m(launch_and_fit pid=2636327)[0m Fitting Client 3
[2m[36m(launch_and_fit pid=2636328)[0m double free or corruption (fasttop)
[2m[36m(launch_and_fit pid=2636326)[0m malloc_consolidate(): invalid chunk size
[2m[36m(launch_and_fit pid=2636325)[0m malloc_consolidate(): invalid chunk size
[2m[36m(launch_and_fit pid=2636321)[0m malloc_consolidate(): invalid chunk size
E0816 11:52:39.731805470 2684089 chttp2_transport.cc:1079]             ipv4:145.136.62.52:60108: Received a GOAWAY with error code ENHANCE_YOUR_CALM and debug data equal to "too_many_pings". Current keepalive time (before throttling): ∞
E0816 11:52:39.731861673 2684089 chttp2_transport.cc:1079]             ipv4:145.136.62.52:60108: Received a GOAWAY with error code ENHANCE_YOUR_CALM and debug data equal to "too_many_pings". Current keepalive time (before throttling): ∞
[2m[36m(launch_and_fit pid=2636324)[0m double free or corruption (fasttop)
[2m[36m(launch_and_fit pid=2636327)[0m double free or corruption (fasttop)
INFO flwr 2023-08-16 11:53:11,249 | fed_df.py:540 | Distillation training stopped at step number : 250
INFO flwr 2023-08-16 11:53:11,249 | fed_df.py:547 | Average fusion training loss : 0.00997135721705854, val accuracy : 0.8351044908848376, best val accuracy : 0.8538239217429969
INFO flwr 2023-08-16 11:53:11,251 | common.py:35 | Avg. local train loss : 5.232322234474123, train acc : 0.9084614197530864
INFO flwr 2023-08-16 11:53:13,725 | server.py:116 | fit progress: (29, 2.2598142495062357, {'server_test_acc': 0.8260445682451254}, 2823.8223789760377)
INFO flwr 2023-08-16 11:53:13,725 | server.py:163 | evaluate_round 29: no clients selected, cancel
DEBUG flwr 2023-08-16 11:53:22,976 | server.py:215 | fit_round 30: strategy sampled 8 clients (out of 20)
[2m[36m(launch_and_fit pid=2709927)[0m double free or corruption (fasttop)
[2m[36m(launch_and_fit pid=2709934)[0m double free or corruption (fasttop)
DEBUG flwr 2023-08-16 11:54:14,920 | server.py:229 | fit_round 30 received 8 results and 0 failures
INFO flwr 2023-08-16 11:54:15,138 | fed_df.py:365 | Warm start at round 30
INFO flwr 2023-08-16 11:54:15,251 | fed_df.py:463 | Performing server side distillation training...
[2m[36m(launch_and_fit pid=2709927)[0m Fitting Client 4
[2m[36m(launch_and_fit pid=2709934)[0m Fitting Client 8
[2m[36m(launch_and_fit pid=2709933)[0m Fitting Client 2
[2m[36m(launch_and_fit pid=2709931)[0m Fitting Client 10
[2m[36m(launch_and_fit pid=2709932)[0m Fitting Client 19
[2m[36m(launch_and_fit pid=2709930)[0m Fitting Client 14
[2m[36m(launch_and_fit pid=2709935)[0m Fitting Client 18
[2m[36m(launch_and_fit pid=2709936)[0m Fitting Client 9
[2m[36m(launch_and_fit pid=2709931)[0m malloc_consolidate(): invalid chunk size
[2m[36m(launch_and_fit pid=2709930)[0m malloc_consolidate(): invalid chunk size
[2m[36m(launch_and_fit pid=2709932)[0m malloc_consolidate(): invalid chunk size
[2m[36m(launch_and_fit pid=2709935)[0m double free or corruption (fasttop)
[2m[36m(launch_and_fit pid=2709936)[0m malloc_consolidate(): invalid chunk size
[2m[36m(launch_and_fit pid=2709933)[0m malloc_consolidate(): invalid chunk size
INFO flwr 2023-08-16 11:54:53,391 | fed_df.py:540 | Distillation training stopped at step number : 250
INFO flwr 2023-08-16 11:54:53,391 | fed_df.py:547 | Average fusion training loss : 0.02959915817156434, val accuracy : 0.7886171631836372, best val accuracy : 0.8313694975544687
INFO flwr 2023-08-16 11:54:53,393 | common.py:35 | Avg. local train loss : 5.200982407480478, train acc : 0.9122345679012347
INFO flwr 2023-08-16 11:54:55,879 | server.py:116 | fit progress: (30, 1.9031675029265847, {'server_test_acc': 0.7722841225626741}, 2925.976152648218)
INFO flwr 2023-08-16 11:54:55,879 | server.py:163 | evaluate_round 30: no clients selected, cancel
INFO flwr 2023-08-16 11:54:55,879 | server.py:144 | FL finished in 2925.976543173194
INFO flwr 2023-08-16 11:54:55,879 | app.py:202 | app_fit: losses_distributed []
INFO flwr 2023-08-16 11:54:55,881 | app.py:203 | app_fit: metrics_distributed {}
INFO flwr 2023-08-16 11:54:55,881 | app.py:204 | app_fit: losses_centralized [(0, 2.192614644616427), (1, 1.9311552969526116), (2, 2.407595821210601), (3, 2.055345144776581), (4, 1.832382353301832), (5, 2.9260749290912598), (6, 2.0500274772431526), (7, 1.48757385902086), (8, 2.432928917600584), (9, 3.3362393411089117), (10, 2.1035801297774888), (11, 2.817447260960231), (12, 2.5263338970938767), (13, 3.7895001392842667), (14, 3.3076624060075597), (15, 3.026494956215776), (16, 2.322112202179465), (17, 3.451520816861421), (18, 1.9545713805886695), (19, 2.449060257895743), (20, 1.981478094855391), (21, 1.8381750369802492), (22, 1.7231801010439987), (23, 1.8347669492524978), (24, 2.054946457908014), (25, 2.281740312921636), (26, 1.982180864498808), (27, 1.7725315822200192), (28, 1.2239743486420358), (29, 2.2598142495062357), (30, 1.9031675029265847)]
INFO flwr 2023-08-16 11:54:55,881 | app.py:205 | app_fit: metrics_centralized {'server_test_acc': [(0, 0.18704735376044568), (1, 0.44526462395543176), (2, 0.3381615598885794), (3, 0.6013927576601671), (4, 0.5118384401114207), (5, 0.5153203342618384), (6, 0.6087743732590529), (7, 0.7093314763231198), (8, 0.5986072423398329), (9, 0.49442896935933145), (10, 0.6210306406685236), (11, 0.6573816155988857), (12, 0.6430362116991644), (13, 0.7275766016713092), (14, 0.6171309192200557), (15, 0.7653203342618384), (16, 0.7118384401114206), (17, 0.7536211699164346), (18, 0.7832869080779944), (19, 0.766991643454039), (20, 0.7947075208913649), (21, 0.8235376044568246), (22, 0.7880222841225627), (23, 0.7703342618384401), (24, 0.811142061281337), (25, 0.7125348189415042), (26, 0.7541782729805014), (27, 0.8415041782729805), (28, 0.8142061281337047), (29, 0.8260445682451254), (30, 0.7722841225626741)]}
malloc_consolidate(): invalid chunk size
srun: error: gcn52: task 0: Aborted
srun: Terminating StepId=3358503.1
-----EXPERIMENT ENDS-----
-----CLEANING UP DISK------
-----END-----

JOB STATISTICS
==============
Job ID: 3358503
Cluster: snellius
User/Group: sunnys/sunnys
State: RUNNING
Nodes: 1
Cores per node: 18
CPU Utilized: 02:02:17
CPU Efficiency: 13.00% of 15:40:30 core-walltime
Job Wall-clock time: 00:52:15
Memory Utilized: 62.31 GB
Memory Efficiency: 51.93% of 120.00 GB
WARNING: Efficiency statistics may be misleading for RUNNING jobs.
