-----BEGIN-----
-----SETTINGS-----
TOTAL CROPS:100000
STRATEGY:feddf
MODEL_NAME:resnet8
NUM_CLIENTS:20
NUM_ROUNDS:30
FRACTION_FIT:0.4
FRACTION_EVALUATE:0.0
DATASET_NAME:pathmnist
PARTITION_ALPHA:100.0
PARTITION_VAL_RATIO:0.1
BATCH_SIZE:512
LOCAL_EPOCHS:20
LOCAL_LR:0.01
DISTILL_BATCH_SIZE:512
SERVER_LR:0.005
SERVER_STEPS:250
SERVER_EARLY_STEPS:1000
USE_EARLY_STOPPING:False
USE_ADAPTIVE_LR:False
USE_ADAPTIVE_LR_ROUND:False
SEED:42
CUDA_DETERMINISTIC:False
USE_CROPS:True
IMG_NAME:colonpath_sample.jpg
DISTILL_DATASET:organamnist
DISTILL_ALPHA:1.0
NUM_DISTILL_IMAGES:10000
DISTILL_TRANSFORMS:v0
WARM_START:True
WARM_START_ROUNDS:1
WARM_START_INTERVAL:5
KMEANS_N_CLUSTER:9
KMEANS_HEURISTICS:easy
KMEANS_MIXED_FACTOR:50-50
KMEANS_BALANCING:0.25
CONFIDENCE_THRESHOLD:0.9
CONFIDENCE_STRATEGY:top
CONFIDENCE_ADAPTIVE:False
CONFIDENCE_MAX_THRESH:0.5
CLIPPING_FACTOR:2.5
FEDPROX_FACTOR:0.0
FEDPROX_ADAPTIVE:False
USE_CLIPPING:True
USE_ENTROPY:True
USE_KMEANS:False
USE_FEDPROX:False
-----SETTINGS END-----
-----EXPERIMENT BEGINS-----
---------
Generating crops for FedDF
Namespace(img_size=32, batch_size=32, num_imgs=100000, threads=18, vflip=False, deg=30, shear=30, cropfirst=True, initcrop=0.5, scale=[500, 1], randinterp=False, debug=False, imgpath='./static/single_images/colonpath_sample.jpg', targetpath='/scratch-local/sunnys.3358502/1692176627_687610443', seed=42, img_per_thread=5555)
will save 100000 patches in /scratch-local/sunnys.3358502/1692176627_687610443/single_img_crops/crops
100000 took 0.36min with 18 threads
---------
Simulating feddf training
INFO simulate 2023-08-16 11:04:23,392 | simulate.py:50 | Python script started : simulate.py
DEBUG simulate 2023-08-16 11:04:23,392 | simulate.py:55 | Reading args from argument parser
Downloading https://zenodo.org/record/6496656/files/pathmnist.npz?download=1 to /scratch-local/sunnys.3358502/1692176627_687610443/pathmnist.npz
Generating unified pathmnist dataset
Class histogram for 0-th partition (alpha=100.0, 9 classes): [481 532 428 497 477 533 503 491 558]
INFO flwr 2023-08-16 11:05:26,674 | app.py:145 | Starting Flower simulation, config: ServerConfig(num_rounds=30, round_timeout=None)
2023-08-16 11:05:29,300	INFO worker.py:1529 -- Started a local Ray instance. View the dashboard at [1m[32m127.0.0.1:8265 [39m[22m
INFO flwr 2023-08-16 11:05:30,298 | app.py:179 | Flower VCE: Ray initialized with resources: {'node:145.136.62.50': 1.0, 'accelerator_type:A100': 1.0, 'object_store_memory': 61847529062.0, 'memory': 103079215104.0, 'GPU': 1.0, 'CPU': 18.0}
INFO flwr 2023-08-16 11:05:30,298 | server.py:86 | Initializing global parameters
INFO flwr 2023-08-16 11:05:30,298 | server.py:266 | Using initial parameters provided by strategy
INFO flwr 2023-08-16 11:05:30,298 | server.py:88 | Evaluating initial parameters
INFO flwr 2023-08-16 11:05:40,482 | server.py:91 | initial parameters (loss, other metrics): 2.1845225108367154, {'server_test_acc': 0.11030640668523677}
INFO flwr 2023-08-16 11:05:40,482 | server.py:101 | FL starting
DEBUG flwr 2023-08-16 11:05:49,215 | server.py:215 | fit_round 1: strategy sampled 8 clients (out of 20)
DEBUG flwr 2023-08-16 11:06:43,666 | server.py:229 | fit_round 1 received 8 results and 0 failures
[2m[36m(launch_and_fit pid=4103980)[0m malloc_consolidate(): invalid chunk size
INFO flwr 2023-08-16 11:06:43,875 | fed_df.py:365 | Warm start at round 1
INFO flwr 2023-08-16 11:06:43,986 | fed_df.py:463 | Performing server side distillation training...
[2m[36m(launch_and_fit pid=4103981)[0m Fitting Client 13
[2m[36m(launch_and_fit pid=4103975)[0m Fitting Client 11
[2m[36m(launch_and_fit pid=4103978)[0m Fitting Client 3
[2m[36m(launch_and_fit pid=4103977)[0m Fitting Client 14
[2m[36m(launch_and_fit pid=4103974)[0m Fitting Client 8
[2m[36m(launch_and_fit pid=4103976)[0m Fitting Client 2
[2m[36m(launch_and_fit pid=4103979)[0m Fitting Client 5
[2m[36m(launch_and_fit pid=4103980)[0m Fitting Client 12
[2m[36m(launch_and_fit pid=4103981)[0m double free or corruption (fasttop)
[2m[36m(launch_and_fit pid=4103977)[0m malloc_consolidate(): invalid chunk size
[2m[36m(launch_and_fit pid=4103978)[0m malloc_consolidate(): invalid chunk size
[2m[36m(launch_and_fit pid=4103975)[0m malloc_consolidate(): invalid chunk size
[2m[36m(launch_and_fit pid=4103974)[0m double free or corruption (fasttop)
[2m[36m(launch_and_fit pid=4103976)[0m malloc_consolidate(): invalid chunk size
[2m[36m(launch_and_fit pid=4103979)[0m malloc_consolidate(): invalid chunk size
INFO flwr 2023-08-16 11:07:14,549 | fed_df.py:540 | Distillation training stopped at step number : 250
INFO flwr 2023-08-16 11:07:14,549 | fed_df.py:547 | Average fusion training loss : 0.18490485644340515, val accuracy : 0.4397065362383281, best val accuracy : 0.4905513561582926
INFO flwr 2023-08-16 11:07:14,550 | common.py:35 | Avg. local train loss : 8.642497065663338, train acc : 0.6920601851851851
INFO flwr 2023-08-16 11:07:16,848 | server.py:116 | fit progress: (1, 1.8340856103179846, {'server_test_acc': 0.39902506963788303}, 96.36528319795616)
INFO flwr 2023-08-16 11:07:16,848 | server.py:163 | evaluate_round 1: no clients selected, cancel
DEBUG flwr 2023-08-16 11:07:25,814 | server.py:215 | fit_round 2: strategy sampled 8 clients (out of 20)
[2m[36m(launch_and_fit pid=4182958)[0m malloc_consolidate(): invalid chunk size
[2m[36m(launch_and_fit pid=4182960)[0m malloc_consolidate(): invalid chunk size
DEBUG flwr 2023-08-16 11:08:18,255 | server.py:229 | fit_round 2 received 8 results and 0 failures
INFO flwr 2023-08-16 11:08:18,518 | fed_df.py:463 | Performing server side distillation training...
[2m[36m(launch_and_fit pid=4182958)[0m Fitting Client 2
[2m[36m(launch_and_fit pid=4182960)[0m Fitting Client 8
[2m[36m(launch_and_fit pid=4183115)[0m Fitting Client 6
[2m[36m(launch_and_fit pid=4183162)[0m Fitting Client 7
[2m[36m(launch_and_fit pid=4183156)[0m Fitting Client 15
[2m[36m(launch_and_fit pid=4183199)[0m Fitting Client 19
[2m[36m(launch_and_fit pid=4183114)[0m Fitting Client 5
[2m[36m(launch_and_fit pid=4183160)[0m Fitting Client 17
[2m[36m(launch_and_fit pid=4183160)[0m malloc_consolidate(): invalid chunk size
[2m[36m(launch_and_fit pid=4183156)[0m double free or corruption (fasttop)
[2m[36m(launch_and_fit pid=4183162)[0m malloc_consolidate(): invalid chunk size
[2m[36m(launch_and_fit pid=4183115)[0m double free or corruption (fasttop)
[2m[36m(launch_and_fit pid=4183114)[0m malloc_consolidate(): invalid chunk size
[2m[36m(launch_and_fit pid=4183199)[0m malloc_consolidate(): invalid chunk size
E0816 11:08:21.301528179 4100897 chttp2_transport.cc:1079]             ipv4:145.136.62.50:56783: Received a GOAWAY with error code ENHANCE_YOUR_CALM and debug data equal to "too_many_pings". Current keepalive time (before throttling): 60000ms
E0816 11:08:21.301818404 4100897 chttp2_transport.cc:1079]             ipv4:145.136.62.50:56783: Received a GOAWAY with error code ENHANCE_YOUR_CALM and debug data equal to "too_many_pings". Current keepalive time (before throttling): 60000ms
E0816 11:08:21.301831471 4100897 chttp2_transport.cc:1079]             ipv4:145.136.62.50:56783: Received a GOAWAY with error code ENHANCE_YOUR_CALM and debug data equal to "too_many_pings". Current keepalive time (before throttling): 60000ms
E0816 11:08:21.301844239 4100897 chttp2_transport.cc:1079]             ipv4:145.136.62.50:56783: Received a GOAWAY with error code ENHANCE_YOUR_CALM and debug data equal to "too_many_pings". Current keepalive time (before throttling): 60000ms
E0816 11:08:21.301852464 4100897 chttp2_transport.cc:1079]             ipv4:145.136.62.50:56783: Received a GOAWAY with error code ENHANCE_YOUR_CALM and debug data equal to "too_many_pings". Current keepalive time (before throttling): 60000ms
E0816 11:08:21.301862922 4100897 chttp2_transport.cc:1079]             ipv4:145.136.62.50:56783: Received a GOAWAY with error code ENHANCE_YOUR_CALM and debug data equal to "too_many_pings". Current keepalive time (before throttling): 60000ms
E0816 11:08:21.301874504 4100897 chttp2_transport.cc:1079]             ipv4:145.136.62.50:56783: Received a GOAWAY with error code ENHANCE_YOUR_CALM and debug data equal to "too_many_pings". Current keepalive time (before throttling): 60000ms
INFO flwr 2023-08-16 11:08:51,884 | fed_df.py:540 | Distillation training stopped at step number : 250
INFO flwr 2023-08-16 11:08:51,884 | fed_df.py:547 | Average fusion training loss : 0.07833108708262443, val accuracy : 0.4324144064028458, best val accuracy : 0.5056691863050244
INFO flwr 2023-08-16 11:08:51,886 | common.py:35 | Avg. local train loss : 7.171463644132018, train acc : 0.7853564814814814
INFO flwr 2023-08-16 11:08:54,294 | server.py:116 | fit progress: (2, 1.7515538016401626, {'server_test_acc': 0.5057103064066852}, 193.81195423798636)
INFO flwr 2023-08-16 11:08:54,295 | server.py:163 | evaluate_round 2: no clients selected, cancel
DEBUG flwr 2023-08-16 11:09:03,351 | server.py:215 | fit_round 3: strategy sampled 8 clients (out of 20)
[2m[36m(launch_and_fit pid=83478)[0m malloc_consolidate(): invalid chunk size
[2m[36m(launch_and_fit pid=83480)[0m malloc_consolidate(): invalid chunk size
DEBUG flwr 2023-08-16 11:09:55,508 | server.py:229 | fit_round 3 received 8 results and 0 failures
INFO flwr 2023-08-16 11:09:55,773 | fed_df.py:463 | Performing server side distillation training...
[2m[36m(launch_and_fit pid=83478)[0m Fitting Client 17
[2m[36m(launch_and_fit pid=83480)[0m Fitting Client 8
[2m[36m(launch_and_fit pid=83482)[0m Fitting Client 7
[2m[36m(launch_and_fit pid=83484)[0m Fitting Client 1
[2m[36m(launch_and_fit pid=83483)[0m Fitting Client 10
[2m[36m(launch_and_fit pid=83487)[0m Fitting Client 0
[2m[36m(launch_and_fit pid=83486)[0m Fitting Client 13
[2m[36m(launch_and_fit pid=83485)[0m Fitting Client 3
[2m[36m(launch_and_fit pid=83487)[0m malloc_consolidate(): invalid chunk size
[2m[36m(launch_and_fit pid=83482)[0m malloc_consolidate(): invalid chunk size
[2m[36m(launch_and_fit pid=83484)[0m malloc_consolidate(): invalid chunk size
E0816 11:09:56.528128523   58624 chttp2_transport.cc:1079]             ipv4:145.136.62.50:56783: Received a GOAWAY with error code ENHANCE_YOUR_CALM and debug data equal to "too_many_pings". Current keepalive time (before throttling): 120000ms
[2m[36m(launch_and_fit pid=83486)[0m malloc_consolidate(): invalid chunk size
[2m[36m(launch_and_fit pid=83485)[0m malloc_consolidate(): invalid chunk size
[2m[36m(launch_and_fit pid=83483)[0m double free or corruption (fasttop)
INFO flwr 2023-08-16 11:10:28,815 | fed_df.py:540 | Distillation training stopped at step number : 250
INFO flwr 2023-08-16 11:10:28,815 | fed_df.py:547 | Average fusion training loss : 0.042306048579514026, val accuracy : 0.35860382392174306, best val accuracy : 0.49288572698977323
INFO flwr 2023-08-16 11:10:28,816 | common.py:35 | Avg. local train loss : 7.699613922461868, train acc : 0.7541898148148147
INFO flwr 2023-08-16 11:10:31,243 | server.py:116 | fit progress: (3, 2.0570533053788633, {'server_test_acc': 0.572841225626741}, 290.76016020495445)
INFO flwr 2023-08-16 11:10:31,243 | server.py:163 | evaluate_round 3: no clients selected, cancel
DEBUG flwr 2023-08-16 11:10:40,376 | server.py:215 | fit_round 4: strategy sampled 8 clients (out of 20)
[2m[36m(launch_and_fit pid=157340)[0m malloc_consolidate(): invalid chunk size
[2m[36m(launch_and_fit pid=157345)[0m corrupted size vs. prev_size in fastbins
DEBUG flwr 2023-08-16 11:11:32,665 | server.py:229 | fit_round 4 received 8 results and 0 failures
[2m[36m(launch_and_fit pid=157347)[0m double free or corruption (fasttop)
INFO flwr 2023-08-16 11:11:32,931 | fed_df.py:463 | Performing server side distillation training...
[2m[36m(launch_and_fit pid=157340)[0m Fitting Client 10
[2m[36m(launch_and_fit pid=157345)[0m Fitting Client 8
[2m[36m(launch_and_fit pid=157347)[0m Fitting Client 6
[2m[36m(launch_and_fit pid=157346)[0m Fitting Client 12
[2m[36m(launch_and_fit pid=157350)[0m Fitting Client 9
[2m[36m(launch_and_fit pid=157348)[0m Fitting Client 14
[2m[36m(launch_and_fit pid=157344)[0m Fitting Client 2
[2m[36m(launch_and_fit pid=157349)[0m Fitting Client 11
[2m[36m(launch_and_fit pid=157344)[0m double free or corruption (fasttop)
[2m[36m(launch_and_fit pid=157349)[0m malloc_consolidate(): invalid chunk size
[2m[36m(launch_and_fit pid=157348)[0m malloc_consolidate(): invalid chunk size
[2m[36m(launch_and_fit pid=157350)[0m double free or corruption (fasttop)
[2m[36m(launch_and_fit pid=157346)[0m double free or corruption (fasttop)
E0816 11:11:34.996557124  205630 chttp2_transport.cc:1079]             ipv4:145.136.62.50:56783: Received a GOAWAY with error code ENHANCE_YOUR_CALM and debug data equal to "too_many_pings". Current keepalive time (before throttling): 240000ms
INFO flwr 2023-08-16 11:12:06,136 | fed_df.py:540 | Distillation training stopped at step number : 250
INFO flwr 2023-08-16 11:12:06,137 | fed_df.py:547 | Average fusion training loss : 0.039859393909573555, val accuracy : 0.5243441529568698, best val accuracy : 0.5800355713650511
INFO flwr 2023-08-16 11:12:06,138 | common.py:35 | Avg. local train loss : 7.924973678961395, train acc : 0.7387824074074075
INFO flwr 2023-08-16 11:12:08,568 | server.py:116 | fit progress: (4, 1.9212604809604314, {'server_test_acc': 0.5870473537604457}, 388.0857613380067)
INFO flwr 2023-08-16 11:12:08,569 | server.py:163 | evaluate_round 4: no clients selected, cancel
DEBUG flwr 2023-08-16 11:12:17,716 | server.py:215 | fit_round 5: strategy sampled 8 clients (out of 20)
[2m[36m(launch_and_fit pid=231479)[0m double free or corruption (fasttop)
DEBUG flwr 2023-08-16 11:13:09,449 | server.py:229 | fit_round 5 received 8 results and 0 failures
INFO flwr 2023-08-16 11:13:09,658 | fed_df.py:365 | Warm start at round 5
INFO flwr 2023-08-16 11:13:09,770 | fed_df.py:463 | Performing server side distillation training...
[2m[36m(launch_and_fit pid=231486)[0m double free or corruption (fasttop)
[2m[36m(launch_and_fit pid=231475)[0m Fitting Client 10
[2m[36m(launch_and_fit pid=231479)[0m Fitting Client 6
[2m[36m(launch_and_fit pid=231480)[0m Fitting Client 15
[2m[36m(launch_and_fit pid=231484)[0m Fitting Client 2
[2m[36m(launch_and_fit pid=231483)[0m Fitting Client 12
[2m[36m(launch_and_fit pid=231486)[0m Fitting Client 17
[2m[36m(launch_and_fit pid=231482)[0m Fitting Client 14
[2m[36m(launch_and_fit pid=231485)[0m Fitting Client 4
[2m[36m(launch_and_fit pid=231480)[0m malloc_consolidate(): invalid chunk size
E0816 11:13:10.596378877  205832 chttp2_transport.cc:1079]             ipv4:145.136.62.50:56783: Received a GOAWAY with error code ENHANCE_YOUR_CALM and debug data equal to "too_many_pings". Current keepalive time (before throttling): 480000ms
[2m[36m(launch_and_fit pid=231475)[0m malloc_consolidate(): invalid chunk size
[2m[36m(launch_and_fit pid=231484)[0m malloc_consolidate(): invalid chunk size
[2m[36m(launch_and_fit pid=231485)[0m malloc_consolidate(): invalid chunk size
[2m[36m(launch_and_fit pid=231482)[0m malloc_consolidate(): invalid chunk size
[2m[36m(launch_and_fit pid=231483)[0m double free or corruption (fasttop)
INFO flwr 2023-08-16 11:13:44,044 | fed_df.py:540 | Distillation training stopped at step number : 250
INFO flwr 2023-08-16 11:13:44,044 | fed_df.py:547 | Average fusion training loss : 0.10093156297504902, val accuracy : 0.560182303245887, best val accuracy : 0.6470653623832815
INFO flwr 2023-08-16 11:13:44,046 | common.py:35 | Avg. local train loss : 7.546219741925598, train acc : 0.764858024691358
INFO flwr 2023-08-16 11:13:46,563 | server.py:116 | fit progress: (5, 1.39001971765481, {'server_test_acc': 0.6175487465181059}, 486.07999978703447)
INFO flwr 2023-08-16 11:13:46,563 | server.py:163 | evaluate_round 5: no clients selected, cancel
DEBUG flwr 2023-08-16 11:13:55,717 | server.py:215 | fit_round 6: strategy sampled 8 clients (out of 20)
[2m[36m(launch_and_fit pid=304993)[0m malloc_consolidate(): invalid chunk size
DEBUG flwr 2023-08-16 11:14:47,064 | server.py:229 | fit_round 6 received 8 results and 0 failures
INFO flwr 2023-08-16 11:14:47,329 | fed_df.py:463 | Performing server side distillation training...
[2m[36m(launch_and_fit pid=304993)[0m Fitting Client 7
[2m[36m(launch_and_fit pid=304995)[0m Fitting Client 18
[2m[36m(launch_and_fit pid=304996)[0m Fitting Client 17
[2m[36m(launch_and_fit pid=304997)[0m Fitting Client 14
[2m[36m(launch_and_fit pid=304998)[0m Fitting Client 8
[2m[36m(launch_and_fit pid=304999)[0m Fitting Client 6
[2m[36m(launch_and_fit pid=305001)[0m Fitting Client 13
[2m[36m(launch_and_fit pid=305000)[0m Fitting Client 9
[2m[36m(launch_and_fit pid=304998)[0m double free or corruption (fasttop)
[2m[36m(launch_and_fit pid=304996)[0m malloc_consolidate(): invalid chunk size
[2m[36m(launch_and_fit pid=304995)[0m malloc_consolidate(): invalid chunk size
E0816 11:14:48.674294700  278613 chttp2_transport.cc:1079]             ipv4:145.136.62.50:56783: Received a GOAWAY with error code ENHANCE_YOUR_CALM and debug data equal to "too_many_pings". Current keepalive time (before throttling): 960000ms
[2m[36m(launch_and_fit pid=305000)[0m double free or corruption (fasttop)
[2m[36m(launch_and_fit pid=304997)[0m malloc_consolidate(): invalid chunk size
[2m[36m(launch_and_fit pid=305001)[0m double free or corruption (fasttop)
[2m[36m(launch_and_fit pid=304999)[0m malloc_consolidate(): invalid chunk size
E0816 11:15:11.110232535  368893 chttp2_transport.cc:1079]             ipv4:145.136.62.50:56783: Received a GOAWAY with error code ENHANCE_YOUR_CALM and debug data equal to "too_many_pings". Current keepalive time (before throttling): 1920000ms
INFO flwr 2023-08-16 11:15:20,843 | fed_df.py:540 | Distillation training stopped at step number : 250
INFO flwr 2023-08-16 11:15:20,843 | fed_df.py:547 | Average fusion training loss : 0.04270320300757885, val accuracy : 0.6192530013339261, best val accuracy : 0.6748554913294798
INFO flwr 2023-08-16 11:15:20,845 | common.py:35 | Avg. local train loss : 6.346551927924156, train acc : 0.8391049382716048
INFO flwr 2023-08-16 11:15:23,312 | server.py:116 | fit progress: (6, 1.9402773948765066, {'server_test_acc': 0.5970752089136491}, 582.8294199609663)
INFO flwr 2023-08-16 11:15:23,312 | server.py:163 | evaluate_round 6: no clients selected, cancel
DEBUG flwr 2023-08-16 11:15:32,702 | server.py:215 | fit_round 7: strategy sampled 8 clients (out of 20)
[2m[36m(launch_and_fit pid=379353)[0m double free or corruption (fasttop)
[2m[36m(launch_and_fit pid=379367)[0m double free or corruption (fasttop)
DEBUG flwr 2023-08-16 11:16:24,170 | server.py:229 | fit_round 7 received 8 results and 0 failures
INFO flwr 2023-08-16 11:16:24,430 | fed_df.py:463 | Performing server side distillation training...
[2m[36m(launch_and_fit pid=379353)[0m Fitting Client 7
[2m[36m(launch_and_fit pid=379367)[0m Fitting Client 11
[2m[36m(launch_and_fit pid=379366)[0m Fitting Client 16
[2m[36m(launch_and_fit pid=379420)[0m Fitting Client 4
[2m[36m(launch_and_fit pid=379388)[0m Fitting Client 15
[2m[36m(launch_and_fit pid=379422)[0m Fitting Client 0
[2m[36m(launch_and_fit pid=379419)[0m Fitting Client 1
[2m[36m(launch_and_fit pid=379421)[0m Fitting Client 12
[2m[36m(launch_and_fit pid=379420)[0m double free or corruption (fasttop)
E0816 11:16:25.500697758  369632 chttp2_transport.cc:1079]             ipv4:145.136.62.50:56783: Received a GOAWAY with error code ENHANCE_YOUR_CALM and debug data equal to "too_many_pings". Current keepalive time (before throttling): 3840000ms
[2m[36m(launch_and_fit pid=379422)[0m double free or corruption (fasttop)
[2m[36m(launch_and_fit pid=379419)[0m double free or corruption (fasttop)
[2m[36m(launch_and_fit pid=379366)[0m double free or corruption (fasttop)
[2m[36m(launch_and_fit pid=379388)[0m double free or corruption (fasttop)
[2m[36m(launch_and_fit pid=379421)[0m malloc_consolidate(): invalid chunk size
E0816 11:16:41.121612337  437927 chttp2_transport.cc:1079]             ipv4:145.136.62.50:56783: Received a GOAWAY with error code ENHANCE_YOUR_CALM and debug data equal to "too_many_pings". Current keepalive time (before throttling): 7680000ms
INFO flwr 2023-08-16 11:16:57,748 | fed_df.py:540 | Distillation training stopped at step number : 250
INFO flwr 2023-08-16 11:16:57,749 | fed_df.py:547 | Average fusion training loss : 0.05145812726020813, val accuracy : 0.6780124499777679, best val accuracy : 0.6906402845709204
INFO flwr 2023-08-16 11:16:57,750 | common.py:35 | Avg. local train loss : 6.599916910007597, train acc : 0.8263564814814814
INFO flwr 2023-08-16 11:17:00,205 | server.py:116 | fit progress: (7, 1.5513105031175534, {'server_test_acc': 0.6232590529247911}, 679.7229008520953)
INFO flwr 2023-08-16 11:17:00,206 | server.py:163 | evaluate_round 7: no clients selected, cancel
DEBUG flwr 2023-08-16 11:17:09,378 | server.py:215 | fit_round 8: strategy sampled 8 clients (out of 20)
[2m[36m(launch_and_fit pid=453190)[0m malloc_consolidate(): invalid chunk size
[2m[36m(launch_and_fit pid=453187)[0m malloc_consolidate(): invalid chunk size
DEBUG flwr 2023-08-16 11:18:01,265 | server.py:229 | fit_round 8 received 8 results and 0 failures
INFO flwr 2023-08-16 11:18:01,529 | fed_df.py:463 | Performing server side distillation training...
[2m[36m(launch_and_fit pid=453190)[0m Fitting Client 4
[2m[36m(launch_and_fit pid=453187)[0m Fitting Client 5
[2m[36m(launch_and_fit pid=453189)[0m Fitting Client 13
[2m[36m(launch_and_fit pid=453193)[0m Fitting Client 9
[2m[36m(launch_and_fit pid=453191)[0m Fitting Client 6
[2m[36m(launch_and_fit pid=453194)[0m Fitting Client 2
[2m[36m(launch_and_fit pid=453188)[0m Fitting Client 3
[2m[36m(launch_and_fit pid=453192)[0m Fitting Client 14
[2m[36m(launch_and_fit pid=453191)[0m double free or corruption (fasttop)
[2m[36m(launch_and_fit pid=453193)[0m malloc_consolidate(): invalid chunk size
[2m[36m(launch_and_fit pid=453192)[0m double free or corruption (fasttop)
[2m[36m(launch_and_fit pid=453188)[0m malloc_consolidate(): invalid chunk size
[2m[36m(launch_and_fit pid=453194)[0m malloc_consolidate(): invalid chunk size
[2m[36m(launch_and_fit pid=453189)[0m malloc_consolidate(): invalid chunk size
E0816 11:18:04.645387211  438465 chttp2_transport.cc:1079]             ipv4:145.136.62.50:56783: Received a GOAWAY with error code ENHANCE_YOUR_CALM and debug data equal to "too_many_pings". Current keepalive time (before throttling): 15360000ms
INFO flwr 2023-08-16 11:18:35,029 | fed_df.py:540 | Distillation training stopped at step number : 250
INFO flwr 2023-08-16 11:18:35,030 | fed_df.py:547 | Average fusion training loss : 0.03904993577301502, val accuracy : 0.7298354824366384, best val accuracy : 0.7802356602934638
INFO flwr 2023-08-16 11:18:35,031 | common.py:35 | Avg. local train loss : 6.687764473631978, train acc : 0.8218055555555555
INFO flwr 2023-08-16 11:18:37,501 | server.py:116 | fit progress: (8, 1.097859613277786, {'server_test_acc': 0.7786908077994429}, 777.0180904609151)
INFO flwr 2023-08-16 11:18:37,501 | server.py:163 | evaluate_round 8: no clients selected, cancel
DEBUG flwr 2023-08-16 11:18:46,692 | server.py:215 | fit_round 9: strategy sampled 8 clients (out of 20)
[2m[36m(launch_and_fit pid=526842)[0m malloc_consolidate(): invalid chunk size
DEBUG flwr 2023-08-16 11:19:38,635 | server.py:229 | fit_round 9 received 8 results and 0 failures
[2m[36m(launch_and_fit pid=526845)[0m malloc_consolidate(): invalid chunk size
INFO flwr 2023-08-16 11:19:38,903 | fed_df.py:463 | Performing server side distillation training...
[2m[36m(launch_and_fit pid=526842)[0m Fitting Client 14
[2m[36m(launch_and_fit pid=526844)[0m Fitting Client 16
[2m[36m(launch_and_fit pid=526843)[0m Fitting Client 8
[2m[36m(launch_and_fit pid=526846)[0m Fitting Client 17
[2m[36m(launch_and_fit pid=526848)[0m Fitting Client 3
[2m[36m(launch_and_fit pid=526847)[0m Fitting Client 0
[2m[36m(launch_and_fit pid=526845)[0m Fitting Client 10
[2m[36m(launch_and_fit pid=526849)[0m Fitting Client 12
[2m[36m(launch_and_fit pid=526847)[0m double free or corruption (fasttop)
[2m[36m(launch_and_fit pid=526844)[0m malloc_consolidate(): invalid chunk size
[2m[36m(launch_and_fit pid=526848)[0m malloc_consolidate(): invalid chunk size
[2m[36m(launch_and_fit pid=526849)[0m double free or corruption (fasttop)
[2m[36m(launch_and_fit pid=526843)[0m double free or corruption (fasttop)
[2m[36m(launch_and_fit pid=526846)[0m double free or corruption (fasttop)
INFO flwr 2023-08-16 11:20:11,714 | fed_df.py:540 | Distillation training stopped at step number : 250
INFO flwr 2023-08-16 11:20:11,715 | fed_df.py:547 | Average fusion training loss : 0.04650947287678719, val accuracy : 0.6213872832369942, best val accuracy : 0.6529568697198755
INFO flwr 2023-08-16 11:20:11,716 | common.py:35 | Avg. local train loss : 6.209087494388223, train acc : 0.8486064814814815
INFO flwr 2023-08-16 11:20:14,247 | server.py:116 | fit progress: (9, 1.7045515907840145, {'server_test_acc': 0.6664345403899722}, 873.7644608321134)
INFO flwr 2023-08-16 11:20:14,247 | server.py:163 | evaluate_round 9: no clients selected, cancel
DEBUG flwr 2023-08-16 11:20:23,466 | server.py:215 | fit_round 10: strategy sampled 8 clients (out of 20)
[2m[36m(launch_and_fit pid=600736)[0m malloc_consolidate(): invalid chunk size
[2m[36m(launch_and_fit pid=600746)[0m malloc_consolidate(): invalid chunk size
DEBUG flwr 2023-08-16 11:21:15,197 | server.py:229 | fit_round 10 received 8 results and 0 failures
[2m[36m(launch_and_fit pid=600743)[0m malloc_consolidate(): invalid chunk size
INFO flwr 2023-08-16 11:21:15,408 | fed_df.py:365 | Warm start at round 10
INFO flwr 2023-08-16 11:21:15,520 | fed_df.py:463 | Performing server side distillation training...
[2m[36m(launch_and_fit pid=600736)[0m Fitting Client 8
[2m[36m(launch_and_fit pid=600739)[0m Fitting Client 9
[2m[36m(launch_and_fit pid=600740)[0m Fitting Client 10
[2m[36m(launch_and_fit pid=600742)[0m Fitting Client 3
[2m[36m(launch_and_fit pid=600743)[0m Fitting Client 13
[2m[36m(launch_and_fit pid=600745)[0m Fitting Client 7
[2m[36m(launch_and_fit pid=600744)[0m Fitting Client 2
[2m[36m(launch_and_fit pid=600746)[0m Fitting Client 0
[2m[36m(launch_and_fit pid=600742)[0m double free or corruption (fasttop)
[2m[36m(launch_and_fit pid=600739)[0m malloc_consolidate(): invalid chunk size
[2m[36m(launch_and_fit pid=600740)[0m malloc_consolidate(): invalid chunk size
[2m[36m(launch_and_fit pid=600745)[0m malloc_consolidate(): invalid chunk size
E0816 11:21:16.788380228  574860 chttp2_transport.cc:1079]             ipv4:145.136.62.50:56783: Received a GOAWAY with error code ENHANCE_YOUR_CALM and debug data equal to "too_many_pings". Current keepalive time (before throttling): 30720000ms
[2m[36m(launch_and_fit pid=600744)[0m malloc_consolidate(): invalid chunk size
INFO flwr 2023-08-16 11:21:47,843 | fed_df.py:540 | Distillation training stopped at step number : 250
INFO flwr 2023-08-16 11:21:47,843 | fed_df.py:547 | Average fusion training loss : 0.05555807284265757, val accuracy : 0.6975767007558915, best val accuracy : 0.7969097376611828
INFO flwr 2023-08-16 11:21:47,844 | common.py:35 | Avg. local train loss : 6.390811844542622, train acc : 0.8405015432098767
INFO flwr 2023-08-16 11:21:50,285 | server.py:116 | fit progress: (10, 1.5149927592875234, {'server_test_acc': 0.7090529247910864}, 969.8029156939592)
INFO flwr 2023-08-16 11:21:50,286 | server.py:163 | evaluate_round 10: no clients selected, cancel
DEBUG flwr 2023-08-16 11:21:59,508 | server.py:215 | fit_round 11: strategy sampled 8 clients (out of 20)
[2m[36m(launch_and_fit pid=674316)[0m malloc_consolidate(): invalid chunk size
DEBUG flwr 2023-08-16 11:22:51,169 | server.py:229 | fit_round 11 received 8 results and 0 failures
[2m[36m(launch_and_fit pid=674317)[0m malloc_consolidate(): invalid chunk size
INFO flwr 2023-08-16 11:22:51,437 | fed_df.py:463 | Performing server side distillation training...
[2m[36m(launch_and_fit pid=674313)[0m Fitting Client 16
[2m[36m(launch_and_fit pid=674316)[0m Fitting Client 8
[2m[36m(launch_and_fit pid=674317)[0m Fitting Client 3
[2m[36m(launch_and_fit pid=674439)[0m Fitting Client 18
[2m[36m(launch_and_fit pid=674441)[0m Fitting Client 13
[2m[36m(launch_and_fit pid=674440)[0m Fitting Client 5
[2m[36m(launch_and_fit pid=674454)[0m Fitting Client 4
[2m[36m(launch_and_fit pid=674453)[0m Fitting Client 10
[2m[36m(launch_and_fit pid=674313)[0m malloc_consolidate(): invalid chunk size
[2m[36m(launch_and_fit pid=674454)[0m double free or corruption (fasttop)
[2m[36m(launch_and_fit pid=674453)[0m malloc_consolidate(): invalid chunk size
E0816 11:22:52.425241722  648683 chttp2_transport.cc:1079]             ipv4:145.136.62.50:56783: Received a GOAWAY with error code ENHANCE_YOUR_CALM and debug data equal to "too_many_pings". Current keepalive time (before throttling): 61440000ms
[2m[36m(launch_and_fit pid=674441)[0m malloc_consolidate(): invalid chunk size
[2m[36m(launch_and_fit pid=674440)[0m double free or corruption (fasttop)
INFO flwr 2023-08-16 11:23:24,310 | fed_df.py:540 | Distillation training stopped at step number : 250
INFO flwr 2023-08-16 11:23:24,310 | fed_df.py:547 | Average fusion training loss : 0.0271945583820343, val accuracy : 0.7519341929746555, best val accuracy : 0.780124499777679
INFO flwr 2023-08-16 11:23:24,312 | common.py:35 | Avg. local train loss : 5.6120911605656145, train acc : 0.8854027777777778
INFO flwr 2023-08-16 11:23:26,792 | server.py:116 | fit progress: (11, 1.8172787953220038, {'server_test_acc': 0.7186629526462396}, 1066.3098815530539)
INFO flwr 2023-08-16 11:23:26,793 | server.py:163 | evaluate_round 11: no clients selected, cancel
DEBUG flwr 2023-08-16 11:23:36,185 | server.py:215 | fit_round 12: strategy sampled 8 clients (out of 20)
[2m[36m(launch_and_fit pid=773067)[0m malloc_consolidate(): invalid chunk size
DEBUG flwr 2023-08-16 11:24:27,821 | server.py:229 | fit_round 12 received 8 results and 0 failures
INFO flwr 2023-08-16 11:24:28,087 | fed_df.py:463 | Performing server side distillation training...
[2m[36m(launch_and_fit pid=773067)[0m Fitting Client 16
[2m[36m(launch_and_fit pid=773073)[0m Fitting Client 4
[2m[36m(launch_and_fit pid=773074)[0m Fitting Client 5
[2m[36m(launch_and_fit pid=773071)[0m Fitting Client 11
[2m[36m(launch_and_fit pid=773070)[0m Fitting Client 6
[2m[36m(launch_and_fit pid=773077)[0m Fitting Client 12
[2m[36m(launch_and_fit pid=773075)[0m Fitting Client 14
[2m[36m(launch_and_fit pid=773076)[0m Fitting Client 8
[2m[36m(launch_and_fit pid=773073)[0m malloc_consolidate(): invalid chunk size
[2m[36m(launch_and_fit pid=773074)[0m double free or corruption (fasttop)
[2m[36m(launch_and_fit pid=773071)[0m malloc_consolidate(): invalid chunk size
[2m[36m(launch_and_fit pid=773077)[0m double free or corruption (fasttop)
[2m[36m(launch_and_fit pid=773070)[0m malloc_consolidate(): invalid chunk size
[2m[36m(launch_and_fit pid=773075)[0m double free or corruption (fasttop)
E0816 11:24:29.262308736  820698 chttp2_transport.cc:1079]             ipv4:145.136.62.50:56783: Received a GOAWAY with error code ENHANCE_YOUR_CALM and debug data equal to "too_many_pings". Current keepalive time (before throttling): 122880000ms
[2m[36m(launch_and_fit pid=773076)[0m malloc_consolidate(): invalid chunk size
INFO flwr 2023-08-16 11:25:00,822 | fed_df.py:540 | Distillation training stopped at step number : 250
INFO flwr 2023-08-16 11:25:00,822 | fed_df.py:547 | Average fusion training loss : 0.017951505422592162, val accuracy : 0.7084259670964873, best val accuracy : 0.7605602489995553
INFO flwr 2023-08-16 11:25:00,824 | common.py:35 | Avg. local train loss : 5.687040736898781, train acc : 0.8822978395061727
INFO flwr 2023-08-16 11:25:03,261 | server.py:116 | fit progress: (12, 1.57108445791813, {'server_test_acc': 0.7512534818941504}, 1162.7787117699627)
INFO flwr 2023-08-16 11:25:03,262 | server.py:163 | evaluate_round 12: no clients selected, cancel
DEBUG flwr 2023-08-16 11:25:12,593 | server.py:215 | fit_round 13: strategy sampled 8 clients (out of 20)
[2m[36m(launch_and_fit pid=846991)[0m malloc_consolidate(): invalid chunk size
[2m[36m(launch_and_fit pid=846999)[0m malloc_consolidate(): invalid chunk size
DEBUG flwr 2023-08-16 11:26:05,045 | server.py:229 | fit_round 13 received 8 results and 0 failures
INFO flwr 2023-08-16 11:26:05,310 | fed_df.py:463 | Performing server side distillation training...
[2m[36m(launch_and_fit pid=846999)[0m Fitting Client 19
[2m[36m(launch_and_fit pid=847001)[0m Fitting Client 14
[2m[36m(launch_and_fit pid=847000)[0m Fitting Client 3
[2m[36m(launch_and_fit pid=847003)[0m Fitting Client 12
[2m[36m(launch_and_fit pid=847002)[0m Fitting Client 5
[2m[36m(launch_and_fit pid=846990)[0m Fitting Client 0
[2m[36m(launch_and_fit pid=846996)[0m Fitting Client 10
[2m[36m(launch_and_fit pid=846991)[0m Fitting Client 15
[2m[36m(launch_and_fit pid=847002)[0m malloc_consolidate(): invalid chunk size
[2m[36m(launch_and_fit pid=846996)[0m malloc_consolidate(): invalid chunk size
E0816 11:26:05.673213087  820833 chttp2_transport.cc:1079]             ipv4:145.136.62.50:56783: Received a GOAWAY with error code ENHANCE_YOUR_CALM and debug data equal to "too_many_pings". Current keepalive time (before throttling): 245760000ms
[2m[36m(launch_and_fit pid=847000)[0m malloc_consolidate(): invalid chunk size
[2m[36m(launch_and_fit pid=847003)[0m malloc_consolidate(): invalid chunk size
[2m[36m(launch_and_fit pid=846990)[0m double free or corruption (fasttop)
[2m[36m(launch_and_fit pid=847001)[0m double free or corruption (fasttop)
INFO flwr 2023-08-16 11:26:37,796 | fed_df.py:540 | Distillation training stopped at step number : 250
INFO flwr 2023-08-16 11:26:37,797 | fed_df.py:547 | Average fusion training loss : 0.030724394954741, val accuracy : 0.7302801244997777, best val accuracy : 0.7728990662516674
INFO flwr 2023-08-16 11:26:37,798 | common.py:35 | Avg. local train loss : 5.619538312777877, train acc : 0.8871712962962964
INFO flwr 2023-08-16 11:26:40,211 | server.py:116 | fit progress: (13, 2.3703899918824516, {'server_test_acc': 0.7715877437325905}, 1259.7281904050615)
INFO flwr 2023-08-16 11:26:40,211 | server.py:163 | evaluate_round 13: no clients selected, cancel
DEBUG flwr 2023-08-16 11:26:49,502 | server.py:215 | fit_round 14: strategy sampled 8 clients (out of 20)
[2m[36m(launch_and_fit pid=920606)[0m malloc_consolidate(): invalid chunk size
DEBUG flwr 2023-08-16 11:27:41,477 | server.py:229 | fit_round 14 received 8 results and 0 failures
[2m[36m(launch_and_fit pid=920605)[0m malloc_consolidate(): invalid chunk size
INFO flwr 2023-08-16 11:27:41,743 | fed_df.py:463 | Performing server side distillation training...
[2m[36m(launch_and_fit pid=920605)[0m Fitting Client 18
[2m[36m(launch_and_fit pid=920606)[0m Fitting Client 7
[2m[36m(launch_and_fit pid=920609)[0m Fitting Client 2
[2m[36m(launch_and_fit pid=920607)[0m Fitting Client 9
[2m[36m(launch_and_fit pid=920612)[0m Fitting Client 16
[2m[36m(launch_and_fit pid=920610)[0m Fitting Client 17
[2m[36m(launch_and_fit pid=920611)[0m Fitting Client 11
[2m[36m(launch_and_fit pid=920608)[0m Fitting Client 1
[2m[36m(launch_and_fit pid=920607)[0m double free or corruption (fasttop)
[2m[36m(launch_and_fit pid=920611)[0m malloc_consolidate(): invalid chunk size
[2m[36m(launch_and_fit pid=920612)[0m double free or corruption (fasttop)
[2m[36m(launch_and_fit pid=920608)[0m double free or corruption (fasttop)
E0816 11:27:42.990713163  968263 chttp2_transport.cc:1079]             ipv4:145.136.62.50:56783: Received a GOAWAY with error code ENHANCE_YOUR_CALM and debug data equal to "too_many_pings". Current keepalive time (before throttling): 491520000ms
[2m[36m(launch_and_fit pid=920610)[0m double free or corruption (fasttop)
[2m[36m(launch_and_fit pid=920609)[0m corrupted size vs. prev_size in fastbins
INFO flwr 2023-08-16 11:28:20,763 | fed_df.py:540 | Distillation training stopped at step number : 250
INFO flwr 2023-08-16 11:28:20,763 | fed_df.py:547 | Average fusion training loss : 0.040486306563019756, val accuracy : 0.7179413072476656, best val accuracy : 0.7612272120942641
INFO flwr 2023-08-16 11:28:20,765 | common.py:35 | Avg. local train loss : 5.635763970948755, train acc : 0.8841358024691358
INFO flwr 2023-08-16 11:28:23,268 | server.py:116 | fit progress: (14, 1.6409833182863538, {'server_test_acc': 0.6675487465181058}, 1362.7859236130025)
INFO flwr 2023-08-16 11:28:23,269 | server.py:163 | evaluate_round 14: no clients selected, cancel
DEBUG flwr 2023-08-16 11:28:32,502 | server.py:215 | fit_round 15: strategy sampled 8 clients (out of 20)
[2m[36m(launch_and_fit pid=994498)[0m malloc_consolidate(): invalid chunk size
DEBUG flwr 2023-08-16 11:29:24,408 | server.py:229 | fit_round 15 received 8 results and 0 failures
INFO flwr 2023-08-16 11:29:24,618 | fed_df.py:365 | Warm start at round 15
INFO flwr 2023-08-16 11:29:24,730 | fed_df.py:463 | Performing server side distillation training...
[2m[36m(launch_and_fit pid=994498)[0m Fitting Client 17
[2m[36m(launch_and_fit pid=994500)[0m Fitting Client 18
[2m[36m(launch_and_fit pid=994499)[0m Fitting Client 4
[2m[36m(launch_and_fit pid=994501)[0m Fitting Client 2
[2m[36m(launch_and_fit pid=994502)[0m Fitting Client 15
[2m[36m(launch_and_fit pid=994503)[0m Fitting Client 8
[2m[36m(launch_and_fit pid=994505)[0m Fitting Client 16
[2m[36m(launch_and_fit pid=994504)[0m Fitting Client 19
[2m[36m(launch_and_fit pid=994500)[0m double free or corruption (fasttop)
[2m[36m(launch_and_fit pid=994501)[0m malloc_consolidate(): invalid chunk size
[2m[36m(launch_and_fit pid=994499)[0m malloc_consolidate(): invalid chunk size
[2m[36m(launch_and_fit pid=994504)[0m double free or corruption (fasttop)
[2m[36m(launch_and_fit pid=994503)[0m malloc_consolidate(): invalid chunk size
E0816 11:29:26.264822341 1042245 chttp2_transport.cc:1079]             ipv4:145.136.62.50:56783: Received a GOAWAY with error code ENHANCE_YOUR_CALM and debug data equal to "too_many_pings". Current keepalive time (before throttling): 983040000ms
[2m[36m(launch_and_fit pid=994505)[0m double free or corruption (fasttop)
INFO flwr 2023-08-16 11:29:59,160 | fed_df.py:540 | Distillation training stopped at step number : 250
INFO flwr 2023-08-16 11:29:59,160 | fed_df.py:547 | Average fusion training loss : 0.08655658397078514, val accuracy : 0.7086482881280569, best val accuracy : 0.7934637616718542
INFO flwr 2023-08-16 11:29:59,162 | common.py:35 | Avg. local train loss : 5.371499420888722, train acc : 0.899716049382716
INFO flwr 2023-08-16 11:30:01,676 | server.py:116 | fit progress: (15, 2.9149010081809212, {'server_test_acc': 0.7142061281337048}, 1461.1939743601251)
INFO flwr 2023-08-16 11:30:01,677 | server.py:163 | evaluate_round 15: no clients selected, cancel
DEBUG flwr 2023-08-16 11:30:11,007 | server.py:215 | fit_round 16: strategy sampled 8 clients (out of 20)
DEBUG flwr 2023-08-16 11:31:04,382 | server.py:229 | fit_round 16 received 8 results and 0 failures
[2m[36m(launch_and_fit pid=1068380)[0m malloc_consolidate(): invalid chunk size
INFO flwr 2023-08-16 11:31:04,649 | fed_df.py:463 | Performing server side distillation training...
[2m[36m(launch_and_fit pid=1068382)[0m Fitting Client 6
[2m[36m(launch_and_fit pid=1068377)[0m Fitting Client 13
[2m[36m(launch_and_fit pid=1068381)[0m Fitting Client 19
[2m[36m(launch_and_fit pid=1068383)[0m Fitting Client 10
[2m[36m(launch_and_fit pid=1068384)[0m Fitting Client 18
[2m[36m(launch_and_fit pid=1068380)[0m Fitting Client 9
[2m[36m(launch_and_fit pid=1068379)[0m Fitting Client 16
[2m[36m(launch_and_fit pid=1068378)[0m Fitting Client 17
[2m[36m(launch_and_fit pid=1068382)[0m malloc_consolidate(): invalid chunk size
[2m[36m(launch_and_fit pid=1068378)[0m malloc_consolidate(): invalid chunk size
[2m[36m(launch_and_fit pid=1068379)[0m double free or corruption (fasttop)
[2m[36m(launch_and_fit pid=1068384)[0m malloc_consolidate(): invalid chunk size
[2m[36m(launch_and_fit pid=1068383)[0m double free or corruption (fasttop)
[2m[36m(launch_and_fit pid=1068381)[0m malloc_consolidate(): invalid chunk size
[2m[36m(launch_and_fit pid=1068377)[0m malloc_consolidate(): invalid chunk size
INFO flwr 2023-08-16 11:31:38,617 | fed_df.py:540 | Distillation training stopped at step number : 250
INFO flwr 2023-08-16 11:31:38,618 | fed_df.py:547 | Average fusion training loss : 0.04368493278324604, val accuracy : 0.7553579368608271, best val accuracy : 0.7993552690084482
INFO flwr 2023-08-16 11:31:38,619 | common.py:35 | Avg. local train loss : 5.077595028653741, train acc : 0.914746913580247
INFO flwr 2023-08-16 11:31:41,106 | server.py:116 | fit progress: (16, 1.2888867229472296, {'server_test_acc': 0.7207520891364902}, 1560.623892954085)
INFO flwr 2023-08-16 11:31:41,107 | server.py:163 | evaluate_round 16: no clients selected, cancel
DEBUG flwr 2023-08-16 11:31:50,343 | server.py:215 | fit_round 17: strategy sampled 8 clients (out of 20)
[2m[36m(launch_and_fit pid=1142114)[0m malloc_consolidate(): invalid chunk size
[2m[36m(launch_and_fit pid=1142122)[0m malloc_consolidate(): invalid chunk size
DEBUG flwr 2023-08-16 11:32:42,175 | server.py:229 | fit_round 17 received 8 results and 0 failures
[2m[36m(launch_and_fit pid=1142121)[0m malloc_consolidate(): invalid chunk size
INFO flwr 2023-08-16 11:32:42,440 | fed_df.py:463 | Performing server side distillation training...
[2m[36m(launch_and_fit pid=1142114)[0m Fitting Client 14
[2m[36m(launch_and_fit pid=1142116)[0m Fitting Client 11
[2m[36m(launch_and_fit pid=1142118)[0m Fitting Client 3
[2m[36m(launch_and_fit pid=1142117)[0m Fitting Client 18
[2m[36m(launch_and_fit pid=1142119)[0m Fitting Client 16
[2m[36m(launch_and_fit pid=1142122)[0m Fitting Client 1
[2m[36m(launch_and_fit pid=1142120)[0m Fitting Client 15
[2m[36m(launch_and_fit pid=1142121)[0m Fitting Client 17
[2m[36m(launch_and_fit pid=1142116)[0m malloc_consolidate(): invalid chunk size
[2m[36m(launch_and_fit pid=1142118)[0m malloc_consolidate(): invalid chunk size
[2m[36m(launch_and_fit pid=1142120)[0m malloc_consolidate(): invalid chunk size
[2m[36m(launch_and_fit pid=1142119)[0m malloc_consolidate(): invalid chunk size
[2m[36m(launch_and_fit pid=1142117)[0m malloc_consolidate(): invalid chunk size
E0816 11:32:44.674232443 1042517 chttp2_transport.cc:1079]             ipv4:145.136.62.50:56783: Received a GOAWAY with error code ENHANCE_YOUR_CALM and debug data equal to "too_many_pings". Current keepalive time (before throttling): 1966080000ms
INFO flwr 2023-08-16 11:33:16,710 | fed_df.py:540 | Distillation training stopped at step number : 250
INFO flwr 2023-08-16 11:33:16,710 | fed_df.py:547 | Average fusion training loss : 0.03571353705227375, val accuracy : 0.797865718096932, best val accuracy : 0.8218096931969764
INFO flwr 2023-08-16 11:33:16,712 | common.py:35 | Avg. local train loss : 5.238925945945084, train acc : 0.9071867283950619
INFO flwr 2023-08-16 11:33:19,219 | server.py:116 | fit progress: (17, 1.9575866268869895, {'server_test_acc': 0.7466573816155989}, 1658.7363265529275)
INFO flwr 2023-08-16 11:33:19,219 | server.py:163 | evaluate_round 17: no clients selected, cancel
DEBUG flwr 2023-08-16 11:33:28,483 | server.py:215 | fit_round 18: strategy sampled 8 clients (out of 20)
DEBUG flwr 2023-08-16 11:34:20,104 | server.py:229 | fit_round 18 received 8 results and 0 failures
INFO flwr 2023-08-16 11:34:20,370 | fed_df.py:463 | Performing server side distillation training...
[2m[36m(launch_and_fit pid=1215987)[0m Fitting Client 0
[2m[36m(launch_and_fit pid=1215986)[0m Fitting Client 10
[2m[36m(launch_and_fit pid=1215989)[0m Fitting Client 17
[2m[36m(launch_and_fit pid=1215991)[0m Fitting Client 18
[2m[36m(launch_and_fit pid=1215992)[0m Fitting Client 7
[2m[36m(launch_and_fit pid=1215993)[0m Fitting Client 1
[2m[36m(launch_and_fit pid=1215995)[0m Fitting Client 11
[2m[36m(launch_and_fit pid=1215994)[0m Fitting Client 16
[2m[36m(launch_and_fit pid=1215987)[0m malloc_consolidate(): invalid chunk size
[2m[36m(launch_and_fit pid=1215989)[0m malloc_consolidate(): invalid chunk size
[2m[36m(launch_and_fit pid=1215993)[0m malloc_consolidate(): invalid chunk size
[2m[36m(launch_and_fit pid=1215991)[0m double free or corruption (fasttop)
[2m[36m(launch_and_fit pid=1215994)[0m malloc_consolidate(): invalid chunk size
[2m[36m(launch_and_fit pid=1215995)[0m malloc_consolidate(): invalid chunk size
[2m[36m(launch_and_fit pid=1215992)[0m malloc_consolidate(): invalid chunk size
[2m[36m(launch_and_fit pid=1215986)[0m double free or corruption (fasttop)
E0816 11:34:24.360530865 1190353 chttp2_transport.cc:1079]             ipv4:145.136.62.50:56783: Received a GOAWAY with error code ENHANCE_YOUR_CALM and debug data equal to "too_many_pings". Current keepalive time (before throttling): ∞
INFO flwr 2023-08-16 11:34:54,176 | fed_df.py:540 | Distillation training stopped at step number : 250
INFO flwr 2023-08-16 11:34:54,177 | fed_df.py:547 | Average fusion training loss : 0.04366975968331099, val accuracy : 0.8033792796798578, best val accuracy : 0.8195864828812806
INFO flwr 2023-08-16 11:34:54,178 | common.py:35 | Avg. local train loss : 5.291955116018653, train acc : 0.9039753086419753
INFO flwr 2023-08-16 11:34:56,661 | server.py:116 | fit progress: (18, 2.7392038221810853, {'server_test_acc': 0.7090529247910864}, 1756.1787702171132)
INFO flwr 2023-08-16 11:34:56,662 | server.py:163 | evaluate_round 18: no clients selected, cancel
DEBUG flwr 2023-08-16 11:35:05,875 | server.py:215 | fit_round 19: strategy sampled 8 clients (out of 20)
[2m[36m(launch_and_fit pid=1289707)[0m double free or corruption (fasttop)
[2m[36m(launch_and_fit pid=1289710)[0m malloc_consolidate(): invalid chunk size
DEBUG flwr 2023-08-16 11:35:57,753 | server.py:229 | fit_round 19 received 8 results and 0 failures
INFO flwr 2023-08-16 11:35:58,019 | fed_df.py:463 | Performing server side distillation training...
[2m[36m(launch_and_fit pid=1289707)[0m Fitting Client 1
[2m[36m(launch_and_fit pid=1289709)[0m Fitting Client 19
[2m[36m(launch_and_fit pid=1289710)[0m Fitting Client 2
[2m[36m(launch_and_fit pid=1289712)[0m Fitting Client 10
[2m[36m(launch_and_fit pid=1289711)[0m Fitting Client 7
[2m[36m(launch_and_fit pid=1289715)[0m Fitting Client 16
[2m[36m(launch_and_fit pid=1289713)[0m Fitting Client 8
[2m[36m(launch_and_fit pid=1289714)[0m Fitting Client 3
[2m[36m(launch_and_fit pid=1289712)[0m malloc_consolidate(): invalid chunk size
[2m[36m(launch_and_fit pid=1289715)[0m malloc_consolidate(): invalid chunk size
E0816 11:35:58.785157865 1265506 chttp2_transport.cc:1079]             ipv4:145.136.62.50:56783: Received a GOAWAY with error code ENHANCE_YOUR_CALM and debug data equal to "too_many_pings". Current keepalive time (before throttling): ∞
[2m[36m(launch_and_fit pid=1289709)[0m double free or corruption (fasttop)
[2m[36m(launch_and_fit pid=1289714)[0m malloc_consolidate(): invalid chunk size
[2m[36m(launch_and_fit pid=1289713)[0m double free or corruption (fasttop)
[2m[36m(launch_and_fit pid=1289711)[0m malloc_consolidate(): invalid chunk size
INFO flwr 2023-08-16 11:36:32,040 | fed_df.py:540 | Distillation training stopped at step number : 250
INFO flwr 2023-08-16 11:36:32,040 | fed_df.py:547 | Average fusion training loss : 0.04752393379807472, val accuracy : 0.7817696754112938, best val accuracy : 0.8223654957759003
INFO flwr 2023-08-16 11:36:32,041 | common.py:35 | Avg. local train loss : 5.298298858292401, train acc : 0.9055030864197531
INFO flwr 2023-08-16 11:36:34,530 | server.py:116 | fit progress: (19, 0.969308626153675, {'server_test_acc': 0.7729805013927576}, 1854.047642728081)
INFO flwr 2023-08-16 11:36:34,530 | server.py:163 | evaluate_round 19: no clients selected, cancel
DEBUG flwr 2023-08-16 11:36:43,816 | server.py:215 | fit_round 20: strategy sampled 8 clients (out of 20)
[2m[36m(launch_and_fit pid=1363531)[0m malloc_consolidate(): invalid chunk size
[2m[36m(launch_and_fit pid=1363534)[0m malloc_consolidate(): invalid chunk size
DEBUG flwr 2023-08-16 11:37:35,670 | server.py:229 | fit_round 20 received 8 results and 0 failures
INFO flwr 2023-08-16 11:37:35,880 | fed_df.py:365 | Warm start at round 20
INFO flwr 2023-08-16 11:37:35,990 | fed_df.py:463 | Performing server side distillation training...
[2m[36m(launch_and_fit pid=1363531)[0m Fitting Client 8
[2m[36m(launch_and_fit pid=1363532)[0m Fitting Client 15
[2m[36m(launch_and_fit pid=1363534)[0m Fitting Client 6
[2m[36m(launch_and_fit pid=1363536)[0m Fitting Client 4
[2m[36m(launch_and_fit pid=1363538)[0m Fitting Client 3
[2m[36m(launch_and_fit pid=1363537)[0m Fitting Client 18
[2m[36m(launch_and_fit pid=1363539)[0m Fitting Client 12
[2m[36m(launch_and_fit pid=1363540)[0m Fitting Client 7
[2m[36m(launch_and_fit pid=1363536)[0m malloc_consolidate(): invalid chunk size
[2m[36m(launch_and_fit pid=1363532)[0m malloc_consolidate(): invalid chunk size
[2m[36m(launch_and_fit pid=1363537)[0m malloc_consolidate(): invalid chunk size
[2m[36m(launch_and_fit pid=1363539)[0m malloc_consolidate(): invalid chunk size
[2m[36m(launch_and_fit pid=1363538)[0m malloc_consolidate(): invalid chunk size
[2m[36m(launch_and_fit pid=1363540)[0m malloc_consolidate(): invalid chunk size
INFO flwr 2023-08-16 11:38:15,423 | fed_df.py:540 | Distillation training stopped at step number : 250
INFO flwr 2023-08-16 11:38:15,423 | fed_df.py:547 | Average fusion training loss : 0.05042808207124472, val accuracy : 0.8407514450867053, best val accuracy : 0.8646064917741219
INFO flwr 2023-08-16 11:38:15,425 | common.py:35 | Avg. local train loss : 5.330842588283121, train acc : 0.9027932098765432
INFO flwr 2023-08-16 11:38:17,943 | server.py:116 | fit progress: (20, 1.2327119095411805, {'server_test_acc': 0.7629526462395543}, 1957.46044251509)
INFO flwr 2023-08-16 11:38:17,943 | server.py:163 | evaluate_round 20: no clients selected, cancel
DEBUG flwr 2023-08-16 11:38:27,296 | server.py:215 | fit_round 21: strategy sampled 8 clients (out of 20)
[2m[36m(launch_and_fit pid=1453374)[0m malloc_consolidate(): invalid chunk size
[2m[36m(launch_and_fit pid=1453379)[0m malloc_consolidate(): invalid chunk size
[2m[36m(launch_and_fit pid=1453378)[0m malloc_consolidate(): invalid chunk size
[2m[36m(launch_and_fit pid=1453384)[0m double free or corruption (fasttop)
DEBUG flwr 2023-08-16 11:39:19,413 | server.py:229 | fit_round 21 received 8 results and 0 failures
INFO flwr 2023-08-16 11:39:19,714 | fed_df.py:463 | Performing server side distillation training...
[2m[36m(launch_and_fit pid=1453374)[0m Fitting Client 13
[2m[36m(launch_and_fit pid=1453378)[0m Fitting Client 6
[2m[36m(launch_and_fit pid=1453379)[0m Fitting Client 17
[2m[36m(launch_and_fit pid=1453382)[0m Fitting Client 18
[2m[36m(launch_and_fit pid=1453380)[0m Fitting Client 3
[2m[36m(launch_and_fit pid=1453384)[0m Fitting Client 5
[2m[36m(launch_and_fit pid=1453381)[0m Fitting Client 15
[2m[36m(launch_and_fit pid=1453383)[0m Fitting Client 19
[2m[36m(launch_and_fit pid=1453381)[0m malloc_consolidate(): invalid chunk size
[2m[36m(launch_and_fit pid=1453382)[0m malloc_consolidate(): invalid chunk size
[2m[36m(launch_and_fit pid=1453383)[0m malloc_consolidate(): invalid chunk size
[2m[36m(launch_and_fit pid=1453380)[0m malloc_consolidate(): invalid chunk size
E0816 11:39:20.993234915 1336866 chttp2_transport.cc:1079]             ipv4:145.136.62.50:56783: Received a GOAWAY with error code ENHANCE_YOUR_CALM and debug data equal to "too_many_pings". Current keepalive time (before throttling): ∞
INFO flwr 2023-08-16 11:39:59,488 | fed_df.py:540 | Distillation training stopped at step number : 250
INFO flwr 2023-08-16 11:39:59,488 | fed_df.py:547 | Average fusion training loss : 0.02151815102994442, val accuracy : 0.8509782125389063, best val accuracy : 0.8805024455313473
INFO flwr 2023-08-16 11:39:59,490 | common.py:35 | Avg. local train loss : 4.845959420129657, train acc : 0.9305555555555556
INFO flwr 2023-08-16 11:40:02,034 | server.py:116 | fit progress: (21, 1.439499411410276, {'server_test_acc': 0.7806406685236769}, 2061.5509881491307)
INFO flwr 2023-08-16 11:40:02,034 | server.py:163 | evaluate_round 21: no clients selected, cancel
DEBUG flwr 2023-08-16 11:40:11,471 | server.py:215 | fit_round 22: strategy sampled 8 clients (out of 20)
[2m[36m(launch_and_fit pid=1536114)[0m double free or corruption (fasttop)
DEBUG flwr 2023-08-16 11:41:02,563 | server.py:229 | fit_round 22 received 8 results and 0 failures
[2m[36m(launch_and_fit pid=1536104)[0m malloc_consolidate(): invalid chunk size
INFO flwr 2023-08-16 11:41:02,831 | fed_df.py:463 | Performing server side distillation training...
[2m[36m(launch_and_fit pid=1536104)[0m Fitting Client 1
[2m[36m(launch_and_fit pid=1536108)[0m Fitting Client 14
[2m[36m(launch_and_fit pid=1536106)[0m Fitting Client 3
[2m[36m(launch_and_fit pid=1536110)[0m Fitting Client 18
[2m[36m(launch_and_fit pid=1536111)[0m Fitting Client 12
[2m[36m(launch_and_fit pid=1536114)[0m Fitting Client 5
[2m[36m(launch_and_fit pid=1536112)[0m Fitting Client 11
[2m[36m(launch_and_fit pid=1536113)[0m Fitting Client 15
[2m[36m(launch_and_fit pid=1536108)[0m malloc_consolidate(): invalid chunk size
[2m[36m(launch_and_fit pid=1536106)[0m double free or corruption (fasttop)
[2m[36m(launch_and_fit pid=1536110)[0m malloc_consolidate(): invalid chunk size
[2m[36m(launch_and_fit pid=1536111)[0m double free or corruption (fasttop)
[2m[36m(launch_and_fit pid=1536112)[0m malloc_consolidate(): invalid chunk size
[2m[36m(launch_and_fit pid=1536113)[0m double free or corruption (fasttop)
E0816 11:41:04.347933000 1510179 chttp2_transport.cc:1079]             ipv4:145.136.62.50:56783: Received a GOAWAY with error code ENHANCE_YOUR_CALM and debug data equal to "too_many_pings". Current keepalive time (before throttling): ∞
INFO flwr 2023-08-16 11:41:36,771 | fed_df.py:540 | Distillation training stopped at step number : 250
INFO flwr 2023-08-16 11:41:36,771 | fed_df.py:547 | Average fusion training loss : 0.02162580769136548, val accuracy : 0.8590929301911961, best val accuracy : 0.885504668741663
INFO flwr 2023-08-16 11:41:36,772 | common.py:35 | Avg. local train loss : 4.972104515880346, train acc : 0.9248225308641975
INFO flwr 2023-08-16 11:41:39,326 | server.py:116 | fit progress: (22, 1.00958733744608, {'server_test_acc': 0.8272980501392758}, 2158.8432656319346)
INFO flwr 2023-08-16 11:41:39,326 | server.py:163 | evaluate_round 22: no clients selected, cancel
DEBUG flwr 2023-08-16 11:41:48,754 | server.py:215 | fit_round 23: strategy sampled 8 clients (out of 20)
[2m[36m(launch_and_fit pid=1609935)[0m malloc_consolidate(): invalid chunk size
DEBUG flwr 2023-08-16 11:42:40,193 | server.py:229 | fit_round 23 received 8 results and 0 failures
[2m[36m(launch_and_fit pid=1609939)[0m malloc_consolidate(): invalid chunk size
INFO flwr 2023-08-16 11:42:40,461 | fed_df.py:463 | Performing server side distillation training...
[2m[36m(launch_and_fit pid=1609935)[0m Fitting Client 3
[2m[36m(launch_and_fit pid=1609939)[0m Fitting Client 6
[2m[36m(launch_and_fit pid=1609938)[0m Fitting Client 14
[2m[36m(launch_and_fit pid=1609943)[0m Fitting Client 16
[2m[36m(launch_and_fit pid=1609942)[0m Fitting Client 7
[2m[36m(launch_and_fit pid=1609941)[0m Fitting Client 17
[2m[36m(launch_and_fit pid=1609940)[0m Fitting Client 2
[2m[36m(launch_and_fit pid=1609944)[0m Fitting Client 15
[2m[36m(launch_and_fit pid=1609943)[0m malloc_consolidate(): invalid chunk size
[2m[36m(launch_and_fit pid=1609940)[0m double free or corruption (fasttop)
E0816 11:42:41.621056512 1584226 chttp2_transport.cc:1079]             ipv4:145.136.62.50:56783: Received a GOAWAY with error code ENHANCE_YOUR_CALM and debug data equal to "too_many_pings". Current keepalive time (before throttling): ∞
[2m[36m(launch_and_fit pid=1609941)[0m malloc_consolidate(): invalid chunk size
[2m[36m(launch_and_fit pid=1609944)[0m malloc_consolidate(): invalid chunk size
[2m[36m(launch_and_fit pid=1609942)[0m double free or corruption (fasttop)
[2m[36m(launch_and_fit pid=1609938)[0m double free or corruption (fasttop)
INFO flwr 2023-08-16 11:43:13,983 | fed_df.py:540 | Distillation training stopped at step number : 250
INFO flwr 2023-08-16 11:43:13,983 | fed_df.py:547 | Average fusion training loss : 0.03399120542407036, val accuracy : 0.8659626500666964, best val accuracy : 0.8861716318363717
INFO flwr 2023-08-16 11:43:13,985 | common.py:35 | Avg. local train loss : 5.001253081858158, train acc : 0.9227253086419753
INFO flwr 2023-08-16 11:43:16,630 | server.py:116 | fit progress: (23, 0.8706244564986163, {'server_test_acc': 0.8534818941504179}, 2256.147925869096)
INFO flwr 2023-08-16 11:43:16,631 | server.py:163 | evaluate_round 23: no clients selected, cancel
DEBUG flwr 2023-08-16 11:43:25,943 | server.py:215 | fit_round 24: strategy sampled 8 clients (out of 20)
[2m[36m(launch_and_fit pid=1683890)[0m malloc_consolidate(): invalid chunk size
[2m[36m(launch_and_fit pid=1683892)[0m malloc_consolidate(): invalid chunk size
DEBUG flwr 2023-08-16 11:44:17,522 | server.py:229 | fit_round 24 received 8 results and 0 failures
INFO flwr 2023-08-16 11:44:17,790 | fed_df.py:463 | Performing server side distillation training...
[2m[36m(launch_and_fit pid=1683892)[0m Fitting Client 14
[2m[36m(launch_and_fit pid=1683890)[0m Fitting Client 8
[2m[36m(launch_and_fit pid=1683894)[0m Fitting Client 7
[2m[36m(launch_and_fit pid=1683896)[0m Fitting Client 2
[2m[36m(launch_and_fit pid=1683898)[0m Fitting Client 19
[2m[36m(launch_and_fit pid=1683895)[0m Fitting Client 18
[2m[36m(launch_and_fit pid=1683897)[0m Fitting Client 13
[2m[36m(launch_and_fit pid=1683899)[0m Fitting Client 12
[2m[36m(launch_and_fit pid=1683899)[0m malloc_consolidate(): invalid chunk size
[2m[36m(launch_and_fit pid=1683895)[0m malloc_consolidate(): invalid chunk size
[2m[36m(launch_and_fit pid=1683898)[0m malloc_consolidate(): invalid chunk size
E0816 11:44:18.939981982 1731121 chttp2_transport.cc:1079]             ipv4:145.136.62.50:56783: Received a GOAWAY with error code ENHANCE_YOUR_CALM and debug data equal to "too_many_pings". Current keepalive time (before throttling): ∞
[2m[36m(launch_and_fit pid=1683897)[0m malloc_consolidate(): invalid chunk size
[2m[36m(launch_and_fit pid=1683896)[0m malloc_consolidate(): invalid chunk size
[2m[36m(launch_and_fit pid=1683894)[0m malloc_consolidate(): invalid chunk size
E0816 11:44:20.105631078 1731660 chttp2_transport.cc:1079]             ipv4:145.136.62.50:56783: Received a GOAWAY with error code ENHANCE_YOUR_CALM and debug data equal to "too_many_pings". Current keepalive time (before throttling): ∞
INFO flwr 2023-08-16 11:44:51,174 | fed_df.py:540 | Distillation training stopped at step number : 250
INFO flwr 2023-08-16 11:44:51,174 | fed_df.py:547 | Average fusion training loss : 0.013344298159703612, val accuracy : 0.8518452645620276, best val accuracy : 0.8717207647843486
INFO flwr 2023-08-16 11:44:51,176 | common.py:35 | Avg. local train loss : 4.896675494126976, train acc : 0.9285262345679012
INFO flwr 2023-08-16 11:44:53,663 | server.py:116 | fit progress: (24, 1.1804994561213968, {'server_test_acc': 0.7799442896935933}, 2353.180536678992)
INFO flwr 2023-08-16 11:44:53,663 | server.py:163 | evaluate_round 24: no clients selected, cancel
DEBUG flwr 2023-08-16 11:45:02,974 | server.py:215 | fit_round 25: strategy sampled 8 clients (out of 20)
[2m[36m(launch_and_fit pid=1757622)[0m malloc_consolidate(): invalid chunk size
[2m[36m(launch_and_fit pid=1757624)[0m corrupted size vs. prev_size in fastbins
DEBUG flwr 2023-08-16 11:45:55,097 | server.py:229 | fit_round 25 received 8 results and 0 failures
INFO flwr 2023-08-16 11:45:55,309 | fed_df.py:365 | Warm start at round 25
INFO flwr 2023-08-16 11:45:55,452 | fed_df.py:463 | Performing server side distillation training...
[2m[36m(launch_and_fit pid=1757624)[0m Fitting Client 3
[2m[36m(launch_and_fit pid=1757622)[0m Fitting Client 1
[2m[36m(launch_and_fit pid=1757629)[0m Fitting Client 14
[2m[36m(launch_and_fit pid=1757626)[0m Fitting Client 0
[2m[36m(launch_and_fit pid=1757628)[0m Fitting Client 2
[2m[36m(launch_and_fit pid=1757627)[0m Fitting Client 17
[2m[36m(launch_and_fit pid=1757631)[0m Fitting Client 19
[2m[36m(launch_and_fit pid=1757630)[0m Fitting Client 12
[2m[36m(launch_and_fit pid=1757630)[0m malloc_consolidate(): invalid chunk size
[2m[36m(launch_and_fit pid=1757629)[0m double free or corruption (fasttop)
E0816 11:45:55.995562864 1732464 chttp2_transport.cc:1079]             ipv4:145.136.62.50:56783: Received a GOAWAY with error code ENHANCE_YOUR_CALM and debug data equal to "too_many_pings". Current keepalive time (before throttling): ∞
[2m[36m(launch_and_fit pid=1757631)[0m double free or corruption (fasttop)
[2m[36m(launch_and_fit pid=1757626)[0m malloc_consolidate(): invalid chunk size
[2m[36m(launch_and_fit pid=1757628)[0m malloc_consolidate(): invalid chunk size
[2m[36m(launch_and_fit pid=1757627)[0m malloc_consolidate(): invalid chunk size
INFO flwr 2023-08-16 11:46:28,535 | fed_df.py:540 | Distillation training stopped at step number : 250
INFO flwr 2023-08-16 11:46:28,536 | fed_df.py:547 | Average fusion training loss : 0.026411941666156055, val accuracy : 0.8314139617607825, best val accuracy : 0.884393063583815
INFO flwr 2023-08-16 11:46:28,537 | common.py:35 | Avg. local train loss : 5.020059384405613, train acc : 0.9231249999999999
INFO flwr 2023-08-16 11:46:31,027 | server.py:116 | fit progress: (25, 1.1855840047421893, {'server_test_acc': 0.7948467966573816}, 2450.544382655993)
INFO flwr 2023-08-16 11:46:31,027 | server.py:163 | evaluate_round 25: no clients selected, cancel
DEBUG flwr 2023-08-16 11:46:40,509 | server.py:215 | fit_round 26: strategy sampled 8 clients (out of 20)
[2m[36m(launch_and_fit pid=1831645)[0m malloc_consolidate(): invalid chunk size
[2m[36m(launch_and_fit pid=1831642)[0m double free or corruption (fasttop)
[2m[36m(launch_and_fit pid=1831647)[0m double free or corruption (fasttop)
[2m[36m(launch_and_fit pid=1831650)[0m corrupted size vs. prev_size in fastbins
DEBUG flwr 2023-08-16 11:47:32,078 | server.py:229 | fit_round 26 received 8 results and 0 failures
INFO flwr 2023-08-16 11:47:32,398 | fed_df.py:463 | Performing server side distillation training...
[2m[36m(launch_and_fit pid=1831642)[0m Fitting Client 5
[2m[36m(launch_and_fit pid=1831645)[0m Fitting Client 13
[2m[36m(launch_and_fit pid=1831647)[0m Fitting Client 15
[2m[36m(launch_and_fit pid=1831649)[0m Fitting Client 17
[2m[36m(launch_and_fit pid=1831650)[0m Fitting Client 18
[2m[36m(launch_and_fit pid=1831652)[0m Fitting Client 16
[2m[36m(launch_and_fit pid=1831653)[0m Fitting Client 0
[2m[36m(launch_and_fit pid=1831651)[0m Fitting Client 6
[2m[36m(launch_and_fit pid=1831649)[0m double free or corruption (fasttop)
[2m[36m(launch_and_fit pid=1831653)[0m malloc_consolidate(): invalid chunk size
[2m[36m(launch_and_fit pid=1831652)[0m malloc_consolidate(): invalid chunk size
[2m[36m(launch_and_fit pid=1831651)[0m malloc_consolidate(): invalid chunk size
E0816 11:47:36.214950649 1880587 chttp2_transport.cc:1079]             ipv4:145.136.62.50:56783: Received a GOAWAY with error code ENHANCE_YOUR_CALM and debug data equal to "too_many_pings". Current keepalive time (before throttling): ∞
INFO flwr 2023-08-16 11:48:05,560 | fed_df.py:540 | Distillation training stopped at step number : 250
INFO flwr 2023-08-16 11:48:05,560 | fed_df.py:547 | Average fusion training loss : 0.012491407360881567, val accuracy : 0.8491774121831925, best val accuracy : 0.8584926634059582
INFO flwr 2023-08-16 11:48:05,561 | common.py:35 | Avg. local train loss : 4.694871484860778, train acc : 0.9390740740740741
INFO flwr 2023-08-16 11:48:08,064 | server.py:116 | fit progress: (26, 1.019555199577948, {'server_test_acc': 0.7704735376044568}, 2547.5817452159245)
INFO flwr 2023-08-16 11:48:08,065 | server.py:163 | evaluate_round 26: no clients selected, cancel
DEBUG flwr 2023-08-16 11:48:17,466 | server.py:215 | fit_round 27: strategy sampled 8 clients (out of 20)
DEBUG flwr 2023-08-16 11:49:09,367 | server.py:229 | fit_round 27 received 8 results and 0 failures
INFO flwr 2023-08-16 11:49:09,634 | fed_df.py:463 | Performing server side distillation training...
[2m[36m(launch_and_fit pid=1905502)[0m Fitting Client 0
[2m[36m(launch_and_fit pid=1905500)[0m Fitting Client 5
[2m[36m(launch_and_fit pid=1905504)[0m Fitting Client 18
[2m[36m(launch_and_fit pid=1905503)[0m Fitting Client 16
[2m[36m(launch_and_fit pid=1905505)[0m Fitting Client 8
[2m[36m(launch_and_fit pid=1905507)[0m Fitting Client 14
[2m[36m(launch_and_fit pid=1905501)[0m Fitting Client 12
[2m[36m(launch_and_fit pid=1905506)[0m Fitting Client 13
[2m[36m(launch_and_fit pid=1905507)[0m malloc_consolidate(): invalid chunk size
[2m[36m(launch_and_fit pid=1905501)[0m malloc_consolidate(): invalid chunk size
[2m[36m(launch_and_fit pid=1905500)[0m malloc_consolidate(): invalid chunk size
[2m[36m(launch_and_fit pid=1905506)[0m malloc_consolidate(): invalid chunk size
[2m[36m(launch_and_fit pid=1905503)[0m malloc_consolidate(): invalid chunk size
[2m[36m(launch_and_fit pid=1905502)[0m double free or corruption (fasttop)
[2m[36m(launch_and_fit pid=1905505)[0m double free or corruption (fasttop)
[2m[36m(launch_and_fit pid=1905504)[0m double free or corruption (fasttop)
E0816 11:49:12.771996201 1953365 chttp2_transport.cc:1079]             ipv4:145.136.62.50:56783: Received a GOAWAY with error code ENHANCE_YOUR_CALM and debug data equal to "too_many_pings". Current keepalive time (before throttling): ∞
INFO flwr 2023-08-16 11:49:43,179 | fed_df.py:540 | Distillation training stopped at step number : 250
INFO flwr 2023-08-16 11:49:43,179 | fed_df.py:547 | Average fusion training loss : 0.014184915551915764, val accuracy : 0.8442641173855046, best val accuracy : 0.882836816362828
INFO flwr 2023-08-16 11:49:43,181 | common.py:35 | Avg. local train loss : 4.789560798741877, train acc : 0.934908950617284
INFO flwr 2023-08-16 11:49:45,850 | server.py:116 | fit progress: (27, 0.9651642412030266, {'server_test_acc': 0.8020891364902507}, 2645.3676747849677)
INFO flwr 2023-08-16 11:49:45,851 | server.py:163 | evaluate_round 27: no clients selected, cancel
DEBUG flwr 2023-08-16 11:49:55,162 | server.py:215 | fit_round 28: strategy sampled 8 clients (out of 20)
[2m[36m(launch_and_fit pid=1979016)[0m malloc_consolidate(): invalid chunk size
[2m[36m(launch_and_fit pid=1979012)[0m double free or corruption (fasttop)
DEBUG flwr 2023-08-16 11:50:47,145 | server.py:229 | fit_round 28 received 8 results and 0 failures
[2m[36m(launch_and_fit pid=1979019)[0m double free or corruption (fasttop)
INFO flwr 2023-08-16 11:50:47,413 | fed_df.py:463 | Performing server side distillation training...
[2m[36m(launch_and_fit pid=1979012)[0m Fitting Client 14
[2m[36m(launch_and_fit pid=1979016)[0m Fitting Client 9
[2m[36m(launch_and_fit pid=1979015)[0m Fitting Client 13
[2m[36m(launch_and_fit pid=1979019)[0m Fitting Client 15
[2m[36m(launch_and_fit pid=1979020)[0m Fitting Client 4
[2m[36m(launch_and_fit pid=1979022)[0m Fitting Client 19
[2m[36m(launch_and_fit pid=1979023)[0m Fitting Client 3
[2m[36m(launch_and_fit pid=1979024)[0m Fitting Client 16
[2m[36m(launch_and_fit pid=1979015)[0m malloc_consolidate(): invalid chunk size
[2m[36m(launch_and_fit pid=1979023)[0m malloc_consolidate(): invalid chunk size
[2m[36m(launch_and_fit pid=1979020)[0m malloc_consolidate(): invalid chunk size
[2m[36m(launch_and_fit pid=1979022)[0m malloc_consolidate(): invalid chunk size
[2m[36m(launch_and_fit pid=1979024)[0m double free or corruption (fasttop)
E0816 11:50:48.906040308 2026835 chttp2_transport.cc:1079]             ipv4:145.136.62.50:56783: Received a GOAWAY with error code ENHANCE_YOUR_CALM and debug data equal to "too_many_pings". Current keepalive time (before throttling): ∞
INFO flwr 2023-08-16 11:51:20,714 | fed_df.py:540 | Distillation training stopped at step number : 250
INFO flwr 2023-08-16 11:51:20,714 | fed_df.py:547 | Average fusion training loss : 0.02170973301678896, val accuracy : 0.8801022676745219, best val accuracy : 0.8955091151622944
INFO flwr 2023-08-16 11:51:20,716 | common.py:35 | Avg. local train loss : 4.8043871922418475, train acc : 0.9349737654320988
INFO flwr 2023-08-16 11:51:23,243 | server.py:116 | fit progress: (28, 1.1500528933942151, {'server_test_acc': 0.8047353760445682}, 2742.760251499014)
INFO flwr 2023-08-16 11:51:23,243 | server.py:163 | evaluate_round 28: no clients selected, cancel
DEBUG flwr 2023-08-16 11:51:32,537 | server.py:215 | fit_round 29: strategy sampled 8 clients (out of 20)
[2m[36m(launch_and_fit pid=2052984)[0m malloc_consolidate(): invalid chunk size
[2m[36m(launch_and_fit pid=2052986)[0m malloc_consolidate(): invalid chunk size
DEBUG flwr 2023-08-16 11:52:24,274 | server.py:229 | fit_round 29 received 8 results and 0 failures
[2m[36m(launch_and_fit pid=2052994)[0m malloc_consolidate(): invalid chunk size
[2m[36m(launch_and_fit pid=2052991)[0m double free or corruption (fasttop)
INFO flwr 2023-08-16 11:52:24,540 | fed_df.py:463 | Performing server side distillation training...
[2m[36m(launch_and_fit pid=2052984)[0m Fitting Client 1
[2m[36m(launch_and_fit pid=2052986)[0m Fitting Client 18
[2m[36m(launch_and_fit pid=2052994)[0m Fitting Client 0
[2m[36m(launch_and_fit pid=2052991)[0m Fitting Client 10
[2m[36m(launch_and_fit pid=2052993)[0m Fitting Client 14
[2m[36m(launch_and_fit pid=2052992)[0m Fitting Client 9
[2m[36m(launch_and_fit pid=2052989)[0m Fitting Client 17
[2m[36m(launch_and_fit pid=2052990)[0m Fitting Client 19
[2m[36m(launch_and_fit pid=2052992)[0m malloc_consolidate(): invalid chunk size
E0816 11:52:25.424259695 2026972 chttp2_transport.cc:1079]             ipv4:145.136.62.50:56783: Received a GOAWAY with error code ENHANCE_YOUR_CALM and debug data equal to "too_many_pings". Current keepalive time (before throttling): ∞
[2m[36m(launch_and_fit pid=2052990)[0m malloc_consolidate(): invalid chunk size
[2m[36m(launch_and_fit pid=2052989)[0m double free or corruption (fasttop)
INFO flwr 2023-08-16 11:52:57,969 | fed_df.py:540 | Distillation training stopped at step number : 250
INFO flwr 2023-08-16 11:52:57,969 | fed_df.py:547 | Average fusion training loss : 0.02033730123192072, val accuracy : 0.8229657625611383, best val accuracy : 0.8630502445531347
INFO flwr 2023-08-16 11:52:57,971 | common.py:35 | Avg. local train loss : 4.804798204638064, train acc : 0.9353070987654322
INFO flwr 2023-08-16 11:53:00,460 | server.py:116 | fit progress: (29, 1.0127906610706723, {'server_test_acc': 0.8069637883008357}, 2839.977148025064)
INFO flwr 2023-08-16 11:53:00,460 | server.py:163 | evaluate_round 29: no clients selected, cancel
DEBUG flwr 2023-08-16 11:53:09,833 | server.py:215 | fit_round 30: strategy sampled 8 clients (out of 20)
[2m[36m(launch_and_fit pid=2126756)[0m malloc_consolidate(): invalid chunk size
[2m[36m(launch_and_fit pid=2126757)[0m malloc_consolidate(): invalid chunk size
[2m[36m(launch_and_fit pid=2126754)[0m malloc_consolidate(): invalid chunk size
DEBUG flwr 2023-08-16 11:54:01,204 | server.py:229 | fit_round 30 received 8 results and 0 failures
INFO flwr 2023-08-16 11:54:01,419 | fed_df.py:365 | Warm start at round 30
INFO flwr 2023-08-16 11:54:01,579 | fed_df.py:463 | Performing server side distillation training...
[2m[36m(launch_and_fit pid=2126754)[0m Fitting Client 16
[2m[36m(launch_and_fit pid=2126757)[0m Fitting Client 15
[2m[36m(launch_and_fit pid=2126756)[0m Fitting Client 18
[2m[36m(launch_and_fit pid=2126760)[0m Fitting Client 5
[2m[36m(launch_and_fit pid=2126761)[0m Fitting Client 8
[2m[36m(launch_and_fit pid=2126764)[0m Fitting Client 19
[2m[36m(launch_and_fit pid=2126762)[0m Fitting Client 2
[2m[36m(launch_and_fit pid=2126763)[0m Fitting Client 1
[2m[36m(launch_and_fit pid=2126764)[0m double free or corruption (fasttop)
E0816 11:54:02.479603277 2100424 chttp2_transport.cc:1079]             ipv4:145.136.62.50:56783: Received a GOAWAY with error code ENHANCE_YOUR_CALM and debug data equal to "too_many_pings". Current keepalive time (before throttling): ∞
[2m[36m(launch_and_fit pid=2126762)[0m malloc_consolidate(): invalid chunk size
[2m[36m(launch_and_fit pid=2126761)[0m malloc_consolidate(): invalid chunk size
[2m[36m(launch_and_fit pid=2126760)[0m malloc_consolidate(): invalid chunk size
[2m[36m(launch_and_fit pid=2126763)[0m double free or corruption (fasttop)
INFO flwr 2023-08-16 11:54:35,237 | fed_df.py:540 | Distillation training stopped at step number : 250
INFO flwr 2023-08-16 11:54:35,238 | fed_df.py:547 | Average fusion training loss : 0.06420163513720036, val accuracy : 0.8282570031124944, best val accuracy : 0.9030680302356603
INFO flwr 2023-08-16 11:54:35,239 | common.py:35 | Avg. local train loss : 4.752171564288438, train acc : 0.9392299382716048
INFO flwr 2023-08-16 11:54:37,720 | server.py:116 | fit progress: (30, 1.4444843071748952, {'server_test_acc': 0.7884401114206128}, 2937.2370948819444)
INFO flwr 2023-08-16 11:54:37,720 | server.py:163 | evaluate_round 30: no clients selected, cancel
INFO flwr 2023-08-16 11:54:37,720 | server.py:144 | FL finished in 2937.237489942927
INFO flwr 2023-08-16 11:54:37,720 | app.py:202 | app_fit: losses_distributed []
INFO flwr 2023-08-16 11:54:37,721 | app.py:203 | app_fit: metrics_distributed {}
INFO flwr 2023-08-16 11:54:37,722 | app.py:204 | app_fit: losses_centralized [(0, 2.1845225108367154), (1, 1.8340856103179846), (2, 1.7515538016401626), (3, 2.0570533053788633), (4, 1.9212604809604314), (5, 1.39001971765481), (6, 1.9402773948765066), (7, 1.5513105031175534), (8, 1.097859613277786), (9, 1.7045515907840145), (10, 1.5149927592875234), (11, 1.8172787953220038), (12, 1.57108445791813), (13, 2.3703899918824516), (14, 1.6409833182863538), (15, 2.9149010081809212), (16, 1.2888867229472296), (17, 1.9575866268869895), (18, 2.7392038221810853), (19, 0.969308626153675), (20, 1.2327119095411805), (21, 1.439499411410276), (22, 1.00958733744608), (23, 0.8706244564986163), (24, 1.1804994561213968), (25, 1.1855840047421893), (26, 1.019555199577948), (27, 0.9651642412030266), (28, 1.1500528933942151), (29, 1.0127906610706723), (30, 1.4444843071748952)]
INFO flwr 2023-08-16 11:54:37,722 | app.py:205 | app_fit: metrics_centralized {'server_test_acc': [(0, 0.11030640668523677), (1, 0.39902506963788303), (2, 0.5057103064066852), (3, 0.572841225626741), (4, 0.5870473537604457), (5, 0.6175487465181059), (6, 0.5970752089136491), (7, 0.6232590529247911), (8, 0.7786908077994429), (9, 0.6664345403899722), (10, 0.7090529247910864), (11, 0.7186629526462396), (12, 0.7512534818941504), (13, 0.7715877437325905), (14, 0.6675487465181058), (15, 0.7142061281337048), (16, 0.7207520891364902), (17, 0.7466573816155989), (18, 0.7090529247910864), (19, 0.7729805013927576), (20, 0.7629526462395543), (21, 0.7806406685236769), (22, 0.8272980501392758), (23, 0.8534818941504179), (24, 0.7799442896935933), (25, 0.7948467966573816), (26, 0.7704735376044568), (27, 0.8020891364902507), (28, 0.8047353760445682), (29, 0.8069637883008357), (30, 0.7884401114206128)]}
malloc_consolidate(): invalid chunk size
srun: error: gcn50: task 0: Aborted
srun: Terminating StepId=3358502.1
-----EXPERIMENT ENDS-----
-----CLEANING UP DISK------
-----END-----

JOB STATISTICS
==============
Job ID: 3358502
Cluster: snellius
User/Group: sunnys/sunnys
State: RUNNING
Nodes: 1
Cores per node: 18
CPU Utilized: 02:04:27
CPU Efficiency: 13.30% of 15:35:24 core-walltime
Job Wall-clock time: 00:51:58
Memory Utilized: 60.10 GB
Memory Efficiency: 50.09% of 120.00 GB
WARNING: Efficiency statistics may be misleading for RUNNING jobs.
