-----BEGIN-----
-----SETTINGS-----
TOTAL CROPS:25000
STRATEGY:feddf
MODEL_NAME:resnet8
NUM_CLIENTS:20
NUM_ROUNDS:30
FRACTION_FIT:0.4
FRACTION_EVALUATE:0.0
DATASET_NAME:cifar10
PARTITION_ALPHA:1.0
PARTITION_VAL_RATIO:0.1
BATCH_SIZE:512
LOCAL_EPOCHS:10
LOCAL_LR:0.01
DISTILL_BATCH_SIZE:512
SERVER_LR:0.005
SERVER_STEPS:250
SERVER_EARLY_STEPS:1000
USE_EARLY_STOPPING:False
USE_ADAPTIVE_LR:False
USE_ADAPTIVE_LR_ROUND:False
SEED:42
CUDA_DETERMINISTIC:False
USE_CROPS:True
IMG_NAME:ameyoko.jpg
DISTILL_DATASET:organamnist
DISTILL_ALPHA:1.0
NUM_DISTILL_IMAGES:5000
DISTILL_TRANSFORMS:v0
WARM_START:True
WARM_START_ROUNDS:1
WARM_START_INTERVAL:5
KMEANS_N_CLUSTER:1000
KMEANS_HEURISTICS:hard
KMEANS_MIXED_FACTOR:50-50
KMEANS_BALANCING:1.0
CONFIDENCE_THRESHOLD:0.5
CONFIDENCE_STRATEGY:top
CONFIDENCE_ADAPTIVE:False
CONFIDENCE_MAX_THRESH:0.5
CLIPPING_FACTOR:2.5
FEDPROX_FACTOR:0.0
FEDPROX_ADAPTIVE:False
USE_CLIPPING:True
USE_ENTROPY:False
USE_KMEANS:True
USE_FEDPROX:False
-----SETTINGS END-----
-----EXPERIMENT BEGINS-----
---------
Generating crops for FedDF
Namespace(img_size=32, batch_size=32, num_imgs=25000, threads=18, vflip=False, deg=30, shear=30, cropfirst=True, initcrop=0.5, scale=[500, 1], randinterp=False, debug=False, imgpath='./static/single_images/ameyoko.jpg', targetpath='/scratch-local/sunnys.3423713/1692469235_679722585', seed=42, img_per_thread=1388)
will save 25000 patches in /scratch-local/sunnys.3423713/1692469235_679722585/single_img_crops/crops
25000 took 0.35min with 18 threads
---------
Simulating feddf training
INFO simulate 2023-08-19 20:21:09,962 | simulate.py:50 | Python script started : simulate.py
DEBUG simulate 2023-08-19 20:21:09,963 | simulate.py:55 | Reading args from argument parser
Downloading https://www.cs.toronto.edu/~kriz/cifar-10-python.tar.gz to /scratch-local/sunnys.3423713/1692469235_679722585/cifar-10-python.tar.gz
Extracting /scratch-local/sunnys.3423713/1692469235_679722585/cifar-10-python.tar.gz to /scratch-local/sunnys.3423713/1692469235_679722585
Generating unified cifar10 dataset
Class histogram for 0-th partition (alpha=1.0, 10 classes): [440 381 415  39  10 257 227 532  17 182]
INFO flwr 2023-08-19 20:21:41,203 | app.py:145 | Starting Flower simulation, config: ServerConfig(num_rounds=30, round_timeout=None)
2023-08-19 20:21:43,571	INFO worker.py:1529 -- Started a local Ray instance. View the dashboard at [1m[32m127.0.0.1:8266 [39m[22m
INFO flwr 2023-08-19 20:21:44,599 | app.py:179 | Flower VCE: Ray initialized with resources: {'node:145.136.62.15': 1.0, 'accelerator_type:A100': 1.0, 'object_store_memory': 61847529062.0, 'GPU': 1.0, 'memory': 103079215104.0, 'CPU': 18.0}
INFO flwr 2023-08-19 20:21:44,600 | server.py:86 | Initializing global parameters
INFO flwr 2023-08-19 20:21:44,600 | server.py:266 | Using initial parameters provided by strategy
INFO flwr 2023-08-19 20:21:44,600 | server.py:88 | Evaluating initial parameters
INFO flwr 2023-08-19 20:21:51,836 | server.py:91 | initial parameters (loss, other metrics): 2.3234217651367186, {'server_test_acc': 0.108}
INFO flwr 2023-08-19 20:21:51,836 | server.py:101 | FL starting
DEBUG flwr 2023-08-19 20:21:56,334 | server.py:215 | fit_round 1: strategy sampled 8 clients (out of 20)
[2m[36m(launch_and_fit pid=375671)[0m double free or corruption (fasttop)
DEBUG flwr 2023-08-19 20:22:30,151 | server.py:229 | fit_round 1 received 8 results and 0 failures
INFO flwr 2023-08-19 20:22:30,260 | fed_df.py:365 | Warm start at round 1
INFO flwr 2023-08-19 20:22:30,349 | fed_df.py:463 | Performing server side distillation training...
[2m[36m(launch_and_fit pid=375666)[0m Fitting Client 12
[2m[36m(launch_and_fit pid=375668)[0m Fitting Client 11
[2m[36m(launch_and_fit pid=375670)[0m Fitting Client 3
[2m[36m(launch_and_fit pid=375669)[0m Fitting Client 14
[2m[36m(launch_and_fit pid=375665)[0m Fitting Client 8
[2m[36m(launch_and_fit pid=375667)[0m Fitting Client 2
[2m[36m(launch_and_fit pid=375672)[0m Fitting Client 5
[2m[36m(launch_and_fit pid=375671)[0m Fitting Client 13
[2m[36m(launch_and_fit pid=375669)[0m double free or corruption (fasttop)
[2m[36m(launch_and_fit pid=375668)[0m malloc_consolidate(): invalid chunk size
E0819 20:22:31.255429480  370579 chttp2_transport.cc:1079]             ipv4:145.136.62.15:51331: Received a GOAWAY with error code ENHANCE_YOUR_CALM and debug data equal to "too_many_pings". Current keepalive time (before throttling): 60000ms
[2m[36m(launch_and_fit pid=375670)[0m double free or corruption (fasttop)
[2m[36m(launch_and_fit pid=375672)[0m malloc_consolidate(): invalid chunk size
[2m[36m(launch_and_fit pid=375665)[0m malloc_consolidate(): invalid chunk size
[2m[36m(launch_and_fit pid=375666)[0m malloc_consolidate(): invalid chunk size
[2m[36m(launch_and_fit pid=375667)[0m double free or corruption (fasttop)
E0819 20:22:32.488040253  428667 chttp2_transport.cc:1079]             ipv4:145.136.62.15:51331: Received a GOAWAY with error code ENHANCE_YOUR_CALM and debug data equal to "too_many_pings". Current keepalive time (before throttling): 120000ms
INFO flwr 2023-08-19 20:23:14,321 | fed_df.py:540 | Distillation training stopped at step number : 250
INFO flwr 2023-08-19 20:23:14,321 | fed_df.py:547 | Average fusion training loss : 0.07244108173251151, val accuracy : 0.29135999999999995, best val accuracy : 0.3064
INFO flwr 2023-08-19 20:23:14,322 | common.py:35 | Avg. local train loss : 8.10165518671274, train acc : 0.4715888888888889
INFO flwr 2023-08-19 20:23:16,843 | server.py:116 | fit progress: (1, 1.772070132446289, {'server_test_acc': 0.3164}, 85.00735072698444)
INFO flwr 2023-08-19 20:23:16,844 | server.py:163 | evaluate_round 1: no clients selected, cancel
DEBUG flwr 2023-08-19 20:23:21,458 | server.py:215 | fit_round 2: strategy sampled 8 clients (out of 20)
DEBUG flwr 2023-08-19 20:23:56,164 | server.py:229 | fit_round 2 received 8 results and 0 failures
INFO flwr 2023-08-19 20:23:56,306 | fed_df.py:463 | Performing server side distillation training...
[2m[36m(launch_and_fit pid=507835)[0m Fitting Client 6
[2m[36m(launch_and_fit pid=507937)[0m Fitting Client 7
[2m[36m(launch_and_fit pid=507911)[0m Fitting Client 2
[2m[36m(launch_and_fit pid=507838)[0m Fitting Client 8
[2m[36m(launch_and_fit pid=507950)[0m Fitting Client 17
[2m[36m(launch_and_fit pid=507924)[0m Fitting Client 5
[2m[36m(launch_and_fit pid=507985)[0m Fitting Client 19
[2m[36m(launch_and_fit pid=507984)[0m Fitting Client 15
[2m[36m(launch_and_fit pid=507838)[0m double free or corruption (fasttop)
[2m[36m(launch_and_fit pid=507950)[0m double free or corruption (fasttop)
[2m[36m(launch_and_fit pid=507937)[0m malloc_consolidate(): invalid chunk size
[2m[36m(launch_and_fit pid=507985)[0m corrupted size vs. prev_size in fastbins
[2m[36m(launch_and_fit pid=507835)[0m malloc_consolidate(): invalid chunk size
[2m[36m(launch_and_fit pid=507924)[0m malloc_consolidate(): invalid chunk size
[2m[36m(launch_and_fit pid=507911)[0m malloc_consolidate(): invalid chunk size
[2m[36m(launch_and_fit pid=507984)[0m malloc_consolidate(): invalid chunk size
E0819 20:23:58.301248104  430832 chttp2_transport.cc:1079]             ipv4:145.136.62.15:51331: Received a GOAWAY with error code ENHANCE_YOUR_CALM and debug data equal to "too_many_pings". Current keepalive time (before throttling): 240000ms
INFO flwr 2023-08-19 20:24:41,772 | fed_df.py:540 | Distillation training stopped at step number : 250
INFO flwr 2023-08-19 20:24:41,772 | fed_df.py:547 | Average fusion training loss : 0.050083662018179896, val accuracy : 0.33456, best val accuracy : 0.344
INFO flwr 2023-08-19 20:24:41,773 | common.py:35 | Avg. local train loss : 7.08553093969822, train acc : 0.55815
INFO flwr 2023-08-19 20:24:44,394 | server.py:116 | fit progress: (2, 1.7753583343505859, {'server_test_acc': 0.345}, 172.5576981920749)
INFO flwr 2023-08-19 20:24:44,394 | server.py:163 | evaluate_round 2: no clients selected, cancel
DEBUG flwr 2023-08-19 20:24:49,025 | server.py:215 | fit_round 3: strategy sampled 8 clients (out of 20)
DEBUG flwr 2023-08-19 20:25:23,210 | server.py:229 | fit_round 3 received 8 results and 0 failures
INFO flwr 2023-08-19 20:25:23,361 | fed_df.py:463 | Performing server side distillation training...
[2m[36m(launch_and_fit pid=640785)[0m Fitting Client 8
[2m[36m(launch_and_fit pid=640787)[0m Fitting Client 7
[2m[36m(launch_and_fit pid=640790)[0m Fitting Client 3
[2m[36m(launch_and_fit pid=640786)[0m Fitting Client 10
[2m[36m(launch_and_fit pid=640788)[0m Fitting Client 17
[2m[36m(launch_and_fit pid=640789)[0m Fitting Client 1
[2m[36m(launch_and_fit pid=640792)[0m Fitting Client 0
[2m[36m(launch_and_fit pid=640791)[0m Fitting Client 13
[2m[36m(launch_and_fit pid=640787)[0m malloc_consolidate(): invalid chunk size
[2m[36m(launch_and_fit pid=640790)[0m malloc_consolidate(): invalid chunk size
[2m[36m(launch_and_fit pid=640788)[0m malloc_consolidate(): invalid chunk size
[2m[36m(launch_and_fit pid=640791)[0m malloc_consolidate(): invalid chunk size
E0819 20:25:25.280077516  562398 chttp2_transport.cc:1079]             ipv4:145.136.62.15:51331: Received a GOAWAY with error code ENHANCE_YOUR_CALM and debug data equal to "too_many_pings". Current keepalive time (before throttling): 480000ms
[2m[36m(launch_and_fit pid=640792)[0m double free or corruption (fasttop)
[2m[36m(launch_and_fit pid=640785)[0m double free or corruption (fasttop)
[2m[36m(launch_and_fit pid=640789)[0m malloc_consolidate(): invalid chunk size
[2m[36m(launch_and_fit pid=640786)[0m double free or corruption (fasttop)
INFO flwr 2023-08-19 20:26:13,938 | fed_df.py:540 | Distillation training stopped at step number : 250
INFO flwr 2023-08-19 20:26:13,938 | fed_df.py:547 | Average fusion training loss : 0.0972094936966896, val accuracy : 0.39824000000000004, best val accuracy : 0.4158
INFO flwr 2023-08-19 20:26:13,939 | common.py:35 | Avg. local train loss : 6.980173894762993, train acc : 0.5698777777777778
INFO flwr 2023-08-19 20:26:16,508 | server.py:116 | fit progress: (3, 1.6778871551513672, {'server_test_acc': 0.419}, 264.6715765451081)
INFO flwr 2023-08-19 20:26:16,508 | server.py:163 | evaluate_round 3: no clients selected, cancel
DEBUG flwr 2023-08-19 20:26:21,097 | server.py:215 | fit_round 4: strategy sampled 8 clients (out of 20)
DEBUG flwr 2023-08-19 20:26:55,279 | server.py:229 | fit_round 4 received 8 results and 0 failures
INFO flwr 2023-08-19 20:26:55,434 | fed_df.py:463 | Performing server side distillation training...
[2m[36m(launch_and_fit pid=773543)[0m Fitting Client 12
[2m[36m(launch_and_fit pid=773548)[0m Fitting Client 9
[2m[36m(launch_and_fit pid=773545)[0m Fitting Client 2
[2m[36m(launch_and_fit pid=773544)[0m Fitting Client 10
[2m[36m(launch_and_fit pid=773549)[0m Fitting Client 8
[2m[36m(launch_and_fit pid=773547)[0m Fitting Client 14
[2m[36m(launch_and_fit pid=773546)[0m Fitting Client 6
[2m[36m(launch_and_fit pid=773550)[0m Fitting Client 11
[2m[36m(launch_and_fit pid=773546)[0m malloc_consolidate(): invalid chunk size
[2m[36m(launch_and_fit pid=773545)[0m double free or corruption (fasttop)
[2m[36m(launch_and_fit pid=773543)[0m malloc_consolidate(): invalid chunk size
[2m[36m(launch_and_fit pid=773547)[0m malloc_consolidate(): invalid chunk size
[2m[36m(launch_and_fit pid=773550)[0m malloc_consolidate(): invalid chunk size
[2m[36m(launch_and_fit pid=773549)[0m malloc_consolidate(): invalid chunk size
[2m[36m(launch_and_fit pid=773544)[0m double free or corruption (fasttop)
[2m[36m(launch_and_fit pid=773548)[0m double free or corruption (fasttop)
E0819 20:26:57.727004700  693405 chttp2_transport.cc:1079]             ipv4:145.136.62.15:51331: Received a GOAWAY with error code ENHANCE_YOUR_CALM and debug data equal to "too_many_pings". Current keepalive time (before throttling): 960000ms
INFO flwr 2023-08-19 20:27:41,087 | fed_df.py:540 | Distillation training stopped at step number : 250
INFO flwr 2023-08-19 20:27:41,087 | fed_df.py:547 | Average fusion training loss : 0.06626484198868275, val accuracy : 0.40492, best val accuracy : 0.4224
INFO flwr 2023-08-19 20:27:41,089 | common.py:35 | Avg. local train loss : 6.981879645586013, train acc : 0.5732055555555556
INFO flwr 2023-08-19 20:27:43,685 | server.py:116 | fit progress: (4, 1.6860273986816405, {'server_test_acc': 0.4216}, 351.8484508669935)
INFO flwr 2023-08-19 20:27:43,685 | server.py:163 | evaluate_round 4: no clients selected, cancel
DEBUG flwr 2023-08-19 20:27:48,292 | server.py:215 | fit_round 5: strategy sampled 8 clients (out of 20)
DEBUG flwr 2023-08-19 20:28:21,752 | server.py:229 | fit_round 5 received 8 results and 0 failures
INFO flwr 2023-08-19 20:28:21,864 | fed_df.py:365 | Warm start at round 5
INFO flwr 2023-08-19 20:28:21,960 | fed_df.py:463 | Performing server side distillation training...
[2m[36m(launch_and_fit pid=906045)[0m Fitting Client 2
[2m[36m(launch_and_fit pid=906036)[0m Fitting Client 10
[2m[36m(launch_and_fit pid=906044)[0m Fitting Client 12
[2m[36m(launch_and_fit pid=906051)[0m Fitting Client 4
[2m[36m(launch_and_fit pid=906052)[0m Fitting Client 17
[2m[36m(launch_and_fit pid=906050)[0m Fitting Client 14
[2m[36m(launch_and_fit pid=906040)[0m Fitting Client 15
[2m[36m(launch_and_fit pid=906041)[0m Fitting Client 6
[2m[36m(launch_and_fit pid=906044)[0m malloc_consolidate(): invalid chunk size
[2m[36m(launch_and_fit pid=906036)[0m malloc_consolidate(): invalid chunk size
[2m[36m(launch_and_fit pid=906050)[0m double free or corruption (fasttop)
[2m[36m(launch_and_fit pid=906045)[0m malloc_consolidate(): invalid chunk size
[2m[36m(launch_and_fit pid=906040)[0m malloc_consolidate(): invalid chunk size
[2m[36m(launch_and_fit pid=906052)[0m malloc_consolidate(): invalid chunk size
[2m[36m(launch_and_fit pid=906041)[0m double free or corruption (fasttop)
[2m[36m(launch_and_fit pid=906051)[0m double free or corruption (fasttop)
E0819 20:28:23.941524759  829465 chttp2_transport.cc:1079]             ipv4:145.136.62.15:51331: Received a GOAWAY with error code ENHANCE_YOUR_CALM and debug data equal to "too_many_pings". Current keepalive time (before throttling): 1920000ms
INFO flwr 2023-08-19 20:29:08,344 | fed_df.py:540 | Distillation training stopped at step number : 250
INFO flwr 2023-08-19 20:29:08,344 | fed_df.py:547 | Average fusion training loss : 0.04298610797524452, val accuracy : 0.48852, best val accuracy : 0.501
INFO flwr 2023-08-19 20:29:08,345 | common.py:35 | Avg. local train loss : 6.7523995861411095, train acc : 0.591011111111111
INFO flwr 2023-08-19 20:29:11,052 | server.py:116 | fit progress: (5, 1.431600341796875, {'server_test_acc': 0.4947}, 439.2162310080603)
INFO flwr 2023-08-19 20:29:11,053 | server.py:163 | evaluate_round 5: no clients selected, cancel
DEBUG flwr 2023-08-19 20:29:15,638 | server.py:215 | fit_round 6: strategy sampled 8 clients (out of 20)
DEBUG flwr 2023-08-19 20:29:50,604 | server.py:229 | fit_round 6 received 8 results and 0 failures
INFO flwr 2023-08-19 20:29:50,747 | fed_df.py:463 | Performing server side distillation training...
[2m[36m(launch_and_fit pid=1064606)[0m Fitting Client 7
[2m[36m(launch_and_fit pid=1064658)[0m Fitting Client 6
[2m[36m(launch_and_fit pid=1064652)[0m Fitting Client 14
[2m[36m(launch_and_fit pid=1064609)[0m Fitting Client 8
[2m[36m(launch_and_fit pid=1064647)[0m Fitting Client 13
[2m[36m(launch_and_fit pid=1064648)[0m Fitting Client 17
[2m[36m(launch_and_fit pid=1064657)[0m Fitting Client 9
[2m[36m(launch_and_fit pid=1064604)[0m Fitting Client 18
[2m[36m(launch_and_fit pid=1064658)[0m malloc_consolidate(): invalid chunk size
[2m[36m(launch_and_fit pid=1064657)[0m malloc_consolidate(): invalid chunk size
[2m[36m(launch_and_fit pid=1064647)[0m malloc_consolidate(): invalid chunk size
[2m[36m(launch_and_fit pid=1064609)[0m double free or corruption (fasttop)
[2m[36m(launch_and_fit pid=1064652)[0m double free or corruption (fasttop)
[2m[36m(launch_and_fit pid=1064606)[0m malloc_consolidate(): invalid chunk size
[2m[36m(launch_and_fit pid=1064604)[0m malloc_consolidate(): invalid chunk size
[2m[36m(launch_and_fit pid=1064648)[0m malloc_consolidate(): invalid chunk size
INFO flwr 2023-08-19 20:30:36,889 | fed_df.py:540 | Distillation training stopped at step number : 250
INFO flwr 2023-08-19 20:30:36,890 | fed_df.py:547 | Average fusion training loss : 0.034097330681979655, val accuracy : 0.49824, best val accuracy : 0.5118
INFO flwr 2023-08-19 20:30:36,891 | common.py:35 | Avg. local train loss : 6.162391162663698, train acc : 0.6586000000000001
INFO flwr 2023-08-19 20:30:39,511 | server.py:116 | fit progress: (6, 1.45894091796875, {'server_test_acc': 0.5043}, 527.6751028629951)
INFO flwr 2023-08-19 20:30:39,512 | server.py:163 | evaluate_round 6: no clients selected, cancel
DEBUG flwr 2023-08-19 20:30:44,192 | server.py:215 | fit_round 7: strategy sampled 8 clients (out of 20)
[2m[36m(launch_and_fit pid=1199692)[0m double free or corruption (fasttop)
[2m[36m(launch_and_fit pid=1199688)[0m malloc_consolidate(): invalid chunk size
DEBUG flwr 2023-08-19 20:31:18,953 | server.py:229 | fit_round 7 received 8 results and 0 failures
INFO flwr 2023-08-19 20:31:19,096 | fed_df.py:463 | Performing server side distillation training...
[2m[36m(launch_and_fit pid=1199688)[0m Fitting Client 11
[2m[36m(launch_and_fit pid=1199692)[0m Fitting Client 15
[2m[36m(launch_and_fit pid=1199695)[0m Fitting Client 1
[2m[36m(launch_and_fit pid=1199689)[0m Fitting Client 4
[2m[36m(launch_and_fit pid=1199696)[0m Fitting Client 0
[2m[36m(launch_and_fit pid=1199690)[0m Fitting Client 7
[2m[36m(launch_and_fit pid=1199691)[0m Fitting Client 16
[2m[36m(launch_and_fit pid=1199693)[0m Fitting Client 12
[2m[36m(launch_and_fit pid=1199689)[0m malloc_consolidate(): invalid chunk size
[2m[36m(launch_and_fit pid=1199695)[0m malloc_consolidate(): invalid chunk size
[2m[36m(launch_and_fit pid=1199690)[0m malloc_consolidate(): invalid chunk size
[2m[36m(launch_and_fit pid=1199693)[0m malloc_consolidate(): invalid chunk size
[2m[36m(launch_and_fit pid=1199696)[0m double free or corruption (fasttop)
[2m[36m(launch_and_fit pid=1199691)[0m double free or corruption (fasttop)
E0819 20:31:23.521574788 1251845 chttp2_transport.cc:1079]             ipv4:145.136.62.15:51331: Received a GOAWAY with error code ENHANCE_YOUR_CALM and debug data equal to "too_many_pings". Current keepalive time (before throttling): 3840000ms
INFO flwr 2023-08-19 20:32:06,277 | fed_df.py:540 | Distillation training stopped at step number : 250
INFO flwr 2023-08-19 20:32:06,277 | fed_df.py:547 | Average fusion training loss : 0.03244536723196507, val accuracy : 0.55548, best val accuracy : 0.5648
INFO flwr 2023-08-19 20:32:06,279 | common.py:35 | Avg. local train loss : 6.0421756900846955, train acc : 0.6681833333333334
INFO flwr 2023-08-19 20:32:08,880 | server.py:116 | fit progress: (7, 1.349407113647461, {'server_test_acc': 0.562}, 617.0438040490262)
INFO flwr 2023-08-19 20:32:08,880 | server.py:163 | evaluate_round 7: no clients selected, cancel
DEBUG flwr 2023-08-19 20:32:13,610 | server.py:215 | fit_round 8: strategy sampled 8 clients (out of 20)
DEBUG flwr 2023-08-19 20:32:47,236 | server.py:229 | fit_round 8 received 8 results and 0 failures
INFO flwr 2023-08-19 20:32:47,378 | fed_df.py:463 | Performing server side distillation training...
[2m[36m(launch_and_fit pid=1332162)[0m Fitting Client 3
[2m[36m(launch_and_fit pid=1332167)[0m Fitting Client 5
[2m[36m(launch_and_fit pid=1332169)[0m Fitting Client 6
[2m[36m(launch_and_fit pid=1332172)[0m Fitting Client 14
[2m[36m(launch_and_fit pid=1332171)[0m Fitting Client 9
[2m[36m(launch_and_fit pid=1332168)[0m Fitting Client 13
[2m[36m(launch_and_fit pid=1332164)[0m Fitting Client 4
[2m[36m(launch_and_fit pid=1332170)[0m Fitting Client 2
[2m[36m(launch_and_fit pid=1332162)[0m malloc_consolidate(): invalid chunk size
[2m[36m(launch_and_fit pid=1332167)[0m malloc_consolidate(): invalid chunk size
[2m[36m(launch_and_fit pid=1332170)[0m double free or corruption (fasttop)
[2m[36m(launch_and_fit pid=1332169)[0m malloc_consolidate(): invalid chunk size
[2m[36m(launch_and_fit pid=1332172)[0m malloc_consolidate(): invalid chunk size
[2m[36m(launch_and_fit pid=1332171)[0m corrupted size vs. prev_size in fastbins
[2m[36m(launch_and_fit pid=1332164)[0m double free or corruption (fasttop)
[2m[36m(launch_and_fit pid=1332168)[0m malloc_consolidate(): invalid chunk size
INFO flwr 2023-08-19 20:33:39,021 | fed_df.py:540 | Distillation training stopped at step number : 250
INFO flwr 2023-08-19 20:33:39,021 | fed_df.py:547 | Average fusion training loss : 0.027638646088540553, val accuracy : 0.54632, best val accuracy : 0.5548
INFO flwr 2023-08-19 20:33:39,022 | common.py:35 | Avg. local train loss : 6.218961046636104, train acc : 0.652411111111111
INFO flwr 2023-08-19 20:33:41,698 | server.py:116 | fit progress: (8, 1.3962994079589843, {'server_test_acc': 0.5427}, 709.8614768963307)
INFO flwr 2023-08-19 20:33:41,698 | server.py:163 | evaluate_round 8: no clients selected, cancel
DEBUG flwr 2023-08-19 20:33:46,416 | server.py:215 | fit_round 9: strategy sampled 8 clients (out of 20)
DEBUG flwr 2023-08-19 20:34:20,243 | server.py:229 | fit_round 9 received 8 results and 0 failures
INFO flwr 2023-08-19 20:34:20,385 | fed_df.py:463 | Performing server side distillation training...
[2m[36m(launch_and_fit pid=1465534)[0m Fitting Client 14
[2m[36m(launch_and_fit pid=1465537)[0m Fitting Client 8
[2m[36m(launch_and_fit pid=1465536)[0m Fitting Client 16
[2m[36m(launch_and_fit pid=1465541)[0m Fitting Client 10
[2m[36m(launch_and_fit pid=1465540)[0m Fitting Client 17
[2m[36m(launch_and_fit pid=1465539)[0m Fitting Client 3
[2m[36m(launch_and_fit pid=1465542)[0m Fitting Client 12
[2m[36m(launch_and_fit pid=1465538)[0m Fitting Client 0
[2m[36m(launch_and_fit pid=1465534)[0m malloc_consolidate(): invalid chunk size
[2m[36m(launch_and_fit pid=1465537)[0m malloc_consolidate(): invalid chunk size
[2m[36m(launch_and_fit pid=1465538)[0m malloc_consolidate(): invalid chunk size
[2m[36m(launch_and_fit pid=1465541)[0m malloc_consolidate(): invalid chunk size
[2m[36m(launch_and_fit pid=1465539)[0m malloc_consolidate(): invalid chunk size
[2m[36m(launch_and_fit pid=1465542)[0m malloc_consolidate(): invalid chunk size
[2m[36m(launch_and_fit pid=1465536)[0m double free or corruption (fasttop)
[2m[36m(launch_and_fit pid=1465540)[0m malloc_consolidate(): invalid chunk size
E0819 20:34:22.952621217 1518620 chttp2_transport.cc:1079]             ipv4:145.136.62.15:51331: Received a GOAWAY with error code ENHANCE_YOUR_CALM and debug data equal to "too_many_pings". Current keepalive time (before throttling): 7680000ms
E0819 20:34:35.023960731 1519876 chttp2_transport.cc:1079]             ipv4:145.136.62.15:51331: Received a GOAWAY with error code ENHANCE_YOUR_CALM and debug data equal to "too_many_pings". Current keepalive time (before throttling): 15360000ms
INFO flwr 2023-08-19 20:35:07,381 | fed_df.py:540 | Distillation training stopped at step number : 250
INFO flwr 2023-08-19 20:35:07,381 | fed_df.py:547 | Average fusion training loss : 0.029647813841700555, val accuracy : 0.5852, best val accuracy : 0.596
INFO flwr 2023-08-19 20:35:07,382 | common.py:35 | Avg. local train loss : 5.860646525770425, train acc : 0.6907277777777777
INFO flwr 2023-08-19 20:35:10,036 | server.py:116 | fit progress: (9, 1.3355643768310548, {'server_test_acc': 0.5762}, 798.1995165320113)
INFO flwr 2023-08-19 20:35:10,036 | server.py:163 | evaluate_round 9: no clients selected, cancel
DEBUG flwr 2023-08-19 20:35:14,755 | server.py:215 | fit_round 10: strategy sampled 8 clients (out of 20)
DEBUG flwr 2023-08-19 20:35:49,298 | server.py:229 | fit_round 10 received 8 results and 0 failures
INFO flwr 2023-08-19 20:35:49,409 | fed_df.py:365 | Warm start at round 10
INFO flwr 2023-08-19 20:35:49,499 | fed_df.py:463 | Performing server side distillation training...
[2m[36m(launch_and_fit pid=1597984)[0m Fitting Client 10
[2m[36m(launch_and_fit pid=1597986)[0m Fitting Client 3
[2m[36m(launch_and_fit pid=1597991)[0m Fitting Client 0
[2m[36m(launch_and_fit pid=1597987)[0m Fitting Client 9
[2m[36m(launch_and_fit pid=1597990)[0m Fitting Client 2
[2m[36m(launch_and_fit pid=1597983)[0m Fitting Client 8
[2m[36m(launch_and_fit pid=1597988)[0m Fitting Client 7
[2m[36m(launch_and_fit pid=1597989)[0m Fitting Client 13
[2m[36m(launch_and_fit pid=1597986)[0m malloc_consolidate(): invalid chunk size
[2m[36m(launch_and_fit pid=1597991)[0m malloc_consolidate(): invalid chunk size
[2m[36m(launch_and_fit pid=1597989)[0m malloc_consolidate(): invalid chunk size
[2m[36m(launch_and_fit pid=1597990)[0m malloc_consolidate(): invalid chunk size
[2m[36m(launch_and_fit pid=1597987)[0m double free or corruption (fasttop)
[2m[36m(launch_and_fit pid=1597984)[0m malloc_consolidate(): invalid chunk size
[2m[36m(launch_and_fit pid=1597988)[0m malloc_consolidate(): invalid chunk size
[2m[36m(launch_and_fit pid=1597983)[0m malloc_consolidate(): invalid chunk size
INFO flwr 2023-08-19 20:36:36,424 | fed_df.py:540 | Distillation training stopped at step number : 250
INFO flwr 2023-08-19 20:36:36,425 | fed_df.py:547 | Average fusion training loss : 0.02604462321847677, val accuracy : 0.5822, best val accuracy : 0.5872
INFO flwr 2023-08-19 20:36:36,426 | common.py:35 | Avg. local train loss : 5.717842304706573, train acc : 0.7050111111111113
INFO flwr 2023-08-19 20:36:39,058 | server.py:116 | fit progress: (10, 1.3159450286865235, {'server_test_acc': 0.5794}, 887.2223765812814)
INFO flwr 2023-08-19 20:36:39,059 | server.py:163 | evaluate_round 10: no clients selected, cancel
DEBUG flwr 2023-08-19 20:36:43,816 | server.py:215 | fit_round 11: strategy sampled 8 clients (out of 20)
DEBUG flwr 2023-08-19 20:37:18,626 | server.py:229 | fit_round 11 received 8 results and 0 failures
INFO flwr 2023-08-19 20:37:18,768 | fed_df.py:463 | Performing server side distillation training...
[2m[36m(launch_and_fit pid=1730906)[0m Fitting Client 3
[2m[36m(launch_and_fit pid=1730907)[0m Fitting Client 16
[2m[36m(launch_and_fit pid=1730905)[0m Fitting Client 8
[2m[36m(launch_and_fit pid=1730918)[0m Fitting Client 10
[2m[36m(launch_and_fit pid=1730917)[0m Fitting Client 4
[2m[36m(launch_and_fit pid=1730919)[0m Fitting Client 18
[2m[36m(launch_and_fit pid=1730920)[0m Fitting Client 13
[2m[36m(launch_and_fit pid=1730916)[0m Fitting Client 5
[2m[36m(launch_and_fit pid=1730907)[0m malloc_consolidate(): invalid chunk size
[2m[36m(launch_and_fit pid=1730917)[0m malloc_consolidate(): invalid chunk size
[2m[36m(launch_and_fit pid=1730918)[0m malloc_consolidate(): invalid chunk size
[2m[36m(launch_and_fit pid=1730920)[0m malloc_consolidate(): invalid chunk size
[2m[36m(launch_and_fit pid=1730906)[0m malloc_consolidate(): invalid chunk size
[2m[36m(launch_and_fit pid=1730919)[0m malloc_consolidate(): invalid chunk size
[2m[36m(launch_and_fit pid=1730916)[0m malloc_consolidate(): invalid chunk size
[2m[36m(launch_and_fit pid=1730905)[0m malloc_consolidate(): invalid chunk size
INFO flwr 2023-08-19 20:38:05,669 | fed_df.py:540 | Distillation training stopped at step number : 250
INFO flwr 2023-08-19 20:38:05,669 | fed_df.py:547 | Average fusion training loss : 0.022889283630996942, val accuracy : 0.60568, best val accuracy : 0.6088
INFO flwr 2023-08-19 20:38:05,670 | common.py:35 | Avg. local train loss : 5.562156117707492, train acc : 0.719411111111111
INFO flwr 2023-08-19 20:38:08,325 | server.py:116 | fit progress: (11, 1.3042735626220703, {'server_test_acc': 0.5959}, 976.488643957302)
INFO flwr 2023-08-19 20:38:08,325 | server.py:163 | evaluate_round 11: no clients selected, cancel
DEBUG flwr 2023-08-19 20:38:13,103 | server.py:215 | fit_round 12: strategy sampled 8 clients (out of 20)
[2m[36m(launch_and_fit pid=1862958)[0m malloc_consolidate(): invalid chunk size
[2m[36m(launch_and_fit pid=1862957)[0m double free or corruption (fasttop)
[2m[36m(launch_and_fit pid=1862962)[0m malloc_consolidate(): invalid chunk size
DEBUG flwr 2023-08-19 20:38:47,929 | server.py:229 | fit_round 12 received 8 results and 0 failures
INFO flwr 2023-08-19 20:38:48,071 | fed_df.py:463 | Performing server side distillation training...
[2m[36m(launch_and_fit pid=1862957)[0m Fitting Client 6
[2m[36m(launch_and_fit pid=1862958)[0m Fitting Client 16
[2m[36m(launch_and_fit pid=1862962)[0m Fitting Client 8
[2m[36m(launch_and_fit pid=1862961)[0m Fitting Client 5
[2m[36m(launch_and_fit pid=1862966)[0m Fitting Client 12
[2m[36m(launch_and_fit pid=1862965)[0m Fitting Client 14
[2m[36m(launch_and_fit pid=1862960)[0m Fitting Client 11
[2m[36m(launch_and_fit pid=1862959)[0m Fitting Client 4
[2m[36m(launch_and_fit pid=1862961)[0m malloc_consolidate(): invalid chunk size
[2m[36m(launch_and_fit pid=1862959)[0m malloc_consolidate(): invalid chunk size
[2m[36m(launch_and_fit pid=1862960)[0m malloc_consolidate(): invalid chunk size
[2m[36m(launch_and_fit pid=1862965)[0m malloc_consolidate(): invalid chunk size
[2m[36m(launch_and_fit pid=1862966)[0m malloc_consolidate(): invalid chunk size
E0819 20:38:50.680658814 1915783 chttp2_transport.cc:1079]             ipv4:145.136.62.15:51331: Received a GOAWAY with error code ENHANCE_YOUR_CALM and debug data equal to "too_many_pings". Current keepalive time (before throttling): 30720000ms
INFO flwr 2023-08-19 20:39:34,821 | fed_df.py:540 | Distillation training stopped at step number : 250
INFO flwr 2023-08-19 20:39:34,821 | fed_df.py:547 | Average fusion training loss : 0.021655181989073752, val accuracy : 0.60368, best val accuracy : 0.6168
INFO flwr 2023-08-19 20:39:34,822 | common.py:35 | Avg. local train loss : 5.681461377441884, train acc : 0.7068500000000001
INFO flwr 2023-08-19 20:39:37,449 | server.py:116 | fit progress: (12, 1.3102992309570312, {'server_test_acc': 0.6068}, 1065.6125485883094)
INFO flwr 2023-08-19 20:39:37,449 | server.py:163 | evaluate_round 12: no clients selected, cancel
DEBUG flwr 2023-08-19 20:39:42,174 | server.py:215 | fit_round 13: strategy sampled 8 clients (out of 20)
[2m[36m(launch_and_fit pid=1995813)[0m malloc_consolidate(): invalid chunk size
DEBUG flwr 2023-08-19 20:40:15,621 | server.py:229 | fit_round 13 received 8 results and 0 failures
INFO flwr 2023-08-19 20:40:15,765 | fed_df.py:463 | Performing server side distillation training...
[2m[36m(launch_and_fit pid=1995813)[0m Fitting Client 10
[2m[36m(launch_and_fit pid=1995818)[0m Fitting Client 14
[2m[36m(launch_and_fit pid=1995815)[0m Fitting Client 0
[2m[36m(launch_and_fit pid=1995816)[0m Fitting Client 3
[2m[36m(launch_and_fit pid=1995834)[0m Fitting Client 12
[2m[36m(launch_and_fit pid=1995817)[0m Fitting Client 15
[2m[36m(launch_and_fit pid=1995819)[0m Fitting Client 19
[2m[36m(launch_and_fit pid=1995833)[0m Fitting Client 5
[2m[36m(launch_and_fit pid=1995818)[0m malloc_consolidate(): invalid chunk size
E0819 20:40:16.378667252 2042474 chttp2_transport.cc:1079]             ipv4:145.136.62.15:51331: Received a GOAWAY with error code ENHANCE_YOUR_CALM and debug data equal to "too_many_pings". Current keepalive time (before throttling): 61440000ms
[2m[36m(launch_and_fit pid=1995834)[0m malloc_consolidate(): invalid chunk size
[2m[36m(launch_and_fit pid=1995819)[0m malloc_consolidate(): invalid chunk size
[2m[36m(launch_and_fit pid=1995816)[0m double free or corruption (fasttop)
[2m[36m(launch_and_fit pid=1995817)[0m malloc_consolidate(): invalid chunk size
[2m[36m(launch_and_fit pid=1995833)[0m corrupted size vs. prev_size in fastbins
INFO flwr 2023-08-19 20:41:02,689 | fed_df.py:540 | Distillation training stopped at step number : 250
INFO flwr 2023-08-19 20:41:02,690 | fed_df.py:547 | Average fusion training loss : 0.02347581482678652, val accuracy : 0.5990399999999999, best val accuracy : 0.6058
INFO flwr 2023-08-19 20:41:02,691 | common.py:35 | Avg. local train loss : 5.575031615048647, train acc : 0.716038888888889
INFO flwr 2023-08-19 20:41:05,356 | server.py:116 | fit progress: (13, 1.2594613311767577, {'server_test_acc': 0.5871}, 1153.5196917462163)
INFO flwr 2023-08-19 20:41:05,356 | server.py:163 | evaluate_round 13: no clients selected, cancel
DEBUG flwr 2023-08-19 20:41:10,085 | server.py:215 | fit_round 14: strategy sampled 8 clients (out of 20)
DEBUG flwr 2023-08-19 20:41:44,145 | server.py:229 | fit_round 14 received 8 results and 0 failures
INFO flwr 2023-08-19 20:41:44,292 | fed_df.py:463 | Performing server side distillation training...
[2m[36m(launch_and_fit pid=2128224)[0m Fitting Client 9
[2m[36m(launch_and_fit pid=2128229)[0m Fitting Client 18
[2m[36m(launch_and_fit pid=2128228)[0m Fitting Client 7
[2m[36m(launch_and_fit pid=2128227)[0m Fitting Client 2
[2m[36m(launch_and_fit pid=2128242)[0m Fitting Client 17
[2m[36m(launch_and_fit pid=2128244)[0m Fitting Client 11
[2m[36m(launch_and_fit pid=2128243)[0m Fitting Client 16
[2m[36m(launch_and_fit pid=2128226)[0m Fitting Client 1
[2m[36m(launch_and_fit pid=2128224)[0m malloc_consolidate(): invalid chunk size
[2m[36m(launch_and_fit pid=2128243)[0m malloc_consolidate(): invalid chunk size
[2m[36m(launch_and_fit pid=2128228)[0m double free or corruption (fasttop)
[2m[36m(launch_and_fit pid=2128244)[0m malloc(): unsorted double linked list corrupted
[2m[36m(launch_and_fit pid=2128226)[0m double free or corruption (fasttop)
[2m[36m(launch_and_fit pid=2128229)[0m malloc_consolidate(): invalid chunk size
[2m[36m(launch_and_fit pid=2128227)[0m malloc_consolidate(): invalid chunk size
[2m[36m(launch_and_fit pid=2128242)[0m malloc_consolidate(): invalid chunk size
E0819 20:41:46.465700269 2043284 chttp2_transport.cc:1079]             ipv4:145.136.62.15:51331: Received a GOAWAY with error code ENHANCE_YOUR_CALM and debug data equal to "too_many_pings". Current keepalive time (before throttling): 122880000ms
INFO flwr 2023-08-19 20:42:31,142 | fed_df.py:540 | Distillation training stopped at step number : 250
INFO flwr 2023-08-19 20:42:31,142 | fed_df.py:547 | Average fusion training loss : 0.029178532049059867, val accuracy : 0.61188, best val accuracy : 0.619
INFO flwr 2023-08-19 20:42:31,143 | common.py:35 | Avg. local train loss : 5.473858702927827, train acc : 0.7283055555555555
INFO flwr 2023-08-19 20:42:33,833 | server.py:116 | fit progress: (14, 1.215524166870117, {'server_test_acc': 0.6117}, 1241.9968623872846)
INFO flwr 2023-08-19 20:42:33,833 | server.py:163 | evaluate_round 14: no clients selected, cancel
DEBUG flwr 2023-08-19 20:42:38,568 | server.py:215 | fit_round 15: strategy sampled 8 clients (out of 20)
[2m[36m(launch_and_fit pid=2260314)[0m malloc_consolidate(): invalid chunk size
[2m[36m(launch_and_fit pid=2260453)[0m malloc_consolidate(): invalid chunk size
DEBUG flwr 2023-08-19 20:43:12,792 | server.py:229 | fit_round 15 received 8 results and 0 failures
INFO flwr 2023-08-19 20:43:12,903 | fed_df.py:365 | Warm start at round 15
INFO flwr 2023-08-19 20:43:12,991 | fed_df.py:463 | Performing server side distillation training...
[2m[36m(launch_and_fit pid=2260314)[0m Fitting Client 17
[2m[36m(launch_and_fit pid=2260455)[0m Fitting Client 18
[2m[36m(launch_and_fit pid=2260523)[0m Fitting Client 19
[2m[36m(launch_and_fit pid=2260452)[0m Fitting Client 4
[2m[36m(launch_and_fit pid=2260453)[0m Fitting Client 2
[2m[36m(launch_and_fit pid=2260524)[0m Fitting Client 16
[2m[36m(launch_and_fit pid=2260454)[0m Fitting Client 15
[2m[36m(launch_and_fit pid=2260525)[0m Fitting Client 8
[2m[36m(launch_and_fit pid=2260524)[0m malloc_consolidate(): invalid chunk size
[2m[36m(launch_and_fit pid=2260455)[0m malloc_consolidate(): invalid chunk size
[2m[36m(launch_and_fit pid=2260523)[0m malloc_consolidate(): invalid chunk size
E0819 20:43:14.089628333 2178893 chttp2_transport.cc:1079]             ipv4:145.136.62.15:51331: Received a GOAWAY with error code ENHANCE_YOUR_CALM and debug data equal to "too_many_pings". Current keepalive time (before throttling): 245760000ms
[2m[36m(launch_and_fit pid=2260454)[0m double free or corruption (fasttop)
[2m[36m(launch_and_fit pid=2260525)[0m malloc_consolidate(): invalid chunk size
[2m[36m(launch_and_fit pid=2260452)[0m malloc_consolidate(): invalid chunk size
INFO flwr 2023-08-19 20:44:00,113 | fed_df.py:540 | Distillation training stopped at step number : 250
INFO flwr 2023-08-19 20:44:00,114 | fed_df.py:547 | Average fusion training loss : 0.027848322965204717, val accuracy : 0.59012, best val accuracy : 0.5978
INFO flwr 2023-08-19 20:44:00,114 | common.py:35 | Avg. local train loss : 5.314727402478456, train acc : 0.7424555555555555
INFO flwr 2023-08-19 20:44:02,804 | server.py:116 | fit progress: (15, 1.2638187774658203, {'server_test_acc': 0.596}, 1330.9677509749308)
INFO flwr 2023-08-19 20:44:02,804 | server.py:163 | evaluate_round 15: no clients selected, cancel
DEBUG flwr 2023-08-19 20:44:07,617 | server.py:215 | fit_round 16: strategy sampled 8 clients (out of 20)
DEBUG flwr 2023-08-19 20:44:42,047 | server.py:229 | fit_round 16 received 8 results and 0 failures
INFO flwr 2023-08-19 20:44:42,191 | fed_df.py:463 | Performing server side distillation training...
[2m[36m(launch_and_fit pid=2411256)[0m Fitting Client 16
[2m[36m(launch_and_fit pid=2411329)[0m Fitting Client 19
[2m[36m(launch_and_fit pid=2411258)[0m Fitting Client 13
[2m[36m(launch_and_fit pid=2411398)[0m Fitting Client 9
[2m[36m(launch_and_fit pid=2411328)[0m Fitting Client 6
[2m[36m(launch_and_fit pid=2411327)[0m Fitting Client 17
[2m[36m(launch_and_fit pid=2411399)[0m Fitting Client 18
[2m[36m(launch_and_fit pid=2411397)[0m Fitting Client 10
[2m[36m(launch_and_fit pid=2411256)[0m malloc_consolidate(): invalid chunk size
[2m[36m(launch_and_fit pid=2411258)[0m double free or corruption (fasttop)
[2m[36m(launch_and_fit pid=2411398)[0m malloc_consolidate(): invalid chunk size
[2m[36m(launch_and_fit pid=2411327)[0m double free or corruption (fasttop)
[2m[36m(launch_and_fit pid=2411328)[0m malloc_consolidate(): invalid chunk size
[2m[36m(launch_and_fit pid=2411399)[0m double free or corruption (fasttop)
[2m[36m(launch_and_fit pid=2411397)[0m malloc_consolidate(): invalid chunk size
[2m[36m(launch_and_fit pid=2411329)[0m malloc_consolidate(): invalid chunk size
E0819 20:44:44.303622306 2469682 chttp2_transport.cc:1079]             ipv4:145.136.62.15:51331: Received a GOAWAY with error code ENHANCE_YOUR_CALM and debug data equal to "too_many_pings". Current keepalive time (before throttling): 491520000ms
INFO flwr 2023-08-19 20:45:29,231 | fed_df.py:540 | Distillation training stopped at step number : 250
INFO flwr 2023-08-19 20:45:29,232 | fed_df.py:547 | Average fusion training loss : 0.01826320506632328, val accuracy : 0.585, best val accuracy : 0.59
INFO flwr 2023-08-19 20:45:29,233 | common.py:35 | Avg. local train loss : 5.217819037288427, train acc : 0.7520500000000001
INFO flwr 2023-08-19 20:45:31,886 | server.py:116 | fit progress: (16, 1.269662680053711, {'server_test_acc': 0.5885}, 1420.0498457411304)
INFO flwr 2023-08-19 20:45:31,886 | server.py:163 | evaluate_round 16: no clients selected, cancel
DEBUG flwr 2023-08-19 20:45:36,672 | server.py:215 | fit_round 17: strategy sampled 8 clients (out of 20)
[2m[36m(launch_and_fit pid=2554887)[0m double free or corruption (fasttop)
[2m[36m(launch_and_fit pid=2554886)[0m malloc_consolidate(): invalid chunk size
DEBUG flwr 2023-08-19 20:46:10,946 | server.py:229 | fit_round 17 received 8 results and 0 failures
INFO flwr 2023-08-19 20:46:11,101 | fed_df.py:463 | Performing server side distillation training...
[2m[36m(launch_and_fit pid=2554817)[0m Fitting Client 18
[2m[36m(launch_and_fit pid=2554812)[0m Fitting Client 11
[2m[36m(launch_and_fit pid=2554813)[0m Fitting Client 14
[2m[36m(launch_and_fit pid=2554885)[0m Fitting Client 3
[2m[36m(launch_and_fit pid=2554815)[0m Fitting Client 16
[2m[36m(launch_and_fit pid=2554887)[0m Fitting Client 1
[2m[36m(launch_and_fit pid=2554888)[0m Fitting Client 17
[2m[36m(launch_and_fit pid=2554886)[0m Fitting Client 15
[2m[36m(launch_and_fit pid=2554885)[0m malloc_consolidate(): invalid chunk size
[2m[36m(launch_and_fit pid=2554817)[0m malloc(): unsorted double linked list corrupted
E0819 20:46:11.883324688 2601984 chttp2_transport.cc:1079]             ipv4:145.136.62.15:51331: Received a GOAWAY with error code ENHANCE_YOUR_CALM and debug data equal to "too_many_pings". Current keepalive time (before throttling): 983040000ms
[2m[36m(launch_and_fit pid=2554812)[0m malloc_consolidate(): invalid chunk size
[2m[36m(launch_and_fit pid=2554815)[0m malloc_consolidate(): invalid chunk size
[2m[36m(launch_and_fit pid=2554888)[0m double free or corruption (fasttop)
[2m[36m(launch_and_fit pid=2554813)[0m malloc_consolidate(): invalid chunk size
INFO flwr 2023-08-19 20:46:58,017 | fed_df.py:540 | Distillation training stopped at step number : 250
INFO flwr 2023-08-19 20:46:58,017 | fed_df.py:547 | Average fusion training loss : 0.03701553368568421, val accuracy : 0.60288, best val accuracy : 0.6096
INFO flwr 2023-08-19 20:46:58,018 | common.py:35 | Avg. local train loss : 5.362559615820646, train acc : 0.7407277777777779
INFO flwr 2023-08-19 20:47:00,694 | server.py:116 | fit progress: (17, 1.2963983764648437, {'server_test_acc': 0.5962}, 1508.8584114289843)
INFO flwr 2023-08-19 20:47:00,695 | server.py:163 | evaluate_round 17: no clients selected, cancel
DEBUG flwr 2023-08-19 20:47:05,525 | server.py:215 | fit_round 18: strategy sampled 8 clients (out of 20)
[2m[36m(launch_and_fit pid=2687136)[0m malloc_consolidate(): invalid chunk size
DEBUG flwr 2023-08-19 20:47:39,574 | server.py:229 | fit_round 18 received 8 results and 0 failures
INFO flwr 2023-08-19 20:47:39,725 | fed_df.py:463 | Performing server side distillation training...
[2m[36m(launch_and_fit pid=2687136)[0m Fitting Client 0
[2m[36m(launch_and_fit pid=2687134)[0m Fitting Client 10
[2m[36m(launch_and_fit pid=2687204)[0m Fitting Client 7
[2m[36m(launch_and_fit pid=2687207)[0m Fitting Client 16
[2m[36m(launch_and_fit pid=2687208)[0m Fitting Client 1
[2m[36m(launch_and_fit pid=2687229)[0m Fitting Client 11
[2m[36m(launch_and_fit pid=2687205)[0m Fitting Client 17
[2m[36m(launch_and_fit pid=2687206)[0m Fitting Client 18
[2m[36m(launch_and_fit pid=2687134)[0m malloc_consolidate(): invalid chunk size
[2m[36m(launch_and_fit pid=2687229)[0m double free or corruption (fasttop)
[2m[36m(launch_and_fit pid=2687205)[0m double free or corruption (fasttop)
[2m[36m(launch_and_fit pid=2687207)[0m malloc_consolidate(): invalid chunk size
[2m[36m(launch_and_fit pid=2687206)[0m malloc_consolidate(): invalid chunk size
[2m[36m(launch_and_fit pid=2687204)[0m malloc_consolidate(): invalid chunk size
[2m[36m(launch_and_fit pid=2687208)[0m double free or corruption (fasttop)
E0819 20:47:41.867551866 2736898 chttp2_transport.cc:1079]             ipv4:145.136.62.15:51331: Received a GOAWAY with error code ENHANCE_YOUR_CALM and debug data equal to "too_many_pings". Current keepalive time (before throttling): 1966080000ms
INFO flwr 2023-08-19 20:48:27,016 | fed_df.py:540 | Distillation training stopped at step number : 250
INFO flwr 2023-08-19 20:48:27,016 | fed_df.py:547 | Average fusion training loss : 0.0238969237357378, val accuracy : 0.63796, best val accuracy : 0.6486
INFO flwr 2023-08-19 20:48:27,017 | common.py:35 | Avg. local train loss : 5.227147293835878, train acc : 0.7527
INFO flwr 2023-08-19 20:48:29,680 | server.py:116 | fit progress: (18, 1.2107998321533202, {'server_test_acc': 0.6412}, 1597.8439251943491)
INFO flwr 2023-08-19 20:48:29,680 | server.py:163 | evaluate_round 18: no clients selected, cancel
DEBUG flwr 2023-08-19 20:48:34,440 | server.py:215 | fit_round 19: strategy sampled 8 clients (out of 20)
[2m[36m(launch_and_fit pid=2816682)[0m malloc_consolidate(): invalid chunk size
DEBUG flwr 2023-08-19 20:49:07,513 | server.py:229 | fit_round 19 received 8 results and 0 failures
INFO flwr 2023-08-19 20:49:07,664 | fed_df.py:463 | Performing server side distillation training...
[2m[36m(launch_and_fit pid=2816540)[0m Fitting Client 7
[2m[36m(launch_and_fit pid=2816611)[0m Fitting Client 1
[2m[36m(launch_and_fit pid=2816609)[0m Fitting Client 19
[2m[36m(launch_and_fit pid=2816682)[0m Fitting Client 3
[2m[36m(launch_and_fit pid=2816546)[0m Fitting Client 2
[2m[36m(launch_and_fit pid=2816680)[0m Fitting Client 16
[2m[36m(launch_and_fit pid=2816681)[0m Fitting Client 8
[2m[36m(launch_and_fit pid=2816679)[0m Fitting Client 10
[2m[36m(launch_and_fit pid=2816611)[0m double free or corruption (fasttop)
[2m[36m(launch_and_fit pid=2816540)[0m malloc_consolidate(): invalid chunk size
[2m[36m(launch_and_fit pid=2816679)[0m double free or corruption (fasttop)
[2m[36m(launch_and_fit pid=2816681)[0m double free or corruption (fasttop)
[2m[36m(launch_and_fit pid=2816546)[0m double free or corruption (fasttop)
[2m[36m(launch_and_fit pid=2816609)[0m malloc_consolidate(): invalid chunk size
[2m[36m(launch_and_fit pid=2816680)[0m malloc_consolidate(): invalid chunk size
E0819 20:49:10.628529524 2811533 chttp2_transport.cc:1079]             ipv4:145.136.62.15:51331: Received a GOAWAY with error code ENHANCE_YOUR_CALM and debug data equal to "too_many_pings". Current keepalive time (before throttling): ∞
INFO flwr 2023-08-19 20:49:54,906 | fed_df.py:540 | Distillation training stopped at step number : 250
INFO flwr 2023-08-19 20:49:54,907 | fed_df.py:547 | Average fusion training loss : 0.023468112848699093, val accuracy : 0.62784, best val accuracy : 0.6292
INFO flwr 2023-08-19 20:49:54,908 | common.py:35 | Avg. local train loss : 5.2428644426167015, train acc : 0.7522555555555557
INFO flwr 2023-08-19 20:49:57,556 | server.py:116 | fit progress: (19, 1.2543717864990234, {'server_test_acc': 0.6184}, 1685.719868680928)
INFO flwr 2023-08-19 20:49:57,556 | server.py:163 | evaluate_round 19: no clients selected, cancel
DEBUG flwr 2023-08-19 20:50:02,281 | server.py:215 | fit_round 20: strategy sampled 8 clients (out of 20)
[2m[36m(launch_and_fit pid=2948650)[0m malloc_consolidate(): invalid chunk size
DEBUG flwr 2023-08-19 20:50:34,888 | server.py:229 | fit_round 20 received 8 results and 0 failures
INFO flwr 2023-08-19 20:50:35,000 | fed_df.py:365 | Warm start at round 20
INFO flwr 2023-08-19 20:50:35,095 | fed_df.py:463 | Performing server side distillation training...
[2m[36m(launch_and_fit pid=2948650)[0m Fitting Client 15
[2m[36m(launch_and_fit pid=2948649)[0m Fitting Client 8
[2m[36m(launch_and_fit pid=2948790)[0m Fitting Client 4
[2m[36m(launch_and_fit pid=2948788)[0m Fitting Client 18
[2m[36m(launch_and_fit pid=2948789)[0m Fitting Client 6
[2m[36m(launch_and_fit pid=2948791)[0m Fitting Client 12
[2m[36m(launch_and_fit pid=2948792)[0m Fitting Client 3
[2m[36m(launch_and_fit pid=2948793)[0m Fitting Client 7
[2m[36m(launch_and_fit pid=2948788)[0m malloc_consolidate(): invalid chunk size
[2m[36m(launch_and_fit pid=2948649)[0m double free or corruption (fasttop)
[2m[36m(launch_and_fit pid=2948792)[0m double free or corruption (fasttop)
[2m[36m(launch_and_fit pid=2948791)[0m malloc_consolidate(): invalid chunk size
E0819 20:50:36.313433184 2864634 chttp2_transport.cc:1079]             ipv4:145.136.62.15:51331: Received a GOAWAY with error code ENHANCE_YOUR_CALM and debug data equal to "too_many_pings". Current keepalive time (before throttling): ∞
[2m[36m(launch_and_fit pid=2948790)[0m double free or corruption (fasttop)
[2m[36m(launch_and_fit pid=2948789)[0m malloc_consolidate(): invalid chunk size
[2m[36m(launch_and_fit pid=2948793)[0m malloc_consolidate(): invalid chunk size
E0819 20:50:37.691862223 2994568 chttp2_transport.cc:1079]             ipv4:145.136.62.15:51331: Received a GOAWAY with error code ENHANCE_YOUR_CALM and debug data equal to "too_many_pings". Current keepalive time (before throttling): ∞
INFO flwr 2023-08-19 20:51:22,705 | fed_df.py:540 | Distillation training stopped at step number : 250
INFO flwr 2023-08-19 20:51:22,705 | fed_df.py:547 | Average fusion training loss : 0.028604090049862863, val accuracy : 0.6634, best val accuracy : 0.6708
INFO flwr 2023-08-19 20:51:22,706 | common.py:35 | Avg. local train loss : 5.198096956312656, train acc : 0.7582222222222222
INFO flwr 2023-08-19 20:51:25,365 | server.py:116 | fit progress: (20, 1.1831754638671874, {'server_test_acc': 0.6558}, 1773.5291859819554)
INFO flwr 2023-08-19 20:51:25,366 | server.py:163 | evaluate_round 20: no clients selected, cancel
DEBUG flwr 2023-08-19 20:51:30,147 | server.py:215 | fit_round 21: strategy sampled 8 clients (out of 20)
DEBUG flwr 2023-08-19 20:52:03,013 | server.py:229 | fit_round 21 received 8 results and 0 failures
INFO flwr 2023-08-19 20:52:03,166 | fed_df.py:463 | Performing server side distillation training...
[2m[36m(launch_and_fit pid=3080938)[0m Fitting Client 3
[2m[36m(launch_and_fit pid=3080941)[0m Fitting Client 17
[2m[36m(launch_and_fit pid=3081019)[0m Fitting Client 19
[2m[36m(launch_and_fit pid=3081009)[0m Fitting Client 5
[2m[36m(launch_and_fit pid=3081020)[0m Fitting Client 15
[2m[36m(launch_and_fit pid=3081021)[0m Fitting Client 18
[2m[36m(launch_and_fit pid=3080939)[0m Fitting Client 6
[2m[36m(launch_and_fit pid=3080936)[0m Fitting Client 13
[2m[36m(launch_and_fit pid=3080938)[0m malloc_consolidate(): invalid chunk size
[2m[36m(launch_and_fit pid=3081020)[0m double free or corruption (fasttop)
[2m[36m(launch_and_fit pid=3081019)[0m malloc_consolidate(): invalid chunk size
[2m[36m(launch_and_fit pid=3080941)[0m double free or corruption (fasttop)
[2m[36m(launch_and_fit pid=3080936)[0m double free or corruption (fasttop)
[2m[36m(launch_and_fit pid=3081009)[0m malloc_consolidate(): invalid chunk size
[2m[36m(launch_and_fit pid=3080939)[0m malloc_consolidate(): invalid chunk size
[2m[36m(launch_and_fit pid=3081021)[0m corrupted size vs. prev_size in fastbins
E0819 20:52:06.216633172 3127016 chttp2_transport.cc:1079]             ipv4:145.136.62.15:51331: Received a GOAWAY with error code ENHANCE_YOUR_CALM and debug data equal to "too_many_pings". Current keepalive time (before throttling): ∞
INFO flwr 2023-08-19 20:52:51,057 | fed_df.py:540 | Distillation training stopped at step number : 250
INFO flwr 2023-08-19 20:52:51,057 | fed_df.py:547 | Average fusion training loss : 0.015698457334190608, val accuracy : 0.5878, best val accuracy : 0.604
INFO flwr 2023-08-19 20:52:51,058 | common.py:35 | Avg. local train loss : 5.075752736628055, train acc : 0.7656499999999999
INFO flwr 2023-08-19 20:52:53,725 | server.py:116 | fit progress: (21, 1.2905261047363281, {'server_test_acc': 0.6}, 1861.8889779569581)
INFO flwr 2023-08-19 20:52:53,725 | server.py:163 | evaluate_round 21: no clients selected, cancel
DEBUG flwr 2023-08-19 20:52:58,446 | server.py:215 | fit_round 22: strategy sampled 8 clients (out of 20)
[2m[36m(launch_and_fit pid=3214801)[0m malloc_consolidate(): invalid chunk size
DEBUG flwr 2023-08-19 20:53:31,377 | server.py:229 | fit_round 22 received 8 results and 0 failures
INFO flwr 2023-08-19 20:53:31,520 | fed_df.py:463 | Performing server side distillation training...
[2m[36m(launch_and_fit pid=3214801)[0m Fitting Client 14
[2m[36m(launch_and_fit pid=3214799)[0m Fitting Client 1
[2m[36m(launch_and_fit pid=3214805)[0m Fitting Client 12
[2m[36m(launch_and_fit pid=3214806)[0m Fitting Client 15
[2m[36m(launch_and_fit pid=3214803)[0m Fitting Client 11
[2m[36m(launch_and_fit pid=3214804)[0m Fitting Client 3
[2m[36m(launch_and_fit pid=3214802)[0m Fitting Client 18
[2m[36m(launch_and_fit pid=3214807)[0m Fitting Client 5
[2m[36m(launch_and_fit pid=3214799)[0m malloc_consolidate(): invalid chunk size
[2m[36m(launch_and_fit pid=3214805)[0m corrupted size vs. prev_size in fastbins
[2m[36m(launch_and_fit pid=3214807)[0m malloc_consolidate(): invalid chunk size
E0819 20:53:32.994917516 3258511 chttp2_transport.cc:1079]             ipv4:145.136.62.15:51331: Received a GOAWAY with error code ENHANCE_YOUR_CALM and debug data equal to "too_many_pings". Current keepalive time (before throttling): ∞
[2m[36m(launch_and_fit pid=3214803)[0m malloc_consolidate(): invalid chunk size
[2m[36m(launch_and_fit pid=3214806)[0m malloc_consolidate(): invalid chunk size
[2m[36m(launch_and_fit pid=3214802)[0m double free or corruption (fasttop)
E0819 20:54:02.800464849 3310610 chttp2_transport.cc:1079]             ipv4:145.136.62.15:51331: Received a GOAWAY with error code ENHANCE_YOUR_CALM and debug data equal to "too_many_pings". Current keepalive time (before throttling): ∞
INFO flwr 2023-08-19 20:54:18,988 | fed_df.py:540 | Distillation training stopped at step number : 250
INFO flwr 2023-08-19 20:54:18,989 | fed_df.py:547 | Average fusion training loss : 0.02483588931709528, val accuracy : 0.66392, best val accuracy : 0.6728
INFO flwr 2023-08-19 20:54:18,989 | common.py:35 | Avg. local train loss : 5.199640117585659, train acc : 0.7569444444444444
INFO flwr 2023-08-19 20:54:21,655 | server.py:116 | fit progress: (22, 1.2128371337890624, {'server_test_acc': 0.6547}, 1949.81870354712)
INFO flwr 2023-08-19 20:54:21,655 | server.py:163 | evaluate_round 22: no clients selected, cancel
DEBUG flwr 2023-08-19 20:54:26,402 | server.py:215 | fit_round 23: strategy sampled 8 clients (out of 20)
[2m[36m(launch_and_fit pid=3347472)[0m malloc_consolidate(): invalid chunk size
DEBUG flwr 2023-08-19 20:54:59,513 | server.py:229 | fit_round 23 received 8 results and 0 failures
INFO flwr 2023-08-19 20:54:59,658 | fed_df.py:463 | Performing server side distillation training...
[2m[36m(launch_and_fit pid=3347470)[0m Fitting Client 7
[2m[36m(launch_and_fit pid=3347472)[0m Fitting Client 17
[2m[36m(launch_and_fit pid=3347468)[0m Fitting Client 3
[2m[36m(launch_and_fit pid=3347510)[0m Fitting Client 6
[2m[36m(launch_and_fit pid=3347541)[0m Fitting Client 14
[2m[36m(launch_and_fit pid=3347543)[0m Fitting Client 2
[2m[36m(launch_and_fit pid=3347542)[0m Fitting Client 16
[2m[36m(launch_and_fit pid=3347544)[0m Fitting Client 15
[2m[36m(launch_and_fit pid=3347541)[0m malloc_consolidate(): invalid chunk size
E0819 20:55:00.218864875 3390207 chttp2_transport.cc:1079]             ipv4:145.136.62.15:51331: Received a GOAWAY with error code ENHANCE_YOUR_CALM and debug data equal to "too_many_pings". Current keepalive time (before throttling): ∞
[2m[36m(launch_and_fit pid=3347510)[0m double free or corruption (fasttop)
[2m[36m(launch_and_fit pid=3347542)[0m malloc_consolidate(): invalid chunk size
[2m[36m(launch_and_fit pid=3347544)[0m double free or corruption (fasttop)
[2m[36m(launch_and_fit pid=3347470)[0m double free or corruption (fasttop)
[2m[36m(launch_and_fit pid=3347543)[0m malloc_consolidate(): invalid chunk size
[2m[36m(launch_and_fit pid=3347468)[0m double free or corruption (fasttop)
E0819 20:55:02.009480465 3390942 chttp2_transport.cc:1079]             ipv4:145.136.62.15:51331: Received a GOAWAY with error code ENHANCE_YOUR_CALM and debug data equal to "too_many_pings". Current keepalive time (before throttling): ∞
INFO flwr 2023-08-19 20:55:47,132 | fed_df.py:540 | Distillation training stopped at step number : 250
INFO flwr 2023-08-19 20:55:47,133 | fed_df.py:547 | Average fusion training loss : 0.03152023021876812, val accuracy : 0.64152, best val accuracy : 0.6568
INFO flwr 2023-08-19 20:55:47,134 | common.py:35 | Avg. local train loss : 5.366709318757057, train acc : 0.7408833333333333
INFO flwr 2023-08-19 20:55:49,813 | server.py:116 | fit progress: (23, 1.2094577423095703, {'server_test_acc': 0.6475}, 2037.976499791257)
INFO flwr 2023-08-19 20:55:49,813 | server.py:163 | evaluate_round 23: no clients selected, cancel
DEBUG flwr 2023-08-19 20:55:54,532 | server.py:215 | fit_round 24: strategy sampled 8 clients (out of 20)
[2m[36m(launch_and_fit pid=3480703)[0m malloc_consolidate(): invalid chunk size
DEBUG flwr 2023-08-19 20:56:27,123 | server.py:229 | fit_round 24 received 8 results and 0 failures
INFO flwr 2023-08-19 20:56:27,265 | fed_df.py:463 | Performing server side distillation training...
[2m[36m(launch_and_fit pid=3480703)[0m Fitting Client 14
[2m[36m(launch_and_fit pid=3480706)[0m Fitting Client 8
[2m[36m(launch_and_fit pid=3480775)[0m Fitting Client 18
[2m[36m(launch_and_fit pid=3480765)[0m Fitting Client 7
[2m[36m(launch_and_fit pid=3480777)[0m Fitting Client 13
[2m[36m(launch_and_fit pid=3480778)[0m Fitting Client 12
[2m[36m(launch_and_fit pid=3480779)[0m Fitting Client 19
[2m[36m(launch_and_fit pid=3480776)[0m Fitting Client 2
[2m[36m(launch_and_fit pid=3480778)[0m malloc_consolidate(): invalid chunk size
[2m[36m(launch_and_fit pid=3480706)[0m malloc_consolidate(): invalid chunk size
[2m[36m(launch_and_fit pid=3480776)[0m corrupted size vs. prev_size in fastbins
[2m[36m(launch_and_fit pid=3480779)[0m malloc_consolidate(): invalid chunk size
[2m[36m(launch_and_fit pid=3480775)[0m double free or corruption (fasttop)
[2m[36m(launch_and_fit pid=3480777)[0m malloc_consolidate(): invalid chunk size
[2m[36m(launch_and_fit pid=3480765)[0m malloc_consolidate(): invalid chunk size
E0819 20:56:29.552423064 3394745 chttp2_transport.cc:1079]             ipv4:145.136.62.15:51331: Received a GOAWAY with error code ENHANCE_YOUR_CALM and debug data equal to "too_many_pings". Current keepalive time (before throttling): ∞
INFO flwr 2023-08-19 20:57:14,904 | fed_df.py:540 | Distillation training stopped at step number : 250
INFO flwr 2023-08-19 20:57:14,904 | fed_df.py:547 | Average fusion training loss : 0.019642091438174247, val accuracy : 0.6626399999999999, best val accuracy : 0.6698
INFO flwr 2023-08-19 20:57:14,905 | common.py:35 | Avg. local train loss : 5.078091060370206, train acc : 0.7677555555555556
INFO flwr 2023-08-19 20:57:17,589 | server.py:116 | fit progress: (24, 1.1921519744873046, {'server_test_acc': 0.6608}, 2125.7526339469478)
INFO flwr 2023-08-19 20:57:17,589 | server.py:163 | evaluate_round 24: no clients selected, cancel
DEBUG flwr 2023-08-19 20:57:22,363 | server.py:215 | fit_round 25: strategy sampled 8 clients (out of 20)
[2m[36m(launch_and_fit pid=3612239)[0m double free or corruption (fasttop)
DEBUG flwr 2023-08-19 20:57:55,174 | server.py:229 | fit_round 25 received 8 results and 0 failures
INFO flwr 2023-08-19 20:57:55,286 | fed_df.py:365 | Warm start at round 25
INFO flwr 2023-08-19 20:57:55,376 | fed_df.py:463 | Performing server side distillation training...
[2m[36m(launch_and_fit pid=3612240)[0m Fitting Client 17
[2m[36m(launch_and_fit pid=3612239)[0m Fitting Client 3
[2m[36m(launch_and_fit pid=3612315)[0m Fitting Client 19
[2m[36m(launch_and_fit pid=3612316)[0m Fitting Client 12
[2m[36m(launch_and_fit pid=3612314)[0m Fitting Client 2
[2m[36m(launch_and_fit pid=3612242)[0m Fitting Client 1
[2m[36m(launch_and_fit pid=3612245)[0m Fitting Client 0
[2m[36m(launch_and_fit pid=3612313)[0m Fitting Client 14
[2m[36m(launch_and_fit pid=3612242)[0m malloc_consolidate(): invalid chunk size
[2m[36m(launch_and_fit pid=3612240)[0m corrupted size vs. prev_size in fastbins
[2m[36m(launch_and_fit pid=3612315)[0m malloc_consolidate(): invalid chunk size
[2m[36m(launch_and_fit pid=3612314)[0m malloc_consolidate(): invalid chunk size
[2m[36m(launch_and_fit pid=3612316)[0m double free or corruption (fasttop)
[2m[36m(launch_and_fit pid=3612245)[0m malloc_consolidate(): invalid chunk size
[2m[36m(launch_and_fit pid=3612313)[0m double free or corruption (fasttop)
INFO flwr 2023-08-19 20:58:42,900 | fed_df.py:540 | Distillation training stopped at step number : 250
INFO flwr 2023-08-19 20:58:42,900 | fed_df.py:547 | Average fusion training loss : 0.023451429218053817, val accuracy : 0.6656, best val accuracy : 0.68
INFO flwr 2023-08-19 20:58:42,901 | common.py:35 | Avg. local train loss : 5.149137611687183, train acc : 0.7628999999999999
INFO flwr 2023-08-19 20:58:45,625 | server.py:116 | fit progress: (25, 1.1671696868896484, {'server_test_acc': 0.6712}, 2213.789039107971)
INFO flwr 2023-08-19 20:58:45,625 | server.py:163 | evaluate_round 25: no clients selected, cancel
DEBUG flwr 2023-08-19 20:58:50,476 | server.py:215 | fit_round 26: strategy sampled 8 clients (out of 20)
[2m[36m(launch_and_fit pid=3749099)[0m malloc_consolidate(): invalid chunk size
[2m[36m(launch_and_fit pid=3749241)[0m malloc_consolidate(): invalid chunk size
DEBUG flwr 2023-08-19 20:59:22,995 | server.py:229 | fit_round 26 received 8 results and 0 failures
INFO flwr 2023-08-19 20:59:23,137 | fed_df.py:463 | Performing server side distillation training...
[2m[36m(launch_and_fit pid=3749099)[0m Fitting Client 5
[2m[36m(launch_and_fit pid=3749169)[0m Fitting Client 17
[2m[36m(launch_and_fit pid=3749100)[0m Fitting Client 13
[2m[36m(launch_and_fit pid=3749240)[0m Fitting Client 18
[2m[36m(launch_and_fit pid=3749170)[0m Fitting Client 15
[2m[36m(launch_and_fit pid=3749241)[0m Fitting Client 16
[2m[36m(launch_and_fit pid=3749171)[0m Fitting Client 6
[2m[36m(launch_and_fit pid=3749239)[0m Fitting Client 0
[2m[36m(launch_and_fit pid=3749171)[0m malloc_consolidate(): invalid chunk size
E0819 20:59:23.693103103 3804329 chttp2_transport.cc:1079]             ipv4:145.136.62.15:51331: Received a GOAWAY with error code ENHANCE_YOUR_CALM and debug data equal to "too_many_pings". Current keepalive time (before throttling): ∞
[2m[36m(launch_and_fit pid=3749100)[0m malloc_consolidate(): invalid chunk size
[2m[36m(launch_and_fit pid=3749239)[0m corrupted size vs. prev_size in fastbins
[2m[36m(launch_and_fit pid=3749170)[0m double free or corruption (fasttop)
[2m[36m(launch_and_fit pid=3749169)[0m double free or corruption (fasttop)
[2m[36m(launch_and_fit pid=3749240)[0m malloc_consolidate(): invalid chunk size
E0819 21:00:09.060665548 3804893 chttp2_transport.cc:1079]             ipv4:145.136.62.15:51331: Received a GOAWAY with error code ENHANCE_YOUR_CALM and debug data equal to "too_many_pings". Current keepalive time (before throttling): ∞
INFO flwr 2023-08-19 21:00:11,458 | fed_df.py:540 | Distillation training stopped at step number : 250
INFO flwr 2023-08-19 21:00:11,458 | fed_df.py:547 | Average fusion training loss : 0.022184536419808866, val accuracy : 0.60944, best val accuracy : 0.618
INFO flwr 2023-08-19 21:00:11,459 | common.py:35 | Avg. local train loss : 5.030913207679987, train acc : 0.7701277777777779
INFO flwr 2023-08-19 21:00:14,140 | server.py:116 | fit progress: (26, 1.2623871887207032, {'server_test_acc': 0.61}, 2302.304404921364)
INFO flwr 2023-08-19 21:00:14,141 | server.py:163 | evaluate_round 26: no clients selected, cancel
DEBUG flwr 2023-08-19 21:00:18,905 | server.py:215 | fit_round 27: strategy sampled 8 clients (out of 20)
[2m[36m(launch_and_fit pid=3906107)[0m double free or corruption (fasttop)
DEBUG flwr 2023-08-19 21:00:51,620 | server.py:229 | fit_round 27 received 8 results and 0 failures
INFO flwr 2023-08-19 21:00:51,765 | fed_df.py:463 | Performing server side distillation training...
[2m[36m(launch_and_fit pid=3906109)[0m Fitting Client 5
[2m[36m(launch_and_fit pid=3906107)[0m Fitting Client 0
[2m[36m(launch_and_fit pid=3906177)[0m Fitting Client 8
[2m[36m(launch_and_fit pid=3906108)[0m Fitting Client 18
[2m[36m(launch_and_fit pid=3906178)[0m Fitting Client 16
[2m[36m(launch_and_fit pid=3906106)[0m Fitting Client 12
[2m[36m(launch_and_fit pid=3906179)[0m Fitting Client 14
[2m[36m(launch_and_fit pid=3906180)[0m Fitting Client 13
[2m[36m(launch_and_fit pid=3906109)[0m double free or corruption (fasttop)
[2m[36m(launch_and_fit pid=3906177)[0m malloc_consolidate(): invalid chunk size
[2m[36m(launch_and_fit pid=3906106)[0m malloc_consolidate(): invalid chunk size
[2m[36m(launch_and_fit pid=3906178)[0m corrupted size vs. prev_size in fastbins
[2m[36m(launch_and_fit pid=3906108)[0m malloc_consolidate(): invalid chunk size
[2m[36m(launch_and_fit pid=3906180)[0m malloc_consolidate(): invalid chunk size
[2m[36m(launch_and_fit pid=3906179)[0m double free or corruption (fasttop)
E0819 21:00:54.152697985 3893501 chttp2_transport.cc:1079]             ipv4:145.136.62.15:51331: Received a GOAWAY with error code ENHANCE_YOUR_CALM and debug data equal to "too_many_pings". Current keepalive time (before throttling): ∞
INFO flwr 2023-08-19 21:01:39,707 | fed_df.py:540 | Distillation training stopped at step number : 250
INFO flwr 2023-08-19 21:01:39,707 | fed_df.py:547 | Average fusion training loss : 0.017058771397918462, val accuracy : 0.64452, best val accuracy : 0.6538
INFO flwr 2023-08-19 21:01:39,708 | common.py:35 | Avg. local train loss : 5.0142963521182535, train acc : 0.7749111111111111
INFO flwr 2023-08-19 21:01:42,390 | server.py:116 | fit progress: (27, 1.2170428741455077, {'server_test_acc': 0.6423}, 2390.554269867018)
INFO flwr 2023-08-19 21:01:42,391 | server.py:163 | evaluate_round 27: no clients selected, cancel
DEBUG flwr 2023-08-19 21:01:47,302 | server.py:215 | fit_round 28: strategy sampled 8 clients (out of 20)
[2m[36m(launch_and_fit pid=4038859)[0m double free or corruption (fasttop)
DEBUG flwr 2023-08-19 21:02:20,564 | server.py:229 | fit_round 28 received 8 results and 0 failures
INFO flwr 2023-08-19 21:02:20,707 | fed_df.py:463 | Performing server side distillation training...
[2m[36m(launch_and_fit pid=4038859)[0m Fitting Client 14
[2m[36m(launch_and_fit pid=4038857)[0m Fitting Client 13
[2m[36m(launch_and_fit pid=4038939)[0m Fitting Client 15
[2m[36m(launch_and_fit pid=4038942)[0m Fitting Client 3
[2m[36m(launch_and_fit pid=4038938)[0m Fitting Client 4
[2m[36m(launch_and_fit pid=4038860)[0m Fitting Client 9
[2m[36m(launch_and_fit pid=4038962)[0m Fitting Client 19
[2m[36m(launch_and_fit pid=4038961)[0m Fitting Client 16
[2m[36m(launch_and_fit pid=4038857)[0m malloc(): unsorted double linked list corrupted
[2m[36m(launch_and_fit pid=4038938)[0m malloc_consolidate(): invalid chunk size
[2m[36m(launch_and_fit pid=4038939)[0m double free or corruption (fasttop)
[2m[36m(launch_and_fit pid=4038860)[0m double free or corruption (fasttop)
[2m[36m(launch_and_fit pid=4038942)[0m malloc_consolidate(): invalid chunk size
[2m[36m(launch_and_fit pid=4038961)[0m double free or corruption (fasttop)
[2m[36m(launch_and_fit pid=4038962)[0m malloc_consolidate(): invalid chunk size
E0819 21:02:24.771401144 3951874 chttp2_transport.cc:1079]             ipv4:145.136.62.15:51331: Received a GOAWAY with error code ENHANCE_YOUR_CALM and debug data equal to "too_many_pings". Current keepalive time (before throttling): ∞
INFO flwr 2023-08-19 21:03:08,715 | fed_df.py:540 | Distillation training stopped at step number : 250
INFO flwr 2023-08-19 21:03:08,716 | fed_df.py:547 | Average fusion training loss : 0.030736751817166806, val accuracy : 0.66996, best val accuracy : 0.6742
INFO flwr 2023-08-19 21:03:08,717 | common.py:35 | Avg. local train loss : 5.092896182090044, train acc : 0.7692444444444444
INFO flwr 2023-08-19 21:03:11,385 | server.py:116 | fit progress: (28, 1.2079097106933594, {'server_test_acc': 0.6521}, 2479.5493417759426)
INFO flwr 2023-08-19 21:03:11,386 | server.py:163 | evaluate_round 28: no clients selected, cancel
DEBUG flwr 2023-08-19 21:03:16,092 | server.py:215 | fit_round 29: strategy sampled 8 clients (out of 20)
[2m[36m(launch_and_fit pid=4171237)[0m double free or corruption (fasttop)
[2m[36m(launch_and_fit pid=4171337)[0m malloc_consolidate(): invalid chunk size
DEBUG flwr 2023-08-19 21:03:49,007 | server.py:229 | fit_round 29 received 8 results and 0 failures
[2m[36m(launch_and_fit pid=4171343)[0m malloc_consolidate(): invalid chunk size
INFO flwr 2023-08-19 21:03:49,151 | fed_df.py:463 | Performing server side distillation training...
[2m[36m(launch_and_fit pid=4171237)[0m Fitting Client 18
[2m[36m(launch_and_fit pid=4171341)[0m Fitting Client 0
[2m[36m(launch_and_fit pid=4171343)[0m Fitting Client 9
[2m[36m(launch_and_fit pid=4171337)[0m Fitting Client 17
[2m[36m(launch_and_fit pid=4171339)[0m Fitting Client 19
[2m[36m(launch_and_fit pid=4171342)[0m Fitting Client 14
[2m[36m(launch_and_fit pid=4171340)[0m Fitting Client 10
[2m[36m(launch_and_fit pid=4171338)[0m Fitting Client 1
[2m[36m(launch_and_fit pid=4171341)[0m double free or corruption (fasttop)
[2m[36m(launch_and_fit pid=4171340)[0m malloc_consolidate(): invalid chunk size
[2m[36m(launch_and_fit pid=4171342)[0m malloc_consolidate(): invalid chunk size
E0819 21:03:49.980572680   19317 chttp2_transport.cc:1079]             ipv4:145.136.62.15:51331: Received a GOAWAY with error code ENHANCE_YOUR_CALM and debug data equal to "too_many_pings". Current keepalive time (before throttling): ∞
[2m[36m(launch_and_fit pid=4171338)[0m double free or corruption (fasttop)
[2m[36m(launch_and_fit pid=4171339)[0m malloc_consolidate(): invalid chunk size
INFO flwr 2023-08-19 21:04:37,360 | fed_df.py:540 | Distillation training stopped at step number : 250
INFO flwr 2023-08-19 21:04:37,361 | fed_df.py:547 | Average fusion training loss : 0.019902991354465483, val accuracy : 0.65344, best val accuracy : 0.6636
INFO flwr 2023-08-19 21:04:37,361 | common.py:35 | Avg. local train loss : 4.938391862809658, train acc : 0.7822499999999999
INFO flwr 2023-08-19 21:04:40,039 | server.py:116 | fit progress: (29, 1.1855824523925782, {'server_test_acc': 0.6542}, 2568.2030870812014)
INFO flwr 2023-08-19 21:04:40,039 | server.py:163 | evaluate_round 29: no clients selected, cancel
DEBUG flwr 2023-08-19 21:04:44,853 | server.py:215 | fit_round 30: strategy sampled 8 clients (out of 20)
[2m[36m(launch_and_fit pid=110579)[0m malloc_consolidate(): invalid chunk size
DEBUG flwr 2023-08-19 21:05:17,171 | server.py:229 | fit_round 30 received 8 results and 0 failures
[2m[36m(launch_and_fit pid=110582)[0m malloc_consolidate(): invalid chunk size
INFO flwr 2023-08-19 21:05:17,285 | fed_df.py:365 | Warm start at round 30
INFO flwr 2023-08-19 21:05:17,372 | fed_df.py:463 | Performing server side distillation training...
[2m[36m(launch_and_fit pid=110579)[0m Fitting Client 16
[2m[36m(launch_and_fit pid=110580)[0m Fitting Client 5
[2m[36m(launch_and_fit pid=110578)[0m Fitting Client 15
[2m[36m(launch_and_fit pid=110564)[0m Fitting Client 18
[2m[36m(launch_and_fit pid=110582)[0m Fitting Client 8
[2m[36m(launch_and_fit pid=110650)[0m Fitting Client 19
[2m[36m(launch_and_fit pid=110581)[0m Fitting Client 1
[2m[36m(launch_and_fit pid=110651)[0m Fitting Client 2
[2m[36m(launch_and_fit pid=110564)[0m malloc_consolidate(): invalid chunk size
[2m[36m(launch_and_fit pid=110651)[0m double free or corruption (fasttop)
E0819 21:05:18.235189519   19848 chttp2_transport.cc:1079]             ipv4:145.136.62.15:51331: Received a GOAWAY with error code ENHANCE_YOUR_CALM and debug data equal to "too_many_pings". Current keepalive time (before throttling): ∞
[2m[36m(launch_and_fit pid=110650)[0m malloc_consolidate(): invalid chunk size
[2m[36m(launch_and_fit pid=110578)[0m double free or corruption (fasttop)
[2m[36m(launch_and_fit pid=110580)[0m malloc_consolidate(): invalid chunk size
[2m[36m(launch_and_fit pid=110581)[0m malloc_consolidate(): invalid chunk size
INFO flwr 2023-08-19 21:06:05,345 | fed_df.py:540 | Distillation training stopped at step number : 250
INFO flwr 2023-08-19 21:06:05,345 | fed_df.py:547 | Average fusion training loss : 0.024332571994513275, val accuracy : 0.61452, best val accuracy : 0.63
INFO flwr 2023-08-19 21:06:05,346 | common.py:35 | Avg. local train loss : 4.960822057723999, train acc : 0.7786333333333334
INFO flwr 2023-08-19 21:06:08,009 | server.py:116 | fit progress: (30, 1.2659115447998046, {'server_test_acc': 0.6245}, 2656.1729060010985)
INFO flwr 2023-08-19 21:06:08,009 | server.py:163 | evaluate_round 30: no clients selected, cancel
INFO flwr 2023-08-19 21:06:08,009 | server.py:144 | FL finished in 2656.1733314292505
INFO flwr 2023-08-19 21:06:08,010 | app.py:202 | app_fit: losses_distributed []
INFO flwr 2023-08-19 21:06:08,011 | app.py:203 | app_fit: metrics_distributed {}
INFO flwr 2023-08-19 21:06:08,011 | app.py:204 | app_fit: losses_centralized [(0, 2.3234217651367186), (1, 1.772070132446289), (2, 1.7753583343505859), (3, 1.6778871551513672), (4, 1.6860273986816405), (5, 1.431600341796875), (6, 1.45894091796875), (7, 1.349407113647461), (8, 1.3962994079589843), (9, 1.3355643768310548), (10, 1.3159450286865235), (11, 1.3042735626220703), (12, 1.3102992309570312), (13, 1.2594613311767577), (14, 1.215524166870117), (15, 1.2638187774658203), (16, 1.269662680053711), (17, 1.2963983764648437), (18, 1.2107998321533202), (19, 1.2543717864990234), (20, 1.1831754638671874), (21, 1.2905261047363281), (22, 1.2128371337890624), (23, 1.2094577423095703), (24, 1.1921519744873046), (25, 1.1671696868896484), (26, 1.2623871887207032), (27, 1.2170428741455077), (28, 1.2079097106933594), (29, 1.1855824523925782), (30, 1.2659115447998046)]
INFO flwr 2023-08-19 21:06:08,011 | app.py:205 | app_fit: metrics_centralized {'server_test_acc': [(0, 0.108), (1, 0.3164), (2, 0.345), (3, 0.419), (4, 0.4216), (5, 0.4947), (6, 0.5043), (7, 0.562), (8, 0.5427), (9, 0.5762), (10, 0.5794), (11, 0.5959), (12, 0.6068), (13, 0.5871), (14, 0.6117), (15, 0.596), (16, 0.5885), (17, 0.5962), (18, 0.6412), (19, 0.6184), (20, 0.6558), (21, 0.6), (22, 0.6547), (23, 0.6475), (24, 0.6608), (25, 0.6712), (26, 0.61), (27, 0.6423), (28, 0.6521), (29, 0.6542), (30, 0.6245)]}
double free or corruption (fasttop)
srun: error: gcn15: task 0: Aborted
srun: Terminating StepId=3423713.1
-----EXPERIMENT ENDS-----
-----CLEANING UP DISK------
-----END-----

JOB STATISTICS
==============
Job ID: 3423713
Cluster: snellius
User/Group: sunnys/sunnys
State: COMPLETED (exit code 0)
Nodes: 1
Cores per node: 18
CPU Utilized: 01:51:56
CPU Efficiency: 13.23% of 14:06:00 core-walltime
Job Wall-clock time: 00:47:00
Memory Utilized: 54.82 GB
Memory Efficiency: 45.68% of 120.00 GB
