-----BEGIN-----
-----SETTINGS-----
TOTAL CROPS:25000
STRATEGY:feddf
MODEL_NAME:resnet8
NUM_CLIENTS:20
NUM_ROUNDS:30
FRACTION_FIT:0.4
FRACTION_EVALUATE:0.0
DATASET_NAME:cifar10
PARTITION_ALPHA:1.0
PARTITION_VAL_RATIO:0.1
BATCH_SIZE:512
LOCAL_EPOCHS:10
LOCAL_LR:0.01
DISTILL_BATCH_SIZE:512
SERVER_LR:0.005
SERVER_STEPS:250
SERVER_EARLY_STEPS:1000
USE_EARLY_STOPPING:False
USE_ADAPTIVE_LR:False
USE_ADAPTIVE_LR_ROUND:False
SEED:84
CUDA_DETERMINISTIC:False
USE_CROPS:True
IMG_NAME:ameyoko.jpg
DISTILL_DATASET:organamnist
DISTILL_ALPHA:1.0
NUM_DISTILL_IMAGES:5000
DISTILL_TRANSFORMS:v0
WARM_START:True
WARM_START_ROUNDS:1
WARM_START_INTERVAL:5
KMEANS_N_CLUSTER:1000
KMEANS_HEURISTICS:mixed
KMEANS_MIXED_FACTOR:50-50
KMEANS_BALANCING:1.0
CONFIDENCE_THRESHOLD:0.5
CONFIDENCE_STRATEGY:top
CONFIDENCE_ADAPTIVE:False
CONFIDENCE_MAX_THRESH:0.5
CLIPPING_FACTOR:2.5
FEDPROX_FACTOR:0.0
FEDPROX_ADAPTIVE:False
USE_CLIPPING:True
USE_ENTROPY:False
USE_KMEANS:True
USE_FEDPROX:False
-----SETTINGS END-----
-----EXPERIMENT BEGINS-----
---------
Generating crops for FedDF
Namespace(img_size=32, batch_size=32, num_imgs=25000, threads=18, vflip=False, deg=30, shear=30, cropfirst=True, initcrop=0.5, scale=[500, 1], randinterp=False, debug=False, imgpath='./static/single_images/ameyoko.jpg', targetpath='/scratch-local/sunnys.3423716/1692469231_212397853', seed=84, img_per_thread=1388)
will save 25000 patches in /scratch-local/sunnys.3423716/1692469231_212397853/single_img_crops/crops
25000 took 0.41min with 18 threads
---------
Simulating feddf training
INFO simulate 2023-08-19 20:21:10,920 | simulate.py:50 | Python script started : simulate.py
DEBUG simulate 2023-08-19 20:21:10,920 | simulate.py:55 | Reading args from argument parser
Downloading https://www.cs.toronto.edu/~kriz/cifar-10-python.tar.gz to /scratch-local/sunnys.3423716/1692469231_212397853/cifar-10-python.tar.gz
Extracting /scratch-local/sunnys.3423716/1692469231_212397853/cifar-10-python.tar.gz to /scratch-local/sunnys.3423716/1692469231_212397853
Generating unified cifar10 dataset
Class histogram for 0-th partition (alpha=1.0, 10 classes): [342 114 363 765  49 204 467  25  55 116]
INFO flwr 2023-08-19 20:21:31,045 | app.py:145 | Starting Flower simulation, config: ServerConfig(num_rounds=30, round_timeout=None)
2023-08-19 20:21:33,690	INFO worker.py:1529 -- Started a local Ray instance. View the dashboard at [1m[32m127.0.0.1:8265 [39m[22m
INFO flwr 2023-08-19 20:21:34,704 | app.py:179 | Flower VCE: Ray initialized with resources: {'node:145.136.62.56': 1.0, 'accelerator_type:A100': 1.0, 'memory': 103079215104.0, 'GPU': 1.0, 'CPU': 18.0, 'object_store_memory': 61847529062.0}
INFO flwr 2023-08-19 20:21:34,704 | server.py:86 | Initializing global parameters
INFO flwr 2023-08-19 20:21:34,704 | server.py:266 | Using initial parameters provided by strategy
INFO flwr 2023-08-19 20:21:34,704 | server.py:88 | Evaluating initial parameters
INFO flwr 2023-08-19 20:21:44,875 | server.py:91 | initial parameters (loss, other metrics): 2.319245477294922, {'server_test_acc': 0.0811}
INFO flwr 2023-08-19 20:21:44,875 | server.py:101 | FL starting
DEBUG flwr 2023-08-19 20:21:49,476 | server.py:215 | fit_round 1: strategy sampled 8 clients (out of 20)
DEBUG flwr 2023-08-19 20:22:27,050 | server.py:229 | fit_round 1 received 8 results and 0 failures
INFO flwr 2023-08-19 20:22:27,163 | fed_df.py:365 | Warm start at round 1
INFO flwr 2023-08-19 20:22:27,258 | fed_df.py:463 | Performing server side distillation training...
[2m[36m(launch_and_fit pid=1749242)[0m Fitting Client 4
[2m[36m(launch_and_fit pid=1749171)[0m Fitting Client 5
[2m[36m(launch_and_fit pid=1749241)[0m Fitting Client 2
[2m[36m(launch_and_fit pid=1749243)[0m Fitting Client 19
[2m[36m(launch_and_fit pid=1749244)[0m Fitting Client 18
[2m[36m(launch_and_fit pid=1749240)[0m Fitting Client 11
[2m[36m(launch_and_fit pid=1749245)[0m Fitting Client 8
[2m[36m(launch_and_fit pid=1749239)[0m Fitting Client 10
[2m[36m(launch_and_fit pid=1749239)[0m malloc_consolidate(): invalid chunk size
[2m[36m(launch_and_fit pid=1749171)[0m malloc_consolidate(): invalid chunk size
[2m[36m(launch_and_fit pid=1749242)[0m double free or corruption (fasttop)
[2m[36m(launch_and_fit pid=1749243)[0m malloc_consolidate(): invalid chunk size
[2m[36m(launch_and_fit pid=1749241)[0m malloc_consolidate(): invalid chunk size
[2m[36m(launch_and_fit pid=1749245)[0m malloc_consolidate(): invalid chunk size
E0819 20:22:29.195320131 1743732 chttp2_transport.cc:1079]             ipv4:145.136.62.56:49006: Received a GOAWAY with error code ENHANCE_YOUR_CALM and debug data equal to "too_many_pings". Current keepalive time (before throttling): 60000ms
[2m[36m(launch_and_fit pid=1749244)[0m malloc_consolidate(): invalid chunk size
[2m[36m(launch_and_fit pid=1749240)[0m double free or corruption (fasttop)
INFO flwr 2023-08-19 20:23:12,700 | fed_df.py:540 | Distillation training stopped at step number : 250
INFO flwr 2023-08-19 20:23:12,700 | fed_df.py:547 | Average fusion training loss : 0.07647868268191814, val accuracy : 0.27240000000000003, best val accuracy : 0.2892
INFO flwr 2023-08-19 20:23:12,701 | common.py:35 | Avg. local train loss : 7.64384484514594, train acc : 0.5068888888888889
INFO flwr 2023-08-19 20:23:15,202 | server.py:116 | fit progress: (1, 2.1021317749023436, {'server_test_acc': 0.2865}, 90.32711598603055)
INFO flwr 2023-08-19 20:23:15,203 | server.py:163 | evaluate_round 1: no clients selected, cancel
DEBUG flwr 2023-08-19 20:23:19,828 | server.py:215 | fit_round 2: strategy sampled 8 clients (out of 20)
[2m[36m(launch_and_fit pid=1884411)[0m malloc_consolidate(): invalid chunk size
DEBUG flwr 2023-08-19 20:23:54,574 | server.py:229 | fit_round 2 received 8 results and 0 failures
INFO flwr 2023-08-19 20:23:54,728 | fed_df.py:463 | Performing server side distillation training...
[2m[36m(launch_and_fit pid=1884405)[0m Fitting Client 0
[2m[36m(launch_and_fit pid=1884411)[0m Fitting Client 3
[2m[36m(launch_and_fit pid=1884410)[0m Fitting Client 7
[2m[36m(launch_and_fit pid=1884408)[0m Fitting Client 16
[2m[36m(launch_and_fit pid=1884407)[0m Fitting Client 5
[2m[36m(launch_and_fit pid=1884403)[0m Fitting Client 13
[2m[36m(launch_and_fit pid=1884402)[0m Fitting Client 15
[2m[36m(launch_and_fit pid=1884409)[0m Fitting Client 2
[2m[36m(launch_and_fit pid=1884407)[0m malloc_consolidate(): invalid chunk size
E0819 20:23:55.211156850 1933984 chttp2_transport.cc:1079]             ipv4:145.136.62.56:49006: Received a GOAWAY with error code ENHANCE_YOUR_CALM and debug data equal to "too_many_pings". Current keepalive time (before throttling): 120000ms
[2m[36m(launch_and_fit pid=1884410)[0m malloc_consolidate(): invalid chunk size
[2m[36m(launch_and_fit pid=1884405)[0m malloc_consolidate(): invalid chunk size
[2m[36m(launch_and_fit pid=1884409)[0m malloc_consolidate(): invalid chunk size
[2m[36m(launch_and_fit pid=1884403)[0m malloc_consolidate(): invalid chunk size
[2m[36m(launch_and_fit pid=1884402)[0m double free or corruption (fasttop)
[2m[36m(launch_and_fit pid=1884408)[0m double free or corruption (fasttop)
INFO flwr 2023-08-19 20:24:40,946 | fed_df.py:540 | Distillation training stopped at step number : 250
INFO flwr 2023-08-19 20:24:40,946 | fed_df.py:547 | Average fusion training loss : 0.0432215636074543, val accuracy : 0.36556, best val accuracy : 0.381
INFO flwr 2023-08-19 20:24:40,947 | common.py:35 | Avg. local train loss : 7.968852344155312, train acc : 0.46669444444444436
INFO flwr 2023-08-19 20:24:43,500 | server.py:116 | fit progress: (2, 1.6940081451416016, {'server_test_acc': 0.3776}, 178.62460085982457)
INFO flwr 2023-08-19 20:24:43,500 | server.py:163 | evaluate_round 2: no clients selected, cancel
DEBUG flwr 2023-08-19 20:24:48,184 | server.py:215 | fit_round 3: strategy sampled 8 clients (out of 20)
[2m[36m(launch_and_fit pid=2017514)[0m malloc_consolidate(): invalid chunk size
[2m[36m(launch_and_fit pid=2017509)[0m double free or corruption (fasttop)
[2m[36m(launch_and_fit pid=2017512)[0m malloc_consolidate(): invalid chunk size
DEBUG flwr 2023-08-19 20:25:22,300 | server.py:229 | fit_round 3 received 8 results and 0 failures
INFO flwr 2023-08-19 20:25:22,452 | fed_df.py:463 | Performing server side distillation training...
[2m[36m(launch_and_fit pid=2017509)[0m Fitting Client 19
[2m[36m(launch_and_fit pid=2017514)[0m Fitting Client 4
[2m[36m(launch_and_fit pid=2017512)[0m Fitting Client 13
[2m[36m(launch_and_fit pid=2017516)[0m Fitting Client 6
[2m[36m(launch_and_fit pid=2017513)[0m Fitting Client 18
[2m[36m(launch_and_fit pid=2017515)[0m Fitting Client 10
[2m[36m(launch_and_fit pid=2017510)[0m Fitting Client 8
[2m[36m(launch_and_fit pid=2017511)[0m Fitting Client 2
[2m[36m(launch_and_fit pid=2017515)[0m malloc_consolidate(): invalid chunk size
[2m[36m(launch_and_fit pid=2017513)[0m double free or corruption (fasttop)
[2m[36m(launch_and_fit pid=2017510)[0m malloc_consolidate(): invalid chunk size
[2m[36m(launch_and_fit pid=2017511)[0m malloc_consolidate(): invalid chunk size
[2m[36m(launch_and_fit pid=2017516)[0m malloc_consolidate(): invalid chunk size
E0819 20:25:24.731354610 2067959 chttp2_transport.cc:1079]             ipv4:145.136.62.56:49006: Received a GOAWAY with error code ENHANCE_YOUR_CALM and debug data equal to "too_many_pings". Current keepalive time (before throttling): 240000ms
INFO flwr 2023-08-19 20:26:09,187 | fed_df.py:540 | Distillation training stopped at step number : 250
INFO flwr 2023-08-19 20:26:09,188 | fed_df.py:547 | Average fusion training loss : 0.05004503047466278, val accuracy : 0.39044, best val accuracy : 0.408
INFO flwr 2023-08-19 20:26:09,189 | common.py:35 | Avg. local train loss : 6.489376778155567, train acc : 0.6197777777777779
INFO flwr 2023-08-19 20:26:11,857 | server.py:116 | fit progress: (3, 1.7259128845214844, {'server_test_acc': 0.4055}, 266.9819906768389)
INFO flwr 2023-08-19 20:26:11,858 | server.py:163 | evaluate_round 3: no clients selected, cancel
DEBUG flwr 2023-08-19 20:26:16,477 | server.py:215 | fit_round 4: strategy sampled 8 clients (out of 20)
[2m[36m(launch_and_fit pid=2150132)[0m malloc_consolidate(): invalid chunk size
DEBUG flwr 2023-08-19 20:26:51,033 | server.py:229 | fit_round 4 received 8 results and 0 failures
[2m[36m(launch_and_fit pid=2150137)[0m double free or corruption (fasttop)
INFO flwr 2023-08-19 20:26:51,189 | fed_df.py:463 | Performing server side distillation training...
[2m[36m(launch_and_fit pid=2150132)[0m Fitting Client 11
[2m[36m(launch_and_fit pid=2150128)[0m Fitting Client 12
[2m[36m(launch_and_fit pid=2150141)[0m Fitting Client 19
[2m[36m(launch_and_fit pid=2150137)[0m Fitting Client 17
[2m[36m(launch_and_fit pid=2150140)[0m Fitting Client 0
[2m[36m(launch_and_fit pid=2150138)[0m Fitting Client 18
[2m[36m(launch_and_fit pid=2150139)[0m Fitting Client 1
[2m[36m(launch_and_fit pid=2150131)[0m Fitting Client 8
[2m[36m(launch_and_fit pid=2150128)[0m malloc_consolidate(): invalid chunk size
[2m[36m(launch_and_fit pid=2150139)[0m malloc_consolidate(): invalid chunk size
E0819 20:26:51.950450290 2198782 chttp2_transport.cc:1079]             ipv4:145.136.62.56:49006: Received a GOAWAY with error code ENHANCE_YOUR_CALM and debug data equal to "too_many_pings". Current keepalive time (before throttling): 480000ms
[2m[36m(launch_and_fit pid=2150138)[0m malloc_consolidate(): invalid chunk size
[2m[36m(launch_and_fit pid=2150141)[0m double free or corruption (fasttop)
[2m[36m(launch_and_fit pid=2150131)[0m double free or corruption (fasttop)
[2m[36m(launch_and_fit pid=2150140)[0m malloc_consolidate(): invalid chunk size
INFO flwr 2023-08-19 20:27:38,040 | fed_df.py:540 | Distillation training stopped at step number : 250
INFO flwr 2023-08-19 20:27:38,041 | fed_df.py:547 | Average fusion training loss : 0.055599250838160516, val accuracy : 0.38404000000000005, best val accuracy : 0.3924
INFO flwr 2023-08-19 20:27:38,042 | common.py:35 | Avg. local train loss : 6.0896182708442215, train acc : 0.661561111111111
INFO flwr 2023-08-19 20:27:40,699 | server.py:116 | fit progress: (4, 1.804996258544922, {'server_test_acc': 0.3932}, 355.8236924489029)
INFO flwr 2023-08-19 20:27:40,699 | server.py:163 | evaluate_round 4: no clients selected, cancel
DEBUG flwr 2023-08-19 20:27:45,323 | server.py:215 | fit_round 5: strategy sampled 8 clients (out of 20)
[2m[36m(launch_and_fit pid=2283324)[0m malloc_consolidate(): invalid chunk size
DEBUG flwr 2023-08-19 20:28:20,531 | server.py:229 | fit_round 5 received 8 results and 0 failures
[2m[36m(launch_and_fit pid=2283327)[0m malloc_consolidate(): invalid chunk size
INFO flwr 2023-08-19 20:28:20,645 | fed_df.py:365 | Warm start at round 5
[2m[36m(launch_and_fit pid=2283321)[0m double free or corruption (fasttop)
INFO flwr 2023-08-19 20:28:20,743 | fed_df.py:463 | Performing server side distillation training...
[2m[36m(launch_and_fit pid=2283321)[0m Fitting Client 9
[2m[36m(launch_and_fit pid=2283324)[0m Fitting Client 11
[2m[36m(launch_and_fit pid=2283329)[0m Fitting Client 16
[2m[36m(launch_and_fit pid=2283326)[0m Fitting Client 17
[2m[36m(launch_and_fit pid=2283327)[0m Fitting Client 2
[2m[36m(launch_and_fit pid=2283330)[0m Fitting Client 19
[2m[36m(launch_and_fit pid=2283331)[0m Fitting Client 18
[2m[36m(launch_and_fit pid=2283328)[0m Fitting Client 3
E0819 20:28:21.122226247 2330861 chttp2_transport.cc:1079]             ipv4:145.136.62.56:49006: Received a GOAWAY with error code ENHANCE_YOUR_CALM and debug data equal to "too_many_pings". Current keepalive time (before throttling): 960000ms
[2m[36m(launch_and_fit pid=2283331)[0m malloc_consolidate(): invalid chunk size
[2m[36m(launch_and_fit pid=2283326)[0m double free or corruption (fasttop)
[2m[36m(launch_and_fit pid=2283328)[0m double free or corruption (fasttop)
[2m[36m(launch_and_fit pid=2283330)[0m malloc_consolidate(): invalid chunk size
[2m[36m(launch_and_fit pid=2283329)[0m double free or corruption (fasttop)
INFO flwr 2023-08-19 20:29:07,670 | fed_df.py:540 | Distillation training stopped at step number : 250
INFO flwr 2023-08-19 20:29:07,670 | fed_df.py:547 | Average fusion training loss : 0.048680595561861995, val accuracy : 0.43828000000000006, best val accuracy : 0.4534
INFO flwr 2023-08-19 20:29:07,671 | common.py:35 | Avg. local train loss : 6.202509062737226, train acc : 0.650888888888889
INFO flwr 2023-08-19 20:29:10,322 | server.py:116 | fit progress: (5, 1.5558296936035156, {'server_test_acc': 0.4462}, 445.4469496659003)
INFO flwr 2023-08-19 20:29:10,323 | server.py:163 | evaluate_round 5: no clients selected, cancel
DEBUG flwr 2023-08-19 20:29:15,039 | server.py:215 | fit_round 6: strategy sampled 8 clients (out of 20)
[2m[36m(launch_and_fit pid=2416025)[0m malloc_consolidate(): invalid chunk size
[2m[36m(launch_and_fit pid=2415930)[0m malloc_consolidate(): invalid chunk size
[2m[36m(launch_and_fit pid=2416006)[0m malloc_consolidate(): invalid chunk size
DEBUG flwr 2023-08-19 20:29:49,389 | server.py:229 | fit_round 6 received 8 results and 0 failures
INFO flwr 2023-08-19 20:29:49,543 | fed_df.py:463 | Performing server side distillation training...
[2m[36m(launch_and_fit pid=2415932)[0m Fitting Client 18
[2m[36m(launch_and_fit pid=2416006)[0m Fitting Client 8
[2m[36m(launch_and_fit pid=2416025)[0m Fitting Client 4
[2m[36m(launch_and_fit pid=2415930)[0m Fitting Client 12
[2m[36m(launch_and_fit pid=2416024)[0m Fitting Client 15
[2m[36m(launch_and_fit pid=2416023)[0m Fitting Client 17
[2m[36m(launch_and_fit pid=2415934)[0m Fitting Client 10
[2m[36m(launch_and_fit pid=2416026)[0m Fitting Client 7
[2m[36m(launch_and_fit pid=2415932)[0m malloc_consolidate(): invalid chunk size
[2m[36m(launch_and_fit pid=2416024)[0m malloc_consolidate(): invalid chunk size
[2m[36m(launch_and_fit pid=2416023)[0m double free or corruption (fasttop)
[2m[36m(launch_and_fit pid=2416026)[0m malloc_consolidate(): invalid chunk size
E0819 20:29:50.866566169 2464310 chttp2_transport.cc:1079]             ipv4:145.136.62.56:49006: Received a GOAWAY with error code ENHANCE_YOUR_CALM and debug data equal to "too_many_pings". Current keepalive time (before throttling): 1920000ms
[2m[36m(launch_and_fit pid=2415934)[0m double free or corruption (fasttop)
INFO flwr 2023-08-19 20:30:36,791 | fed_df.py:540 | Distillation training stopped at step number : 250
INFO flwr 2023-08-19 20:30:36,791 | fed_df.py:547 | Average fusion training loss : 0.036830497466027734, val accuracy : 0.50056, best val accuracy : 0.5088
INFO flwr 2023-08-19 20:30:36,793 | common.py:35 | Avg. local train loss : 6.010881161689758, train acc : 0.66915
INFO flwr 2023-08-19 20:30:39,437 | server.py:116 | fit progress: (6, 1.445834814453125, {'server_test_acc': 0.4992}, 534.5612362627871)
INFO flwr 2023-08-19 20:30:39,437 | server.py:163 | evaluate_round 6: no clients selected, cancel
DEBUG flwr 2023-08-19 20:30:44,142 | server.py:215 | fit_round 7: strategy sampled 8 clients (out of 20)
DEBUG flwr 2023-08-19 20:31:18,478 | server.py:229 | fit_round 7 received 8 results and 0 failures
INFO flwr 2023-08-19 20:31:18,633 | fed_df.py:463 | Performing server side distillation training...
[2m[36m(launch_and_fit pid=2548824)[0m Fitting Client 0
[2m[36m(launch_and_fit pid=2548857)[0m Fitting Client 8
[2m[36m(launch_and_fit pid=2548822)[0m Fitting Client 3
[2m[36m(launch_and_fit pid=2548896)[0m Fitting Client 2
[2m[36m(launch_and_fit pid=2548894)[0m Fitting Client 15
[2m[36m(launch_and_fit pid=2548823)[0m Fitting Client 12
[2m[36m(launch_and_fit pid=2548964)[0m Fitting Client 4
[2m[36m(launch_and_fit pid=2548893)[0m Fitting Client 19
[2m[36m(launch_and_fit pid=2548857)[0m double free or corruption (fasttop)
[2m[36m(launch_and_fit pid=2548824)[0m double free or corruption (fasttop)
[2m[36m(launch_and_fit pid=2548822)[0m malloc_consolidate(): invalid chunk size
[2m[36m(launch_and_fit pid=2548823)[0m malloc_consolidate(): invalid chunk size
[2m[36m(launch_and_fit pid=2548893)[0m malloc_consolidate(): invalid chunk size
[2m[36m(launch_and_fit pid=2548896)[0m malloc_consolidate(): invalid chunk size
[2m[36m(launch_and_fit pid=2548894)[0m malloc_consolidate(): invalid chunk size
[2m[36m(launch_and_fit pid=2548964)[0m double free or corruption (fasttop)
E0819 20:31:22.223177625 2464805 chttp2_transport.cc:1079]             ipv4:145.136.62.56:49006: Received a GOAWAY with error code ENHANCE_YOUR_CALM and debug data equal to "too_many_pings". Current keepalive time (before throttling): 3840000ms
INFO flwr 2023-08-19 20:32:06,656 | fed_df.py:540 | Distillation training stopped at step number : 250
INFO flwr 2023-08-19 20:32:06,656 | fed_df.py:547 | Average fusion training loss : 0.0317111911252141, val accuracy : 0.53792, best val accuracy : 0.542
INFO flwr 2023-08-19 20:32:06,658 | common.py:35 | Avg. local train loss : 6.000406149774789, train acc : 0.6753777777777777
INFO flwr 2023-08-19 20:32:09,313 | server.py:116 | fit progress: (7, 1.369827685546875, {'server_test_acc': 0.5401}, 624.4371785521507)
INFO flwr 2023-08-19 20:32:09,313 | server.py:163 | evaluate_round 7: no clients selected, cancel
DEBUG flwr 2023-08-19 20:32:14,022 | server.py:215 | fit_round 8: strategy sampled 8 clients (out of 20)
[2m[36m(launch_and_fit pid=2681692)[0m double free or corruption (fasttop)
DEBUG flwr 2023-08-19 20:32:48,385 | server.py:229 | fit_round 8 received 8 results and 0 failures
[2m[36m(launch_and_fit pid=2681687)[0m malloc_consolidate(): invalid chunk size
INFO flwr 2023-08-19 20:32:48,532 | fed_df.py:463 | Performing server side distillation training...
[2m[36m(launch_and_fit pid=2681687)[0m Fitting Client 14
[2m[36m(launch_and_fit pid=2681692)[0m Fitting Client 15
[2m[36m(launch_and_fit pid=2681691)[0m Fitting Client 7
[2m[36m(launch_and_fit pid=2681696)[0m Fitting Client 19
[2m[36m(launch_and_fit pid=2681698)[0m Fitting Client 13
[2m[36m(launch_and_fit pid=2681699)[0m Fitting Client 4
[2m[36m(launch_and_fit pid=2681690)[0m Fitting Client 5
[2m[36m(launch_and_fit pid=2681697)[0m Fitting Client 9
[2m[36m(launch_and_fit pid=2681697)[0m malloc_consolidate(): invalid chunk size
E0819 20:32:49.386223369 2730163 chttp2_transport.cc:1079]             ipv4:145.136.62.56:49006: Received a GOAWAY with error code ENHANCE_YOUR_CALM and debug data equal to "too_many_pings". Current keepalive time (before throttling): 7680000ms
[2m[36m(launch_and_fit pid=2681691)[0m double free or corruption (fasttop)
[2m[36m(launch_and_fit pid=2681699)[0m malloc_consolidate(): invalid chunk size
[2m[36m(launch_and_fit pid=2681690)[0m double free or corruption (fasttop)
[2m[36m(launch_and_fit pid=2681698)[0m malloc_consolidate(): invalid chunk size
[2m[36m(launch_and_fit pid=2681696)[0m malloc_consolidate(): invalid chunk size
INFO flwr 2023-08-19 20:33:33,648 | fed_df.py:540 | Distillation training stopped at step number : 250
INFO flwr 2023-08-19 20:33:33,649 | fed_df.py:547 | Average fusion training loss : 0.023453073926270007, val accuracy : 0.5283599999999999, best val accuracy : 0.5458
INFO flwr 2023-08-19 20:33:33,650 | common.py:35 | Avg. local train loss : 5.902880232781172, train acc : 0.679038888888889
INFO flwr 2023-08-19 20:33:36,292 | server.py:116 | fit progress: (8, 1.39643330078125, {'server_test_acc': 0.5341}, 711.4164310600609)
INFO flwr 2023-08-19 20:33:36,292 | server.py:163 | evaluate_round 8: no clients selected, cancel
DEBUG flwr 2023-08-19 20:33:41,025 | server.py:215 | fit_round 9: strategy sampled 8 clients (out of 20)
DEBUG flwr 2023-08-19 20:34:14,486 | server.py:229 | fit_round 9 received 8 results and 0 failures
INFO flwr 2023-08-19 20:34:14,631 | fed_df.py:463 | Performing server side distillation training...
[2m[36m(launch_and_fit pid=2813408)[0m Fitting Client 5
[2m[36m(launch_and_fit pid=2813431)[0m Fitting Client 19
[2m[36m(launch_and_fit pid=2813409)[0m Fitting Client 4
[2m[36m(launch_and_fit pid=2813407)[0m Fitting Client 18
[2m[36m(launch_and_fit pid=2813432)[0m Fitting Client 16
[2m[36m(launch_and_fit pid=2813410)[0m Fitting Client 13
[2m[36m(launch_and_fit pid=2813405)[0m Fitting Client 2
[2m[36m(launch_and_fit pid=2813404)[0m Fitting Client 3
[2m[36m(launch_and_fit pid=2813408)[0m malloc_consolidate(): invalid chunk size
[2m[36m(launch_and_fit pid=2813431)[0m malloc_consolidate(): invalid chunk size
[2m[36m(launch_and_fit pid=2813409)[0m malloc_consolidate(): invalid chunk size
[2m[36m(launch_and_fit pid=2813404)[0m malloc_consolidate(): invalid chunk size
[2m[36m(launch_and_fit pid=2813407)[0m double free or corruption (fasttop)
[2m[36m(launch_and_fit pid=2813410)[0m malloc_consolidate(): invalid chunk size
E0819 20:34:16.607444223 2730520 chttp2_transport.cc:1079]             ipv4:145.136.62.56:49006: Received a GOAWAY with error code ENHANCE_YOUR_CALM and debug data equal to "too_many_pings". Current keepalive time (before throttling): 15360000ms
[2m[36m(launch_and_fit pid=2813405)[0m malloc_consolidate(): invalid chunk size
[2m[36m(launch_and_fit pid=2813432)[0m malloc_consolidate(): invalid chunk size
INFO flwr 2023-08-19 20:35:02,341 | fed_df.py:540 | Distillation training stopped at step number : 250
INFO flwr 2023-08-19 20:35:02,342 | fed_df.py:547 | Average fusion training loss : 0.02458089005202055, val accuracy : 0.5269999999999999, best val accuracy : 0.5412
INFO flwr 2023-08-19 20:35:02,343 | common.py:35 | Avg. local train loss : 5.7178961001336575, train acc : 0.7038166666666666
INFO flwr 2023-08-19 20:35:05,040 | server.py:116 | fit progress: (9, 1.3934789611816407, {'server_test_acc': 0.5374}, 800.1648831651546)
INFO flwr 2023-08-19 20:35:05,040 | server.py:163 | evaluate_round 9: no clients selected, cancel
DEBUG flwr 2023-08-19 20:35:09,746 | server.py:215 | fit_round 10: strategy sampled 8 clients (out of 20)
DEBUG flwr 2023-08-19 20:35:42,739 | server.py:229 | fit_round 10 received 8 results and 0 failures
INFO flwr 2023-08-19 20:35:42,854 | fed_df.py:365 | Warm start at round 10
INFO flwr 2023-08-19 20:35:42,943 | fed_df.py:463 | Performing server side distillation training...
[2m[36m(launch_and_fit pid=2964817)[0m Fitting Client 1
[2m[36m(launch_and_fit pid=2964816)[0m Fitting Client 13
[2m[36m(launch_and_fit pid=2964815)[0m Fitting Client 10
[2m[36m(launch_and_fit pid=2964866)[0m Fitting Client 7
[2m[36m(launch_and_fit pid=2964869)[0m Fitting Client 9
[2m[36m(launch_and_fit pid=2964867)[0m Fitting Client 5
[2m[36m(launch_and_fit pid=2964868)[0m Fitting Client 0
[2m[36m(launch_and_fit pid=2964865)[0m Fitting Client 19
[2m[36m(launch_and_fit pid=2964867)[0m malloc_consolidate(): invalid chunk size
[2m[36m(launch_and_fit pid=2964868)[0m malloc_consolidate(): invalid chunk size
[2m[36m(launch_and_fit pid=2964817)[0m double free or corruption (fasttop)
[2m[36m(launch_and_fit pid=2964815)[0m corrupted size vs. prev_size in fastbins
[2m[36m(launch_and_fit pid=2964869)[0m malloc_consolidate(): invalid chunk size
[2m[36m(launch_and_fit pid=2964865)[0m double free or corruption (fasttop)
E0819 20:35:44.926705576 2862035 chttp2_transport.cc:1079]             ipv4:145.136.62.56:49006: Received a GOAWAY with error code ENHANCE_YOUR_CALM and debug data equal to "too_many_pings". Current keepalive time (before throttling): 30720000ms
[2m[36m(launch_and_fit pid=2964866)[0m malloc_consolidate(): invalid chunk size
[2m[36m(launch_and_fit pid=2964816)[0m malloc_consolidate(): invalid chunk size
INFO flwr 2023-08-19 20:36:30,316 | fed_df.py:540 | Distillation training stopped at step number : 250
INFO flwr 2023-08-19 20:36:30,316 | fed_df.py:547 | Average fusion training loss : 0.02257140337303281, val accuracy : 0.5676399999999999, best val accuracy : 0.5832
INFO flwr 2023-08-19 20:36:30,317 | common.py:35 | Avg. local train loss : 5.8300435088574885, train acc : 0.6893277777777778
INFO flwr 2023-08-19 20:36:33,013 | server.py:116 | fit progress: (10, 1.2998815460205078, {'server_test_acc': 0.5767}, 888.1377750448883)
INFO flwr 2023-08-19 20:36:33,013 | server.py:163 | evaluate_round 10: no clients selected, cancel
DEBUG flwr 2023-08-19 20:36:37,758 | server.py:215 | fit_round 11: strategy sampled 8 clients (out of 20)
[2m[36m(launch_and_fit pid=3101737)[0m double free or corruption (fasttop)
DEBUG flwr 2023-08-19 20:37:09,910 | server.py:229 | fit_round 11 received 8 results and 0 failures
INFO flwr 2023-08-19 20:37:10,058 | fed_df.py:463 | Performing server side distillation training...
[2m[36m(launch_and_fit pid=3101815)[0m Fitting Client 11
[2m[36m(launch_and_fit pid=3101737)[0m Fitting Client 13
[2m[36m(launch_and_fit pid=3101843)[0m Fitting Client 0
[2m[36m(launch_and_fit pid=3101817)[0m Fitting Client 3
[2m[36m(launch_and_fit pid=3101839)[0m Fitting Client 6
[2m[36m(launch_and_fit pid=3101842)[0m Fitting Client 14
[2m[36m(launch_and_fit pid=3101840)[0m Fitting Client 16
[2m[36m(launch_and_fit pid=3101841)[0m Fitting Client 5
[2m[36m(launch_and_fit pid=3101817)[0m double free or corruption (fasttop)
[2m[36m(launch_and_fit pid=3101842)[0m double free or corruption (fasttop)
[2m[36m(launch_and_fit pid=3101815)[0m malloc_consolidate(): invalid chunk size
[2m[36m(launch_and_fit pid=3101843)[0m double free or corruption (fasttop)
[2m[36m(launch_and_fit pid=3101840)[0m malloc_consolidate(): invalid chunk size
E0819 20:37:11.029575343 3020920 chttp2_transport.cc:1079]             ipv4:145.136.62.56:49006: Received a GOAWAY with error code ENHANCE_YOUR_CALM and debug data equal to "too_many_pings". Current keepalive time (before throttling): 61440000ms
[2m[36m(launch_and_fit pid=3101841)[0m malloc_consolidate(): invalid chunk size
[2m[36m(launch_and_fit pid=3101839)[0m double free or corruption (fasttop)
INFO flwr 2023-08-19 20:37:58,191 | fed_df.py:540 | Distillation training stopped at step number : 250
INFO flwr 2023-08-19 20:37:58,191 | fed_df.py:547 | Average fusion training loss : 0.022749159041792155, val accuracy : 0.5871999999999999, best val accuracy : 0.598
INFO flwr 2023-08-19 20:37:58,192 | common.py:35 | Avg. local train loss : 5.987526843696832, train acc : 0.6770555555555555
INFO flwr 2023-08-19 20:38:00,860 | server.py:116 | fit progress: (11, 1.2771027221679687, {'server_test_acc': 0.5893}, 975.9847197989002)
INFO flwr 2023-08-19 20:38:00,860 | server.py:163 | evaluate_round 11: no clients selected, cancel
DEBUG flwr 2023-08-19 20:38:05,706 | server.py:215 | fit_round 12: strategy sampled 8 clients (out of 20)
[2m[36m(launch_and_fit pid=3234177)[0m malloc_consolidate(): invalid chunk size
DEBUG flwr 2023-08-19 20:38:37,819 | server.py:229 | fit_round 12 received 8 results and 0 failures
INFO flwr 2023-08-19 20:38:37,965 | fed_df.py:463 | Performing server side distillation training...
[2m[36m(launch_and_fit pid=3234178)[0m Fitting Client 14
[2m[36m(launch_and_fit pid=3234180)[0m Fitting Client 0
[2m[36m(launch_and_fit pid=3234177)[0m Fitting Client 17
[2m[36m(launch_and_fit pid=3234183)[0m Fitting Client 8
[2m[36m(launch_and_fit pid=3234251)[0m Fitting Client 5
[2m[36m(launch_and_fit pid=3234252)[0m Fitting Client 1
[2m[36m(launch_and_fit pid=3234181)[0m Fitting Client 3
[2m[36m(launch_and_fit pid=3234253)[0m Fitting Client 18
[2m[36m(launch_and_fit pid=3234252)[0m malloc_consolidate(): invalid chunk size
[2m[36m(launch_and_fit pid=3234178)[0m double free or corruption (fasttop)
[2m[36m(launch_and_fit pid=3234253)[0m malloc_consolidate(): invalid chunk size
[2m[36m(launch_and_fit pid=3234183)[0m malloc_consolidate(): invalid chunk size
[2m[36m(launch_and_fit pid=3234181)[0m malloc_consolidate(): invalid chunk size
[2m[36m(launch_and_fit pid=3234180)[0m double free or corruption (fasttop)
[2m[36m(launch_and_fit pid=3234251)[0m malloc_consolidate(): invalid chunk size
E0819 20:38:39.394797440 3141830 chttp2_transport.cc:1079]             ipv4:145.136.62.56:49006: Received a GOAWAY with error code ENHANCE_YOUR_CALM and debug data equal to "too_many_pings". Current keepalive time (before throttling): 122880000ms
INFO flwr 2023-08-19 20:39:25,616 | fed_df.py:540 | Distillation training stopped at step number : 250
INFO flwr 2023-08-19 20:39:25,616 | fed_df.py:547 | Average fusion training loss : 0.021164836913347244, val accuracy : 0.57636, best val accuracy : 0.5848
INFO flwr 2023-08-19 20:39:25,617 | common.py:35 | Avg. local train loss : 5.446305783838033, train acc : 0.7283388888888888
INFO flwr 2023-08-19 20:39:28,287 | server.py:116 | fit progress: (12, 1.305204232788086, {'server_test_acc': 0.5795}, 1063.4116224567406)
INFO flwr 2023-08-19 20:39:28,287 | server.py:163 | evaluate_round 12: no clients selected, cancel
DEBUG flwr 2023-08-19 20:39:33,078 | server.py:215 | fit_round 13: strategy sampled 8 clients (out of 20)
[2m[36m(launch_and_fit pid=3365478)[0m double free or corruption (fasttop)
DEBUG flwr 2023-08-19 20:40:04,871 | server.py:229 | fit_round 13 received 8 results and 0 failures
INFO flwr 2023-08-19 20:40:05,017 | fed_df.py:463 | Performing server side distillation training...
[2m[36m(launch_and_fit pid=3365478)[0m Fitting Client 19
[2m[36m(launch_and_fit pid=3365604)[0m Fitting Client 14
[2m[36m(launch_and_fit pid=3365549)[0m Fitting Client 11
[2m[36m(launch_and_fit pid=3365548)[0m Fitting Client 18
[2m[36m(launch_and_fit pid=3365621)[0m Fitting Client 5
[2m[36m(launch_and_fit pid=3365551)[0m Fitting Client 3
[2m[36m(launch_and_fit pid=3365552)[0m Fitting Client 7
[2m[36m(launch_and_fit pid=3365550)[0m Fitting Client 0
[2m[36m(launch_and_fit pid=3365550)[0m malloc_consolidate(): invalid chunk size
[2m[36m(launch_and_fit pid=3365551)[0m malloc_consolidate(): invalid chunk size
[2m[36m(launch_and_fit pid=3365552)[0m malloc_consolidate(): invalid chunk size
[2m[36m(launch_and_fit pid=3365549)[0m double free or corruption (fasttop)
[2m[36m(launch_and_fit pid=3365604)[0m malloc_consolidate(): invalid chunk size
[2m[36m(launch_and_fit pid=3365621)[0m double free or corruption (fasttop)
E0819 20:40:07.033589199 3274674 chttp2_transport.cc:1079]             ipv4:145.136.62.56:49006: Received a GOAWAY with error code ENHANCE_YOUR_CALM and debug data equal to "too_many_pings". Current keepalive time (before throttling): 245760000ms
[2m[36m(launch_and_fit pid=3365548)[0m malloc_consolidate(): invalid chunk size
INFO flwr 2023-08-19 20:40:52,657 | fed_df.py:540 | Distillation training stopped at step number : 250
INFO flwr 2023-08-19 20:40:52,658 | fed_df.py:547 | Average fusion training loss : 0.026031457141041756, val accuracy : 0.5766, best val accuracy : 0.5948
INFO flwr 2023-08-19 20:40:52,659 | common.py:35 | Avg. local train loss : 5.26421978995204, train acc : 0.7479777777777779
INFO flwr 2023-08-19 20:40:55,327 | server.py:116 | fit progress: (13, 1.2853196075439453, {'server_test_acc': 0.5935}, 1150.4518698700704)
INFO flwr 2023-08-19 20:40:55,327 | server.py:163 | evaluate_round 13: no clients selected, cancel
DEBUG flwr 2023-08-19 20:41:00,077 | server.py:215 | fit_round 14: strategy sampled 8 clients (out of 20)
DEBUG flwr 2023-08-19 20:41:31,822 | server.py:229 | fit_round 14 received 8 results and 0 failures
INFO flwr 2023-08-19 20:41:31,970 | fed_df.py:463 | Performing server side distillation training...
[2m[36m(launch_and_fit pid=3497107)[0m Fitting Client 9
[2m[36m(launch_and_fit pid=3497102)[0m Fitting Client 8
[2m[36m(launch_and_fit pid=3497104)[0m Fitting Client 16
[2m[36m(launch_and_fit pid=3497175)[0m Fitting Client 10
[2m[36m(launch_and_fit pid=3497245)[0m Fitting Client 14
[2m[36m(launch_and_fit pid=3497244)[0m Fitting Client 4
[2m[36m(launch_and_fit pid=3497176)[0m Fitting Client 3
[2m[36m(launch_and_fit pid=3497246)[0m Fitting Client 18
[2m[36m(launch_and_fit pid=3497246)[0m malloc_consolidate(): invalid chunk size
[2m[36m(launch_and_fit pid=3497107)[0m double free or corruption (fasttop)
[2m[36m(launch_and_fit pid=3497244)[0m malloc_consolidate(): invalid chunk size
[2m[36m(launch_and_fit pid=3497245)[0m malloc_consolidate(): invalid chunk size
[2m[36m(launch_and_fit pid=3497175)[0m malloc_consolidate(): invalid chunk size
E0819 20:41:34.060682194 3537274 chttp2_transport.cc:1079]             ipv4:145.136.62.56:49006: Received a GOAWAY with error code ENHANCE_YOUR_CALM and debug data equal to "too_many_pings". Current keepalive time (before throttling): 491520000ms
[2m[36m(launch_and_fit pid=3497104)[0m malloc_consolidate(): invalid chunk size
[2m[36m(launch_and_fit pid=3497102)[0m malloc_consolidate(): invalid chunk size
[2m[36m(launch_and_fit pid=3497176)[0m double free or corruption (fasttop)
INFO flwr 2023-08-19 20:42:20,297 | fed_df.py:540 | Distillation training stopped at step number : 250
INFO flwr 2023-08-19 20:42:20,298 | fed_df.py:547 | Average fusion training loss : 0.024293030247092246, val accuracy : 0.6160399999999999, best val accuracy : 0.634
INFO flwr 2023-08-19 20:42:20,299 | common.py:35 | Avg. local train loss : 5.451172574609518, train acc : 0.7322833333333332
INFO flwr 2023-08-19 20:42:22,952 | server.py:116 | fit progress: (14, 1.1714098754882813, {'server_test_acc': 0.6281}, 1238.076466980856)
INFO flwr 2023-08-19 20:42:22,952 | server.py:163 | evaluate_round 14: no clients selected, cancel
DEBUG flwr 2023-08-19 20:42:27,719 | server.py:215 | fit_round 15: strategy sampled 8 clients (out of 20)
[2m[36m(launch_and_fit pid=3629890)[0m malloc_consolidate(): invalid chunk size
DEBUG flwr 2023-08-19 20:42:59,411 | server.py:229 | fit_round 15 received 8 results and 0 failures
INFO flwr 2023-08-19 20:42:59,525 | fed_df.py:365 | Warm start at round 15
INFO flwr 2023-08-19 20:42:59,622 | fed_df.py:463 | Performing server side distillation training...
[2m[36m(launch_and_fit pid=3629890)[0m Fitting Client 8
[2m[36m(launch_and_fit pid=3629969)[0m Fitting Client 12
[2m[36m(launch_and_fit pid=3629967)[0m Fitting Client 7
[2m[36m(launch_and_fit pid=3629968)[0m Fitting Client 15
[2m[36m(launch_and_fit pid=3630040)[0m Fitting Client 1
[2m[36m(launch_and_fit pid=3630039)[0m Fitting Client 18
[2m[36m(launch_and_fit pid=3630037)[0m Fitting Client 14
[2m[36m(launch_and_fit pid=3630038)[0m Fitting Client 5
[2m[36m(launch_and_fit pid=3629967)[0m malloc_consolidate(): invalid chunk size
[2m[36m(launch_and_fit pid=3629968)[0m malloc_consolidate(): invalid chunk size
[2m[36m(launch_and_fit pid=3630038)[0m malloc_consolidate(): invalid chunk size
[2m[36m(launch_and_fit pid=3630040)[0m double free or corruption (fasttop)
[2m[36m(launch_and_fit pid=3630039)[0m double free or corruption (fasttop)
[2m[36m(launch_and_fit pid=3629969)[0m malloc_consolidate(): invalid chunk size
[2m[36m(launch_and_fit pid=3630037)[0m malloc_consolidate(): invalid chunk size
E0819 20:43:01.861942837 3537673 chttp2_transport.cc:1079]             ipv4:145.136.62.56:49006: Received a GOAWAY with error code ENHANCE_YOUR_CALM and debug data equal to "too_many_pings". Current keepalive time (before throttling): 983040000ms
INFO flwr 2023-08-19 20:43:47,682 | fed_df.py:540 | Distillation training stopped at step number : 250
INFO flwr 2023-08-19 20:43:47,682 | fed_df.py:547 | Average fusion training loss : 0.03068159694224596, val accuracy : 0.5930399999999999, best val accuracy : 0.6
INFO flwr 2023-08-19 20:43:47,683 | common.py:35 | Avg. local train loss : 5.313449128717184, train acc : 0.744238888888889
INFO flwr 2023-08-19 20:43:50,359 | server.py:116 | fit progress: (15, 1.2684327453613282, {'server_test_acc': 0.5954}, 1325.4832581579685)
INFO flwr 2023-08-19 20:43:50,359 | server.py:163 | evaluate_round 15: no clients selected, cancel
DEBUG flwr 2023-08-19 20:43:55,092 | server.py:215 | fit_round 16: strategy sampled 8 clients (out of 20)
DEBUG flwr 2023-08-19 20:44:26,825 | server.py:229 | fit_round 16 received 8 results and 0 failures
[2m[36m(launch_and_fit pid=3760923)[0m double free or corruption (fasttop)
INFO flwr 2023-08-19 20:44:26,981 | fed_df.py:463 | Performing server side distillation training...
[2m[36m(launch_and_fit pid=3760849)[0m Fitting Client 10
[2m[36m(launch_and_fit pid=3760923)[0m Fitting Client 11
[2m[36m(launch_and_fit pid=3760855)[0m Fitting Client 17
[2m[36m(launch_and_fit pid=3760922)[0m Fitting Client 12
[2m[36m(launch_and_fit pid=3760991)[0m Fitting Client 15
[2m[36m(launch_and_fit pid=3760992)[0m Fitting Client 18
[2m[36m(launch_and_fit pid=3760994)[0m Fitting Client 7
[2m[36m(launch_and_fit pid=3760993)[0m Fitting Client 9
E0819 20:44:27.386205340 3671025 chttp2_transport.cc:1079]             ipv4:145.136.62.56:49006: Received a GOAWAY with error code ENHANCE_YOUR_CALM and debug data equal to "too_many_pings". Current keepalive time (before throttling): 1966080000ms
[2m[36m(launch_and_fit pid=3760922)[0m double free or corruption (fasttop)
[2m[36m(launch_and_fit pid=3760991)[0m malloc_consolidate(): invalid chunk size
[2m[36m(launch_and_fit pid=3760994)[0m malloc_consolidate(): invalid chunk size
E0819 20:44:28.321443283 3799917 chttp2_transport.cc:1079]             ipv4:145.136.62.56:49006: Received a GOAWAY with error code ENHANCE_YOUR_CALM and debug data equal to "too_many_pings". Current keepalive time (before throttling): ∞
[2m[36m(launch_and_fit pid=3760855)[0m malloc_consolidate(): invalid chunk size
[2m[36m(launch_and_fit pid=3760992)[0m malloc_consolidate(): invalid chunk size
[2m[36m(launch_and_fit pid=3760993)[0m double free or corruption (fasttop)
INFO flwr 2023-08-19 20:45:19,316 | fed_df.py:540 | Distillation training stopped at step number : 250
INFO flwr 2023-08-19 20:45:19,316 | fed_df.py:547 | Average fusion training loss : 0.021334014873951673, val accuracy : 0.5916, best val accuracy : 0.6108
INFO flwr 2023-08-19 20:45:19,317 | common.py:35 | Avg. local train loss : 5.29227159395814, train acc : 0.7459444444444444
INFO flwr 2023-08-19 20:45:21,979 | server.py:116 | fit progress: (16, 1.2406705657958985, {'server_test_acc': 0.6072}, 1417.1041112369858)
INFO flwr 2023-08-19 20:45:21,980 | server.py:163 | evaluate_round 16: no clients selected, cancel
DEBUG flwr 2023-08-19 20:45:26,727 | server.py:215 | fit_round 17: strategy sampled 8 clients (out of 20)
DEBUG flwr 2023-08-19 20:45:58,381 | server.py:229 | fit_round 17 received 8 results and 0 failures
INFO flwr 2023-08-19 20:45:58,535 | fed_df.py:463 | Performing server side distillation training...
[2m[36m(launch_and_fit pid=3890265)[0m Fitting Client 9
[2m[36m(launch_and_fit pid=3890262)[0m Fitting Client 15
[2m[36m(launch_and_fit pid=3890264)[0m Fitting Client 1
[2m[36m(launch_and_fit pid=3890333)[0m Fitting Client 17
[2m[36m(launch_and_fit pid=3890335)[0m Fitting Client 16
[2m[36m(launch_and_fit pid=3890337)[0m Fitting Client 11
[2m[36m(launch_and_fit pid=3890334)[0m Fitting Client 0
[2m[36m(launch_and_fit pid=3890336)[0m Fitting Client 14
[2m[36m(launch_and_fit pid=3890265)[0m double free or corruption (fasttop)
[2m[36m(launch_and_fit pid=3890262)[0m malloc_consolidate(): invalid chunk size
[2m[36m(launch_and_fit pid=3890333)[0m double free or corruption (fasttop)
[2m[36m(launch_and_fit pid=3890336)[0m double free or corruption (fasttop)
[2m[36m(launch_and_fit pid=3890264)[0m malloc_consolidate(): invalid chunk size
[2m[36m(launch_and_fit pid=3890337)[0m malloc_consolidate(): invalid chunk size
[2m[36m(launch_and_fit pid=3890334)[0m malloc_consolidate(): invalid chunk size
[2m[36m(launch_and_fit pid=3890335)[0m malloc_consolidate(): invalid chunk size
E0819 20:46:00.616462295 3800841 chttp2_transport.cc:1079]             ipv4:145.136.62.56:49006: Received a GOAWAY with error code ENHANCE_YOUR_CALM and debug data equal to "too_many_pings". Current keepalive time (before throttling): ∞
INFO flwr 2023-08-19 20:46:46,488 | fed_df.py:540 | Distillation training stopped at step number : 250
INFO flwr 2023-08-19 20:46:46,488 | fed_df.py:547 | Average fusion training loss : 0.018905713561922312, val accuracy : 0.6210800000000001, best val accuracy : 0.6328
INFO flwr 2023-08-19 20:46:46,489 | common.py:35 | Avg. local train loss : 5.40600499510765, train acc : 0.7366444444444443
INFO flwr 2023-08-19 20:46:49,176 | server.py:116 | fit progress: (17, 1.215123681640625, {'server_test_acc': 0.6237}, 1504.300961879082)
INFO flwr 2023-08-19 20:46:49,177 | server.py:163 | evaluate_round 17: no clients selected, cancel
DEBUG flwr 2023-08-19 20:46:53,931 | server.py:215 | fit_round 18: strategy sampled 8 clients (out of 20)
DEBUG flwr 2023-08-19 20:47:25,936 | server.py:229 | fit_round 18 received 8 results and 0 failures
INFO flwr 2023-08-19 20:47:26,090 | fed_df.py:463 | Performing server side distillation training...
[2m[36m(launch_and_fit pid=4022017)[0m Fitting Client 12
[2m[36m(launch_and_fit pid=4022016)[0m Fitting Client 3
[2m[36m(launch_and_fit pid=4022019)[0m Fitting Client 14
[2m[36m(launch_and_fit pid=4022018)[0m Fitting Client 10
[2m[36m(launch_and_fit pid=4022015)[0m Fitting Client 2
[2m[36m(launch_and_fit pid=4022021)[0m Fitting Client 19
[2m[36m(launch_and_fit pid=4022020)[0m Fitting Client 7
[2m[36m(launch_and_fit pid=4022014)[0m Fitting Client 16
[2m[36m(launch_and_fit pid=4022016)[0m malloc_consolidate(): invalid chunk size
[2m[36m(launch_and_fit pid=4022017)[0m malloc_consolidate(): invalid chunk size
[2m[36m(launch_and_fit pid=4022021)[0m double free or corruption (fasttop)
[2m[36m(launch_and_fit pid=4022019)[0m malloc_consolidate(): invalid chunk size
[2m[36m(launch_and_fit pid=4022014)[0m malloc_consolidate(): invalid chunk size
[2m[36m(launch_and_fit pid=4022020)[0m malloc_consolidate(): invalid chunk size
E0819 20:47:27.986702265 4066400 chttp2_transport.cc:1079]             ipv4:145.136.62.56:49006: Received a GOAWAY with error code ENHANCE_YOUR_CALM and debug data equal to "too_many_pings". Current keepalive time (before throttling): ∞
[2m[36m(launch_and_fit pid=4022018)[0m malloc_consolidate(): invalid chunk size
[2m[36m(launch_and_fit pid=4022015)[0m malloc_consolidate(): invalid chunk size
INFO flwr 2023-08-19 20:48:14,310 | fed_df.py:540 | Distillation training stopped at step number : 250
INFO flwr 2023-08-19 20:48:14,310 | fed_df.py:547 | Average fusion training loss : 0.01536927967146039, val accuracy : 0.63652, best val accuracy : 0.645
INFO flwr 2023-08-19 20:48:14,312 | common.py:35 | Avg. local train loss : 5.1898562930524355, train acc : 0.7594444444444445
INFO flwr 2023-08-19 20:48:17,008 | server.py:116 | fit progress: (18, 1.1790753845214843, {'server_test_acc': 0.6398}, 1592.132975785993)
INFO flwr 2023-08-19 20:48:17,009 | server.py:163 | evaluate_round 18: no clients selected, cancel
DEBUG flwr 2023-08-19 20:48:21,818 | server.py:215 | fit_round 19: strategy sampled 8 clients (out of 20)
DEBUG flwr 2023-08-19 20:48:53,655 | server.py:229 | fit_round 19 received 8 results and 0 failures
INFO flwr 2023-08-19 20:48:53,810 | fed_df.py:463 | Performing server side distillation training...
[2m[36m(launch_and_fit pid=4153472)[0m Fitting Client 16
[2m[36m(launch_and_fit pid=4153542)[0m Fitting Client 17
[2m[36m(launch_and_fit pid=4153544)[0m Fitting Client 14
[2m[36m(launch_and_fit pid=4153545)[0m Fitting Client 1
[2m[36m(launch_and_fit pid=4153615)[0m Fitting Client 10
[2m[36m(launch_and_fit pid=4153543)[0m Fitting Client 11
[2m[36m(launch_and_fit pid=4153613)[0m Fitting Client 8
[2m[36m(launch_and_fit pid=4153614)[0m Fitting Client 6
[2m[36m(launch_and_fit pid=4153543)[0m double free or corruption (fasttop)
[2m[36m(launch_and_fit pid=4153472)[0m double free or corruption (fasttop)
[2m[36m(launch_and_fit pid=4153542)[0m double free or corruption (fasttop)
[2m[36m(launch_and_fit pid=4153615)[0m malloc_consolidate(): invalid chunk size
E0819 20:48:55.826842478    5665 chttp2_transport.cc:1079]             ipv4:145.136.62.56:49006: Received a GOAWAY with error code ENHANCE_YOUR_CALM and debug data equal to "too_many_pings". Current keepalive time (before throttling): ∞
[2m[36m(launch_and_fit pid=4153545)[0m double free or corruption (fasttop)
[2m[36m(launch_and_fit pid=4153614)[0m double free or corruption (fasttop)
[2m[36m(launch_and_fit pid=4153613)[0m malloc_consolidate(): invalid chunk size
[2m[36m(launch_and_fit pid=4153544)[0m malloc_consolidate(): invalid chunk size
INFO flwr 2023-08-19 20:49:42,552 | fed_df.py:540 | Distillation training stopped at step number : 250
INFO flwr 2023-08-19 20:49:42,552 | fed_df.py:547 | Average fusion training loss : 0.02259643017873168, val accuracy : 0.62808, best val accuracy : 0.6364
INFO flwr 2023-08-19 20:49:42,554 | common.py:35 | Avg. local train loss : 5.280403538048268, train acc : 0.7503000000000001
INFO flwr 2023-08-19 20:49:45,273 | server.py:116 | fit progress: (19, 1.1942593688964844, {'server_test_acc': 0.6245}, 1680.3976525459439)
INFO flwr 2023-08-19 20:49:45,273 | server.py:163 | evaluate_round 19: no clients selected, cancel
DEBUG flwr 2023-08-19 20:49:50,064 | server.py:215 | fit_round 20: strategy sampled 8 clients (out of 20)
[2m[36m(launch_and_fit pid=92185)[0m malloc_consolidate(): invalid chunk size
DEBUG flwr 2023-08-19 20:50:22,166 | server.py:229 | fit_round 20 received 8 results and 0 failures
INFO flwr 2023-08-19 20:50:22,281 | fed_df.py:365 | Warm start at round 20
INFO flwr 2023-08-19 20:50:22,380 | fed_df.py:463 | Performing server side distillation training...
[2m[36m(launch_and_fit pid=92185)[0m Fitting Client 12
[2m[36m(launch_and_fit pid=92183)[0m Fitting Client 9
[2m[36m(launch_and_fit pid=92196)[0m Fitting Client 0
[2m[36m(launch_and_fit pid=92184)[0m Fitting Client 16
[2m[36m(launch_and_fit pid=92195)[0m Fitting Client 5
[2m[36m(launch_and_fit pid=92182)[0m Fitting Client 11
[2m[36m(launch_and_fit pid=92197)[0m Fitting Client 10
[2m[36m(launch_and_fit pid=92181)[0m Fitting Client 7
[2m[36m(launch_and_fit pid=92197)[0m malloc_consolidate(): invalid chunk size
[2m[36m(launch_and_fit pid=92182)[0m double free or corruption (fasttop)
[2m[36m(launch_and_fit pid=92181)[0m malloc_consolidate(): invalid chunk size
E0819 20:50:23.537300677  145167 chttp2_transport.cc:1079]             ipv4:145.136.62.56:49006: Received a GOAWAY with error code ENHANCE_YOUR_CALM and debug data equal to "too_many_pings". Current keepalive time (before throttling): ∞
[2m[36m(launch_and_fit pid=92195)[0m malloc_consolidate(): invalid chunk size
[2m[36m(launch_and_fit pid=92196)[0m malloc_consolidate(): invalid chunk size
[2m[36m(launch_and_fit pid=92184)[0m malloc_consolidate(): invalid chunk size
INFO flwr 2023-08-19 20:51:16,695 | fed_df.py:540 | Distillation training stopped at step number : 250
INFO flwr 2023-08-19 20:51:16,696 | fed_df.py:547 | Average fusion training loss : 0.018848208513110875, val accuracy : 0.63468, best val accuracy : 0.6424
INFO flwr 2023-08-19 20:51:16,697 | common.py:35 | Avg. local train loss : 5.502598731964826, train acc : 0.7274888888888889
INFO flwr 2023-08-19 20:51:19,405 | server.py:116 | fit progress: (20, 1.1724265930175781, {'server_test_acc': 0.635}, 1774.5296464967541)
INFO flwr 2023-08-19 20:51:19,405 | server.py:163 | evaluate_round 20: no clients selected, cancel
DEBUG flwr 2023-08-19 20:51:24,176 | server.py:215 | fit_round 21: strategy sampled 8 clients (out of 20)
DEBUG flwr 2023-08-19 20:51:55,862 | server.py:229 | fit_round 21 received 8 results and 0 failures
INFO flwr 2023-08-19 20:51:56,016 | fed_df.py:463 | Performing server side distillation training...
[2m[36m(launch_and_fit pid=258086)[0m Fitting Client 12
[2m[36m(launch_and_fit pid=258016)[0m Fitting Client 2
[2m[36m(launch_and_fit pid=258018)[0m Fitting Client 3
[2m[36m(launch_and_fit pid=258087)[0m Fitting Client 11
[2m[36m(launch_and_fit pid=258157)[0m Fitting Client 16
[2m[36m(launch_and_fit pid=258158)[0m Fitting Client 5
[2m[36m(launch_and_fit pid=258088)[0m Fitting Client 7
[2m[36m(launch_and_fit pid=258156)[0m Fitting Client 10
[2m[36m(launch_and_fit pid=258018)[0m double free or corruption (fasttop)
[2m[36m(launch_and_fit pid=258086)[0m malloc_consolidate(): invalid chunk size
[2m[36m(launch_and_fit pid=258016)[0m malloc_consolidate(): invalid chunk size
[2m[36m(launch_and_fit pid=258087)[0m malloc_consolidate(): invalid chunk size
[2m[36m(launch_and_fit pid=258088)[0m malloc_consolidate(): invalid chunk size
[2m[36m(launch_and_fit pid=258156)[0m double free or corruption (fasttop)
[2m[36m(launch_and_fit pid=258157)[0m malloc_consolidate(): invalid chunk size
[2m[36m(launch_and_fit pid=258158)[0m malloc_consolidate(): invalid chunk size
E0819 20:51:58.214989910  145371 chttp2_transport.cc:1079]             ipv4:145.136.62.56:49006: Received a GOAWAY with error code ENHANCE_YOUR_CALM and debug data equal to "too_many_pings". Current keepalive time (before throttling): ∞
INFO flwr 2023-08-19 20:52:44,626 | fed_df.py:540 | Distillation training stopped at step number : 250
INFO flwr 2023-08-19 20:52:44,627 | fed_df.py:547 | Average fusion training loss : 0.014880099009722472, val accuracy : 0.6566799999999999, best val accuracy : 0.6664
INFO flwr 2023-08-19 20:52:44,628 | common.py:35 | Avg. local train loss : 5.342692310363055, train acc : 0.7452388888888889
INFO flwr 2023-08-19 20:52:47,320 | server.py:116 | fit progress: (21, 1.1742356567382812, {'server_test_acc': 0.6607}, 1862.4445189028047)
INFO flwr 2023-08-19 20:52:47,320 | server.py:163 | evaluate_round 21: no clients selected, cancel
DEBUG flwr 2023-08-19 20:52:52,119 | server.py:215 | fit_round 22: strategy sampled 8 clients (out of 20)
[2m[36m(launch_and_fit pid=389348)[0m malloc_consolidate(): invalid chunk size
DEBUG flwr 2023-08-19 20:53:24,115 | server.py:229 | fit_round 22 received 8 results and 0 failures
INFO flwr 2023-08-19 20:53:24,268 | fed_df.py:463 | Performing server side distillation training...
[2m[36m(launch_and_fit pid=389348)[0m Fitting Client 3
[2m[36m(launch_and_fit pid=389353)[0m Fitting Client 19
[2m[36m(launch_and_fit pid=389352)[0m Fitting Client 4
[2m[36m(launch_and_fit pid=389351)[0m Fitting Client 17
[2m[36m(launch_and_fit pid=389354)[0m Fitting Client 1
[2m[36m(launch_and_fit pid=389355)[0m Fitting Client 14
[2m[36m(launch_and_fit pid=389347)[0m Fitting Client 12
[2m[36m(launch_and_fit pid=389350)[0m Fitting Client 0
[2m[36m(launch_and_fit pid=389353)[0m malloc_consolidate(): invalid chunk size
[2m[36m(launch_and_fit pid=389347)[0m double free or corruption (fasttop)
[2m[36m(launch_and_fit pid=389352)[0m malloc_consolidate(): invalid chunk size
[2m[36m(launch_and_fit pid=389354)[0m malloc_consolidate(): invalid chunk size
[2m[36m(launch_and_fit pid=389351)[0m malloc_consolidate(): invalid chunk size
[2m[36m(launch_and_fit pid=389350)[0m malloc_consolidate(): invalid chunk size
[2m[36m(launch_and_fit pid=389355)[0m double free or corruption (fasttop)
E0819 20:53:39.051968839  447064 chttp2_transport.cc:1079]             ipv4:145.136.62.56:49006: Received a GOAWAY with error code ENHANCE_YOUR_CALM and debug data equal to "too_many_pings". Current keepalive time (before throttling): ∞
INFO flwr 2023-08-19 20:54:11,444 | fed_df.py:540 | Distillation training stopped at step number : 250
INFO flwr 2023-08-19 20:54:11,445 | fed_df.py:547 | Average fusion training loss : 0.020309386149048807, val accuracy : 0.63452, best val accuracy : 0.6414
INFO flwr 2023-08-19 20:54:11,446 | common.py:35 | Avg. local train loss : 5.028525915741921, train acc : 0.7758055555555556
INFO flwr 2023-08-19 20:54:14,124 | server.py:116 | fit progress: (22, 1.2011539031982421, {'server_test_acc': 0.6317}, 1949.2489272211678)
INFO flwr 2023-08-19 20:54:14,125 | server.py:163 | evaluate_round 22: no clients selected, cancel
DEBUG flwr 2023-08-19 20:54:18,899 | server.py:215 | fit_round 23: strategy sampled 8 clients (out of 20)
DEBUG flwr 2023-08-19 20:54:50,748 | server.py:229 | fit_round 23 received 8 results and 0 failures
INFO flwr 2023-08-19 20:54:50,904 | fed_df.py:463 | Performing server side distillation training...
[2m[36m(launch_and_fit pid=520392)[0m Fitting Client 19
[2m[36m(launch_and_fit pid=520461)[0m Fitting Client 11
[2m[36m(launch_and_fit pid=520460)[0m Fitting Client 9
[2m[36m(launch_and_fit pid=520462)[0m Fitting Client 6
[2m[36m(launch_and_fit pid=520483)[0m Fitting Client 16
[2m[36m(launch_and_fit pid=520391)[0m Fitting Client 3
[2m[36m(launch_and_fit pid=520498)[0m Fitting Client 17
[2m[36m(launch_and_fit pid=520390)[0m Fitting Client 4
[2m[36m(launch_and_fit pid=520391)[0m malloc_consolidate(): invalid chunk size
[2m[36m(launch_and_fit pid=520483)[0m malloc_consolidate(): invalid chunk size
[2m[36m(launch_and_fit pid=520462)[0m malloc_consolidate(): invalid chunk size
[2m[36m(launch_and_fit pid=520460)[0m double free or corruption (fasttop)
[2m[36m(launch_and_fit pid=520461)[0m malloc_consolidate(): invalid chunk size
[2m[36m(launch_and_fit pid=520498)[0m double free or corruption (fasttop)
[2m[36m(launch_and_fit pid=520392)[0m double free or corruption (fasttop)
[2m[36m(launch_and_fit pid=520390)[0m malloc_consolidate(): invalid chunk size
E0819 20:54:52.775965768  566514 chttp2_transport.cc:1079]             ipv4:145.136.62.56:49006: Received a GOAWAY with error code ENHANCE_YOUR_CALM and debug data equal to "too_many_pings". Current keepalive time (before throttling): ∞
INFO flwr 2023-08-19 20:55:37,153 | fed_df.py:540 | Distillation training stopped at step number : 250
INFO flwr 2023-08-19 20:55:37,153 | fed_df.py:547 | Average fusion training loss : 0.024018653009086847, val accuracy : 0.6258, best val accuracy : 0.6352
INFO flwr 2023-08-19 20:55:37,154 | common.py:35 | Avg. local train loss : 5.0425590351223954, train acc : 0.774411111111111
INFO flwr 2023-08-19 20:55:39,883 | server.py:116 | fit progress: (23, 1.205646731567383, {'server_test_acc': 0.6243}, 2035.007561695762)
INFO flwr 2023-08-19 20:55:39,883 | server.py:163 | evaluate_round 23: no clients selected, cancel
DEBUG flwr 2023-08-19 20:55:44,695 | server.py:215 | fit_round 24: strategy sampled 8 clients (out of 20)
[2m[36m(launch_and_fit pid=650436)[0m malloc_consolidate(): invalid chunk size
DEBUG flwr 2023-08-19 20:56:16,892 | server.py:229 | fit_round 24 received 8 results and 0 failures
INFO flwr 2023-08-19 20:56:17,046 | fed_df.py:463 | Performing server side distillation training...
[2m[36m(launch_and_fit pid=650367)[0m Fitting Client 10
[2m[36m(launch_and_fit pid=650326)[0m Fitting Client 5
[2m[36m(launch_and_fit pid=650296)[0m Fitting Client 4
[2m[36m(launch_and_fit pid=650298)[0m Fitting Client 8
[2m[36m(launch_and_fit pid=650436)[0m Fitting Client 15
[2m[36m(launch_and_fit pid=650437)[0m Fitting Client 9
[2m[36m(launch_and_fit pid=650366)[0m Fitting Client 1
[2m[36m(launch_and_fit pid=650435)[0m Fitting Client 2
[2m[36m(launch_and_fit pid=650366)[0m malloc_consolidate(): invalid chunk size
[2m[36m(launch_and_fit pid=650326)[0m double free or corruption (fasttop)
[2m[36m(launch_and_fit pid=650437)[0m malloc_consolidate(): invalid chunk size
E0819 20:56:18.228471752  567151 chttp2_transport.cc:1079]             ipv4:145.136.62.56:49006: Received a GOAWAY with error code ENHANCE_YOUR_CALM and debug data equal to "too_many_pings". Current keepalive time (before throttling): ∞
[2m[36m(launch_and_fit pid=650296)[0m malloc_consolidate(): invalid chunk size
[2m[36m(launch_and_fit pid=650435)[0m malloc_consolidate(): invalid chunk size
[2m[36m(launch_and_fit pid=650298)[0m malloc_consolidate(): invalid chunk size
INFO flwr 2023-08-19 20:57:05,405 | fed_df.py:540 | Distillation training stopped at step number : 250
INFO flwr 2023-08-19 20:57:05,405 | fed_df.py:547 | Average fusion training loss : 0.01865615848451853, val accuracy : 0.6755199999999999, best val accuracy : 0.6838
INFO flwr 2023-08-19 20:57:05,406 | common.py:35 | Avg. local train loss : 5.356129261106252, train acc : 0.743388888888889
INFO flwr 2023-08-19 20:57:08,111 | server.py:116 | fit progress: (24, 1.1268343200683595, {'server_test_acc': 0.6668}, 2123.2355929128826)
INFO flwr 2023-08-19 20:57:08,111 | server.py:163 | evaluate_round 24: no clients selected, cancel
DEBUG flwr 2023-08-19 20:57:12,899 | server.py:215 | fit_round 25: strategy sampled 8 clients (out of 20)
DEBUG flwr 2023-08-19 20:57:44,608 | server.py:229 | fit_round 25 received 8 results and 0 failures
INFO flwr 2023-08-19 20:57:44,724 | fed_df.py:365 | Warm start at round 25
INFO flwr 2023-08-19 20:57:44,823 | fed_df.py:463 | Performing server side distillation training...
[2m[36m(launch_and_fit pid=782853)[0m Fitting Client 9
[2m[36m(launch_and_fit pid=782857)[0m Fitting Client 0
[2m[36m(launch_and_fit pid=782858)[0m Fitting Client 18
[2m[36m(launch_and_fit pid=782855)[0m Fitting Client 4
[2m[36m(launch_and_fit pid=782856)[0m Fitting Client 15
[2m[36m(launch_and_fit pid=782852)[0m Fitting Client 14
[2m[36m(launch_and_fit pid=782850)[0m Fitting Client 17
[2m[36m(launch_and_fit pid=782854)[0m Fitting Client 6
[2m[36m(launch_and_fit pid=782856)[0m malloc_consolidate(): invalid chunk size
[2m[36m(launch_and_fit pid=782857)[0m malloc_consolidate(): invalid chunk size
[2m[36m(launch_and_fit pid=782853)[0m double free or corruption (fasttop)
[2m[36m(launch_and_fit pid=782855)[0m malloc_consolidate(): invalid chunk size
[2m[36m(launch_and_fit pid=782852)[0m double free or corruption (fasttop)
[2m[36m(launch_and_fit pid=782854)[0m malloc_consolidate(): invalid chunk size
[2m[36m(launch_and_fit pid=782858)[0m malloc_consolidate(): invalid chunk size
[2m[36m(launch_and_fit pid=782850)[0m malloc_consolidate(): invalid chunk size
E0819 20:57:47.147675185  698662 chttp2_transport.cc:1079]             ipv4:145.136.62.56:49006: Received a GOAWAY with error code ENHANCE_YOUR_CALM and debug data equal to "too_many_pings". Current keepalive time (before throttling): ∞
INFO flwr 2023-08-19 20:58:37,868 | fed_df.py:540 | Distillation training stopped at step number : 250
INFO flwr 2023-08-19 20:58:37,868 | fed_df.py:547 | Average fusion training loss : 0.02467590356990695, val accuracy : 0.6494800000000001, best val accuracy : 0.659
INFO flwr 2023-08-19 20:58:37,869 | common.py:35 | Avg. local train loss : 5.122399371117353, train acc : 0.7628722222222224
INFO flwr 2023-08-19 20:58:40,561 | server.py:116 | fit progress: (25, 1.2165491638183594, {'server_test_acc': 0.6456}, 2215.6858204700984)
INFO flwr 2023-08-19 20:58:40,561 | server.py:163 | evaluate_round 25: no clients selected, cancel
DEBUG flwr 2023-08-19 20:58:45,369 | server.py:215 | fit_round 26: strategy sampled 8 clients (out of 20)
[2m[36m(launch_and_fit pid=918590)[0m malloc_consolidate(): invalid chunk size
DEBUG flwr 2023-08-19 20:59:17,173 | server.py:229 | fit_round 26 received 8 results and 0 failures
INFO flwr 2023-08-19 20:59:17,331 | fed_df.py:463 | Performing server side distillation training...
[2m[36m(launch_and_fit pid=918519)[0m Fitting Client 8
[2m[36m(launch_and_fit pid=918590)[0m Fitting Client 1
[2m[36m(launch_and_fit pid=918589)[0m Fitting Client 6
[2m[36m(launch_and_fit pid=918517)[0m Fitting Client 15
[2m[36m(launch_and_fit pid=918518)[0m Fitting Client 13
[2m[36m(launch_and_fit pid=918516)[0m Fitting Client 12
[2m[36m(launch_and_fit pid=918587)[0m Fitting Client 5
[2m[36m(launch_and_fit pid=918588)[0m Fitting Client 9
[2m[36m(launch_and_fit pid=918587)[0m malloc_consolidate(): invalid chunk size
[2m[36m(launch_and_fit pid=918518)[0m double free or corruption (fasttop)
[2m[36m(launch_and_fit pid=918516)[0m double free or corruption (fasttop)
E0819 20:59:18.511051671  833017 chttp2_transport.cc:1079]             ipv4:145.136.62.56:49006: Received a GOAWAY with error code ENHANCE_YOUR_CALM and debug data equal to "too_many_pings". Current keepalive time (before throttling): ∞
[2m[36m(launch_and_fit pid=918519)[0m malloc_consolidate(): invalid chunk size
[2m[36m(launch_and_fit pid=918517)[0m double free or corruption (fasttop)
[2m[36m(launch_and_fit pid=918588)[0m malloc_consolidate(): invalid chunk size
[2m[36m(launch_and_fit pid=918589)[0m malloc_consolidate(): invalid chunk size
E0819 20:59:33.285904595  965208 chttp2_transport.cc:1079]             ipv4:145.136.62.56:49006: Received a GOAWAY with error code ENHANCE_YOUR_CALM and debug data equal to "too_many_pings". Current keepalive time (before throttling): ∞
INFO flwr 2023-08-19 21:00:06,158 | fed_df.py:540 | Distillation training stopped at step number : 250
INFO flwr 2023-08-19 21:00:06,158 | fed_df.py:547 | Average fusion training loss : 0.016792766593396662, val accuracy : 0.6815200000000001, best val accuracy : 0.687
INFO flwr 2023-08-19 21:00:06,159 | common.py:35 | Avg. local train loss : 5.282940489798784, train acc : 0.7497722222222222
INFO flwr 2023-08-19 21:00:08,872 | server.py:116 | fit progress: (26, 1.121906475830078, {'server_test_acc': 0.6762}, 2303.996326880995)
INFO flwr 2023-08-19 21:00:08,872 | server.py:163 | evaluate_round 26: no clients selected, cancel
DEBUG flwr 2023-08-19 21:00:13,688 | server.py:215 | fit_round 27: strategy sampled 8 clients (out of 20)
[2m[36m(launch_and_fit pid=1050448)[0m malloc_consolidate(): invalid chunk size
[2m[36m(launch_and_fit pid=1050378)[0m malloc_consolidate(): invalid chunk size
DEBUG flwr 2023-08-19 21:00:45,739 | server.py:229 | fit_round 27 received 8 results and 0 failures
INFO flwr 2023-08-19 21:00:45,896 | fed_df.py:463 | Performing server side distillation training...
[2m[36m(launch_and_fit pid=1050302)[0m Fitting Client 3
[2m[36m(launch_and_fit pid=1050375)[0m Fitting Client 15
[2m[36m(launch_and_fit pid=1050376)[0m Fitting Client 8
[2m[36m(launch_and_fit pid=1050301)[0m Fitting Client 14
[2m[36m(launch_and_fit pid=1050379)[0m Fitting Client 18
[2m[36m(launch_and_fit pid=1050378)[0m Fitting Client 13
[2m[36m(launch_and_fit pid=1050448)[0m Fitting Client 6
[2m[36m(launch_and_fit pid=1050447)[0m Fitting Client 4
[2m[36m(launch_and_fit pid=1050379)[0m malloc_consolidate(): invalid chunk size
[2m[36m(launch_and_fit pid=1050301)[0m malloc_consolidate(): invalid chunk size
[2m[36m(launch_and_fit pid=1050376)[0m malloc_consolidate(): invalid chunk size
[2m[36m(launch_and_fit pid=1050447)[0m double free or corruption (fasttop)
[2m[36m(launch_and_fit pid=1050302)[0m double free or corruption (fasttop)
E0819 21:00:47.059888347  980132 chttp2_transport.cc:1079]             ipv4:145.136.62.56:49006: Received a GOAWAY with error code ENHANCE_YOUR_CALM and debug data equal to "too_many_pings". Current keepalive time (before throttling): ∞
[2m[36m(launch_and_fit pid=1050375)[0m malloc_consolidate(): invalid chunk size
INFO flwr 2023-08-19 21:01:35,798 | fed_df.py:540 | Distillation training stopped at step number : 250
INFO flwr 2023-08-19 21:01:35,798 | fed_df.py:547 | Average fusion training loss : 0.02177432170137763, val accuracy : 0.6513199999999999, best val accuracy : 0.6642
INFO flwr 2023-08-19 21:01:35,800 | common.py:35 | Avg. local train loss : 5.023654956370591, train acc : 0.777838888888889
INFO flwr 2023-08-19 21:01:38,484 | server.py:116 | fit progress: (27, 1.145470443725586, {'server_test_acc': 0.6534}, 2393.608483517077)
INFO flwr 2023-08-19 21:01:38,484 | server.py:163 | evaluate_round 27: no clients selected, cancel
DEBUG flwr 2023-08-19 21:01:43,327 | server.py:215 | fit_round 28: strategy sampled 8 clients (out of 20)
DEBUG flwr 2023-08-19 21:02:15,401 | server.py:229 | fit_round 28 received 8 results and 0 failures
[2m[36m(launch_and_fit pid=1184495)[0m malloc_consolidate(): invalid chunk size
INFO flwr 2023-08-19 21:02:15,557 | fed_df.py:463 | Performing server side distillation training...
[2m[36m(launch_and_fit pid=1184491)[0m Fitting Client 7
[2m[36m(launch_and_fit pid=1184494)[0m Fitting Client 3
[2m[36m(launch_and_fit pid=1184495)[0m Fitting Client 13
[2m[36m(launch_and_fit pid=1184493)[0m Fitting Client 15
[2m[36m(launch_and_fit pid=1184505)[0m Fitting Client 8
[2m[36m(launch_and_fit pid=1184506)[0m Fitting Client 9
[2m[36m(launch_and_fit pid=1184496)[0m Fitting Client 14
[2m[36m(launch_and_fit pid=1184507)[0m Fitting Client 11
[2m[36m(launch_and_fit pid=1184496)[0m corrupted size vs. prev_size in fastbins
[2m[36m(launch_and_fit pid=1184491)[0m malloc_consolidate(): invalid chunk size
[2m[36m(launch_and_fit pid=1184494)[0m malloc_consolidate(): invalid chunk size
[2m[36m(launch_and_fit pid=1184506)[0m double free or corruption (fasttop)
[2m[36m(launch_and_fit pid=1184493)[0m malloc_consolidate(): invalid chunk size
[2m[36m(launch_and_fit pid=1184505)[0m double free or corruption (fasttop)
[2m[36m(launch_and_fit pid=1184507)[0m malloc_consolidate(): invalid chunk size
E0819 21:02:19.193024690 1098203 chttp2_transport.cc:1079]             ipv4:145.136.62.56:49006: Received a GOAWAY with error code ENHANCE_YOUR_CALM and debug data equal to "too_many_pings". Current keepalive time (before throttling): ∞
INFO flwr 2023-08-19 21:03:01,958 | fed_df.py:540 | Distillation training stopped at step number : 250
INFO flwr 2023-08-19 21:03:01,959 | fed_df.py:547 | Average fusion training loss : 0.022594468254595997, val accuracy : 0.6678, best val accuracy : 0.6758
INFO flwr 2023-08-19 21:03:01,960 | common.py:35 | Avg. local train loss : 5.163602288067341, train acc : 0.7636277777777779
INFO flwr 2023-08-19 21:03:04,596 | server.py:116 | fit progress: (28, 1.133010952758789, {'server_test_acc': 0.6714}, 2479.7202423717827)
INFO flwr 2023-08-19 21:03:04,596 | server.py:163 | evaluate_round 28: no clients selected, cancel
DEBUG flwr 2023-08-19 21:03:09,313 | server.py:215 | fit_round 29: strategy sampled 8 clients (out of 20)
DEBUG flwr 2023-08-19 21:03:41,072 | server.py:229 | fit_round 29 received 8 results and 0 failures
INFO flwr 2023-08-19 21:03:41,227 | fed_df.py:463 | Performing server side distillation training...
[2m[36m(launch_and_fit pid=1314912)[0m Fitting Client 16
[2m[36m(launch_and_fit pid=1314909)[0m Fitting Client 2
[2m[36m(launch_and_fit pid=1314916)[0m Fitting Client 3
[2m[36m(launch_and_fit pid=1314914)[0m Fitting Client 18
[2m[36m(launch_and_fit pid=1314913)[0m Fitting Client 13
[2m[36m(launch_and_fit pid=1314918)[0m Fitting Client 14
[2m[36m(launch_and_fit pid=1314917)[0m Fitting Client 10
[2m[36m(launch_and_fit pid=1314915)[0m Fitting Client 15
[2m[36m(launch_and_fit pid=1314912)[0m malloc_consolidate(): invalid chunk size
[2m[36m(launch_and_fit pid=1314909)[0m malloc_consolidate(): invalid chunk size
[2m[36m(launch_and_fit pid=1314915)[0m malloc_consolidate(): invalid chunk size
[2m[36m(launch_and_fit pid=1314913)[0m malloc_consolidate(): invalid chunk size
[2m[36m(launch_and_fit pid=1314918)[0m malloc_consolidate(): invalid chunk size
[2m[36m(launch_and_fit pid=1314914)[0m malloc_consolidate(): invalid chunk size
[2m[36m(launch_and_fit pid=1314916)[0m malloc_consolidate(): invalid chunk size
[2m[36m(launch_and_fit pid=1314917)[0m malloc_consolidate(): invalid chunk size
E0819 21:03:44.545956609 1364112 chttp2_transport.cc:1079]             ipv4:145.136.62.56:49006: Received a GOAWAY with error code ENHANCE_YOUR_CALM and debug data equal to "too_many_pings". Current keepalive time (before throttling): ∞
INFO flwr 2023-08-19 21:04:28,408 | fed_df.py:540 | Distillation training stopped at step number : 250
INFO flwr 2023-08-19 21:04:28,408 | fed_df.py:547 | Average fusion training loss : 0.016743821464478968, val accuracy : 0.66848, best val accuracy : 0.678
INFO flwr 2023-08-19 21:04:28,410 | common.py:35 | Avg. local train loss : 5.124773573130369, train acc : 0.7667222222222223
INFO flwr 2023-08-19 21:04:31,089 | server.py:116 | fit progress: (29, 1.133002230834961, {'server_test_acc': 0.6655}, 2566.2137778578326)
INFO flwr 2023-08-19 21:04:31,089 | server.py:163 | evaluate_round 29: no clients selected, cancel
DEBUG flwr 2023-08-19 21:04:35,966 | server.py:215 | fit_round 30: strategy sampled 8 clients (out of 20)
[2m[36m(launch_and_fit pid=1445142)[0m malloc_consolidate(): invalid chunk size
DEBUG flwr 2023-08-19 21:05:07,894 | server.py:229 | fit_round 30 received 8 results and 0 failures
INFO flwr 2023-08-19 21:05:08,009 | fed_df.py:365 | Warm start at round 30
INFO flwr 2023-08-19 21:05:08,107 | fed_df.py:463 | Performing server side distillation training...
[2m[36m(launch_and_fit pid=1445142)[0m Fitting Client 4
[2m[36m(launch_and_fit pid=1445214)[0m Fitting Client 8
[2m[36m(launch_and_fit pid=1445213)[0m Fitting Client 9
[2m[36m(launch_and_fit pid=1445190)[0m Fitting Client 2
[2m[36m(launch_and_fit pid=1445215)[0m Fitting Client 18
[2m[36m(launch_and_fit pid=1445141)[0m Fitting Client 14
[2m[36m(launch_and_fit pid=1445143)[0m Fitting Client 10
[2m[36m(launch_and_fit pid=1445170)[0m Fitting Client 19
[2m[36m(launch_and_fit pid=1445214)[0m malloc_consolidate(): invalid chunk size
[2m[36m(launch_and_fit pid=1445215)[0m double free or corruption (fasttop)
[2m[36m(launch_and_fit pid=1445143)[0m malloc_consolidate(): invalid chunk size
[2m[36m(launch_and_fit pid=1445190)[0m malloc_consolidate(): invalid chunk size
[2m[36m(launch_and_fit pid=1445141)[0m malloc_consolidate(): invalid chunk size
[2m[36m(launch_and_fit pid=1445213)[0m malloc_consolidate(): invalid chunk size
[2m[36m(launch_and_fit pid=1445170)[0m malloc_consolidate(): invalid chunk size
INFO flwr 2023-08-19 21:06:00,973 | fed_df.py:540 | Distillation training stopped at step number : 250
INFO flwr 2023-08-19 21:06:00,973 | fed_df.py:547 | Average fusion training loss : 0.021292389895766973, val accuracy : 0.6454000000000001, best val accuracy : 0.6556
INFO flwr 2023-08-19 21:06:00,974 | common.py:35 | Avg. local train loss : 4.738599653542042, train acc : 0.8044277777777777
INFO flwr 2023-08-19 21:06:03,680 | server.py:116 | fit progress: (30, 1.194826885986328, {'server_test_acc': 0.643}, 2658.8041719738394)
INFO flwr 2023-08-19 21:06:03,680 | server.py:163 | evaluate_round 30: no clients selected, cancel
INFO flwr 2023-08-19 21:06:03,680 | server.py:144 | FL finished in 2658.8045561900362
INFO flwr 2023-08-19 21:06:03,680 | app.py:202 | app_fit: losses_distributed []
INFO flwr 2023-08-19 21:06:03,681 | app.py:203 | app_fit: metrics_distributed {}
INFO flwr 2023-08-19 21:06:03,681 | app.py:204 | app_fit: losses_centralized [(0, 2.319245477294922), (1, 2.1021317749023436), (2, 1.6940081451416016), (3, 1.7259128845214844), (4, 1.804996258544922), (5, 1.5558296936035156), (6, 1.445834814453125), (7, 1.369827685546875), (8, 1.39643330078125), (9, 1.3934789611816407), (10, 1.2998815460205078), (11, 1.2771027221679687), (12, 1.305204232788086), (13, 1.2853196075439453), (14, 1.1714098754882813), (15, 1.2684327453613282), (16, 1.2406705657958985), (17, 1.215123681640625), (18, 1.1790753845214843), (19, 1.1942593688964844), (20, 1.1724265930175781), (21, 1.1742356567382812), (22, 1.2011539031982421), (23, 1.205646731567383), (24, 1.1268343200683595), (25, 1.2165491638183594), (26, 1.121906475830078), (27, 1.145470443725586), (28, 1.133010952758789), (29, 1.133002230834961), (30, 1.194826885986328)]
INFO flwr 2023-08-19 21:06:03,681 | app.py:205 | app_fit: metrics_centralized {'server_test_acc': [(0, 0.0811), (1, 0.2865), (2, 0.3776), (3, 0.4055), (4, 0.3932), (5, 0.4462), (6, 0.4992), (7, 0.5401), (8, 0.5341), (9, 0.5374), (10, 0.5767), (11, 0.5893), (12, 0.5795), (13, 0.5935), (14, 0.6281), (15, 0.5954), (16, 0.6072), (17, 0.6237), (18, 0.6398), (19, 0.6245), (20, 0.635), (21, 0.6607), (22, 0.6317), (23, 0.6243), (24, 0.6668), (25, 0.6456), (26, 0.6762), (27, 0.6534), (28, 0.6714), (29, 0.6655), (30, 0.643)]}
double free or corruption (fasttop)
srun: error: gcn56: task 0: Aborted
srun: Terminating StepId=3423716.1
-----EXPERIMENT ENDS-----
-----CLEANING UP DISK------
-----END-----

JOB STATISTICS
==============
Job ID: 3423716
Cluster: snellius
User/Group: sunnys/sunnys
State: COMPLETED (exit code 0)
Nodes: 1
Cores per node: 18
CPU Utilized: 01:49:19
CPU Efficiency: 12.89% of 14:08:24 core-walltime
Job Wall-clock time: 00:47:08
Memory Utilized: 50.38 GB
Memory Efficiency: 41.99% of 120.00 GB
