-----BEGIN-----
-----SETTINGS-----
TOTAL CROPS:25000
STRATEGY:feddf
MODEL_NAME:resnet8
NUM_CLIENTS:20
NUM_ROUNDS:30
FRACTION_FIT:0.4
FRACTION_EVALUATE:0.0
DATASET_NAME:cifar10
PARTITION_ALPHA:1.0
PARTITION_VAL_RATIO:0.1
BATCH_SIZE:512
LOCAL_EPOCHS:10
LOCAL_LR:0.01
DISTILL_BATCH_SIZE:512
SERVER_LR:0.005
SERVER_STEPS:250
SERVER_EARLY_STEPS:1000
USE_EARLY_STOPPING:False
USE_ADAPTIVE_LR:False
USE_ADAPTIVE_LR_ROUND:False
SEED:42
CUDA_DETERMINISTIC:False
USE_CROPS:True
IMG_NAME:ameyoko.jpg
DISTILL_DATASET:organamnist
DISTILL_ALPHA:1.0
NUM_DISTILL_IMAGES:5000
DISTILL_TRANSFORMS:v0
WARM_START:True
WARM_START_ROUNDS:1
WARM_START_INTERVAL:5
KMEANS_N_CLUSTER:1000
KMEANS_HEURISTICS:mixed
KMEANS_MIXED_FACTOR:50-50
KMEANS_BALANCING:1.0
CONFIDENCE_THRESHOLD:0.5
CONFIDENCE_STRATEGY:top
CONFIDENCE_ADAPTIVE:False
CONFIDENCE_MAX_THRESH:0.5
CLIPPING_FACTOR:2.5
FEDPROX_FACTOR:0.0
FEDPROX_ADAPTIVE:False
USE_CLIPPING:True
USE_ENTROPY:False
USE_KMEANS:True
USE_FEDPROX:False
-----SETTINGS END-----
-----EXPERIMENT BEGINS-----
---------
Generating crops for FedDF
Namespace(img_size=32, batch_size=32, num_imgs=25000, threads=18, vflip=False, deg=30, shear=30, cropfirst=True, initcrop=0.5, scale=[500, 1], randinterp=False, debug=False, imgpath='./static/single_images/ameyoko.jpg', targetpath='/scratch-local/sunnys.3423715/1692469230_770265534', seed=42, img_per_thread=1388)
will save 25000 patches in /scratch-local/sunnys.3423715/1692469230_770265534/single_img_crops/crops
25000 took 0.20min with 18 threads
---------
Simulating feddf training
INFO simulate 2023-08-19 20:20:59,594 | simulate.py:50 | Python script started : simulate.py
DEBUG simulate 2023-08-19 20:20:59,594 | simulate.py:55 | Reading args from argument parser
Downloading https://www.cs.toronto.edu/~kriz/cifar-10-python.tar.gz to /scratch-local/sunnys.3423715/1692469230_770265534/cifar-10-python.tar.gz
Extracting /scratch-local/sunnys.3423715/1692469230_770265534/cifar-10-python.tar.gz to /scratch-local/sunnys.3423715/1692469230_770265534
Generating unified cifar10 dataset
Class histogram for 0-th partition (alpha=1.0, 10 classes): [440 381 415  39  10 257 227 532  17 182]
INFO flwr 2023-08-19 20:21:15,846 | app.py:145 | Starting Flower simulation, config: ServerConfig(num_rounds=30, round_timeout=None)
2023-08-19 20:21:18,615	INFO worker.py:1529 -- Started a local Ray instance. View the dashboard at [1m[32m127.0.0.1:8265 [39m[22m
INFO flwr 2023-08-19 20:21:19,759 | app.py:179 | Flower VCE: Ray initialized with resources: {'accelerator_type:A100': 1.0, 'node:145.136.62.18': 1.0, 'object_store_memory': 61847529062.0, 'GPU': 1.0, 'CPU': 18.0, 'memory': 103079215104.0}
INFO flwr 2023-08-19 20:21:19,759 | server.py:86 | Initializing global parameters
INFO flwr 2023-08-19 20:21:19,759 | server.py:266 | Using initial parameters provided by strategy
INFO flwr 2023-08-19 20:21:19,759 | server.py:88 | Evaluating initial parameters
INFO flwr 2023-08-19 20:21:31,775 | server.py:91 | initial parameters (loss, other metrics): 2.3234217651367186, {'server_test_acc': 0.108}
INFO flwr 2023-08-19 20:21:31,776 | server.py:101 | FL starting
DEBUG flwr 2023-08-19 20:21:36,290 | server.py:215 | fit_round 1: strategy sampled 8 clients (out of 20)
[2m[36m(launch_and_fit pid=1075630)[0m double free or corruption (fasttop)
DEBUG flwr 2023-08-19 20:22:11,980 | server.py:229 | fit_round 1 received 8 results and 0 failures
INFO flwr 2023-08-19 20:22:12,085 | fed_df.py:365 | Warm start at round 1
INFO flwr 2023-08-19 20:22:12,182 | fed_df.py:463 | Performing server side distillation training...
[2m[36m(launch_and_fit pid=1075625)[0m Fitting Client 14
[2m[36m(launch_and_fit pid=1075628)[0m Fitting Client 10
[2m[36m(launch_and_fit pid=1075624)[0m Fitting Client 8
[2m[36m(launch_and_fit pid=1075626)[0m Fitting Client 7
[2m[36m(launch_and_fit pid=1075630)[0m Fitting Client 3
[2m[36m(launch_and_fit pid=1075627)[0m Fitting Client 13
[2m[36m(launch_and_fit pid=1075623)[0m Fitting Client 12
[2m[36m(launch_and_fit pid=1075629)[0m Fitting Client 5
[2m[36m(launch_and_fit pid=1075624)[0m double free or corruption (fasttop)
[2m[36m(launch_and_fit pid=1075629)[0m malloc_consolidate(): invalid chunk size
[2m[36m(launch_and_fit pid=1075626)[0m malloc_consolidate(): invalid chunk size
[2m[36m(launch_and_fit pid=1075628)[0m double free or corruption (fasttop)
[2m[36m(launch_and_fit pid=1075625)[0m malloc_consolidate(): invalid chunk size
[2m[36m(launch_and_fit pid=1075627)[0m malloc_consolidate(): invalid chunk size
[2m[36m(launch_and_fit pid=1075623)[0m malloc_consolidate(): invalid chunk size
INFO flwr 2023-08-19 20:22:52,510 | fed_df.py:540 | Distillation training stopped at step number : 250
INFO flwr 2023-08-19 20:22:52,510 | fed_df.py:547 | Average fusion training loss : 0.06627716092765332, val accuracy : 0.30388, best val accuracy : 0.3168
INFO flwr 2023-08-19 20:22:52,511 | common.py:35 | Avg. local train loss : 8.133572448790073, train acc : 0.46358888888888883
INFO flwr 2023-08-19 20:22:54,929 | server.py:116 | fit progress: (1, 1.8165415466308594, {'server_test_acc': 0.3194}, 83.15336005901918)
INFO flwr 2023-08-19 20:22:54,929 | server.py:163 | evaluate_round 1: no clients selected, cancel
DEBUG flwr 2023-08-19 20:22:59,515 | server.py:215 | fit_round 2: strategy sampled 8 clients (out of 20)
DEBUG flwr 2023-08-19 20:23:34,663 | server.py:229 | fit_round 2 received 8 results and 0 failures
INFO flwr 2023-08-19 20:23:34,808 | fed_df.py:463 | Performing server side distillation training...
[2m[36m(launch_and_fit pid=1142292)[0m Fitting Client 18
[2m[36m(launch_and_fit pid=1142294)[0m Fitting Client 6
[2m[36m(launch_and_fit pid=1142293)[0m Fitting Client 8
[2m[36m(launch_and_fit pid=1142295)[0m Fitting Client 17
[2m[36m(launch_and_fit pid=1142296)[0m Fitting Client 10
[2m[36m(launch_and_fit pid=1142297)[0m Fitting Client 13
[2m[36m(launch_and_fit pid=1142289)[0m Fitting Client 5
[2m[36m(launch_and_fit pid=1142291)[0m Fitting Client 11
[2m[36m(launch_and_fit pid=1142296)[0m malloc_consolidate(): invalid chunk size
[2m[36m(launch_and_fit pid=1142295)[0m double free or corruption (fasttop)
[2m[36m(launch_and_fit pid=1142297)[0m malloc_consolidate(): invalid chunk size
E0819 20:23:36.004145541 1072657 chttp2_transport.cc:1079]             ipv4:145.136.62.18:56653: Received a GOAWAY with error code ENHANCE_YOUR_CALM and debug data equal to "too_many_pings". Current keepalive time (before throttling): 60000ms
E0819 20:23:36.004367974 1072657 chttp2_transport.cc:1079]             ipv4:145.136.62.18:56653: Received a GOAWAY with error code ENHANCE_YOUR_CALM and debug data equal to "too_many_pings". Current keepalive time (before throttling): 60000ms
[2m[36m(launch_and_fit pid=1142292)[0m malloc_consolidate(): invalid chunk size
[2m[36m(launch_and_fit pid=1142289)[0m corrupted size vs. prev_size in fastbins
[2m[36m(launch_and_fit pid=1142293)[0m double free or corruption (fasttop)
[2m[36m(launch_and_fit pid=1142294)[0m double free or corruption (fasttop)
E0819 20:23:36.928599972 1168247 chttp2_transport.cc:1079]             ipv4:145.136.62.18:56653: Received a GOAWAY with error code ENHANCE_YOUR_CALM and debug data equal to "too_many_pings". Current keepalive time (before throttling): 120000ms
[2m[36m(launch_and_fit pid=1142291)[0m double free or corruption (fasttop)
INFO flwr 2023-08-19 20:24:16,630 | fed_df.py:540 | Distillation training stopped at step number : 250
INFO flwr 2023-08-19 20:24:16,630 | fed_df.py:547 | Average fusion training loss : 0.06750233821570874, val accuracy : 0.32588, best val accuracy : 0.3398
INFO flwr 2023-08-19 20:24:16,631 | common.py:35 | Avg. local train loss : 7.195615395903588, train acc : 0.549861111111111
INFO flwr 2023-08-19 20:24:19,181 | server.py:116 | fit progress: (2, 2.092865869140625, {'server_test_acc': 0.3483}, 167.40484620863572)
INFO flwr 2023-08-19 20:24:19,181 | server.py:163 | evaluate_round 2: no clients selected, cancel
DEBUG flwr 2023-08-19 20:24:23,657 | server.py:215 | fit_round 3: strategy sampled 8 clients (out of 20)
[2m[36m(launch_and_fit pid=1208885)[0m double free or corruption (fasttop)
DEBUG flwr 2023-08-19 20:24:57,888 | server.py:229 | fit_round 3 received 8 results and 0 failures
INFO flwr 2023-08-19 20:24:58,028 | fed_df.py:463 | Performing server side distillation training...
[2m[36m(launch_and_fit pid=1208885)[0m Fitting Client 5
[2m[36m(launch_and_fit pid=1208883)[0m Fitting Client 2
[2m[36m(launch_and_fit pid=1208891)[0m Fitting Client 4
[2m[36m(launch_and_fit pid=1208888)[0m Fitting Client 17
[2m[36m(launch_and_fit pid=1208892)[0m Fitting Client 6
[2m[36m(launch_and_fit pid=1208889)[0m Fitting Client 18
[2m[36m(launch_and_fit pid=1208887)[0m Fitting Client 7
[2m[36m(launch_and_fit pid=1208890)[0m Fitting Client 16
[2m[36m(launch_and_fit pid=1208889)[0m malloc_consolidate(): invalid chunk size
[2m[36m(launch_and_fit pid=1208883)[0m malloc_consolidate(): invalid chunk size
[2m[36m(launch_and_fit pid=1208887)[0m malloc_consolidate(): invalid chunk size
[2m[36m(launch_and_fit pid=1208890)[0m malloc_consolidate(): invalid chunk size
[2m[36m(launch_and_fit pid=1208892)[0m malloc_consolidate(): invalid chunk size
[2m[36m(launch_and_fit pid=1208888)[0m malloc_consolidate(): invalid chunk size
[2m[36m(launch_and_fit pid=1208891)[0m malloc_consolidate(): invalid chunk size
E0819 20:25:01.107716969 1235842 chttp2_transport.cc:1079]             ipv4:145.136.62.18:56653: Received a GOAWAY with error code ENHANCE_YOUR_CALM and debug data equal to "too_many_pings". Current keepalive time (before throttling): 240000ms
INFO flwr 2023-08-19 20:25:39,867 | fed_df.py:540 | Distillation training stopped at step number : 250
INFO flwr 2023-08-19 20:25:39,867 | fed_df.py:547 | Average fusion training loss : 0.04464517767727375, val accuracy : 0.37816, best val accuracy : 0.3872
INFO flwr 2023-08-19 20:25:39,868 | common.py:35 | Avg. local train loss : 7.19133163690567, train acc : 0.5513166666666666
INFO flwr 2023-08-19 20:25:42,384 | server.py:116 | fit progress: (3, 1.6901420684814452, {'server_test_acc': 0.3876}, 250.6078251316212)
INFO flwr 2023-08-19 20:25:42,384 | server.py:163 | evaluate_round 3: no clients selected, cancel
DEBUG flwr 2023-08-19 20:25:47,140 | server.py:215 | fit_round 4: strategy sampled 8 clients (out of 20)
[2m[36m(launch_and_fit pid=1275299)[0m double free or corruption (fasttop)
[2m[36m(launch_and_fit pid=1275300)[0m malloc_consolidate(): invalid chunk size
DEBUG flwr 2023-08-19 20:26:21,320 | server.py:229 | fit_round 4 received 8 results and 0 failures
[2m[36m(launch_and_fit pid=1275306)[0m malloc_consolidate(): invalid chunk size
INFO flwr 2023-08-19 20:26:21,458 | fed_df.py:463 | Performing server side distillation training...
[2m[36m(launch_and_fit pid=1275299)[0m Fitting Client 10
[2m[36m(launch_and_fit pid=1275300)[0m Fitting Client 7
[2m[36m(launch_and_fit pid=1275305)[0m Fitting Client 0
[2m[36m(launch_and_fit pid=1275304)[0m Fitting Client 1
[2m[36m(launch_and_fit pid=1275306)[0m Fitting Client 18
[2m[36m(launch_and_fit pid=1275307)[0m Fitting Client 12
[2m[36m(launch_and_fit pid=1275302)[0m Fitting Client 17
[2m[36m(launch_and_fit pid=1275303)[0m Fitting Client 13
[2m[36m(launch_and_fit pid=1275305)[0m malloc_consolidate(): invalid chunk size
[2m[36m(launch_and_fit pid=1275303)[0m malloc_consolidate(): invalid chunk size
[2m[36m(launch_and_fit pid=1275307)[0m double free or corruption (fasttop)
[2m[36m(launch_and_fit pid=1275304)[0m malloc_consolidate(): invalid chunk size
INFO flwr 2023-08-19 20:27:04,094 | fed_df.py:540 | Distillation training stopped at step number : 250
INFO flwr 2023-08-19 20:27:04,094 | fed_df.py:547 | Average fusion training loss : 0.06496457974612713, val accuracy : 0.44000000000000006, best val accuracy : 0.4644
INFO flwr 2023-08-19 20:27:04,095 | common.py:35 | Avg. local train loss : 6.649036572873593, train acc : 0.6052611111111111
INFO flwr 2023-08-19 20:27:06,609 | server.py:116 | fit progress: (4, 1.5570992614746093, {'server_test_acc': 0.4539}, 334.83340290468186)
INFO flwr 2023-08-19 20:27:06,609 | server.py:163 | evaluate_round 4: no clients selected, cancel
DEBUG flwr 2023-08-19 20:27:11,140 | server.py:215 | fit_round 5: strategy sampled 8 clients (out of 20)
DEBUG flwr 2023-08-19 20:27:45,829 | server.py:229 | fit_round 5 received 8 results and 0 failures
INFO flwr 2023-08-19 20:27:45,937 | fed_df.py:365 | Warm start at round 5
INFO flwr 2023-08-19 20:27:46,025 | fed_df.py:463 | Performing server side distillation training...
[2m[36m(launch_and_fit pid=1342000)[0m Fitting Client 8
[2m[36m(launch_and_fit pid=1341979)[0m Fitting Client 10
[2m[36m(launch_and_fit pid=1342020)[0m Fitting Client 14
[2m[36m(launch_and_fit pid=1341996)[0m Fitting Client 2
[2m[36m(launch_and_fit pid=1342018)[0m Fitting Client 12
[2m[36m(launch_and_fit pid=1342022)[0m Fitting Client 11
[2m[36m(launch_and_fit pid=1342026)[0m Fitting Client 9
[2m[36m(launch_and_fit pid=1342019)[0m Fitting Client 6
[2m[36m(launch_and_fit pid=1342022)[0m malloc_consolidate(): invalid chunk size
[2m[36m(launch_and_fit pid=1342026)[0m malloc_consolidate(): invalid chunk size
[2m[36m(launch_and_fit pid=1342000)[0m double free or corruption (fasttop)
[2m[36m(launch_and_fit pid=1342018)[0m malloc_consolidate(): invalid chunk size
[2m[36m(launch_and_fit pid=1342019)[0m malloc_consolidate(): invalid chunk size
[2m[36m(launch_and_fit pid=1341996)[0m malloc_consolidate(): invalid chunk size
[2m[36m(launch_and_fit pid=1341979)[0m malloc_consolidate(): invalid chunk size
[2m[36m(launch_and_fit pid=1342020)[0m double free or corruption (fasttop)
E0819 20:28:20.786834465 1301347 chttp2_transport.cc:1079]             ipv4:145.136.62.18:56653: Received a GOAWAY with error code ENHANCE_YOUR_CALM and debug data equal to "too_many_pings". Current keepalive time (before throttling): 480000ms
INFO flwr 2023-08-19 20:28:33,219 | fed_df.py:540 | Distillation training stopped at step number : 250
INFO flwr 2023-08-19 20:28:33,219 | fed_df.py:547 | Average fusion training loss : 0.07133566330373287, val accuracy : 0.438, best val accuracy : 0.4504
INFO flwr 2023-08-19 20:28:33,220 | common.py:35 | Avg. local train loss : 6.7514407053589816, train acc : 0.5976222222222222
INFO flwr 2023-08-19 20:28:35,768 | server.py:116 | fit progress: (5, 1.5996235717773437, {'server_test_acc': 0.4473}, 423.9921079375781)
INFO flwr 2023-08-19 20:28:35,768 | server.py:163 | evaluate_round 5: no clients selected, cancel
DEBUG flwr 2023-08-19 20:28:40,301 | server.py:215 | fit_round 6: strategy sampled 8 clients (out of 20)
[2m[36m(launch_and_fit pid=1408411)[0m double free or corruption (fasttop)
[2m[36m(launch_and_fit pid=1408407)[0m malloc_consolidate(): invalid chunk size
DEBUG flwr 2023-08-19 20:29:14,680 | server.py:229 | fit_round 6 received 8 results and 0 failures
INFO flwr 2023-08-19 20:29:14,817 | fed_df.py:463 | Performing server side distillation training...
[2m[36m(launch_and_fit pid=1408414)[0m Fitting Client 4
[2m[36m(launch_and_fit pid=1408411)[0m Fitting Client 14
[2m[36m(launch_and_fit pid=1408413)[0m Fitting Client 2
[2m[36m(launch_and_fit pid=1408409)[0m Fitting Client 15
[2m[36m(launch_and_fit pid=1408410)[0m Fitting Client 12
[2m[36m(launch_and_fit pid=1408408)[0m Fitting Client 10
[2m[36m(launch_and_fit pid=1408412)[0m Fitting Client 17
[2m[36m(launch_and_fit pid=1408407)[0m Fitting Client 6
E0819 20:29:15.269584029 1394486 chttp2_transport.cc:1079]             ipv4:145.136.62.18:56653: Received a GOAWAY with error code ENHANCE_YOUR_CALM and debug data equal to "too_many_pings". Current keepalive time (before throttling): 960000ms
[2m[36m(launch_and_fit pid=1408412)[0m malloc_consolidate(): invalid chunk size
[2m[36m(launch_and_fit pid=1408409)[0m malloc_consolidate(): invalid chunk size
[2m[36m(launch_and_fit pid=1408410)[0m double free or corruption (fasttop)
[2m[36m(launch_and_fit pid=1408413)[0m double free or corruption (fasttop)
[2m[36m(launch_and_fit pid=1408414)[0m malloc_consolidate(): invalid chunk size
[2m[36m(launch_and_fit pid=1408408)[0m malloc_consolidate(): invalid chunk size
INFO flwr 2023-08-19 20:30:02,090 | fed_df.py:540 | Distillation training stopped at step number : 250
INFO flwr 2023-08-19 20:30:02,091 | fed_df.py:547 | Average fusion training loss : 0.042907365396618845, val accuracy : 0.48651999999999995, best val accuracy : 0.4954
INFO flwr 2023-08-19 20:30:02,092 | common.py:35 | Avg. local train loss : 6.474175693094731, train acc : 0.6207888888888888
INFO flwr 2023-08-19 20:30:04,629 | server.py:116 | fit progress: (6, 1.4444464904785157, {'server_test_acc': 0.4945}, 512.8534535956569)
INFO flwr 2023-08-19 20:30:04,629 | server.py:163 | evaluate_round 6: no clients selected, cancel
DEBUG flwr 2023-08-19 20:30:09,152 | server.py:215 | fit_round 7: strategy sampled 8 clients (out of 20)
[2m[36m(launch_and_fit pid=1474999)[0m malloc_consolidate(): invalid chunk size
DEBUG flwr 2023-08-19 20:30:44,586 | server.py:229 | fit_round 7 received 8 results and 0 failures
INFO flwr 2023-08-19 20:30:44,727 | fed_df.py:463 | Performing server side distillation training...
[2m[36m(launch_and_fit pid=1474999)[0m Fitting Client 7
[2m[36m(launch_and_fit pid=1475001)[0m Fitting Client 18
[2m[36m(launch_and_fit pid=1475003)[0m Fitting Client 17
[2m[36m(launch_and_fit pid=1475006)[0m Fitting Client 8
[2m[36m(launch_and_fit pid=1475007)[0m Fitting Client 13
[2m[36m(launch_and_fit pid=1475008)[0m Fitting Client 14
[2m[36m(launch_and_fit pid=1475010)[0m Fitting Client 6
[2m[36m(launch_and_fit pid=1475009)[0m Fitting Client 9
[2m[36m(launch_and_fit pid=1475010)[0m malloc_consolidate(): invalid chunk size
[2m[36m(launch_and_fit pid=1475001)[0m malloc_consolidate(): invalid chunk size
[2m[36m(launch_and_fit pid=1475006)[0m double free or corruption (fasttop)
[2m[36m(launch_and_fit pid=1475007)[0m malloc_consolidate(): invalid chunk size
[2m[36m(launch_and_fit pid=1475008)[0m double free or corruption (fasttop)
[2m[36m(launch_and_fit pid=1475009)[0m double free or corruption (fasttop)
INFO flwr 2023-08-19 20:31:28,056 | fed_df.py:540 | Distillation training stopped at step number : 250
INFO flwr 2023-08-19 20:31:28,056 | fed_df.py:547 | Average fusion training loss : 0.037000183030962946, val accuracy : 0.49800000000000005, best val accuracy : 0.5132
INFO flwr 2023-08-19 20:31:28,058 | common.py:35 | Avg. local train loss : 6.025576481223107, train acc : 0.6720277777777779
INFO flwr 2023-08-19 20:31:30,600 | server.py:116 | fit progress: (7, 1.518037811279297, {'server_test_acc': 0.5029}, 598.8241740418598)
INFO flwr 2023-08-19 20:31:30,600 | server.py:163 | evaluate_round 7: no clients selected, cancel
DEBUG flwr 2023-08-19 20:31:35,151 | server.py:215 | fit_round 8: strategy sampled 8 clients (out of 20)
[2m[36m(launch_and_fit pid=1541634)[0m malloc_consolidate(): invalid chunk size
[2m[36m(launch_and_fit pid=1541638)[0m double free or corruption (fasttop)
DEBUG flwr 2023-08-19 20:32:10,703 | server.py:229 | fit_round 8 received 8 results and 0 failures
INFO flwr 2023-08-19 20:32:10,850 | fed_df.py:463 | Performing server side distillation training...
[2m[36m(launch_and_fit pid=1541634)[0m Fitting Client 7
[2m[36m(launch_and_fit pid=1541640)[0m Fitting Client 15
[2m[36m(launch_and_fit pid=1541638)[0m Fitting Client 16
[2m[36m(launch_and_fit pid=1541635)[0m Fitting Client 4
[2m[36m(launch_and_fit pid=1541642)[0m Fitting Client 12
[2m[36m(launch_and_fit pid=1541636)[0m Fitting Client 11
[2m[36m(launch_and_fit pid=1541643)[0m Fitting Client 0
[2m[36m(launch_and_fit pid=1541641)[0m Fitting Client 1
[2m[36m(launch_and_fit pid=1541640)[0m malloc_consolidate(): invalid chunk size
E0819 20:32:11.293725011 1501748 chttp2_transport.cc:1079]             ipv4:145.136.62.18:56653: Received a GOAWAY with error code ENHANCE_YOUR_CALM and debug data equal to "too_many_pings". Current keepalive time (before throttling): 1920000ms
[2m[36m(launch_and_fit pid=1541641)[0m malloc_consolidate(): invalid chunk size
[2m[36m(launch_and_fit pid=1541636)[0m malloc_consolidate(): invalid chunk size
[2m[36m(launch_and_fit pid=1541642)[0m double free or corruption (fasttop)
[2m[36m(launch_and_fit pid=1541635)[0m malloc_consolidate(): invalid chunk size
[2m[36m(launch_and_fit pid=1541643)[0m malloc_consolidate(): invalid chunk size
INFO flwr 2023-08-19 20:32:54,330 | fed_df.py:540 | Distillation training stopped at step number : 250
INFO flwr 2023-08-19 20:32:54,331 | fed_df.py:547 | Average fusion training loss : 0.053146588936448094, val accuracy : 0.5382, best val accuracy : 0.5516
INFO flwr 2023-08-19 20:32:54,332 | common.py:35 | Avg. local train loss : 5.9960757084190845, train acc : 0.6726333333333333
INFO flwr 2023-08-19 20:32:56,896 | server.py:116 | fit progress: (8, 1.4105674560546875, {'server_test_acc': 0.5264}, 685.1207175357267)
INFO flwr 2023-08-19 20:32:56,897 | server.py:163 | evaluate_round 8: no clients selected, cancel
DEBUG flwr 2023-08-19 20:33:01,578 | server.py:215 | fit_round 9: strategy sampled 8 clients (out of 20)
[2m[36m(launch_and_fit pid=1632991)[0m malloc_consolidate(): invalid chunk size
DEBUG flwr 2023-08-19 20:33:36,490 | server.py:229 | fit_round 9 received 8 results and 0 failures
INFO flwr 2023-08-19 20:33:36,637 | fed_df.py:463 | Performing server side distillation training...
[2m[36m(launch_and_fit pid=1632947)[0m Fitting Client 13
[2m[36m(launch_and_fit pid=1632945)[0m Fitting Client 3
[2m[36m(launch_and_fit pid=1632991)[0m Fitting Client 6
[2m[36m(launch_and_fit pid=1632906)[0m Fitting Client 4
[2m[36m(launch_and_fit pid=1632998)[0m Fitting Client 14
[2m[36m(launch_and_fit pid=1632999)[0m Fitting Client 9
[2m[36m(launch_and_fit pid=1632946)[0m Fitting Client 5
[2m[36m(launch_and_fit pid=1632955)[0m Fitting Client 2
[2m[36m(launch_and_fit pid=1632945)[0m malloc_consolidate(): invalid chunk size
[2m[36m(launch_and_fit pid=1632947)[0m double free or corruption (fasttop)
[2m[36m(launch_and_fit pid=1632906)[0m malloc_consolidate(): invalid chunk size
[2m[36m(launch_and_fit pid=1632998)[0m double free or corruption (fasttop)
E0819 20:33:37.831632156 1574149 chttp2_transport.cc:1079]             ipv4:145.136.62.18:56653: Received a GOAWAY with error code ENHANCE_YOUR_CALM and debug data equal to "too_many_pings". Current keepalive time (before throttling): 3840000ms
[2m[36m(launch_and_fit pid=1632999)[0m malloc_consolidate(): invalid chunk size
[2m[36m(launch_and_fit pid=1632946)[0m malloc_consolidate(): invalid chunk size
[2m[36m(launch_and_fit pid=1632955)[0m malloc_consolidate(): invalid chunk size
INFO flwr 2023-08-19 20:34:19,560 | fed_df.py:540 | Distillation training stopped at step number : 250
INFO flwr 2023-08-19 20:34:19,560 | fed_df.py:547 | Average fusion training loss : 0.03627740946412086, val accuracy : 0.5388, best val accuracy : 0.5522
INFO flwr 2023-08-19 20:34:19,561 | common.py:35 | Avg. local train loss : 6.2444178268313415, train acc : 0.6509055555555555
INFO flwr 2023-08-19 20:34:22,126 | server.py:116 | fit progress: (9, 1.3914348052978516, {'server_test_acc': 0.5402}, 770.35071994178)
INFO flwr 2023-08-19 20:34:22,127 | server.py:163 | evaluate_round 9: no clients selected, cancel
DEBUG flwr 2023-08-19 20:34:27,040 | server.py:215 | fit_round 10: strategy sampled 8 clients (out of 20)
DEBUG flwr 2023-08-19 20:35:01,519 | server.py:229 | fit_round 10 received 8 results and 0 failures
INFO flwr 2023-08-19 20:35:01,627 | fed_df.py:365 | Warm start at round 10
[2m[36m(launch_and_fit pid=1699677)[0m double free or corruption (fasttop)
[2m[36m(launch_and_fit pid=1699673)[0m malloc_consolidate(): invalid chunk size
INFO flwr 2023-08-19 20:35:01,726 | fed_df.py:463 | Performing server side distillation training...
[2m[36m(launch_and_fit pid=1699677)[0m Fitting Client 12
[2m[36m(launch_and_fit pid=1699673)[0m Fitting Client 0
[2m[36m(launch_and_fit pid=1699671)[0m Fitting Client 14
[2m[36m(launch_and_fit pid=1699672)[0m Fitting Client 8
[2m[36m(launch_and_fit pid=1699674)[0m Fitting Client 10
[2m[36m(launch_and_fit pid=1699675)[0m Fitting Client 3
[2m[36m(launch_and_fit pid=1699670)[0m Fitting Client 16
[2m[36m(launch_and_fit pid=1699676)[0m Fitting Client 17
[2m[36m(launch_and_fit pid=1699670)[0m double free or corruption (fasttop)
[2m[36m(launch_and_fit pid=1699671)[0m malloc_consolidate(): invalid chunk size
[2m[36m(launch_and_fit pid=1699672)[0m malloc_consolidate(): invalid chunk size
[2m[36m(launch_and_fit pid=1699676)[0m malloc_consolidate(): invalid chunk size
[2m[36m(launch_and_fit pid=1699674)[0m double free or corruption (fasttop)
E0819 20:35:03.491104753 1659135 chttp2_transport.cc:1079]             ipv4:145.136.62.18:56653: Received a GOAWAY with error code ENHANCE_YOUR_CALM and debug data equal to "too_many_pings". Current keepalive time (before throttling): 7680000ms
[2m[36m(launch_and_fit pid=1699675)[0m malloc_consolidate(): invalid chunk size
INFO flwr 2023-08-19 20:35:44,544 | fed_df.py:540 | Distillation training stopped at step number : 250
INFO flwr 2023-08-19 20:35:44,544 | fed_df.py:547 | Average fusion training loss : 0.028942137584090234, val accuracy : 0.6008, best val accuracy : 0.6084
INFO flwr 2023-08-19 20:35:44,545 | common.py:35 | Avg. local train loss : 5.849970281124116, train acc : 0.6906888888888889
INFO flwr 2023-08-19 20:35:47,076 | server.py:116 | fit progress: (10, 1.2497310150146483, {'server_test_acc': 0.5947}, 855.3006613086909)
INFO flwr 2023-08-19 20:35:47,077 | server.py:163 | evaluate_round 10: no clients selected, cancel
DEBUG flwr 2023-08-19 20:35:51,874 | server.py:215 | fit_round 11: strategy sampled 8 clients (out of 20)
DEBUG flwr 2023-08-19 20:36:26,025 | server.py:229 | fit_round 11 received 8 results and 0 failures
INFO flwr 2023-08-19 20:36:26,172 | fed_df.py:463 | Performing server side distillation training...
[2m[36m(launch_and_fit pid=1766215)[0m Fitting Client 10
[2m[36m(launch_and_fit pid=1766228)[0m Fitting Client 9
[2m[36m(launch_and_fit pid=1766227)[0m Fitting Client 3
[2m[36m(launch_and_fit pid=1766231)[0m Fitting Client 7
[2m[36m(launch_and_fit pid=1766211)[0m Fitting Client 8
[2m[36m(launch_and_fit pid=1766230)[0m Fitting Client 0
[2m[36m(launch_and_fit pid=1766223)[0m Fitting Client 13
[2m[36m(launch_and_fit pid=1766229)[0m Fitting Client 2
[2m[36m(launch_and_fit pid=1766215)[0m double free or corruption (fasttop)
[2m[36m(launch_and_fit pid=1766211)[0m double free or corruption (fasttop)
[2m[36m(launch_and_fit pid=1766223)[0m malloc_consolidate(): invalid chunk size
[2m[36m(launch_and_fit pid=1766227)[0m malloc_consolidate(): invalid chunk size
[2m[36m(launch_and_fit pid=1766228)[0m malloc_consolidate(): invalid chunk size
[2m[36m(launch_and_fit pid=1766230)[0m double free or corruption (fasttop)
[2m[36m(launch_and_fit pid=1766229)[0m malloc_consolidate(): invalid chunk size
E0819 20:36:28.264539561 1726168 chttp2_transport.cc:1079]             ipv4:145.136.62.18:56653: Received a GOAWAY with error code ENHANCE_YOUR_CALM and debug data equal to "too_many_pings". Current keepalive time (before throttling): 15360000ms
[2m[36m(launch_and_fit pid=1766231)[0m malloc_consolidate(): invalid chunk size
INFO flwr 2023-08-19 20:37:09,364 | fed_df.py:540 | Distillation training stopped at step number : 250
INFO flwr 2023-08-19 20:37:09,364 | fed_df.py:547 | Average fusion training loss : 0.040977134235203265, val accuracy : 0.57636, best val accuracy : 0.587
INFO flwr 2023-08-19 20:37:09,365 | common.py:35 | Avg. local train loss : 5.563955670595169, train acc : 0.7202388888888889
INFO flwr 2023-08-19 20:37:11,921 | server.py:116 | fit progress: (11, 1.3665502044677735, {'server_test_acc': 0.575}, 940.1450597648509)
INFO flwr 2023-08-19 20:37:11,921 | server.py:163 | evaluate_round 11: no clients selected, cancel
DEBUG flwr 2023-08-19 20:37:16,606 | server.py:215 | fit_round 12: strategy sampled 8 clients (out of 20)
[2m[36m(launch_and_fit pid=1832917)[0m malloc_consolidate(): invalid chunk size
DEBUG flwr 2023-08-19 20:37:51,776 | server.py:229 | fit_round 12 received 8 results and 0 failures
INFO flwr 2023-08-19 20:37:51,925 | fed_df.py:463 | Performing server side distillation training...
[2m[36m(launch_and_fit pid=1832912)[0m Fitting Client 5
[2m[36m(launch_and_fit pid=1832911)[0m Fitting Client 8
[2m[36m(launch_and_fit pid=1832916)[0m Fitting Client 3
[2m[36m(launch_and_fit pid=1832914)[0m Fitting Client 16
[2m[36m(launch_and_fit pid=1832915)[0m Fitting Client 13
[2m[36m(launch_and_fit pid=1832919)[0m Fitting Client 10
[2m[36m(launch_and_fit pid=1832918)[0m Fitting Client 4
[2m[36m(launch_and_fit pid=1832917)[0m Fitting Client 18
[2m[36m(launch_and_fit pid=1832912)[0m malloc_consolidate(): invalid chunk size
[2m[36m(launch_and_fit pid=1832914)[0m double free or corruption (fasttop)
E0819 20:37:52.773163096 1858419 chttp2_transport.cc:1079]             ipv4:145.136.62.18:56653: Received a GOAWAY with error code ENHANCE_YOUR_CALM and debug data equal to "too_many_pings". Current keepalive time (before throttling): 30720000ms
[2m[36m(launch_and_fit pid=1832919)[0m malloc_consolidate(): invalid chunk size
[2m[36m(launch_and_fit pid=1832916)[0m double free or corruption (fasttop)
[2m[36m(launch_and_fit pid=1832918)[0m malloc_consolidate(): invalid chunk size
[2m[36m(launch_and_fit pid=1832911)[0m malloc_consolidate(): invalid chunk size
[2m[36m(launch_and_fit pid=1832915)[0m double free or corruption (fasttop)
E0819 20:37:54.122029888 1858688 chttp2_transport.cc:1079]             ipv4:145.136.62.18:56653: Received a GOAWAY with error code ENHANCE_YOUR_CALM and debug data equal to "too_many_pings". Current keepalive time (before throttling): 61440000ms
INFO flwr 2023-08-19 20:38:40,346 | fed_df.py:540 | Distillation training stopped at step number : 250
INFO flwr 2023-08-19 20:38:40,346 | fed_df.py:547 | Average fusion training loss : 0.030435136906802655, val accuracy : 0.5760400000000001, best val accuracy : 0.5902
INFO flwr 2023-08-19 20:38:40,347 | common.py:35 | Avg. local train loss : 5.627311893552542, train acc : 0.71305
INFO flwr 2023-08-19 20:38:42,892 | server.py:116 | fit progress: (12, 1.2971235809326171, {'server_test_acc': 0.5783}, 1031.1166422739625)
INFO flwr 2023-08-19 20:38:42,893 | server.py:163 | evaluate_round 12: no clients selected, cancel
DEBUG flwr 2023-08-19 20:38:47,686 | server.py:215 | fit_round 13: strategy sampled 8 clients (out of 20)
[2m[36m(launch_and_fit pid=1899394)[0m double free or corruption (fasttop)
DEBUG flwr 2023-08-19 20:39:22,008 | server.py:229 | fit_round 13 received 8 results and 0 failures
INFO flwr 2023-08-19 20:39:22,155 | fed_df.py:463 | Performing server side distillation training...
[2m[36m(launch_and_fit pid=1899394)[0m Fitting Client 4
[2m[36m(launch_and_fit pid=1899391)[0m Fitting Client 16
[2m[36m(launch_and_fit pid=1899393)[0m Fitting Client 6
[2m[36m(launch_and_fit pid=1899397)[0m Fitting Client 8
[2m[36m(launch_and_fit pid=1899399)[0m Fitting Client 12
[2m[36m(launch_and_fit pid=1899396)[0m Fitting Client 14
[2m[36m(launch_and_fit pid=1899398)[0m Fitting Client 5
[2m[36m(launch_and_fit pid=1899395)[0m Fitting Client 11
[2m[36m(launch_and_fit pid=1899391)[0m malloc_consolidate(): invalid chunk size
[2m[36m(launch_and_fit pid=1899399)[0m malloc_consolidate(): invalid chunk size
[2m[36m(launch_and_fit pid=1899395)[0m double free or corruption (fasttop)
[2m[36m(launch_and_fit pid=1899397)[0m malloc_consolidate(): invalid chunk size
[2m[36m(launch_and_fit pid=1899398)[0m malloc_consolidate(): invalid chunk size
[2m[36m(launch_and_fit pid=1899396)[0m double free or corruption (fasttop)
[2m[36m(launch_and_fit pid=1899393)[0m malloc_consolidate(): invalid chunk size
INFO flwr 2023-08-19 20:40:05,804 | fed_df.py:540 | Distillation training stopped at step number : 250
INFO flwr 2023-08-19 20:40:05,805 | fed_df.py:547 | Average fusion training loss : 0.025424587778747083, val accuracy : 0.61448, best val accuracy : 0.6242
INFO flwr 2023-08-19 20:40:05,806 | common.py:35 | Avg. local train loss : 5.781080090999603, train acc : 0.6956722222222221
INFO flwr 2023-08-19 20:40:08,374 | server.py:116 | fit progress: (13, 1.2644812469482423, {'server_test_acc': 0.6123}, 1116.5980297448114)
INFO flwr 2023-08-19 20:40:08,374 | server.py:163 | evaluate_round 13: no clients selected, cancel
DEBUG flwr 2023-08-19 20:40:12,994 | server.py:215 | fit_round 14: strategy sampled 8 clients (out of 20)
DEBUG flwr 2023-08-19 20:40:47,206 | server.py:229 | fit_round 14 received 8 results and 0 failures
INFO flwr 2023-08-19 20:40:47,354 | fed_df.py:463 | Performing server side distillation training...
[2m[36m(launch_and_fit pid=1966179)[0m Fitting Client 0
[2m[36m(launch_and_fit pid=1966181)[0m Fitting Client 19
[2m[36m(launch_and_fit pid=1966183)[0m Fitting Client 3
[2m[36m(launch_and_fit pid=1966184)[0m Fitting Client 12
[2m[36m(launch_and_fit pid=1966185)[0m Fitting Client 5
[2m[36m(launch_and_fit pid=1966182)[0m Fitting Client 15
[2m[36m(launch_and_fit pid=1966186)[0m Fitting Client 14
[2m[36m(launch_and_fit pid=1966180)[0m Fitting Client 10
[2m[36m(launch_and_fit pid=1966181)[0m malloc_consolidate(): invalid chunk size
[2m[36m(launch_and_fit pid=1966184)[0m malloc_consolidate(): invalid chunk size
[2m[36m(launch_and_fit pid=1966185)[0m double free or corruption (fasttop)
[2m[36m(launch_and_fit pid=1966182)[0m malloc_consolidate(): invalid chunk size
[2m[36m(launch_and_fit pid=1966179)[0m malloc_consolidate(): invalid chunk size
[2m[36m(launch_and_fit pid=1966186)[0m double free or corruption (fasttop)
[2m[36m(launch_and_fit pid=1966180)[0m malloc_consolidate(): invalid chunk size
[2m[36m(launch_and_fit pid=1966183)[0m malloc_consolidate(): invalid chunk size
E0819 20:40:51.157999548 1993317 chttp2_transport.cc:1079]             ipv4:145.136.62.18:56653: Received a GOAWAY with error code ENHANCE_YOUR_CALM and debug data equal to "too_many_pings". Current keepalive time (before throttling): 122880000ms
INFO flwr 2023-08-19 20:41:31,142 | fed_df.py:540 | Distillation training stopped at step number : 250
INFO flwr 2023-08-19 20:41:31,143 | fed_df.py:547 | Average fusion training loss : 0.024447830997407435, val accuracy : 0.60512, best val accuracy : 0.61
INFO flwr 2023-08-19 20:41:31,144 | common.py:35 | Avg. local train loss : 5.573207924515009, train acc : 0.7153166666666666
INFO flwr 2023-08-19 20:41:33,749 | server.py:116 | fit progress: (14, 1.2738899322509765, {'server_test_acc': 0.5933}, 1201.9729928700253)
INFO flwr 2023-08-19 20:41:33,749 | server.py:163 | evaluate_round 14: no clients selected, cancel
DEBUG flwr 2023-08-19 20:41:38,406 | server.py:215 | fit_round 15: strategy sampled 8 clients (out of 20)
[2m[36m(launch_and_fit pid=2032601)[0m malloc_consolidate(): invalid chunk size
[2m[36m(launch_and_fit pid=2032600)[0m malloc_consolidate(): invalid chunk size
DEBUG flwr 2023-08-19 20:42:12,566 | server.py:229 | fit_round 15 received 8 results and 0 failures
INFO flwr 2023-08-19 20:42:12,673 | fed_df.py:365 | Warm start at round 15
INFO flwr 2023-08-19 20:42:12,770 | fed_df.py:463 | Performing server side distillation training...
[2m[36m(launch_and_fit pid=2032600)[0m Fitting Client 9
[2m[36m(launch_and_fit pid=2032601)[0m Fitting Client 1
[2m[36m(launch_and_fit pid=2032603)[0m Fitting Client 18
[2m[36m(launch_and_fit pid=2032602)[0m Fitting Client 7
[2m[36m(launch_and_fit pid=2032605)[0m Fitting Client 2
[2m[36m(launch_and_fit pid=2032607)[0m Fitting Client 17
[2m[36m(launch_and_fit pid=2032604)[0m Fitting Client 11
[2m[36m(launch_and_fit pid=2032606)[0m Fitting Client 16
[2m[36m(launch_and_fit pid=2032603)[0m malloc_consolidate(): invalid chunk size
[2m[36m(launch_and_fit pid=2032605)[0m malloc_consolidate(): invalid chunk size
[2m[36m(launch_and_fit pid=2032602)[0m malloc_consolidate(): invalid chunk size
E0819 20:42:13.767796766 1994296 chttp2_transport.cc:1079]             ipv4:145.136.62.18:56653: Received a GOAWAY with error code ENHANCE_YOUR_CALM and debug data equal to "too_many_pings". Current keepalive time (before throttling): 245760000ms
E0819 20:42:13.767902789 1994296 chttp2_transport.cc:1079]             ipv4:145.136.62.18:56653: Received a GOAWAY with error code ENHANCE_YOUR_CALM and debug data equal to "too_many_pings". Current keepalive time (before throttling): 245760000ms
E0819 20:42:13.767920608 1994296 chttp2_transport.cc:1079]             ipv4:145.136.62.18:56653: Received a GOAWAY with error code ENHANCE_YOUR_CALM and debug data equal to "too_many_pings". Current keepalive time (before throttling): 245760000ms
[2m[36m(launch_and_fit pid=2032607)[0m double free or corruption (fasttop)
[2m[36m(launch_and_fit pid=2032604)[0m malloc_consolidate(): invalid chunk size
[2m[36m(launch_and_fit pid=2032606)[0m malloc_consolidate(): invalid chunk size
INFO flwr 2023-08-19 20:42:56,383 | fed_df.py:540 | Distillation training stopped at step number : 250
INFO flwr 2023-08-19 20:42:56,384 | fed_df.py:547 | Average fusion training loss : 0.0349734268411994, val accuracy : 0.5908, best val accuracy : 0.6042
INFO flwr 2023-08-19 20:42:56,385 | common.py:35 | Avg. local train loss : 5.51073561385274, train acc : 0.7237055555555556
INFO flwr 2023-08-19 20:42:58,924 | server.py:116 | fit progress: (15, 1.28221552734375, {'server_test_acc': 0.5963}, 1287.1479724990204)
INFO flwr 2023-08-19 20:42:58,924 | server.py:163 | evaluate_round 15: no clients selected, cancel
DEBUG flwr 2023-08-19 20:43:03,811 | server.py:215 | fit_round 16: strategy sampled 8 clients (out of 20)
[2m[36m(launch_and_fit pid=2099259)[0m double free or corruption (fasttop)
DEBUG flwr 2023-08-19 20:43:38,230 | server.py:229 | fit_round 16 received 8 results and 0 failures
INFO flwr 2023-08-19 20:43:38,380 | fed_df.py:463 | Performing server side distillation training...
[2m[36m(launch_and_fit pid=2099259)[0m Fitting Client 15
[2m[36m(launch_and_fit pid=2099256)[0m Fitting Client 2
[2m[36m(launch_and_fit pid=2099254)[0m Fitting Client 17
[2m[36m(launch_and_fit pid=2099261)[0m Fitting Client 4
[2m[36m(launch_and_fit pid=2099262)[0m Fitting Client 8
[2m[36m(launch_and_fit pid=2099263)[0m Fitting Client 19
[2m[36m(launch_and_fit pid=2099258)[0m Fitting Client 18
[2m[36m(launch_and_fit pid=2099264)[0m Fitting Client 16
[2m[36m(launch_and_fit pid=2099258)[0m double free or corruption (fasttop)
E0819 20:43:39.066246160 2124218 chttp2_transport.cc:1079]             ipv4:145.136.62.18:56653: Received a GOAWAY with error code ENHANCE_YOUR_CALM and debug data equal to "too_many_pings". Current keepalive time (before throttling): 491520000ms
[2m[36m(launch_and_fit pid=2099254)[0m malloc_consolidate(): invalid chunk size
[2m[36m(launch_and_fit pid=2099262)[0m malloc_consolidate(): invalid chunk size
[2m[36m(launch_and_fit pid=2099261)[0m malloc_consolidate(): invalid chunk size
[2m[36m(launch_and_fit pid=2099264)[0m malloc_consolidate(): invalid chunk size
[2m[36m(launch_and_fit pid=2099263)[0m double free or corruption (fasttop)
[2m[36m(launch_and_fit pid=2099256)[0m double free or corruption (fasttop)
INFO flwr 2023-08-19 20:44:21,998 | fed_df.py:540 | Distillation training stopped at step number : 250
INFO flwr 2023-08-19 20:44:21,998 | fed_df.py:547 | Average fusion training loss : 0.02745875655859709, val accuracy : 0.57272, best val accuracy : 0.5826
INFO flwr 2023-08-19 20:44:21,999 | common.py:35 | Avg. local train loss : 5.281937612593174, train acc : 0.7453111111111113
INFO flwr 2023-08-19 20:44:24,541 | server.py:116 | fit progress: (16, 1.3125508209228516, {'server_test_acc': 0.5717}, 1372.7653019716963)
INFO flwr 2023-08-19 20:44:24,541 | server.py:163 | evaluate_round 16: no clients selected, cancel
DEBUG flwr 2023-08-19 20:44:29,164 | server.py:215 | fit_round 17: strategy sampled 8 clients (out of 20)
[2m[36m(launch_and_fit pid=2165887)[0m double free or corruption (fasttop)
DEBUG flwr 2023-08-19 20:45:04,645 | server.py:229 | fit_round 17 received 8 results and 0 failures
[2m[36m(launch_and_fit pid=2165888)[0m malloc_consolidate(): invalid chunk size
INFO flwr 2023-08-19 20:45:04,794 | fed_df.py:463 | Performing server side distillation training...
[2m[36m(launch_and_fit pid=2165881)[0m Fitting Client 13
[2m[36m(launch_and_fit pid=2165887)[0m Fitting Client 17
[2m[36m(launch_and_fit pid=2165890)[0m Fitting Client 10
[2m[36m(launch_and_fit pid=2165889)[0m Fitting Client 9
[2m[36m(launch_and_fit pid=2165891)[0m Fitting Client 18
[2m[36m(launch_and_fit pid=2165886)[0m Fitting Client 6
[2m[36m(launch_and_fit pid=2165885)[0m Fitting Client 16
[2m[36m(launch_and_fit pid=2165888)[0m Fitting Client 19
[2m[36m(launch_and_fit pid=2165891)[0m malloc_consolidate(): invalid chunk size
[2m[36m(launch_and_fit pid=2165890)[0m malloc_consolidate(): invalid chunk size
[2m[36m(launch_and_fit pid=2165885)[0m double free or corruption (fasttop)
[2m[36m(launch_and_fit pid=2165881)[0m double free or corruption (fasttop)
E0819 20:45:06.639009048 2191689 chttp2_transport.cc:1079]             ipv4:145.136.62.18:56653: Received a GOAWAY with error code ENHANCE_YOUR_CALM and debug data equal to "too_many_pings". Current keepalive time (before throttling): 983040000ms
[2m[36m(launch_and_fit pid=2165889)[0m double free or corruption (fasttop)
E0819 20:45:46.226448022 2192265 chttp2_transport.cc:1079]             ipv4:145.136.62.18:56653: Received a GOAWAY with error code ENHANCE_YOUR_CALM and debug data equal to "too_many_pings". Current keepalive time (before throttling): 1966080000ms
INFO flwr 2023-08-19 20:45:48,463 | fed_df.py:540 | Distillation training stopped at step number : 250
INFO flwr 2023-08-19 20:45:48,463 | fed_df.py:547 | Average fusion training loss : 0.027758334293961524, val accuracy : 0.5910400000000001, best val accuracy : 0.5994
INFO flwr 2023-08-19 20:45:48,464 | common.py:35 | Avg. local train loss : 5.322914900630712, train acc : 0.7414666666666667
INFO flwr 2023-08-19 20:45:51,096 | server.py:116 | fit progress: (17, 1.2714389526367187, {'server_test_acc': 0.5866}, 1459.3198502487503)
INFO flwr 2023-08-19 20:45:51,096 | server.py:163 | evaluate_round 17: no clients selected, cancel
DEBUG flwr 2023-08-19 20:45:55,804 | server.py:215 | fit_round 18: strategy sampled 8 clients (out of 20)
[2m[36m(launch_and_fit pid=2232449)[0m double free or corruption (fasttop)
DEBUG flwr 2023-08-19 20:46:30,834 | server.py:229 | fit_round 18 received 8 results and 0 failures
[2m[36m(launch_and_fit pid=2232453)[0m double free or corruption (fasttop)
INFO flwr 2023-08-19 20:46:30,981 | fed_df.py:463 | Performing server side distillation training...
[2m[36m(launch_and_fit pid=2232449)[0m Fitting Client 18
[2m[36m(launch_and_fit pid=2232447)[0m Fitting Client 11
[2m[36m(launch_and_fit pid=2232450)[0m Fitting Client 3
[2m[36m(launch_and_fit pid=2232448)[0m Fitting Client 14
[2m[36m(launch_and_fit pid=2232445)[0m Fitting Client 16
[2m[36m(launch_and_fit pid=2232452)[0m Fitting Client 15
[2m[36m(launch_and_fit pid=2232451)[0m Fitting Client 17
[2m[36m(launch_and_fit pid=2232453)[0m Fitting Client 1
[2m[36m(launch_and_fit pid=2232445)[0m malloc_consolidate(): invalid chunk size
E0819 20:46:31.746356635 2257747 chttp2_transport.cc:1079]             ipv4:145.136.62.18:56653: Received a GOAWAY with error code ENHANCE_YOUR_CALM and debug data equal to "too_many_pings". Current keepalive time (before throttling): ∞
[2m[36m(launch_and_fit pid=2232448)[0m malloc_consolidate(): invalid chunk size
[2m[36m(launch_and_fit pid=2232450)[0m double free or corruption (fasttop)
[2m[36m(launch_and_fit pid=2232451)[0m malloc_consolidate(): invalid chunk size
[2m[36m(launch_and_fit pid=2232452)[0m malloc_consolidate(): invalid chunk size
[2m[36m(launch_and_fit pid=2232447)[0m double free or corruption (fasttop)
INFO flwr 2023-08-19 20:47:14,985 | fed_df.py:540 | Distillation training stopped at step number : 250
INFO flwr 2023-08-19 20:47:14,985 | fed_df.py:547 | Average fusion training loss : 0.039032430313527586, val accuracy : 0.5835600000000001, best val accuracy : 0.5878
INFO flwr 2023-08-19 20:47:14,987 | common.py:35 | Avg. local train loss : 5.449803498387336, train acc : 0.7298444444444444
INFO flwr 2023-08-19 20:47:17,568 | server.py:116 | fit progress: (18, 1.3244917785644532, {'server_test_acc': 0.5808}, 1545.7924153236672)
INFO flwr 2023-08-19 20:47:17,568 | server.py:163 | evaluate_round 18: no clients selected, cancel
DEBUG flwr 2023-08-19 20:47:22,526 | server.py:215 | fit_round 19: strategy sampled 8 clients (out of 20)
DEBUG flwr 2023-08-19 20:47:56,654 | server.py:229 | fit_round 19 received 8 results and 0 failures
[2m[36m(launch_and_fit pid=2311948)[0m double free or corruption (fasttop)
INFO flwr 2023-08-19 20:47:56,838 | fed_df.py:463 | Performing server side distillation training...
[2m[36m(launch_and_fit pid=2311948)[0m Fitting Client 17
[2m[36m(launch_and_fit pid=2311944)[0m Fitting Client 0
[2m[36m(launch_and_fit pid=2311947)[0m Fitting Client 10
[2m[36m(launch_and_fit pid=2311949)[0m Fitting Client 7
[2m[36m(launch_and_fit pid=2311951)[0m Fitting Client 18
[2m[36m(launch_and_fit pid=2311953)[0m Fitting Client 11
[2m[36m(launch_and_fit pid=2311950)[0m Fitting Client 16
[2m[36m(launch_and_fit pid=2311952)[0m Fitting Client 1
E0819 20:47:57.648008494 2343224 chttp2_transport.cc:1079]             ipv4:145.136.62.18:56653: Received a GOAWAY with error code ENHANCE_YOUR_CALM and debug data equal to "too_many_pings". Current keepalive time (before throttling): ∞
[2m[36m(launch_and_fit pid=2311944)[0m double free or corruption (fasttop)
[2m[36m(launch_and_fit pid=2311952)[0m malloc_consolidate(): invalid chunk size
[2m[36m(launch_and_fit pid=2311951)[0m double free or corruption (fasttop)
[2m[36m(launch_and_fit pid=2311947)[0m malloc_consolidate(): invalid chunk size
[2m[36m(launch_and_fit pid=2311950)[0m malloc_consolidate(): invalid chunk size
[2m[36m(launch_and_fit pid=2311949)[0m malloc_consolidate(): invalid chunk size
[2m[36m(launch_and_fit pid=2311953)[0m double free or corruption (fasttop)
INFO flwr 2023-08-19 20:48:44,364 | fed_df.py:540 | Distillation training stopped at step number : 250
INFO flwr 2023-08-19 20:48:44,364 | fed_df.py:547 | Average fusion training loss : 0.025951658710837364, val accuracy : 0.6296, best val accuracy : 0.6328
INFO flwr 2023-08-19 20:48:44,365 | common.py:35 | Avg. local train loss : 5.280793106555939, train acc : 0.7477833333333334
INFO flwr 2023-08-19 20:48:46,971 | server.py:116 | fit progress: (19, 1.2465733337402343, {'server_test_acc': 0.6187}, 1635.1954303369857)
INFO flwr 2023-08-19 20:48:46,971 | server.py:163 | evaluate_round 19: no clients selected, cancel
DEBUG flwr 2023-08-19 20:48:51,633 | server.py:215 | fit_round 20: strategy sampled 8 clients (out of 20)
[2m[36m(launch_and_fit pid=2388653)[0m double free or corruption (fasttop)
DEBUG flwr 2023-08-19 20:49:25,297 | server.py:229 | fit_round 20 received 8 results and 0 failures
INFO flwr 2023-08-19 20:49:25,405 | fed_df.py:365 | Warm start at round 20
[2m[36m(launch_and_fit pid=2388655)[0m malloc_consolidate(): invalid chunk size
INFO flwr 2023-08-19 20:49:25,502 | fed_df.py:463 | Performing server side distillation training...
[2m[36m(launch_and_fit pid=2388655)[0m Fitting Client 16
[2m[36m(launch_and_fit pid=2388653)[0m Fitting Client 2
[2m[36m(launch_and_fit pid=2388649)[0m Fitting Client 7
[2m[36m(launch_and_fit pid=2388656)[0m Fitting Client 8
[2m[36m(launch_and_fit pid=2388652)[0m Fitting Client 1
[2m[36m(launch_and_fit pid=2388654)[0m Fitting Client 3
[2m[36m(launch_and_fit pid=2388650)[0m Fitting Client 19
[2m[36m(launch_and_fit pid=2388651)[0m Fitting Client 10
[2m[36m(launch_and_fit pid=2388650)[0m malloc_consolidate(): invalid chunk size
[2m[36m(launch_and_fit pid=2388654)[0m double free or corruption (fasttop)
[2m[36m(launch_and_fit pid=2388651)[0m double free or corruption (fasttop)
[2m[36m(launch_and_fit pid=2388656)[0m malloc_consolidate(): invalid chunk size
[2m[36m(launch_and_fit pid=2388649)[0m malloc_consolidate(): invalid chunk size
[2m[36m(launch_and_fit pid=2388652)[0m malloc_consolidate(): invalid chunk size
INFO flwr 2023-08-19 20:50:10,264 | fed_df.py:540 | Distillation training stopped at step number : 250
INFO flwr 2023-08-19 20:50:10,264 | fed_df.py:547 | Average fusion training loss : 0.02301058303937316, val accuracy : 0.63472, best val accuracy : 0.6426
INFO flwr 2023-08-19 20:50:10,265 | common.py:35 | Avg. local train loss : 5.335498064756393, train acc : 0.7434722222222222
INFO flwr 2023-08-19 20:50:12,872 | server.py:116 | fit progress: (20, 1.2683923706054687, {'server_test_acc': 0.6227}, 1721.0967271886766)
INFO flwr 2023-08-19 20:50:12,873 | server.py:163 | evaluate_round 20: no clients selected, cancel
DEBUG flwr 2023-08-19 20:50:17,511 | server.py:215 | fit_round 21: strategy sampled 8 clients (out of 20)
[2m[36m(launch_and_fit pid=2455122)[0m malloc_consolidate(): invalid chunk size
DEBUG flwr 2023-08-19 20:50:49,037 | server.py:229 | fit_round 21 received 8 results and 0 failures
[2m[36m(launch_and_fit pid=2455126)[0m double free or corruption (fasttop)
INFO flwr 2023-08-19 20:50:49,185 | fed_df.py:463 | Performing server side distillation training...
[2m[36m(launch_and_fit pid=2455122)[0m Fitting Client 15
[2m[36m(launch_and_fit pid=2455127)[0m Fitting Client 12
[2m[36m(launch_and_fit pid=2455126)[0m Fitting Client 18
[2m[36m(launch_and_fit pid=2455123)[0m Fitting Client 4
[2m[36m(launch_and_fit pid=2455120)[0m Fitting Client 8
[2m[36m(launch_and_fit pid=2455124)[0m Fitting Client 7
[2m[36m(launch_and_fit pid=2455125)[0m Fitting Client 3
[2m[36m(launch_and_fit pid=2455121)[0m Fitting Client 6
E0819 20:50:49.572723954 2479793 chttp2_transport.cc:1079]             ipv4:145.136.62.18:56653: Received a GOAWAY with error code ENHANCE_YOUR_CALM and debug data equal to "too_many_pings". Current keepalive time (before throttling): ∞
[2m[36m(launch_and_fit pid=2455125)[0m double free or corruption (fasttop)
[2m[36m(launch_and_fit pid=2455120)[0m malloc_consolidate(): invalid chunk size
[2m[36m(launch_and_fit pid=2455121)[0m double free or corruption (fasttop)
[2m[36m(launch_and_fit pid=2455123)[0m malloc_consolidate(): invalid chunk size
[2m[36m(launch_and_fit pid=2455127)[0m malloc_consolidate(): invalid chunk size
[2m[36m(launch_and_fit pid=2455124)[0m malloc_consolidate(): invalid chunk size
INFO flwr 2023-08-19 20:51:35,725 | fed_df.py:540 | Distillation training stopped at step number : 250
INFO flwr 2023-08-19 20:51:35,726 | fed_df.py:547 | Average fusion training loss : 0.020277302347123622, val accuracy : 0.6561999999999999, best val accuracy : 0.6612
INFO flwr 2023-08-19 20:51:35,727 | common.py:35 | Avg. local train loss : 5.2034081317484375, train acc : 0.7557833333333333
INFO flwr 2023-08-19 20:51:38,427 | server.py:116 | fit progress: (21, 1.2059905242919922, {'server_test_acc': 0.6475}, 1806.651659536641)
INFO flwr 2023-08-19 20:51:38,428 | server.py:163 | evaluate_round 21: no clients selected, cancel
DEBUG flwr 2023-08-19 20:51:43,204 | server.py:215 | fit_round 22: strategy sampled 8 clients (out of 20)
DEBUG flwr 2023-08-19 20:52:15,303 | server.py:229 | fit_round 22 received 8 results and 0 failures
INFO flwr 2023-08-19 20:52:15,453 | fed_df.py:463 | Performing server side distillation training...
[2m[36m(launch_and_fit pid=2522195)[0m Fitting Client 3
[2m[36m(launch_and_fit pid=2522196)[0m Fitting Client 13
[2m[36m(launch_and_fit pid=2522204)[0m Fitting Client 15
[2m[36m(launch_and_fit pid=2522205)[0m Fitting Client 5
[2m[36m(launch_and_fit pid=2522203)[0m Fitting Client 18
[2m[36m(launch_and_fit pid=2522202)[0m Fitting Client 19
[2m[36m(launch_and_fit pid=2522198)[0m Fitting Client 6
[2m[36m(launch_and_fit pid=2522201)[0m Fitting Client 17
[2m[36m(launch_and_fit pid=2522195)[0m malloc_consolidate(): invalid chunk size
[2m[36m(launch_and_fit pid=2522203)[0m double free or corruption (fasttop)
[2m[36m(launch_and_fit pid=2522196)[0m malloc_consolidate(): invalid chunk size
[2m[36m(launch_and_fit pid=2522198)[0m malloc_consolidate(): invalid chunk size
[2m[36m(launch_and_fit pid=2522202)[0m double free or corruption (fasttop)
[2m[36m(launch_and_fit pid=2522204)[0m double free or corruption (fasttop)
[2m[36m(launch_and_fit pid=2522205)[0m malloc_consolidate(): invalid chunk size
[2m[36m(launch_and_fit pid=2522201)[0m malloc_consolidate(): invalid chunk size
E0819 20:52:17.681639318 2480130 chttp2_transport.cc:1079]             ipv4:145.136.62.18:56653: Received a GOAWAY with error code ENHANCE_YOUR_CALM and debug data equal to "too_many_pings". Current keepalive time (before throttling): ∞
INFO flwr 2023-08-19 20:52:59,366 | fed_df.py:540 | Distillation training stopped at step number : 250
INFO flwr 2023-08-19 20:52:59,366 | fed_df.py:547 | Average fusion training loss : 0.02122460016980767, val accuracy : 0.59744, best val accuracy : 0.6084
INFO flwr 2023-08-19 20:52:59,367 | common.py:35 | Avg. local train loss : 5.199246922880412, train acc : 0.7564555555555555
INFO flwr 2023-08-19 20:53:01,978 | server.py:116 | fit progress: (22, 1.2875377136230468, {'server_test_acc': 0.5976}, 1890.202669822611)
INFO flwr 2023-08-19 20:53:01,979 | server.py:163 | evaluate_round 22: no clients selected, cancel
DEBUG flwr 2023-08-19 20:53:06,667 | server.py:215 | fit_round 23: strategy sampled 8 clients (out of 20)
[2m[36m(launch_and_fit pid=2588595)[0m malloc_consolidate(): invalid chunk size
DEBUG flwr 2023-08-19 20:53:38,264 | server.py:229 | fit_round 23 received 8 results and 0 failures
INFO flwr 2023-08-19 20:53:38,415 | fed_df.py:463 | Performing server side distillation training...
[2m[36m(launch_and_fit pid=2588595)[0m Fitting Client 1
[2m[36m(launch_and_fit pid=2588597)[0m Fitting Client 3
[2m[36m(launch_and_fit pid=2588594)[0m Fitting Client 14
[2m[36m(launch_and_fit pid=2588600)[0m Fitting Client 18
[2m[36m(launch_and_fit pid=2588602)[0m Fitting Client 5
[2m[36m(launch_and_fit pid=2588601)[0m Fitting Client 15
[2m[36m(launch_and_fit pid=2588598)[0m Fitting Client 12
[2m[36m(launch_and_fit pid=2588599)[0m Fitting Client 11
[2m[36m(launch_and_fit pid=2588600)[0m malloc_consolidate(): invalid chunk size
[2m[36m(launch_and_fit pid=2588597)[0m double free or corruption (fasttop)
[2m[36m(launch_and_fit pid=2588602)[0m double free or corruption (fasttop)
[2m[36m(launch_and_fit pid=2588601)[0m malloc_consolidate(): invalid chunk size
[2m[36m(launch_and_fit pid=2588594)[0m malloc_consolidate(): invalid chunk size
[2m[36m(launch_and_fit pid=2588598)[0m malloc_consolidate(): invalid chunk size
[2m[36m(launch_and_fit pid=2588599)[0m double free or corruption (fasttop)
INFO flwr 2023-08-19 20:54:28,830 | fed_df.py:540 | Distillation training stopped at step number : 250
INFO flwr 2023-08-19 20:54:28,831 | fed_df.py:547 | Average fusion training loss : 0.024648084081709386, val accuracy : 0.6331200000000001, best val accuracy : 0.6398
INFO flwr 2023-08-19 20:54:28,832 | common.py:35 | Avg. local train loss : 5.322622510045767, train acc : 0.7434
INFO flwr 2023-08-19 20:54:31,439 | server.py:116 | fit progress: (23, 1.253448013305664, {'server_test_acc': 0.6273}, 1979.6628118148074)
INFO flwr 2023-08-19 20:54:31,439 | server.py:163 | evaluate_round 23: no clients selected, cancel
DEBUG flwr 2023-08-19 20:54:36,150 | server.py:215 | fit_round 24: strategy sampled 8 clients (out of 20)
DEBUG flwr 2023-08-19 20:55:07,664 | server.py:229 | fit_round 24 received 8 results and 0 failures
[2m[36m(launch_and_fit pid=2655119)[0m malloc_consolidate(): invalid chunk size
INFO flwr 2023-08-19 20:55:07,813 | fed_df.py:463 | Performing server side distillation training...
[2m[36m(launch_and_fit pid=2655118)[0m Fitting Client 3
[2m[36m(launch_and_fit pid=2655120)[0m Fitting Client 6
[2m[36m(launch_and_fit pid=2655119)[0m Fitting Client 7
[2m[36m(launch_and_fit pid=2655123)[0m Fitting Client 17
[2m[36m(launch_and_fit pid=2655125)[0m Fitting Client 15
[2m[36m(launch_and_fit pid=2655122)[0m Fitting Client 14
[2m[36m(launch_and_fit pid=2655126)[0m Fitting Client 16
[2m[36m(launch_and_fit pid=2655124)[0m Fitting Client 2
[2m[36m(launch_and_fit pid=2655120)[0m malloc_consolidate(): invalid chunk size
[2m[36m(launch_and_fit pid=2655124)[0m double free or corruption (fasttop)
[2m[36m(launch_and_fit pid=2655118)[0m double free or corruption (fasttop)
[2m[36m(launch_and_fit pid=2655126)[0m malloc_consolidate(): invalid chunk size
[2m[36m(launch_and_fit pid=2655125)[0m malloc_consolidate(): invalid chunk size
[2m[36m(launch_and_fit pid=2655122)[0m double free or corruption (fasttop)
[2m[36m(launch_and_fit pid=2655123)[0m double free or corruption (fasttop)
E0819 20:55:10.116301845 2681026 chttp2_transport.cc:1079]             ipv4:145.136.62.18:56653: Received a GOAWAY with error code ENHANCE_YOUR_CALM and debug data equal to "too_many_pings". Current keepalive time (before throttling): ∞
INFO flwr 2023-08-19 20:55:53,524 | fed_df.py:540 | Distillation training stopped at step number : 250
INFO flwr 2023-08-19 20:55:53,524 | fed_df.py:547 | Average fusion training loss : 0.02211779935657978, val accuracy : 0.64476, best val accuracy : 0.6526
INFO flwr 2023-08-19 20:55:53,525 | common.py:35 | Avg. local train loss : 5.451392232626676, train acc : 0.7320444444444445
INFO flwr 2023-08-19 20:55:56,171 | server.py:116 | fit progress: (24, 1.2587994689941406, {'server_test_acc': 0.6429}, 2064.395696562715)
INFO flwr 2023-08-19 20:55:56,172 | server.py:163 | evaluate_round 24: no clients selected, cancel
DEBUG flwr 2023-08-19 20:56:00,861 | server.py:215 | fit_round 25: strategy sampled 8 clients (out of 20)
[2m[36m(launch_and_fit pid=2721426)[0m malloc_consolidate(): invalid chunk size
DEBUG flwr 2023-08-19 20:56:32,212 | server.py:229 | fit_round 25 received 8 results and 0 failures
INFO flwr 2023-08-19 20:56:32,320 | fed_df.py:365 | Warm start at round 25
INFO flwr 2023-08-19 20:56:32,419 | fed_df.py:463 | Performing server side distillation training...
[2m[36m(launch_and_fit pid=2721426)[0m Fitting Client 8
[2m[36m(launch_and_fit pid=2721435)[0m Fitting Client 19
[2m[36m(launch_and_fit pid=2721434)[0m Fitting Client 12
[2m[36m(launch_and_fit pid=2721432)[0m Fitting Client 2
[2m[36m(launch_and_fit pid=2721436)[0m Fitting Client 13
[2m[36m(launch_and_fit pid=2721430)[0m Fitting Client 14
[2m[36m(launch_and_fit pid=2721427)[0m Fitting Client 7
[2m[36m(launch_and_fit pid=2721433)[0m Fitting Client 18
[2m[36m(launch_and_fit pid=2721430)[0m double free or corruption (fasttop)
[2m[36m(launch_and_fit pid=2721435)[0m malloc_consolidate(): invalid chunk size
[2m[36m(launch_and_fit pid=2721436)[0m malloc_consolidate(): invalid chunk size
[2m[36m(launch_and_fit pid=2721433)[0m double free or corruption (fasttop)
[2m[36m(launch_and_fit pid=2721432)[0m malloc_consolidate(): invalid chunk size
[2m[36m(launch_and_fit pid=2721434)[0m malloc_consolidate(): invalid chunk size
[2m[36m(launch_and_fit pid=2721427)[0m malloc_consolidate(): invalid chunk size
INFO flwr 2023-08-19 20:57:17,569 | fed_df.py:540 | Distillation training stopped at step number : 250
INFO flwr 2023-08-19 20:57:17,570 | fed_df.py:547 | Average fusion training loss : 0.02684336556494236, val accuracy : 0.6454400000000001, best val accuracy : 0.6508
INFO flwr 2023-08-19 20:57:17,571 | common.py:35 | Avg. local train loss : 5.164229658991099, train acc : 0.7600666666666667
INFO flwr 2023-08-19 20:57:20,234 | server.py:116 | fit progress: (25, 1.2518788879394531, {'server_test_acc': 0.633}, 2148.458277235739)
INFO flwr 2023-08-19 20:57:20,234 | server.py:163 | evaluate_round 25: no clients selected, cancel
DEBUG flwr 2023-08-19 20:57:24,873 | server.py:215 | fit_round 26: strategy sampled 8 clients (out of 20)
DEBUG flwr 2023-08-19 20:57:56,210 | server.py:229 | fit_round 26 received 8 results and 0 failures
INFO flwr 2023-08-19 20:57:56,357 | fed_df.py:463 | Performing server side distillation training...
[2m[36m(launch_and_fit pid=2788443)[0m Fitting Client 14
[2m[36m(launch_and_fit pid=2788439)[0m Fitting Client 3
[2m[36m(launch_and_fit pid=2788444)[0m Fitting Client 2
[2m[36m(launch_and_fit pid=2788441)[0m Fitting Client 17
[2m[36m(launch_and_fit pid=2788442)[0m Fitting Client 0
[2m[36m(launch_and_fit pid=2788446)[0m Fitting Client 12
[2m[36m(launch_and_fit pid=2788445)[0m Fitting Client 19
[2m[36m(launch_and_fit pid=2788440)[0m Fitting Client 1
[2m[36m(launch_and_fit pid=2788443)[0m malloc_consolidate(): invalid chunk size
[2m[36m(launch_and_fit pid=2788439)[0m malloc_consolidate(): invalid chunk size
[2m[36m(launch_and_fit pid=2788444)[0m double free or corruption (fasttop)
[2m[36m(launch_and_fit pid=2788442)[0m malloc_consolidate(): invalid chunk size
[2m[36m(launch_and_fit pid=2788445)[0m malloc_consolidate(): invalid chunk size
[2m[36m(launch_and_fit pid=2788441)[0m double free or corruption (fasttop)
[2m[36m(launch_and_fit pid=2788446)[0m double free or corruption (fasttop)
[2m[36m(launch_and_fit pid=2788440)[0m double free or corruption (fasttop)
E0819 20:57:59.736502122 2815426 chttp2_transport.cc:1079]             ipv4:145.136.62.18:56653: Received a GOAWAY with error code ENHANCE_YOUR_CALM and debug data equal to "too_many_pings". Current keepalive time (before throttling): ∞
INFO flwr 2023-08-19 20:58:41,626 | fed_df.py:540 | Distillation training stopped at step number : 250
INFO flwr 2023-08-19 20:58:41,626 | fed_df.py:547 | Average fusion training loss : 0.018864669431000947, val accuracy : 0.61288, best val accuracy : 0.6164
INFO flwr 2023-08-19 20:58:41,627 | common.py:35 | Avg. local train loss : 5.153935875743627, train acc : 0.7595888888888889
INFO flwr 2023-08-19 20:58:44,229 | server.py:116 | fit progress: (26, 1.3380124572753906, {'server_test_acc': 0.6016}, 2232.4530582749285)
INFO flwr 2023-08-19 20:58:44,229 | server.py:163 | evaluate_round 26: no clients selected, cancel
DEBUG flwr 2023-08-19 20:58:49,005 | server.py:215 | fit_round 27: strategy sampled 8 clients (out of 20)
[2m[36m(launch_and_fit pid=2854936)[0m malloc_consolidate(): invalid chunk size
DEBUG flwr 2023-08-19 20:59:20,908 | server.py:229 | fit_round 27 received 8 results and 0 failures
INFO flwr 2023-08-19 20:59:21,056 | fed_df.py:463 | Performing server side distillation training...
[2m[36m(launch_and_fit pid=2854936)[0m Fitting Client 17
[2m[36m(launch_and_fit pid=2854937)[0m Fitting Client 15
[2m[36m(launch_and_fit pid=2854933)[0m Fitting Client 13
[2m[36m(launch_and_fit pid=2854938)[0m Fitting Client 6
[2m[36m(launch_and_fit pid=2854934)[0m Fitting Client 5
[2m[36m(launch_and_fit pid=2854941)[0m Fitting Client 16
[2m[36m(launch_and_fit pid=2854939)[0m Fitting Client 18
[2m[36m(launch_and_fit pid=2854940)[0m Fitting Client 0
[2m[36m(launch_and_fit pid=2854941)[0m double free or corruption (fasttop)
[2m[36m(launch_and_fit pid=2854939)[0m double free or corruption (fasttop)
[2m[36m(launch_and_fit pid=2854937)[0m malloc_consolidate(): invalid chunk size
[2m[36m(launch_and_fit pid=2854938)[0m double free or corruption (fasttop)
[2m[36m(launch_and_fit pid=2854933)[0m malloc_consolidate(): invalid chunk size
[2m[36m(launch_and_fit pid=2854934)[0m malloc_consolidate(): invalid chunk size
[2m[36m(launch_and_fit pid=2854940)[0m double free or corruption (fasttop)
E0819 20:59:23.112889387 2881480 chttp2_transport.cc:1079]             ipv4:145.136.62.18:56653: Received a GOAWAY with error code ENHANCE_YOUR_CALM and debug data equal to "too_many_pings". Current keepalive time (before throttling): ∞
INFO flwr 2023-08-19 21:00:06,278 | fed_df.py:540 | Distillation training stopped at step number : 250
INFO flwr 2023-08-19 21:00:06,279 | fed_df.py:547 | Average fusion training loss : 0.018843173805624246, val accuracy : 0.5858800000000001, best val accuracy : 0.6032
INFO flwr 2023-08-19 21:00:06,280 | common.py:35 | Avg. local train loss : 5.194960568100214, train acc : 0.7554944444444445
INFO flwr 2023-08-19 21:00:08,887 | server.py:116 | fit progress: (27, 1.308534585571289, {'server_test_acc': 0.5933}, 2317.1116245086305)
INFO flwr 2023-08-19 21:00:08,888 | server.py:163 | evaluate_round 27: no clients selected, cancel
DEBUG flwr 2023-08-19 21:00:13,587 | server.py:215 | fit_round 28: strategy sampled 8 clients (out of 20)
[2m[36m(launch_and_fit pid=2921601)[0m malloc_consolidate(): invalid chunk size
DEBUG flwr 2023-08-19 21:00:45,197 | server.py:229 | fit_round 28 received 8 results and 0 failures
INFO flwr 2023-08-19 21:00:45,345 | fed_df.py:463 | Performing server side distillation training...
[2m[36m(launch_and_fit pid=2921598)[0m Fitting Client 5
[2m[36m(launch_and_fit pid=2921601)[0m Fitting Client 18
[2m[36m(launch_and_fit pid=2921600)[0m Fitting Client 0
[2m[36m(launch_and_fit pid=2921602)[0m Fitting Client 8
[2m[36m(launch_and_fit pid=2921599)[0m Fitting Client 12
[2m[36m(launch_and_fit pid=2921604)[0m Fitting Client 13
[2m[36m(launch_and_fit pid=2921603)[0m Fitting Client 14
[2m[36m(launch_and_fit pid=2921605)[0m Fitting Client 16
[2m[36m(launch_and_fit pid=2921598)[0m double free or corruption (fasttop)
[2m[36m(launch_and_fit pid=2921603)[0m malloc_consolidate(): invalid chunk size
[2m[36m(launch_and_fit pid=2921599)[0m double free or corruption (fasttop)
E0819 21:00:46.359266951 2881685 chttp2_transport.cc:1079]             ipv4:145.136.62.18:56653: Received a GOAWAY with error code ENHANCE_YOUR_CALM and debug data equal to "too_many_pings". Current keepalive time (before throttling): ∞
E0819 21:00:46.359399255 2881685 chttp2_transport.cc:1079]             ipv4:145.136.62.18:56653: Received a GOAWAY with error code ENHANCE_YOUR_CALM and debug data equal to "too_many_pings". Current keepalive time (before throttling): ∞
[2m[36m(launch_and_fit pid=2921604)[0m malloc_consolidate(): invalid chunk size
[2m[36m(launch_and_fit pid=2921600)[0m malloc_consolidate(): invalid chunk size
[2m[36m(launch_and_fit pid=2921605)[0m double free or corruption (fasttop)
[2m[36m(launch_and_fit pid=2921602)[0m malloc_consolidate(): invalid chunk size
E0819 21:00:47.815631484 2947293 chttp2_transport.cc:1079]             ipv4:145.136.62.18:56653: Received a GOAWAY with error code ENHANCE_YOUR_CALM and debug data equal to "too_many_pings". Current keepalive time (before throttling): ∞
E0819 21:01:12.817184884 2969854 chttp2_transport.cc:1079]             ipv4:145.136.62.18:56653: Received a GOAWAY with error code ENHANCE_YOUR_CALM and debug data equal to "too_many_pings". Current keepalive time (before throttling): ∞
INFO flwr 2023-08-19 21:01:30,807 | fed_df.py:540 | Distillation training stopped at step number : 250
INFO flwr 2023-08-19 21:01:30,807 | fed_df.py:547 | Average fusion training loss : 0.020443948306143284, val accuracy : 0.6116, best val accuracy : 0.6354
INFO flwr 2023-08-19 21:01:30,809 | common.py:35 | Avg. local train loss : 5.119858899712563, train acc : 0.7646833333333334
INFO flwr 2023-08-19 21:01:33,406 | server.py:116 | fit progress: (28, 1.2716202758789064, {'server_test_acc': 0.614}, 2401.630560591817)
INFO flwr 2023-08-19 21:01:33,407 | server.py:163 | evaluate_round 28: no clients selected, cancel
DEBUG flwr 2023-08-19 21:01:38,140 | server.py:215 | fit_round 29: strategy sampled 8 clients (out of 20)
DEBUG flwr 2023-08-19 21:02:09,829 | server.py:229 | fit_round 29 received 8 results and 0 failures
[2m[36m(launch_and_fit pid=2988053)[0m double free or corruption (fasttop)
INFO flwr 2023-08-19 21:02:09,979 | fed_df.py:463 | Performing server side distillation training...
[2m[36m(launch_and_fit pid=2988050)[0m double free or corruption (fasttop)
[2m[36m(launch_and_fit pid=2988044)[0m Fitting Client 14
[2m[36m(launch_and_fit pid=2988046)[0m Fitting Client 9
[2m[36m(launch_and_fit pid=2988049)[0m Fitting Client 13
[2m[36m(launch_and_fit pid=2988048)[0m Fitting Client 15
[2m[36m(launch_and_fit pid=2988052)[0m Fitting Client 19
[2m[36m(launch_and_fit pid=2988050)[0m Fitting Client 3
[2m[36m(launch_and_fit pid=2988051)[0m Fitting Client 4
[2m[36m(launch_and_fit pid=2988053)[0m Fitting Client 16
[2m[36m(launch_and_fit pid=2988044)[0m malloc_consolidate(): invalid chunk size
E0819 21:02:10.937104989 3015026 chttp2_transport.cc:1079]             ipv4:145.136.62.18:56653: Received a GOAWAY with error code ENHANCE_YOUR_CALM and debug data equal to "too_many_pings". Current keepalive time (before throttling): ∞
[2m[36m(launch_and_fit pid=2988051)[0m double free or corruption (fasttop)
[2m[36m(launch_and_fit pid=2988046)[0m double free or corruption (fasttop)
[2m[36m(launch_and_fit pid=2988049)[0m malloc_consolidate(): invalid chunk size
[2m[36m(launch_and_fit pid=2988052)[0m malloc_consolidate(): invalid chunk size
[2m[36m(launch_and_fit pid=2988048)[0m malloc_consolidate(): invalid chunk size
INFO flwr 2023-08-19 21:02:53,633 | fed_df.py:540 | Distillation training stopped at step number : 250
INFO flwr 2023-08-19 21:02:53,634 | fed_df.py:547 | Average fusion training loss : 0.035767432771623135, val accuracy : 0.62584, best val accuracy : 0.637
INFO flwr 2023-08-19 21:02:53,635 | common.py:35 | Avg. local train loss : 5.1955522783100605, train acc : 0.7593277777777778
INFO flwr 2023-08-19 21:02:56,256 | server.py:116 | fit progress: (29, 1.2835634216308593, {'server_test_acc': 0.6227}, 2484.480614501983)
INFO flwr 2023-08-19 21:02:56,257 | server.py:163 | evaluate_round 29: no clients selected, cancel
DEBUG flwr 2023-08-19 21:03:00,954 | server.py:215 | fit_round 30: strategy sampled 8 clients (out of 20)
DEBUG flwr 2023-08-19 21:03:32,118 | server.py:229 | fit_round 30 received 8 results and 0 failures
INFO flwr 2023-08-19 21:03:32,227 | fed_df.py:365 | Warm start at round 30
[2m[36m(launch_and_fit pid=3060367)[0m corrupted size vs. prev_size in fastbins
INFO flwr 2023-08-19 21:03:32,325 | fed_df.py:463 | Performing server side distillation training...
[2m[36m(launch_and_fit pid=3060367)[0m Fitting Client 18
[2m[36m(launch_and_fit pid=3060366)[0m Fitting Client 1
[2m[36m(launch_and_fit pid=3060383)[0m Fitting Client 0
[2m[36m(launch_and_fit pid=3060376)[0m Fitting Client 19
[2m[36m(launch_and_fit pid=3060377)[0m Fitting Client 17
[2m[36m(launch_and_fit pid=3060378)[0m Fitting Client 10
[2m[36m(launch_and_fit pid=3060385)[0m Fitting Client 9
[2m[36m(launch_and_fit pid=3060386)[0m Fitting Client 14
[2m[36m(launch_and_fit pid=3060366)[0m double free or corruption (fasttop)
[2m[36m(launch_and_fit pid=3060377)[0m malloc_consolidate(): invalid chunk size
[2m[36m(launch_and_fit pid=3060378)[0m malloc_consolidate(): invalid chunk size
[2m[36m(launch_and_fit pid=3060385)[0m malloc_consolidate(): invalid chunk size
[2m[36m(launch_and_fit pid=3060376)[0m malloc_consolidate(): invalid chunk size
[2m[36m(launch_and_fit pid=3060386)[0m malloc_consolidate(): invalid chunk size
[2m[36m(launch_and_fit pid=3060383)[0m malloc_consolidate(): invalid chunk size
E0819 21:03:35.666318251 3089295 chttp2_transport.cc:1079]             ipv4:145.136.62.18:56653: Received a GOAWAY with error code ENHANCE_YOUR_CALM and debug data equal to "too_many_pings". Current keepalive time (before throttling): ∞
INFO flwr 2023-08-19 21:04:17,474 | fed_df.py:540 | Distillation training stopped at step number : 250
INFO flwr 2023-08-19 21:04:17,475 | fed_df.py:547 | Average fusion training loss : 0.02344273207709193, val accuracy : 0.64676, best val accuracy : 0.652
INFO flwr 2023-08-19 21:04:17,476 | common.py:35 | Avg. local train loss : 5.09096891283989, train acc : 0.7652666666666667
INFO flwr 2023-08-19 21:04:20,101 | server.py:116 | fit progress: (30, 1.2933710968017578, {'server_test_acc': 0.6363}, 2568.3254519850016)
INFO flwr 2023-08-19 21:04:20,101 | server.py:163 | evaluate_round 30: no clients selected, cancel
INFO flwr 2023-08-19 21:04:20,102 | server.py:144 | FL finished in 2568.3258214509115
INFO flwr 2023-08-19 21:04:20,102 | app.py:202 | app_fit: losses_distributed []
INFO flwr 2023-08-19 21:04:20,103 | app.py:203 | app_fit: metrics_distributed {}
INFO flwr 2023-08-19 21:04:20,103 | app.py:204 | app_fit: losses_centralized [(0, 2.3234217651367186), (1, 1.8165415466308594), (2, 2.092865869140625), (3, 1.6901420684814452), (4, 1.5570992614746093), (5, 1.5996235717773437), (6, 1.4444464904785157), (7, 1.518037811279297), (8, 1.4105674560546875), (9, 1.3914348052978516), (10, 1.2497310150146483), (11, 1.3665502044677735), (12, 1.2971235809326171), (13, 1.2644812469482423), (14, 1.2738899322509765), (15, 1.28221552734375), (16, 1.3125508209228516), (17, 1.2714389526367187), (18, 1.3244917785644532), (19, 1.2465733337402343), (20, 1.2683923706054687), (21, 1.2059905242919922), (22, 1.2875377136230468), (23, 1.253448013305664), (24, 1.2587994689941406), (25, 1.2518788879394531), (26, 1.3380124572753906), (27, 1.308534585571289), (28, 1.2716202758789064), (29, 1.2835634216308593), (30, 1.2933710968017578)]
INFO flwr 2023-08-19 21:04:20,103 | app.py:205 | app_fit: metrics_centralized {'server_test_acc': [(0, 0.108), (1, 0.3194), (2, 0.3483), (3, 0.3876), (4, 0.4539), (5, 0.4473), (6, 0.4945), (7, 0.5029), (8, 0.5264), (9, 0.5402), (10, 0.5947), (11, 0.575), (12, 0.5783), (13, 0.6123), (14, 0.5933), (15, 0.5963), (16, 0.5717), (17, 0.5866), (18, 0.5808), (19, 0.6187), (20, 0.6227), (21, 0.6475), (22, 0.5976), (23, 0.6273), (24, 0.6429), (25, 0.633), (26, 0.6016), (27, 0.5933), (28, 0.614), (29, 0.6227), (30, 0.6363)]}
double free or corruption (fasttop)
srun: error: gcn18: task 0: Aborted
srun: Terminating StepId=3423715.1
-----EXPERIMENT ENDS-----
-----CLEANING UP DISK------
-----END-----

JOB STATISTICS
==============
Job ID: 3423715
Cluster: snellius
User/Group: sunnys/sunnys
State: COMPLETED (exit code 0)
Nodes: 1
Cores per node: 18
CPU Utilized: 01:46:53
CPU Efficiency: 13.44% of 13:15:18 core-walltime
Job Wall-clock time: 00:44:11
Memory Utilized: 46.57 GB
Memory Efficiency: 38.81% of 120.00 GB
