-----BEGIN-----
-----SETTINGS-----
TOTAL CROPS:50000
STRATEGY:feddf
MODEL_NAME:resnet8
NUM_CLIENTS:20
NUM_ROUNDS:30
FRACTION_FIT:0.4
FRACTION_EVALUATE:0.0
DATASET_NAME:cifar10
PARTITION_ALPHA:1.0
PARTITION_VAL_RATIO:0.1
BATCH_SIZE:512
LOCAL_EPOCHS:20
LOCAL_LR:0.01
DISTILL_BATCH_SIZE:512
SERVER_LR:0.005
SERVER_STEPS:500
SERVER_EARLY_STEPS:1000
USE_EARLY_STOPPING:False
USE_ADAPTIVE_LR:False
USE_ADAPTIVE_LR_ROUND:False
SEED:84
CUDA_DETERMINISTIC:False
USE_CROPS:True
IMG_NAME:ameyoko.jpg
DISTILL_DATASET:pathmnist
DISTILL_ALPHA:1.0
NUM_DISTILL_IMAGES:5000
DISTILL_TRANSFORMS:v0
WARM_START:True
WARM_START_ROUNDS:1
WARM_START_INTERVAL:2
KMEANS_N_CLUSTER:1000
KMEANS_HEURISTICS:hard
KMEANS_MIXED_FACTOR:50-50
KMEANS_BALANCING:1.0
CONFIDENCE_THRESHOLD:0.9
CONFIDENCE_STRATEGY:top
CONFIDENCE_ADAPTIVE:False
CONFIDENCE_MAX_THRESH:0.5
CLIPPING_FACTOR:2.5
FEDPROX_FACTOR:2.0
FEDPROX_ADAPTIVE:False
USE_CLIPPING:True
USE_ENTROPY:True
USE_KMEANS:True
USE_FEDPROX:False
-----SETTINGS END-----
-----EXPERIMENT BEGINS-----
---------
Generating crops for FedDF
Namespace(img_size=32, batch_size=32, num_imgs=50000, threads=18, vflip=False, deg=30, shear=30, cropfirst=True, initcrop=0.5, scale=[500, 1], randinterp=False, debug=False, imgpath='./static/single_images/ameyoko.jpg', targetpath='/scratch-local/sunnys.3430915/1692575052_106359132', seed=84, img_per_thread=2777)
will save 50000 patches in /scratch-local/sunnys.3430915/1692575052_106359132/single_img_crops/crops
50000 took 0.72min with 18 threads
---------
Simulating feddf training
INFO simulate 2023-08-21 01:45:12,769 | simulate.py:50 | Python script started : simulate.py
DEBUG simulate 2023-08-21 01:45:12,769 | simulate.py:55 | Reading args from argument parser
Downloading https://www.cs.toronto.edu/~kriz/cifar-10-python.tar.gz to /scratch-local/sunnys.3430915/1692575052_106359132/cifar-10-python.tar.gz
Extracting /scratch-local/sunnys.3430915/1692575052_106359132/cifar-10-python.tar.gz to /scratch-local/sunnys.3430915/1692575052_106359132
Generating unified cifar10 dataset
Class histogram for 0-th partition (alpha=1.0, 10 classes): [342 114 363 765  49 204 467  25  55 116]
INFO flwr 2023-08-21 01:52:22,168 | app.py:145 | Starting Flower simulation, config: ServerConfig(num_rounds=30, round_timeout=None)
2023-08-21 01:52:24,623	INFO worker.py:1529 -- Started a local Ray instance. View the dashboard at [1m[32m127.0.0.1:8266 [39m[22m
INFO flwr 2023-08-21 01:52:25,677 | app.py:179 | Flower VCE: Ray initialized with resources: {'accelerator_type:A100': 1.0, 'object_store_memory': 61847529062.0, 'CPU': 18.0, 'GPU': 1.0, 'node:145.136.62.34': 1.0, 'memory': 103079215104.0}
INFO flwr 2023-08-21 01:52:25,677 | server.py:86 | Initializing global parameters
INFO flwr 2023-08-21 01:52:25,677 | server.py:266 | Using initial parameters provided by strategy
INFO flwr 2023-08-21 01:52:25,677 | server.py:88 | Evaluating initial parameters
INFO flwr 2023-08-21 01:52:34,046 | server.py:91 | initial parameters (loss, other metrics): 2.319245477294922, {'server_test_acc': 0.0811}
INFO flwr 2023-08-21 01:52:34,046 | server.py:101 | FL starting
DEBUG flwr 2023-08-21 01:52:40,249 | server.py:215 | fit_round 1: strategy sampled 8 clients (out of 20)
[2m[36m(launch_and_fit pid=2363628)[0m malloc_consolidate(): invalid chunk size
[2m[36m(launch_and_fit pid=2363630)[0m double free or corruption (fasttop)
DEBUG flwr 2023-08-21 01:53:34,596 | server.py:229 | fit_round 1 received 8 results and 0 failures
INFO flwr 2023-08-21 01:53:34,703 | fed_df.py:365 | Warm start at round 1
INFO flwr 2023-08-21 01:53:34,794 | fed_df.py:463 | Performing server side distillation training...
[2m[36m(launch_and_fit pid=2363624)[0m Fitting Client 11
[2m[36m(launch_and_fit pid=2363627)[0m Fitting Client 6
[2m[36m(launch_and_fit pid=2363629)[0m Fitting Client 8
[2m[36m(launch_and_fit pid=2363615)[0m Fitting Client 17
[2m[36m(launch_and_fit pid=2363630)[0m Fitting Client 15
[2m[36m(launch_and_fit pid=2363626)[0m Fitting Client 2
[2m[36m(launch_and_fit pid=2363625)[0m Fitting Client 4
[2m[36m(launch_and_fit pid=2363628)[0m Fitting Client 9
[2m[36m(launch_and_fit pid=2363626)[0m double free or corruption (fasttop)
E0821 01:53:35.792989633 2457494 chttp2_transport.cc:1079]             ipv4:145.136.62.34:35994: Received a GOAWAY with error code ENHANCE_YOUR_CALM and debug data equal to "too_many_pings". Current keepalive time (before throttling): 60000ms
E0821 01:53:35.793236205 2457494 chttp2_transport.cc:1079]             ipv4:145.136.62.34:35994: Received a GOAWAY with error code ENHANCE_YOUR_CALM and debug data equal to "too_many_pings". Current keepalive time (before throttling): 60000ms
E0821 01:53:35.793256328 2457494 chttp2_transport.cc:1079]             ipv4:145.136.62.34:35994: Received a GOAWAY with error code ENHANCE_YOUR_CALM and debug data equal to "too_many_pings". Current keepalive time (before throttling): 60000ms
E0821 01:53:35.793268785 2457494 chttp2_transport.cc:1079]             ipv4:145.136.62.34:35994: Received a GOAWAY with error code ENHANCE_YOUR_CALM and debug data equal to "too_many_pings". Current keepalive time (before throttling): 60000ms
[2m[36m(launch_and_fit pid=2363625)[0m malloc_consolidate(): invalid chunk size
[2m[36m(launch_and_fit pid=2363627)[0m malloc_consolidate(): invalid chunk size
[2m[36m(launch_and_fit pid=2363624)[0m corrupted size vs. prev_size in fastbins
[2m[36m(launch_and_fit pid=2363629)[0m malloc_consolidate(): invalid chunk size
E0821 01:53:36.969545999 2460086 chttp2_transport.cc:1079]             ipv4:145.136.62.34:35994: Received a GOAWAY with error code ENHANCE_YOUR_CALM and debug data equal to "too_many_pings". Current keepalive time (before throttling): 120000ms
[2m[36m(launch_and_fit pid=2363615)[0m malloc_consolidate(): invalid chunk size
INFO flwr 2023-08-21 01:55:02,970 | fed_df.py:540 | Distillation training stopped at step number : 500
INFO flwr 2023-08-21 01:55:02,971 | fed_df.py:547 | Average fusion training loss : 0.012923298178240656, val accuracy : 0.36735999999999996, best val accuracy : 0.4004
INFO flwr 2023-08-21 01:55:02,971 | common.py:35 | Avg. local train loss : 7.661014733463526, train acc : 0.5006361111111112
INFO flwr 2023-08-21 01:55:05,561 | server.py:116 | fit progress: (1, 1.6392349700927735, {'server_test_acc': 0.4034}, 151.51516997395083)
INFO flwr 2023-08-21 01:55:05,561 | server.py:163 | evaluate_round 1: no clients selected, cancel
DEBUG flwr 2023-08-21 01:55:11,463 | server.py:215 | fit_round 2: strategy sampled 8 clients (out of 20)
[2m[36m(launch_and_fit pid=2614956)[0m malloc_consolidate(): invalid chunk size
DEBUG flwr 2023-08-21 01:56:01,682 | server.py:229 | fit_round 2 received 8 results and 0 failures
INFO flwr 2023-08-21 01:56:01,792 | fed_df.py:365 | Warm start at round 2
INFO flwr 2023-08-21 01:56:01,881 | fed_df.py:463 | Performing server side distillation training...
[2m[36m(launch_and_fit pid=2614949)[0m double free or corruption (fasttop)
[2m[36m(launch_and_fit pid=2614949)[0m Fitting Client 19
[2m[36m(launch_and_fit pid=2614953)[0m Fitting Client 7
[2m[36m(launch_and_fit pid=2614956)[0m Fitting Client 4
[2m[36m(launch_and_fit pid=2614955)[0m Fitting Client 15
[2m[36m(launch_and_fit pid=2614951)[0m Fitting Client 2
[2m[36m(launch_and_fit pid=2614948)[0m Fitting Client 0
[2m[36m(launch_and_fit pid=2614954)[0m Fitting Client 9
[2m[36m(launch_and_fit pid=2614957)[0m Fitting Client 1
E0821 01:56:02.333213243 2703041 chttp2_transport.cc:1079]             ipv4:145.136.62.34:35994: Received a GOAWAY with error code ENHANCE_YOUR_CALM and debug data equal to "too_many_pings". Current keepalive time (before throttling): 240000ms
[2m[36m(launch_and_fit pid=2614957)[0m malloc_consolidate(): invalid chunk size
[2m[36m(launch_and_fit pid=2614954)[0m malloc_consolidate(): invalid chunk size
[2m[36m(launch_and_fit pid=2614953)[0m malloc_consolidate(): invalid chunk size
[2m[36m(launch_and_fit pid=2614951)[0m malloc_consolidate(): invalid chunk size
[2m[36m(launch_and_fit pid=2614955)[0m double free or corruption (fasttop)
[2m[36m(launch_and_fit pid=2614948)[0m malloc_consolidate(): invalid chunk size
INFO flwr 2023-08-21 01:57:35,645 | fed_df.py:540 | Distillation training stopped at step number : 500
INFO flwr 2023-08-21 01:57:35,645 | fed_df.py:547 | Average fusion training loss : 0.006907893633004278, val accuracy : 0.4646199999999999, best val accuracy : 0.4764
INFO flwr 2023-08-21 01:57:35,646 | common.py:35 | Avg. local train loss : 6.232460816577077, train acc : 0.6467166666666666
INFO flwr 2023-08-21 01:57:38,361 | server.py:116 | fit progress: (2, 1.5334914611816406, {'server_test_acc': 0.4593}, 304.31478513311595)
INFO flwr 2023-08-21 01:57:38,361 | server.py:163 | evaluate_round 2: no clients selected, cancel
DEBUG flwr 2023-08-21 01:57:44,471 | server.py:215 | fit_round 3: strategy sampled 8 clients (out of 20)
[2m[36m(launch_and_fit pid=2886918)[0m malloc_consolidate(): invalid chunk size
[2m[36m(launch_and_fit pid=2886914)[0m malloc_consolidate(): invalid chunk size
DEBUG flwr 2023-08-21 01:58:34,811 | server.py:229 | fit_round 3 received 8 results and 0 failures
[2m[36m(launch_and_fit pid=2886935)[0m double free or corruption (fasttop)
INFO flwr 2023-08-21 01:58:34,953 | fed_df.py:463 | Performing server side distillation training...
[2m[36m(launch_and_fit pid=2886932)[0m Fitting Client 10
[2m[36m(launch_and_fit pid=2886934)[0m Fitting Client 9
[2m[36m(launch_and_fit pid=2886911)[0m Fitting Client 16
[2m[36m(launch_and_fit pid=2886914)[0m Fitting Client 12
[2m[36m(launch_and_fit pid=2886918)[0m Fitting Client 17
[2m[36m(launch_and_fit pid=2886913)[0m Fitting Client 4
[2m[36m(launch_and_fit pid=2886908)[0m Fitting Client 13
[2m[36m(launch_and_fit pid=2886935)[0m Fitting Client 19
[2m[36m(launch_and_fit pid=2886932)[0m double free or corruption (fasttop)
[2m[36m(launch_and_fit pid=2886932)[0m malloc_consolidate(): invalid chunk size
[2m[36m(launch_and_fit pid=2886908)[0m malloc_consolidate(): invalid chunk size
[2m[36m(launch_and_fit pid=2886911)[0m double free or corruption (fasttop)
[2m[36m(launch_and_fit pid=2886913)[0m malloc_consolidate(): invalid chunk size
E0821 01:58:36.581242353 2703914 chttp2_transport.cc:1079]             ipv4:145.136.62.34:35994: Received a GOAWAY with error code ENHANCE_YOUR_CALM and debug data equal to "too_many_pings". Current keepalive time (before throttling): 480000ms
E0821 01:58:36.581400169 2703914 chttp2_transport.cc:1079]             ipv4:145.136.62.34:35994: Received a GOAWAY with error code ENHANCE_YOUR_CALM and debug data equal to "too_many_pings". Current keepalive time (before throttling): 480000ms
E0821 01:58:36.581415378 2703914 chttp2_transport.cc:1079]             ipv4:145.136.62.34:35994: Received a GOAWAY with error code ENHANCE_YOUR_CALM and debug data equal to "too_many_pings". Current keepalive time (before throttling): 480000ms
E0821 01:58:36.581429281 2703914 chttp2_transport.cc:1079]             ipv4:145.136.62.34:35994: Received a GOAWAY with error code ENHANCE_YOUR_CALM and debug data equal to "too_many_pings". Current keepalive time (before throttling): 480000ms
[2m[36m(launch_and_fit pid=2886934)[0m malloc_consolidate(): invalid chunk size
E0821 01:59:05.793055498 2982152 chttp2_transport.cc:1079]             ipv4:145.136.62.34:35994: Received a GOAWAY with error code ENHANCE_YOUR_CALM and debug data equal to "too_many_pings". Current keepalive time (before throttling): 960000ms
INFO flwr 2023-08-21 02:00:09,777 | fed_df.py:540 | Distillation training stopped at step number : 500
INFO flwr 2023-08-21 02:00:09,777 | fed_df.py:547 | Average fusion training loss : 0.005492072071880102, val accuracy : 0.47417999999999993, best val accuracy : 0.4938
INFO flwr 2023-08-21 02:00:09,779 | common.py:35 | Avg. local train loss : 5.597138708084821, train acc : 0.7156666666666665
INFO flwr 2023-08-21 02:00:12,517 | server.py:116 | fit progress: (3, 1.4277132263183594, {'server_test_acc': 0.4855}, 458.47138572484255)
INFO flwr 2023-08-21 02:00:12,518 | server.py:163 | evaluate_round 3: no clients selected, cancel
DEBUG flwr 2023-08-21 02:00:18,547 | server.py:215 | fit_round 4: strategy sampled 8 clients (out of 20)
[2m[36m(launch_and_fit pid=3142962)[0m double free or corruption (fasttop)
[2m[36m(launch_and_fit pid=3142969)[0m malloc_consolidate(): invalid chunk size
DEBUG flwr 2023-08-21 02:01:08,205 | server.py:229 | fit_round 4 received 8 results and 0 failures
INFO flwr 2023-08-21 02:01:08,316 | fed_df.py:365 | Warm start at round 4
INFO flwr 2023-08-21 02:01:08,408 | fed_df.py:463 | Performing server side distillation training...
[2m[36m(launch_and_fit pid=3142962)[0m Fitting Client 11
[2m[36m(launch_and_fit pid=3142968)[0m Fitting Client 12
[2m[36m(launch_and_fit pid=3142964)[0m Fitting Client 19
[2m[36m(launch_and_fit pid=3142966)[0m Fitting Client 3
[2m[36m(launch_and_fit pid=3142965)[0m Fitting Client 8
[2m[36m(launch_and_fit pid=3142970)[0m Fitting Client 4
[2m[36m(launch_and_fit pid=3142969)[0m Fitting Client 9
[2m[36m(launch_and_fit pid=3142967)[0m Fitting Client 0
[2m[36m(launch_and_fit pid=3142966)[0m double free or corruption (fasttop)
[2m[36m(launch_and_fit pid=3142968)[0m corrupted size vs. prev_size in fastbins
[2m[36m(launch_and_fit pid=3142970)[0m malloc_consolidate(): invalid chunk size
[2m[36m(launch_and_fit pid=3142967)[0m malloc_consolidate(): invalid chunk size
E0821 02:01:09.678406171 3230163 chttp2_transport.cc:1079]             ipv4:145.136.62.34:35994: Received a GOAWAY with error code ENHANCE_YOUR_CALM and debug data equal to "too_many_pings". Current keepalive time (before throttling): 1920000ms
[2m[36m(launch_and_fit pid=3142964)[0m double free or corruption (fasttop)
[2m[36m(launch_and_fit pid=3142965)[0m malloc_consolidate(): invalid chunk size
INFO flwr 2023-08-21 02:02:43,058 | fed_df.py:540 | Distillation training stopped at step number : 500
INFO flwr 2023-08-21 02:02:43,058 | fed_df.py:547 | Average fusion training loss : 0.00795994687313214, val accuracy : 0.5558400000000001, best val accuracy : 0.5726
INFO flwr 2023-08-21 02:02:43,059 | common.py:35 | Avg. local train loss : 5.3612673856318, train acc : 0.74215
INFO flwr 2023-08-21 02:02:45,762 | server.py:116 | fit progress: (4, 1.2861770477294923, {'server_test_acc': 0.5591}, 611.715788345784)
INFO flwr 2023-08-21 02:02:45,762 | server.py:163 | evaluate_round 4: no clients selected, cancel
DEBUG flwr 2023-08-21 02:02:51,872 | server.py:215 | fit_round 5: strategy sampled 8 clients (out of 20)
[2m[36m(launch_and_fit pid=3392396)[0m malloc_consolidate(): invalid chunk size
[2m[36m(launch_and_fit pid=3392256)[0m malloc_consolidate(): invalid chunk size
DEBUG flwr 2023-08-21 02:03:40,650 | server.py:229 | fit_round 5 received 8 results and 0 failures
INFO flwr 2023-08-21 02:03:40,809 | fed_df.py:463 | Performing server side distillation training...
[2m[36m(launch_and_fit pid=3392396)[0m Fitting Client 17
[2m[36m(launch_and_fit pid=3392256)[0m Fitting Client 11
[2m[36m(launch_and_fit pid=3392361)[0m Fitting Client 9
[2m[36m(launch_and_fit pid=3392395)[0m Fitting Client 2
[2m[36m(launch_and_fit pid=3392398)[0m Fitting Client 19
[2m[36m(launch_and_fit pid=3392397)[0m Fitting Client 7
[2m[36m(launch_and_fit pid=3392400)[0m Fitting Client 14
[2m[36m(launch_and_fit pid=3392399)[0m Fitting Client 6
[2m[36m(launch_and_fit pid=3392398)[0m double free or corruption (fasttop)
[2m[36m(launch_and_fit pid=3392397)[0m malloc_consolidate(): invalid chunk size
[2m[36m(launch_and_fit pid=3392400)[0m malloc_consolidate(): invalid chunk size
[2m[36m(launch_and_fit pid=3392395)[0m malloc_consolidate(): invalid chunk size
[2m[36m(launch_and_fit pid=3392399)[0m double free or corruption (fasttop)
[2m[36m(launch_and_fit pid=3392361)[0m malloc_consolidate(): invalid chunk size
E0821 02:03:43.267151097 3230654 chttp2_transport.cc:1079]             ipv4:145.136.62.34:35994: Received a GOAWAY with error code ENHANCE_YOUR_CALM and debug data equal to "too_many_pings". Current keepalive time (before throttling): 3840000ms
INFO flwr 2023-08-21 02:05:15,487 | fed_df.py:540 | Distillation training stopped at step number : 500
INFO flwr 2023-08-21 02:05:15,487 | fed_df.py:547 | Average fusion training loss : 0.005692863703239709, val accuracy : 0.57234, best val accuracy : 0.6004
INFO flwr 2023-08-21 02:05:15,489 | common.py:35 | Avg. local train loss : 4.912637580186128, train acc : 0.7837555555555554
INFO flwr 2023-08-21 02:05:18,226 | server.py:116 | fit progress: (5, 1.2351861602783203, {'server_test_acc': 0.5935}, 764.1800731848925)
INFO flwr 2023-08-21 02:05:18,226 | server.py:163 | evaluate_round 5: no clients selected, cancel
DEBUG flwr 2023-08-21 02:05:24,362 | server.py:215 | fit_round 6: strategy sampled 8 clients (out of 20)
[2m[36m(launch_and_fit pid=3641237)[0m double free or corruption (fasttop)
[2m[36m(launch_and_fit pid=3641377)[0m double free or corruption (fasttop)
DEBUG flwr 2023-08-21 02:06:12,127 | server.py:229 | fit_round 6 received 8 results and 0 failures
INFO flwr 2023-08-21 02:06:12,237 | fed_df.py:365 | Warm start at round 6
INFO flwr 2023-08-21 02:06:12,343 | fed_df.py:463 | Performing server side distillation training...
[2m[36m(launch_and_fit pid=3641237)[0m Fitting Client 19
[2m[36m(launch_and_fit pid=3641235)[0m Fitting Client 18
[2m[36m(launch_and_fit pid=3641307)[0m Fitting Client 10
[2m[36m(launch_and_fit pid=3641378)[0m Fitting Client 4
[2m[36m(launch_and_fit pid=3641377)[0m Fitting Client 7
[2m[36m(launch_and_fit pid=3641306)[0m Fitting Client 8
[2m[36m(launch_and_fit pid=3641375)[0m Fitting Client 17
[2m[36m(launch_and_fit pid=3641376)[0m Fitting Client 15
[2m[36m(launch_and_fit pid=3641307)[0m malloc_consolidate(): invalid chunk size
[2m[36m(launch_and_fit pid=3641375)[0m corrupted size vs. prev_size in fastbins
[2m[36m(launch_and_fit pid=3641235)[0m double free or corruption (fasttop)
E0821 02:06:12.957805966 3479099 chttp2_transport.cc:1079]             ipv4:145.136.62.34:35994: Received a GOAWAY with error code ENHANCE_YOUR_CALM and debug data equal to "too_many_pings". Current keepalive time (before throttling): 7680000ms
E0821 02:06:12.957931988 3479099 chttp2_transport.cc:1079]             ipv4:145.136.62.34:35994: Received a GOAWAY with error code ENHANCE_YOUR_CALM and debug data equal to "too_many_pings". Current keepalive time (before throttling): 7680000ms
[2m[36m(launch_and_fit pid=3641376)[0m malloc_consolidate(): invalid chunk size
[2m[36m(launch_and_fit pid=3641378)[0m malloc_consolidate(): invalid chunk size
[2m[36m(launch_and_fit pid=3641306)[0m double free or corruption (fasttop)
INFO flwr 2023-08-21 02:07:47,661 | fed_df.py:540 | Distillation training stopped at step number : 500
INFO flwr 2023-08-21 02:07:47,662 | fed_df.py:547 | Average fusion training loss : 0.009294083926361054, val accuracy : 0.53712, best val accuracy : 0.5554
INFO flwr 2023-08-21 02:07:47,663 | common.py:35 | Avg. local train loss : 4.666828234121203, train acc : 0.8070527777777777
INFO flwr 2023-08-21 02:07:50,408 | server.py:116 | fit progress: (6, 1.3464904602050782, {'server_test_acc': 0.5564}, 916.3616055548191)
INFO flwr 2023-08-21 02:07:50,408 | server.py:163 | evaluate_round 6: no clients selected, cancel
DEBUG flwr 2023-08-21 02:07:56,559 | server.py:215 | fit_round 7: strategy sampled 8 clients (out of 20)
[2m[36m(launch_and_fit pid=3890547)[0m malloc_consolidate(): invalid chunk size
[2m[36m(launch_and_fit pid=3890618)[0m double free or corruption (fasttop)
[2m[36m(launch_and_fit pid=3890621)[0m malloc_consolidate(): invalid chunk size
DEBUG flwr 2023-08-21 02:08:44,459 | server.py:229 | fit_round 7 received 8 results and 0 failures
INFO flwr 2023-08-21 02:08:44,601 | fed_df.py:463 | Performing server side distillation training...
[2m[36m(launch_and_fit pid=3890547)[0m Fitting Client 0
[2m[36m(launch_and_fit pid=3890549)[0m Fitting Client 12
[2m[36m(launch_and_fit pid=3890619)[0m Fitting Client 2
[2m[36m(launch_and_fit pid=3890622)[0m Fitting Client 15
[2m[36m(launch_and_fit pid=3890618)[0m Fitting Client 19
[2m[36m(launch_and_fit pid=3890621)[0m Fitting Client 4
[2m[36m(launch_and_fit pid=3890609)[0m Fitting Client 8
[2m[36m(launch_and_fit pid=3890620)[0m Fitting Client 3
[2m[36m(launch_and_fit pid=3890619)[0m malloc_consolidate(): invalid chunk size
[2m[36m(launch_and_fit pid=3890549)[0m malloc_consolidate(): invalid chunk size
[2m[36m(launch_and_fit pid=3890620)[0m malloc_consolidate(): invalid chunk size
[2m[36m(launch_and_fit pid=3890622)[0m malloc_consolidate(): invalid chunk size
[2m[36m(launch_and_fit pid=3890609)[0m malloc_consolidate(): invalid chunk size
INFO flwr 2023-08-21 02:10:20,033 | fed_df.py:540 | Distillation training stopped at step number : 500
INFO flwr 2023-08-21 02:10:20,034 | fed_df.py:547 | Average fusion training loss : 0.0029419810681138186, val accuracy : 0.6250600000000001, best val accuracy : 0.642
INFO flwr 2023-08-21 02:10:20,035 | common.py:35 | Avg. local train loss : 4.802622846141458, train acc : 0.7997666666666666
INFO flwr 2023-08-21 02:10:22,773 | server.py:116 | fit progress: (7, 1.1507216583251954, {'server_test_acc': 0.6303}, 1068.7265301281586)
INFO flwr 2023-08-21 02:10:22,773 | server.py:163 | evaluate_round 7: no clients selected, cancel
DEBUG flwr 2023-08-21 02:10:28,820 | server.py:215 | fit_round 8: strategy sampled 8 clients (out of 20)
[2m[36m(launch_and_fit pid=4140172)[0m malloc_consolidate(): invalid chunk size
DEBUG flwr 2023-08-21 02:11:16,818 | server.py:229 | fit_round 8 received 8 results and 0 failures
INFO flwr 2023-08-21 02:11:16,928 | fed_df.py:365 | Warm start at round 8
INFO flwr 2023-08-21 02:11:17,033 | fed_df.py:463 | Performing server side distillation training...
[2m[36m(launch_and_fit pid=4140172)[0m Fitting Client 13
[2m[36m(launch_and_fit pid=4140174)[0m Fitting Client 4
[2m[36m(launch_and_fit pid=4140100)[0m Fitting Client 5
[2m[36m(launch_and_fit pid=4140101)[0m Fitting Client 19
[2m[36m(launch_and_fit pid=4140171)[0m Fitting Client 9
[2m[36m(launch_and_fit pid=4140170)[0m Fitting Client 14
[2m[36m(launch_and_fit pid=4140173)[0m Fitting Client 7
[2m[36m(launch_and_fit pid=4140102)[0m Fitting Client 15
[2m[36m(launch_and_fit pid=4140101)[0m malloc_consolidate(): invalid chunk size
[2m[36m(launch_and_fit pid=4140100)[0m malloc_consolidate(): invalid chunk size
[2m[36m(launch_and_fit pid=4140170)[0m double free or corruption (fasttop)
[2m[36m(launch_and_fit pid=4140173)[0m malloc_consolidate(): invalid chunk size
[2m[36m(launch_and_fit pid=4140171)[0m malloc_consolidate(): invalid chunk size
[2m[36m(launch_and_fit pid=4140102)[0m malloc_consolidate(): invalid chunk size
[2m[36m(launch_and_fit pid=4140174)[0m double free or corruption (fasttop)
E0821 02:11:19.304487837 3722630 chttp2_transport.cc:1079]             ipv4:145.136.62.34:35994: Received a GOAWAY with error code ENHANCE_YOUR_CALM and debug data equal to "too_many_pings". Current keepalive time (before throttling): 15360000ms
INFO flwr 2023-08-21 02:12:51,887 | fed_df.py:540 | Distillation training stopped at step number : 500
INFO flwr 2023-08-21 02:12:51,888 | fed_df.py:547 | Average fusion training loss : 0.007629914185497909, val accuracy : 0.65934, best val accuracy : 0.6718
INFO flwr 2023-08-21 02:12:51,889 | common.py:35 | Avg. local train loss : 4.763100316002965, train acc : 0.8038861111111112
INFO flwr 2023-08-21 02:12:54,665 | server.py:116 | fit progress: (8, 1.090123880004883, {'server_test_acc': 0.6689}, 1220.619125335943)
INFO flwr 2023-08-21 02:12:54,665 | server.py:163 | evaluate_round 8: no clients selected, cancel
DEBUG flwr 2023-08-21 02:13:00,750 | server.py:215 | fit_round 9: strategy sampled 8 clients (out of 20)
[2m[36m(launch_and_fit pid=208012)[0m malloc_consolidate(): invalid chunk size
[2m[36m(launch_and_fit pid=208122)[0m malloc_consolidate(): invalid chunk size
[2m[36m(launch_and_fit pid=208124)[0m malloc_consolidate(): invalid chunk size
[2m[36m(launch_and_fit pid=208013)[0m malloc_consolidate(): invalid chunk size
DEBUG flwr 2023-08-21 02:13:49,131 | server.py:229 | fit_round 9 received 8 results and 0 failures
INFO flwr 2023-08-21 02:13:49,272 | fed_df.py:463 | Performing server side distillation training...
[2m[36m(launch_and_fit pid=208012)[0m Fitting Client 5
[2m[36m(launch_and_fit pid=208122)[0m Fitting Client 4
[2m[36m(launch_and_fit pid=208125)[0m Fitting Client 19
[2m[36m(launch_and_fit pid=208124)[0m Fitting Client 16
[2m[36m(launch_and_fit pid=208123)[0m Fitting Client 13
[2m[36m(launch_and_fit pid=208014)[0m Fitting Client 18
[2m[36m(launch_and_fit pid=208011)[0m Fitting Client 3
[2m[36m(launch_and_fit pid=208013)[0m Fitting Client 2
E0821 02:13:49.739186723   30689 chttp2_transport.cc:1079]             ipv4:145.136.62.34:35994: Received a GOAWAY with error code ENHANCE_YOUR_CALM and debug data equal to "too_many_pings". Current keepalive time (before throttling): 30720000ms
[2m[36m(launch_and_fit pid=208125)[0m malloc_consolidate(): invalid chunk size
[2m[36m(launch_and_fit pid=208014)[0m malloc_consolidate(): invalid chunk size
[2m[36m(launch_and_fit pid=208123)[0m malloc_consolidate(): invalid chunk size
[2m[36m(launch_and_fit pid=208011)[0m malloc_consolidate(): invalid chunk size
INFO flwr 2023-08-21 02:15:25,493 | fed_df.py:540 | Distillation training stopped at step number : 500
INFO flwr 2023-08-21 02:15:25,494 | fed_df.py:547 | Average fusion training loss : 0.0020258350687799975, val accuracy : 0.6334600000000001, best val accuracy : 0.6432
INFO flwr 2023-08-21 02:15:25,495 | common.py:35 | Avg. local train loss : 4.465730791911483, train acc : 0.8345305555555557
INFO flwr 2023-08-21 02:15:28,250 | server.py:116 | fit progress: (9, 1.1907956390380858, {'server_test_acc': 0.6272}, 1374.2035808698274)
INFO flwr 2023-08-21 02:15:28,250 | server.py:163 | evaluate_round 9: no clients selected, cancel
DEBUG flwr 2023-08-21 02:15:34,346 | server.py:215 | fit_round 10: strategy sampled 8 clients (out of 20)
[2m[36m(launch_and_fit pid=474581)[0m malloc_consolidate(): invalid chunk size
[2m[36m(launch_and_fit pid=474721)[0m malloc_consolidate(): invalid chunk size
[2m[36m(launch_and_fit pid=474722)[0m malloc_consolidate(): invalid chunk size
DEBUG flwr 2023-08-21 02:16:22,418 | server.py:229 | fit_round 10 received 8 results and 0 failures
INFO flwr 2023-08-21 02:16:22,531 | fed_df.py:365 | Warm start at round 10
INFO flwr 2023-08-21 02:16:22,636 | fed_df.py:463 | Performing server side distillation training...
[2m[36m(launch_and_fit pid=474581)[0m Fitting Client 5
[2m[36m(launch_and_fit pid=474649)[0m Fitting Client 10
[2m[36m(launch_and_fit pid=474652)[0m Fitting Client 0
[2m[36m(launch_and_fit pid=474651)[0m Fitting Client 1
[2m[36m(launch_and_fit pid=474722)[0m Fitting Client 19
[2m[36m(launch_and_fit pid=474721)[0m Fitting Client 7
[2m[36m(launch_and_fit pid=474650)[0m Fitting Client 13
[2m[36m(launch_and_fit pid=474720)[0m Fitting Client 9
[2m[36m(launch_and_fit pid=474649)[0m malloc_consolidate(): invalid chunk size
[2m[36m(launch_and_fit pid=474720)[0m double free or corruption (!prev)
[2m[36m(launch_and_fit pid=474652)[0m malloc_consolidate(): invalid chunk size
[2m[36m(launch_and_fit pid=474650)[0m malloc_consolidate(): invalid chunk size
[2m[36m(launch_and_fit pid=474651)[0m malloc_consolidate(): invalid chunk size
E0821 02:16:24.678615422  554669 chttp2_transport.cc:1079]             ipv4:145.136.62.34:35994: Received a GOAWAY with error code ENHANCE_YOUR_CALM and debug data equal to "too_many_pings". Current keepalive time (before throttling): 61440000ms
INFO flwr 2023-08-21 02:17:58,785 | fed_df.py:540 | Distillation training stopped at step number : 500
INFO flwr 2023-08-21 02:17:58,785 | fed_df.py:547 | Average fusion training loss : 0.006401594615541398, val accuracy : 0.6656199999999999, best val accuracy : 0.6758
INFO flwr 2023-08-21 02:17:58,786 | common.py:35 | Avg. local train loss : 4.700116936117411, train acc : 0.8131111111111111
INFO flwr 2023-08-21 02:18:01,525 | server.py:116 | fit progress: (10, 1.1503410949707031, {'server_test_acc': 0.6707}, 1527.4792688940652)
INFO flwr 2023-08-21 02:18:01,526 | server.py:163 | evaluate_round 10: no clients selected, cancel
DEBUG flwr 2023-08-21 02:18:07,765 | server.py:215 | fit_round 11: strategy sampled 8 clients (out of 20)
DEBUG flwr 2023-08-21 02:18:55,627 | server.py:229 | fit_round 11 received 8 results and 0 failures
[2m[36m(launch_and_fit pid=724835)[0m double free or corruption (fasttop)
INFO flwr 2023-08-21 02:18:55,786 | fed_df.py:463 | Performing server side distillation training...
[2m[36m(launch_and_fit pid=724835)[0m Fitting Client 0
[2m[36m(launch_and_fit pid=724828)[0m Fitting Client 13
[2m[36m(launch_and_fit pid=724833)[0m Fitting Client 6
[2m[36m(launch_and_fit pid=724831)[0m Fitting Client 5
[2m[36m(launch_and_fit pid=724829)[0m Fitting Client 3
[2m[36m(launch_and_fit pid=724830)[0m Fitting Client 16
[2m[36m(launch_and_fit pid=724832)[0m Fitting Client 11
[2m[36m(launch_and_fit pid=724834)[0m Fitting Client 14
[2m[36m(launch_and_fit pid=724829)[0m malloc_consolidate(): invalid chunk size
[2m[36m(launch_and_fit pid=724833)[0m corrupted size vs. prev_size in fastbins
[2m[36m(launch_and_fit pid=724834)[0m malloc_consolidate(): invalid chunk size
[2m[36m(launch_and_fit pid=724830)[0m malloc_consolidate(): invalid chunk size
[2m[36m(launch_and_fit pid=724828)[0m malloc_consolidate(): invalid chunk size
[2m[36m(launch_and_fit pid=724832)[0m malloc_consolidate(): invalid chunk size
[2m[36m(launch_and_fit pid=724831)[0m double free or corruption (fasttop)
E0821 02:18:58.156472021  804965 chttp2_transport.cc:1079]             ipv4:145.136.62.34:35994: Received a GOAWAY with error code ENHANCE_YOUR_CALM and debug data equal to "too_many_pings". Current keepalive time (before throttling): 122880000ms
E0821 02:19:23.184362078  851345 chttp2_transport.cc:1079]             ipv4:145.136.62.34:35994: Received a GOAWAY with error code ENHANCE_YOUR_CALM and debug data equal to "too_many_pings". Current keepalive time (before throttling): 245760000ms
INFO flwr 2023-08-21 02:20:36,529 | fed_df.py:540 | Distillation training stopped at step number : 500
INFO flwr 2023-08-21 02:20:36,529 | fed_df.py:547 | Average fusion training loss : 0.0017711801684927196, val accuracy : 0.6657, best val accuracy : 0.6914
INFO flwr 2023-08-21 02:20:36,530 | common.py:35 | Avg. local train loss : 4.7801276765763765, train acc : 0.8058
INFO flwr 2023-08-21 02:20:39,263 | server.py:116 | fit progress: (11, 1.1329250885009765, {'server_test_acc': 0.6791}, 1685.2165743289515)
INFO flwr 2023-08-21 02:20:39,263 | server.py:163 | evaluate_round 11: no clients selected, cancel
DEBUG flwr 2023-08-21 02:20:45,381 | server.py:215 | fit_round 12: strategy sampled 8 clients (out of 20)
[2m[36m(launch_and_fit pid=978618)[0m malloc_consolidate(): invalid chunk size
[2m[36m(launch_and_fit pid=978613)[0m malloc_consolidate(): invalid chunk size
[2m[36m(launch_and_fit pid=978615)[0m malloc_consolidate(): invalid chunk size
DEBUG flwr 2023-08-21 02:21:33,682 | server.py:229 | fit_round 12 received 8 results and 0 failures
[2m[36m(launch_and_fit pid=978617)[0m malloc_consolidate(): invalid chunk size
INFO flwr 2023-08-21 02:21:33,794 | fed_df.py:365 | Warm start at round 12
INFO flwr 2023-08-21 02:21:33,883 | fed_df.py:463 | Performing server side distillation training...
[2m[36m(launch_and_fit pid=978617)[0m Fitting Client 0
[2m[36m(launch_and_fit pid=978615)[0m Fitting Client 14
[2m[36m(launch_and_fit pid=978613)[0m Fitting Client 17
[2m[36m(launch_and_fit pid=978618)[0m Fitting Client 3
[2m[36m(launch_and_fit pid=978621)[0m Fitting Client 18
[2m[36m(launch_and_fit pid=978616)[0m Fitting Client 8
[2m[36m(launch_and_fit pid=978619)[0m Fitting Client 5
[2m[36m(launch_and_fit pid=978620)[0m Fitting Client 1
[2m[36m(launch_and_fit pid=978621)[0m double free or corruption (fasttop)
[2m[36m(launch_and_fit pid=978616)[0m malloc_consolidate(): invalid chunk size
E0821 02:21:34.527787820  851853 chttp2_transport.cc:1079]             ipv4:145.136.62.34:35994: Received a GOAWAY with error code ENHANCE_YOUR_CALM and debug data equal to "too_many_pings". Current keepalive time (before throttling): 491520000ms
[2m[36m(launch_and_fit pid=978619)[0m malloc_consolidate(): invalid chunk size
[2m[36m(launch_and_fit pid=978620)[0m malloc_consolidate(): invalid chunk size
INFO flwr 2023-08-21 02:23:13,906 | fed_df.py:540 | Distillation training stopped at step number : 500
INFO flwr 2023-08-21 02:23:13,906 | fed_df.py:547 | Average fusion training loss : 0.005774173740646802, val accuracy : 0.68776, best val accuracy : 0.6948
INFO flwr 2023-08-21 02:23:13,908 | common.py:35 | Avg. local train loss : 4.518830873072147, train acc : 0.8311138888888888
INFO flwr 2023-08-21 02:23:16,606 | server.py:116 | fit progress: (12, 1.1529356567382814, {'server_test_acc': 0.6838}, 1842.5601248489693)
INFO flwr 2023-08-21 02:23:16,606 | server.py:163 | evaluate_round 12: no clients selected, cancel
DEBUG flwr 2023-08-21 02:23:22,733 | server.py:215 | fit_round 13: strategy sampled 8 clients (out of 20)
[2m[36m(launch_and_fit pid=1231838)[0m malloc_consolidate(): invalid chunk size
[2m[36m(launch_and_fit pid=1231980)[0m double free or corruption (fasttop)
DEBUG flwr 2023-08-21 02:24:10,675 | server.py:229 | fit_round 13 received 8 results and 0 failures
[2m[36m(launch_and_fit pid=1231908)[0m double free or corruption (fasttop)
INFO flwr 2023-08-21 02:24:10,840 | fed_df.py:463 | Performing server side distillation training...
[2m[36m(launch_and_fit pid=1231838)[0m Fitting Client 19
[2m[36m(launch_and_fit pid=1231908)[0m Fitting Client 18
[2m[36m(launch_and_fit pid=1231980)[0m Fitting Client 14
[2m[36m(launch_and_fit pid=1231955)[0m Fitting Client 5
[2m[36m(launch_and_fit pid=1231909)[0m Fitting Client 0
[2m[36m(launch_and_fit pid=1231979)[0m Fitting Client 7
[2m[36m(launch_and_fit pid=1231907)[0m Fitting Client 11
[2m[36m(launch_and_fit pid=1231910)[0m Fitting Client 3
[2m[36m(launch_and_fit pid=1231979)[0m double free or corruption (fasttop)
[2m[36m(launch_and_fit pid=1231955)[0m double free or corruption (fasttop)
[2m[36m(launch_and_fit pid=1231909)[0m malloc_consolidate(): invalid chunk size
[2m[36m(launch_and_fit pid=1231907)[0m malloc_consolidate(): invalid chunk size
[2m[36m(launch_and_fit pid=1231910)[0m malloc_consolidate(): invalid chunk size
E0821 02:24:13.462467256 1058112 chttp2_transport.cc:1079]             ipv4:145.136.62.34:35994: Received a GOAWAY with error code ENHANCE_YOUR_CALM and debug data equal to "too_many_pings". Current keepalive time (before throttling): 983040000ms
INFO flwr 2023-08-21 02:25:45,638 | fed_df.py:540 | Distillation training stopped at step number : 500
INFO flwr 2023-08-21 02:25:45,638 | fed_df.py:547 | Average fusion training loss : 0.001042297285341192, val accuracy : 0.65404, best val accuracy : 0.6696
INFO flwr 2023-08-21 02:25:45,640 | common.py:35 | Avg. local train loss : 4.242790794372559, train acc : 0.8576083333333334
INFO flwr 2023-08-21 02:25:48,385 | server.py:116 | fit progress: (13, 1.1865723358154296, {'server_test_acc': 0.6644}, 1994.3385341460817)
INFO flwr 2023-08-21 02:25:48,385 | server.py:163 | evaluate_round 13: no clients selected, cancel
DEBUG flwr 2023-08-21 02:25:54,539 | server.py:215 | fit_round 14: strategy sampled 8 clients (out of 20)
[2m[36m(launch_and_fit pid=1481557)[0m malloc_consolidate(): invalid chunk size
DEBUG flwr 2023-08-21 02:26:42,367 | server.py:229 | fit_round 14 received 8 results and 0 failures
[2m[36m(launch_and_fit pid=1481559)[0m malloc_consolidate(): invalid chunk size
INFO flwr 2023-08-21 02:26:42,479 | fed_df.py:365 | Warm start at round 14
INFO flwr 2023-08-21 02:26:42,570 | fed_df.py:463 | Performing server side distillation training...
[2m[36m(launch_and_fit pid=1481559)[0m Fitting Client 9
[2m[36m(launch_and_fit pid=1481557)[0m Fitting Client 8
[2m[36m(launch_and_fit pid=1481558)[0m Fitting Client 16
[2m[36m(launch_and_fit pid=1481560)[0m Fitting Client 10
[2m[36m(launch_and_fit pid=1481561)[0m Fitting Client 3
[2m[36m(launch_and_fit pid=1481629)[0m Fitting Client 4
[2m[36m(launch_and_fit pid=1481631)[0m Fitting Client 18
[2m[36m(launch_and_fit pid=1481630)[0m Fitting Client 14
[2m[36m(launch_and_fit pid=1481560)[0m malloc_consolidate(): invalid chunk size
[2m[36m(launch_and_fit pid=1481558)[0m double free or corruption (fasttop)
[2m[36m(launch_and_fit pid=1481561)[0m malloc_consolidate(): invalid chunk size
[2m[36m(launch_and_fit pid=1481631)[0m malloc(): unsorted double linked list corrupted
[2m[36m(launch_and_fit pid=1481630)[0m malloc_consolidate(): invalid chunk size
[2m[36m(launch_and_fit pid=1481629)[0m malloc_consolidate(): invalid chunk size
INFO flwr 2023-08-21 02:28:17,818 | fed_df.py:540 | Distillation training stopped at step number : 500
INFO flwr 2023-08-21 02:28:17,818 | fed_df.py:547 | Average fusion training loss : 0.0053275416482938456, val accuracy : 0.6797000000000001, best val accuracy : 0.6918
INFO flwr 2023-08-21 02:28:17,819 | common.py:35 | Avg. local train loss : 4.481851966679096, train acc : 0.840175
INFO flwr 2023-08-21 02:28:20,539 | server.py:116 | fit progress: (14, 1.2190310607910155, {'server_test_acc': 0.6948}, 2146.4932497320697)
INFO flwr 2023-08-21 02:28:20,540 | server.py:163 | evaluate_round 14: no clients selected, cancel
DEBUG flwr 2023-08-21 02:28:26,725 | server.py:215 | fit_round 15: strategy sampled 8 clients (out of 20)
[2m[36m(launch_and_fit pid=1731666)[0m malloc_consolidate(): invalid chunk size
DEBUG flwr 2023-08-21 02:29:14,366 | server.py:229 | fit_round 15 received 8 results and 0 failures
INFO flwr 2023-08-21 02:29:14,510 | fed_df.py:463 | Performing server side distillation training...
[2m[36m(launch_and_fit pid=1731666)[0m Fitting Client 8
[2m[36m(launch_and_fit pid=1731849)[0m Fitting Client 5
[2m[36m(launch_and_fit pid=1731850)[0m Fitting Client 1
[2m[36m(launch_and_fit pid=1731772)[0m Fitting Client 7
[2m[36m(launch_and_fit pid=1731852)[0m Fitting Client 14
[2m[36m(launch_and_fit pid=1731851)[0m Fitting Client 18
[2m[36m(launch_and_fit pid=1731847)[0m Fitting Client 12
[2m[36m(launch_and_fit pid=1731846)[0m Fitting Client 15
[2m[36m(launch_and_fit pid=1731852)[0m malloc_consolidate(): invalid chunk size
[2m[36m(launch_and_fit pid=1731772)[0m malloc_consolidate(): invalid chunk size
[2m[36m(launch_and_fit pid=1731850)[0m double free or corruption (fasttop)
[2m[36m(launch_and_fit pid=1731850)[0m malloc_consolidate(): invalid chunk size
[2m[36m(launch_and_fit pid=1731849)[0m malloc_consolidate(): invalid chunk size
[2m[36m(launch_and_fit pid=1731851)[0m malloc_consolidate(): invalid chunk size
[2m[36m(launch_and_fit pid=1731846)[0m malloc_consolidate(): invalid chunk size
[2m[36m(launch_and_fit pid=1731847)[0m malloc_consolidate(): invalid chunk size
E0821 02:29:18.577187931 1825494 chttp2_transport.cc:1079]             ipv4:145.136.62.34:35994: Received a GOAWAY with error code ENHANCE_YOUR_CALM and debug data equal to "too_many_pings". Current keepalive time (before throttling): 1966080000ms
INFO flwr 2023-08-21 02:30:50,330 | fed_df.py:540 | Distillation training stopped at step number : 500
INFO flwr 2023-08-21 02:30:50,330 | fed_df.py:547 | Average fusion training loss : 0.0009916050628526135, val accuracy : 0.67946, best val accuracy : 0.6906
INFO flwr 2023-08-21 02:30:50,332 | common.py:35 | Avg. local train loss : 4.275598736479878, train acc : 0.8572833333333332
INFO flwr 2023-08-21 02:30:53,056 | server.py:116 | fit progress: (15, 1.2090934783935547, {'server_test_acc': 0.6813}, 2299.0101807378232)
INFO flwr 2023-08-21 02:30:53,056 | server.py:163 | evaluate_round 15: no clients selected, cancel
DEBUG flwr 2023-08-21 02:30:59,185 | server.py:215 | fit_round 16: strategy sampled 8 clients (out of 20)
[2m[36m(launch_and_fit pid=2008871)[0m double free or corruption (fasttop)
[2m[36m(launch_and_fit pid=2008884)[0m malloc_consolidate(): invalid chunk size
DEBUG flwr 2023-08-21 02:31:47,887 | server.py:229 | fit_round 16 received 8 results and 0 failures
INFO flwr 2023-08-21 02:31:47,999 | fed_df.py:365 | Warm start at round 16
[2m[36m(launch_and_fit pid=2008872)[0m malloc_consolidate(): invalid chunk size
INFO flwr 2023-08-21 02:31:48,089 | fed_df.py:463 | Performing server side distillation training...
[2m[36m(launch_and_fit pid=2008884)[0m Fitting Client 15
[2m[36m(launch_and_fit pid=2008883)[0m Fitting Client 7
[2m[36m(launch_and_fit pid=2008871)[0m Fitting Client 17
[2m[36m(launch_and_fit pid=2008872)[0m Fitting Client 18
[2m[36m(launch_and_fit pid=2008882)[0m Fitting Client 9
[2m[36m(launch_and_fit pid=2008870)[0m Fitting Client 11
[2m[36m(launch_and_fit pid=2008869)[0m Fitting Client 10
[2m[36m(launch_and_fit pid=2008881)[0m Fitting Client 12
[2m[36m(launch_and_fit pid=2008882)[0m double free or corruption (fasttop)
[2m[36m(launch_and_fit pid=2008883)[0m double free or corruption (fasttop)
[2m[36m(launch_and_fit pid=2008881)[0m malloc_consolidate(): invalid chunk size
[2m[36m(launch_and_fit pid=2008869)[0m malloc_consolidate(): invalid chunk size
[2m[36m(launch_and_fit pid=2008870)[0m double free or corruption (fasttop)
E0821 02:31:50.174949099 2088706 chttp2_transport.cc:1079]             ipv4:145.136.62.34:35994: Received a GOAWAY with error code ENHANCE_YOUR_CALM and debug data equal to "too_many_pings". Current keepalive time (before throttling): ∞
E0821 02:33:10.741338308 2225193 chttp2_transport.cc:1079]             ipv4:145.136.62.34:35994: Received a GOAWAY with error code ENHANCE_YOUR_CALM and debug data equal to "too_many_pings". Current keepalive time (before throttling): ∞
INFO flwr 2023-08-21 02:33:24,184 | fed_df.py:540 | Distillation training stopped at step number : 500
INFO flwr 2023-08-21 02:33:24,184 | fed_df.py:547 | Average fusion training loss : 0.004695819277549163, val accuracy : 0.62784, best val accuracy : 0.6418
INFO flwr 2023-08-21 02:33:24,186 | common.py:35 | Avg. local train loss : 4.407146158069373, train acc : 0.8483166666666666
INFO flwr 2023-08-21 02:33:26,903 | server.py:116 | fit progress: (16, 1.3607364044189454, {'server_test_acc': 0.6359}, 2452.856540026143)
INFO flwr 2023-08-21 02:33:26,903 | server.py:163 | evaluate_round 16: no clients selected, cancel
DEBUG flwr 2023-08-21 02:33:33,081 | server.py:215 | fit_round 17: strategy sampled 8 clients (out of 20)
[2m[36m(launch_and_fit pid=2258936)[0m malloc_consolidate(): invalid chunk size
[2m[36m(launch_and_fit pid=2258949)[0m malloc(): unsorted double linked list corrupted
[2m[36m(launch_and_fit pid=2258947)[0m malloc_consolidate(): invalid chunk size
DEBUG flwr 2023-08-21 02:34:20,915 | server.py:229 | fit_round 17 received 8 results and 0 failures
[2m[36m(launch_and_fit pid=2258948)[0m double free or corruption (fasttop)
INFO flwr 2023-08-21 02:34:21,058 | fed_df.py:463 | Performing server side distillation training...
[2m[36m(launch_and_fit pid=2258936)[0m Fitting Client 15
[2m[36m(launch_and_fit pid=2258947)[0m Fitting Client 9
[2m[36m(launch_and_fit pid=2258948)[0m Fitting Client 0
[2m[36m(launch_and_fit pid=2258951)[0m Fitting Client 17
[2m[36m(launch_and_fit pid=2258949)[0m Fitting Client 14
[2m[36m(launch_and_fit pid=2258946)[0m Fitting Client 1
[2m[36m(launch_and_fit pid=2258952)[0m Fitting Client 11
[2m[36m(launch_and_fit pid=2258950)[0m Fitting Client 16
[2m[36m(launch_and_fit pid=2258951)[0m malloc_consolidate(): invalid chunk size
[2m[36m(launch_and_fit pid=2258952)[0m malloc_consolidate(): invalid chunk size
E0821 02:34:22.584917003 2337378 chttp2_transport.cc:1079]             ipv4:145.136.62.34:35994: Received a GOAWAY with error code ENHANCE_YOUR_CALM and debug data equal to "too_many_pings". Current keepalive time (before throttling): ∞
[2m[36m(launch_and_fit pid=2258950)[0m double free or corruption (fasttop)
[2m[36m(launch_and_fit pid=2258946)[0m malloc_consolidate(): invalid chunk size
INFO flwr 2023-08-21 02:35:58,208 | fed_df.py:540 | Distillation training stopped at step number : 500
INFO flwr 2023-08-21 02:35:58,209 | fed_df.py:547 | Average fusion training loss : 0.0008979331584996543, val accuracy : 0.72, best val accuracy : 0.7316
INFO flwr 2023-08-21 02:35:58,210 | common.py:35 | Avg. local train loss : 4.359633609652519, train acc : 0.8503833333333332
INFO flwr 2023-08-21 02:36:00,927 | server.py:116 | fit progress: (17, 1.223322164916992, {'server_test_acc': 0.7187}, 2606.8810191741213)
INFO flwr 2023-08-21 02:36:00,928 | server.py:163 | evaluate_round 17: no clients selected, cancel
DEBUG flwr 2023-08-21 02:36:07,149 | server.py:215 | fit_round 18: strategy sampled 8 clients (out of 20)
[2m[36m(launch_and_fit pid=2511904)[0m malloc_consolidate(): invalid chunk size
DEBUG flwr 2023-08-21 02:36:54,968 | server.py:229 | fit_round 18 received 8 results and 0 failures
INFO flwr 2023-08-21 02:36:55,079 | fed_df.py:365 | Warm start at round 18
INFO flwr 2023-08-21 02:36:55,168 | fed_df.py:463 | Performing server side distillation training...
[2m[36m(launch_and_fit pid=2511904)[0m Fitting Client 12
[2m[36m(launch_and_fit pid=2511975)[0m Fitting Client 7
[2m[36m(launch_and_fit pid=2511974)[0m Fitting Client 16
[2m[36m(launch_and_fit pid=2511903)[0m Fitting Client 3
[2m[36m(launch_and_fit pid=2511976)[0m Fitting Client 2
[2m[36m(launch_and_fit pid=2512003)[0m Fitting Client 14
[2m[36m(launch_and_fit pid=2511973)[0m Fitting Client 10
[2m[36m(launch_and_fit pid=2512022)[0m Fitting Client 19
[2m[36m(launch_and_fit pid=2511975)[0m malloc_consolidate(): invalid chunk size
[2m[36m(launch_and_fit pid=2512003)[0m double free or corruption (fasttop)
[2m[36m(launch_and_fit pid=2511976)[0m double free or corruption (fasttop)
[2m[36m(launch_and_fit pid=2511974)[0m malloc_consolidate(): invalid chunk size
[2m[36m(launch_and_fit pid=2511973)[0m double free or corruption (fasttop)
[2m[36m(launch_and_fit pid=2511903)[0m double free or corruption (fasttop)
[2m[36m(launch_and_fit pid=2512022)[0m malloc_consolidate(): invalid chunk size
E0821 02:36:57.629321604 2591837 chttp2_transport.cc:1079]             ipv4:145.136.62.34:35994: Received a GOAWAY with error code ENHANCE_YOUR_CALM and debug data equal to "too_many_pings". Current keepalive time (before throttling): ∞
INFO flwr 2023-08-21 02:38:30,891 | fed_df.py:540 | Distillation training stopped at step number : 500
INFO flwr 2023-08-21 02:38:30,892 | fed_df.py:547 | Average fusion training loss : 0.004631352188880555, val accuracy : 0.62306, best val accuracy : 0.648
INFO flwr 2023-08-21 02:38:30,893 | common.py:35 | Avg. local train loss : 4.296175910905003, train acc : 0.8591805555555555
INFO flwr 2023-08-21 02:38:33,720 | server.py:116 | fit progress: (18, 1.3920958282470703, {'server_test_acc': 0.6481}, 2759.674103483092)
INFO flwr 2023-08-21 02:38:33,720 | server.py:163 | evaluate_round 18: no clients selected, cancel
DEBUG flwr 2023-08-21 02:38:39,851 | server.py:215 | fit_round 19: strategy sampled 8 clients (out of 20)
[2m[36m(launch_and_fit pid=2762023)[0m malloc_consolidate(): invalid chunk size
DEBUG flwr 2023-08-21 02:39:27,723 | server.py:229 | fit_round 19 received 8 results and 0 failures
[2m[36m(launch_and_fit pid=2762025)[0m malloc_consolidate(): invalid chunk size
INFO flwr 2023-08-21 02:39:27,868 | fed_df.py:463 | Performing server side distillation training...
[2m[36m(launch_and_fit pid=2761953)[0m Fitting Client 11
[2m[36m(launch_and_fit pid=2761951)[0m Fitting Client 14
[2m[36m(launch_and_fit pid=2762025)[0m Fitting Client 8
[2m[36m(launch_and_fit pid=2762023)[0m Fitting Client 10
[2m[36m(launch_and_fit pid=2762022)[0m Fitting Client 6
[2m[36m(launch_and_fit pid=2761974)[0m Fitting Client 16
[2m[36m(launch_and_fit pid=2761952)[0m Fitting Client 17
[2m[36m(launch_and_fit pid=2762024)[0m Fitting Client 1
[2m[36m(launch_and_fit pid=2761951)[0m double free or corruption (fasttop)
[2m[36m(launch_and_fit pid=2761974)[0m malloc_consolidate(): invalid chunk size
[2m[36m(launch_and_fit pid=2761953)[0m double free or corruption (fasttop)
[2m[36m(launch_and_fit pid=2761952)[0m malloc_consolidate(): invalid chunk size
[2m[36m(launch_and_fit pid=2762022)[0m double free or corruption (fasttop)
[2m[36m(launch_and_fit pid=2762024)[0m double free or corruption (fasttop)
E0821 02:39:32.419401859 2592696 chttp2_transport.cc:1079]             ipv4:145.136.62.34:35994: Received a GOAWAY with error code ENHANCE_YOUR_CALM and debug data equal to "too_many_pings". Current keepalive time (before throttling): ∞
INFO flwr 2023-08-21 02:41:03,998 | fed_df.py:540 | Distillation training stopped at step number : 500
INFO flwr 2023-08-21 02:41:03,999 | fed_df.py:547 | Average fusion training loss : 0.0006770401253597811, val accuracy : 0.71714, best val accuracy : 0.731
INFO flwr 2023-08-21 02:41:04,000 | common.py:35 | Avg. local train loss : 4.255403603613376, train acc : 0.8607722222222222
INFO flwr 2023-08-21 02:41:06,725 | server.py:116 | fit progress: (19, 1.2094641784667968, {'server_test_acc': 0.7276}, 2912.6788275651634)
INFO flwr 2023-08-21 02:41:06,725 | server.py:163 | evaluate_round 19: no clients selected, cancel
DEBUG flwr 2023-08-21 02:41:12,837 | server.py:215 | fit_round 20: strategy sampled 8 clients (out of 20)
[2m[36m(launch_and_fit pid=3011449)[0m malloc_consolidate(): invalid chunk size
[2m[36m(launch_and_fit pid=3011518)[0m double free or corruption (fasttop)
DEBUG flwr 2023-08-21 02:42:00,799 | server.py:229 | fit_round 20 received 8 results and 0 failures
INFO flwr 2023-08-21 02:42:00,911 | fed_df.py:365 | Warm start at round 20
INFO flwr 2023-08-21 02:42:01,001 | fed_df.py:463 | Performing server side distillation training...
[2m[36m(launch_and_fit pid=3011449)[0m Fitting Client 12
[2m[36m(launch_and_fit pid=3011447)[0m Fitting Client 7
[2m[36m(launch_and_fit pid=3011520)[0m Fitting Client 11
[2m[36m(launch_and_fit pid=3011521)[0m Fitting Client 0
[2m[36m(launch_and_fit pid=3011448)[0m Fitting Client 10
[2m[36m(launch_and_fit pid=3011519)[0m Fitting Client 16
[2m[36m(launch_and_fit pid=3011522)[0m Fitting Client 5
[2m[36m(launch_and_fit pid=3011518)[0m Fitting Client 9
[2m[36m(launch_and_fit pid=3011522)[0m malloc_consolidate(): invalid chunk size
[2m[36m(launch_and_fit pid=3011447)[0m double free or corruption (fasttop)
[2m[36m(launch_and_fit pid=3011521)[0m malloc_consolidate(): invalid chunk size
[2m[36m(launch_and_fit pid=3011519)[0m corrupted size vs. prev_size in fastbins
[2m[36m(launch_and_fit pid=3011520)[0m malloc_consolidate(): invalid chunk size
[2m[36m(launch_and_fit pid=3011448)[0m double free or corruption (fasttop)
E0821 02:42:05.749464862 3094085 chttp2_transport.cc:1079]             ipv4:145.136.62.34:35994: Received a GOAWAY with error code ENHANCE_YOUR_CALM and debug data equal to "too_many_pings". Current keepalive time (before throttling): ∞
INFO flwr 2023-08-21 02:43:37,831 | fed_df.py:540 | Distillation training stopped at step number : 500
INFO flwr 2023-08-21 02:43:37,832 | fed_df.py:547 | Average fusion training loss : 0.0043173589308280495, val accuracy : 0.72292, best val accuracy : 0.7366
INFO flwr 2023-08-21 02:43:37,833 | common.py:35 | Avg. local train loss : 4.433685200288892, train acc : 0.8472638888888888
INFO flwr 2023-08-21 02:43:40,563 | server.py:116 | fit progress: (20, 1.3486782135009765, {'server_test_acc': 0.7314}, 3066.5169010297395)
INFO flwr 2023-08-21 02:43:40,563 | server.py:163 | evaluate_round 20: no clients selected, cancel
DEBUG flwr 2023-08-21 02:43:46,700 | server.py:215 | fit_round 21: strategy sampled 8 clients (out of 20)
[2m[36m(launch_and_fit pid=3262027)[0m malloc_consolidate(): invalid chunk size
DEBUG flwr 2023-08-21 02:44:34,138 | server.py:229 | fit_round 21 received 8 results and 0 failures
INFO flwr 2023-08-21 02:44:34,283 | fed_df.py:463 | Performing server side distillation training...
[2m[36m(launch_and_fit pid=3262027)[0m Fitting Client 3
[2m[36m(launch_and_fit pid=3262039)[0m Fitting Client 7
[2m[36m(launch_and_fit pid=3262038)[0m Fitting Client 11
[2m[36m(launch_and_fit pid=3262128)[0m Fitting Client 16
[2m[36m(launch_and_fit pid=3262036)[0m Fitting Client 2
[2m[36m(launch_and_fit pid=3262116)[0m Fitting Client 10
[2m[36m(launch_and_fit pid=3262040)[0m Fitting Client 12
[2m[36m(launch_and_fit pid=3262127)[0m Fitting Client 5
[2m[36m(launch_and_fit pid=3262116)[0m double free or corruption (fasttop)
[2m[36m(launch_and_fit pid=3262039)[0m corrupted size vs. prev_size in fastbins
[2m[36m(launch_and_fit pid=3262128)[0m malloc_consolidate(): invalid chunk size
[2m[36m(launch_and_fit pid=3262127)[0m malloc_consolidate(): invalid chunk size
[2m[36m(launch_and_fit pid=3262040)[0m malloc_consolidate(): invalid chunk size
[2m[36m(launch_and_fit pid=3262038)[0m double free or corruption (fasttop)
[2m[36m(launch_and_fit pid=3262036)[0m double free or corruption (fasttop)
E0821 02:44:38.545466080 3095116 chttp2_transport.cc:1079]             ipv4:145.136.62.34:35994: Received a GOAWAY with error code ENHANCE_YOUR_CALM and debug data equal to "too_many_pings". Current keepalive time (before throttling): ∞
INFO flwr 2023-08-21 02:46:07,753 | fed_df.py:540 | Distillation training stopped at step number : 500
INFO flwr 2023-08-21 02:46:07,754 | fed_df.py:547 | Average fusion training loss : 0.0005060134907253086, val accuracy : 0.7308399999999999, best val accuracy : 0.7458
INFO flwr 2023-08-21 02:46:07,755 | common.py:35 | Avg. local train loss : 4.291931115463377, train acc : 0.8615388888888889
INFO flwr 2023-08-21 02:46:10,464 | server.py:116 | fit progress: (21, 1.261264340209961, {'server_test_acc': 0.7415}, 3216.417874718085)
INFO flwr 2023-08-21 02:46:10,464 | server.py:163 | evaluate_round 21: no clients selected, cancel
DEBUG flwr 2023-08-21 02:46:16,587 | server.py:215 | fit_round 22: strategy sampled 8 clients (out of 20)
[2m[36m(launch_and_fit pid=3536033)[0m malloc_consolidate(): invalid chunk size
DEBUG flwr 2023-08-21 02:47:04,387 | server.py:229 | fit_round 22 received 8 results and 0 failures
INFO flwr 2023-08-21 02:47:04,497 | fed_df.py:365 | Warm start at round 22
INFO flwr 2023-08-21 02:47:04,602 | fed_df.py:463 | Performing server side distillation training...
[2m[36m(launch_and_fit pid=3535959)[0m Fitting Client 12
[2m[36m(launch_and_fit pid=3536032)[0m Fitting Client 14
[2m[36m(launch_and_fit pid=3536031)[0m Fitting Client 0
[2m[36m(launch_and_fit pid=3536033)[0m Fitting Client 19
[2m[36m(launch_and_fit pid=3536018)[0m Fitting Client 3
[2m[36m(launch_and_fit pid=3536034)[0m Fitting Client 4
[2m[36m(launch_and_fit pid=3536035)[0m Fitting Client 1
[2m[36m(launch_and_fit pid=3535960)[0m Fitting Client 17
[2m[36m(launch_and_fit pid=3536032)[0m malloc_consolidate(): invalid chunk size
[2m[36m(launch_and_fit pid=3535959)[0m malloc_consolidate(): invalid chunk size
[2m[36m(launch_and_fit pid=3535960)[0m double free or corruption (fasttop)
[2m[36m(launch_and_fit pid=3536035)[0m malloc_consolidate(): invalid chunk size
[2m[36m(launch_and_fit pid=3536018)[0m malloc_consolidate(): invalid chunk size
[2m[36m(launch_and_fit pid=3536031)[0m malloc_consolidate(): invalid chunk size
[2m[36m(launch_and_fit pid=3536034)[0m double free or corruption (fasttop)
E0821 02:47:31.937383396 3358859 chttp2_transport.cc:1079]             ipv4:145.136.62.34:35994: Received a GOAWAY with error code ENHANCE_YOUR_CALM and debug data equal to "too_many_pings". Current keepalive time (before throttling): ∞
INFO flwr 2023-08-21 02:48:41,402 | fed_df.py:540 | Distillation training stopped at step number : 500
INFO flwr 2023-08-21 02:48:41,402 | fed_df.py:547 | Average fusion training loss : 0.00387049543147441, val accuracy : 0.67042, best val accuracy : 0.7126
INFO flwr 2023-08-21 02:48:41,404 | common.py:35 | Avg. local train loss : 4.2196655057370664, train acc : 0.8671027777777779
INFO flwr 2023-08-21 02:48:44,113 | server.py:116 | fit progress: (22, 1.4360325439453125, {'server_test_acc': 0.7006}, 3370.0670963209122)
INFO flwr 2023-08-21 02:48:44,113 | server.py:163 | evaluate_round 22: no clients selected, cancel
DEBUG flwr 2023-08-21 02:48:50,216 | server.py:215 | fit_round 23: strategy sampled 8 clients (out of 20)
[2m[36m(launch_and_fit pid=3784685)[0m malloc_consolidate(): invalid chunk size
DEBUG flwr 2023-08-21 02:49:37,448 | server.py:229 | fit_round 23 received 8 results and 0 failures
INFO flwr 2023-08-21 02:49:37,590 | fed_df.py:463 | Performing server side distillation training...
[2m[36m(launch_and_fit pid=3784685)[0m Fitting Client 19
[2m[36m(launch_and_fit pid=3784756)[0m Fitting Client 6
[2m[36m(launch_and_fit pid=3784758)[0m Fitting Client 11
[2m[36m(launch_and_fit pid=3784688)[0m Fitting Client 3
[2m[36m(launch_and_fit pid=3784687)[0m Fitting Client 4
[2m[36m(launch_and_fit pid=3784760)[0m Fitting Client 17
[2m[36m(launch_and_fit pid=3784757)[0m Fitting Client 9
[2m[36m(launch_and_fit pid=3784759)[0m Fitting Client 16
[2m[36m(launch_and_fit pid=3784756)[0m corrupted size vs. prev_size in fastbins
E0821 02:49:37.867235482 3661732 chttp2_transport.cc:1079]             ipv4:145.136.62.34:35994: Received a GOAWAY with error code ENHANCE_YOUR_CALM and debug data equal to "too_many_pings". Current keepalive time (before throttling): ∞
[2m[36m(launch_and_fit pid=3784760)[0m malloc_consolidate(): invalid chunk size
[2m[36m(launch_and_fit pid=3784759)[0m malloc_consolidate(): invalid chunk size
[2m[36m(launch_and_fit pid=3784687)[0m malloc_consolidate(): invalid chunk size
[2m[36m(launch_and_fit pid=3784757)[0m malloc_consolidate(): invalid chunk size
[2m[36m(launch_and_fit pid=3784758)[0m malloc_consolidate(): invalid chunk size
[2m[36m(launch_and_fit pid=3784688)[0m malloc_consolidate(): invalid chunk size
E0821 02:49:39.962347632 3858096 chttp2_transport.cc:1079]             ipv4:145.136.62.34:35994: Received a GOAWAY with error code ENHANCE_YOUR_CALM and debug data equal to "too_many_pings". Current keepalive time (before throttling): ∞
INFO flwr 2023-08-21 02:51:14,384 | fed_df.py:540 | Distillation training stopped at step number : 500
INFO flwr 2023-08-21 02:51:14,384 | fed_df.py:547 | Average fusion training loss : 0.0004419029481068719, val accuracy : 0.74334, best val accuracy : 0.7526
INFO flwr 2023-08-21 02:51:14,385 | common.py:35 | Avg. local train loss : 4.067123386636377, train acc : 0.881086111111111
INFO flwr 2023-08-21 02:51:17,119 | server.py:116 | fit progress: (23, 1.3089623840332032, {'server_test_acc': 0.7425}, 3523.0727393599227)
INFO flwr 2023-08-21 02:51:17,119 | server.py:163 | evaluate_round 23: no clients selected, cancel
DEBUG flwr 2023-08-21 02:51:23,221 | server.py:215 | fit_round 24: strategy sampled 8 clients (out of 20)
[2m[36m(launch_and_fit pid=4031304)[0m double free or corruption (fasttop)
[2m[36m(launch_and_fit pid=4031402)[0m malloc_consolidate(): invalid chunk size
DEBUG flwr 2023-08-21 02:52:10,732 | server.py:229 | fit_round 24 received 8 results and 0 failures
[2m[36m(launch_and_fit pid=4031306)[0m double free or corruption (fasttop)
INFO flwr 2023-08-21 02:52:10,844 | fed_df.py:365 | Warm start at round 24
INFO flwr 2023-08-21 02:52:10,934 | fed_df.py:463 | Performing server side distillation training...
[2m[36m(launch_and_fit pid=4031307)[0m double free or corruption (fasttop)
[2m[36m(launch_and_fit pid=4031304)[0m Fitting Client 8
[2m[36m(launch_and_fit pid=4031375)[0m Fitting Client 4
[2m[36m(launch_and_fit pid=4031306)[0m Fitting Client 5
[2m[36m(launch_and_fit pid=4031376)[0m Fitting Client 10
[2m[36m(launch_and_fit pid=4031307)[0m Fitting Client 1
[2m[36m(launch_and_fit pid=4031402)[0m Fitting Client 9
[2m[36m(launch_and_fit pid=4031377)[0m Fitting Client 15
[2m[36m(launch_and_fit pid=4031383)[0m Fitting Client 2
E0821 02:52:11.418242612 4107090 chttp2_transport.cc:1079]             ipv4:145.136.62.34:35994: Received a GOAWAY with error code ENHANCE_YOUR_CALM and debug data equal to "too_many_pings". Current keepalive time (before throttling): ∞
[2m[36m(launch_and_fit pid=4031375)[0m double free or corruption (fasttop)
[2m[36m(launch_and_fit pid=4031376)[0m malloc_consolidate(): invalid chunk size
[2m[36m(launch_and_fit pid=4031383)[0m malloc_consolidate(): invalid chunk size
[2m[36m(launch_and_fit pid=4031377)[0m malloc_consolidate(): invalid chunk size
INFO flwr 2023-08-21 02:53:47,980 | fed_df.py:540 | Distillation training stopped at step number : 500
INFO flwr 2023-08-21 02:53:47,980 | fed_df.py:547 | Average fusion training loss : 0.0035737961474223996, val accuracy : 0.70668, best val accuracy : 0.7446
INFO flwr 2023-08-21 02:53:47,982 | common.py:35 | Avg. local train loss : 4.373321918025613, train acc : 0.8549
INFO flwr 2023-08-21 02:53:50,693 | server.py:116 | fit progress: (24, 1.5097967712402345, {'server_test_acc': 0.7383}, 3676.6472726077773)
INFO flwr 2023-08-21 02:53:50,694 | server.py:163 | evaluate_round 24: no clients selected, cancel
DEBUG flwr 2023-08-21 02:53:56,818 | server.py:215 | fit_round 25: strategy sampled 8 clients (out of 20)
DEBUG flwr 2023-08-21 02:54:44,063 | server.py:229 | fit_round 25 received 8 results and 0 failures
INFO flwr 2023-08-21 02:54:44,206 | fed_df.py:463 | Performing server side distillation training...
[2m[36m(launch_and_fit pid=86362)[0m Fitting Client 4
[2m[36m(launch_and_fit pid=86219)[0m Fitting Client 9
[2m[36m(launch_and_fit pid=86293)[0m Fitting Client 6
[2m[36m(launch_and_fit pid=86288)[0m Fitting Client 14
[2m[36m(launch_and_fit pid=86290)[0m Fitting Client 17
[2m[36m(launch_and_fit pid=86363)[0m Fitting Client 0
[2m[36m(launch_and_fit pid=86361)[0m Fitting Client 15
[2m[36m(launch_and_fit pid=86364)[0m Fitting Client 18
[2m[36m(launch_and_fit pid=86290)[0m malloc_consolidate(): invalid chunk size
[2m[36m(launch_and_fit pid=86362)[0m malloc_consolidate(): invalid chunk size
[2m[36m(launch_and_fit pid=86219)[0m malloc_consolidate(): invalid chunk size
[2m[36m(launch_and_fit pid=86293)[0m malloc_consolidate(): invalid chunk size
[2m[36m(launch_and_fit pid=86361)[0m double free or corruption (fasttop)
[2m[36m(launch_and_fit pid=86288)[0m double free or corruption (fasttop)
[2m[36m(launch_and_fit pid=86363)[0m double free or corruption (fasttop)
[2m[36m(launch_and_fit pid=86364)[0m malloc_consolidate(): invalid chunk size
INFO flwr 2023-08-21 02:56:25,468 | fed_df.py:540 | Distillation training stopped at step number : 500
INFO flwr 2023-08-21 02:56:25,469 | fed_df.py:547 | Average fusion training loss : 0.000333773831196595, val accuracy : 0.7475000000000002, best val accuracy : 0.756
INFO flwr 2023-08-21 02:56:25,470 | common.py:35 | Avg. local train loss : 4.123967100679875, train acc : 0.876311111111111
INFO flwr 2023-08-21 02:56:28,185 | server.py:116 | fit progress: (25, 1.415735223388672, {'server_test_acc': 0.7434}, 3834.13947421778)
INFO flwr 2023-08-21 02:56:28,186 | server.py:163 | evaluate_round 25: no clients selected, cancel
DEBUG flwr 2023-08-21 02:56:34,293 | server.py:215 | fit_round 26: strategy sampled 8 clients (out of 20)
[2m[36m(launch_and_fit pid=338999)[0m malloc_consolidate(): invalid chunk size
DEBUG flwr 2023-08-21 02:57:21,677 | server.py:229 | fit_round 26 received 8 results and 0 failures
INFO flwr 2023-08-21 02:57:21,789 | fed_df.py:365 | Warm start at round 26
[2m[36m(launch_and_fit pid=339000)[0m malloc_consolidate(): invalid chunk size
INFO flwr 2023-08-21 02:57:21,880 | fed_df.py:463 | Performing server side distillation training...
[2m[36m(launch_and_fit pid=338999)[0m Fitting Client 12
[2m[36m(launch_and_fit pid=339000)[0m Fitting Client 13
[2m[36m(launch_and_fit pid=339072)[0m Fitting Client 8
[2m[36m(launch_and_fit pid=339071)[0m Fitting Client 1
[2m[36m(launch_and_fit pid=339002)[0m Fitting Client 15
[2m[36m(launch_and_fit pid=339073)[0m Fitting Client 6
[2m[36m(launch_and_fit pid=339142)[0m Fitting Client 9
[2m[36m(launch_and_fit pid=339141)[0m Fitting Client 5
[2m[36m(launch_and_fit pid=339073)[0m double free or corruption (fasttop)
[2m[36m(launch_and_fit pid=339071)[0m malloc_consolidate(): invalid chunk size
[2m[36m(launch_and_fit pid=339142)[0m malloc_consolidate(): invalid chunk size
[2m[36m(launch_and_fit pid=339141)[0m malloc_consolidate(): invalid chunk size
[2m[36m(launch_and_fit pid=339002)[0m double free or corruption (fasttop)
[2m[36m(launch_and_fit pid=339072)[0m malloc_consolidate(): invalid chunk size
E0821 02:57:26.912764075  416236 chttp2_transport.cc:1079]             ipv4:145.136.62.34:35994: Received a GOAWAY with error code ENHANCE_YOUR_CALM and debug data equal to "too_many_pings". Current keepalive time (before throttling): ∞
INFO flwr 2023-08-21 02:58:58,704 | fed_df.py:540 | Distillation training stopped at step number : 500
INFO flwr 2023-08-21 02:58:58,705 | fed_df.py:547 | Average fusion training loss : 0.003414091776649002, val accuracy : 0.67942, best val accuracy : 0.7308
INFO flwr 2023-08-21 02:58:58,706 | common.py:35 | Avg. local train loss : 4.322989493235946, train acc : 0.8617305555555556
INFO flwr 2023-08-21 02:59:01,485 | server.py:116 | fit progress: (26, 1.6461953094482422, {'server_test_acc': 0.7194}, 3987.439028601162)
INFO flwr 2023-08-21 02:59:01,485 | server.py:163 | evaluate_round 26: no clients selected, cancel
DEBUG flwr 2023-08-21 02:59:07,751 | server.py:215 | fit_round 27: strategy sampled 8 clients (out of 20)
[2m[36m(launch_and_fit pid=589843)[0m malloc_consolidate(): invalid chunk size
[2m[36m(launch_and_fit pid=589929)[0m malloc_consolidate(): invalid chunk size
DEBUG flwr 2023-08-21 02:59:55,853 | server.py:229 | fit_round 27 received 8 results and 0 failures
INFO flwr 2023-08-21 02:59:55,998 | fed_df.py:463 | Performing server side distillation training...
[2m[36m(launch_and_fit pid=589841)[0m Fitting Client 14
[2m[36m(launch_and_fit pid=589842)[0m Fitting Client 13
[2m[36m(launch_and_fit pid=589843)[0m Fitting Client 8
[2m[36m(launch_and_fit pid=589926)[0m Fitting Client 15
[2m[36m(launch_and_fit pid=589929)[0m Fitting Client 4
[2m[36m(launch_and_fit pid=589930)[0m Fitting Client 18
[2m[36m(launch_and_fit pid=589844)[0m Fitting Client 3
[2m[36m(launch_and_fit pid=589927)[0m Fitting Client 6
[2m[36m(launch_and_fit pid=589844)[0m double free or corruption (fasttop)
[2m[36m(launch_and_fit pid=589930)[0m malloc_consolidate(): invalid chunk size
[2m[36m(launch_and_fit pid=589927)[0m double free or corruption (fasttop)
[2m[36m(launch_and_fit pid=589841)[0m double free or corruption (fasttop)
E0821 02:59:57.284295988  684957 chttp2_transport.cc:1079]             ipv4:145.136.62.34:35994: Received a GOAWAY with error code ENHANCE_YOUR_CALM and debug data equal to "too_many_pings". Current keepalive time (before throttling): ∞
[2m[36m(launch_and_fit pid=589842)[0m malloc_consolidate(): invalid chunk size
INFO flwr 2023-08-21 03:01:33,352 | fed_df.py:540 | Distillation training stopped at step number : 500
INFO flwr 2023-08-21 03:01:33,353 | fed_df.py:547 | Average fusion training loss : 0.0004094859869219363, val accuracy : 0.75576, best val accuracy : 0.7606
INFO flwr 2023-08-21 03:01:33,354 | common.py:35 | Avg. local train loss : 4.129510049149395, train acc : 0.8798694444444445
INFO flwr 2023-08-21 03:01:36,090 | server.py:116 | fit progress: (27, 1.459665362548828, {'server_test_acc': 0.7581}, 4142.043688748963)
INFO flwr 2023-08-21 03:01:36,090 | server.py:163 | evaluate_round 27: no clients selected, cancel
DEBUG flwr 2023-08-21 03:01:42,176 | server.py:215 | fit_round 28: strategy sampled 8 clients (out of 20)
[2m[36m(launch_and_fit pid=865931)[0m malloc_consolidate(): invalid chunk size
[2m[36m(launch_and_fit pid=865930)[0m malloc_consolidate(): invalid chunk size
DEBUG flwr 2023-08-21 03:02:30,172 | server.py:229 | fit_round 28 received 8 results and 0 failures
INFO flwr 2023-08-21 03:02:30,283 | fed_df.py:365 | Warm start at round 28
INFO flwr 2023-08-21 03:02:30,371 | fed_df.py:463 | Performing server side distillation training...
[2m[36m(launch_and_fit pid=865930)[0m Fitting Client 3
[2m[36m(launch_and_fit pid=865931)[0m Fitting Client 7
[2m[36m(launch_and_fit pid=865928)[0m Fitting Client 9
[2m[36m(launch_and_fit pid=866002)[0m Fitting Client 11
[2m[36m(launch_and_fit pid=866000)[0m Fitting Client 8
[2m[36m(launch_and_fit pid=865932)[0m Fitting Client 15
[2m[36m(launch_and_fit pid=865929)[0m Fitting Client 13
[2m[36m(launch_and_fit pid=866001)[0m Fitting Client 14
[2m[36m(launch_and_fit pid=866000)[0m malloc_consolidate(): invalid chunk size
[2m[36m(launch_and_fit pid=865929)[0m malloc_consolidate(): invalid chunk size
[2m[36m(launch_and_fit pid=866002)[0m malloc_consolidate(): invalid chunk size
[2m[36m(launch_and_fit pid=865932)[0m double free or corruption (fasttop)
[2m[36m(launch_and_fit pid=865928)[0m malloc_consolidate(): invalid chunk size
[2m[36m(launch_and_fit pid=866001)[0m malloc_consolidate(): invalid chunk size
E0821 03:02:32.960012884  948053 chttp2_transport.cc:1079]             ipv4:145.136.62.34:35994: Received a GOAWAY with error code ENHANCE_YOUR_CALM and debug data equal to "too_many_pings". Current keepalive time (before throttling): ∞
INFO flwr 2023-08-21 03:04:06,760 | fed_df.py:540 | Distillation training stopped at step number : 500
INFO flwr 2023-08-21 03:04:06,760 | fed_df.py:547 | Average fusion training loss : 0.002696088585362304, val accuracy : 0.7343, best val accuracy : 0.7676
INFO flwr 2023-08-21 03:04:06,761 | common.py:35 | Avg. local train loss : 4.253127682581543, train acc : 0.8711138888888889
INFO flwr 2023-08-21 03:04:09,499 | server.py:116 | fit progress: (28, 1.6290397979736329, {'server_test_acc': 0.7609}, 4295.4533896381035)
INFO flwr 2023-08-21 03:04:09,500 | server.py:163 | evaluate_round 28: no clients selected, cancel
DEBUG flwr 2023-08-21 03:04:15,593 | server.py:215 | fit_round 29: strategy sampled 8 clients (out of 20)
[2m[36m(launch_and_fit pid=1116127)[0m double free or corruption (fasttop)
DEBUG flwr 2023-08-21 03:05:03,109 | server.py:229 | fit_round 29 received 8 results and 0 failures
INFO flwr 2023-08-21 03:05:03,252 | fed_df.py:463 | Performing server side distillation training...
[2m[36m(launch_and_fit pid=1116127)[0m Fitting Client 18
[2m[36m(launch_and_fit pid=1116129)[0m Fitting Client 2
[2m[36m(launch_and_fit pid=1116198)[0m Fitting Client 16
[2m[36m(launch_and_fit pid=1116202)[0m Fitting Client 13
[2m[36m(launch_and_fit pid=1116273)[0m Fitting Client 10
[2m[36m(launch_and_fit pid=1116203)[0m Fitting Client 3
[2m[36m(launch_and_fit pid=1116204)[0m Fitting Client 15
[2m[36m(launch_and_fit pid=1116272)[0m Fitting Client 14
[2m[36m(launch_and_fit pid=1116204)[0m malloc_consolidate(): invalid chunk size
[2m[36m(launch_and_fit pid=1116273)[0m malloc_consolidate(): invalid chunk size
[2m[36m(launch_and_fit pid=1116202)[0m malloc_consolidate(): invalid chunk size
[2m[36m(launch_and_fit pid=1116203)[0m malloc_consolidate(): invalid chunk size
E0821 03:05:04.604312798  948262 chttp2_transport.cc:1079]             ipv4:145.136.62.34:35994: Received a GOAWAY with error code ENHANCE_YOUR_CALM and debug data equal to "too_many_pings". Current keepalive time (before throttling): ∞
[2m[36m(launch_and_fit pid=1116129)[0m double free or corruption (fasttop)
[2m[36m(launch_and_fit pid=1116198)[0m double free or corruption (fasttop)
[2m[36m(launch_and_fit pid=1116272)[0m malloc_consolidate(): invalid chunk size
INFO flwr 2023-08-21 03:06:39,294 | fed_df.py:540 | Distillation training stopped at step number : 500
INFO flwr 2023-08-21 03:06:39,294 | fed_df.py:547 | Average fusion training loss : 0.0002929206956468988, val accuracy : 0.75854, best val accuracy : 0.7664
INFO flwr 2023-08-21 03:06:39,295 | common.py:35 | Avg. local train loss : 4.129631350934506, train acc : 0.8818916666666665
INFO flwr 2023-08-21 03:06:42,033 | server.py:116 | fit progress: (29, 1.5016744140625, {'server_test_acc': 0.7615}, 4447.986897400115)
INFO flwr 2023-08-21 03:06:42,033 | server.py:163 | evaluate_round 29: no clients selected, cancel
DEBUG flwr 2023-08-21 03:06:48,199 | server.py:215 | fit_round 30: strategy sampled 8 clients (out of 20)
[2m[36m(launch_and_fit pid=1366014)[0m malloc_consolidate(): invalid chunk size
[2m[36m(launch_and_fit pid=1365944)[0m malloc_consolidate(): invalid chunk size
DEBUG flwr 2023-08-21 03:07:36,051 | server.py:229 | fit_round 30 received 8 results and 0 failures
INFO flwr 2023-08-21 03:07:36,162 | fed_df.py:365 | Warm start at round 30
INFO flwr 2023-08-21 03:07:36,253 | fed_df.py:463 | Performing server side distillation training...
[2m[36m(launch_and_fit pid=1365940)[0m Fitting Client 14
[2m[36m(launch_and_fit pid=1365942)[0m Fitting Client 2
[2m[36m(launch_and_fit pid=1366014)[0m Fitting Client 18
[2m[36m(launch_and_fit pid=1365941)[0m Fitting Client 4
[2m[36m(launch_and_fit pid=1365944)[0m Fitting Client 8
[2m[36m(launch_and_fit pid=1365943)[0m Fitting Client 10
[2m[36m(launch_and_fit pid=1365945)[0m Fitting Client 9
[2m[36m(launch_and_fit pid=1366013)[0m Fitting Client 19
[2m[36m(launch_and_fit pid=1365943)[0m double free or corruption (fasttop)
[2m[36m(launch_and_fit pid=1365945)[0m malloc_consolidate(): invalid chunk size
[2m[36m(launch_and_fit pid=1365940)[0m malloc_consolidate(): invalid chunk size
[2m[36m(launch_and_fit pid=1366013)[0m malloc_consolidate(): invalid chunk size
[2m[36m(launch_and_fit pid=1365941)[0m double free or corruption (fasttop)
[2m[36m(launch_and_fit pid=1365942)[0m double free or corruption (fasttop)
INFO flwr 2023-08-21 03:09:18,731 | fed_df.py:540 | Distillation training stopped at step number : 500
INFO flwr 2023-08-21 03:09:18,731 | fed_df.py:547 | Average fusion training loss : 0.002037087473378051, val accuracy : 0.6981, best val accuracy : 0.7376
INFO flwr 2023-08-21 03:09:18,732 | common.py:35 | Avg. local train loss : 3.9182208415120834, train acc : 0.8990500000000001
INFO flwr 2023-08-21 03:09:21,495 | server.py:116 | fit progress: (30, 1.7402487487792968, {'server_test_acc': 0.7352}, 4607.448841611855)
INFO flwr 2023-08-21 03:09:21,495 | server.py:163 | evaluate_round 30: no clients selected, cancel
INFO flwr 2023-08-21 03:09:21,495 | server.py:144 | FL finished in 4607.449222769123
INFO flwr 2023-08-21 03:09:21,495 | app.py:202 | app_fit: losses_distributed []
INFO flwr 2023-08-21 03:09:21,497 | app.py:203 | app_fit: metrics_distributed {}
INFO flwr 2023-08-21 03:09:21,497 | app.py:204 | app_fit: losses_centralized [(0, 2.319245477294922), (1, 1.6392349700927735), (2, 1.5334914611816406), (3, 1.4277132263183594), (4, 1.2861770477294923), (5, 1.2351861602783203), (6, 1.3464904602050782), (7, 1.1507216583251954), (8, 1.090123880004883), (9, 1.1907956390380858), (10, 1.1503410949707031), (11, 1.1329250885009765), (12, 1.1529356567382814), (13, 1.1865723358154296), (14, 1.2190310607910155), (15, 1.2090934783935547), (16, 1.3607364044189454), (17, 1.223322164916992), (18, 1.3920958282470703), (19, 1.2094641784667968), (20, 1.3486782135009765), (21, 1.261264340209961), (22, 1.4360325439453125), (23, 1.3089623840332032), (24, 1.5097967712402345), (25, 1.415735223388672), (26, 1.6461953094482422), (27, 1.459665362548828), (28, 1.6290397979736329), (29, 1.5016744140625), (30, 1.7402487487792968)]
INFO flwr 2023-08-21 03:09:21,497 | app.py:205 | app_fit: metrics_centralized {'server_test_acc': [(0, 0.0811), (1, 0.4034), (2, 0.4593), (3, 0.4855), (4, 0.5591), (5, 0.5935), (6, 0.5564), (7, 0.6303), (8, 0.6689), (9, 0.6272), (10, 0.6707), (11, 0.6791), (12, 0.6838), (13, 0.6644), (14, 0.6948), (15, 0.6813), (16, 0.6359), (17, 0.7187), (18, 0.6481), (19, 0.7276), (20, 0.7314), (21, 0.7415), (22, 0.7006), (23, 0.7425), (24, 0.7383), (25, 0.7434), (26, 0.7194), (27, 0.7581), (28, 0.7609), (29, 0.7615), (30, 0.7352)]}
malloc_consolidate(): invalid chunk size
srun: error: gcn34: task 0: Aborted
srun: Terminating StepId=3430915.1
-----EXPERIMENT ENDS-----
-----CLEANING UP DISK------
-----END-----

JOB STATISTICS
==============
Job ID: 3430915
Cluster: snellius
User/Group: sunnys/sunnys
State: COMPLETED (exit code 0)
Nodes: 1
Cores per node: 18
CPU Utilized: 02:59:49
CPU Efficiency: 11.35% of 1-02:24:00 core-walltime
Job Wall-clock time: 01:28:00
Memory Utilized: 51.22 GB
Memory Efficiency: 42.69% of 120.00 GB
