-----BEGIN-----
-----SETTINGS-----
TOTAL CROPS:1000
STRATEGY:feddf
MODEL_NAME:resnet8
NUM_CLIENTS:20
NUM_ROUNDS:30
FRACTION_FIT:0.4
FRACTION_EVALUATE:0.0
DATASET_NAME:cifar10
PARTITION_ALPHA:1.0
PARTITION_VAL_RATIO:0.1
BATCH_SIZE:512
LOCAL_EPOCHS:40
LOCAL_LR:0.01
DISTILL_BATCH_SIZE:32
SERVER_LR:0.005
SERVER_STEPS:500
SERVER_EARLY_STEPS:1000
USE_EARLY_STOPPING:False
USE_ADAPTIVE_LR:False
USE_ADAPTIVE_LR_ROUND:False
SEED:42
CUDA_DETERMINISTIC:False
USE_CROPS:False
IMG_NAME:ameyoko_small.jpg
DISTILL_DATASET:cifar100
DISTILL_ALPHA:1.0
NUM_DISTILL_IMAGES:1000
DISTILL_TRANSFORMS:v0
WARM_START:True
WARM_START_ROUNDS:1
WARM_START_INTERVAL:2
KMEANS_N_CLUSTER:1000
KMEANS_HEURISTICS:hard
KMEANS_MIXED_FACTOR:50-50
KMEANS_BALANCING:1.0
CONFIDENCE_THRESHOLD:0.9
CONFIDENCE_STRATEGY:top
CONFIDENCE_ADAPTIVE:False
CONFIDENCE_MAX_THRESH:0.5
CLIPPING_FACTOR:2.5
FEDPROX_FACTOR:2.0
FEDPROX_ADAPTIVE:False
USE_CLIPPING:True
USE_ENTROPY:False
USE_KMEANS:False
USE_FEDPROX:False
-----SETTINGS END-----
-----EXPERIMENT BEGINS-----
Simulating feddf training
INFO simulate 2023-09-20 11:26:09,812 | simulate.py:50 | Python script started : simulate.py
DEBUG simulate 2023-09-20 11:26:09,812 | simulate.py:55 | Reading args from argument parser
INFO flwr 2023-09-20 11:26:31,043 | app.py:145 | Starting Flower simulation, config: ServerConfig(num_rounds=30, round_timeout=None)
2023-09-20 11:26:33,861	INFO worker.py:1529 -- Started a local Ray instance. View the dashboard at [1m[32m127.0.0.1:8265 [39m[22m
INFO flwr 2023-09-20 11:26:34,942 | app.py:179 | Flower VCE: Ray initialized with resources: {'memory': 103079215104.0, 'accelerator_type:A100': 1.0, 'GPU': 1.0, 'CPU': 18.0, 'node:145.136.62.64': 1.0, 'object_store_memory': 61847529062.0}
INFO flwr 2023-09-20 11:26:34,942 | server.py:86 | Initializing global parameters
INFO flwr 2023-09-20 11:26:34,942 | server.py:266 | Using initial parameters provided by strategy
INFO flwr 2023-09-20 11:26:34,942 | server.py:88 | Evaluating initial parameters
Downloading https://www.cs.toronto.edu/~kriz/cifar-10-python.tar.gz to /scratch-local/sunnys.3902872/1695201957_313811620/cifar-10-python.tar.gz
Extracting /scratch-local/sunnys.3902872/1695201957_313811620/cifar-10-python.tar.gz to /scratch-local/sunnys.3902872/1695201957_313811620
Generating unified cifar10 dataset
Class histogram for 0-th partition (alpha=1.0, 10 classes): [440 381 415  39  10 257 227 532  17 182]
Downloading https://www.cs.toronto.edu/~kriz/cifar-100-python.tar.gz to /scratch-local/sunnys.3902872/1695201957_313811620/cifar-100-python.tar.gz
Extracting /scratch-local/sunnys.3902872/1695201957_313811620/cifar-100-python.tar.gz to /scratch-local/sunnys.3902872/1695201957_313811620
INFO flwr 2023-09-20 11:26:47,467 | server.py:91 | initial parameters (loss, other metrics): 2.3234217651367186, {'server_test_acc': 0.108}
INFO flwr 2023-09-20 11:26:47,467 | server.py:101 | FL starting
DEBUG flwr 2023-09-20 11:26:50,023 | server.py:215 | fit_round 1: strategy sampled 8 clients (out of 20)
[2m[36m(launch_and_fit pid=2665314)[0m double free or corruption (fasttop)
[2m[36m(launch_and_fit pid=2665308)[0m double free or corruption (fasttop)
DEBUG flwr 2023-09-20 11:28:09,437 | server.py:229 | fit_round 1 received 8 results and 0 failures
INFO flwr 2023-09-20 11:28:09,460 | fed_df.py:366 | Warm start at round 1
INFO flwr 2023-09-20 11:28:09,530 | fed_df.py:464 | Performing server side distillation training...
[2m[36m(launch_and_fit pid=2665308)[0m Fitting Client 14
[2m[36m(launch_and_fit pid=2665314)[0m Fitting Client 3
[2m[36m(launch_and_fit pid=2665313)[0m Fitting Client 10
[2m[36m(launch_and_fit pid=2665312)[0m Fitting Client 12
[2m[36m(launch_and_fit pid=2665307)[0m Fitting Client 5
[2m[36m(launch_and_fit pid=2665311)[0m Fitting Client 7
[2m[36m(launch_and_fit pid=2665310)[0m Fitting Client 13
[2m[36m(launch_and_fit pid=2665309)[0m Fitting Client 8
[2m[36m(launch_and_fit pid=2665309)[0m double free or corruption (fasttop)
[2m[36m(launch_and_fit pid=2665312)[0m malloc_consolidate(): invalid chunk size
E0920 11:28:10.503840222 2662296 chttp2_transport.cc:1079]             ipv4:145.136.62.64:55839: Received a GOAWAY with error code ENHANCE_YOUR_CALM and debug data equal to "too_many_pings". Current keepalive time (before throttling): 60000ms
E0920 11:28:10.503981487 2662296 chttp2_transport.cc:1079]             ipv4:145.136.62.64:55839: Received a GOAWAY with error code ENHANCE_YOUR_CALM and debug data equal to "too_many_pings". Current keepalive time (before throttling): 60000ms
E0920 11:28:10.503997380 2662296 chttp2_transport.cc:1079]             ipv4:145.136.62.64:55839: Received a GOAWAY with error code ENHANCE_YOUR_CALM and debug data equal to "too_many_pings". Current keepalive time (before throttling): 60000ms
E0920 11:28:10.504008178 2662296 chttp2_transport.cc:1079]             ipv4:145.136.62.64:55839: Received a GOAWAY with error code ENHANCE_YOUR_CALM and debug data equal to "too_many_pings". Current keepalive time (before throttling): 60000ms
E0920 11:28:10.504018315 2662296 chttp2_transport.cc:1079]             ipv4:145.136.62.64:55839: Received a GOAWAY with error code ENHANCE_YOUR_CALM and debug data equal to "too_many_pings". Current keepalive time (before throttling): 60000ms
E0920 11:28:10.504028453 2662296 chttp2_transport.cc:1079]             ipv4:145.136.62.64:55839: Received a GOAWAY with error code ENHANCE_YOUR_CALM and debug data equal to "too_many_pings". Current keepalive time (before throttling): 60000ms
E0920 11:28:10.504038397 2662296 chttp2_transport.cc:1079]             ipv4:145.136.62.64:55839: Received a GOAWAY with error code ENHANCE_YOUR_CALM and debug data equal to "too_many_pings". Current keepalive time (before throttling): 60000ms
[2m[36m(launch_and_fit pid=2665310)[0m malloc_consolidate(): invalid chunk size
E0920 11:28:10.504046263 2662296 chttp2_transport.cc:1079]             ipv4:145.136.62.64:55839: Received a GOAWAY with error code ENHANCE_YOUR_CALM and debug data equal to "too_many_pings". Current keepalive time (before throttling): 60000ms
E0920 11:28:10.504055449 2662296 chttp2_transport.cc:1079]             ipv4:145.136.62.64:55839: Received a GOAWAY with error code ENHANCE_YOUR_CALM and debug data equal to "too_many_pings". Current keepalive time (before throttling): 60000ms
E0920 11:28:10.504065323 2662296 chttp2_transport.cc:1079]             ipv4:145.136.62.64:55839: Received a GOAWAY with error code ENHANCE_YOUR_CALM and debug data equal to "too_many_pings". Current keepalive time (before throttling): 60000ms
E0920 11:28:10.504075131 2662296 chttp2_transport.cc:1079]             ipv4:145.136.62.64:55839: Received a GOAWAY with error code ENHANCE_YOUR_CALM and debug data equal to "too_many_pings". Current keepalive time (before throttling): 60000ms
E0920 11:28:10.504085061 2662296 chttp2_transport.cc:1079]             ipv4:145.136.62.64:55839: Received a GOAWAY with error code ENHANCE_YOUR_CALM and debug data equal to "too_many_pings". Current keepalive time (before throttling): 60000ms
[2m[36m(launch_and_fit pid=2665313)[0m malloc_consolidate(): invalid chunk size
[2m[36m(launch_and_fit pid=2665311)[0m malloc_consolidate(): invalid chunk size
[2m[36m(launch_and_fit pid=2665307)[0m double free or corruption (fasttop)
INFO flwr 2023-09-20 11:28:44,880 | fed_df.py:544 | Distillation training stopped at step number : 500
INFO flwr 2023-09-20 11:28:44,881 | fed_df.py:551 | Average fusion training loss : 0.04889326297864318, val accuracy : 0.36048, best val accuracy : 0.4476
INFO flwr 2023-09-20 11:28:44,882 | common.py:35 | Avg. local train loss : 6.757929207198322, train acc : 0.5998486111111111
INFO flwr 2023-09-20 11:28:47,694 | server.py:116 | fit progress: (1, 1.5550270324707032, {'server_test_acc': 0.444}, 120.22614121250808)
INFO flwr 2023-09-20 11:28:47,694 | server.py:163 | evaluate_round 1: no clients selected, cancel
DEBUG flwr 2023-09-20 11:28:50,117 | server.py:215 | fit_round 2: strategy sampled 8 clients (out of 20)
[2m[36m(launch_and_fit pid=2792193)[0m malloc_consolidate(): invalid chunk size
DEBUG flwr 2023-09-20 11:30:09,425 | server.py:229 | fit_round 2 received 8 results and 0 failures
INFO flwr 2023-09-20 11:30:09,449 | fed_df.py:366 | Warm start at round 2
INFO flwr 2023-09-20 11:30:09,520 | fed_df.py:464 | Performing server side distillation training...
[2m[36m(launch_and_fit pid=2792192)[0m Fitting Client 18
[2m[36m(launch_and_fit pid=2792194)[0m Fitting Client 10
[2m[36m(launch_and_fit pid=2792191)[0m Fitting Client 6
[2m[36m(launch_and_fit pid=2792193)[0m Fitting Client 8
[2m[36m(launch_and_fit pid=2792196)[0m Fitting Client 13
[2m[36m(launch_and_fit pid=2792188)[0m Fitting Client 5
[2m[36m(launch_and_fit pid=2792187)[0m Fitting Client 11
[2m[36m(launch_and_fit pid=2792195)[0m Fitting Client 17
[2m[36m(launch_and_fit pid=2792187)[0m malloc_consolidate(): invalid chunk size
[2m[36m(launch_and_fit pid=2792194)[0m malloc_consolidate(): invalid chunk size
[2m[36m(launch_and_fit pid=2792196)[0m malloc_consolidate(): invalid chunk size
[2m[36m(launch_and_fit pid=2792195)[0m malloc_consolidate(): invalid chunk size
[2m[36m(launch_and_fit pid=2792191)[0m double free or corruption (fasttop)
[2m[36m(launch_and_fit pid=2792188)[0m malloc_consolidate(): invalid chunk size
[2m[36m(launch_and_fit pid=2792192)[0m malloc_consolidate(): invalid chunk size
E0920 11:30:13.390419584 2884064 chttp2_transport.cc:1079]             ipv4:145.136.62.64:55839: Received a GOAWAY with error code ENHANCE_YOUR_CALM and debug data equal to "too_many_pings". Current keepalive time (before throttling): 120000ms
INFO flwr 2023-09-20 11:30:45,161 | fed_df.py:544 | Distillation training stopped at step number : 500
INFO flwr 2023-09-20 11:30:45,161 | fed_df.py:551 | Average fusion training loss : 0.02730465922690928, val accuracy : 0.48308, best val accuracy : 0.5132
INFO flwr 2023-09-20 11:30:45,162 | common.py:35 | Avg. local train loss : 5.2648168418556445, train acc : 0.7486013888888889
INFO flwr 2023-09-20 11:30:47,580 | server.py:116 | fit progress: (2, 1.5166717041015625, {'server_test_acc': 0.5102}, 240.11272773332894)
INFO flwr 2023-09-20 11:30:47,580 | server.py:163 | evaluate_round 2: no clients selected, cancel
DEBUG flwr 2023-09-20 11:30:49,860 | server.py:215 | fit_round 3: strategy sampled 8 clients (out of 20)
[2m[36m(launch_and_fit pid=2919357)[0m malloc_consolidate(): invalid chunk size
[2m[36m(launch_and_fit pid=2919354)[0m double free or corruption (fasttop)
[2m[36m(launch_and_fit pid=2919356)[0m malloc_consolidate(): invalid chunk size
DEBUG flwr 2023-09-20 11:32:08,328 | server.py:229 | fit_round 3 received 8 results and 0 failures
INFO flwr 2023-09-20 11:32:08,365 | fed_df.py:464 | Performing server side distillation training...
[2m[36m(launch_and_fit pid=2919353)[0m Fitting Client 7
[2m[36m(launch_and_fit pid=2919351)[0m Fitting Client 2
[2m[36m(launch_and_fit pid=2919356)[0m Fitting Client 6
[2m[36m(launch_and_fit pid=2919354)[0m Fitting Client 18
[2m[36m(launch_and_fit pid=2919352)[0m Fitting Client 17
[2m[36m(launch_and_fit pid=2919357)[0m Fitting Client 16
[2m[36m(launch_and_fit pid=2919358)[0m Fitting Client 4
[2m[36m(launch_and_fit pid=2919355)[0m Fitting Client 5
[2m[36m(launch_and_fit pid=2919351)[0m malloc_consolidate(): invalid chunk size
[2m[36m(launch_and_fit pid=2919353)[0m malloc_consolidate(): invalid chunk size
[2m[36m(launch_and_fit pid=2919358)[0m malloc_consolidate(): invalid chunk size
[2m[36m(launch_and_fit pid=2919352)[0m malloc_consolidate(): invalid chunk size
[2m[36m(launch_and_fit pid=2919355)[0m malloc_consolidate(): invalid chunk size
E0920 11:32:11.933178568 2885921 chttp2_transport.cc:1079]             ipv4:145.136.62.64:55839: Received a GOAWAY with error code ENHANCE_YOUR_CALM and debug data equal to "too_many_pings". Current keepalive time (before throttling): 240000ms
INFO flwr 2023-09-20 11:32:44,156 | fed_df.py:544 | Distillation training stopped at step number : 500
INFO flwr 2023-09-20 11:32:44,156 | fed_df.py:551 | Average fusion training loss : 0.011151268923655153, val accuracy : 0.5191, best val accuracy : 0.5614
INFO flwr 2023-09-20 11:32:44,157 | common.py:35 | Avg. local train loss : 4.793080859817565, train acc : 0.7994583333333333
INFO flwr 2023-09-20 11:32:46,572 | server.py:116 | fit progress: (3, 1.617202035522461, {'server_test_acc': 0.5491}, 359.10451881960034)
INFO flwr 2023-09-20 11:32:46,572 | server.py:163 | evaluate_round 3: no clients selected, cancel
DEBUG flwr 2023-09-20 11:32:48,876 | server.py:215 | fit_round 4: strategy sampled 8 clients (out of 20)
[2m[36m(launch_and_fit pid=3046421)[0m malloc_consolidate(): invalid chunk size
[2m[36m(launch_and_fit pid=3046422)[0m malloc_consolidate(): invalid chunk size
[2m[36m(launch_and_fit pid=3046427)[0m malloc_consolidate(): invalid chunk size
DEBUG flwr 2023-09-20 11:34:07,828 | server.py:229 | fit_round 4 received 8 results and 0 failures
INFO flwr 2023-09-20 11:34:07,852 | fed_df.py:366 | Warm start at round 4
INFO flwr 2023-09-20 11:34:07,922 | fed_df.py:464 | Performing server side distillation training...
[2m[36m(launch_and_fit pid=3046424)[0m Fitting Client 1
[2m[36m(launch_and_fit pid=3046421)[0m Fitting Client 17
[2m[36m(launch_and_fit pid=3046427)[0m Fitting Client 13
[2m[36m(launch_and_fit pid=3046428)[0m Fitting Client 0
[2m[36m(launch_and_fit pid=3046429)[0m Fitting Client 12
[2m[36m(launch_and_fit pid=3046425)[0m Fitting Client 10
[2m[36m(launch_and_fit pid=3046422)[0m Fitting Client 7
[2m[36m(launch_and_fit pid=3046426)[0m Fitting Client 18
[2m[36m(launch_and_fit pid=3046426)[0m malloc_consolidate(): invalid chunk size
[2m[36m(launch_and_fit pid=3046424)[0m double free or corruption (fasttop)
[2m[36m(launch_and_fit pid=3046429)[0m double free or corruption (fasttop)
[2m[36m(launch_and_fit pid=3046425)[0m malloc_consolidate(): invalid chunk size
[2m[36m(launch_and_fit pid=3046428)[0m malloc_consolidate(): invalid chunk size
INFO flwr 2023-09-20 11:34:43,902 | fed_df.py:544 | Distillation training stopped at step number : 500
INFO flwr 2023-09-20 11:34:43,902 | fed_df.py:551 | Average fusion training loss : 0.019998968481086194, val accuracy : 0.60222, best val accuracy : 0.615
INFO flwr 2023-09-20 11:34:43,903 | common.py:35 | Avg. local train loss : 4.5216397803276775, train acc : 0.828675
INFO flwr 2023-09-20 11:34:46,345 | server.py:116 | fit progress: (4, 1.5765111755371093, {'server_test_acc': 0.6093}, 478.87754227407277)
INFO flwr 2023-09-20 11:34:46,345 | server.py:163 | evaluate_round 4: no clients selected, cancel
DEBUG flwr 2023-09-20 11:34:48,670 | server.py:215 | fit_round 5: strategy sampled 8 clients (out of 20)
[2m[36m(launch_and_fit pid=3173805)[0m malloc_consolidate(): invalid chunk size
[2m[36m(launch_and_fit pid=3173812)[0m corrupted size vs. prev_size in fastbins
[2m[36m(launch_and_fit pid=3173813)[0m double free or corruption (fasttop)
[2m[36m(launch_and_fit pid=3173810)[0m malloc_consolidate(): invalid chunk size
DEBUG flwr 2023-09-20 11:36:07,283 | server.py:229 | fit_round 5 received 8 results and 0 failures
INFO flwr 2023-09-20 11:36:07,320 | fed_df.py:464 | Performing server side distillation training...
[2m[36m(launch_and_fit pid=3173812)[0m Fitting Client 9
[2m[36m(launch_and_fit pid=3173811)[0m Fitting Client 14
[2m[36m(launch_and_fit pid=3173805)[0m Fitting Client 10
[2m[36m(launch_and_fit pid=3173809)[0m Fitting Client 2
[2m[36m(launch_and_fit pid=3173813)[0m Fitting Client 11
[2m[36m(launch_and_fit pid=3173804)[0m Fitting Client 12
[2m[36m(launch_and_fit pid=3173810)[0m Fitting Client 6
[2m[36m(launch_and_fit pid=3173807)[0m Fitting Client 8
[2m[36m(launch_and_fit pid=3173804)[0m malloc_consolidate(): invalid chunk size
[2m[36m(launch_and_fit pid=3173809)[0m malloc_consolidate(): invalid chunk size
[2m[36m(launch_and_fit pid=3173807)[0m double free or corruption (fasttop)
E0920 11:36:08.365445651 3013335 chttp2_transport.cc:1079]             ipv4:145.136.62.64:55839: Received a GOAWAY with error code ENHANCE_YOUR_CALM and debug data equal to "too_many_pings". Current keepalive time (before throttling): 480000ms
E0920 11:36:08.365531541 3013335 chttp2_transport.cc:1079]             ipv4:145.136.62.64:55839: Received a GOAWAY with error code ENHANCE_YOUR_CALM and debug data equal to "too_many_pings". Current keepalive time (before throttling): 480000ms
[2m[36m(launch_and_fit pid=3173811)[0m double free or corruption (fasttop)
INFO flwr 2023-09-20 11:36:43,363 | fed_df.py:544 | Distillation training stopped at step number : 500
INFO flwr 2023-09-20 11:36:43,364 | fed_df.py:551 | Average fusion training loss : 0.0060414153044112025, val accuracy : 0.57344, best val accuracy : 0.6042
INFO flwr 2023-09-20 11:36:43,365 | common.py:35 | Avg. local train loss : 4.606913085281849, train acc : 0.8331986111111112
INFO flwr 2023-09-20 11:36:45,777 | server.py:116 | fit progress: (5, 1.7056173797607421, {'server_test_acc': 0.5925}, 598.3095633154735)
INFO flwr 2023-09-20 11:36:45,777 | server.py:163 | evaluate_round 5: no clients selected, cancel
DEBUG flwr 2023-09-20 11:36:48,095 | server.py:215 | fit_round 6: strategy sampled 8 clients (out of 20)
[2m[36m(launch_and_fit pid=3301165)[0m malloc_consolidate(): invalid chunk size
[2m[36m(launch_and_fit pid=3301166)[0m malloc_consolidate(): invalid chunk size
DEBUG flwr 2023-09-20 11:38:06,833 | server.py:229 | fit_round 6 received 8 results and 0 failures
INFO flwr 2023-09-20 11:38:06,857 | fed_df.py:366 | Warm start at round 6
INFO flwr 2023-09-20 11:38:06,928 | fed_df.py:464 | Performing server side distillation training...
[2m[36m(launch_and_fit pid=3301165)[0m Fitting Client 12
[2m[36m(launch_and_fit pid=3301162)[0m Fitting Client 6
[2m[36m(launch_and_fit pid=3301166)[0m Fitting Client 4
[2m[36m(launch_and_fit pid=3301167)[0m Fitting Client 2
[2m[36m(launch_and_fit pid=3301161)[0m Fitting Client 10
[2m[36m(launch_and_fit pid=3301168)[0m Fitting Client 17
[2m[36m(launch_and_fit pid=3301164)[0m Fitting Client 14
[2m[36m(launch_and_fit pid=3301163)[0m Fitting Client 15
[2m[36m(launch_and_fit pid=3301163)[0m double free or corruption (fasttop)
[2m[36m(launch_and_fit pid=3301162)[0m double free or corruption (fasttop)
[2m[36m(launch_and_fit pid=3301161)[0m malloc_consolidate(): invalid chunk size
[2m[36m(launch_and_fit pid=3301167)[0m double free or corruption (fasttop)
[2m[36m(launch_and_fit pid=3301168)[0m malloc_consolidate(): invalid chunk size
[2m[36m(launch_and_fit pid=3301164)[0m malloc_consolidate(): invalid chunk size
INFO flwr 2023-09-20 11:38:48,717 | fed_df.py:544 | Distillation training stopped at step number : 500
INFO flwr 2023-09-20 11:38:48,717 | fed_df.py:551 | Average fusion training loss : 0.015764182853512467, val accuracy : 0.5961000000000001, best val accuracy : 0.6248
INFO flwr 2023-09-20 11:38:48,718 | common.py:35 | Avg. local train loss : 4.696352437324822, train acc : 0.8236555555555556
INFO flwr 2023-09-20 11:38:51,175 | server.py:116 | fit progress: (6, 1.6454051177978515, {'server_test_acc': 0.6178}, 723.7073929859325)
INFO flwr 2023-09-20 11:38:51,175 | server.py:163 | evaluate_round 6: no clients selected, cancel
DEBUG flwr 2023-09-20 11:38:53,534 | server.py:215 | fit_round 7: strategy sampled 8 clients (out of 20)
[2m[36m(launch_and_fit pid=3451194)[0m malloc_consolidate(): invalid chunk size
DEBUG flwr 2023-09-20 11:40:11,822 | server.py:229 | fit_round 7 received 8 results and 0 failures
INFO flwr 2023-09-20 11:40:11,859 | fed_df.py:464 | Performing server side distillation training...
[2m[36m(launch_and_fit pid=3451194)[0m Fitting Client 18
[2m[36m(launch_and_fit pid=3451215)[0m Fitting Client 6
[2m[36m(launch_and_fit pid=3451214)[0m Fitting Client 9
[2m[36m(launch_and_fit pid=3451211)[0m Fitting Client 8
[2m[36m(launch_and_fit pid=3451213)[0m Fitting Client 14
[2m[36m(launch_and_fit pid=3451204)[0m Fitting Client 7
[2m[36m(launch_and_fit pid=3451212)[0m Fitting Client 13
[2m[36m(launch_and_fit pid=3451197)[0m Fitting Client 17
[2m[36m(launch_and_fit pid=3451197)[0m malloc_consolidate(): invalid chunk size
[2m[36m(launch_and_fit pid=3451215)[0m malloc_consolidate(): invalid chunk size
[2m[36m(launch_and_fit pid=3451212)[0m malloc_consolidate(): invalid chunk size
[2m[36m(launch_and_fit pid=3451214)[0m double free or corruption (fasttop)
[2m[36m(launch_and_fit pid=3451213)[0m malloc_consolidate(): invalid chunk size
[2m[36m(launch_and_fit pid=3451211)[0m malloc_consolidate(): invalid chunk size
E0920 11:40:13.840931606 3549663 chttp2_transport.cc:1079]             ipv4:145.136.62.64:55839: Received a GOAWAY with error code ENHANCE_YOUR_CALM and debug data equal to "too_many_pings". Current keepalive time (before throttling): 960000ms
[2m[36m(launch_and_fit pid=3451204)[0m double free or corruption (fasttop)
INFO flwr 2023-09-20 11:40:48,360 | fed_df.py:544 | Distillation training stopped at step number : 500
INFO flwr 2023-09-20 11:40:48,360 | fed_df.py:551 | Average fusion training loss : 0.006343303798697889, val accuracy : 0.6132799999999999, best val accuracy : 0.634
INFO flwr 2023-09-20 11:40:48,361 | common.py:35 | Avg. local train loss : 4.281008796952665, train acc : 0.8665638888888889
INFO flwr 2023-09-20 11:40:50,819 | server.py:116 | fit progress: (7, 1.6340411651611328, {'server_test_acc': 0.6219}, 843.3510536970571)
INFO flwr 2023-09-20 11:40:50,819 | server.py:163 | evaluate_round 7: no clients selected, cancel
DEBUG flwr 2023-09-20 11:40:53,145 | server.py:215 | fit_round 8: strategy sampled 8 clients (out of 20)
[2m[36m(launch_and_fit pid=3584678)[0m malloc_consolidate(): invalid chunk size
[2m[36m(launch_and_fit pid=3584674)[0m malloc_consolidate(): invalid chunk size
[2m[36m(launch_and_fit pid=3584675)[0m malloc_consolidate(): invalid chunk size
DEBUG flwr 2023-09-20 11:42:11,689 | server.py:229 | fit_round 8 received 8 results and 0 failures
INFO flwr 2023-09-20 11:42:11,713 | fed_df.py:366 | Warm start at round 8
INFO flwr 2023-09-20 11:42:11,784 | fed_df.py:464 | Performing server side distillation training...
[2m[36m(launch_and_fit pid=3584678)[0m Fitting Client 1
[2m[36m(launch_and_fit pid=3584679)[0m Fitting Client 12
[2m[36m(launch_and_fit pid=3584680)[0m Fitting Client 0
[2m[36m(launch_and_fit pid=3584673)[0m Fitting Client 11
[2m[36m(launch_and_fit pid=3584675)[0m Fitting Client 7
[2m[36m(launch_and_fit pid=3584674)[0m Fitting Client 4
[2m[36m(launch_and_fit pid=3584677)[0m Fitting Client 15
[2m[36m(launch_and_fit pid=3584676)[0m Fitting Client 16
[2m[36m(launch_and_fit pid=3584679)[0m malloc_consolidate(): invalid chunk size
[2m[36m(launch_and_fit pid=3584680)[0m malloc_consolidate(): invalid chunk size
[2m[36m(launch_and_fit pid=3584676)[0m malloc_consolidate(): invalid chunk size
[2m[36m(launch_and_fit pid=3584673)[0m double free or corruption (fasttop)
[2m[36m(launch_and_fit pid=3584677)[0m corrupted size vs. prev_size in fastbins
INFO flwr 2023-09-20 11:42:53,153 | fed_df.py:544 | Distillation training stopped at step number : 500
INFO flwr 2023-09-20 11:42:53,154 | fed_df.py:551 | Average fusion training loss : 0.015355698480736464, val accuracy : 0.65212, best val accuracy : 0.6696
INFO flwr 2023-09-20 11:42:53,155 | common.py:35 | Avg. local train loss : 4.336707192659378, train acc : 0.8619069444444446
INFO flwr 2023-09-20 11:42:55,604 | server.py:116 | fit progress: (8, 1.5750297149658203, {'server_test_acc': 0.6615}, 968.1364340819418)
INFO flwr 2023-09-20 11:42:55,604 | server.py:163 | evaluate_round 8: no clients selected, cancel
DEBUG flwr 2023-09-20 11:42:57,935 | server.py:215 | fit_round 9: strategy sampled 8 clients (out of 20)
[2m[36m(launch_and_fit pid=3712017)[0m malloc_consolidate(): invalid chunk size
DEBUG flwr 2023-09-20 11:44:15,813 | server.py:229 | fit_round 9 received 8 results and 0 failures
INFO flwr 2023-09-20 11:44:15,850 | fed_df.py:464 | Performing server side distillation training...
[2m[36m(launch_and_fit pid=3712020)[0m Fitting Client 13
[2m[36m(launch_and_fit pid=3712025)[0m Fitting Client 9
[2m[36m(launch_and_fit pid=3712016)[0m Fitting Client 3
[2m[36m(launch_and_fit pid=3712017)[0m Fitting Client 4
[2m[36m(launch_and_fit pid=3712021)[0m Fitting Client 2
[2m[36m(launch_and_fit pid=3712024)[0m Fitting Client 14
[2m[36m(launch_and_fit pid=3712023)[0m Fitting Client 6
[2m[36m(launch_and_fit pid=3712022)[0m Fitting Client 5
[2m[36m(launch_and_fit pid=3712022)[0m double free or corruption (fasttop)
[2m[36m(launch_and_fit pid=3712021)[0m malloc_consolidate(): invalid chunk size
[2m[36m(launch_and_fit pid=3712020)[0m malloc_consolidate(): invalid chunk size
[2m[36m(launch_and_fit pid=3712025)[0m malloc_consolidate(): invalid chunk size
[2m[36m(launch_and_fit pid=3712023)[0m malloc_consolidate(): invalid chunk size
[2m[36m(launch_and_fit pid=3712024)[0m malloc_consolidate(): invalid chunk size
[2m[36m(launch_and_fit pid=3712016)[0m malloc_consolidate(): invalid chunk size
E0920 11:44:19.674475988 3549798 chttp2_transport.cc:1079]             ipv4:145.136.62.64:55839: Received a GOAWAY with error code ENHANCE_YOUR_CALM and debug data equal to "too_many_pings". Current keepalive time (before throttling): 1920000ms
E0920 11:44:31.379610822 3805972 chttp2_transport.cc:1079]             ipv4:145.136.62.64:55839: Received a GOAWAY with error code ENHANCE_YOUR_CALM and debug data equal to "too_many_pings". Current keepalive time (before throttling): 3840000ms
INFO flwr 2023-09-20 11:44:52,521 | fed_df.py:544 | Distillation training stopped at step number : 500
INFO flwr 2023-09-20 11:44:52,522 | fed_df.py:551 | Average fusion training loss : 0.006949871953576803, val accuracy : 0.64572, best val accuracy : 0.6668
INFO flwr 2023-09-20 11:44:52,523 | common.py:35 | Avg. local train loss : 4.420630166493357, train acc : 0.85895
INFO flwr 2023-09-20 11:44:54,964 | server.py:116 | fit progress: (9, 1.6679520568847657, {'server_test_acc': 0.6635}, 1087.4965711655095)
INFO flwr 2023-09-20 11:44:54,964 | server.py:163 | evaluate_round 9: no clients selected, cancel
DEBUG flwr 2023-09-20 11:44:57,295 | server.py:215 | fit_round 10: strategy sampled 8 clients (out of 20)
[2m[36m(launch_and_fit pid=3838926)[0m malloc_consolidate(): invalid chunk size
[2m[36m(launch_and_fit pid=3838929)[0m double free or corruption (fasttop)
[2m[36m(launch_and_fit pid=3838924)[0m double free or corruption (fasttop)
[2m[36m(launch_and_fit pid=3838923)[0m double free or corruption (fasttop)
[2m[36m(launch_and_fit pid=3838925)[0m malloc_consolidate(): invalid chunk size
DEBUG flwr 2023-09-20 11:46:16,009 | server.py:229 | fit_round 10 received 8 results and 0 failures
INFO flwr 2023-09-20 11:46:16,033 | fed_df.py:366 | Warm start at round 10
[2m[36m(launch_and_fit pid=3838928)[0m malloc_consolidate(): invalid chunk size
INFO flwr 2023-09-20 11:46:16,105 | fed_df.py:464 | Performing server side distillation training...
[2m[36m(launch_and_fit pid=3838928)[0m Fitting Client 17
[2m[36m(launch_and_fit pid=3838929)[0m Fitting Client 12
[2m[36m(launch_and_fit pid=3838924)[0m Fitting Client 16
[2m[36m(launch_and_fit pid=3838926)[0m Fitting Client 3
[2m[36m(launch_and_fit pid=3838923)[0m Fitting Client 8
[2m[36m(launch_and_fit pid=3838925)[0m Fitting Client 0
[2m[36m(launch_and_fit pid=3838927)[0m Fitting Client 10
[2m[36m(launch_and_fit pid=3838920)[0m Fitting Client 14
[2m[36m(launch_and_fit pid=3838920)[0m double free or corruption (fasttop)
[2m[36m(launch_and_fit pid=3838927)[0m malloc_consolidate(): invalid chunk size
INFO flwr 2023-09-20 11:46:52,921 | fed_df.py:544 | Distillation training stopped at step number : 500
INFO flwr 2023-09-20 11:46:52,921 | fed_df.py:551 | Average fusion training loss : 0.01487773283617571, val accuracy : 0.6743, best val accuracy : 0.6884
INFO flwr 2023-09-20 11:46:52,922 | common.py:35 | Avg. local train loss : 4.240333199873567, train acc : 0.8736236111111111
INFO flwr 2023-09-20 11:46:55,368 | server.py:116 | fit progress: (10, 1.5767978088378907, {'server_test_acc': 0.679}, 1207.9002997418866)
INFO flwr 2023-09-20 11:46:55,368 | server.py:163 | evaluate_round 10: no clients selected, cancel
DEBUG flwr 2023-09-20 11:46:57,696 | server.py:215 | fit_round 11: strategy sampled 8 clients (out of 20)
[2m[36m(launch_and_fit pid=3966222)[0m double free or corruption (fasttop)
DEBUG flwr 2023-09-20 11:48:16,106 | server.py:229 | fit_round 11 received 8 results and 0 failures
INFO flwr 2023-09-20 11:48:16,143 | fed_df.py:464 | Performing server side distillation training...
[2m[36m(launch_and_fit pid=3966226)[0m Fitting Client 0
[2m[36m(launch_and_fit pid=3966224)[0m Fitting Client 13
[2m[36m(launch_and_fit pid=3966222)[0m Fitting Client 8
[2m[36m(launch_and_fit pid=3966225)[0m Fitting Client 2
[2m[36m(launch_and_fit pid=3966227)[0m Fitting Client 7
[2m[36m(launch_and_fit pid=3966219)[0m Fitting Client 10
[2m[36m(launch_and_fit pid=3966221)[0m Fitting Client 3
[2m[36m(launch_and_fit pid=3966223)[0m Fitting Client 9
[2m[36m(launch_and_fit pid=3966225)[0m malloc_consolidate(): invalid chunk size
[2m[36m(launch_and_fit pid=3966226)[0m malloc_consolidate(): invalid chunk size
[2m[36m(launch_and_fit pid=3966221)[0m double free or corruption (fasttop)
[2m[36m(launch_and_fit pid=3966219)[0m malloc_consolidate(): invalid chunk size
[2m[36m(launch_and_fit pid=3966224)[0m malloc_consolidate(): invalid chunk size
[2m[36m(launch_and_fit pid=3966223)[0m malloc_consolidate(): invalid chunk size
[2m[36m(launch_and_fit pid=3966227)[0m malloc_consolidate(): invalid chunk size
INFO flwr 2023-09-20 11:48:58,095 | fed_df.py:544 | Distillation training stopped at step number : 500
INFO flwr 2023-09-20 11:48:58,096 | fed_df.py:551 | Average fusion training loss : 0.007988060369156301, val accuracy : 0.6466, best val accuracy : 0.6686
INFO flwr 2023-09-20 11:48:58,096 | common.py:35 | Avg. local train loss : 4.103092600032688, train acc : 0.8896277777777776
INFO flwr 2023-09-20 11:49:00,536 | server.py:116 | fit progress: (11, 1.7060178161621093, {'server_test_acc': 0.6612}, 1333.0689386315644)
INFO flwr 2023-09-20 11:49:00,537 | server.py:163 | evaluate_round 11: no clients selected, cancel
DEBUG flwr 2023-09-20 11:49:02,911 | server.py:215 | fit_round 12: strategy sampled 8 clients (out of 20)
[2m[36m(launch_and_fit pid=4093203)[0m double free or corruption (fasttop)
DEBUG flwr 2023-09-20 11:50:21,713 | server.py:229 | fit_round 12 received 8 results and 0 failures
INFO flwr 2023-09-20 11:50:21,737 | fed_df.py:366 | Warm start at round 12
INFO flwr 2023-09-20 11:50:21,809 | fed_df.py:464 | Performing server side distillation training...
[2m[36m(launch_and_fit pid=4093203)[0m Fitting Client 16
[2m[36m(launch_and_fit pid=4093208)[0m Fitting Client 3
[2m[36m(launch_and_fit pid=4093210)[0m Fitting Client 4
[2m[36m(launch_and_fit pid=4093206)[0m Fitting Client 5
[2m[36m(launch_and_fit pid=4093204)[0m Fitting Client 8
[2m[36m(launch_and_fit pid=4093205)[0m Fitting Client 18
[2m[36m(launch_and_fit pid=4093207)[0m Fitting Client 13
[2m[36m(launch_and_fit pid=4093209)[0m Fitting Client 10
[2m[36m(launch_and_fit pid=4093210)[0m malloc_consolidate(): invalid chunk size
[2m[36m(launch_and_fit pid=4093208)[0m corrupted size vs. prev_size in fastbins
[2m[36m(launch_and_fit pid=4093206)[0m malloc_consolidate(): invalid chunk size
[2m[36m(launch_and_fit pid=4093205)[0m double free or corruption (fasttop)
[2m[36m(launch_and_fit pid=4093204)[0m malloc_consolidate(): invalid chunk size
[2m[36m(launch_and_fit pid=4093209)[0m malloc_consolidate(): invalid chunk size
[2m[36m(launch_and_fit pid=4093207)[0m malloc_consolidate(): invalid chunk size
E0920 11:50:25.322396386 4184879 chttp2_transport.cc:1079]             ipv4:145.136.62.64:55839: Received a GOAWAY with error code ENHANCE_YOUR_CALM and debug data equal to "too_many_pings". Current keepalive time (before throttling): 7680000ms
INFO flwr 2023-09-20 11:50:58,655 | fed_df.py:544 | Distillation training stopped at step number : 500
INFO flwr 2023-09-20 11:50:58,655 | fed_df.py:551 | Average fusion training loss : 0.01353782963566482, val accuracy : 0.6834399999999999, best val accuracy : 0.6996
INFO flwr 2023-09-20 11:50:58,656 | common.py:35 | Avg. local train loss : 4.154567657969892, train acc : 0.8841333333333333
INFO flwr 2023-09-20 11:51:01,130 | server.py:116 | fit progress: (12, 1.5622454467773437, {'server_test_acc': 0.6962}, 1453.6624985616654)
INFO flwr 2023-09-20 11:51:01,130 | server.py:163 | evaluate_round 12: no clients selected, cancel
DEBUG flwr 2023-09-20 11:51:03,490 | server.py:215 | fit_round 13: strategy sampled 8 clients (out of 20)
[2m[36m(launch_and_fit pid=27166)[0m malloc_consolidate(): invalid chunk size
DEBUG flwr 2023-09-20 11:52:21,680 | server.py:229 | fit_round 13 received 8 results and 0 failures
INFO flwr 2023-09-20 11:52:21,717 | fed_df.py:464 | Performing server side distillation training...
[2m[36m(launch_and_fit pid=27165)[0m Fitting Client 8
[2m[36m(launch_and_fit pid=27160)[0m Fitting Client 6
[2m[36m(launch_and_fit pid=27161)[0m Fitting Client 11
[2m[36m(launch_and_fit pid=27166)[0m Fitting Client 14
[2m[36m(launch_and_fit pid=27162)[0m Fitting Client 4
[2m[36m(launch_and_fit pid=27159)[0m Fitting Client 16
[2m[36m(launch_and_fit pid=27163)[0m Fitting Client 5
[2m[36m(launch_and_fit pid=27164)[0m Fitting Client 12
[2m[36m(launch_and_fit pid=27161)[0m malloc_consolidate(): invalid chunk size
[2m[36m(launch_and_fit pid=27160)[0m double free or corruption (fasttop)
[2m[36m(launch_and_fit pid=27164)[0m double free or corruption (fasttop)
[2m[36m(launch_and_fit pid=27159)[0m malloc_consolidate(): invalid chunk size
[2m[36m(launch_and_fit pid=27165)[0m malloc_consolidate(): invalid chunk size
[2m[36m(launch_and_fit pid=27162)[0m malloc_consolidate(): invalid chunk size
[2m[36m(launch_and_fit pid=27163)[0m malloc_consolidate(): invalid chunk size
E0920 11:52:25.056889794 4186883 chttp2_transport.cc:1079]             ipv4:145.136.62.64:55839: Received a GOAWAY with error code ENHANCE_YOUR_CALM and debug data equal to "too_many_pings". Current keepalive time (before throttling): 15360000ms
INFO flwr 2023-09-20 11:52:58,663 | fed_df.py:544 | Distillation training stopped at step number : 500
INFO flwr 2023-09-20 11:52:58,663 | fed_df.py:551 | Average fusion training loss : 0.007952958348207176, val accuracy : 0.6658799999999999, best val accuracy : 0.6952
INFO flwr 2023-09-20 11:52:58,664 | common.py:35 | Avg. local train loss : 4.081706454232336, train acc : 0.8919972222222222
INFO flwr 2023-09-20 11:53:01,112 | server.py:116 | fit progress: (13, 1.6440927734375, {'server_test_acc': 0.6945}, 1573.644826984033)
INFO flwr 2023-09-20 11:53:01,113 | server.py:163 | evaluate_round 13: no clients selected, cancel
DEBUG flwr 2023-09-20 11:53:03,466 | server.py:215 | fit_round 14: strategy sampled 8 clients (out of 20)
[2m[36m(launch_and_fit pid=154225)[0m malloc_consolidate(): invalid chunk size
DEBUG flwr 2023-09-20 11:54:21,956 | server.py:229 | fit_round 14 received 8 results and 0 failures
INFO flwr 2023-09-20 11:54:21,980 | fed_df.py:366 | Warm start at round 14
INFO flwr 2023-09-20 11:54:22,051 | fed_df.py:464 | Performing server side distillation training...
[2m[36m(launch_and_fit pid=154223)[0m Fitting Client 19
[2m[36m(launch_and_fit pid=154228)[0m Fitting Client 12
[2m[36m(launch_and_fit pid=154225)[0m Fitting Client 3
[2m[36m(launch_and_fit pid=154222)[0m Fitting Client 10
[2m[36m(launch_and_fit pid=154227)[0m Fitting Client 5
[2m[36m(launch_and_fit pid=154226)[0m Fitting Client 14
[2m[36m(launch_and_fit pid=154220)[0m Fitting Client 0
[2m[36m(launch_and_fit pid=154224)[0m Fitting Client 15
[2m[36m(launch_and_fit pid=154222)[0m double free or corruption (fasttop)
[2m[36m(launch_and_fit pid=154226)[0m double free or corruption (fasttop)
[2m[36m(launch_and_fit pid=154224)[0m malloc_consolidate(): invalid chunk size
[2m[36m(launch_and_fit pid=154228)[0m malloc_consolidate(): invalid chunk size
[2m[36m(launch_and_fit pid=154223)[0m malloc_consolidate(): invalid chunk size
[2m[36m(launch_and_fit pid=154227)[0m malloc_consolidate(): invalid chunk size
[2m[36m(launch_and_fit pid=154220)[0m malloc_consolidate(): invalid chunk size
E0920 11:54:25.689089176  120543 chttp2_transport.cc:1079]             ipv4:145.136.62.64:55839: Received a GOAWAY with error code ENHANCE_YOUR_CALM and debug data equal to "too_many_pings". Current keepalive time (before throttling): 30720000ms
INFO flwr 2023-09-20 11:54:59,456 | fed_df.py:544 | Distillation training stopped at step number : 500
INFO flwr 2023-09-20 11:54:59,457 | fed_df.py:551 | Average fusion training loss : 0.014126969228032976, val accuracy : 0.66936, best val accuracy : 0.6868
INFO flwr 2023-09-20 11:54:59,458 | common.py:35 | Avg. local train loss : 4.060302183032036, train acc : 0.8918055555555555
INFO flwr 2023-09-20 11:55:01,926 | server.py:116 | fit progress: (14, 1.6429537658691407, {'server_test_acc': 0.6878}, 1694.4582193922251)
INFO flwr 2023-09-20 11:55:01,926 | server.py:163 | evaluate_round 14: no clients selected, cancel
DEBUG flwr 2023-09-20 11:55:04,279 | server.py:215 | fit_round 15: strategy sampled 8 clients (out of 20)
[2m[36m(launch_and_fit pid=310691)[0m malloc_consolidate(): invalid chunk size
[2m[36m(launch_and_fit pid=310686)[0m malloc_consolidate(): invalid chunk size
DEBUG flwr 2023-09-20 11:56:22,827 | server.py:229 | fit_round 15 received 8 results and 0 failures
INFO flwr 2023-09-20 11:56:22,864 | fed_df.py:464 | Performing server side distillation training...
[2m[36m(launch_and_fit pid=310694)[0m Fitting Client 11
[2m[36m(launch_and_fit pid=310690)[0m Fitting Client 1
[2m[36m(launch_and_fit pid=310691)[0m Fitting Client 18
[2m[36m(launch_and_fit pid=310695)[0m Fitting Client 16
[2m[36m(launch_and_fit pid=310686)[0m Fitting Client 9
[2m[36m(launch_and_fit pid=310692)[0m Fitting Client 2
[2m[36m(launch_and_fit pid=310689)[0m Fitting Client 7
[2m[36m(launch_and_fit pid=310693)[0m Fitting Client 17
[2m[36m(launch_and_fit pid=310689)[0m malloc_consolidate(): invalid chunk size
[2m[36m(launch_and_fit pid=310690)[0m double free or corruption (fasttop)
[2m[36m(launch_and_fit pid=310695)[0m malloc_consolidate(): invalid chunk size
[2m[36m(launch_and_fit pid=310694)[0m double free or corruption (fasttop)
[2m[36m(launch_and_fit pid=310693)[0m malloc_consolidate(): invalid chunk size
[2m[36m(launch_and_fit pid=310692)[0m malloc_consolidate(): invalid chunk size
E0920 11:56:26.319654634  402409 chttp2_transport.cc:1079]             ipv4:145.136.62.64:55839: Received a GOAWAY with error code ENHANCE_YOUR_CALM and debug data equal to "too_many_pings". Current keepalive time (before throttling): 61440000ms
INFO flwr 2023-09-20 11:57:00,189 | fed_df.py:544 | Distillation training stopped at step number : 500
INFO flwr 2023-09-20 11:57:00,190 | fed_df.py:551 | Average fusion training loss : 0.00835991053422913, val accuracy : 0.66004, best val accuracy : 0.684
INFO flwr 2023-09-20 11:57:00,191 | common.py:35 | Avg. local train loss : 3.962202478200197, train acc : 0.9004597222222224
INFO flwr 2023-09-20 11:57:02,668 | server.py:116 | fit progress: (15, 1.5919410400390626, {'server_test_acc': 0.6787}, 1815.2007372239605)
INFO flwr 2023-09-20 11:57:02,669 | server.py:163 | evaluate_round 15: no clients selected, cancel
DEBUG flwr 2023-09-20 11:57:05,006 | server.py:215 | fit_round 16: strategy sampled 8 clients (out of 20)
[2m[36m(launch_and_fit pid=437498)[0m double free or corruption (fasttop)
DEBUG flwr 2023-09-20 11:58:23,178 | server.py:229 | fit_round 16 received 8 results and 0 failures
INFO flwr 2023-09-20 11:58:23,202 | fed_df.py:366 | Warm start at round 16
INFO flwr 2023-09-20 11:58:23,273 | fed_df.py:464 | Performing server side distillation training...
[2m[36m(launch_and_fit pid=437494)[0m Fitting Client 17
[2m[36m(launch_and_fit pid=437497)[0m Fitting Client 18
[2m[36m(launch_and_fit pid=437492)[0m Fitting Client 2
[2m[36m(launch_and_fit pid=437496)[0m Fitting Client 4
[2m[36m(launch_and_fit pid=437501)[0m Fitting Client 16
[2m[36m(launch_and_fit pid=437498)[0m Fitting Client 19
[2m[36m(launch_and_fit pid=437500)[0m Fitting Client 15
[2m[36m(launch_and_fit pid=437499)[0m Fitting Client 8
[2m[36m(launch_and_fit pid=437494)[0m double free or corruption (fasttop)
[2m[36m(launch_and_fit pid=437497)[0m malloc_consolidate(): invalid chunk size
[2m[36m(launch_and_fit pid=437501)[0m malloc_consolidate(): invalid chunk size
[2m[36m(launch_and_fit pid=437500)[0m double free or corruption (fasttop)
[2m[36m(launch_and_fit pid=437492)[0m double free or corruption (fasttop)
[2m[36m(launch_and_fit pid=437499)[0m malloc_consolidate(): invalid chunk size
[2m[36m(launch_and_fit pid=437496)[0m malloc_consolidate(): invalid chunk size
E0920 11:58:24.967050189  529338 chttp2_transport.cc:1079]             ipv4:145.136.62.64:55839: Received a GOAWAY with error code ENHANCE_YOUR_CALM and debug data equal to "too_many_pings". Current keepalive time (before throttling): 122880000ms
INFO flwr 2023-09-20 11:59:00,413 | fed_df.py:544 | Distillation training stopped at step number : 500
INFO flwr 2023-09-20 11:59:00,413 | fed_df.py:551 | Average fusion training loss : 0.012883801090996712, val accuracy : 0.6656000000000001, best val accuracy : 0.6854
INFO flwr 2023-09-20 11:59:00,414 | common.py:35 | Avg. local train loss : 3.869890512153506, train acc : 0.9067430555555556
INFO flwr 2023-09-20 11:59:02,900 | server.py:116 | fit progress: (16, 1.6024937622070312, {'server_test_acc': 0.6807}, 1935.4322289796546)
INFO flwr 2023-09-20 11:59:02,900 | server.py:163 | evaluate_round 16: no clients selected, cancel
DEBUG flwr 2023-09-20 11:59:05,249 | server.py:215 | fit_round 17: strategy sampled 8 clients (out of 20)
[2m[36m(launch_and_fit pid=565095)[0m double free or corruption (fasttop)
[2m[36m(launch_and_fit pid=565101)[0m double free or corruption (fasttop)
DEBUG flwr 2023-09-20 12:00:23,304 | server.py:229 | fit_round 17 received 8 results and 0 failures
INFO flwr 2023-09-20 12:00:23,342 | fed_df.py:464 | Performing server side distillation training...
[2m[36m(launch_and_fit pid=565095)[0m Fitting Client 16
[2m[36m(launch_and_fit pid=565104)[0m Fitting Client 18
[2m[36m(launch_and_fit pid=565103)[0m Fitting Client 10
[2m[36m(launch_and_fit pid=565100)[0m Fitting Client 17
[2m[36m(launch_and_fit pid=565101)[0m Fitting Client 9
[2m[36m(launch_and_fit pid=565102)[0m Fitting Client 19
[2m[36m(launch_and_fit pid=565097)[0m Fitting Client 13
[2m[36m(launch_and_fit pid=565098)[0m Fitting Client 6
[2m[36m(launch_and_fit pid=565098)[0m malloc_consolidate(): invalid chunk size
[2m[36m(launch_and_fit pid=565102)[0m double free or corruption (fasttop)
[2m[36m(launch_and_fit pid=565103)[0m malloc_consolidate(): invalid chunk size
[2m[36m(launch_and_fit pid=565104)[0m malloc_consolidate(): invalid chunk size
[2m[36m(launch_and_fit pid=565100)[0m double free or corruption (fasttop)
[2m[36m(launch_and_fit pid=565097)[0m corrupted size vs. prev_size in fastbins
E0920 12:00:25.546929530  529541 chttp2_transport.cc:1079]             ipv4:145.136.62.64:55839: Received a GOAWAY with error code ENHANCE_YOUR_CALM and debug data equal to "too_many_pings". Current keepalive time (before throttling): 245760000ms
E0920 12:00:54.443396771  657471 chttp2_transport.cc:1079]             ipv4:145.136.62.64:55839: Received a GOAWAY with error code ENHANCE_YOUR_CALM and debug data equal to "too_many_pings". Current keepalive time (before throttling): 491520000ms
INFO flwr 2023-09-20 12:01:00,387 | fed_df.py:544 | Distillation training stopped at step number : 500
INFO flwr 2023-09-20 12:01:00,388 | fed_df.py:551 | Average fusion training loss : 0.008235334888100625, val accuracy : 0.67354, best val accuracy : 0.6902
INFO flwr 2023-09-20 12:01:00,389 | common.py:35 | Avg. local train loss : 3.8416285257786513, train acc : 0.9112611111111111
INFO flwr 2023-09-20 12:01:02,859 | server.py:116 | fit progress: (17, 1.6162679077148439, {'server_test_acc': 0.6896}, 2055.391538925469)
INFO flwr 2023-09-20 12:01:02,859 | server.py:163 | evaluate_round 17: no clients selected, cancel
DEBUG flwr 2023-09-20 12:01:05,205 | server.py:215 | fit_round 18: strategy sampled 8 clients (out of 20)
[2m[36m(launch_and_fit pid=691959)[0m double free or corruption (fasttop)
[2m[36m(launch_and_fit pid=691953)[0m malloc_consolidate(): invalid chunk size
DEBUG flwr 2023-09-20 12:02:23,793 | server.py:229 | fit_round 18 received 8 results and 0 failures
INFO flwr 2023-09-20 12:02:23,817 | fed_df.py:366 | Warm start at round 18
INFO flwr 2023-09-20 12:02:23,887 | fed_df.py:464 | Performing server side distillation training...
[2m[36m(launch_and_fit pid=691954)[0m Fitting Client 16
[2m[36m(launch_and_fit pid=691957)[0m Fitting Client 17
[2m[36m(launch_and_fit pid=691953)[0m Fitting Client 11
[2m[36m(launch_and_fit pid=691959)[0m Fitting Client 1
[2m[36m(launch_and_fit pid=691950)[0m Fitting Client 14
[2m[36m(launch_and_fit pid=691955)[0m Fitting Client 18
[2m[36m(launch_and_fit pid=691956)[0m Fitting Client 15
[2m[36m(launch_and_fit pid=691958)[0m Fitting Client 3
E0920 12:02:24.457609639  782636 chttp2_transport.cc:1079]             ipv4:145.136.62.64:55839: Received a GOAWAY with error code ENHANCE_YOUR_CALM and debug data equal to "too_many_pings". Current keepalive time (before throttling): 983040000ms
[2m[36m(launch_and_fit pid=691956)[0m malloc_consolidate(): invalid chunk size
[2m[36m(launch_and_fit pid=691954)[0m malloc_consolidate(): invalid chunk size
[2m[36m(launch_and_fit pid=691957)[0m corrupted size vs. prev_size in fastbins
[2m[36m(launch_and_fit pid=691958)[0m malloc_consolidate(): invalid chunk size
[2m[36m(launch_and_fit pid=691950)[0m malloc_consolidate(): invalid chunk size
[2m[36m(launch_and_fit pid=691955)[0m malloc_consolidate(): invalid chunk size
INFO flwr 2023-09-20 12:03:01,051 | fed_df.py:544 | Distillation training stopped at step number : 500
INFO flwr 2023-09-20 12:03:01,052 | fed_df.py:551 | Average fusion training loss : 0.013994611819274723, val accuracy : 0.68374, best val accuracy : 0.7032
INFO flwr 2023-09-20 12:03:01,053 | common.py:35 | Avg. local train loss : 3.922055911831558, train acc : 0.906611111111111
INFO flwr 2023-09-20 12:03:03,526 | server.py:116 | fit progress: (18, 1.575291650390625, {'server_test_acc': 0.6992}, 2176.0588383711874)
INFO flwr 2023-09-20 12:03:03,527 | server.py:163 | evaluate_round 18: no clients selected, cancel
DEBUG flwr 2023-09-20 12:03:05,868 | server.py:215 | fit_round 19: strategy sampled 8 clients (out of 20)
[2m[36m(launch_and_fit pid=819247)[0m malloc_consolidate(): invalid chunk size
[2m[36m(launch_and_fit pid=819249)[0m malloc_consolidate(): invalid chunk size
DEBUG flwr 2023-09-20 12:04:24,216 | server.py:229 | fit_round 19 received 8 results and 0 failures
INFO flwr 2023-09-20 12:04:24,253 | fed_df.py:464 | Performing server side distillation training...
[2m[36m(launch_and_fit pid=819250)[0m Fitting Client 11
[2m[36m(launch_and_fit pid=819242)[0m Fitting Client 0
[2m[36m(launch_and_fit pid=819248)[0m Fitting Client 18
[2m[36m(launch_and_fit pid=819243)[0m Fitting Client 10
[2m[36m(launch_and_fit pid=819247)[0m Fitting Client 16
[2m[36m(launch_and_fit pid=819249)[0m Fitting Client 1
[2m[36m(launch_and_fit pid=819246)[0m Fitting Client 7
[2m[36m(launch_and_fit pid=819245)[0m Fitting Client 17
[2m[36m(launch_and_fit pid=819250)[0m double free or corruption (fasttop)
[2m[36m(launch_and_fit pid=819248)[0m double free or corruption (fasttop)
[2m[36m(launch_and_fit pid=819245)[0m double free or corruption (fasttop)
[2m[36m(launch_and_fit pid=819243)[0m malloc_consolidate(): invalid chunk size
[2m[36m(launch_and_fit pid=819242)[0m malloc_consolidate(): invalid chunk size
E0920 12:04:25.995732773  782906 chttp2_transport.cc:1079]             ipv4:145.136.62.64:55839: Received a GOAWAY with error code ENHANCE_YOUR_CALM and debug data equal to "too_many_pings". Current keepalive time (before throttling): 1966080000ms
[2m[36m(launch_and_fit pid=819246)[0m double free or corruption (fasttop)
INFO flwr 2023-09-20 12:05:01,616 | fed_df.py:544 | Distillation training stopped at step number : 500
INFO flwr 2023-09-20 12:05:01,616 | fed_df.py:551 | Average fusion training loss : 0.009875749326776713, val accuracy : 0.68082, best val accuracy : 0.7032
INFO flwr 2023-09-20 12:05:01,617 | common.py:35 | Avg. local train loss : 3.755871169269085, train acc : 0.9210333333333333
INFO flwr 2023-09-20 12:05:04,102 | server.py:116 | fit progress: (19, 1.5693697448730468, {'server_test_acc': 0.6939}, 2296.6344592189416)
INFO flwr 2023-09-20 12:05:04,102 | server.py:163 | evaluate_round 19: no clients selected, cancel
DEBUG flwr 2023-09-20 12:05:06,458 | server.py:215 | fit_round 20: strategy sampled 8 clients (out of 20)
[2m[36m(launch_and_fit pid=946381)[0m malloc_consolidate(): invalid chunk size
DEBUG flwr 2023-09-20 12:06:24,717 | server.py:229 | fit_round 20 received 8 results and 0 failures
INFO flwr 2023-09-20 12:06:24,741 | fed_df.py:366 | Warm start at round 20
[2m[36m(launch_and_fit pid=946389)[0m corrupted size vs. prev_size in fastbins
[2m[36m(launch_and_fit pid=946386)[0m double free or corruption (fasttop)
INFO flwr 2023-09-20 12:06:24,814 | fed_df.py:464 | Performing server side distillation training...
[2m[36m(launch_and_fit pid=946381)[0m Fitting Client 1
[2m[36m(launch_and_fit pid=946386)[0m Fitting Client 19
[2m[36m(launch_and_fit pid=946385)[0m Fitting Client 7
[2m[36m(launch_and_fit pid=946383)[0m Fitting Client 2
[2m[36m(launch_and_fit pid=946388)[0m Fitting Client 10
[2m[36m(launch_and_fit pid=946389)[0m Fitting Client 8
[2m[36m(launch_and_fit pid=946387)[0m Fitting Client 16
[2m[36m(launch_and_fit pid=946390)[0m Fitting Client 3
[2m[36m(launch_and_fit pid=946390)[0m double free or corruption (fasttop)
[2m[36m(launch_and_fit pid=946385)[0m double free or corruption (fasttop)
[2m[36m(launch_and_fit pid=946383)[0m corrupted size vs. prev_size in fastbins
[2m[36m(launch_and_fit pid=946387)[0m double free or corruption (fasttop)
[2m[36m(launch_and_fit pid=946388)[0m malloc_consolidate(): invalid chunk size
E0920 12:06:26.965567925 1038604 chttp2_transport.cc:1079]             ipv4:145.136.62.64:55839: Received a GOAWAY with error code ENHANCE_YOUR_CALM and debug data equal to "too_many_pings". Current keepalive time (before throttling): ∞
INFO flwr 2023-09-20 12:07:02,230 | fed_df.py:544 | Distillation training stopped at step number : 500
INFO flwr 2023-09-20 12:07:02,230 | fed_df.py:551 | Average fusion training loss : 0.014750259211286903, val accuracy : 0.7089200000000001, best val accuracy : 0.7192
INFO flwr 2023-09-20 12:07:02,231 | common.py:35 | Avg. local train loss : 3.8803297996521, train acc : 0.9110694444444444
INFO flwr 2023-09-20 12:07:04,737 | server.py:116 | fit progress: (20, 1.5816127227783203, {'server_test_acc': 0.7197}, 2417.2693091621622)
INFO flwr 2023-09-20 12:07:04,737 | server.py:163 | evaluate_round 20: no clients selected, cancel
DEBUG flwr 2023-09-20 12:07:07,109 | server.py:215 | fit_round 21: strategy sampled 8 clients (out of 20)
[2m[36m(launch_and_fit pid=1073629)[0m malloc_consolidate(): invalid chunk size
DEBUG flwr 2023-09-20 12:08:25,511 | server.py:229 | fit_round 21 received 8 results and 0 failures
INFO flwr 2023-09-20 12:08:25,548 | fed_df.py:464 | Performing server side distillation training...
[2m[36m(launch_and_fit pid=1073632)[0m Fitting Client 7
[2m[36m(launch_and_fit pid=1073629)[0m Fitting Client 4
[2m[36m(launch_and_fit pid=1073630)[0m Fitting Client 3
[2m[36m(launch_and_fit pid=1073628)[0m Fitting Client 6
[2m[36m(launch_and_fit pid=1073633)[0m Fitting Client 18
[2m[36m(launch_and_fit pid=1073627)[0m Fitting Client 15
[2m[36m(launch_and_fit pid=1073631)[0m Fitting Client 12
[2m[36m(launch_and_fit pid=1073626)[0m Fitting Client 8
[2m[36m(launch_and_fit pid=1073632)[0m malloc_consolidate(): invalid chunk size
[2m[36m(launch_and_fit pid=1073628)[0m double free or corruption (fasttop)
[2m[36m(launch_and_fit pid=1073626)[0m malloc_consolidate(): invalid chunk size
[2m[36m(launch_and_fit pid=1073627)[0m malloc_consolidate(): invalid chunk size
[2m[36m(launch_and_fit pid=1073630)[0m double free or corruption (fasttop)
[2m[36m(launch_and_fit pid=1073633)[0m double free or corruption (fasttop)
[2m[36m(launch_and_fit pid=1073631)[0m double free or corruption (fasttop)
E0920 12:08:29.033643499 1165051 chttp2_transport.cc:1079]             ipv4:145.136.62.64:55839: Received a GOAWAY with error code ENHANCE_YOUR_CALM and debug data equal to "too_many_pings". Current keepalive time (before throttling): ∞
INFO flwr 2023-09-20 12:09:02,768 | fed_df.py:544 | Distillation training stopped at step number : 500
INFO flwr 2023-09-20 12:09:02,768 | fed_df.py:551 | Average fusion training loss : 0.011164115401450545, val accuracy : 0.6882400000000001, best val accuracy : 0.7038
INFO flwr 2023-09-20 12:09:02,769 | common.py:35 | Avg. local train loss : 3.776813761331141, train acc : 0.9196347222222222
INFO flwr 2023-09-20 12:09:05,229 | server.py:116 | fit progress: (21, 1.6396406097412108, {'server_test_acc': 0.7007}, 2537.761038755998)
INFO flwr 2023-09-20 12:09:05,229 | server.py:163 | evaluate_round 21: no clients selected, cancel
DEBUG flwr 2023-09-20 12:09:07,594 | server.py:215 | fit_round 22: strategy sampled 8 clients (out of 20)
[2m[36m(launch_and_fit pid=1200478)[0m double free or corruption (fasttop)
[2m[36m(launch_and_fit pid=1200476)[0m double free or corruption (fasttop)
DEBUG flwr 2023-09-20 12:10:26,385 | server.py:229 | fit_round 22 received 8 results and 0 failures
INFO flwr 2023-09-20 12:10:26,408 | fed_df.py:366 | Warm start at round 22
INFO flwr 2023-09-20 12:10:26,481 | fed_df.py:464 | Performing server side distillation training...
[2m[36m(launch_and_fit pid=1200474)[0m Fitting Client 3
[2m[36m(launch_and_fit pid=1200478)[0m Fitting Client 5
[2m[36m(launch_and_fit pid=1200477)[0m Fitting Client 17
[2m[36m(launch_and_fit pid=1200476)[0m Fitting Client 19
[2m[36m(launch_and_fit pid=1200475)[0m Fitting Client 13
[2m[36m(launch_and_fit pid=1200479)[0m Fitting Client 15
[2m[36m(launch_and_fit pid=1200471)[0m Fitting Client 6
[2m[36m(launch_and_fit pid=1200480)[0m Fitting Client 18
[2m[36m(launch_and_fit pid=1200480)[0m malloc_consolidate(): invalid chunk size
[2m[36m(launch_and_fit pid=1200475)[0m malloc_consolidate(): invalid chunk size
[2m[36m(launch_and_fit pid=1200479)[0m corrupted size vs. prev_size in fastbins
[2m[36m(launch_and_fit pid=1200471)[0m corrupted size vs. prev_size in fastbins
[2m[36m(launch_and_fit pid=1200477)[0m malloc_consolidate(): invalid chunk size
[2m[36m(launch_and_fit pid=1200474)[0m malloc_consolidate(): invalid chunk size
E0920 12:10:28.464035514 1315443 chttp2_transport.cc:1079]             ipv4:145.136.62.64:55839: Received a GOAWAY with error code ENHANCE_YOUR_CALM and debug data equal to "too_many_pings". Current keepalive time (before throttling): ∞
INFO flwr 2023-09-20 12:11:03,958 | fed_df.py:544 | Distillation training stopped at step number : 500
INFO flwr 2023-09-20 12:11:03,959 | fed_df.py:551 | Average fusion training loss : 0.011903744491748513, val accuracy : 0.66996, best val accuracy : 0.679
INFO flwr 2023-09-20 12:11:03,960 | common.py:35 | Avg. local train loss : 3.8362725399434563, train acc : 0.9115638888888888
INFO flwr 2023-09-20 12:11:06,442 | server.py:116 | fit progress: (22, 1.675351919555664, {'server_test_acc': 0.6779}, 2658.974538117647)
INFO flwr 2023-09-20 12:11:06,442 | server.py:163 | evaluate_round 22: no clients selected, cancel
DEBUG flwr 2023-09-20 12:11:08,799 | server.py:215 | fit_round 23: strategy sampled 8 clients (out of 20)
[2m[36m(launch_and_fit pid=1357203)[0m malloc_consolidate(): invalid chunk size
[2m[36m(launch_and_fit pid=1357196)[0m malloc_consolidate(): invalid chunk size
[2m[36m(launch_and_fit pid=1357200)[0m malloc_consolidate(): invalid chunk size
DEBUG flwr 2023-09-20 12:12:27,610 | server.py:229 | fit_round 23 received 8 results and 0 failures
INFO flwr 2023-09-20 12:12:27,647 | fed_df.py:464 | Performing server side distillation training...
[2m[36m(launch_and_fit pid=1357203)[0m Fitting Client 5
[2m[36m(launch_and_fit pid=1357196)[0m Fitting Client 1
[2m[36m(launch_and_fit pid=1357200)[0m Fitting Client 12
[2m[36m(launch_and_fit pid=1357204)[0m Fitting Client 15
[2m[36m(launch_and_fit pid=1357198)[0m Fitting Client 14
[2m[36m(launch_and_fit pid=1357201)[0m Fitting Client 11
[2m[36m(launch_and_fit pid=1357199)[0m Fitting Client 3
[2m[36m(launch_and_fit pid=1357202)[0m Fitting Client 18
[2m[36m(launch_and_fit pid=1357201)[0m double free or corruption (fasttop)
[2m[36m(launch_and_fit pid=1357202)[0m malloc_consolidate(): invalid chunk size
[2m[36m(launch_and_fit pid=1357204)[0m malloc_consolidate(): invalid chunk size
[2m[36m(launch_and_fit pid=1357198)[0m malloc_consolidate(): invalid chunk size
[2m[36m(launch_and_fit pid=1357199)[0m malloc_consolidate(): invalid chunk size
E0920 12:12:29.651888971 1315578 chttp2_transport.cc:1079]             ipv4:145.136.62.64:55839: Received a GOAWAY with error code ENHANCE_YOUR_CALM and debug data equal to "too_many_pings". Current keepalive time (before throttling): ∞
INFO flwr 2023-09-20 12:13:05,098 | fed_df.py:544 | Distillation training stopped at step number : 500
INFO flwr 2023-09-20 12:13:05,098 | fed_df.py:551 | Average fusion training loss : 0.009903314103372396, val accuracy : 0.69844, best val accuracy : 0.7114
INFO flwr 2023-09-20 12:13:05,099 | common.py:35 | Avg. local train loss : 3.8181621227413416, train acc : 0.9176541666666668
INFO flwr 2023-09-20 12:13:07,599 | server.py:116 | fit progress: (23, 1.6885826721191406, {'server_test_acc': 0.7044}, 2780.131957734935)
INFO flwr 2023-09-20 12:13:07,600 | server.py:163 | evaluate_round 23: no clients selected, cancel
DEBUG flwr 2023-09-20 12:13:09,940 | server.py:215 | fit_round 24: strategy sampled 8 clients (out of 20)
[2m[36m(launch_and_fit pid=1484158)[0m double free or corruption (fasttop)
DEBUG flwr 2023-09-20 12:14:28,675 | server.py:229 | fit_round 24 received 8 results and 0 failures
INFO flwr 2023-09-20 12:14:28,699 | fed_df.py:366 | Warm start at round 24
INFO flwr 2023-09-20 12:14:28,770 | fed_df.py:464 | Performing server side distillation training...
[2m[36m(launch_and_fit pid=1484158)[0m Fitting Client 2
[2m[36m(launch_and_fit pid=1484159)[0m Fitting Client 16
[2m[36m(launch_and_fit pid=1484156)[0m Fitting Client 17
[2m[36m(launch_and_fit pid=1484150)[0m Fitting Client 3
[2m[36m(launch_and_fit pid=1484160)[0m Fitting Client 15
[2m[36m(launch_and_fit pid=1484154)[0m Fitting Client 7
[2m[36m(launch_and_fit pid=1484155)[0m Fitting Client 6
[2m[36m(launch_and_fit pid=1484157)[0m Fitting Client 14
[2m[36m(launch_and_fit pid=1484159)[0m double free or corruption (fasttop)
[2m[36m(launch_and_fit pid=1484156)[0m malloc_consolidate(): invalid chunk size
[2m[36m(launch_and_fit pid=1484154)[0m double free or corruption (fasttop)
[2m[36m(launch_and_fit pid=1484155)[0m double free or corruption (fasttop)
[2m[36m(launch_and_fit pid=1484160)[0m double free or corruption (fasttop)
E0920 12:14:30.441946246 1449490 chttp2_transport.cc:1079]             ipv4:145.136.62.64:55839: Received a GOAWAY with error code ENHANCE_YOUR_CALM and debug data equal to "too_many_pings". Current keepalive time (before throttling): ∞
[2m[36m(launch_and_fit pid=1484157)[0m malloc_consolidate(): invalid chunk size
[2m[36m(launch_and_fit pid=1484150)[0m malloc_consolidate(): invalid chunk size
INFO flwr 2023-09-20 12:15:06,141 | fed_df.py:544 | Distillation training stopped at step number : 500
INFO flwr 2023-09-20 12:15:06,141 | fed_df.py:551 | Average fusion training loss : 0.013621096161659806, val accuracy : 0.6963199999999999, best val accuracy : 0.7092
INFO flwr 2023-09-20 12:15:06,142 | common.py:35 | Avg. local train loss : 3.9963887898251413, train acc : 0.9039638888888889
INFO flwr 2023-09-20 12:15:08,624 | server.py:116 | fit progress: (24, 1.6351797760009765, {'server_test_acc': 0.7153}, 2901.156139583327)
INFO flwr 2023-09-20 12:15:08,624 | server.py:163 | evaluate_round 24: no clients selected, cancel
DEBUG flwr 2023-09-20 12:15:10,967 | server.py:215 | fit_round 25: strategy sampled 8 clients (out of 20)
[2m[36m(launch_and_fit pid=1611481)[0m malloc_consolidate(): invalid chunk size
[2m[36m(launch_and_fit pid=1611475)[0m double free or corruption (fasttop)
DEBUG flwr 2023-09-20 12:16:28,997 | server.py:229 | fit_round 25 received 8 results and 0 failures
INFO flwr 2023-09-20 12:16:29,034 | fed_df.py:464 | Performing server side distillation training...
[2m[36m(launch_and_fit pid=1611475)[0m Fitting Client 8
[2m[36m(launch_and_fit pid=1611483)[0m Fitting Client 19
[2m[36m(launch_and_fit pid=1611481)[0m Fitting Client 18
[2m[36m(launch_and_fit pid=1611480)[0m Fitting Client 12
[2m[36m(launch_and_fit pid=1611474)[0m Fitting Client 14
[2m[36m(launch_and_fit pid=1611479)[0m Fitting Client 2
[2m[36m(launch_and_fit pid=1611478)[0m Fitting Client 7
[2m[36m(launch_and_fit pid=1611482)[0m Fitting Client 13
[2m[36m(launch_and_fit pid=1611479)[0m malloc_consolidate(): invalid chunk size
[2m[36m(launch_and_fit pid=1611483)[0m malloc_consolidate(): invalid chunk size
[2m[36m(launch_and_fit pid=1611480)[0m malloc_consolidate(): invalid chunk size
[2m[36m(launch_and_fit pid=1611482)[0m malloc_consolidate(): invalid chunk size
[2m[36m(launch_and_fit pid=1611474)[0m malloc_consolidate(): invalid chunk size
E0920 12:16:30.733714180 1703024 chttp2_transport.cc:1079]             ipv4:145.136.62.64:55839: Received a GOAWAY with error code ENHANCE_YOUR_CALM and debug data equal to "too_many_pings". Current keepalive time (before throttling): ∞
[2m[36m(launch_and_fit pid=1611478)[0m malloc_consolidate(): invalid chunk size
INFO flwr 2023-09-20 12:17:06,755 | fed_df.py:544 | Distillation training stopped at step number : 500
INFO flwr 2023-09-20 12:17:06,755 | fed_df.py:551 | Average fusion training loss : 0.010932750000618397, val accuracy : 0.6831799999999999, best val accuracy : 0.698
INFO flwr 2023-09-20 12:17:06,756 | common.py:35 | Avg. local train loss : 3.716115323081613, train acc : 0.9248402777777778
INFO flwr 2023-09-20 12:17:09,238 | server.py:116 | fit progress: (25, 1.641045797729492, {'server_test_acc': 0.6935}, 3021.770743776113)
INFO flwr 2023-09-20 12:17:09,239 | server.py:163 | evaluate_round 25: no clients selected, cancel
DEBUG flwr 2023-09-20 12:17:11,606 | server.py:215 | fit_round 26: strategy sampled 8 clients (out of 20)
[2m[36m(launch_and_fit pid=1738408)[0m double free or corruption (fasttop)
[2m[36m(launch_and_fit pid=1738410)[0m double free or corruption (fasttop)
DEBUG flwr 2023-09-20 12:18:30,235 | server.py:229 | fit_round 26 received 8 results and 0 failures
INFO flwr 2023-09-20 12:18:30,259 | fed_df.py:366 | Warm start at round 26
INFO flwr 2023-09-20 12:18:30,330 | fed_df.py:464 | Performing server side distillation training...
[2m[36m(launch_and_fit pid=1738408)[0m Fitting Client 3
[2m[36m(launch_and_fit pid=1738410)[0m Fitting Client 0
[2m[36m(launch_and_fit pid=1738413)[0m Fitting Client 2
[2m[36m(launch_and_fit pid=1738409)[0m Fitting Client 1
[2m[36m(launch_and_fit pid=1738414)[0m Fitting Client 14
[2m[36m(launch_and_fit pid=1738415)[0m Fitting Client 12
[2m[36m(launch_and_fit pid=1738416)[0m Fitting Client 19
[2m[36m(launch_and_fit pid=1738411)[0m Fitting Client 17
[2m[36m(launch_and_fit pid=1738414)[0m double free or corruption (fasttop)
[2m[36m(launch_and_fit pid=1738411)[0m malloc_consolidate(): invalid chunk size
E0920 12:18:30.991410307 1829314 chttp2_transport.cc:1079]             ipv4:145.136.62.64:55839: Received a GOAWAY with error code ENHANCE_YOUR_CALM and debug data equal to "too_many_pings". Current keepalive time (before throttling): ∞
[2m[36m(launch_and_fit pid=1738413)[0m malloc_consolidate(): invalid chunk size
[2m[36m(launch_and_fit pid=1738415)[0m malloc_consolidate(): invalid chunk size
[2m[36m(launch_and_fit pid=1738416)[0m double free or corruption (fasttop)
[2m[36m(launch_and_fit pid=1738409)[0m malloc_consolidate(): invalid chunk size
INFO flwr 2023-09-20 12:19:07,771 | fed_df.py:544 | Distillation training stopped at step number : 500
INFO flwr 2023-09-20 12:19:07,771 | fed_df.py:551 | Average fusion training loss : 0.014179959415923805, val accuracy : 0.7123600000000001, best val accuracy : 0.7228
INFO flwr 2023-09-20 12:19:07,772 | common.py:35 | Avg. local train loss : 3.782995147444308, train acc : 0.9205319444444445
INFO flwr 2023-09-20 12:19:10,285 | server.py:116 | fit progress: (26, 1.6172283599853516, {'server_test_acc': 0.7179}, 3142.8179112467915)
INFO flwr 2023-09-20 12:19:10,286 | server.py:163 | evaluate_round 26: no clients selected, cancel
DEBUG flwr 2023-09-20 12:19:12,672 | server.py:215 | fit_round 27: strategy sampled 8 clients (out of 20)
[2m[36m(launch_and_fit pid=1865686)[0m malloc_consolidate(): invalid chunk size
[2m[36m(launch_and_fit pid=1865683)[0m malloc_consolidate(): invalid chunk size
[2m[36m(launch_and_fit pid=1865691)[0m malloc_consolidate(): invalid chunk size
DEBUG flwr 2023-09-20 12:20:30,961 | server.py:229 | fit_round 27 received 8 results and 0 failures
INFO flwr 2023-09-20 12:20:31,000 | fed_df.py:464 | Performing server side distillation training...
[2m[36m(launch_and_fit pid=1865690)[0m Fitting Client 16
[2m[36m(launch_and_fit pid=1865683)[0m Fitting Client 5
[2m[36m(launch_and_fit pid=1865691)[0m Fitting Client 0
[2m[36m(launch_and_fit pid=1865687)[0m Fitting Client 17
[2m[36m(launch_and_fit pid=1865686)[0m Fitting Client 13
[2m[36m(launch_and_fit pid=1865689)[0m Fitting Client 18
[2m[36m(launch_and_fit pid=1865688)[0m Fitting Client 6
[2m[36m(launch_and_fit pid=1865685)[0m Fitting Client 15
E0920 12:20:31.457261077 1955813 chttp2_transport.cc:1079]             ipv4:145.136.62.64:55839: Received a GOAWAY with error code ENHANCE_YOUR_CALM and debug data equal to "too_many_pings". Current keepalive time (before throttling): ∞
[2m[36m(launch_and_fit pid=1865689)[0m malloc_consolidate(): invalid chunk size
[2m[36m(launch_and_fit pid=1865688)[0m malloc_consolidate(): invalid chunk size
[2m[36m(launch_and_fit pid=1865687)[0m malloc_consolidate(): invalid chunk size
[2m[36m(launch_and_fit pid=1865690)[0m malloc_consolidate(): invalid chunk size
[2m[36m(launch_and_fit pid=1865685)[0m double free or corruption (fasttop)
INFO flwr 2023-09-20 12:21:08,406 | fed_df.py:544 | Distillation training stopped at step number : 500
INFO flwr 2023-09-20 12:21:08,407 | fed_df.py:551 | Average fusion training loss : 0.00950632565235719, val accuracy : 0.6700799999999999, best val accuracy : 0.6928
INFO flwr 2023-09-20 12:21:08,408 | common.py:35 | Avg. local train loss : 3.747054895572364, train acc : 0.9214986111111112
INFO flwr 2023-09-20 12:21:10,887 | server.py:116 | fit progress: (27, 1.6274371948242188, {'server_test_acc': 0.6885}, 3263.419165030122)
INFO flwr 2023-09-20 12:21:10,887 | server.py:163 | evaluate_round 27: no clients selected, cancel
DEBUG flwr 2023-09-20 12:21:13,245 | server.py:215 | fit_round 28: strategy sampled 8 clients (out of 20)
[2m[36m(launch_and_fit pid=1992516)[0m malloc_consolidate(): invalid chunk size
[2m[36m(launch_and_fit pid=1992514)[0m malloc_consolidate(): invalid chunk size
DEBUG flwr 2023-09-20 12:22:32,224 | server.py:229 | fit_round 28 received 8 results and 0 failures
INFO flwr 2023-09-20 12:22:32,248 | fed_df.py:366 | Warm start at round 28
INFO flwr 2023-09-20 12:22:32,320 | fed_df.py:464 | Performing server side distillation training...
[2m[36m(launch_and_fit pid=1992519)[0m Fitting Client 13
[2m[36m(launch_and_fit pid=1992516)[0m Fitting Client 8
[2m[36m(launch_and_fit pid=1992513)[0m Fitting Client 18
[2m[36m(launch_and_fit pid=1992515)[0m Fitting Client 0
[2m[36m(launch_and_fit pid=1992518)[0m Fitting Client 16
[2m[36m(launch_and_fit pid=1992517)[0m Fitting Client 14
[2m[36m(launch_and_fit pid=1992510)[0m Fitting Client 5
[2m[36m(launch_and_fit pid=1992514)[0m Fitting Client 12
[2m[36m(launch_and_fit pid=1992518)[0m double free or corruption (fasttop)
[2m[36m(launch_and_fit pid=1992510)[0m malloc_consolidate(): invalid chunk size
[2m[36m(launch_and_fit pid=1992517)[0m double free or corruption (fasttop)
[2m[36m(launch_and_fit pid=1992519)[0m double free or corruption (fasttop)
[2m[36m(launch_and_fit pid=1992513)[0m malloc_consolidate(): invalid chunk size
[2m[36m(launch_and_fit pid=1992515)[0m malloc_consolidate(): invalid chunk size
INFO flwr 2023-09-20 12:23:14,742 | fed_df.py:544 | Distillation training stopped at step number : 500
INFO flwr 2023-09-20 12:23:14,743 | fed_df.py:551 | Average fusion training loss : 0.01314202192798257, val accuracy : 0.71892, best val accuracy : 0.7266
INFO flwr 2023-09-20 12:23:14,744 | common.py:35 | Avg. local train loss : 3.7508670365437866, train acc : 0.9220736111111113
INFO flwr 2023-09-20 12:23:17,250 | server.py:116 | fit progress: (28, 1.5858973266601561, {'server_test_acc': 0.7199}, 3389.782090242952)
INFO flwr 2023-09-20 12:23:17,250 | server.py:163 | evaluate_round 28: no clients selected, cancel
DEBUG flwr 2023-09-20 12:23:19,624 | server.py:215 | fit_round 29: strategy sampled 8 clients (out of 20)
DEBUG flwr 2023-09-20 12:24:38,284 | server.py:229 | fit_round 29 received 8 results and 0 failures
INFO flwr 2023-09-20 12:24:38,321 | fed_df.py:464 | Performing server side distillation training...
[2m[36m(launch_and_fit pid=2120039)[0m Fitting Client 13
[2m[36m(launch_and_fit pid=2120036)[0m Fitting Client 9
[2m[36m(launch_and_fit pid=2120042)[0m Fitting Client 3
[2m[36m(launch_and_fit pid=2120040)[0m Fitting Client 15
[2m[36m(launch_and_fit pid=2120034)[0m Fitting Client 14
[2m[36m(launch_and_fit pid=2120041)[0m Fitting Client 4
[2m[36m(launch_and_fit pid=2120044)[0m Fitting Client 19
[2m[36m(launch_and_fit pid=2120043)[0m Fitting Client 16
[2m[36m(launch_and_fit pid=2120043)[0m malloc_consolidate(): invalid chunk size
[2m[36m(launch_and_fit pid=2120039)[0m double free or corruption (fasttop)
[2m[36m(launch_and_fit pid=2120034)[0m double free or corruption (fasttop)
[2m[36m(launch_and_fit pid=2120042)[0m double free or corruption (fasttop)
[2m[36m(launch_and_fit pid=2120040)[0m double free or corruption (fasttop)
[2m[36m(launch_and_fit pid=2120041)[0m malloc_consolidate(): invalid chunk size
[2m[36m(launch_and_fit pid=2120036)[0m malloc_consolidate(): invalid chunk size
[2m[36m(launch_and_fit pid=2120044)[0m malloc_consolidate(): invalid chunk size
E0920 12:24:42.067985510 2211573 chttp2_transport.cc:1079]             ipv4:145.136.62.64:55839: Received a GOAWAY with error code ENHANCE_YOUR_CALM and debug data equal to "too_many_pings". Current keepalive time (before throttling): ∞
INFO flwr 2023-09-20 12:25:16,388 | fed_df.py:544 | Distillation training stopped at step number : 500
INFO flwr 2023-09-20 12:25:16,388 | fed_df.py:551 | Average fusion training loss : 0.011576267192605882, val accuracy : 0.70496, best val accuracy : 0.7178
INFO flwr 2023-09-20 12:25:16,389 | common.py:35 | Avg. local train loss : 3.7231655158102512, train acc : 0.9261222222222223
INFO flwr 2023-09-20 12:25:18,913 | server.py:116 | fit progress: (29, 1.653929833984375, {'server_test_acc': 0.7134}, 3511.4456244446337)
INFO flwr 2023-09-20 12:25:18,913 | server.py:163 | evaluate_round 29: no clients selected, cancel
DEBUG flwr 2023-09-20 12:25:21,281 | server.py:215 | fit_round 30: strategy sampled 8 clients (out of 20)
[2m[36m(launch_and_fit pid=2262366)[0m malloc_consolidate(): invalid chunk size
[2m[36m(launch_and_fit pid=2262369)[0m malloc_consolidate(): invalid chunk size
DEBUG flwr 2023-09-20 12:26:40,195 | server.py:229 | fit_round 30 received 8 results and 0 failures
INFO flwr 2023-09-20 12:26:40,219 | fed_df.py:366 | Warm start at round 30
INFO flwr 2023-09-20 12:26:40,289 | fed_df.py:464 | Performing server side distillation training...
[2m[36m(launch_and_fit pid=2262366)[0m Fitting Client 19
[2m[36m(launch_and_fit pid=2262325)[0m Fitting Client 18
[2m[36m(launch_and_fit pid=2262319)[0m Fitting Client 1
[2m[36m(launch_and_fit pid=2262367)[0m Fitting Client 17
[2m[36m(launch_and_fit pid=2262369)[0m Fitting Client 10
[2m[36m(launch_and_fit pid=2262370)[0m Fitting Client 14
[2m[36m(launch_and_fit pid=2262371)[0m Fitting Client 9
[2m[36m(launch_and_fit pid=2262368)[0m Fitting Client 0
[2m[36m(launch_and_fit pid=2262367)[0m malloc_consolidate(): invalid chunk size
[2m[36m(launch_and_fit pid=2262370)[0m double free or corruption (fasttop)
[2m[36m(launch_and_fit pid=2262371)[0m malloc_consolidate(): invalid chunk size
[2m[36m(launch_and_fit pid=2262319)[0m malloc_consolidate(): invalid chunk size
[2m[36m(launch_and_fit pid=2262325)[0m malloc_consolidate(): invalid chunk size
[2m[36m(launch_and_fit pid=2262368)[0m double free or corruption (fasttop)
E0920 12:26:43.731601661 2369556 chttp2_transport.cc:1079]             ipv4:145.136.62.64:55839: Received a GOAWAY with error code ENHANCE_YOUR_CALM and debug data equal to "too_many_pings". Current keepalive time (before throttling): ∞
INFO flwr 2023-09-20 12:27:17,747 | fed_df.py:544 | Distillation training stopped at step number : 500
INFO flwr 2023-09-20 12:27:17,747 | fed_df.py:551 | Average fusion training loss : 0.013489466289058328, val accuracy : 0.7033, best val accuracy : 0.7136
INFO flwr 2023-09-20 12:27:17,748 | common.py:35 | Avg. local train loss : 3.691972823999822, train acc : 0.9265638888888889
INFO flwr 2023-09-20 12:27:20,255 | server.py:116 | fit progress: (30, 1.6144106201171875, {'server_test_acc': 0.7172}, 3632.7878415845335)
INFO flwr 2023-09-20 12:27:20,256 | server.py:163 | evaluate_round 30: no clients selected, cancel
INFO flwr 2023-09-20 12:27:20,256 | server.py:144 | FL finished in 3632.788190229796
INFO flwr 2023-09-20 12:27:20,256 | app.py:202 | app_fit: losses_distributed []
INFO flwr 2023-09-20 12:27:20,257 | app.py:203 | app_fit: metrics_distributed {}
INFO flwr 2023-09-20 12:27:20,257 | app.py:204 | app_fit: losses_centralized [(0, 2.3234217651367186), (1, 1.5550270324707032), (2, 1.5166717041015625), (3, 1.617202035522461), (4, 1.5765111755371093), (5, 1.7056173797607421), (6, 1.6454051177978515), (7, 1.6340411651611328), (8, 1.5750297149658203), (9, 1.6679520568847657), (10, 1.5767978088378907), (11, 1.7060178161621093), (12, 1.5622454467773437), (13, 1.6440927734375), (14, 1.6429537658691407), (15, 1.5919410400390626), (16, 1.6024937622070312), (17, 1.6162679077148439), (18, 1.575291650390625), (19, 1.5693697448730468), (20, 1.5816127227783203), (21, 1.6396406097412108), (22, 1.675351919555664), (23, 1.6885826721191406), (24, 1.6351797760009765), (25, 1.641045797729492), (26, 1.6172283599853516), (27, 1.6274371948242188), (28, 1.5858973266601561), (29, 1.653929833984375), (30, 1.6144106201171875)]
INFO flwr 2023-09-20 12:27:20,257 | app.py:205 | app_fit: metrics_centralized {'server_test_acc': [(0, 0.108), (1, 0.444), (2, 0.5102), (3, 0.5491), (4, 0.6093), (5, 0.5925), (6, 0.6178), (7, 0.6219), (8, 0.6615), (9, 0.6635), (10, 0.679), (11, 0.6612), (12, 0.6962), (13, 0.6945), (14, 0.6878), (15, 0.6787), (16, 0.6807), (17, 0.6896), (18, 0.6992), (19, 0.6939), (20, 0.7197), (21, 0.7007), (22, 0.6779), (23, 0.7044), (24, 0.7153), (25, 0.6935), (26, 0.7179), (27, 0.6885), (28, 0.7199), (29, 0.7134), (30, 0.7172)]}
double free or corruption (fasttop)
srun: error: gcn64: task 0: Aborted
srun: Terminating StepId=3902872.0
-----EXPERIMENT ENDS-----
-----CLEANING UP DISK------
-----END-----

JOB STATISTICS
==============
Job ID: 3902872
Cluster: snellius
User/Group: sunnys/sunnys
State: COMPLETED (exit code 0)
Nodes: 1
Cores per node: 18
CPU Utilized: 02:07:32
CPU Efficiency: 11.50% of 18:28:48 core-walltime
Job Wall-clock time: 01:01:36
Memory Utilized: 45.76 GB
Memory Efficiency: 38.14% of 120.00 GB
