-----BEGIN-----
-----SETTINGS-----
TOTAL CROPS:50000
STRATEGY:feddf
MODEL_NAME:resnet8
NUM_CLIENTS:20
NUM_ROUNDS:30
FRACTION_FIT:0.4
FRACTION_EVALUATE:0.0
DATASET_NAME:cifar10
PARTITION_ALPHA:1.0
PARTITION_VAL_RATIO:0.1
BATCH_SIZE:512
LOCAL_EPOCHS:10
LOCAL_LR:0.01
DISTILL_BATCH_SIZE:512
SERVER_LR:0.005
SERVER_STEPS:250
SERVER_EARLY_STEPS:1000
USE_EARLY_STOPPING:False
USE_ADAPTIVE_LR:False
USE_ADAPTIVE_LR_ROUND:False
SEED:84
CUDA_DETERMINISTIC:False
USE_CROPS:True
IMG_NAME:ameyoko.jpg
DISTILL_DATASET:organamnist
DISTILL_ALPHA:1.0
NUM_DISTILL_IMAGES:5000
DISTILL_TRANSFORMS:v0
WARM_START:True
WARM_START_ROUNDS:1
WARM_START_INTERVAL:5
KMEANS_N_CLUSTER:1000
KMEANS_HEURISTICS:hard
KMEANS_MIXED_FACTOR:50-50
KMEANS_BALANCING:1.0
CONFIDENCE_THRESHOLD:0.9
CONFIDENCE_STRATEGY:top
CONFIDENCE_ADAPTIVE:False
CONFIDENCE_MAX_THRESH:0.5
CLIPPING_FACTOR:2.5
FEDPROX_FACTOR:0.0
FEDPROX_ADAPTIVE:False
USE_CLIPPING:True
USE_ENTROPY:False
USE_KMEANS:True
USE_FEDPROX:False
-----SETTINGS END-----
-----EXPERIMENT BEGINS-----
---------
Generating crops for FedDF
Namespace(img_size=32, batch_size=32, num_imgs=50000, threads=18, vflip=False, deg=30, shear=30, cropfirst=True, initcrop=0.5, scale=[500, 1], randinterp=False, debug=False, imgpath='./static/single_images/ameyoko.jpg', targetpath='/scratch-local/sunnys.3425353/1692490335_510335209', seed=84, img_per_thread=2777)
will save 50000 patches in /scratch-local/sunnys.3425353/1692490335_510335209/single_img_crops/crops
50000 took 0.48min with 18 threads
---------
Simulating feddf training
INFO simulate 2023-08-20 02:13:00,991 | simulate.py:50 | Python script started : simulate.py
DEBUG simulate 2023-08-20 02:13:00,991 | simulate.py:55 | Reading args from argument parser
Downloading https://www.cs.toronto.edu/~kriz/cifar-10-python.tar.gz to /scratch-local/sunnys.3425353/1692490335_510335209/cifar-10-python.tar.gz
Extracting /scratch-local/sunnys.3425353/1692490335_510335209/cifar-10-python.tar.gz to /scratch-local/sunnys.3425353/1692490335_510335209
Generating unified cifar10 dataset
Class histogram for 0-th partition (alpha=1.0, 10 classes): [342 114 363 765  49 204 467  25  55 116]
INFO flwr 2023-08-20 02:13:41,948 | app.py:145 | Starting Flower simulation, config: ServerConfig(num_rounds=30, round_timeout=None)
2023-08-20 02:13:45,721	INFO worker.py:1529 -- Started a local Ray instance. View the dashboard at [1m[32m127.0.0.1:8265 [39m[22m
INFO flwr 2023-08-20 02:13:46,758 | app.py:179 | Flower VCE: Ray initialized with resources: {'memory': 103079215104.0, 'CPU': 18.0, 'object_store_memory': 61847529062.0, 'accelerator_type:A100': 1.0, 'GPU': 1.0, 'node:145.136.62.27': 1.0}
INFO flwr 2023-08-20 02:13:46,758 | server.py:86 | Initializing global parameters
INFO flwr 2023-08-20 02:13:46,758 | server.py:266 | Using initial parameters provided by strategy
INFO flwr 2023-08-20 02:13:46,758 | server.py:88 | Evaluating initial parameters
INFO flwr 2023-08-20 02:13:58,872 | server.py:91 | initial parameters (loss, other metrics): 2.319245477294922, {'server_test_acc': 0.0811}
INFO flwr 2023-08-20 02:13:58,873 | server.py:101 | FL starting
DEBUG flwr 2023-08-20 02:14:06,945 | server.py:215 | fit_round 1: strategy sampled 8 clients (out of 20)
[2m[36m(launch_and_fit pid=3816394)[0m malloc_consolidate(): invalid chunk size
[2m[36m(launch_and_fit pid=3816392)[0m malloc_consolidate(): invalid chunk size
DEBUG flwr 2023-08-20 02:14:41,709 | server.py:229 | fit_round 1 received 8 results and 0 failures
INFO flwr 2023-08-20 02:14:41,817 | fed_df.py:365 | Warm start at round 1
INFO flwr 2023-08-20 02:14:41,907 | fed_df.py:463 | Performing server side distillation training...
[2m[36m(launch_and_fit pid=3816389)[0m Fitting Client 18
[2m[36m(launch_and_fit pid=3816387)[0m Fitting Client 5
[2m[36m(launch_and_fit pid=3816394)[0m Fitting Client 2
[2m[36m(launch_and_fit pid=3816386)[0m Fitting Client 8
[2m[36m(launch_and_fit pid=3816391)[0m Fitting Client 10
[2m[36m(launch_and_fit pid=3816392)[0m Fitting Client 4
[2m[36m(launch_and_fit pid=3816388)[0m Fitting Client 11
[2m[36m(launch_and_fit pid=3816395)[0m Fitting Client 19
[2m[36m(launch_and_fit pid=3816388)[0m malloc_consolidate(): invalid chunk size
[2m[36m(launch_and_fit pid=3816395)[0m double free or corruption (fasttop)
[2m[36m(launch_and_fit pid=3816389)[0m double free or corruption (fasttop)
E0820 02:14:42.783417777 3846846 chttp2_transport.cc:1079]             ipv4:145.136.62.27:56566: Received a GOAWAY with error code ENHANCE_YOUR_CALM and debug data equal to "too_many_pings". Current keepalive time (before throttling): 60000ms
[2m[36m(launch_and_fit pid=3816386)[0m double free or corruption (fasttop)
[2m[36m(launch_and_fit pid=3816387)[0m malloc_consolidate(): invalid chunk size
[2m[36m(launch_and_fit pid=3816391)[0m double free or corruption (fasttop)
INFO flwr 2023-08-20 02:15:28,856 | fed_df.py:540 | Distillation training stopped at step number : 250
INFO flwr 2023-08-20 02:15:28,857 | fed_df.py:547 | Average fusion training loss : 0.08597121876478195, val accuracy : 0.29064, best val accuracy : 0.2988
INFO flwr 2023-08-20 02:15:28,858 | common.py:35 | Avg. local train loss : 7.643153710663319, train acc : 0.5071833333333333
INFO flwr 2023-08-20 02:15:31,549 | server.py:116 | fit progress: (1, 2.096103240966797, {'server_test_acc': 0.2947}, 92.67596943071112)
INFO flwr 2023-08-20 02:15:31,549 | server.py:163 | evaluate_round 1: no clients selected, cancel
DEBUG flwr 2023-08-20 02:15:37,516 | server.py:215 | fit_round 2: strategy sampled 8 clients (out of 20)
[2m[36m(launch_and_fit pid=3923506)[0m malloc_consolidate(): invalid chunk size
DEBUG flwr 2023-08-20 02:16:09,702 | server.py:229 | fit_round 2 received 8 results and 0 failures
INFO flwr 2023-08-20 02:16:09,848 | fed_df.py:463 | Performing server side distillation training...
[2m[36m(launch_and_fit pid=3923643)[0m Fitting Client 5
[2m[36m(launch_and_fit pid=3923506)[0m Fitting Client 15
[2m[36m(launch_and_fit pid=3923717)[0m Fitting Client 7
[2m[36m(launch_and_fit pid=3923719)[0m Fitting Client 16
[2m[36m(launch_and_fit pid=3923728)[0m Fitting Client 2
[2m[36m(launch_and_fit pid=3923729)[0m Fitting Client 3
[2m[36m(launch_and_fit pid=3923682)[0m Fitting Client 0
[2m[36m(launch_and_fit pid=3923642)[0m Fitting Client 13
[2m[36m(launch_and_fit pid=3923642)[0m malloc_consolidate(): invalid chunk size
[2m[36m(launch_and_fit pid=3923728)[0m double free or corruption (fasttop)
E0820 02:16:10.830655228 3846982 chttp2_transport.cc:1079]             ipv4:145.136.62.27:56566: Received a GOAWAY with error code ENHANCE_YOUR_CALM and debug data equal to "too_many_pings". Current keepalive time (before throttling): 120000ms
[2m[36m(launch_and_fit pid=3923682)[0m double free or corruption (fasttop)
[2m[36m(launch_and_fit pid=3923729)[0m malloc_consolidate(): invalid chunk size
[2m[36m(launch_and_fit pid=3923643)[0m malloc_consolidate(): invalid chunk size
[2m[36m(launch_and_fit pid=3923717)[0m double free or corruption (fasttop)
[2m[36m(launch_and_fit pid=3923719)[0m double free or corruption (fasttop)
INFO flwr 2023-08-20 02:16:59,290 | fed_df.py:540 | Distillation training stopped at step number : 250
INFO flwr 2023-08-20 02:16:59,291 | fed_df.py:547 | Average fusion training loss : 0.07850050753355026, val accuracy : 0.32656, best val accuracy : 0.3482
INFO flwr 2023-08-20 02:16:59,292 | common.py:35 | Avg. local train loss : 8.067272175848483, train acc : 0.4586222222222222
INFO flwr 2023-08-20 02:17:02,043 | server.py:116 | fit progress: (2, 1.8282387969970704, {'server_test_acc': 0.3422}, 183.17072161380202)
INFO flwr 2023-08-20 02:17:02,044 | server.py:163 | evaluate_round 2: no clients selected, cancel
DEBUG flwr 2023-08-20 02:17:08,113 | server.py:215 | fit_round 3: strategy sampled 8 clients (out of 20)
[2m[36m(launch_and_fit pid=4060186)[0m double free or corruption (fasttop)
DEBUG flwr 2023-08-20 02:17:40,078 | server.py:229 | fit_round 3 received 8 results and 0 failures
[2m[36m(launch_and_fit pid=4060114)[0m double free or corruption (fasttop)
INFO flwr 2023-08-20 02:17:40,227 | fed_df.py:463 | Performing server side distillation training...
[2m[36m(launch_and_fit pid=4060114)[0m Fitting Client 19
[2m[36m(launch_and_fit pid=4060186)[0m Fitting Client 8
[2m[36m(launch_and_fit pid=4060254)[0m Fitting Client 13
[2m[36m(launch_and_fit pid=4060184)[0m Fitting Client 4
[2m[36m(launch_and_fit pid=4060183)[0m Fitting Client 2
[2m[36m(launch_and_fit pid=4060257)[0m Fitting Client 6
[2m[36m(launch_and_fit pid=4060255)[0m Fitting Client 10
[2m[36m(launch_and_fit pid=4060256)[0m Fitting Client 18
[2m[36m(launch_and_fit pid=4060254)[0m double free or corruption (fasttop)
[2m[36m(launch_and_fit pid=4060184)[0m malloc_consolidate(): invalid chunk size
[2m[36m(launch_and_fit pid=4060255)[0m double free or corruption (fasttop)
E0820 02:17:41.183608175 3977506 chttp2_transport.cc:1079]             ipv4:145.136.62.27:56566: Received a GOAWAY with error code ENHANCE_YOUR_CALM and debug data equal to "too_many_pings". Current keepalive time (before throttling): 240000ms
[2m[36m(launch_and_fit pid=4060256)[0m malloc_consolidate(): invalid chunk size
[2m[36m(launch_and_fit pid=4060257)[0m double free or corruption (fasttop)
[2m[36m(launch_and_fit pid=4060183)[0m malloc_consolidate(): invalid chunk size
INFO flwr 2023-08-20 02:18:29,705 | fed_df.py:540 | Distillation training stopped at step number : 250
INFO flwr 2023-08-20 02:18:29,705 | fed_df.py:547 | Average fusion training loss : 0.06981685321033002, val accuracy : 0.37644, best val accuracy : 0.3976
INFO flwr 2023-08-20 02:18:29,706 | common.py:35 | Avg. local train loss : 6.642207688093185, train acc : 0.6069777777777777
INFO flwr 2023-08-20 02:18:32,454 | server.py:116 | fit progress: (3, 1.728647640991211, {'server_test_acc': 0.3952}, 273.58120369398966)
INFO flwr 2023-08-20 02:18:32,454 | server.py:163 | evaluate_round 3: no clients selected, cancel
DEBUG flwr 2023-08-20 02:18:38,536 | server.py:215 | fit_round 4: strategy sampled 8 clients (out of 20)
[2m[36m(launch_and_fit pid=1089)[0m malloc_consolidate(): invalid chunk size
[2m[36m(launch_and_fit pid=1084)[0m malloc_consolidate(): invalid chunk size
DEBUG flwr 2023-08-20 02:19:10,738 | server.py:229 | fit_round 4 received 8 results and 0 failures
INFO flwr 2023-08-20 02:19:10,886 | fed_df.py:463 | Performing server side distillation training...
[2m[36m(launch_and_fit pid=1084)[0m Fitting Client 12
[2m[36m(launch_and_fit pid=1089)[0m Fitting Client 17
[2m[36m(launch_and_fit pid=1181)[0m Fitting Client 18
[2m[36m(launch_and_fit pid=1082)[0m Fitting Client 11
[2m[36m(launch_and_fit pid=1183)[0m Fitting Client 19
[2m[36m(launch_and_fit pid=1180)[0m Fitting Client 1
[2m[36m(launch_and_fit pid=1088)[0m Fitting Client 8
[2m[36m(launch_and_fit pid=1182)[0m Fitting Client 0
[2m[36m(launch_and_fit pid=1183)[0m malloc_consolidate(): invalid chunk size
E0820 02:19:11.935154339 4111684 chttp2_transport.cc:1079]             ipv4:145.136.62.27:56566: Received a GOAWAY with error code ENHANCE_YOUR_CALM and debug data equal to "too_many_pings". Current keepalive time (before throttling): 480000ms
[2m[36m(launch_and_fit pid=1088)[0m malloc_consolidate(): invalid chunk size
[2m[36m(launch_and_fit pid=1180)[0m malloc_consolidate(): invalid chunk size
[2m[36m(launch_and_fit pid=1181)[0m malloc_consolidate(): invalid chunk size
[2m[36m(launch_and_fit pid=1082)[0m double free or corruption (fasttop)
INFO flwr 2023-08-20 02:20:00,588 | fed_df.py:540 | Distillation training stopped at step number : 250
INFO flwr 2023-08-20 02:20:00,588 | fed_df.py:547 | Average fusion training loss : 0.0612121105492115, val accuracy : 0.37676, best val accuracy : 0.3968
INFO flwr 2023-08-20 02:20:00,589 | common.py:35 | Avg. local train loss : 6.204892209917307, train acc : 0.6484055555555555
INFO flwr 2023-08-20 02:20:03,346 | server.py:116 | fit progress: (4, 1.758648486328125, {'server_test_acc': 0.3937}, 364.47304145572707)
INFO flwr 2023-08-20 02:20:03,346 | server.py:163 | evaluate_round 4: no clients selected, cancel
DEBUG flwr 2023-08-20 02:20:09,440 | server.py:215 | fit_round 5: strategy sampled 8 clients (out of 20)
DEBUG flwr 2023-08-20 02:20:41,485 | server.py:229 | fit_round 5 received 8 results and 0 failures
INFO flwr 2023-08-20 02:20:41,594 | fed_df.py:365 | Warm start at round 5
INFO flwr 2023-08-20 02:20:41,690 | fed_df.py:463 | Performing server side distillation training...
[2m[36m(launch_and_fit pid=137096)[0m Fitting Client 17
[2m[36m(launch_and_fit pid=137028)[0m Fitting Client 9
[2m[36m(launch_and_fit pid=137097)[0m Fitting Client 2
[2m[36m(launch_and_fit pid=137027)[0m Fitting Client 11
[2m[36m(launch_and_fit pid=137135)[0m Fitting Client 18
[2m[36m(launch_and_fit pid=137109)[0m Fitting Client 16
[2m[36m(launch_and_fit pid=137099)[0m Fitting Client 3
[2m[36m(launch_and_fit pid=137098)[0m Fitting Client 19
[2m[36m(launch_and_fit pid=137098)[0m double free or corruption (fasttop)
[2m[36m(launch_and_fit pid=137109)[0m malloc_consolidate(): invalid chunk size
[2m[36m(launch_and_fit pid=137099)[0m malloc_consolidate(): invalid chunk size
[2m[36m(launch_and_fit pid=137097)[0m double free or corruption (fasttop)
[2m[36m(launch_and_fit pid=137028)[0m malloc_consolidate(): invalid chunk size
[2m[36m(launch_and_fit pid=137096)[0m malloc_consolidate(): invalid chunk size
[2m[36m(launch_and_fit pid=137027)[0m corrupted size vs. prev_size in fastbins
[2m[36m(launch_and_fit pid=137135)[0m malloc_consolidate(): invalid chunk size
E0820 02:20:44.277848669   53078 chttp2_transport.cc:1079]             ipv4:145.136.62.27:56566: Received a GOAWAY with error code ENHANCE_YOUR_CALM and debug data equal to "too_many_pings". Current keepalive time (before throttling): 960000ms
INFO flwr 2023-08-20 02:21:31,130 | fed_df.py:540 | Distillation training stopped at step number : 250
INFO flwr 2023-08-20 02:21:31,131 | fed_df.py:547 | Average fusion training loss : 0.0666241794526577, val accuracy : 0.43852, best val accuracy : 0.4464
INFO flwr 2023-08-20 02:21:31,132 | common.py:35 | Avg. local train loss : 6.299651645123959, train acc : 0.6386111111111111
INFO flwr 2023-08-20 02:21:33,930 | server.py:116 | fit progress: (5, 1.5936882659912108, {'server_test_acc': 0.4399}, 455.0575280636549)
INFO flwr 2023-08-20 02:21:33,930 | server.py:163 | evaluate_round 5: no clients selected, cancel
DEBUG flwr 2023-08-20 02:21:40,048 | server.py:215 | fit_round 6: strategy sampled 8 clients (out of 20)
[2m[36m(launch_and_fit pid=268557)[0m double free or corruption (fasttop)
DEBUG flwr 2023-08-20 02:22:11,939 | server.py:229 | fit_round 6 received 8 results and 0 failures
INFO flwr 2023-08-20 02:22:12,089 | fed_df.py:463 | Performing server side distillation training...
[2m[36m(launch_and_fit pid=268543)[0m Fitting Client 8
[2m[36m(launch_and_fit pid=268540)[0m Fitting Client 18
[2m[36m(launch_and_fit pid=268558)[0m Fitting Client 7
[2m[36m(launch_and_fit pid=268541)[0m Fitting Client 12
[2m[36m(launch_and_fit pid=268550)[0m Fitting Client 10
[2m[36m(launch_and_fit pid=268557)[0m Fitting Client 15
[2m[36m(launch_and_fit pid=268556)[0m Fitting Client 17
[2m[36m(launch_and_fit pid=268559)[0m Fitting Client 4
[2m[36m(launch_and_fit pid=268543)[0m double free or corruption (fasttop)
E0820 02:22:13.330126606  318550 chttp2_transport.cc:1079]             ipv4:145.136.62.27:56566: Received a GOAWAY with error code ENHANCE_YOUR_CALM and debug data equal to "too_many_pings". Current keepalive time (before throttling): 1920000ms
[2m[36m(launch_and_fit pid=268540)[0m double free or corruption (fasttop)
[2m[36m(launch_and_fit pid=268550)[0m malloc_consolidate(): invalid chunk size
[2m[36m(launch_and_fit pid=268541)[0m double free or corruption (fasttop)
[2m[36m(launch_and_fit pid=268558)[0m double free or corruption (fasttop)
[2m[36m(launch_and_fit pid=268559)[0m malloc_consolidate(): invalid chunk size
[2m[36m(launch_and_fit pid=268556)[0m double free or corruption (fasttop)
INFO flwr 2023-08-20 02:23:02,809 | fed_df.py:540 | Distillation training stopped at step number : 250
INFO flwr 2023-08-20 02:23:02,810 | fed_df.py:547 | Average fusion training loss : 0.050137100338935855, val accuracy : 0.4368, best val accuracy : 0.4556
INFO flwr 2023-08-20 02:23:02,811 | common.py:35 | Avg. local train loss : 6.1148508369922645, train acc : 0.6579666666666666
INFO flwr 2023-08-20 02:23:05,589 | server.py:116 | fit progress: (6, 1.5901689208984375, {'server_test_acc': 0.4523}, 546.716503186617)
INFO flwr 2023-08-20 02:23:05,589 | server.py:163 | evaluate_round 6: no clients selected, cancel
DEBUG flwr 2023-08-20 02:23:11,701 | server.py:215 | fit_round 7: strategy sampled 8 clients (out of 20)
DEBUG flwr 2023-08-20 02:23:43,505 | server.py:229 | fit_round 7 received 8 results and 0 failures
INFO flwr 2023-08-20 02:23:43,655 | fed_df.py:463 | Performing server side distillation training...
[2m[36m(launch_and_fit pid=403265)[0m Fitting Client 8
[2m[36m(launch_and_fit pid=403267)[0m Fitting Client 19
[2m[36m(launch_and_fit pid=403266)[0m Fitting Client 12
[2m[36m(launch_and_fit pid=403232)[0m Fitting Client 0
[2m[36m(launch_and_fit pid=403269)[0m Fitting Client 2
[2m[36m(launch_and_fit pid=403338)[0m Fitting Client 4
[2m[36m(launch_and_fit pid=403268)[0m Fitting Client 3
[2m[36m(launch_and_fit pid=403337)[0m Fitting Client 15
[2m[36m(launch_and_fit pid=403267)[0m malloc_consolidate(): invalid chunk size
[2m[36m(launch_and_fit pid=403232)[0m malloc_consolidate(): invalid chunk size
[2m[36m(launch_and_fit pid=403266)[0m malloc_consolidate(): invalid chunk size
[2m[36m(launch_and_fit pid=403269)[0m malloc_consolidate(): invalid chunk size
[2m[36m(launch_and_fit pid=403268)[0m malloc_consolidate(): invalid chunk size
[2m[36m(launch_and_fit pid=403265)[0m malloc_consolidate(): invalid chunk size
E0820 02:23:45.951884237  319906 chttp2_transport.cc:1079]             ipv4:145.136.62.27:56566: Received a GOAWAY with error code ENHANCE_YOUR_CALM and debug data equal to "too_many_pings". Current keepalive time (before throttling): 3840000ms
[2m[36m(launch_and_fit pid=403338)[0m malloc_consolidate(): invalid chunk size
[2m[36m(launch_and_fit pid=403337)[0m double free or corruption (fasttop)
E0820 02:24:05.812008266  453590 chttp2_transport.cc:1079]             ipv4:145.136.62.27:56566: Received a GOAWAY with error code ENHANCE_YOUR_CALM and debug data equal to "too_many_pings". Current keepalive time (before throttling): 7680000ms
INFO flwr 2023-08-20 02:24:33,742 | fed_df.py:540 | Distillation training stopped at step number : 250
INFO flwr 2023-08-20 02:24:33,742 | fed_df.py:547 | Average fusion training loss : 0.048603689268231394, val accuracy : 0.4892, best val accuracy : 0.4986
INFO flwr 2023-08-20 02:24:33,744 | common.py:35 | Avg. local train loss : 6.062755478173494, train acc : 0.6672333333333333
INFO flwr 2023-08-20 02:24:36,583 | server.py:116 | fit progress: (7, 1.4756210510253907, {'server_test_acc': 0.5002}, 637.7098981798626)
INFO flwr 2023-08-20 02:24:36,583 | server.py:163 | evaluate_round 7: no clients selected, cancel
DEBUG flwr 2023-08-20 02:24:42,713 | server.py:215 | fit_round 8: strategy sampled 8 clients (out of 20)
DEBUG flwr 2023-08-20 02:25:14,705 | server.py:229 | fit_round 8 received 8 results and 0 failures
INFO flwr 2023-08-20 02:25:14,868 | fed_df.py:463 | Performing server side distillation training...
[2m[36m(launch_and_fit pid=537338)[0m Fitting Client 14
[2m[36m(launch_and_fit pid=537342)[0m Fitting Client 5
[2m[36m(launch_and_fit pid=537345)[0m Fitting Client 7
[2m[36m(launch_and_fit pid=537343)[0m Fitting Client 19
[2m[36m(launch_and_fit pid=537346)[0m Fitting Client 4
[2m[36m(launch_and_fit pid=537347)[0m Fitting Client 13
[2m[36m(launch_and_fit pid=537340)[0m Fitting Client 15
[2m[36m(launch_and_fit pid=537344)[0m Fitting Client 9
[2m[36m(launch_and_fit pid=537338)[0m double free or corruption (fasttop)
[2m[36m(launch_and_fit pid=537345)[0m double free or corruption (fasttop)
[2m[36m(launch_and_fit pid=537347)[0m double free or corruption (fasttop)
[2m[36m(launch_and_fit pid=537344)[0m malloc_consolidate(): invalid chunk size
E0820 02:25:16.171620064  475691 chttp2_transport.cc:1079]             ipv4:145.136.62.27:56566: Received a GOAWAY with error code ENHANCE_YOUR_CALM and debug data equal to "too_many_pings". Current keepalive time (before throttling): 15360000ms
[2m[36m(launch_and_fit pid=537342)[0m malloc_consolidate(): invalid chunk size
[2m[36m(launch_and_fit pid=537340)[0m malloc_consolidate(): invalid chunk size
[2m[36m(launch_and_fit pid=537343)[0m double free or corruption (fasttop)
[2m[36m(launch_and_fit pid=537346)[0m malloc_consolidate(): invalid chunk size
INFO flwr 2023-08-20 02:26:10,774 | fed_df.py:540 | Distillation training stopped at step number : 250
INFO flwr 2023-08-20 02:26:10,775 | fed_df.py:547 | Average fusion training loss : 0.03475572598725557, val accuracy : 0.51396, best val accuracy : 0.5264
INFO flwr 2023-08-20 02:26:10,776 | common.py:35 | Avg. local train loss : 5.925666420161725, train acc : 0.676477777777778
INFO flwr 2023-08-20 02:26:13,561 | server.py:116 | fit progress: (8, 1.4501516723632812, {'server_test_acc': 0.5216}, 734.6882464359514)
INFO flwr 2023-08-20 02:26:13,561 | server.py:163 | evaluate_round 8: no clients selected, cancel
DEBUG flwr 2023-08-20 02:26:19,760 | server.py:215 | fit_round 9: strategy sampled 8 clients (out of 20)
DEBUG flwr 2023-08-20 02:26:51,552 | server.py:229 | fit_round 9 received 8 results and 0 failures
INFO flwr 2023-08-20 02:26:51,691 | fed_df.py:463 | Performing server side distillation training...
[2m[36m(launch_and_fit pid=677062)[0m Fitting Client 2
[2m[36m(launch_and_fit pid=677065)[0m Fitting Client 18
[2m[36m(launch_and_fit pid=677136)[0m Fitting Client 16
[2m[36m(launch_and_fit pid=677066)[0m Fitting Client 13
[2m[36m(launch_and_fit pid=677063)[0m Fitting Client 3
[2m[36m(launch_and_fit pid=677137)[0m Fitting Client 4
[2m[36m(launch_and_fit pid=677135)[0m Fitting Client 5
[2m[36m(launch_and_fit pid=677134)[0m Fitting Client 19
[2m[36m(launch_and_fit pid=677062)[0m malloc_consolidate(): invalid chunk size
[2m[36m(launch_and_fit pid=677063)[0m double free or corruption (fasttop)
[2m[36m(launch_and_fit pid=677137)[0m malloc_consolidate(): invalid chunk size
[2m[36m(launch_and_fit pid=677135)[0m double free or corruption (fasttop)
[2m[36m(launch_and_fit pid=677065)[0m double free or corruption (fasttop)
[2m[36m(launch_and_fit pid=677066)[0m malloc_consolidate(): invalid chunk size
[2m[36m(launch_and_fit pid=677136)[0m malloc_consolidate(): invalid chunk size
[2m[36m(launch_and_fit pid=677134)[0m malloc_consolidate(): invalid chunk size
E0820 02:26:54.656809482  586477 chttp2_transport.cc:1079]             ipv4:145.136.62.27:56566: Received a GOAWAY with error code ENHANCE_YOUR_CALM and debug data equal to "too_many_pings". Current keepalive time (before throttling): 30720000ms
INFO flwr 2023-08-20 02:27:42,644 | fed_df.py:540 | Distillation training stopped at step number : 250
INFO flwr 2023-08-20 02:27:42,645 | fed_df.py:547 | Average fusion training loss : 0.036674931429326534, val accuracy : 0.49344, best val accuracy : 0.5066
INFO flwr 2023-08-20 02:27:42,646 | common.py:35 | Avg. local train loss : 5.683736560493708, train acc : 0.7072333333333333
INFO flwr 2023-08-20 02:27:45,481 | server.py:116 | fit progress: (9, 1.4964217834472657, {'server_test_acc': 0.5091}, 826.6081682569347)
INFO flwr 2023-08-20 02:27:45,481 | server.py:163 | evaluate_round 9: no clients selected, cancel
DEBUG flwr 2023-08-20 02:27:51,600 | server.py:215 | fit_round 10: strategy sampled 8 clients (out of 20)
[2m[36m(launch_and_fit pid=811494)[0m malloc_consolidate(): invalid chunk size
DEBUG flwr 2023-08-20 02:28:23,286 | server.py:229 | fit_round 10 received 8 results and 0 failures
INFO flwr 2023-08-20 02:28:23,396 | fed_df.py:365 | Warm start at round 10
INFO flwr 2023-08-20 02:28:23,485 | fed_df.py:463 | Performing server side distillation training...
[2m[36m(launch_and_fit pid=811491)[0m Fitting Client 5
[2m[36m(launch_and_fit pid=811494)[0m Fitting Client 1
[2m[36m(launch_and_fit pid=811492)[0m Fitting Client 13
[2m[36m(launch_and_fit pid=811563)[0m Fitting Client 9
[2m[36m(launch_and_fit pid=811493)[0m Fitting Client 10
[2m[36m(launch_and_fit pid=811562)[0m Fitting Client 0
[2m[36m(launch_and_fit pid=811564)[0m Fitting Client 19
[2m[36m(launch_and_fit pid=811565)[0m Fitting Client 7
[2m[36m(launch_and_fit pid=811491)[0m corrupted size vs. prev_size in fastbins
[2m[36m(launch_and_fit pid=811492)[0m malloc_consolidate(): invalid chunk size
[2m[36m(launch_and_fit pid=811493)[0m malloc_consolidate(): invalid chunk size
[2m[36m(launch_and_fit pid=811562)[0m double free or corruption (fasttop)
[2m[36m(launch_and_fit pid=811564)[0m malloc_consolidate(): invalid chunk size
[2m[36m(launch_and_fit pid=811565)[0m double free or corruption (fasttop)
E0820 02:28:24.932292126  722157 chttp2_transport.cc:1079]             ipv4:145.136.62.27:56566: Received a GOAWAY with error code ENHANCE_YOUR_CALM and debug data equal to "too_many_pings". Current keepalive time (before throttling): 61440000ms
[2m[36m(launch_and_fit pid=811563)[0m malloc_consolidate(): invalid chunk size
INFO flwr 2023-08-20 02:29:14,312 | fed_df.py:540 | Distillation training stopped at step number : 250
INFO flwr 2023-08-20 02:29:14,313 | fed_df.py:547 | Average fusion training loss : 0.029189361818134786, val accuracy : 0.5711999999999999, best val accuracy : 0.5858
INFO flwr 2023-08-20 02:29:14,314 | common.py:35 | Avg. local train loss : 5.811900248378516, train acc : 0.6899333333333333
INFO flwr 2023-08-20 02:29:17,168 | server.py:116 | fit progress: (10, 1.313428128051758, {'server_test_acc': 0.579}, 918.2955180089921)
INFO flwr 2023-08-20 02:29:17,168 | server.py:163 | evaluate_round 10: no clients selected, cancel
DEBUG flwr 2023-08-20 02:29:23,325 | server.py:215 | fit_round 11: strategy sampled 8 clients (out of 20)
[2m[36m(launch_and_fit pid=964507)[0m malloc_consolidate(): invalid chunk size
DEBUG flwr 2023-08-20 02:29:55,281 | server.py:229 | fit_round 11 received 8 results and 0 failures
INFO flwr 2023-08-20 02:29:55,425 | fed_df.py:463 | Performing server side distillation training...
[2m[36m(launch_and_fit pid=964435)[0m Fitting Client 3
[2m[36m(launch_and_fit pid=964437)[0m Fitting Client 13
[2m[36m(launch_and_fit pid=964508)[0m Fitting Client 16
[2m[36m(launch_and_fit pid=964507)[0m Fitting Client 6
[2m[36m(launch_and_fit pid=964509)[0m Fitting Client 5
[2m[36m(launch_and_fit pid=964506)[0m Fitting Client 11
[2m[36m(launch_and_fit pid=964568)[0m Fitting Client 14
[2m[36m(launch_and_fit pid=964578)[0m Fitting Client 0
[2m[36m(launch_and_fit pid=964508)[0m malloc_consolidate(): invalid chunk size
[2m[36m(launch_and_fit pid=964437)[0m malloc_consolidate(): invalid chunk size
[2m[36m(launch_and_fit pid=964578)[0m malloc_consolidate(): invalid chunk size
E0820 02:29:56.727152099 1013282 chttp2_transport.cc:1079]             ipv4:145.136.62.27:56566: Received a GOAWAY with error code ENHANCE_YOUR_CALM and debug data equal to "too_many_pings". Current keepalive time (before throttling): 122880000ms
[2m[36m(launch_and_fit pid=964435)[0m malloc_consolidate(): invalid chunk size
[2m[36m(launch_and_fit pid=964506)[0m malloc_consolidate(): invalid chunk size
[2m[36m(launch_and_fit pid=964568)[0m malloc_consolidate(): invalid chunk size
[2m[36m(launch_and_fit pid=964509)[0m malloc_consolidate(): invalid chunk size
INFO flwr 2023-08-20 02:30:46,528 | fed_df.py:540 | Distillation training stopped at step number : 250
INFO flwr 2023-08-20 02:30:46,528 | fed_df.py:547 | Average fusion training loss : 0.038938794054090974, val accuracy : 0.6081200000000001, best val accuracy : 0.6188
INFO flwr 2023-08-20 02:30:46,529 | common.py:35 | Avg. local train loss : 5.928610653430223, train acc : 0.6818888888888889
INFO flwr 2023-08-20 02:30:49,365 | server.py:116 | fit progress: (11, 1.2436893585205078, {'server_test_acc': 0.6107}, 1010.4920705277473)
INFO flwr 2023-08-20 02:30:49,365 | server.py:163 | evaluate_round 11: no clients selected, cancel
DEBUG flwr 2023-08-20 02:30:55,573 | server.py:215 | fit_round 12: strategy sampled 8 clients (out of 20)
[2m[36m(launch_and_fit pid=1109523)[0m malloc_consolidate(): invalid chunk size
[2m[36m(launch_and_fit pid=1109452)[0m double free or corruption (fasttop)
DEBUG flwr 2023-08-20 02:31:27,596 | server.py:229 | fit_round 12 received 8 results and 0 failures
[2m[36m(launch_and_fit pid=1109521)[0m malloc_consolidate(): invalid chunk size
INFO flwr 2023-08-20 02:31:27,756 | fed_df.py:463 | Performing server side distillation training...
[2m[36m(launch_and_fit pid=1109452)[0m Fitting Client 0
[2m[36m(launch_and_fit pid=1109521)[0m Fitting Client 17
[2m[36m(launch_and_fit pid=1109523)[0m Fitting Client 14
[2m[36m(launch_and_fit pid=1109522)[0m Fitting Client 8
[2m[36m(launch_and_fit pid=1109594)[0m Fitting Client 18
[2m[36m(launch_and_fit pid=1109592)[0m Fitting Client 1
[2m[36m(launch_and_fit pid=1109593)[0m Fitting Client 5
[2m[36m(launch_and_fit pid=1109591)[0m Fitting Client 3
E0820 02:31:28.178726997 1013588 chttp2_transport.cc:1079]             ipv4:145.136.62.27:56566: Received a GOAWAY with error code ENHANCE_YOUR_CALM and debug data equal to "too_many_pings". Current keepalive time (before throttling): 245760000ms
[2m[36m(launch_and_fit pid=1109594)[0m malloc_consolidate(): invalid chunk size
[2m[36m(launch_and_fit pid=1109522)[0m malloc_consolidate(): invalid chunk size
[2m[36m(launch_and_fit pid=1109592)[0m malloc_consolidate(): invalid chunk size
[2m[36m(launch_and_fit pid=1109593)[0m double free or corruption (fasttop)
[2m[36m(launch_and_fit pid=1109591)[0m double free or corruption (fasttop)
INFO flwr 2023-08-20 02:32:18,522 | fed_df.py:540 | Distillation training stopped at step number : 250
INFO flwr 2023-08-20 02:32:18,523 | fed_df.py:547 | Average fusion training loss : 0.028417664222419262, val accuracy : 0.59124, best val accuracy : 0.5956
INFO flwr 2023-08-20 02:32:18,524 | common.py:35 | Avg. local train loss : 5.391388913989068, train acc : 0.7326388888888887
INFO flwr 2023-08-20 02:32:21,346 | server.py:116 | fit progress: (12, 1.2957082244873046, {'server_test_acc': 0.5901}, 1102.4738608547486)
INFO flwr 2023-08-20 02:32:21,347 | server.py:163 | evaluate_round 12: no clients selected, cancel
DEBUG flwr 2023-08-20 02:32:27,477 | server.py:215 | fit_round 13: strategy sampled 8 clients (out of 20)
DEBUG flwr 2023-08-20 02:32:59,183 | server.py:229 | fit_round 13 received 8 results and 0 failures
INFO flwr 2023-08-20 02:32:59,323 | fed_df.py:463 | Performing server side distillation training...
[2m[36m(launch_and_fit pid=1244188)[0m Fitting Client 3
[2m[36m(launch_and_fit pid=1244191)[0m Fitting Client 0
[2m[36m(launch_and_fit pid=1244193)[0m Fitting Client 14
[2m[36m(launch_and_fit pid=1244190)[0m Fitting Client 7
[2m[36m(launch_and_fit pid=1244192)[0m Fitting Client 5
[2m[36m(launch_and_fit pid=1244189)[0m Fitting Client 18
[2m[36m(launch_and_fit pid=1244118)[0m Fitting Client 19
[2m[36m(launch_and_fit pid=1244116)[0m Fitting Client 11
[2m[36m(launch_and_fit pid=1244191)[0m double free or corruption (fasttop)
[2m[36m(launch_and_fit pid=1244191)[0m malloc_consolidate(): invalid chunk size
[2m[36m(launch_and_fit pid=1244188)[0m malloc_consolidate(): invalid chunk size
[2m[36m(launch_and_fit pid=1244189)[0m double free or corruption (fasttop)
[2m[36m(launch_and_fit pid=1244193)[0m malloc_consolidate(): invalid chunk size
[2m[36m(launch_and_fit pid=1244118)[0m double free or corruption (fasttop)
[2m[36m(launch_and_fit pid=1244192)[0m malloc_consolidate(): invalid chunk size
[2m[36m(launch_and_fit pid=1244116)[0m malloc_consolidate(): invalid chunk size
[2m[36m(launch_and_fit pid=1244190)[0m malloc_consolidate(): invalid chunk size
E0820 02:33:01.800753728 1284622 chttp2_transport.cc:1079]             ipv4:145.136.62.27:56566: Received a GOAWAY with error code ENHANCE_YOUR_CALM and debug data equal to "too_many_pings". Current keepalive time (before throttling): 491520000ms
INFO flwr 2023-08-20 02:33:51,079 | fed_df.py:540 | Distillation training stopped at step number : 250
INFO flwr 2023-08-20 02:33:51,080 | fed_df.py:547 | Average fusion training loss : 0.04274305741488933, val accuracy : 0.54868, best val accuracy : 0.5698
INFO flwr 2023-08-20 02:33:51,081 | common.py:35 | Avg. local train loss : 5.209488598257304, train acc : 0.7512555555555556
INFO flwr 2023-08-20 02:33:53,871 | server.py:116 | fit progress: (13, 1.3538400939941406, {'server_test_acc': 0.5727}, 1194.9980139038526)
INFO flwr 2023-08-20 02:33:53,871 | server.py:163 | evaluate_round 13: no clients selected, cancel
DEBUG flwr 2023-08-20 02:33:59,924 | server.py:215 | fit_round 14: strategy sampled 8 clients (out of 20)
[2m[36m(launch_and_fit pid=1378676)[0m malloc_consolidate(): invalid chunk size
DEBUG flwr 2023-08-20 02:34:31,880 | server.py:229 | fit_round 14 received 8 results and 0 failures
[2m[36m(launch_and_fit pid=1378749)[0m malloc_consolidate(): invalid chunk size
INFO flwr 2023-08-20 02:34:32,023 | fed_df.py:463 | Performing server side distillation training...
[2m[36m(launch_and_fit pid=1378676)[0m Fitting Client 16
[2m[36m(launch_and_fit pid=1378749)[0m Fitting Client 18
[2m[36m(launch_and_fit pid=1378746)[0m Fitting Client 10
[2m[36m(launch_and_fit pid=1378747)[0m Fitting Client 4
[2m[36m(launch_and_fit pid=1378744)[0m Fitting Client 9
[2m[36m(launch_and_fit pid=1378745)[0m Fitting Client 3
[2m[36m(launch_and_fit pid=1378674)[0m Fitting Client 8
[2m[36m(launch_and_fit pid=1378748)[0m Fitting Client 14
[2m[36m(launch_and_fit pid=1378746)[0m double free or corruption (fasttop)
[2m[36m(launch_and_fit pid=1378748)[0m malloc_consolidate(): invalid chunk size
[2m[36m(launch_and_fit pid=1378744)[0m malloc_consolidate(): invalid chunk size
E0820 02:34:33.351786227 1285018 chttp2_transport.cc:1079]             ipv4:145.136.62.27:56566: Received a GOAWAY with error code ENHANCE_YOUR_CALM and debug data equal to "too_many_pings". Current keepalive time (before throttling): 983040000ms
[2m[36m(launch_and_fit pid=1378747)[0m malloc_consolidate(): invalid chunk size
[2m[36m(launch_and_fit pid=1378745)[0m corrupted size vs. prev_size in fastbins
[2m[36m(launch_and_fit pid=1378674)[0m malloc_consolidate(): invalid chunk size
INFO flwr 2023-08-20 02:35:22,673 | fed_df.py:540 | Distillation training stopped at step number : 250
INFO flwr 2023-08-20 02:35:22,673 | fed_df.py:547 | Average fusion training loss : 0.029607795253396033, val accuracy : 0.60616, best val accuracy : 0.6178
INFO flwr 2023-08-20 02:35:22,674 | common.py:35 | Avg. local train loss : 5.4427421651780605, train acc : 0.7318111111111111
INFO flwr 2023-08-20 02:35:25,450 | server.py:116 | fit progress: (14, 1.2070506866455077, {'server_test_acc': 0.6131}, 1286.577164622955)
INFO flwr 2023-08-20 02:35:25,450 | server.py:163 | evaluate_round 14: no clients selected, cancel
DEBUG flwr 2023-08-20 02:35:31,531 | server.py:215 | fit_round 15: strategy sampled 8 clients (out of 20)
DEBUG flwr 2023-08-20 02:36:03,443 | server.py:229 | fit_round 15 received 8 results and 0 failures
[2m[36m(launch_and_fit pid=1513240)[0m double free or corruption (fasttop)
INFO flwr 2023-08-20 02:36:03,553 | fed_df.py:365 | Warm start at round 15
INFO flwr 2023-08-20 02:36:03,643 | fed_df.py:463 | Performing server side distillation training...
[2m[36m(launch_and_fit pid=1513170)[0m Fitting Client 8
[2m[36m(launch_and_fit pid=1513241)[0m Fitting Client 15
[2m[36m(launch_and_fit pid=1513244)[0m Fitting Client 1
[2m[36m(launch_and_fit pid=1513243)[0m Fitting Client 14
[2m[36m(launch_and_fit pid=1513240)[0m Fitting Client 12
[2m[36m(launch_and_fit pid=1513171)[0m Fitting Client 7
[2m[36m(launch_and_fit pid=1513242)[0m Fitting Client 18
[2m[36m(launch_and_fit pid=1513239)[0m Fitting Client 5
[2m[36m(launch_and_fit pid=1513170)[0m malloc_consolidate(): invalid chunk size
[2m[36m(launch_and_fit pid=1513244)[0m malloc_consolidate(): invalid chunk size
[2m[36m(launch_and_fit pid=1513171)[0m malloc_consolidate(): invalid chunk size
[2m[36m(launch_and_fit pid=1513242)[0m malloc_consolidate(): invalid chunk size
[2m[36m(launch_and_fit pid=1513239)[0m double free or corruption (fasttop)
[2m[36m(launch_and_fit pid=1513243)[0m malloc_consolidate(): invalid chunk size
[2m[36m(launch_and_fit pid=1513241)[0m malloc_consolidate(): invalid chunk size
INFO flwr 2023-08-20 02:36:54,210 | fed_df.py:540 | Distillation training stopped at step number : 250
INFO flwr 2023-08-20 02:36:54,210 | fed_df.py:547 | Average fusion training loss : 0.03725011294335127, val accuracy : 0.6102399999999999, best val accuracy : 0.628
INFO flwr 2023-08-20 02:36:54,211 | common.py:35 | Avg. local train loss : 5.278290621191264, train acc : 0.7461555555555556
INFO flwr 2023-08-20 02:36:57,025 | server.py:116 | fit progress: (15, 1.2359311279296874, {'server_test_acc': 0.6149}, 1378.152092102915)
INFO flwr 2023-08-20 02:36:57,025 | server.py:163 | evaluate_round 15: no clients selected, cancel
DEBUG flwr 2023-08-20 02:37:03,159 | server.py:215 | fit_round 16: strategy sampled 8 clients (out of 20)
[2m[36m(launch_and_fit pid=1648197)[0m malloc_consolidate(): invalid chunk size
[2m[36m(launch_and_fit pid=1648124)[0m malloc_consolidate(): invalid chunk size
DEBUG flwr 2023-08-20 02:37:35,580 | server.py:229 | fit_round 16 received 8 results and 0 failures
INFO flwr 2023-08-20 02:37:35,722 | fed_df.py:463 | Performing server side distillation training...
[2m[36m(launch_and_fit pid=1648124)[0m Fitting Client 11
[2m[36m(launch_and_fit pid=1648123)[0m Fitting Client 17
[2m[36m(launch_and_fit pid=1648121)[0m Fitting Client 10
[2m[36m(launch_and_fit pid=1648197)[0m Fitting Client 9
[2m[36m(launch_and_fit pid=1648193)[0m Fitting Client 12
[2m[36m(launch_and_fit pid=1648196)[0m Fitting Client 18
[2m[36m(launch_and_fit pid=1648194)[0m Fitting Client 15
[2m[36m(launch_and_fit pid=1648195)[0m Fitting Client 7
[2m[36m(launch_and_fit pid=1648195)[0m malloc_consolidate(): invalid chunk size
[2m[36m(launch_and_fit pid=1648194)[0m double free or corruption (fasttop)
[2m[36m(launch_and_fit pid=1648196)[0m double free or corruption (fasttop)
[2m[36m(launch_and_fit pid=1648121)[0m double free or corruption (fasttop)
[2m[36m(launch_and_fit pid=1648123)[0m malloc_consolidate(): invalid chunk size
[2m[36m(launch_and_fit pid=1648193)[0m malloc_consolidate(): invalid chunk size
E0820 02:37:38.562782429 1690480 chttp2_transport.cc:1079]             ipv4:145.136.62.27:56566: Received a GOAWAY with error code ENHANCE_YOUR_CALM and debug data equal to "too_many_pings". Current keepalive time (before throttling): 1966080000ms
INFO flwr 2023-08-20 02:38:26,426 | fed_df.py:540 | Distillation training stopped at step number : 250
INFO flwr 2023-08-20 02:38:26,426 | fed_df.py:547 | Average fusion training loss : 0.02530552277714014, val accuracy : 0.60884, best val accuracy : 0.6202
INFO flwr 2023-08-20 02:38:26,427 | common.py:35 | Avg. local train loss : 5.225208539515735, train acc : 0.7520111111111112
INFO flwr 2023-08-20 02:38:29,233 | server.py:116 | fit progress: (16, 1.2735486358642578, {'server_test_acc': 0.615}, 1470.3605267247185)
INFO flwr 2023-08-20 02:38:29,233 | server.py:163 | evaluate_round 16: no clients selected, cancel
DEBUG flwr 2023-08-20 02:38:35,434 | server.py:215 | fit_round 17: strategy sampled 8 clients (out of 20)
[2m[36m(launch_and_fit pid=1783931)[0m double free or corruption (fasttop)
[2m[36m(launch_and_fit pid=1783932)[0m double free or corruption (fasttop)
DEBUG flwr 2023-08-20 02:39:08,048 | server.py:229 | fit_round 17 received 8 results and 0 failures
INFO flwr 2023-08-20 02:39:08,198 | fed_df.py:463 | Performing server side distillation training...
[2m[36m(launch_and_fit pid=1783931)[0m Fitting Client 1
[2m[36m(launch_and_fit pid=1783932)[0m Fitting Client 9
[2m[36m(launch_and_fit pid=1783938)[0m Fitting Client 0
[2m[36m(launch_and_fit pid=1783927)[0m Fitting Client 15
[2m[36m(launch_and_fit pid=1784008)[0m Fitting Client 11
[2m[36m(launch_and_fit pid=1784006)[0m Fitting Client 16
[2m[36m(launch_and_fit pid=1783928)[0m Fitting Client 17
[2m[36m(launch_and_fit pid=1784007)[0m Fitting Client 14
[2m[36m(launch_and_fit pid=1783938)[0m double free or corruption (fasttop)
[2m[36m(launch_and_fit pid=1784007)[0m malloc_consolidate(): invalid chunk size
[2m[36m(launch_and_fit pid=1784006)[0m double free or corruption (fasttop)
[2m[36m(launch_and_fit pid=1784008)[0m malloc_consolidate(): invalid chunk size
[2m[36m(launch_and_fit pid=1783928)[0m malloc_consolidate(): invalid chunk size
[2m[36m(launch_and_fit pid=1783927)[0m malloc_consolidate(): invalid chunk size
E0820 02:39:11.964546193 1692774 chttp2_transport.cc:1079]             ipv4:145.136.62.27:56566: Received a GOAWAY with error code ENHANCE_YOUR_CALM and debug data equal to "too_many_pings". Current keepalive time (before throttling): ∞
E0820 02:39:53.017343669 1894788 chttp2_transport.cc:1079]             ipv4:145.136.62.27:56566: Received a GOAWAY with error code ENHANCE_YOUR_CALM and debug data equal to "too_many_pings". Current keepalive time (before throttling): ∞
INFO flwr 2023-08-20 02:39:58,397 | fed_df.py:540 | Distillation training stopped at step number : 250
INFO flwr 2023-08-20 02:39:58,397 | fed_df.py:547 | Average fusion training loss : 0.023869644738733767, val accuracy : 0.61272, best val accuracy : 0.6314
INFO flwr 2023-08-20 02:39:58,398 | common.py:35 | Avg. local train loss : 5.370851058512926, train acc : 0.7371777777777777
INFO flwr 2023-08-20 02:40:01,160 | server.py:116 | fit progress: (17, 1.212411996459961, {'server_test_acc': 0.6291}, 1562.2875409089029)
INFO flwr 2023-08-20 02:40:01,160 | server.py:163 | evaluate_round 17: no clients selected, cancel
DEBUG flwr 2023-08-20 02:40:07,336 | server.py:215 | fit_round 18: strategy sampled 8 clients (out of 20)
DEBUG flwr 2023-08-20 02:40:39,312 | server.py:229 | fit_round 18 received 8 results and 0 failures
INFO flwr 2023-08-20 02:40:39,462 | fed_df.py:463 | Performing server side distillation training...
[2m[36m(launch_and_fit pid=1914400)[0m Fitting Client 16
[2m[36m(launch_and_fit pid=1914397)[0m Fitting Client 12
[2m[36m(launch_and_fit pid=1914398)[0m Fitting Client 3
[2m[36m(launch_and_fit pid=1914539)[0m Fitting Client 14
[2m[36m(launch_and_fit pid=1914469)[0m Fitting Client 10
[2m[36m(launch_and_fit pid=1914538)[0m Fitting Client 7
[2m[36m(launch_and_fit pid=1914537)[0m Fitting Client 2
[2m[36m(launch_and_fit pid=1914540)[0m Fitting Client 19
[2m[36m(launch_and_fit pid=1914398)[0m malloc_consolidate(): invalid chunk size
[2m[36m(launch_and_fit pid=1914539)[0m malloc_consolidate(): invalid chunk size
[2m[36m(launch_and_fit pid=1914537)[0m malloc_consolidate(): invalid chunk size
[2m[36m(launch_and_fit pid=1914397)[0m malloc_consolidate(): invalid chunk size
[2m[36m(launch_and_fit pid=1914469)[0m corrupted size vs. prev_size in fastbins
[2m[36m(launch_and_fit pid=1914540)[0m double free or corruption (fasttop)
[2m[36m(launch_and_fit pid=1914538)[0m malloc_consolidate(): invalid chunk size
E0820 02:40:40.911991114 1895903 chttp2_transport.cc:1079]             ipv4:145.136.62.27:56566: Received a GOAWAY with error code ENHANCE_YOUR_CALM and debug data equal to "too_many_pings". Current keepalive time (before throttling): ∞
INFO flwr 2023-08-20 02:41:29,999 | fed_df.py:540 | Distillation training stopped at step number : 250
INFO flwr 2023-08-20 02:41:29,999 | fed_df.py:547 | Average fusion training loss : 0.03634693664312363, val accuracy : 0.62904, best val accuracy : 0.6344
INFO flwr 2023-08-20 02:41:30,000 | common.py:35 | Avg. local train loss : 5.139382494241, train acc : 0.7628666666666668
INFO flwr 2023-08-20 02:41:32,803 | server.py:116 | fit progress: (18, 1.2418871032714844, {'server_test_acc': 0.6285}, 1653.9300129786134)
INFO flwr 2023-08-20 02:41:32,803 | server.py:163 | evaluate_round 18: no clients selected, cancel
DEBUG flwr 2023-08-20 02:41:38,913 | server.py:215 | fit_round 19: strategy sampled 8 clients (out of 20)
[2m[36m(launch_and_fit pid=2049329)[0m malloc_consolidate(): invalid chunk size
[2m[36m(launch_and_fit pid=2049259)[0m malloc_consolidate(): invalid chunk size
DEBUG flwr 2023-08-20 02:42:11,522 | server.py:229 | fit_round 19 received 8 results and 0 failures
INFO flwr 2023-08-20 02:42:11,674 | fed_df.py:463 | Performing server side distillation training...
[2m[36m(launch_and_fit pid=2049259)[0m Fitting Client 17
[2m[36m(launch_and_fit pid=2049332)[0m Fitting Client 1
[2m[36m(launch_and_fit pid=2049329)[0m Fitting Client 16
[2m[36m(launch_and_fit pid=2049401)[0m Fitting Client 6
[2m[36m(launch_and_fit pid=2049369)[0m Fitting Client 8
[2m[36m(launch_and_fit pid=2049328)[0m Fitting Client 14
[2m[36m(launch_and_fit pid=2049331)[0m Fitting Client 10
[2m[36m(launch_and_fit pid=2049330)[0m Fitting Client 11
[2m[36m(launch_and_fit pid=2049401)[0m double free or corruption (fasttop)
[2m[36m(launch_and_fit pid=2049332)[0m malloc_consolidate(): invalid chunk size
[2m[36m(launch_and_fit pid=2049328)[0m malloc_consolidate(): invalid chunk size
[2m[36m(launch_and_fit pid=2049369)[0m malloc_consolidate(): invalid chunk size
[2m[36m(launch_and_fit pid=2049330)[0m corrupted size vs. prev_size in fastbins
E0820 02:42:13.205307828 2090177 chttp2_transport.cc:1079]             ipv4:145.136.62.27:56566: Received a GOAWAY with error code ENHANCE_YOUR_CALM and debug data equal to "too_many_pings". Current keepalive time (before throttling): ∞
E0820 02:42:13.205428583 2090177 chttp2_transport.cc:1079]             ipv4:145.136.62.27:56566: Received a GOAWAY with error code ENHANCE_YOUR_CALM and debug data equal to "too_many_pings". Current keepalive time (before throttling): ∞
E0820 02:42:13.205449635 2090177 chttp2_transport.cc:1079]             ipv4:145.136.62.27:56566: Received a GOAWAY with error code ENHANCE_YOUR_CALM and debug data equal to "too_many_pings". Current keepalive time (before throttling): ∞
E0820 02:42:13.205464310 2090177 chttp2_transport.cc:1079]             ipv4:145.136.62.27:56566: Received a GOAWAY with error code ENHANCE_YOUR_CALM and debug data equal to "too_many_pings". Current keepalive time (before throttling): ∞
[2m[36m(launch_and_fit pid=2049331)[0m malloc_consolidate(): invalid chunk size
INFO flwr 2023-08-20 02:43:02,547 | fed_df.py:540 | Distillation training stopped at step number : 250
INFO flwr 2023-08-20 02:43:02,548 | fed_df.py:547 | Average fusion training loss : 0.024330143474042415, val accuracy : 0.64368, best val accuracy : 0.6494
INFO flwr 2023-08-20 02:43:02,549 | common.py:35 | Avg. local train loss : 5.266642161458731, train acc : 0.7478666666666667
INFO flwr 2023-08-20 02:43:05,353 | server.py:116 | fit progress: (19, 1.2125755340576172, {'server_test_acc': 0.6366}, 1746.4807353476062)
INFO flwr 2023-08-20 02:43:05,354 | server.py:163 | evaluate_round 19: no clients selected, cancel
DEBUG flwr 2023-08-20 02:43:11,563 | server.py:215 | fit_round 20: strategy sampled 8 clients (out of 20)
[2m[36m(launch_and_fit pid=2184126)[0m malloc_consolidate(): invalid chunk size
DEBUG flwr 2023-08-20 02:43:44,365 | server.py:229 | fit_round 20 received 8 results and 0 failures
INFO flwr 2023-08-20 02:43:44,474 | fed_df.py:365 | Warm start at round 20
INFO flwr 2023-08-20 02:43:44,573 | fed_df.py:463 | Performing server side distillation training...
[2m[36m(launch_and_fit pid=2184126)[0m Fitting Client 7
[2m[36m(launch_and_fit pid=2184131)[0m Fitting Client 12
[2m[36m(launch_and_fit pid=2184130)[0m Fitting Client 9
[2m[36m(launch_and_fit pid=2184133)[0m Fitting Client 5
[2m[36m(launch_and_fit pid=2184129)[0m Fitting Client 10
[2m[36m(launch_and_fit pid=2184132)[0m Fitting Client 0
[2m[36m(launch_and_fit pid=2184134)[0m Fitting Client 16
[2m[36m(launch_and_fit pid=2184135)[0m Fitting Client 11
[2m[36m(launch_and_fit pid=2184131)[0m double free or corruption (fasttop)
[2m[36m(launch_and_fit pid=2184133)[0m malloc_consolidate(): invalid chunk size
[2m[36m(launch_and_fit pid=2184130)[0m malloc_consolidate(): invalid chunk size
[2m[36m(launch_and_fit pid=2184135)[0m double free or corruption (fasttop)
E0820 02:43:46.219522428 2091275 chttp2_transport.cc:1079]             ipv4:145.136.62.27:56566: Received a GOAWAY with error code ENHANCE_YOUR_CALM and debug data equal to "too_many_pings". Current keepalive time (before throttling): ∞
[2m[36m(launch_and_fit pid=2184134)[0m malloc_consolidate(): invalid chunk size
[2m[36m(launch_and_fit pid=2184129)[0m corrupted size vs. prev_size in fastbins
[2m[36m(launch_and_fit pid=2184132)[0m malloc_consolidate(): invalid chunk size
INFO flwr 2023-08-20 02:44:40,819 | fed_df.py:540 | Distillation training stopped at step number : 250
INFO flwr 2023-08-20 02:44:40,819 | fed_df.py:547 | Average fusion training loss : 0.025315797477960585, val accuracy : 0.65752, best val accuracy : 0.666
INFO flwr 2023-08-20 02:44:40,821 | common.py:35 | Avg. local train loss : 5.468007649481296, train acc : 0.7295
INFO flwr 2023-08-20 02:44:43,655 | server.py:116 | fit progress: (20, 1.1989886871337891, {'server_test_acc': 0.654}, 1844.7822365700267)
INFO flwr 2023-08-20 02:44:43,655 | server.py:163 | evaluate_round 20: no clients selected, cancel
DEBUG flwr 2023-08-20 02:44:49,879 | server.py:215 | fit_round 21: strategy sampled 8 clients (out of 20)
[2m[36m(launch_and_fit pid=2335520)[0m malloc_consolidate(): invalid chunk size
DEBUG flwr 2023-08-20 02:45:23,472 | server.py:229 | fit_round 21 received 8 results and 0 failures
INFO flwr 2023-08-20 02:45:23,612 | fed_df.py:463 | Performing server side distillation training...
[2m[36m(launch_and_fit pid=2335520)[0m Fitting Client 3
[2m[36m(launch_and_fit pid=2335566)[0m Fitting Client 12
[2m[36m(launch_and_fit pid=2335615)[0m Fitting Client 16
[2m[36m(launch_and_fit pid=2335615)[0m 
[2m[36m(launch_and_fit pid=2335564)[0m Fitting Client 10
[2m[36m(launch_and_fit pid=2335522)[0m Fitting Client 2
[2m[36m(launch_and_fit pid=2335613)[0m Fitting Client 7
[2m[36m(launch_and_fit pid=2335614)[0m Fitting Client 5
[2m[36m(launch_and_fit pid=2335519)[0m Fitting Client 11
[2m[36m(launch_and_fit pid=2335613)[0m malloc_consolidate(): invalid chunk size
[2m[36m(launch_and_fit pid=2335615)[0m malloc_consolidate(): invalid chunk size
E0820 02:45:24.252124920 2228691 chttp2_transport.cc:1079]             ipv4:145.136.62.27:56566: Received a GOAWAY with error code ENHANCE_YOUR_CALM and debug data equal to "too_many_pings". Current keepalive time (before throttling): ∞
[2m[36m(launch_and_fit pid=2335566)[0m malloc_consolidate(): invalid chunk size
[2m[36m(launch_and_fit pid=2335564)[0m double free or corruption (fasttop)
[2m[36m(launch_and_fit pid=2335519)[0m malloc_consolidate(): invalid chunk size
[2m[36m(launch_and_fit pid=2335614)[0m malloc_consolidate(): invalid chunk size
[2m[36m(launch_and_fit pid=2335522)[0m malloc_consolidate(): invalid chunk size
INFO flwr 2023-08-20 02:46:14,548 | fed_df.py:540 | Distillation training stopped at step number : 250
INFO flwr 2023-08-20 02:46:14,548 | fed_df.py:547 | Average fusion training loss : 0.02525004695355892, val accuracy : 0.66404, best val accuracy : 0.6672
INFO flwr 2023-08-20 02:46:14,549 | common.py:35 | Avg. local train loss : 5.3141353815793995, train acc : 0.746738888888889
INFO flwr 2023-08-20 02:46:17,324 | server.py:116 | fit progress: (21, 1.2359676635742187, {'server_test_acc': 0.6543}, 1938.4512435230426)
INFO flwr 2023-08-20 02:46:17,324 | server.py:163 | evaluate_round 21: no clients selected, cancel
DEBUG flwr 2023-08-20 02:46:23,491 | server.py:215 | fit_round 22: strategy sampled 8 clients (out of 20)
DEBUG flwr 2023-08-20 02:46:57,599 | server.py:229 | fit_round 22 received 8 results and 0 failures
INFO flwr 2023-08-20 02:46:57,739 | fed_df.py:463 | Performing server side distillation training...
[2m[36m(launch_and_fit pid=2482261)[0m Fitting Client 17
[2m[36m(launch_and_fit pid=2482238)[0m Fitting Client 0
[2m[36m(launch_and_fit pid=2482233)[0m Fitting Client 14
[2m[36m(launch_and_fit pid=2482284)[0m Fitting Client 19
[2m[36m(launch_and_fit pid=2482076)[0m Fitting Client 12
[2m[36m(launch_and_fit pid=2482266)[0m Fitting Client 4
[2m[36m(launch_and_fit pid=2482077)[0m Fitting Client 3
[2m[36m(launch_and_fit pid=2482267)[0m Fitting Client 1
[2m[36m(launch_and_fit pid=2482261)[0m malloc_consolidate(): invalid chunk size
[2m[36m(launch_and_fit pid=2482238)[0m double free or corruption (fasttop)
[2m[36m(launch_and_fit pid=2482284)[0m malloc_consolidate(): invalid chunk size
[2m[36m(launch_and_fit pid=2482076)[0m malloc_consolidate(): invalid chunk size
[2m[36m(launch_and_fit pid=2482077)[0m malloc_consolidate(): invalid chunk size
[2m[36m(launch_and_fit pid=2482266)[0m double free or corruption (fasttop)
E0820 02:47:00.143290193 2390993 chttp2_transport.cc:1079]             ipv4:145.136.62.27:56566: Received a GOAWAY with error code ENHANCE_YOUR_CALM and debug data equal to "too_many_pings". Current keepalive time (before throttling): ∞
[2m[36m(launch_and_fit pid=2482267)[0m malloc_consolidate(): invalid chunk size
[2m[36m(launch_and_fit pid=2482233)[0m malloc_consolidate(): invalid chunk size
INFO flwr 2023-08-20 02:47:48,071 | fed_df.py:540 | Distillation training stopped at step number : 250
INFO flwr 2023-08-20 02:47:48,072 | fed_df.py:547 | Average fusion training loss : 0.03146818491816521, val accuracy : 0.6229999999999999, best val accuracy : 0.635
INFO flwr 2023-08-20 02:47:48,073 | common.py:35 | Avg. local train loss : 4.992364552617073, train acc : 0.7757388888888889
INFO flwr 2023-08-20 02:47:50,951 | server.py:116 | fit progress: (22, 1.2393422180175782, {'server_test_acc': 0.6243}, 2032.0784814069048)
INFO flwr 2023-08-20 02:47:50,951 | server.py:163 | evaluate_round 22: no clients selected, cancel
DEBUG flwr 2023-08-20 02:47:56,987 | server.py:215 | fit_round 23: strategy sampled 8 clients (out of 20)
[2m[36m(launch_and_fit pid=2615515)[0m malloc_consolidate(): invalid chunk size
[2m[36m(launch_and_fit pid=2615516)[0m malloc_consolidate(): invalid chunk size
DEBUG flwr 2023-08-20 02:48:31,885 | server.py:229 | fit_round 23 received 8 results and 0 failures
[2m[36m(launch_and_fit pid=2615518)[0m double free or corruption (fasttop)
INFO flwr 2023-08-20 02:48:32,027 | fed_df.py:463 | Performing server side distillation training...
[2m[36m(launch_and_fit pid=2615512)[0m Fitting Client 19
[2m[36m(launch_and_fit pid=2615517)[0m Fitting Client 6
[2m[36m(launch_and_fit pid=2615516)[0m Fitting Client 4
[2m[36m(launch_and_fit pid=2615518)[0m Fitting Client 11
[2m[36m(launch_and_fit pid=2615515)[0m Fitting Client 9
[2m[36m(launch_and_fit pid=2615514)[0m Fitting Client 3
[2m[36m(launch_and_fit pid=2615520)[0m Fitting Client 16
[2m[36m(launch_and_fit pid=2615519)[0m Fitting Client 17
[2m[36m(launch_and_fit pid=2615517)[0m malloc_consolidate(): invalid chunk size
[2m[36m(launch_and_fit pid=2615519)[0m double free or corruption (fasttop)
[2m[36m(launch_and_fit pid=2615520)[0m double free or corruption (fasttop)
E0820 02:48:33.146712069 2669613 chttp2_transport.cc:1079]             ipv4:145.136.62.27:56566: Received a GOAWAY with error code ENHANCE_YOUR_CALM and debug data equal to "too_many_pings". Current keepalive time (before throttling): ∞
[2m[36m(launch_and_fit pid=2615514)[0m double free or corruption (fasttop)
[2m[36m(launch_and_fit pid=2615512)[0m malloc_consolidate(): invalid chunk size
INFO flwr 2023-08-20 02:49:22,251 | fed_df.py:540 | Distillation training stopped at step number : 250
INFO flwr 2023-08-20 02:49:22,252 | fed_df.py:547 | Average fusion training loss : 0.03387797146290541, val accuracy : 0.6133599999999999, best val accuracy : 0.6232
INFO flwr 2023-08-20 02:49:22,253 | common.py:35 | Avg. local train loss : 5.04123333916068, train acc : 0.7719944444444444
INFO flwr 2023-08-20 02:49:24,999 | server.py:116 | fit progress: (23, 1.236021563720703, {'server_test_acc': 0.6173}, 2126.1267956248485)
INFO flwr 2023-08-20 02:49:25,000 | server.py:163 | evaluate_round 23: no clients selected, cancel
DEBUG flwr 2023-08-20 02:49:31,402 | server.py:215 | fit_round 24: strategy sampled 8 clients (out of 20)
[2m[36m(launch_and_fit pid=2749243)[0m malloc_consolidate(): invalid chunk size
DEBUG flwr 2023-08-20 02:50:04,795 | server.py:229 | fit_round 24 received 8 results and 0 failures
[2m[36m(launch_and_fit pid=2749241)[0m double free or corruption (fasttop)
INFO flwr 2023-08-20 02:50:04,936 | fed_df.py:463 | Performing server side distillation training...
[2m[36m(launch_and_fit pid=2749241)[0m Fitting Client 8
[2m[36m(launch_and_fit pid=2749240)[0m Fitting Client 5
[2m[36m(launch_and_fit pid=2749243)[0m Fitting Client 1
[2m[36m(launch_and_fit pid=2749242)[0m Fitting Client 4
[2m[36m(launch_and_fit pid=2749247)[0m Fitting Client 15
[2m[36m(launch_and_fit pid=2749245)[0m Fitting Client 9
[2m[36m(launch_and_fit pid=2749244)[0m Fitting Client 10
[2m[36m(launch_and_fit pid=2749246)[0m Fitting Client 2
[2m[36m(launch_and_fit pid=2749242)[0m double free or corruption (fasttop)
[2m[36m(launch_and_fit pid=2749240)[0m malloc_consolidate(): invalid chunk size
E0820 02:50:05.347150108 2669883 chttp2_transport.cc:1079]             ipv4:145.136.62.27:56566: Received a GOAWAY with error code ENHANCE_YOUR_CALM and debug data equal to "too_many_pings". Current keepalive time (before throttling): ∞
[2m[36m(launch_and_fit pid=2749245)[0m malloc_consolidate(): invalid chunk size
[2m[36m(launch_and_fit pid=2749247)[0m double free or corruption (fasttop)
[2m[36m(launch_and_fit pid=2749244)[0m double free or corruption (fasttop)
[2m[36m(launch_and_fit pid=2749246)[0m malloc_consolidate(): invalid chunk size
INFO flwr 2023-08-20 02:50:59,956 | fed_df.py:540 | Distillation training stopped at step number : 250
INFO flwr 2023-08-20 02:50:59,957 | fed_df.py:547 | Average fusion training loss : 0.023073467209935188, val accuracy : 0.6444, best val accuracy : 0.656
INFO flwr 2023-08-20 02:50:59,958 | common.py:35 | Avg. local train loss : 5.374364414811135, train acc : 0.7390777777777778
INFO flwr 2023-08-20 02:51:02,710 | server.py:116 | fit progress: (24, 1.219679718017578, {'server_test_acc': 0.648}, 2223.837254041806)
INFO flwr 2023-08-20 02:51:02,710 | server.py:163 | evaluate_round 24: no clients selected, cancel
DEBUG flwr 2023-08-20 02:51:08,755 | server.py:215 | fit_round 25: strategy sampled 8 clients (out of 20)
DEBUG flwr 2023-08-20 02:51:41,828 | server.py:229 | fit_round 25 received 8 results and 0 failures
INFO flwr 2023-08-20 02:51:41,937 | fed_df.py:365 | Warm start at round 25
[2m[36m(launch_and_fit pid=2883796)[0m malloc_consolidate(): invalid chunk size
INFO flwr 2023-08-20 02:51:42,032 | fed_df.py:463 | Performing server side distillation training...
[2m[36m(launch_and_fit pid=2884063)[0m Fitting Client 0
[2m[36m(launch_and_fit pid=2884059)[0m Fitting Client 18
[2m[36m(launch_and_fit pid=2883793)[0m Fitting Client 17
[2m[36m(launch_and_fit pid=2884064)[0m Fitting Client 15
[2m[36m(launch_and_fit pid=2883796)[0m Fitting Client 4
[2m[36m(launch_and_fit pid=2883791)[0m Fitting Client 14
[2m[36m(launch_and_fit pid=2883792)[0m Fitting Client 9
[2m[36m(launch_and_fit pid=2883794)[0m Fitting Client 6
[2m[36m(launch_and_fit pid=2883793)[0m malloc_consolidate(): invalid chunk size
[2m[36m(launch_and_fit pid=2884059)[0m malloc_consolidate(): invalid chunk size
[2m[36m(launch_and_fit pid=2883792)[0m double free or corruption (fasttop)
[2m[36m(launch_and_fit pid=2884063)[0m malloc_consolidate(): invalid chunk size
[2m[36m(launch_and_fit pid=2883794)[0m malloc_consolidate(): invalid chunk size
[2m[36m(launch_and_fit pid=2883791)[0m double free or corruption (fasttop)
E0820 02:51:43.984512432 2803055 chttp2_transport.cc:1079]             ipv4:145.136.62.27:56566: Received a GOAWAY with error code ENHANCE_YOUR_CALM and debug data equal to "too_many_pings". Current keepalive time (before throttling): ∞
[2m[36m(launch_and_fit pid=2884064)[0m malloc_consolidate(): invalid chunk size
INFO flwr 2023-08-20 02:52:31,961 | fed_df.py:540 | Distillation training stopped at step number : 250
INFO flwr 2023-08-20 02:52:31,962 | fed_df.py:547 | Average fusion training loss : 0.031962525352835655, val accuracy : 0.63356, best val accuracy : 0.6426
INFO flwr 2023-08-20 02:52:31,963 | common.py:35 | Avg. local train loss : 5.122479504346847, train acc : 0.761788888888889
INFO flwr 2023-08-20 02:52:34,743 | server.py:116 | fit progress: (25, 1.2628457855224609, {'server_test_acc': 0.6328}, 2315.8703739219345)
INFO flwr 2023-08-20 02:52:34,743 | server.py:163 | evaluate_round 25: no clients selected, cancel
DEBUG flwr 2023-08-20 02:52:40,930 | server.py:215 | fit_round 26: strategy sampled 8 clients (out of 20)
DEBUG flwr 2023-08-20 02:53:13,110 | server.py:229 | fit_round 26 received 8 results and 0 failures
INFO flwr 2023-08-20 02:53:13,251 | fed_df.py:463 | Performing server side distillation training...
[2m[36m(launch_and_fit pid=3017822)[0m Fitting Client 15
[2m[36m(launch_and_fit pid=3017824)[0m Fitting Client 12
[2m[36m(launch_and_fit pid=3017825)[0m Fitting Client 1
[2m[36m(launch_and_fit pid=3017828)[0m Fitting Client 13
[2m[36m(launch_and_fit pid=3017829)[0m Fitting Client 8
[2m[36m(launch_and_fit pid=3017830)[0m Fitting Client 5
[2m[36m(launch_and_fit pid=3017832)[0m Fitting Client 9
[2m[36m(launch_and_fit pid=3017831)[0m Fitting Client 6
[2m[36m(launch_and_fit pid=3017830)[0m double free or corruption (fasttop)
[2m[36m(launch_and_fit pid=3017829)[0m malloc_consolidate(): invalid chunk size
[2m[36m(launch_and_fit pid=3017831)[0m malloc_consolidate(): invalid chunk size
[2m[36m(launch_and_fit pid=3017824)[0m malloc_consolidate(): invalid chunk size
[2m[36m(launch_and_fit pid=3017832)[0m malloc_consolidate(): invalid chunk size
[2m[36m(launch_and_fit pid=3017828)[0m double free or corruption (fasttop)
[2m[36m(launch_and_fit pid=3017825)[0m malloc_consolidate(): invalid chunk size
[2m[36m(launch_and_fit pid=3017822)[0m malloc_consolidate(): invalid chunk size
INFO flwr 2023-08-20 02:54:03,343 | fed_df.py:540 | Distillation training stopped at step number : 250
INFO flwr 2023-08-20 02:54:03,344 | fed_df.py:547 | Average fusion training loss : 0.027944790214300155, val accuracy : 0.6570400000000001, best val accuracy : 0.6622
INFO flwr 2023-08-20 02:54:03,345 | common.py:35 | Avg. local train loss : 5.238103143125773, train acc : 0.7528166666666668
INFO flwr 2023-08-20 02:54:06,077 | server.py:116 | fit progress: (26, 1.2501299224853515, {'server_test_acc': 0.6486}, 2407.2046885727905)
INFO flwr 2023-08-20 02:54:06,078 | server.py:163 | evaluate_round 26: no clients selected, cancel
DEBUG flwr 2023-08-20 02:54:12,225 | server.py:215 | fit_round 27: strategy sampled 8 clients (out of 20)
DEBUG flwr 2023-08-20 02:54:44,404 | server.py:229 | fit_round 27 received 8 results and 0 failures
INFO flwr 2023-08-20 02:54:44,558 | fed_df.py:463 | Performing server side distillation training...
[2m[36m(launch_and_fit pid=3150908)[0m Fitting Client 14
[2m[36m(launch_and_fit pid=3150907)[0m Fitting Client 15
[2m[36m(launch_and_fit pid=3150905)[0m Fitting Client 3
[2m[36m(launch_and_fit pid=3150909)[0m Fitting Client 8
[2m[36m(launch_and_fit pid=3150912)[0m Fitting Client 13
[2m[36m(launch_and_fit pid=3150914)[0m Fitting Client 4
[2m[36m(launch_and_fit pid=3150911)[0m Fitting Client 6
[2m[36m(launch_and_fit pid=3150913)[0m Fitting Client 18
[2m[36m(launch_and_fit pid=3150913)[0m malloc_consolidate(): invalid chunk size
[2m[36m(launch_and_fit pid=3150911)[0m malloc_consolidate(): invalid chunk size
[2m[36m(launch_and_fit pid=3150908)[0m malloc_consolidate(): invalid chunk size
[2m[36m(launch_and_fit pid=3150907)[0m malloc_consolidate(): invalid chunk size
[2m[36m(launch_and_fit pid=3150912)[0m malloc_consolidate(): invalid chunk size
[2m[36m(launch_and_fit pid=3150909)[0m malloc_consolidate(): invalid chunk size
[2m[36m(launch_and_fit pid=3150905)[0m malloc_consolidate(): invalid chunk size
[2m[36m(launch_and_fit pid=3150914)[0m double free or corruption (fasttop)
E0820 02:54:47.201858390 2944333 chttp2_transport.cc:1079]             ipv4:145.136.62.27:56566: Received a GOAWAY with error code ENHANCE_YOUR_CALM and debug data equal to "too_many_pings". Current keepalive time (before throttling): ∞
INFO flwr 2023-08-20 02:55:34,114 | fed_df.py:540 | Distillation training stopped at step number : 250
INFO flwr 2023-08-20 02:55:34,114 | fed_df.py:547 | Average fusion training loss : 0.024296530365943907, val accuracy : 0.6164400000000001, best val accuracy : 0.6238
INFO flwr 2023-08-20 02:55:34,115 | common.py:35 | Avg. local train loss : 5.024456258863211, train acc : 0.7742888888888889
INFO flwr 2023-08-20 02:55:36,862 | server.py:116 | fit progress: (27, 1.3100096099853515, {'server_test_acc': 0.6148}, 2497.989771327004)
INFO flwr 2023-08-20 02:55:36,863 | server.py:163 | evaluate_round 27: no clients selected, cancel
DEBUG flwr 2023-08-20 02:55:43,272 | server.py:215 | fit_round 28: strategy sampled 8 clients (out of 20)
DEBUG flwr 2023-08-20 02:56:15,592 | server.py:229 | fit_round 28 received 8 results and 0 failures
[2m[36m(launch_and_fit pid=3283972)[0m double free or corruption (fasttop)
INFO flwr 2023-08-20 02:56:15,736 | fed_df.py:463 | Performing server side distillation training...
[2m[36m(launch_and_fit pid=3283968)[0m Fitting Client 3
[2m[36m(launch_and_fit pid=3283972)[0m Fitting Client 15
[2m[36m(launch_and_fit pid=3283973)[0m Fitting Client 9
[2m[36m(launch_and_fit pid=3283969)[0m Fitting Client 13
[2m[36m(launch_and_fit pid=3283975)[0m Fitting Client 8
[2m[36m(launch_and_fit pid=3283977)[0m Fitting Client 11
[2m[36m(launch_and_fit pid=3283970)[0m Fitting Client 14
[2m[36m(launch_and_fit pid=3283971)[0m Fitting Client 7
[2m[36m(launch_and_fit pid=3283973)[0m malloc_consolidate(): invalid chunk size
E0820 02:56:16.151881055 3213120 chttp2_transport.cc:1079]             ipv4:145.136.62.27:56566: Received a GOAWAY with error code ENHANCE_YOUR_CALM and debug data equal to "too_many_pings". Current keepalive time (before throttling): ∞
[2m[36m(launch_and_fit pid=3283977)[0m malloc_consolidate(): invalid chunk size
[2m[36m(launch_and_fit pid=3283968)[0m malloc_consolidate(): invalid chunk size
[2m[36m(launch_and_fit pid=3283975)[0m malloc_consolidate(): invalid chunk size
[2m[36m(launch_and_fit pid=3283969)[0m malloc_consolidate(): invalid chunk size
[2m[36m(launch_and_fit pid=3283970)[0m malloc_consolidate(): invalid chunk size
[2m[36m(launch_and_fit pid=3283971)[0m malloc_consolidate(): invalid chunk size
INFO flwr 2023-08-20 02:57:05,376 | fed_df.py:540 | Distillation training stopped at step number : 250
INFO flwr 2023-08-20 02:57:05,376 | fed_df.py:547 | Average fusion training loss : 0.027152653634548187, val accuracy : 0.6662800000000001, best val accuracy : 0.6838
INFO flwr 2023-08-20 02:57:05,377 | common.py:35 | Avg. local train loss : 5.1551058031618595, train acc : 0.7631944444444445
INFO flwr 2023-08-20 02:57:08,142 | server.py:116 | fit progress: (28, 1.2246059783935548, {'server_test_acc': 0.6702}, 2589.2689539496787)
INFO flwr 2023-08-20 02:57:08,142 | server.py:163 | evaluate_round 28: no clients selected, cancel
DEBUG flwr 2023-08-20 02:57:14,197 | server.py:215 | fit_round 29: strategy sampled 8 clients (out of 20)
[2m[36m(launch_and_fit pid=3417346)[0m double free or corruption (fasttop)
[2m[36m(launch_and_fit pid=3417348)[0m malloc_consolidate(): invalid chunk size
DEBUG flwr 2023-08-20 02:57:47,897 | server.py:229 | fit_round 29 received 8 results and 0 failures
INFO flwr 2023-08-20 02:57:48,038 | fed_df.py:463 | Performing server side distillation training...
[2m[36m(launch_and_fit pid=3417347)[0m Fitting Client 14
[2m[36m(launch_and_fit pid=3417348)[0m Fitting Client 10
[2m[36m(launch_and_fit pid=3417346)[0m Fitting Client 13
[2m[36m(launch_and_fit pid=3417345)[0m Fitting Client 15
[2m[36m(launch_and_fit pid=3417341)[0m Fitting Client 18
[2m[36m(launch_and_fit pid=3417339)[0m Fitting Client 2
[2m[36m(launch_and_fit pid=3417344)[0m Fitting Client 3
[2m[36m(launch_and_fit pid=3417340)[0m Fitting Client 16
[2m[36m(launch_and_fit pid=3417339)[0m malloc_consolidate(): invalid chunk size
[2m[36m(launch_and_fit pid=3417345)[0m malloc_consolidate(): invalid chunk size
[2m[36m(launch_and_fit pid=3417347)[0m malloc_consolidate(): invalid chunk size
[2m[36m(launch_and_fit pid=3417341)[0m double free or corruption (fasttop)
[2m[36m(launch_and_fit pid=3417340)[0m malloc_consolidate(): invalid chunk size
[2m[36m(launch_and_fit pid=3417344)[0m double free or corruption (fasttop)
E0820 02:57:49.463866520 2476971 chttp2_transport.cc:1079]             ipv4:145.136.62.27:56566: Received a GOAWAY with error code ENHANCE_YOUR_CALM and debug data equal to "too_many_pings". Current keepalive time (before throttling): ∞
E0820 02:57:49.463955072 2476971 chttp2_transport.cc:1079]             ipv4:145.136.62.27:56566: Received a GOAWAY with error code ENHANCE_YOUR_CALM and debug data equal to "too_many_pings". Current keepalive time (before throttling): ∞
INFO flwr 2023-08-20 02:58:38,021 | fed_df.py:540 | Distillation training stopped at step number : 250
INFO flwr 2023-08-20 02:58:38,022 | fed_df.py:547 | Average fusion training loss : 0.02570469468086958, val accuracy : 0.6496, best val accuracy : 0.664
INFO flwr 2023-08-20 02:58:38,023 | common.py:35 | Avg. local train loss : 5.091703373193741, train acc : 0.7689444444444445
INFO flwr 2023-08-20 02:58:40,776 | server.py:116 | fit progress: (29, 1.239256283569336, {'server_test_acc': 0.6521}, 2681.9036118858494)
INFO flwr 2023-08-20 02:58:40,777 | server.py:163 | evaluate_round 29: no clients selected, cancel
DEBUG flwr 2023-08-20 02:58:47,306 | server.py:215 | fit_round 30: strategy sampled 8 clients (out of 20)
DEBUG flwr 2023-08-20 02:59:21,107 | server.py:229 | fit_round 30 received 8 results and 0 failures
[2m[36m(launch_and_fit pid=3553651)[0m malloc_consolidate(): invalid chunk size
INFO flwr 2023-08-20 02:59:21,217 | fed_df.py:365 | Warm start at round 30
INFO flwr 2023-08-20 02:59:21,306 | fed_df.py:463 | Performing server side distillation training...
[2m[36m(launch_and_fit pid=3553651)[0m Fitting Client 19
[2m[36m(launch_and_fit pid=3553496)[0m Fitting Client 2
[2m[36m(launch_and_fit pid=3553503)[0m Fitting Client 10
[2m[36m(launch_and_fit pid=3553771)[0m Fitting Client 9
[2m[36m(launch_and_fit pid=3553659)[0m Fitting Client 18
[2m[36m(launch_and_fit pid=3553499)[0m Fitting Client 4
[2m[36m(launch_and_fit pid=3553500)[0m Fitting Client 14
[2m[36m(launch_and_fit pid=3553772)[0m Fitting Client 8
[2m[36m(launch_and_fit pid=3553499)[0m malloc_consolidate(): invalid chunk size
[2m[36m(launch_and_fit pid=3553659)[0m double free or corruption (fasttop)
[2m[36m(launch_and_fit pid=3553496)[0m malloc_consolidate(): invalid chunk size
[2m[36m(launch_and_fit pid=3553500)[0m malloc_consolidate(): invalid chunk size
[2m[36m(launch_and_fit pid=3553772)[0m malloc_consolidate(): invalid chunk size
[2m[36m(launch_and_fit pid=3553503)[0m double free or corruption (fasttop)
[2m[36m(launch_and_fit pid=3553771)[0m double free or corruption (fasttop)
E0820 02:59:24.997647867 3479186 chttp2_transport.cc:1079]             ipv4:145.136.62.27:56566: Received a GOAWAY with error code ENHANCE_YOUR_CALM and debug data equal to "too_many_pings". Current keepalive time (before throttling): ∞
INFO flwr 2023-08-20 03:00:10,974 | fed_df.py:540 | Distillation training stopped at step number : 250
INFO flwr 2023-08-20 03:00:10,974 | fed_df.py:547 | Average fusion training loss : 0.033020751036703586, val accuracy : 0.62156, best val accuracy : 0.6312
INFO flwr 2023-08-20 03:00:10,975 | common.py:35 | Avg. local train loss : 4.7115879043936735, train acc : 0.80555
INFO flwr 2023-08-20 03:00:13,713 | server.py:116 | fit progress: (30, 1.3094872894287108, {'server_test_acc': 0.6212}, 2774.840493777767)
INFO flwr 2023-08-20 03:00:13,713 | server.py:163 | evaluate_round 30: no clients selected, cancel
INFO flwr 2023-08-20 03:00:13,713 | server.py:144 | FL finished in 2774.8408538638614
INFO flwr 2023-08-20 03:00:13,714 | app.py:202 | app_fit: losses_distributed []
INFO flwr 2023-08-20 03:00:13,715 | app.py:203 | app_fit: metrics_distributed {}
INFO flwr 2023-08-20 03:00:13,715 | app.py:204 | app_fit: losses_centralized [(0, 2.319245477294922), (1, 2.096103240966797), (2, 1.8282387969970704), (3, 1.728647640991211), (4, 1.758648486328125), (5, 1.5936882659912108), (6, 1.5901689208984375), (7, 1.4756210510253907), (8, 1.4501516723632812), (9, 1.4964217834472657), (10, 1.313428128051758), (11, 1.2436893585205078), (12, 1.2957082244873046), (13, 1.3538400939941406), (14, 1.2070506866455077), (15, 1.2359311279296874), (16, 1.2735486358642578), (17, 1.212411996459961), (18, 1.2418871032714844), (19, 1.2125755340576172), (20, 1.1989886871337891), (21, 1.2359676635742187), (22, 1.2393422180175782), (23, 1.236021563720703), (24, 1.219679718017578), (25, 1.2628457855224609), (26, 1.2501299224853515), (27, 1.3100096099853515), (28, 1.2246059783935548), (29, 1.239256283569336), (30, 1.3094872894287108)]
INFO flwr 2023-08-20 03:00:13,715 | app.py:205 | app_fit: metrics_centralized {'server_test_acc': [(0, 0.0811), (1, 0.2947), (2, 0.3422), (3, 0.3952), (4, 0.3937), (5, 0.4399), (6, 0.4523), (7, 0.5002), (8, 0.5216), (9, 0.5091), (10, 0.579), (11, 0.6107), (12, 0.5901), (13, 0.5727), (14, 0.6131), (15, 0.6149), (16, 0.615), (17, 0.6291), (18, 0.6285), (19, 0.6366), (20, 0.654), (21, 0.6543), (22, 0.6243), (23, 0.6173), (24, 0.648), (25, 0.6328), (26, 0.6486), (27, 0.6148), (28, 0.6702), (29, 0.6521), (30, 0.6212)]}
double free or corruption (fasttop)
srun: error: gcn27: task 0: Aborted
srun: Terminating StepId=3425353.1
-----EXPERIMENT ENDS-----
-----CLEANING UP DISK------
-----END-----

JOB STATISTICS
==============
Job ID: 3425353
Cluster: snellius
User/Group: sunnys/sunnys
State: COMPLETED (exit code 0)
Nodes: 1
Cores per node: 18
CPU Utilized: 01:56:21
CPU Efficiency: 12.85% of 15:05:24 core-walltime
Job Wall-clock time: 00:50:18
Memory Utilized: 48.38 GB
Memory Efficiency: 40.32% of 120.00 GB
