-----BEGIN-----
-----SETTINGS-----
TOTAL CROPS:100000
STRATEGY:feddf
MODEL_NAME:resnet8
NUM_CLIENTS:20
NUM_ROUNDS:30
FRACTION_FIT:0.4
FRACTION_EVALUATE:0.0
DATASET_NAME:cifar100
PARTITION_ALPHA:100.0
PARTITION_VAL_RATIO:0.1
BATCH_SIZE:512
LOCAL_EPOCHS:20
LOCAL_LR:0.01
DISTILL_BATCH_SIZE:512
SERVER_LR:0.005
SERVER_STEPS:250
SERVER_EARLY_STEPS:1000
USE_EARLY_STOPPING:False
USE_ADAPTIVE_LR:False
USE_ADAPTIVE_LR_ROUND:False
SEED:42
CUDA_DETERMINISTIC:False
USE_CROPS:True
IMG_NAME:ameyoko.jpg
DISTILL_DATASET:cifar10
DISTILL_ALPHA:1.0
NUM_DISTILL_IMAGES:10000
DISTILL_TRANSFORMS:v0
WARM_START:True
WARM_START_ROUNDS:1
WARM_START_INTERVAL:1
KMEANS_N_CLUSTER:5
KMEANS_HEURISTICS:easy
KMEANS_MIXED_FACTOR:50-50
KMEANS_BALANCING:0.25
CONFIDENCE_THRESHOLD:0.1
CONFIDENCE_STRATEGY:top
CONFIDENCE_ADAPTIVE:True
CONFIDENCE_MAX_THRESH:0.5
CLIPPING_FACTOR:2.5
FEDPROX_FACTOR:0.0
FEDPROX_ADAPTIVE:False
USE_CLIPPING:True
USE_ENTROPY:False
USE_KMEANS:True
USE_FEDPROX:False
-----SETTINGS END-----
-----EXPERIMENT BEGINS-----
---------
Generating crops for FedDF
Namespace(img_size=32, batch_size=32, num_imgs=100000, threads=18, vflip=False, deg=30, shear=30, cropfirst=True, initcrop=0.5, scale=[500, 1], randinterp=False, debug=False, imgpath='./static/single_images/ameyoko.jpg', targetpath='/scratch-local/sunnys.3342159/1692105554_391954110', seed=42, img_per_thread=5555)
will save 100000 patches in /scratch-local/sunnys.3342159/1692105554_391954110/single_img_crops/crops
100000 took 0.90min with 18 threads
---------
Simulating feddf training
INFO simulate 2023-08-15 15:20:24,624 | simulate.py:50 | Python script started : simulate.py
DEBUG simulate 2023-08-15 15:20:24,624 | simulate.py:55 | Reading args from argument parser
Downloading https://www.cs.toronto.edu/~kriz/cifar-100-python.tar.gz to /scratch-local/sunnys.3342159/1692105554_391954110/cifar-100-python.tar.gz
Extracting /scratch-local/sunnys.3342159/1692105554_391954110/cifar-100-python.tar.gz to /scratch-local/sunnys.3342159/1692105554_391954110
Generating unified cifar100 dataset
Class histogram for 0-th partition (alpha=100.0, 100 classes): [26 20 14 17 24 36 32 25 40 29 23 24 20 26 28 32 35 28 17 22 19 19 30 26
 29 24 26 17 36 24 29 19 22 28 29 27 27 21 19 23 23 24 13 16 21 32 29 28
 26 27 27 33 26 17 22 25 24 27 28 28 32 16 27 31 30 27 29 20 21 26 34 28
 16 22 23 31 16 18 22 25 24 19 32 18 28 25 22 21 26 18 29 38 22 27 18 22
 29 23 27 30]
INFO flwr 2023-08-15 15:20:51,405 | app.py:145 | Starting Flower simulation, config: ServerConfig(num_rounds=30, round_timeout=None)
2023-08-15 15:20:54,523	INFO worker.py:1529 -- Started a local Ray instance. View the dashboard at [1m[32m127.0.0.1:8265 [39m[22m
INFO flwr 2023-08-15 15:20:55,540 | app.py:179 | Flower VCE: Ray initialized with resources: {'accelerator_type:A100': 1.0, 'object_store_memory': 61847529062.0, 'node:145.136.62.9': 1.0, 'GPU': 1.0, 'memory': 103079215104.0, 'CPU': 18.0}
INFO flwr 2023-08-15 15:20:55,541 | server.py:86 | Initializing global parameters
INFO flwr 2023-08-15 15:20:55,541 | server.py:266 | Using initial parameters provided by strategy
INFO flwr 2023-08-15 15:20:55,541 | server.py:88 | Evaluating initial parameters
INFO flwr 2023-08-15 15:21:05,392 | server.py:91 | initial parameters (loss, other metrics): 4.655556018066406, {'server_test_acc': 0.0107}
INFO flwr 2023-08-15 15:21:05,392 | server.py:101 | FL starting
DEBUG flwr 2023-08-15 15:21:14,139 | server.py:215 | fit_round 1: strategy sampled 8 clients (out of 20)
DEBUG flwr 2023-08-15 15:22:05,120 | server.py:229 | fit_round 1 received 8 results and 0 failures
[2m[36m(launch_and_fit pid=617314)[0m malloc_consolidate(): invalid chunk size
INFO flwr 2023-08-15 15:22:05,341 | fed_df.py:365 | Warm start at round 1
INFO flwr 2023-08-15 15:22:05,451 | fed_df.py:463 | Performing server side distillation training...
[2m[36m(launch_and_fit pid=617307)[0m Fitting Client 7
[2m[36m(launch_and_fit pid=617310)[0m Fitting Client 8
[2m[36m(launch_and_fit pid=617318)[0m Fitting Client 5
[2m[36m(launch_and_fit pid=617316)[0m Fitting Client 10
[2m[36m(launch_and_fit pid=617313)[0m Fitting Client 13
[2m[36m(launch_and_fit pid=617314)[0m Fitting Client 14
[2m[36m(launch_and_fit pid=617315)[0m Fitting Client 3
[2m[36m(launch_and_fit pid=617317)[0m Fitting Client 12
[2m[36m(launch_and_fit pid=617318)[0m malloc_consolidate(): invalid chunk size
E0815 15:22:06.062768488  613817 chttp2_transport.cc:1079]             ipv4:145.136.62.9:56775: Received a GOAWAY with error code ENHANCE_YOUR_CALM and debug data equal to "too_many_pings". Current keepalive time (before throttling): 60000ms
[2m[36m(launch_and_fit pid=617316)[0m double free or corruption (fasttop)
[2m[36m(launch_and_fit pid=617315)[0m malloc_consolidate(): invalid chunk size
[2m[36m(launch_and_fit pid=617313)[0m double free or corruption (fasttop)
[2m[36m(launch_and_fit pid=617317)[0m double free or corruption (fasttop)
[2m[36m(launch_and_fit pid=617310)[0m malloc_consolidate(): invalid chunk size
E0815 15:22:07.389718527  666801 chttp2_transport.cc:1079]             ipv4:145.136.62.9:56775: Received a GOAWAY with error code ENHANCE_YOUR_CALM and debug data equal to "too_many_pings". Current keepalive time (before throttling): 120000ms
INFO flwr 2023-08-15 15:22:36,129 | fed_df.py:540 | Distillation training stopped at step number : 250
INFO flwr 2023-08-15 15:22:36,130 | fed_df.py:547 | Average fusion training loss : 0.3477191895246506, val accuracy : 0.07712, best val accuracy : 0.0832
INFO flwr 2023-08-15 15:22:36,131 | common.py:35 | Avg. local train loss : 21.38203984797001, train acc : 0.11226111111111112
INFO flwr 2023-08-15 15:22:38,740 | server.py:116 | fit progress: (1, 4.420902136230469, {'server_test_acc': 0.0772}, 93.34758316492662)
INFO flwr 2023-08-15 15:22:38,740 | server.py:163 | evaluate_round 1: no clients selected, cancel
DEBUG flwr 2023-08-15 15:22:48,430 | server.py:215 | fit_round 2: strategy sampled 8 clients (out of 20)
[2m[36m(launch_and_fit pid=693514)[0m malloc_consolidate(): invalid chunk size
[2m[36m(launch_and_fit pid=693534)[0m malloc_consolidate(): invalid chunk size
DEBUG flwr 2023-08-15 15:23:35,410 | server.py:229 | fit_round 2 received 8 results and 0 failures
[2m[36m(launch_and_fit pid=693539)[0m double free or corruption (fasttop)
INFO flwr 2023-08-15 15:23:35,638 | fed_df.py:365 | Warm start at round 2
INFO flwr 2023-08-15 15:23:35,747 | fed_df.py:463 | Performing server side distillation training...
[2m[36m(launch_and_fit pid=693514)[0m Fitting Client 5
[2m[36m(launch_and_fit pid=693534)[0m Fitting Client 18
[2m[36m(launch_and_fit pid=693535)[0m Fitting Client 11
[2m[36m(launch_and_fit pid=693537)[0m Fitting Client 6
[2m[36m(launch_and_fit pid=693540)[0m Fitting Client 13
[2m[36m(launch_and_fit pid=693538)[0m Fitting Client 17
[2m[36m(launch_and_fit pid=693541)[0m Fitting Client 10
[2m[36m(launch_and_fit pid=693539)[0m Fitting Client 8
[2m[36m(launch_and_fit pid=693540)[0m double free or corruption (fasttop)
[2m[36m(launch_and_fit pid=693535)[0m malloc_consolidate(): invalid chunk size
[2m[36m(launch_and_fit pid=693541)[0m malloc_consolidate(): invalid chunk size
[2m[36m(launch_and_fit pid=693537)[0m double free or corruption (fasttop)
[2m[36m(launch_and_fit pid=693538)[0m malloc_consolidate(): invalid chunk size
INFO flwr 2023-08-15 15:24:09,193 | fed_df.py:540 | Distillation training stopped at step number : 250
INFO flwr 2023-08-15 15:24:09,193 | fed_df.py:547 | Average fusion training loss : 0.5163776987791061, val accuracy : 0.10232000000000001, best val accuracy : 0.1186
INFO flwr 2023-08-15 15:24:09,195 | common.py:35 | Avg. local train loss : 20.661389155685903, train acc : 0.17702777777777778
INFO flwr 2023-08-15 15:24:11,993 | server.py:116 | fit progress: (2, 4.424084326171875, {'server_test_acc': 0.11}, 186.6006235149689)
INFO flwr 2023-08-15 15:24:11,993 | server.py:163 | evaluate_round 2: no clients selected, cancel
DEBUG flwr 2023-08-15 15:24:22,143 | server.py:215 | fit_round 3: strategy sampled 8 clients (out of 20)
[2m[36m(launch_and_fit pid=770303)[0m malloc_consolidate(): invalid chunk size
DEBUG flwr 2023-08-15 15:25:09,035 | server.py:229 | fit_round 3 received 8 results and 0 failures
INFO flwr 2023-08-15 15:25:09,265 | fed_df.py:365 | Warm start at round 3
INFO flwr 2023-08-15 15:25:09,377 | fed_df.py:463 | Performing server side distillation training...
[2m[36m(launch_and_fit pid=770303)[0m Fitting Client 2
[2m[36m(launch_and_fit pid=770307)[0m Fitting Client 5
[2m[36m(launch_and_fit pid=770310)[0m Fitting Client 17
[2m[36m(launch_and_fit pid=770315)[0m Fitting Client 16
[2m[36m(launch_and_fit pid=770312)[0m Fitting Client 6
[2m[36m(launch_and_fit pid=770313)[0m Fitting Client 18
[2m[36m(launch_and_fit pid=770311)[0m Fitting Client 7
[2m[36m(launch_and_fit pid=770314)[0m Fitting Client 4
[2m[36m(launch_and_fit pid=770312)[0m double free or corruption (fasttop)
[2m[36m(launch_and_fit pid=770307)[0m malloc_consolidate(): invalid chunk size
[2m[36m(launch_and_fit pid=770310)[0m double free or corruption (fasttop)
[2m[36m(launch_and_fit pid=770315)[0m malloc_consolidate(): invalid chunk size
[2m[36m(launch_and_fit pid=770311)[0m malloc_consolidate(): invalid chunk size
[2m[36m(launch_and_fit pid=770314)[0m double free or corruption (fasttop)
[2m[36m(launch_and_fit pid=770313)[0m malloc_consolidate(): invalid chunk size
E0815 15:25:16.592569102  667153 chttp2_transport.cc:1079]             ipv4:145.136.62.9:56775: Received a GOAWAY with error code ENHANCE_YOUR_CALM and debug data equal to "too_many_pings". Current keepalive time (before throttling): 240000ms
INFO flwr 2023-08-15 15:25:43,178 | fed_df.py:540 | Distillation training stopped at step number : 250
INFO flwr 2023-08-15 15:25:43,178 | fed_df.py:547 | Average fusion training loss : 0.29690322834253313, val accuracy : 0.12972, best val accuracy : 0.1372
INFO flwr 2023-08-15 15:25:43,181 | common.py:35 | Avg. local train loss : 20.31892806738615, train acc : 0.21895277777777783
INFO flwr 2023-08-15 15:25:46,043 | server.py:116 | fit progress: (3, 4.422327258300781, {'server_test_acc': 0.1375}, 280.65110429096967)
INFO flwr 2023-08-15 15:25:46,044 | server.py:163 | evaluate_round 3: no clients selected, cancel
DEBUG flwr 2023-08-15 15:25:56,171 | server.py:215 | fit_round 4: strategy sampled 8 clients (out of 20)
[2m[36m(launch_and_fit pid=846633)[0m malloc_consolidate(): invalid chunk size
[2m[36m(launch_and_fit pid=846646)[0m double free or corruption (fasttop)
DEBUG flwr 2023-08-15 15:26:44,314 | server.py:229 | fit_round 4 received 8 results and 0 failures
[2m[36m(launch_and_fit pid=846647)[0m double free or corruption (fasttop)
INFO flwr 2023-08-15 15:26:44,553 | fed_df.py:365 | Warm start at round 4
INFO flwr 2023-08-15 15:26:44,681 | fed_df.py:463 | Performing server side distillation training...
[2m[36m(launch_and_fit pid=846633)[0m Fitting Client 10
[2m[36m(launch_and_fit pid=846644)[0m Fitting Client 18
[2m[36m(launch_and_fit pid=846643)[0m Fitting Client 7
[2m[36m(launch_and_fit pid=846635)[0m Fitting Client 17
[2m[36m(launch_and_fit pid=846646)[0m Fitting Client 1
[2m[36m(launch_and_fit pid=846645)[0m Fitting Client 13
[2m[36m(launch_and_fit pid=846647)[0m Fitting Client 0
[2m[36m(launch_and_fit pid=846648)[0m Fitting Client 12
[2m[36m(launch_and_fit pid=846643)[0m malloc_consolidate(): invalid chunk size
[2m[36m(launch_and_fit pid=846645)[0m malloc_consolidate(): invalid chunk size
[2m[36m(launch_and_fit pid=846635)[0m double free or corruption (fasttop)
[2m[36m(launch_and_fit pid=846648)[0m malloc_consolidate(): invalid chunk size
[2m[36m(launch_and_fit pid=846644)[0m malloc_consolidate(): invalid chunk size
INFO flwr 2023-08-15 15:27:18,692 | fed_df.py:540 | Distillation training stopped at step number : 250
INFO flwr 2023-08-15 15:27:18,692 | fed_df.py:547 | Average fusion training loss : 0.1357467092871666, val accuracy : 0.15184, best val accuracy : 0.1646
INFO flwr 2023-08-15 15:27:18,694 | common.py:35 | Avg. local train loss : 19.944117403030397, train acc : 0.26715
INFO flwr 2023-08-15 15:27:21,610 | server.py:116 | fit progress: (4, 4.3796846923828125, {'server_test_acc': 0.1656}, 376.2173753560055)
INFO flwr 2023-08-15 15:27:21,610 | server.py:163 | evaluate_round 4: no clients selected, cancel
DEBUG flwr 2023-08-15 15:27:31,887 | server.py:215 | fit_round 5: strategy sampled 8 clients (out of 20)
[2m[36m(launch_and_fit pid=942162)[0m malloc_consolidate(): invalid chunk size
[2m[36m(launch_and_fit pid=942169)[0m malloc_consolidate(): invalid chunk size
DEBUG flwr 2023-08-15 15:28:19,601 | server.py:229 | fit_round 5 received 8 results and 0 failures
INFO flwr 2023-08-15 15:28:19,834 | fed_df.py:365 | Warm start at round 5
[2m[36m(launch_and_fit pid=942163)[0m malloc_consolidate(): invalid chunk size
INFO flwr 2023-08-15 15:28:19,962 | fed_df.py:463 | Performing server side distillation training...
[2m[36m(launch_and_fit pid=942162)[0m Fitting Client 10
[2m[36m(launch_and_fit pid=942164)[0m Fitting Client 8
[2m[36m(launch_and_fit pid=942167)[0m Fitting Client 6
[2m[36m(launch_and_fit pid=942163)[0m Fitting Client 12
[2m[36m(launch_and_fit pid=942172)[0m Fitting Client 11
[2m[36m(launch_and_fit pid=942169)[0m Fitting Client 2
[2m[36m(launch_and_fit pid=942171)[0m Fitting Client 14
[2m[36m(launch_and_fit pid=942170)[0m Fitting Client 9
[2m[36m(launch_and_fit pid=942164)[0m double free or corruption (fasttop)
[2m[36m(launch_and_fit pid=942172)[0m double free or corruption (fasttop)
[2m[36m(launch_and_fit pid=942170)[0m malloc_consolidate(): invalid chunk size
[2m[36m(launch_and_fit pid=942167)[0m malloc_consolidate(): invalid chunk size
[2m[36m(launch_and_fit pid=942171)[0m double free or corruption (fasttop)
E0815 15:28:22.312153163  823688 chttp2_transport.cc:1079]             ipv4:145.136.62.9:56775: Received a GOAWAY with error code ENHANCE_YOUR_CALM and debug data equal to "too_many_pings". Current keepalive time (before throttling): 480000ms
INFO flwr 2023-08-15 15:28:53,853 | fed_df.py:540 | Distillation training stopped at step number : 250
INFO flwr 2023-08-15 15:28:53,854 | fed_df.py:547 | Average fusion training loss : 0.04268501876294613, val accuracy : 0.18688000000000002, best val accuracy : 0.1952
INFO flwr 2023-08-15 15:28:53,856 | common.py:35 | Avg. local train loss : 19.680619867146014, train acc : 0.2981722222222223
INFO flwr 2023-08-15 15:28:56,708 | server.py:116 | fit progress: (5, 4.374047290039062, {'server_test_acc': 0.1987}, 471.31560718803667)
INFO flwr 2023-08-15 15:28:56,708 | server.py:163 | evaluate_round 5: no clients selected, cancel
DEBUG flwr 2023-08-15 15:29:06,947 | server.py:215 | fit_round 6: strategy sampled 8 clients (out of 20)
DEBUG flwr 2023-08-15 15:29:54,246 | server.py:229 | fit_round 6 received 8 results and 0 failures
INFO flwr 2023-08-15 15:29:54,482 | fed_df.py:365 | Warm start at round 6
INFO flwr 2023-08-15 15:29:54,610 | fed_df.py:463 | Performing server side distillation training...
[2m[36m(launch_and_fit pid=1023540)[0m Fitting Client 14
[2m[36m(launch_and_fit pid=1023538)[0m Fitting Client 12
[2m[36m(launch_and_fit pid=1023541)[0m Fitting Client 2
[2m[36m(launch_and_fit pid=1023539)[0m Fitting Client 15
[2m[36m(launch_and_fit pid=1023542)[0m Fitting Client 4
[2m[36m(launch_and_fit pid=1023543)[0m Fitting Client 17
[2m[36m(launch_and_fit pid=1023533)[0m Fitting Client 10
[2m[36m(launch_and_fit pid=1023535)[0m Fitting Client 6
[2m[36m(launch_and_fit pid=1023539)[0m malloc_consolidate(): invalid chunk size
[2m[36m(launch_and_fit pid=1023538)[0m malloc_consolidate(): invalid chunk size
[2m[36m(launch_and_fit pid=1023542)[0m double free or corruption (fasttop)
[2m[36m(launch_and_fit pid=1023541)[0m malloc_consolidate(): invalid chunk size
[2m[36m(launch_and_fit pid=1023540)[0m malloc_consolidate(): invalid chunk size
[2m[36m(launch_and_fit pid=1023533)[0m malloc_consolidate(): invalid chunk size
[2m[36m(launch_and_fit pid=1023535)[0m malloc_consolidate(): invalid chunk size
[2m[36m(launch_and_fit pid=1023543)[0m double free or corruption (fasttop)
E0815 15:29:56.891854920  997115 chttp2_transport.cc:1079]             ipv4:145.136.62.9:56775: Received a GOAWAY with error code ENHANCE_YOUR_CALM and debug data equal to "too_many_pings". Current keepalive time (before throttling): 960000ms
INFO flwr 2023-08-15 15:30:28,737 | fed_df.py:540 | Distillation training stopped at step number : 250
INFO flwr 2023-08-15 15:30:28,737 | fed_df.py:547 | Average fusion training loss : 0.00743181304866448, val accuracy : 0.21703999999999998, best val accuracy : 0.2236
INFO flwr 2023-08-15 15:30:28,740 | common.py:35 | Avg. local train loss : 19.411246694624424, train acc : 0.33177499999999993
INFO flwr 2023-08-15 15:30:31,619 | server.py:116 | fit progress: (6, 4.369810791015625, {'server_test_acc': 0.2198}, 566.2271704329178)
INFO flwr 2023-08-15 15:30:31,620 | server.py:163 | evaluate_round 6: no clients selected, cancel
DEBUG flwr 2023-08-15 15:30:41,873 | server.py:215 | fit_round 7: strategy sampled 8 clients (out of 20)
[2m[36m(launch_and_fit pid=1099759)[0m malloc_consolidate(): invalid chunk size
DEBUG flwr 2023-08-15 15:31:29,007 | server.py:229 | fit_round 7 received 8 results and 0 failures
[2m[36m(launch_and_fit pid=1099762)[0m double free or corruption (fasttop)
INFO flwr 2023-08-15 15:31:29,235 | fed_df.py:365 | Warm start at round 7
INFO flwr 2023-08-15 15:31:29,373 | fed_df.py:463 | Performing server side distillation training...
[2m[36m(launch_and_fit pid=1099759)[0m Fitting Client 7
[2m[36m(launch_and_fit pid=1099762)[0m Fitting Client 17
[2m[36m(launch_and_fit pid=1099761)[0m Fitting Client 18
[2m[36m(launch_and_fit pid=1099764)[0m Fitting Client 8
[2m[36m(launch_and_fit pid=1099766)[0m Fitting Client 13
[2m[36m(launch_and_fit pid=1099765)[0m Fitting Client 6
[2m[36m(launch_and_fit pid=1099767)[0m Fitting Client 9
[2m[36m(launch_and_fit pid=1099768)[0m Fitting Client 14
[2m[36m(launch_and_fit pid=1099768)[0m malloc_consolidate(): invalid chunk size
[2m[36m(launch_and_fit pid=1099767)[0m malloc_consolidate(): invalid chunk size
[2m[36m(launch_and_fit pid=1099761)[0m malloc_consolidate(): invalid chunk size
[2m[36m(launch_and_fit pid=1099766)[0m double free or corruption (fasttop)
E0815 15:31:30.799894297 1072980 chttp2_transport.cc:1079]             ipv4:145.136.62.9:56775: Received a GOAWAY with error code ENHANCE_YOUR_CALM and debug data equal to "too_many_pings". Current keepalive time (before throttling): 1920000ms
[2m[36m(launch_and_fit pid=1099765)[0m malloc_consolidate(): invalid chunk size
INFO flwr 2023-08-15 15:32:03,343 | fed_df.py:540 | Distillation training stopped at step number : 250
INFO flwr 2023-08-15 15:32:03,344 | fed_df.py:547 | Average fusion training loss : 0.004909219390712679, val accuracy : 0.23235999999999998, best val accuracy : 0.2446
INFO flwr 2023-08-15 15:32:03,345 | common.py:35 | Avg. local train loss : 19.26054922640324, train acc : 0.34979722222222226
INFO flwr 2023-08-15 15:32:06,238 | server.py:116 | fit progress: (7, 4.390729541015625, {'server_test_acc': 0.2385}, 660.8455083509907)
INFO flwr 2023-08-15 15:32:06,238 | server.py:163 | evaluate_round 7: no clients selected, cancel
DEBUG flwr 2023-08-15 15:32:16,500 | server.py:215 | fit_round 8: strategy sampled 8 clients (out of 20)
[2m[36m(launch_and_fit pid=1175702)[0m malloc_consolidate(): invalid chunk size
DEBUG flwr 2023-08-15 15:33:03,890 | server.py:229 | fit_round 8 received 8 results and 0 failures
INFO flwr 2023-08-15 15:33:04,118 | fed_df.py:365 | Warm start at round 8
INFO flwr 2023-08-15 15:33:04,229 | fed_df.py:463 | Performing server side distillation training...
[2m[36m(launch_and_fit pid=1175702)[0m Fitting Client 11
[2m[36m(launch_and_fit pid=1175686)[0m Fitting Client 7
[2m[36m(launch_and_fit pid=1175704)[0m Fitting Client 16
[2m[36m(launch_and_fit pid=1175707)[0m Fitting Client 4
[2m[36m(launch_and_fit pid=1175709)[0m Fitting Client 12
[2m[36m(launch_and_fit pid=1175711)[0m Fitting Client 15
[2m[36m(launch_and_fit pid=1175708)[0m Fitting Client 1
[2m[36m(launch_and_fit pid=1175710)[0m Fitting Client 0
[2m[36m(launch_and_fit pid=1175686)[0m corrupted size vs. prev_size in fastbins
[2m[36m(launch_and_fit pid=1175704)[0m malloc_consolidate(): invalid chunk size
[2m[36m(launch_and_fit pid=1175711)[0m double free or corruption (fasttop)
[2m[36m(launch_and_fit pid=1175710)[0m malloc_consolidate(): invalid chunk size
[2m[36m(launch_and_fit pid=1175707)[0m malloc_consolidate(): invalid chunk size
[2m[36m(launch_and_fit pid=1175709)[0m malloc_consolidate(): invalid chunk size
[2m[36m(launch_and_fit pid=1175708)[0m malloc_consolidate(): invalid chunk size
INFO flwr 2023-08-15 15:33:37,966 | fed_df.py:540 | Distillation training stopped at step number : 250
INFO flwr 2023-08-15 15:33:37,967 | fed_df.py:547 | Average fusion training loss : 0.0014687950802617707, val accuracy : 0.24964, best val accuracy : 0.2582
INFO flwr 2023-08-15 15:33:37,968 | common.py:35 | Avg. local train loss : 19.213421817123887, train acc : 0.358336111111111
INFO flwr 2023-08-15 15:33:40,819 | server.py:116 | fit progress: (8, 4.382791528320313, {'server_test_acc': 0.2462}, 755.4268298228271)
INFO flwr 2023-08-15 15:33:40,819 | server.py:163 | evaluate_round 8: no clients selected, cancel
DEBUG flwr 2023-08-15 15:33:51,087 | server.py:215 | fit_round 9: strategy sampled 8 clients (out of 20)
[2m[36m(launch_and_fit pid=1252046)[0m double free or corruption (fasttop)
[2m[36m(launch_and_fit pid=1252044)[0m malloc_consolidate(): invalid chunk size
DEBUG flwr 2023-08-15 15:34:38,281 | server.py:229 | fit_round 9 received 8 results and 0 failures
INFO flwr 2023-08-15 15:34:38,508 | fed_df.py:365 | Warm start at round 9
INFO flwr 2023-08-15 15:34:38,620 | fed_df.py:463 | Performing server side distillation training...
[2m[36m(launch_and_fit pid=1252044)[0m Fitting Client 4
[2m[36m(launch_and_fit pid=1252046)[0m Fitting Client 3
[2m[36m(launch_and_fit pid=1252049)[0m Fitting Client 5
[2m[36m(launch_and_fit pid=1252050)[0m Fitting Client 13
[2m[36m(launch_and_fit pid=1252052)[0m Fitting Client 2
[2m[36m(launch_and_fit pid=1252054)[0m Fitting Client 9
[2m[36m(launch_and_fit pid=1252053)[0m Fitting Client 6
[2m[36m(launch_and_fit pid=1252055)[0m Fitting Client 14
[2m[36m(launch_and_fit pid=1252053)[0m double free or corruption (fasttop)
[2m[36m(launch_and_fit pid=1252050)[0m double free or corruption (fasttop)
E0815 15:34:39.801495739 1224559 chttp2_transport.cc:1079]             ipv4:145.136.62.9:56775: Received a GOAWAY with error code ENHANCE_YOUR_CALM and debug data equal to "too_many_pings". Current keepalive time (before throttling): 3840000ms
[2m[36m(launch_and_fit pid=1252052)[0m double free or corruption (fasttop)
[2m[36m(launch_and_fit pid=1252055)[0m malloc_consolidate(): invalid chunk size
[2m[36m(launch_and_fit pid=1252049)[0m malloc_consolidate(): invalid chunk size
INFO flwr 2023-08-15 15:35:12,581 | fed_df.py:540 | Distillation training stopped at step number : 250
INFO flwr 2023-08-15 15:35:12,582 | fed_df.py:547 | Average fusion training loss : 0.0013760498760384508, val accuracy : 0.25068, best val accuracy : 0.2652
INFO flwr 2023-08-15 15:35:12,583 | common.py:35 | Avg. local train loss : 19.080441397428512, train acc : 0.3714361111111111
INFO flwr 2023-08-15 15:35:15,537 | server.py:116 | fit progress: (9, 4.41378701171875, {'server_test_acc': 0.2656}, 850.1442953150254)
INFO flwr 2023-08-15 15:35:15,537 | server.py:163 | evaluate_round 9: no clients selected, cancel
DEBUG flwr 2023-08-15 15:35:25,674 | server.py:215 | fit_round 10: strategy sampled 8 clients (out of 20)
[2m[36m(launch_and_fit pid=1327839)[0m malloc_consolidate(): invalid chunk size
DEBUG flwr 2023-08-15 15:36:12,775 | server.py:229 | fit_round 10 received 8 results and 0 failures
INFO flwr 2023-08-15 15:36:13,006 | fed_df.py:365 | Warm start at round 10
INFO flwr 2023-08-15 15:36:13,118 | fed_df.py:463 | Performing server side distillation training...
[2m[36m(launch_and_fit pid=1327839)[0m Fitting Client 8
[2m[36m(launch_and_fit pid=1327837)[0m Fitting Client 14
[2m[36m(launch_and_fit pid=1327842)[0m Fitting Client 0
[2m[36m(launch_and_fit pid=1327844)[0m Fitting Client 16
[2m[36m(launch_and_fit pid=1327854)[0m Fitting Client 10
[2m[36m(launch_and_fit pid=1327845)[0m Fitting Client 3
[2m[36m(launch_and_fit pid=1327849)[0m Fitting Client 17
[2m[36m(launch_and_fit pid=1327847)[0m Fitting Client 12
[2m[36m(launch_and_fit pid=1327837)[0m double free or corruption (fasttop)
[2m[36m(launch_and_fit pid=1327845)[0m malloc_consolidate(): invalid chunk size
[2m[36m(launch_and_fit pid=1327854)[0m malloc_consolidate(): invalid chunk size
[2m[36m(launch_and_fit pid=1327844)[0m malloc_consolidate(): invalid chunk size
[2m[36m(launch_and_fit pid=1327849)[0m malloc_consolidate(): invalid chunk size
[2m[36m(launch_and_fit pid=1327842)[0m malloc_consolidate(): invalid chunk size
[2m[36m(launch_and_fit pid=1327847)[0m double free or corruption (fasttop)
E0815 15:36:15.425008117 1300397 chttp2_transport.cc:1079]             ipv4:145.136.62.9:56775: Received a GOAWAY with error code ENHANCE_YOUR_CALM and debug data equal to "too_many_pings". Current keepalive time (before throttling): 7680000ms
INFO flwr 2023-08-15 15:36:47,182 | fed_df.py:540 | Distillation training stopped at step number : 250
INFO flwr 2023-08-15 15:36:47,182 | fed_df.py:547 | Average fusion training loss : 0.0012361201996100135, val accuracy : 0.25868, best val accuracy : 0.2758
INFO flwr 2023-08-15 15:36:47,184 | common.py:35 | Avg. local train loss : 18.98162175863981, train acc : 0.3849666666666666
INFO flwr 2023-08-15 15:36:50,070 | server.py:116 | fit progress: (10, 4.421714953613281, {'server_test_acc': 0.2729}, 944.677985584829)
INFO flwr 2023-08-15 15:36:50,071 | server.py:163 | evaluate_round 10: no clients selected, cancel
DEBUG flwr 2023-08-15 15:37:00,204 | server.py:215 | fit_round 11: strategy sampled 8 clients (out of 20)
[2m[36m(launch_and_fit pid=1403851)[0m malloc_consolidate(): invalid chunk size
DEBUG flwr 2023-08-15 15:37:47,602 | server.py:229 | fit_round 11 received 8 results and 0 failures
[2m[36m(launch_and_fit pid=1403869)[0m malloc_consolidate(): invalid chunk size
INFO flwr 2023-08-15 15:37:47,833 | fed_df.py:365 | Warm start at round 11
INFO flwr 2023-08-15 15:37:47,945 | fed_df.py:463 | Performing server side distillation training...
[2m[36m(launch_and_fit pid=1403851)[0m Fitting Client 8
[2m[36m(launch_and_fit pid=1403869)[0m Fitting Client 3
[2m[36m(launch_and_fit pid=1403873)[0m Fitting Client 2
[2m[36m(launch_and_fit pid=1403871)[0m Fitting Client 9
[2m[36m(launch_and_fit pid=1403870)[0m Fitting Client 10
[2m[36m(launch_and_fit pid=1403876)[0m Fitting Client 0
[2m[36m(launch_and_fit pid=1403872)[0m Fitting Client 13
[2m[36m(launch_and_fit pid=1403874)[0m Fitting Client 7
[2m[36m(launch_and_fit pid=1403870)[0m double free or corruption (fasttop)
[2m[36m(launch_and_fit pid=1403872)[0m malloc_consolidate(): invalid chunk size
[2m[36m(launch_and_fit pid=1403876)[0m malloc_consolidate(): invalid chunk size
[2m[36m(launch_and_fit pid=1403874)[0m malloc_consolidate(): invalid chunk size
[2m[36m(launch_and_fit pid=1403873)[0m malloc_consolidate(): invalid chunk size
[2m[36m(launch_and_fit pid=1403871)[0m malloc_consolidate(): invalid chunk size
E0815 15:37:50.104524887 1452835 chttp2_transport.cc:1079]             ipv4:145.136.62.9:56775: Received a GOAWAY with error code ENHANCE_YOUR_CALM and debug data equal to "too_many_pings". Current keepalive time (before throttling): 15360000ms
E0815 15:38:11.884453991 1453311 chttp2_transport.cc:1079]             ipv4:145.136.62.9:56775: Received a GOAWAY with error code ENHANCE_YOUR_CALM and debug data equal to "too_many_pings". Current keepalive time (before throttling): 30720000ms
INFO flwr 2023-08-15 15:38:22,027 | fed_df.py:540 | Distillation training stopped at step number : 250
INFO flwr 2023-08-15 15:38:22,027 | fed_df.py:547 | Average fusion training loss : 0.0010311817959300243, val accuracy : 0.26452, best val accuracy : 0.2806
INFO flwr 2023-08-15 15:38:22,029 | common.py:35 | Avg. local train loss : 18.880825561285018, train acc : 0.3983666666666667
INFO flwr 2023-08-15 15:38:24,890 | server.py:116 | fit progress: (11, 4.416828454589844, {'server_test_acc': 0.2788}, 1039.497312380001)
INFO flwr 2023-08-15 15:38:24,890 | server.py:163 | evaluate_round 11: no clients selected, cancel
DEBUG flwr 2023-08-15 15:38:35,221 | server.py:215 | fit_round 12: strategy sampled 8 clients (out of 20)
[2m[36m(launch_and_fit pid=1479908)[0m double free or corruption (fasttop)
[2m[36m(launch_and_fit pid=1479914)[0m malloc_consolidate(): invalid chunk size
DEBUG flwr 2023-08-15 15:39:22,567 | server.py:229 | fit_round 12 received 8 results and 0 failures
[2m[36m(launch_and_fit pid=1479920)[0m malloc_consolidate(): invalid chunk size
INFO flwr 2023-08-15 15:39:22,796 | fed_df.py:365 | Warm start at round 12
INFO flwr 2023-08-15 15:39:22,908 | fed_df.py:463 | Performing server side distillation training...
[2m[36m(launch_and_fit pid=1479908)[0m Fitting Client 16
[2m[36m(launch_and_fit pid=1479914)[0m Fitting Client 5
[2m[36m(launch_and_fit pid=1479918)[0m Fitting Client 3
[2m[36m(launch_and_fit pid=1479917)[0m Fitting Client 18
[2m[36m(launch_and_fit pid=1479920)[0m Fitting Client 13
[2m[36m(launch_and_fit pid=1479919)[0m Fitting Client 10
[2m[36m(launch_and_fit pid=1479913)[0m Fitting Client 8
[2m[36m(launch_and_fit pid=1479921)[0m Fitting Client 4
[2m[36m(launch_and_fit pid=1479918)[0m double free or corruption (fasttop)
[2m[36m(launch_and_fit pid=1479913)[0m double free or corruption (fasttop)
[2m[36m(launch_and_fit pid=1479919)[0m malloc_consolidate(): invalid chunk size
[2m[36m(launch_and_fit pid=1479917)[0m malloc_consolidate(): invalid chunk size
[2m[36m(launch_and_fit pid=1479921)[0m double free or corruption (fasttop)
INFO flwr 2023-08-15 15:39:56,945 | fed_df.py:540 | Distillation training stopped at step number : 250
INFO flwr 2023-08-15 15:39:56,946 | fed_df.py:547 | Average fusion training loss : 0.00132189369329717, val accuracy : 0.25443999999999994, best val accuracy : 0.274
INFO flwr 2023-08-15 15:39:56,947 | common.py:35 | Avg. local train loss : 18.757826060056686, train acc : 0.41233055555555553
INFO flwr 2023-08-15 15:39:59,834 | server.py:116 | fit progress: (12, 4.439373193359375, {'server_test_acc': 0.2745}, 1134.4420988988131)
INFO flwr 2023-08-15 15:39:59,835 | server.py:163 | evaluate_round 12: no clients selected, cancel
DEBUG flwr 2023-08-15 15:40:10,018 | server.py:215 | fit_round 13: strategy sampled 8 clients (out of 20)
[2m[36m(launch_and_fit pid=1555796)[0m malloc_consolidate(): invalid chunk size
[2m[36m(launch_and_fit pid=1555794)[0m double free or corruption (fasttop)
DEBUG flwr 2023-08-15 15:40:57,340 | server.py:229 | fit_round 13 received 8 results and 0 failures
INFO flwr 2023-08-15 15:40:57,568 | fed_df.py:365 | Warm start at round 13
INFO flwr 2023-08-15 15:40:57,677 | fed_df.py:463 | Performing server side distillation training...
[2m[36m(launch_and_fit pid=1555794)[0m Fitting Client 16
[2m[36m(launch_and_fit pid=1555796)[0m Fitting Client 6
[2m[36m(launch_and_fit pid=1555814)[0m Fitting Client 11
[2m[36m(launch_and_fit pid=1555815)[0m Fitting Client 8
[2m[36m(launch_and_fit pid=1555817)[0m Fitting Client 14
[2m[36m(launch_and_fit pid=1555812)[0m Fitting Client 4
[2m[36m(launch_and_fit pid=1555816)[0m Fitting Client 12
[2m[36m(launch_and_fit pid=1555813)[0m Fitting Client 5
[2m[36m(launch_and_fit pid=1555812)[0m double free or corruption (fasttop)
[2m[36m(launch_and_fit pid=1555817)[0m malloc_consolidate(): invalid chunk size
[2m[36m(launch_and_fit pid=1555815)[0m double free or corruption (fasttop)
[2m[36m(launch_and_fit pid=1555814)[0m double free or corruption (fasttop)
[2m[36m(launch_and_fit pid=1555813)[0m double free or corruption (fasttop)
[2m[36m(launch_and_fit pid=1555816)[0m malloc_consolidate(): invalid chunk size
E0815 15:40:59.856010442 1469314 chttp2_transport.cc:1079]             ipv4:145.136.62.9:56775: Received a GOAWAY with error code ENHANCE_YOUR_CALM and debug data equal to "too_many_pings". Current keepalive time (before throttling): 61440000ms
INFO flwr 2023-08-15 15:41:31,856 | fed_df.py:540 | Distillation training stopped at step number : 250
INFO flwr 2023-08-15 15:41:31,856 | fed_df.py:547 | Average fusion training loss : 0.001167517576715909, val accuracy : 0.24876, best val accuracy : 0.2868
INFO flwr 2023-08-15 15:41:31,858 | common.py:35 | Avg. local train loss : 18.664453582465647, train acc : 0.42071111111111115
INFO flwr 2023-08-15 15:41:34,745 | server.py:116 | fit progress: (13, 4.4454756958007815, {'server_test_acc': 0.2873}, 1229.3525668298826)
INFO flwr 2023-08-15 15:41:34,745 | server.py:163 | evaluate_round 13: no clients selected, cancel
DEBUG flwr 2023-08-15 15:41:45,113 | server.py:215 | fit_round 14: strategy sampled 8 clients (out of 20)
[2m[36m(launch_and_fit pid=1643199)[0m malloc_consolidate(): invalid chunk size
DEBUG flwr 2023-08-15 15:42:32,961 | server.py:229 | fit_round 14 received 8 results and 0 failures
[2m[36m(launch_and_fit pid=1643203)[0m malloc_consolidate(): invalid chunk size
INFO flwr 2023-08-15 15:42:33,204 | fed_df.py:365 | Warm start at round 14
INFO flwr 2023-08-15 15:42:33,348 | fed_df.py:463 | Performing server side distillation training...
[2m[36m(launch_and_fit pid=1643202)[0m Fitting Client 19
[2m[36m(launch_and_fit pid=1643200)[0m Fitting Client 15
[2m[36m(launch_and_fit pid=1643203)[0m Fitting Client 3
[2m[36m(launch_and_fit pid=1643199)[0m Fitting Client 0
[2m[36m(launch_and_fit pid=1643204)[0m Fitting Client 5
[2m[36m(launch_and_fit pid=1643205)[0m Fitting Client 12
[2m[36m(launch_and_fit pid=1643198)[0m Fitting Client 10
[2m[36m(launch_and_fit pid=1643201)[0m Fitting Client 14
[2m[36m(launch_and_fit pid=1643205)[0m double free or corruption (fasttop)
E0815 15:42:33.881703937 1699451 chttp2_transport.cc:1079]             ipv4:145.136.62.9:56775: Received a GOAWAY with error code ENHANCE_YOUR_CALM and debug data equal to "too_many_pings". Current keepalive time (before throttling): 122880000ms
[2m[36m(launch_and_fit pid=1643204)[0m double free or corruption (fasttop)
[2m[36m(launch_and_fit pid=1643202)[0m malloc_consolidate(): invalid chunk size
[2m[36m(launch_and_fit pid=1643200)[0m double free or corruption (fasttop)
[2m[36m(launch_and_fit pid=1643198)[0m malloc_consolidate(): invalid chunk size
[2m[36m(launch_and_fit pid=1643201)[0m malloc_consolidate(): invalid chunk size
INFO flwr 2023-08-15 15:43:07,674 | fed_df.py:540 | Distillation training stopped at step number : 250
INFO flwr 2023-08-15 15:43:07,675 | fed_df.py:547 | Average fusion training loss : 0.001440087081922684, val accuracy : 0.25196, best val accuracy : 0.2832
INFO flwr 2023-08-15 15:43:07,676 | common.py:35 | Avg. local train loss : 18.461459037661555, train acc : 0.43538888888888894
INFO flwr 2023-08-15 15:43:10,565 | server.py:116 | fit progress: (14, 4.439640551757813, {'server_test_acc': 0.2865}, 1325.1726570730098)
INFO flwr 2023-08-15 15:43:10,565 | server.py:163 | evaluate_round 14: no clients selected, cancel
DEBUG flwr 2023-08-15 15:43:21,089 | server.py:215 | fit_round 15: strategy sampled 8 clients (out of 20)
DEBUG flwr 2023-08-15 15:44:08,118 | server.py:229 | fit_round 15 received 8 results and 0 failures
[2m[36m(launch_and_fit pid=1733015)[0m malloc_consolidate(): invalid chunk size
INFO flwr 2023-08-15 15:44:08,352 | fed_df.py:365 | Warm start at round 15
[2m[36m(launch_and_fit pid=1733014)[0m double free or corruption (fasttop)
INFO flwr 2023-08-15 15:44:08,510 | fed_df.py:463 | Performing server side distillation training...
[2m[36m(launch_and_fit pid=1733014)[0m Fitting Client 9
[2m[36m(launch_and_fit pid=1733015)[0m Fitting Client 7
[2m[36m(launch_and_fit pid=1733017)[0m Fitting Client 1
[2m[36m(launch_and_fit pid=1733023)[0m Fitting Client 17
[2m[36m(launch_and_fit pid=1733020)[0m Fitting Client 18
[2m[36m(launch_and_fit pid=1733022)[0m Fitting Client 2
[2m[36m(launch_and_fit pid=1733024)[0m Fitting Client 11
[2m[36m(launch_and_fit pid=1733026)[0m Fitting Client 16
[2m[36m(launch_and_fit pid=1733017)[0m double free or corruption (fasttop)
[2m[36m(launch_and_fit pid=1733023)[0m malloc_consolidate(): invalid chunk size
E0815 15:44:09.130987821 1699691 chttp2_transport.cc:1079]             ipv4:145.136.62.9:56775: Received a GOAWAY with error code ENHANCE_YOUR_CALM and debug data equal to "too_many_pings". Current keepalive time (before throttling): 245760000ms
[2m[36m(launch_and_fit pid=1733024)[0m malloc_consolidate(): invalid chunk size
[2m[36m(launch_and_fit pid=1733026)[0m malloc_consolidate(): invalid chunk size
[2m[36m(launch_and_fit pid=1733022)[0m double free or corruption (fasttop)
[2m[36m(launch_and_fit pid=1733020)[0m double free or corruption (fasttop)
INFO flwr 2023-08-15 15:44:42,813 | fed_df.py:540 | Distillation training stopped at step number : 250
INFO flwr 2023-08-15 15:44:42,814 | fed_df.py:547 | Average fusion training loss : 0.0012044242806150578, val accuracy : 0.25724, best val accuracy : 0.2908
INFO flwr 2023-08-15 15:44:42,816 | common.py:35 | Avg. local train loss : 18.59429707378149, train acc : 0.41823055555555555
INFO flwr 2023-08-15 15:44:45,859 | server.py:116 | fit progress: (15, 4.450650061035156, {'server_test_acc': 0.2919}, 1420.4665491259657)
INFO flwr 2023-08-15 15:44:45,859 | server.py:163 | evaluate_round 15: no clients selected, cancel
DEBUG flwr 2023-08-15 15:44:56,046 | server.py:215 | fit_round 16: strategy sampled 8 clients (out of 20)
[2m[36m(launch_and_fit pid=1809015)[0m malloc_consolidate(): invalid chunk size
DEBUG flwr 2023-08-15 15:45:42,926 | server.py:229 | fit_round 16 received 8 results and 0 failures
INFO flwr 2023-08-15 15:45:43,169 | fed_df.py:365 | Warm start at round 16
INFO flwr 2023-08-15 15:45:43,317 | fed_df.py:463 | Performing server side distillation training...
[2m[36m(launch_and_fit pid=1809015)[0m Fitting Client 17
[2m[36m(launch_and_fit pid=1809020)[0m Fitting Client 2
[2m[36m(launch_and_fit pid=1809018)[0m Fitting Client 4
[2m[36m(launch_and_fit pid=1809039)[0m Fitting Client 8
[2m[36m(launch_and_fit pid=1809035)[0m Fitting Client 15
[2m[36m(launch_and_fit pid=1809038)[0m Fitting Client 19
[2m[36m(launch_and_fit pid=1809036)[0m Fitting Client 18
[2m[36m(launch_and_fit pid=1809037)[0m Fitting Client 16
[2m[36m(launch_and_fit pid=1809020)[0m malloc_consolidate(): invalid chunk size
[2m[36m(launch_and_fit pid=1809018)[0m malloc_consolidate(): invalid chunk size
[2m[36m(launch_and_fit pid=1809037)[0m double free or corruption (fasttop)
[2m[36m(launch_and_fit pid=1809036)[0m malloc_consolidate(): invalid chunk size
[2m[36m(launch_and_fit pid=1809039)[0m corrupted size vs. prev_size in fastbins
[2m[36m(launch_and_fit pid=1809038)[0m malloc_consolidate(): invalid chunk size
[2m[36m(launch_and_fit pid=1809035)[0m malloc_consolidate(): invalid chunk size
INFO flwr 2023-08-15 15:46:17,886 | fed_df.py:540 | Distillation training stopped at step number : 250
INFO flwr 2023-08-15 15:46:17,887 | fed_df.py:547 | Average fusion training loss : 0.0009596150110592135, val accuracy : 0.25716, best val accuracy : 0.2916
INFO flwr 2023-08-15 15:46:17,888 | common.py:35 | Avg. local train loss : 18.311080773174766, train acc : 0.44578611111111116
INFO flwr 2023-08-15 15:46:20,775 | server.py:116 | fit progress: (16, 4.4517549072265625, {'server_test_acc': 0.2973}, 1515.383056688821)
INFO flwr 2023-08-15 15:46:20,776 | server.py:163 | evaluate_round 16: no clients selected, cancel
DEBUG flwr 2023-08-15 15:46:30,966 | server.py:215 | fit_round 17: strategy sampled 8 clients (out of 20)
[2m[36m(launch_and_fit pid=1884373)[0m malloc_consolidate(): invalid chunk size
DEBUG flwr 2023-08-15 15:47:18,203 | server.py:229 | fit_round 17 received 8 results and 0 failures
INFO flwr 2023-08-15 15:47:18,438 | fed_df.py:365 | Warm start at round 17
[2m[36m(launch_and_fit pid=1884377)[0m malloc_consolidate(): invalid chunk size
INFO flwr 2023-08-15 15:47:18,597 | fed_df.py:463 | Performing server side distillation training...
[2m[36m(launch_and_fit pid=1884373)[0m Fitting Client 16
[2m[36m(launch_and_fit pid=1884377)[0m Fitting Client 13
[2m[36m(launch_and_fit pid=1884378)[0m Fitting Client 6
[2m[36m(launch_and_fit pid=1884380)[0m Fitting Client 9
[2m[36m(launch_and_fit pid=1884381)[0m Fitting Client 19
[2m[36m(launch_and_fit pid=1884382)[0m Fitting Client 10
[2m[36m(launch_and_fit pid=1884379)[0m Fitting Client 17
[2m[36m(launch_and_fit pid=1884383)[0m Fitting Client 18
[2m[36m(launch_and_fit pid=1884380)[0m malloc_consolidate(): invalid chunk size
[2m[36m(launch_and_fit pid=1884379)[0m corrupted size vs. prev_size in fastbins
[2m[36m(launch_and_fit pid=1884383)[0m malloc_consolidate(): invalid chunk size
[2m[36m(launch_and_fit pid=1884382)[0m double free or corruption (fasttop)
[2m[36m(launch_and_fit pid=1884381)[0m malloc_consolidate(): invalid chunk size
[2m[36m(launch_and_fit pid=1884378)[0m double free or corruption (fasttop)
INFO flwr 2023-08-15 15:47:53,227 | fed_df.py:540 | Distillation training stopped at step number : 250
INFO flwr 2023-08-15 15:47:53,228 | fed_df.py:547 | Average fusion training loss : 0.001652847149351146, val accuracy : 0.27124000000000004, best val accuracy : 0.3044
INFO flwr 2023-08-15 15:47:53,229 | common.py:35 | Avg. local train loss : 18.23533346503973, train acc : 0.4510361111111111
INFO flwr 2023-08-15 15:47:56,100 | server.py:116 | fit progress: (17, 4.452226428222656, {'server_test_acc': 0.298}, 1610.7073171848897)
INFO flwr 2023-08-15 15:47:56,100 | server.py:163 | evaluate_round 17: no clients selected, cancel
DEBUG flwr 2023-08-15 15:48:06,281 | server.py:215 | fit_round 18: strategy sampled 8 clients (out of 20)
[2m[36m(launch_and_fit pid=1959614)[0m malloc_consolidate(): invalid chunk size
[2m[36m(launch_and_fit pid=1959617)[0m malloc_consolidate(): invalid chunk size
DEBUG flwr 2023-08-15 15:48:53,875 | server.py:229 | fit_round 18 received 8 results and 0 failures
[2m[36m(launch_and_fit pid=1959621)[0m double free or corruption (fasttop)
INFO flwr 2023-08-15 15:48:54,118 | fed_df.py:365 | Warm start at round 18
INFO flwr 2023-08-15 15:48:54,264 | fed_df.py:463 | Performing server side distillation training...
[2m[36m(launch_and_fit pid=1959614)[0m Fitting Client 16
[2m[36m(launch_and_fit pid=1959617)[0m Fitting Client 15
[2m[36m(launch_and_fit pid=1959619)[0m Fitting Client 18
[2m[36m(launch_and_fit pid=1959613)[0m Fitting Client 14
[2m[36m(launch_and_fit pid=1959612)[0m Fitting Client 11
[2m[36m(launch_and_fit pid=1959621)[0m Fitting Client 17
[2m[36m(launch_and_fit pid=1959616)[0m Fitting Client 3
[2m[36m(launch_and_fit pid=1959620)[0m Fitting Client 1
[2m[36m(launch_and_fit pid=1959616)[0m malloc_consolidate(): invalid chunk size
[2m[36m(launch_and_fit pid=1959612)[0m malloc_consolidate(): invalid chunk size
[2m[36m(launch_and_fit pid=1959620)[0m malloc_consolidate(): invalid chunk size
E0815 15:48:55.054158749 1932242 chttp2_transport.cc:1079]             ipv4:145.136.62.9:56775: Received a GOAWAY with error code ENHANCE_YOUR_CALM and debug data equal to "too_many_pings". Current keepalive time (before throttling): 491520000ms
[2m[36m(launch_and_fit pid=1959613)[0m corrupted size vs. prev_size in fastbins
[2m[36m(launch_and_fit pid=1959619)[0m double free or corruption (fasttop)
INFO flwr 2023-08-15 15:49:30,135 | fed_df.py:540 | Distillation training stopped at step number : 250
INFO flwr 2023-08-15 15:49:30,136 | fed_df.py:547 | Average fusion training loss : 0.0010881588115589694, val accuracy : 0.26764, best val accuracy : 0.301
INFO flwr 2023-08-15 15:49:30,138 | common.py:35 | Avg. local train loss : 18.340150208771227, train acc : 0.44108055555555553
INFO flwr 2023-08-15 15:49:33,034 | server.py:116 | fit progress: (18, 4.455996875, {'server_test_acc': 0.2997}, 1707.641341686016)
INFO flwr 2023-08-15 15:49:33,034 | server.py:163 | evaluate_round 18: no clients selected, cancel
DEBUG flwr 2023-08-15 15:49:43,313 | server.py:215 | fit_round 19: strategy sampled 8 clients (out of 20)
DEBUG flwr 2023-08-15 15:50:30,458 | server.py:229 | fit_round 19 received 8 results and 0 failures
INFO flwr 2023-08-15 15:50:30,685 | fed_df.py:365 | Warm start at round 19
[2m[36m(launch_and_fit pid=2035644)[0m malloc_consolidate(): invalid chunk size
INFO flwr 2023-08-15 15:50:30,797 | fed_df.py:463 | Performing server side distillation training...
[2m[36m(launch_and_fit pid=2035644)[0m Fitting Client 0
[2m[36m(launch_and_fit pid=2035645)[0m Fitting Client 10
[2m[36m(launch_and_fit pid=2035647)[0m Fitting Client 17
[2m[36m(launch_and_fit pid=2035651)[0m Fitting Client 18
[2m[36m(launch_and_fit pid=2035650)[0m Fitting Client 16
[2m[36m(launch_and_fit pid=2035653)[0m Fitting Client 11
[2m[36m(launch_and_fit pid=2035652)[0m Fitting Client 1
[2m[36m(launch_and_fit pid=2035649)[0m Fitting Client 7
[2m[36m(launch_and_fit pid=2035645)[0m double free or corruption (fasttop)
[2m[36m(launch_and_fit pid=2035651)[0m malloc_consolidate(): invalid chunk size
[2m[36m(launch_and_fit pid=2035653)[0m double free or corruption (fasttop)
[2m[36m(launch_and_fit pid=2035649)[0m double free or corruption (fasttop)
[2m[36m(launch_and_fit pid=2035647)[0m double free or corruption (fasttop)
[2m[36m(launch_and_fit pid=2035652)[0m malloc_consolidate(): invalid chunk size
[2m[36m(launch_and_fit pid=2035650)[0m corrupted size vs. prev_size in fastbins
E0815 15:50:32.411631553 2084527 chttp2_transport.cc:1079]             ipv4:145.136.62.9:56775: Received a GOAWAY with error code ENHANCE_YOUR_CALM and debug data equal to "too_many_pings". Current keepalive time (before throttling): 983040000ms
INFO flwr 2023-08-15 15:51:05,524 | fed_df.py:540 | Distillation training stopped at step number : 250
INFO flwr 2023-08-15 15:51:05,525 | fed_df.py:547 | Average fusion training loss : 0.001365740063134581, val accuracy : 0.27616, best val accuracy : 0.3098
INFO flwr 2023-08-15 15:51:05,527 | common.py:35 | Avg. local train loss : 18.229772958159447, train acc : 0.4510861111111111
INFO flwr 2023-08-15 15:51:08,406 | server.py:116 | fit progress: (19, 4.4432843383789065, {'server_test_acc': 0.3063}, 1803.0139782729093)
INFO flwr 2023-08-15 15:51:08,407 | server.py:163 | evaluate_round 19: no clients selected, cancel
DEBUG flwr 2023-08-15 15:51:18,556 | server.py:215 | fit_round 20: strategy sampled 8 clients (out of 20)
[2m[36m(launch_and_fit pid=2111340)[0m malloc_consolidate(): invalid chunk size
DEBUG flwr 2023-08-15 15:52:05,751 | server.py:229 | fit_round 20 received 8 results and 0 failures
[2m[36m(launch_and_fit pid=2111355)[0m double free or corruption (fasttop)
INFO flwr 2023-08-15 15:52:05,981 | fed_df.py:365 | Warm start at round 20
INFO flwr 2023-08-15 15:52:06,092 | fed_df.py:463 | Performing server side distillation training...
[2m[36m(launch_and_fit pid=2111340)[0m Fitting Client 1
[2m[36m(launch_and_fit pid=2111353)[0m Fitting Client 10
[2m[36m(launch_and_fit pid=2111355)[0m Fitting Client 8
[2m[36m(launch_and_fit pid=2111357)[0m Fitting Client 19
[2m[36m(launch_and_fit pid=2111346)[0m Fitting Client 2
[2m[36m(launch_and_fit pid=2111345)[0m Fitting Client 7
[2m[36m(launch_and_fit pid=2111356)[0m Fitting Client 16
[2m[36m(launch_and_fit pid=2111354)[0m Fitting Client 3
[2m[36m(launch_and_fit pid=2111356)[0m double free or corruption (fasttop)
[2m[36m(launch_and_fit pid=2111346)[0m double free or corruption (fasttop)
[2m[36m(launch_and_fit pid=2111345)[0m malloc_consolidate(): invalid chunk size
E0815 15:52:06.790785738 2084578 chttp2_transport.cc:1079]             ipv4:145.136.62.9:56775: Received a GOAWAY with error code ENHANCE_YOUR_CALM and debug data equal to "too_many_pings". Current keepalive time (before throttling): 1966080000ms
[2m[36m(launch_and_fit pid=2111353)[0m malloc_consolidate(): invalid chunk size
[2m[36m(launch_and_fit pid=2111354)[0m malloc_consolidate(): invalid chunk size
[2m[36m(launch_and_fit pid=2111357)[0m malloc_consolidate(): invalid chunk size
INFO flwr 2023-08-15 15:52:41,150 | fed_df.py:540 | Distillation training stopped at step number : 250
INFO flwr 2023-08-15 15:52:41,151 | fed_df.py:547 | Average fusion training loss : 0.0019019877348910087, val accuracy : 0.27068, best val accuracy : 0.3068
INFO flwr 2023-08-15 15:52:41,152 | common.py:35 | Avg. local train loss : 18.05870801061392, train acc : 0.4655416666666667
INFO flwr 2023-08-15 15:52:44,070 | server.py:116 | fit progress: (20, 4.464606591796875, {'server_test_acc': 0.303}, 1898.677551812958)
INFO flwr 2023-08-15 15:52:44,070 | server.py:163 | evaluate_round 20: no clients selected, cancel
DEBUG flwr 2023-08-15 15:52:54,325 | server.py:215 | fit_round 21: strategy sampled 8 clients (out of 20)
[2m[36m(launch_and_fit pid=2187816)[0m malloc_consolidate(): invalid chunk size
[2m[36m(launch_and_fit pid=2187814)[0m malloc_consolidate(): invalid chunk size
DEBUG flwr 2023-08-15 15:53:41,531 | server.py:229 | fit_round 21 received 8 results and 0 failures
INFO flwr 2023-08-15 15:53:41,761 | fed_df.py:365 | Warm start at round 21
[2m[36m(launch_and_fit pid=2187823)[0m malloc_consolidate(): invalid chunk size
INFO flwr 2023-08-15 15:53:41,876 | fed_df.py:463 | Performing server side distillation training...
[2m[36m(launch_and_fit pid=2187814)[0m Fitting Client 8
[2m[36m(launch_and_fit pid=2187816)[0m Fitting Client 15
[2m[36m(launch_and_fit pid=2187820)[0m Fitting Client 4
[2m[36m(launch_and_fit pid=2187824)[0m Fitting Client 12
[2m[36m(launch_and_fit pid=2187825)[0m Fitting Client 7
[2m[36m(launch_and_fit pid=2187823)[0m Fitting Client 3
[2m[36m(launch_and_fit pid=2187815)[0m Fitting Client 6
[2m[36m(launch_and_fit pid=2187822)[0m Fitting Client 18
[2m[36m(launch_and_fit pid=2187815)[0m malloc_consolidate(): invalid chunk size
[2m[36m(launch_and_fit pid=2187825)[0m malloc_consolidate(): invalid chunk size
[2m[36m(launch_and_fit pid=2187820)[0m malloc_consolidate(): invalid chunk size
E0815 15:53:43.398547342 2236311 chttp2_transport.cc:1079]             ipv4:145.136.62.9:56775: Received a GOAWAY with error code ENHANCE_YOUR_CALM and debug data equal to "too_many_pings". Current keepalive time (before throttling): ∞
[2m[36m(launch_and_fit pid=2187824)[0m double free or corruption (fasttop)
[2m[36m(launch_and_fit pid=2187822)[0m malloc_consolidate(): invalid chunk size
INFO flwr 2023-08-15 15:54:16,762 | fed_df.py:540 | Distillation training stopped at step number : 250
INFO flwr 2023-08-15 15:54:16,762 | fed_df.py:547 | Average fusion training loss : 0.002459895053645596, val accuracy : 0.28024, best val accuracy : 0.3092
INFO flwr 2023-08-15 15:54:16,764 | common.py:35 | Avg. local train loss : 18.17039159089327, train acc : 0.45343055555555556
INFO flwr 2023-08-15 15:54:19,702 | server.py:116 | fit progress: (21, 4.450498132324219, {'server_test_acc': 0.3049}, 1994.3095579699147)
INFO flwr 2023-08-15 15:54:19,702 | server.py:163 | evaluate_round 21: no clients selected, cancel
DEBUG flwr 2023-08-15 15:54:29,886 | server.py:215 | fit_round 22: strategy sampled 8 clients (out of 20)
[2m[36m(launch_and_fit pid=2264019)[0m double free or corruption (fasttop)
DEBUG flwr 2023-08-15 15:55:17,144 | server.py:229 | fit_round 22 received 8 results and 0 failures
INFO flwr 2023-08-15 15:55:17,375 | fed_df.py:365 | Warm start at round 22
INFO flwr 2023-08-15 15:55:17,487 | fed_df.py:463 | Performing server side distillation training...
[2m[36m(launch_and_fit pid=2264019)[0m Fitting Client 3
[2m[36m(launch_and_fit pid=2264022)[0m Fitting Client 6
[2m[36m(launch_and_fit pid=2264025)[0m Fitting Client 19
[2m[36m(launch_and_fit pid=2264023)[0m Fitting Client 13
[2m[36m(launch_and_fit pid=2264024)[0m Fitting Client 17
[2m[36m(launch_and_fit pid=2264027)[0m Fitting Client 5
[2m[36m(launch_and_fit pid=2264028)[0m Fitting Client 15
[2m[36m(launch_and_fit pid=2264029)[0m Fitting Client 18
[2m[36m(launch_and_fit pid=2264024)[0m double free or corruption (fasttop)
[2m[36m(launch_and_fit pid=2264028)[0m malloc_consolidate(): invalid chunk size
E0815 15:55:18.106110139 2236881 chttp2_transport.cc:1079]             ipv4:145.136.62.9:56775: Received a GOAWAY with error code ENHANCE_YOUR_CALM and debug data equal to "too_many_pings". Current keepalive time (before throttling): ∞
[2m[36m(launch_and_fit pid=2264023)[0m malloc_consolidate(): invalid chunk size
[2m[36m(launch_and_fit pid=2264025)[0m double free or corruption (fasttop)
[2m[36m(launch_and_fit pid=2264022)[0m malloc_consolidate(): invalid chunk size
[2m[36m(launch_and_fit pid=2264027)[0m double free or corruption (fasttop)
[2m[36m(launch_and_fit pid=2264029)[0m double free or corruption (fasttop)
INFO flwr 2023-08-15 15:55:52,305 | fed_df.py:540 | Distillation training stopped at step number : 250
INFO flwr 2023-08-15 15:55:52,306 | fed_df.py:547 | Average fusion training loss : 0.0024130339557887053, val accuracy : 0.27408, best val accuracy : 0.3048
INFO flwr 2023-08-15 15:55:52,307 | common.py:35 | Avg. local train loss : 17.962310226261614, train acc : 0.47186944444444445
INFO flwr 2023-08-15 15:55:55,225 | server.py:116 | fit progress: (22, 4.458474255371094, {'server_test_acc': 0.3067}, 2089.8329047160223)
INFO flwr 2023-08-15 15:55:55,225 | server.py:163 | evaluate_round 22: no clients selected, cancel
DEBUG flwr 2023-08-15 15:56:05,330 | server.py:215 | fit_round 23: strategy sampled 8 clients (out of 20)
[2m[36m(launch_and_fit pid=2340169)[0m malloc_consolidate(): invalid chunk size
[2m[36m(launch_and_fit pid=2340149)[0m malloc_consolidate(): invalid chunk size
DEBUG flwr 2023-08-15 15:56:52,991 | server.py:229 | fit_round 23 received 8 results and 0 failures
INFO flwr 2023-08-15 15:56:53,225 | fed_df.py:365 | Warm start at round 23
INFO flwr 2023-08-15 15:56:53,337 | fed_df.py:463 | Performing server side distillation training...
[2m[36m(launch_and_fit pid=2340149)[0m Fitting Client 14
[2m[36m(launch_and_fit pid=2340165)[0m Fitting Client 3
[2m[36m(launch_and_fit pid=2340161)[0m Fitting Client 18
[2m[36m(launch_and_fit pid=2340171)[0m Fitting Client 5
[2m[36m(launch_and_fit pid=2340169)[0m Fitting Client 11
[2m[36m(launch_and_fit pid=2340170)[0m Fitting Client 15
[2m[36m(launch_and_fit pid=2340151)[0m Fitting Client 1
[2m[36m(launch_and_fit pid=2340166)[0m Fitting Client 12
[2m[36m(launch_and_fit pid=2340161)[0m malloc_consolidate(): invalid chunk size
[2m[36m(launch_and_fit pid=2340166)[0m malloc_consolidate(): invalid chunk size
[2m[36m(launch_and_fit pid=2340170)[0m double free or corruption (fasttop)
E0815 15:56:53.882397889 2312272 chttp2_transport.cc:1079]             ipv4:145.136.62.9:56775: Received a GOAWAY with error code ENHANCE_YOUR_CALM and debug data equal to "too_many_pings". Current keepalive time (before throttling): ∞
[2m[36m(launch_and_fit pid=2340151)[0m double free or corruption (fasttop)
[2m[36m(launch_and_fit pid=2340165)[0m double free or corruption (fasttop)
[2m[36m(launch_and_fit pid=2340171)[0m corrupted size vs. prev_size in fastbins
INFO flwr 2023-08-15 15:57:28,675 | fed_df.py:540 | Distillation training stopped at step number : 250
INFO flwr 2023-08-15 15:57:28,676 | fed_df.py:547 | Average fusion training loss : 0.001868690050963778, val accuracy : 0.3, best val accuracy : 0.3222
INFO flwr 2023-08-15 15:57:28,678 | common.py:35 | Avg. local train loss : 18.106257420778274, train acc : 0.45522222222222225
INFO flwr 2023-08-15 15:57:31,583 | server.py:116 | fit progress: (23, 4.426243127441406, {'server_test_acc': 0.3158}, 2186.191124052042)
INFO flwr 2023-08-15 15:57:31,584 | server.py:163 | evaluate_round 23: no clients selected, cancel
DEBUG flwr 2023-08-15 15:57:41,724 | server.py:215 | fit_round 24: strategy sampled 8 clients (out of 20)
[2m[36m(launch_and_fit pid=2423988)[0m malloc_consolidate(): invalid chunk size
[2m[36m(launch_and_fit pid=2424065)[0m malloc_consolidate(): invalid chunk size
DEBUG flwr 2023-08-15 15:58:29,316 | server.py:229 | fit_round 24 received 8 results and 0 failures
INFO flwr 2023-08-15 15:58:29,550 | fed_df.py:365 | Warm start at round 24
INFO flwr 2023-08-15 15:58:29,662 | fed_df.py:463 | Performing server side distillation training...
[2m[36m(launch_and_fit pid=2423988)[0m Fitting Client 7
[2m[36m(launch_and_fit pid=2424000)[0m Fitting Client 17
[2m[36m(launch_and_fit pid=2423999)[0m Fitting Client 3
[2m[36m(launch_and_fit pid=2424066)[0m Fitting Client 16
[2m[36m(launch_and_fit pid=2424001)[0m Fitting Client 6
[2m[36m(launch_and_fit pid=2424065)[0m Fitting Client 14
[2m[36m(launch_and_fit pid=2424067)[0m Fitting Client 2
[2m[36m(launch_and_fit pid=2424064)[0m Fitting Client 15
[2m[36m(launch_and_fit pid=2423999)[0m double free or corruption (fasttop)
[2m[36m(launch_and_fit pid=2424067)[0m malloc_consolidate(): invalid chunk size
E0815 15:58:30.112561724 2388482 chttp2_transport.cc:1079]             ipv4:145.136.62.9:56775: Received a GOAWAY with error code ENHANCE_YOUR_CALM and debug data equal to "too_many_pings". Current keepalive time (before throttling): ∞
[2m[36m(launch_and_fit pid=2424064)[0m malloc_consolidate(): invalid chunk size
[2m[36m(launch_and_fit pid=2424000)[0m double free or corruption (fasttop)
[2m[36m(launch_and_fit pid=2424066)[0m malloc_consolidate(): invalid chunk size
[2m[36m(launch_and_fit pid=2424001)[0m malloc_consolidate(): invalid chunk size
INFO flwr 2023-08-15 15:59:05,070 | fed_df.py:540 | Distillation training stopped at step number : 250
INFO flwr 2023-08-15 15:59:05,071 | fed_df.py:547 | Average fusion training loss : 0.0017857615202665328, val accuracy : 0.29935999999999996, best val accuracy : 0.3208
INFO flwr 2023-08-15 15:59:05,073 | common.py:35 | Avg. local train loss : 17.98945163190365, train acc : 0.46855
INFO flwr 2023-08-15 15:59:08,041 | server.py:116 | fit progress: (24, 4.430299609375, {'server_test_acc': 0.3171}, 2282.6484975158237)
INFO flwr 2023-08-15 15:59:08,041 | server.py:163 | evaluate_round 24: no clients selected, cancel
DEBUG flwr 2023-08-15 15:59:18,510 | server.py:215 | fit_round 25: strategy sampled 8 clients (out of 20)
[2m[36m(launch_and_fit pid=2518138)[0m malloc_consolidate(): invalid chunk size
DEBUG flwr 2023-08-15 16:00:05,987 | server.py:229 | fit_round 25 received 8 results and 0 failures
INFO flwr 2023-08-15 16:00:06,224 | fed_df.py:365 | Warm start at round 25
INFO flwr 2023-08-15 16:00:06,336 | fed_df.py:463 | Performing server side distillation training...
[2m[36m(launch_and_fit pid=2518138)[0m Fitting Client 8
[2m[36m(launch_and_fit pid=2518165)[0m Fitting Client 2
[2m[36m(launch_and_fit pid=2518183)[0m Fitting Client 13
[2m[36m(launch_and_fit pid=2518161)[0m Fitting Client 18
[2m[36m(launch_and_fit pid=2518184)[0m Fitting Client 19
[2m[36m(launch_and_fit pid=2518159)[0m Fitting Client 14
[2m[36m(launch_and_fit pid=2518174)[0m Fitting Client 12
[2m[36m(launch_and_fit pid=2518173)[0m Fitting Client 7
[2m[36m(launch_and_fit pid=2518161)[0m malloc_consolidate(): invalid chunk size
[2m[36m(launch_and_fit pid=2518165)[0m double free or corruption (fasttop)
[2m[36m(launch_and_fit pid=2518173)[0m malloc_consolidate(): invalid chunk size
[2m[36m(launch_and_fit pid=2518174)[0m malloc_consolidate(): invalid chunk size
[2m[36m(launch_and_fit pid=2518159)[0m double free or corruption (fasttop)
[2m[36m(launch_and_fit pid=2518184)[0m malloc_consolidate(): invalid chunk size
[2m[36m(launch_and_fit pid=2518183)[0m malloc_consolidate(): invalid chunk size
E0815 16:00:08.669338917 2483766 chttp2_transport.cc:1079]             ipv4:145.136.62.9:56775: Received a GOAWAY with error code ENHANCE_YOUR_CALM and debug data equal to "too_many_pings". Current keepalive time (before throttling): ∞
INFO flwr 2023-08-15 16:00:41,431 | fed_df.py:540 | Distillation training stopped at step number : 250
INFO flwr 2023-08-15 16:00:41,432 | fed_df.py:547 | Average fusion training loss : 0.0021564946656581012, val accuracy : 0.306, best val accuracy : 0.3262
INFO flwr 2023-08-15 16:00:41,433 | common.py:35 | Avg. local train loss : 17.89868826121092, train acc : 0.4723416666666667
INFO flwr 2023-08-15 16:00:44,386 | server.py:116 | fit progress: (25, 4.422935363769532, {'server_test_acc': 0.3224}, 2378.993334300816)
INFO flwr 2023-08-15 16:00:44,386 | server.py:163 | evaluate_round 25: no clients selected, cancel
DEBUG flwr 2023-08-15 16:00:55,012 | server.py:215 | fit_round 26: strategy sampled 8 clients (out of 20)
[2m[36m(launch_and_fit pid=2594597)[0m double free or corruption (fasttop)
DEBUG flwr 2023-08-15 16:01:42,046 | server.py:229 | fit_round 26 received 8 results and 0 failures
INFO flwr 2023-08-15 16:01:42,275 | fed_df.py:365 | Warm start at round 26
INFO flwr 2023-08-15 16:01:42,386 | fed_df.py:463 | Performing server side distillation training...
[2m[36m(launch_and_fit pid=2594602)[0m malloc_consolidate(): invalid chunk size
[2m[36m(launch_and_fit pid=2594597)[0m Fitting Client 17
[2m[36m(launch_and_fit pid=2594596)[0m Fitting Client 3
[2m[36m(launch_and_fit pid=2594601)[0m Fitting Client 0
[2m[36m(launch_and_fit pid=2594602)[0m Fitting Client 1
[2m[36m(launch_and_fit pid=2594604)[0m Fitting Client 14
[2m[36m(launch_and_fit pid=2594603)[0m Fitting Client 2
[2m[36m(launch_and_fit pid=2594607)[0m Fitting Client 19
[2m[36m(launch_and_fit pid=2594606)[0m Fitting Client 12
[2m[36m(launch_and_fit pid=2594603)[0m malloc_consolidate(): invalid chunk size
[2m[36m(launch_and_fit pid=2594596)[0m malloc_consolidate(): invalid chunk size
[2m[36m(launch_and_fit pid=2594607)[0m malloc_consolidate(): invalid chunk size
[2m[36m(launch_and_fit pid=2594601)[0m double free or corruption (fasttop)
[2m[36m(launch_and_fit pid=2594606)[0m malloc_consolidate(): invalid chunk size
E0815 16:01:43.832259393 2567879 chttp2_transport.cc:1079]             ipv4:145.136.62.9:56775: Received a GOAWAY with error code ENHANCE_YOUR_CALM and debug data equal to "too_many_pings". Current keepalive time (before throttling): ∞
INFO flwr 2023-08-15 16:02:17,306 | fed_df.py:540 | Distillation training stopped at step number : 250
INFO flwr 2023-08-15 16:02:17,307 | fed_df.py:547 | Average fusion training loss : 0.001957696911646053, val accuracy : 0.30768, best val accuracy : 0.3226
INFO flwr 2023-08-15 16:02:17,308 | common.py:35 | Avg. local train loss : 17.86220813691616, train acc : 0.4770888888888889
INFO flwr 2023-08-15 16:02:20,220 | server.py:116 | fit progress: (26, 4.4306563354492186, {'server_test_acc': 0.3201}, 2474.8280210220255)
INFO flwr 2023-08-15 16:02:20,221 | server.py:163 | evaluate_round 26: no clients selected, cancel
DEBUG flwr 2023-08-15 16:02:30,412 | server.py:215 | fit_round 27: strategy sampled 8 clients (out of 20)
[2m[36m(launch_and_fit pid=2671351)[0m malloc_consolidate(): invalid chunk size
DEBUG flwr 2023-08-15 16:03:17,600 | server.py:229 | fit_round 27 received 8 results and 0 failures
[2m[36m(launch_and_fit pid=2671371)[0m malloc_consolidate(): invalid chunk size
[2m[36m(launch_and_fit pid=2671374)[0m malloc_consolidate(): invalid chunk size
[2m[36m(launch_and_fit pid=2671373)[0m malloc_consolidate(): invalid chunk size
INFO flwr 2023-08-15 16:03:17,834 | fed_df.py:365 | Warm start at round 27
INFO flwr 2023-08-15 16:03:17,945 | fed_df.py:463 | Performing server side distillation training...
[2m[36m(launch_and_fit pid=2671351)[0m Fitting Client 13
[2m[36m(launch_and_fit pid=2671365)[0m Fitting Client 15
[2m[36m(launch_and_fit pid=2671350)[0m Fitting Client 5
[2m[36m(launch_and_fit pid=2671372)[0m Fitting Client 6
[2m[36m(launch_and_fit pid=2671373)[0m Fitting Client 18
[2m[36m(launch_and_fit pid=2671371)[0m Fitting Client 17
[2m[36m(launch_and_fit pid=2671375)[0m Fitting Client 0
[2m[36m(launch_and_fit pid=2671374)[0m Fitting Client 16
[2m[36m(launch_and_fit pid=2671375)[0m malloc_consolidate(): invalid chunk size
[2m[36m(launch_and_fit pid=2671350)[0m malloc_consolidate(): invalid chunk size
[2m[36m(launch_and_fit pid=2671365)[0m malloc_consolidate(): invalid chunk size
[2m[36m(launch_and_fit pid=2671372)[0m double free or corruption (fasttop)
INFO flwr 2023-08-15 16:03:52,976 | fed_df.py:540 | Distillation training stopped at step number : 250
INFO flwr 2023-08-15 16:03:52,976 | fed_df.py:547 | Average fusion training loss : 0.002425921701535117, val accuracy : 0.31704, best val accuracy : 0.3298
INFO flwr 2023-08-15 16:03:52,978 | common.py:35 | Avg. local train loss : 17.928559243679047, train acc : 0.4723194444444445
INFO flwr 2023-08-15 16:03:55,904 | server.py:116 | fit progress: (27, 4.421346789550781, {'server_test_acc': 0.3259}, 2570.5116021649446)
INFO flwr 2023-08-15 16:03:55,904 | server.py:163 | evaluate_round 27: no clients selected, cancel
DEBUG flwr 2023-08-15 16:04:06,065 | server.py:215 | fit_round 28: strategy sampled 8 clients (out of 20)
[2m[36m(launch_and_fit pid=2748031)[0m double free or corruption (fasttop)
DEBUG flwr 2023-08-15 16:04:53,011 | server.py:229 | fit_round 28 received 8 results and 0 failures
INFO flwr 2023-08-15 16:04:53,241 | fed_df.py:365 | Warm start at round 28
INFO flwr 2023-08-15 16:04:53,354 | fed_df.py:463 | Performing server side distillation training...
[2m[36m(launch_and_fit pid=2748031)[0m Fitting Client 12
[2m[36m(launch_and_fit pid=2748029)[0m Fitting Client 5
[2m[36m(launch_and_fit pid=2748035)[0m Fitting Client 18
[2m[36m(launch_and_fit pid=2748036)[0m Fitting Client 8
[2m[36m(launch_and_fit pid=2748034)[0m Fitting Client 0
[2m[36m(launch_and_fit pid=2748038)[0m Fitting Client 16
[2m[36m(launch_and_fit pid=2748037)[0m Fitting Client 13
[2m[36m(launch_and_fit pid=2748039)[0m Fitting Client 14
[2m[36m(launch_and_fit pid=2748036)[0m double free or corruption (fasttop)
[2m[36m(launch_and_fit pid=2748029)[0m malloc_consolidate(): invalid chunk size
[2m[36m(launch_and_fit pid=2748034)[0m malloc_consolidate(): invalid chunk size
[2m[36m(launch_and_fit pid=2748038)[0m malloc_consolidate(): invalid chunk size
[2m[36m(launch_and_fit pid=2748039)[0m malloc_consolidate(): invalid chunk size
[2m[36m(launch_and_fit pid=2748037)[0m malloc_consolidate(): invalid chunk size
[2m[36m(launch_and_fit pid=2748035)[0m malloc_consolidate(): invalid chunk size
INFO flwr 2023-08-15 16:05:28,518 | fed_df.py:540 | Distillation training stopped at step number : 250
INFO flwr 2023-08-15 16:05:28,519 | fed_df.py:547 | Average fusion training loss : 0.002692951959441416, val accuracy : 0.31452, best val accuracy : 0.3302
INFO flwr 2023-08-15 16:05:28,520 | common.py:35 | Avg. local train loss : 17.89312325119972, train acc : 0.47465
INFO flwr 2023-08-15 16:05:31,445 | server.py:116 | fit progress: (28, 4.427517395019532, {'server_test_acc': 0.3227}, 2666.052771818824)
INFO flwr 2023-08-15 16:05:31,445 | server.py:163 | evaluate_round 28: no clients selected, cancel
DEBUG flwr 2023-08-15 16:05:41,567 | server.py:215 | fit_round 29: strategy sampled 8 clients (out of 20)
[2m[36m(launch_and_fit pid=2824432)[0m malloc_consolidate(): invalid chunk size
DEBUG flwr 2023-08-15 16:06:28,664 | server.py:229 | fit_round 29 received 8 results and 0 failures
INFO flwr 2023-08-15 16:06:28,894 | fed_df.py:365 | Warm start at round 29
INFO flwr 2023-08-15 16:06:29,006 | fed_df.py:463 | Performing server side distillation training...
[2m[36m(launch_and_fit pid=2824432)[0m Fitting Client 9
[2m[36m(launch_and_fit pid=2824431)[0m Fitting Client 14
[2m[36m(launch_and_fit pid=2824434)[0m Fitting Client 13
[2m[36m(launch_and_fit pid=2824446)[0m Fitting Client 3
[2m[36m(launch_and_fit pid=2824458)[0m Fitting Client 16
[2m[36m(launch_and_fit pid=2824444)[0m Fitting Client 4
[2m[36m(launch_and_fit pid=2824443)[0m Fitting Client 15
[2m[36m(launch_and_fit pid=2824461)[0m Fitting Client 19
[2m[36m(launch_and_fit pid=2824434)[0m double free or corruption (fasttop)
[2m[36m(launch_and_fit pid=2824458)[0m malloc_consolidate(): invalid chunk size
[2m[36m(launch_and_fit pid=2824461)[0m malloc_consolidate(): invalid chunk size
[2m[36m(launch_and_fit pid=2824444)[0m double free or corruption (fasttop)
[2m[36m(launch_and_fit pid=2824431)[0m double free or corruption (fasttop)
E0815 16:06:30.471437515 2796654 chttp2_transport.cc:1079]             ipv4:145.136.62.9:56775: Received a GOAWAY with error code ENHANCE_YOUR_CALM and debug data equal to "too_many_pings". Current keepalive time (before throttling): ∞
[2m[36m(launch_and_fit pid=2824443)[0m double free or corruption (fasttop)
[2m[36m(launch_and_fit pid=2824446)[0m malloc_consolidate(): invalid chunk size
INFO flwr 2023-08-15 16:07:03,963 | fed_df.py:540 | Distillation training stopped at step number : 250
INFO flwr 2023-08-15 16:07:03,964 | fed_df.py:547 | Average fusion training loss : 0.0027948442938504742, val accuracy : 0.30504, best val accuracy : 0.3228
INFO flwr 2023-08-15 16:07:03,965 | common.py:35 | Avg. local train loss : 17.78576816022396, train acc : 0.48107777777777777
INFO flwr 2023-08-15 16:07:06,897 | server.py:116 | fit progress: (29, 4.4376748046875, {'server_test_acc': 0.3227}, 2761.5050529399887)
INFO flwr 2023-08-15 16:07:06,898 | server.py:163 | evaluate_round 29: no clients selected, cancel
DEBUG flwr 2023-08-15 16:07:17,251 | server.py:215 | fit_round 30: strategy sampled 8 clients (out of 20)
[2m[36m(launch_and_fit pid=2900919)[0m double free or corruption (fasttop)
DEBUG flwr 2023-08-15 16:08:04,193 | server.py:229 | fit_round 30 received 8 results and 0 failures
[2m[36m(launch_and_fit pid=2900927)[0m malloc_consolidate(): invalid chunk size
INFO flwr 2023-08-15 16:08:04,430 | fed_df.py:365 | Warm start at round 30
INFO flwr 2023-08-15 16:08:04,584 | fed_df.py:463 | Performing server side distillation training...
[2m[36m(launch_and_fit pid=2900919)[0m Fitting Client 1
[2m[36m(launch_and_fit pid=2900922)[0m Fitting Client 17
[2m[36m(launch_and_fit pid=2900924)[0m Fitting Client 18
[2m[36m(launch_and_fit pid=2900925)[0m Fitting Client 19
[2m[36m(launch_and_fit pid=2900927)[0m Fitting Client 10
[2m[36m(launch_and_fit pid=2900930)[0m Fitting Client 14
[2m[36m(launch_and_fit pid=2900928)[0m Fitting Client 0
[2m[36m(launch_and_fit pid=2900931)[0m Fitting Client 9
[2m[36m(launch_and_fit pid=2900930)[0m malloc_consolidate(): invalid chunk size
[2m[36m(launch_and_fit pid=2900922)[0m double free or corruption (fasttop)
[2m[36m(launch_and_fit pid=2900928)[0m malloc_consolidate(): invalid chunk size
[2m[36m(launch_and_fit pid=2900931)[0m malloc_consolidate(): invalid chunk size
[2m[36m(launch_and_fit pid=2900924)[0m malloc_consolidate(): invalid chunk size
[2m[36m(launch_and_fit pid=2900925)[0m malloc_consolidate(): invalid chunk size
E0815 16:08:18.009500507 2873686 chttp2_transport.cc:1079]             ipv4:145.136.62.9:56775: Received a GOAWAY with error code ENHANCE_YOUR_CALM and debug data equal to "too_many_pings". Current keepalive time (before throttling): ∞
E0815 16:08:18.009615785 2873686 chttp2_transport.cc:1079]             ipv4:145.136.62.9:56775: Received a GOAWAY with error code ENHANCE_YOUR_CALM and debug data equal to "too_many_pings". Current keepalive time (before throttling): ∞
INFO flwr 2023-08-15 16:08:39,683 | fed_df.py:540 | Distillation training stopped at step number : 250
INFO flwr 2023-08-15 16:08:39,684 | fed_df.py:547 | Average fusion training loss : 0.002317099543637596, val accuracy : 0.29052000000000006, best val accuracy : 0.3118
INFO flwr 2023-08-15 16:08:39,686 | common.py:35 | Avg. local train loss : 17.778483706712723, train acc : 0.48083333333333333
INFO flwr 2023-08-15 16:08:42,654 | server.py:116 | fit progress: (30, 4.457634594726563, {'server_test_acc': 0.3093}, 2857.262063393835)
INFO flwr 2023-08-15 16:08:42,655 | server.py:163 | evaluate_round 30: no clients selected, cancel
INFO flwr 2023-08-15 16:08:42,655 | server.py:144 | FL finished in 2857.262430920964
INFO flwr 2023-08-15 16:08:42,655 | app.py:202 | app_fit: losses_distributed []
INFO flwr 2023-08-15 16:08:42,656 | app.py:203 | app_fit: metrics_distributed {}
INFO flwr 2023-08-15 16:08:42,656 | app.py:204 | app_fit: losses_centralized [(0, 4.655556018066406), (1, 4.420902136230469), (2, 4.424084326171875), (3, 4.422327258300781), (4, 4.3796846923828125), (5, 4.374047290039062), (6, 4.369810791015625), (7, 4.390729541015625), (8, 4.382791528320313), (9, 4.41378701171875), (10, 4.421714953613281), (11, 4.416828454589844), (12, 4.439373193359375), (13, 4.4454756958007815), (14, 4.439640551757813), (15, 4.450650061035156), (16, 4.4517549072265625), (17, 4.452226428222656), (18, 4.455996875), (19, 4.4432843383789065), (20, 4.464606591796875), (21, 4.450498132324219), (22, 4.458474255371094), (23, 4.426243127441406), (24, 4.430299609375), (25, 4.422935363769532), (26, 4.4306563354492186), (27, 4.421346789550781), (28, 4.427517395019532), (29, 4.4376748046875), (30, 4.457634594726563)]
INFO flwr 2023-08-15 16:08:42,656 | app.py:205 | app_fit: metrics_centralized {'server_test_acc': [(0, 0.0107), (1, 0.0772), (2, 0.11), (3, 0.1375), (4, 0.1656), (5, 0.1987), (6, 0.2198), (7, 0.2385), (8, 0.2462), (9, 0.2656), (10, 0.2729), (11, 0.2788), (12, 0.2745), (13, 0.2873), (14, 0.2865), (15, 0.2919), (16, 0.2973), (17, 0.298), (18, 0.2997), (19, 0.3063), (20, 0.303), (21, 0.3049), (22, 0.3067), (23, 0.3158), (24, 0.3171), (25, 0.3224), (26, 0.3201), (27, 0.3259), (28, 0.3227), (29, 0.3227), (30, 0.3093)]}
malloc_consolidate(): invalid chunk size
srun: error: gcn9: task 0: Aborted
srun: Terminating StepId=3342159.1
-----EXPERIMENT ENDS-----
-----CLEANING UP DISK------
-----END-----

JOB STATISTICS
==============
Job ID: 3342159
Cluster: snellius
User/Group: sunnys/sunnys
State: COMPLETED (exit code 0)
Nodes: 1
Cores per node: 18
CPU Utilized: 02:02:34
CPU Efficiency: 13.36% of 15:17:24 core-walltime
Job Wall-clock time: 00:50:58
Memory Utilized: 62.59 GB
Memory Efficiency: 52.16% of 120.00 GB
