-----BEGIN-----
-----SETTINGS-----
TOTAL CROPS:50000
STRATEGY:feddf
MODEL_NAME:resnet8
NUM_CLIENTS:20
NUM_ROUNDS:30
FRACTION_FIT:0.4
FRACTION_EVALUATE:0.0
DATASET_NAME:cifar10
PARTITION_ALPHA:0.1
PARTITION_VAL_RATIO:0.1
BATCH_SIZE:512
LOCAL_EPOCHS:20
LOCAL_LR:0.01
DISTILL_BATCH_SIZE:512
SERVER_LR:0.005
SERVER_STEPS:500
SERVER_EARLY_STEPS:1000
USE_EARLY_STOPPING:False
USE_ADAPTIVE_LR:False
USE_ADAPTIVE_LR_ROUND:False
SEED:84
CUDA_DETERMINISTIC:False
USE_CROPS:True
IMG_NAME:ameyoko.jpg
DISTILL_DATASET:pathmnist
DISTILL_ALPHA:1.0
NUM_DISTILL_IMAGES:5000
DISTILL_TRANSFORMS:v0
WARM_START:True
WARM_START_ROUNDS:1
WARM_START_INTERVAL:5
KMEANS_N_CLUSTER:1000
KMEANS_HEURISTICS:hard
KMEANS_MIXED_FACTOR:50-50
KMEANS_BALANCING:1.0
CONFIDENCE_THRESHOLD:0.9
CONFIDENCE_STRATEGY:top
CONFIDENCE_ADAPTIVE:False
CONFIDENCE_MAX_THRESH:0.5
CLIPPING_FACTOR:2.5
FEDPROX_FACTOR:2.0
FEDPROX_ADAPTIVE:False
USE_CLIPPING:True
USE_ENTROPY:True
USE_KMEANS:True
USE_FEDPROX:True
-----SETTINGS END-----
-----EXPERIMENT BEGINS-----
---------
Generating crops for FedDF
Namespace(img_size=32, batch_size=32, num_imgs=50000, threads=18, vflip=False, deg=30, shear=30, cropfirst=True, initcrop=0.5, scale=[500, 1], randinterp=False, debug=False, imgpath='./static/single_images/ameyoko.jpg', targetpath='/scratch-local/sunnys.3430941/1692575300_798601356', seed=84, img_per_thread=2777)
will save 50000 patches in /scratch-local/sunnys.3430941/1692575300_798601356/single_img_crops/crops
50000 took 0.85min with 18 threads
---------
Simulating feddf training
INFO simulate 2023-08-21 01:49:35,573 | simulate.py:50 | Python script started : simulate.py
DEBUG simulate 2023-08-21 01:49:35,573 | simulate.py:55 | Reading args from argument parser
Downloading https://www.cs.toronto.edu/~kriz/cifar-10-python.tar.gz to /scratch-local/sunnys.3430941/1692575300_798601356/cifar-10-python.tar.gz
Extracting /scratch-local/sunnys.3430941/1692575300_798601356/cifar-10-python.tar.gz to /scratch-local/sunnys.3430941/1692575300_798601356
Generating unified cifar10 dataset
Class histogram for 0-th partition (alpha=0.1, 10 classes): [ 981 1228    0  289    0    0    1    1    0    0]
INFO flwr 2023-08-21 01:50:45,893 | app.py:145 | Starting Flower simulation, config: ServerConfig(num_rounds=30, round_timeout=None)
2023-08-21 01:50:49,145	INFO worker.py:1529 -- Started a local Ray instance. View the dashboard at [1m[32m127.0.0.1:8266 [39m[22m
INFO flwr 2023-08-21 01:50:50,173 | app.py:179 | Flower VCE: Ray initialized with resources: {'object_store_memory': 61847529062.0, 'accelerator_type:A100': 1.0, 'GPU': 1.0, 'node:145.136.62.47': 1.0, 'memory': 103079215104.0, 'CPU': 18.0}
INFO flwr 2023-08-21 01:50:50,173 | server.py:86 | Initializing global parameters
INFO flwr 2023-08-21 01:50:50,173 | server.py:266 | Using initial parameters provided by strategy
INFO flwr 2023-08-21 01:50:50,173 | server.py:88 | Evaluating initial parameters
INFO flwr 2023-08-21 01:50:58,226 | server.py:91 | initial parameters (loss, other metrics): 2.319245477294922, {'server_test_acc': 0.0811}
INFO flwr 2023-08-21 01:50:58,227 | server.py:101 | FL starting
DEBUG flwr 2023-08-21 01:51:04,315 | server.py:215 | fit_round 1: strategy sampled 8 clients (out of 20)
[2m[36m(launch_and_fit pid=1217876)[0m malloc_consolidate(): invalid chunk size
DEBUG flwr 2023-08-21 01:51:54,308 | server.py:229 | fit_round 1 received 8 results and 0 failures
INFO flwr 2023-08-21 01:51:54,415 | fed_df.py:365 | Warm start at round 1
INFO flwr 2023-08-21 01:51:54,507 | fed_df.py:463 | Performing server side distillation training...
[2m[36m(launch_and_fit pid=1217873)[0m double free or corruption (fasttop)
[2m[36m(launch_and_fit pid=1217804)[0m Fitting Client 10
[2m[36m(launch_and_fit pid=1217803)[0m Fitting Client 8
[2m[36m(launch_and_fit pid=1217874)[0m Fitting Client 5
[2m[36m(launch_and_fit pid=1217873)[0m Fitting Client 18
[2m[36m(launch_and_fit pid=1217877)[0m Fitting Client 2
[2m[36m(launch_and_fit pid=1217872)[0m Fitting Client 11
[2m[36m(launch_and_fit pid=1217876)[0m Fitting Client 19
[2m[36m(launch_and_fit pid=1217875)[0m Fitting Client 4
[2m[36m(launch_and_fit pid=1217804)[0m malloc_consolidate(): invalid chunk size
[2m[36m(launch_and_fit pid=1217875)[0m double free or corruption (fasttop)
[2m[36m(launch_and_fit pid=1217872)[0m malloc_consolidate(): invalid chunk size
[2m[36m(launch_and_fit pid=1217803)[0m malloc_consolidate(): invalid chunk size
E0821 01:51:55.764067029 1206513 chttp2_transport.cc:1079]             ipv4:145.136.62.47:57388: Received a GOAWAY with error code ENHANCE_YOUR_CALM and debug data equal to "too_many_pings". Current keepalive time (before throttling): 60000ms
[2m[36m(launch_and_fit pid=1217877)[0m malloc_consolidate(): invalid chunk size
[2m[36m(launch_and_fit pid=1217874)[0m malloc_consolidate(): invalid chunk size
E0821 01:53:00.335873929 1406116 chttp2_transport.cc:1079]             ipv4:145.136.62.47:57388: Received a GOAWAY with error code ENHANCE_YOUR_CALM and debug data equal to "too_many_pings". Current keepalive time (before throttling): 120000ms
INFO flwr 2023-08-21 01:53:26,457 | fed_df.py:540 | Distillation training stopped at step number : 500
INFO flwr 2023-08-21 01:53:26,458 | fed_df.py:547 | Average fusion training loss : 0.006718572080601007, val accuracy : 0.28150000000000003, best val accuracy : 0.2944
INFO flwr 2023-08-21 01:53:26,459 | common.py:35 | Avg. local train loss : 4.90212285220623, train acc : 0.7639805555555556
INFO flwr 2023-08-21 01:53:29,124 | server.py:116 | fit progress: (1, 2.30768486328125, {'server_test_acc': 0.2896}, 150.8977565872483)
INFO flwr 2023-08-21 01:53:29,125 | server.py:163 | evaluate_round 1: no clients selected, cancel
DEBUG flwr 2023-08-21 01:53:35,058 | server.py:215 | fit_round 2: strategy sampled 8 clients (out of 20)
[2m[36m(launch_and_fit pid=1472428)[0m double free or corruption (fasttop)
DEBUG flwr 2023-08-21 01:54:22,930 | server.py:229 | fit_round 2 received 8 results and 0 failures
[2m[36m(launch_and_fit pid=1472499)[0m malloc_consolidate(): invalid chunk size
[2m[36m(launch_and_fit pid=1472498)[0m malloc_consolidate(): invalid chunk size
INFO flwr 2023-08-21 01:54:23,071 | fed_df.py:463 | Performing server side distillation training...
[2m[36m(launch_and_fit pid=1472428)[0m Fitting Client 0
[2m[36m(launch_and_fit pid=1472497)[0m Fitting Client 16
[2m[36m(launch_and_fit pid=1472496)[0m Fitting Client 3
[2m[36m(launch_and_fit pid=1472499)[0m Fitting Client 7
[2m[36m(launch_and_fit pid=1472427)[0m Fitting Client 13
[2m[36m(launch_and_fit pid=1472498)[0m Fitting Client 2
[2m[36m(launch_and_fit pid=1472425)[0m Fitting Client 15
[2m[36m(launch_and_fit pid=1472426)[0m Fitting Client 5
E0821 01:54:23.489419285 1408887 chttp2_transport.cc:1079]             ipv4:145.136.62.47:57388: Received a GOAWAY with error code ENHANCE_YOUR_CALM and debug data equal to "too_many_pings". Current keepalive time (before throttling): 240000ms
[2m[36m(launch_and_fit pid=1472497)[0m malloc_consolidate(): invalid chunk size
[2m[36m(launch_and_fit pid=1472426)[0m double free or corruption (fasttop)
[2m[36m(launch_and_fit pid=1472425)[0m malloc_consolidate(): invalid chunk size
[2m[36m(launch_and_fit pid=1472496)[0m double free or corruption (fasttop)
[2m[36m(launch_and_fit pid=1472427)[0m malloc_consolidate(): invalid chunk size
INFO flwr 2023-08-21 01:56:01,670 | fed_df.py:540 | Distillation training stopped at step number : 500
INFO flwr 2023-08-21 01:56:01,671 | fed_df.py:547 | Average fusion training loss : 0.0077782176937907935, val accuracy : 0.28490000000000004, best val accuracy : 0.3252
INFO flwr 2023-08-21 01:56:01,672 | common.py:35 | Avg. local train loss : 3.9141072858124972, train acc : 0.8680388888888888
INFO flwr 2023-08-21 01:56:04,460 | server.py:116 | fit progress: (2, 1.9580499450683593, {'server_test_acc': 0.3263}, 306.23332055518404)
INFO flwr 2023-08-21 01:56:04,460 | server.py:163 | evaluate_round 2: no clients selected, cancel
DEBUG flwr 2023-08-21 01:56:10,548 | server.py:215 | fit_round 3: strategy sampled 8 clients (out of 20)
[2m[36m(launch_and_fit pid=1728827)[0m malloc_consolidate(): invalid chunk size
DEBUG flwr 2023-08-21 01:56:58,171 | server.py:229 | fit_round 3 received 8 results and 0 failures
INFO flwr 2023-08-21 01:56:58,314 | fed_df.py:463 | Performing server side distillation training...
[2m[36m(launch_and_fit pid=1728827)[0m Fitting Client 2
[2m[36m(launch_and_fit pid=1728828)[0m Fitting Client 19
[2m[36m(launch_and_fit pid=1728898)[0m Fitting Client 10
[2m[36m(launch_and_fit pid=1728825)[0m Fitting Client 8
[2m[36m(launch_and_fit pid=1728896)[0m Fitting Client 18
[2m[36m(launch_and_fit pid=1728826)[0m Fitting Client 4
[2m[36m(launch_and_fit pid=1728897)[0m Fitting Client 6
[2m[36m(launch_and_fit pid=1728824)[0m Fitting Client 13
[2m[36m(launch_and_fit pid=1728825)[0m double free or corruption (fasttop)
[2m[36m(launch_and_fit pid=1728826)[0m malloc_consolidate(): invalid chunk size
[2m[36m(launch_and_fit pid=1728896)[0m double free or corruption (fasttop)
[2m[36m(launch_and_fit pid=1728824)[0m malloc_consolidate(): invalid chunk size
[2m[36m(launch_and_fit pid=1728897)[0m malloc_consolidate(): invalid chunk size
[2m[36m(launch_and_fit pid=1728828)[0m malloc_consolidate(): invalid chunk size
[2m[36m(launch_and_fit pid=1728898)[0m double free or corruption (fasttop)
E0821 01:57:05.861820988 1824003 chttp2_transport.cc:1079]             ipv4:145.136.62.47:57388: Received a GOAWAY with error code ENHANCE_YOUR_CALM and debug data equal to "too_many_pings". Current keepalive time (before throttling): 480000ms
INFO flwr 2023-08-21 01:58:34,685 | fed_df.py:540 | Distillation training stopped at step number : 500
INFO flwr 2023-08-21 01:58:34,685 | fed_df.py:547 | Average fusion training loss : 0.04206992823630571, val accuracy : 0.28114, best val accuracy : 0.3092
INFO flwr 2023-08-21 01:58:34,686 | common.py:35 | Avg. local train loss : 4.226801710948348, train acc : 0.8353694444444443
INFO flwr 2023-08-21 01:58:37,409 | server.py:116 | fit progress: (3, 2.3422234252929686, {'server_test_acc': 0.3148}, 459.18284725025296)
INFO flwr 2023-08-21 01:58:37,410 | server.py:163 | evaluate_round 3: no clients selected, cancel
DEBUG flwr 2023-08-21 01:58:43,457 | server.py:215 | fit_round 4: strategy sampled 8 clients (out of 20)
[2m[36m(launch_and_fit pid=1982061)[0m malloc_consolidate(): invalid chunk size
[2m[36m(launch_and_fit pid=1982202)[0m malloc_consolidate(): invalid chunk size
DEBUG flwr 2023-08-21 01:59:30,835 | server.py:229 | fit_round 4 received 8 results and 0 failures
INFO flwr 2023-08-21 01:59:30,977 | fed_df.py:463 | Performing server side distillation training...
[2m[36m(launch_and_fit pid=1982061)[0m Fitting Client 8
[2m[36m(launch_and_fit pid=1982059)[0m Fitting Client 12
[2m[36m(launch_and_fit pid=1982131)[0m Fitting Client 17
[2m[36m(launch_and_fit pid=1982132)[0m Fitting Client 11
[2m[36m(launch_and_fit pid=1982203)[0m Fitting Client 1
[2m[36m(launch_and_fit pid=1982201)[0m Fitting Client 0
[2m[36m(launch_and_fit pid=1982133)[0m Fitting Client 18
[2m[36m(launch_and_fit pid=1982202)[0m Fitting Client 19
[2m[36m(launch_and_fit pid=1982131)[0m malloc_consolidate(): invalid chunk size
E0821 01:59:31.670964002 1826051 chttp2_transport.cc:1079]             ipv4:145.136.62.47:57388: Received a GOAWAY with error code ENHANCE_YOUR_CALM and debug data equal to "too_many_pings". Current keepalive time (before throttling): 960000ms
[2m[36m(launch_and_fit pid=1982203)[0m malloc_consolidate(): invalid chunk size
[2m[36m(launch_and_fit pid=1982133)[0m double free or corruption (fasttop)
[2m[36m(launch_and_fit pid=1982201)[0m malloc_consolidate(): invalid chunk size
[2m[36m(launch_and_fit pid=1982059)[0m malloc_consolidate(): invalid chunk size
[2m[36m(launch_and_fit pid=1982132)[0m malloc_consolidate(): invalid chunk size
E0821 01:59:33.105821566 2069496 chttp2_transport.cc:1079]             ipv4:145.136.62.47:57388: Received a GOAWAY with error code ENHANCE_YOUR_CALM and debug data equal to "too_many_pings". Current keepalive time (before throttling): 1920000ms
INFO flwr 2023-08-21 02:01:08,576 | fed_df.py:540 | Distillation training stopped at step number : 500
INFO flwr 2023-08-21 02:01:08,577 | fed_df.py:547 | Average fusion training loss : 0.022575543992221357, val accuracy : 0.26234, best val accuracy : 0.2732
INFO flwr 2023-08-21 02:01:08,578 | common.py:35 | Avg. local train loss : 4.563759944215417, train acc : 0.8012305555555554
INFO flwr 2023-08-21 02:01:11,310 | server.py:116 | fit progress: (4, 2.688215612792969, {'server_test_acc': 0.2729}, 613.0836395109072)
INFO flwr 2023-08-21 02:01:11,311 | server.py:163 | evaluate_round 4: no clients selected, cancel
DEBUG flwr 2023-08-21 02:01:17,449 | server.py:215 | fit_round 5: strategy sampled 8 clients (out of 20)
DEBUG flwr 2023-08-21 02:02:05,506 | server.py:229 | fit_round 5 received 8 results and 0 failures
INFO flwr 2023-08-21 02:02:05,616 | fed_df.py:365 | Warm start at round 5
INFO flwr 2023-08-21 02:02:05,705 | fed_df.py:463 | Performing server side distillation training...
[2m[36m(launch_and_fit pid=2248026)[0m Fitting Client 11
[2m[36m(launch_and_fit pid=2248059)[0m Fitting Client 2
[2m[36m(launch_and_fit pid=2248109)[0m Fitting Client 16
[2m[36m(launch_and_fit pid=2248041)[0m Fitting Client 9
[2m[36m(launch_and_fit pid=2248096)[0m Fitting Client 17
[2m[36m(launch_and_fit pid=2248115)[0m Fitting Client 19
[2m[36m(launch_and_fit pid=2248113)[0m Fitting Client 3
[2m[36m(launch_and_fit pid=2248114)[0m Fitting Client 18
[2m[36m(launch_and_fit pid=2248026)[0m malloc_consolidate(): invalid chunk size
[2m[36m(launch_and_fit pid=2248114)[0m malloc_consolidate(): invalid chunk size
[2m[36m(launch_and_fit pid=2248113)[0m malloc_consolidate(): invalid chunk size
[2m[36m(launch_and_fit pid=2248115)[0m malloc_consolidate(): invalid chunk size
[2m[36m(launch_and_fit pid=2248059)[0m malloc_consolidate(): invalid chunk size
[2m[36m(launch_and_fit pid=2248096)[0m double free or corruption (fasttop)
[2m[36m(launch_and_fit pid=2248109)[0m malloc_consolidate(): invalid chunk size
E0821 02:02:07.855860678 2069865 chttp2_transport.cc:1079]             ipv4:145.136.62.47:57388: Received a GOAWAY with error code ENHANCE_YOUR_CALM and debug data equal to "too_many_pings". Current keepalive time (before throttling): 3840000ms
[2m[36m(launch_and_fit pid=2248041)[0m double free or corruption (fasttop)
INFO flwr 2023-08-21 02:03:41,843 | fed_df.py:540 | Distillation training stopped at step number : 500
INFO flwr 2023-08-21 02:03:41,843 | fed_df.py:547 | Average fusion training loss : 0.02174508595466614, val accuracy : 0.26505999999999996, best val accuracy : 0.2786
INFO flwr 2023-08-21 02:03:41,844 | common.py:35 | Avg. local train loss : 4.216667475551367, train acc : 0.8362416666666665
INFO flwr 2023-08-21 02:03:44,553 | server.py:116 | fit progress: (5, 2.225637023925781, {'server_test_acc': 0.2786}, 766.3264418100007)
INFO flwr 2023-08-21 02:03:44,553 | server.py:163 | evaluate_round 5: no clients selected, cancel
DEBUG flwr 2023-08-21 02:03:50,611 | server.py:215 | fit_round 6: strategy sampled 8 clients (out of 20)
[2m[36m(launch_and_fit pid=2518802)[0m malloc_consolidate(): invalid chunk size
[2m[36m(launch_and_fit pid=2518808)[0m malloc_consolidate(): invalid chunk size
DEBUG flwr 2023-08-21 02:04:38,346 | server.py:229 | fit_round 6 received 8 results and 0 failures
INFO flwr 2023-08-21 02:04:38,487 | fed_df.py:463 | Performing server side distillation training...
[2m[36m(launch_and_fit pid=2518806)[0m Fitting Client 8
[2m[36m(launch_and_fit pid=2518802)[0m Fitting Client 12
[2m[36m(launch_and_fit pid=2518807)[0m Fitting Client 10
[2m[36m(launch_and_fit pid=2518808)[0m Fitting Client 17
[2m[36m(launch_and_fit pid=2518769)[0m Fitting Client 18
[2m[36m(launch_and_fit pid=2518882)[0m Fitting Client 15
[2m[36m(launch_and_fit pid=2518883)[0m Fitting Client 7
[2m[36m(launch_and_fit pid=2518884)[0m Fitting Client 4
[2m[36m(launch_and_fit pid=2518807)[0m malloc_consolidate(): invalid chunk size
[2m[36m(launch_and_fit pid=2518882)[0m malloc_consolidate(): invalid chunk size
[2m[36m(launch_and_fit pid=2518806)[0m malloc_consolidate(): invalid chunk size
[2m[36m(launch_and_fit pid=2518883)[0m malloc_consolidate(): invalid chunk size
[2m[36m(launch_and_fit pid=2518769)[0m double free or corruption (fasttop)
[2m[36m(launch_and_fit pid=2518884)[0m malloc_consolidate(): invalid chunk size
E0821 02:04:40.748556221 2353750 chttp2_transport.cc:1079]             ipv4:145.136.62.47:57388: Received a GOAWAY with error code ENHANCE_YOUR_CALM and debug data equal to "too_many_pings". Current keepalive time (before throttling): 7680000ms
INFO flwr 2023-08-21 02:06:15,560 | fed_df.py:540 | Distillation training stopped at step number : 500
INFO flwr 2023-08-21 02:06:15,560 | fed_df.py:547 | Average fusion training loss : 0.0185837192889303, val accuracy : 0.38730000000000003, best val accuracy : 0.4032
INFO flwr 2023-08-21 02:06:15,563 | common.py:35 | Avg. local train loss : 4.140866040065885, train acc : 0.8485666666666667
INFO flwr 2023-08-21 02:06:18,312 | server.py:116 | fit progress: (6, 2.029410479736328, {'server_test_acc': 0.3953}, 920.0849416260608)
INFO flwr 2023-08-21 02:06:18,312 | server.py:163 | evaluate_round 6: no clients selected, cancel
DEBUG flwr 2023-08-21 02:06:24,402 | server.py:215 | fit_round 7: strategy sampled 8 clients (out of 20)
[2m[36m(launch_and_fit pid=2772478)[0m double free or corruption (fasttop)
[2m[36m(launch_and_fit pid=2772407)[0m malloc_consolidate(): invalid chunk size
[2m[36m(launch_and_fit pid=2772408)[0m malloc_consolidate(): invalid chunk size
DEBUG flwr 2023-08-21 02:07:12,671 | server.py:229 | fit_round 7 received 8 results and 0 failures
INFO flwr 2023-08-21 02:07:12,810 | fed_df.py:463 | Performing server side distillation training...
[2m[36m(launch_and_fit pid=2772407)[0m Fitting Client 0
[2m[36m(launch_and_fit pid=2772408)[0m Fitting Client 3
[2m[36m(launch_and_fit pid=2772405)[0m Fitting Client 19
[2m[36m(launch_and_fit pid=2772406)[0m Fitting Client 8
[2m[36m(launch_and_fit pid=2772434)[0m Fitting Client 15
[2m[36m(launch_and_fit pid=2772478)[0m Fitting Client 4
[2m[36m(launch_and_fit pid=2772410)[0m Fitting Client 2
[2m[36m(launch_and_fit pid=2772404)[0m Fitting Client 12
E0821 02:07:13.210684201 2607156 chttp2_transport.cc:1079]             ipv4:145.136.62.47:57388: Received a GOAWAY with error code ENHANCE_YOUR_CALM and debug data equal to "too_many_pings". Current keepalive time (before throttling): 15360000ms
[2m[36m(launch_and_fit pid=2772406)[0m double free or corruption (fasttop)
[2m[36m(launch_and_fit pid=2772410)[0m double free or corruption (fasttop)
[2m[36m(launch_and_fit pid=2772405)[0m malloc_consolidate(): invalid chunk size
[2m[36m(launch_and_fit pid=2772404)[0m double free or corruption (fasttop)
[2m[36m(launch_and_fit pid=2772434)[0m double free or corruption (fasttop)
E0821 02:07:14.799957073 2857666 chttp2_transport.cc:1079]             ipv4:145.136.62.47:57388: Received a GOAWAY with error code ENHANCE_YOUR_CALM and debug data equal to "too_many_pings". Current keepalive time (before throttling): 30720000ms
INFO flwr 2023-08-21 02:08:50,641 | fed_df.py:540 | Distillation training stopped at step number : 500
INFO flwr 2023-08-21 02:08:50,641 | fed_df.py:547 | Average fusion training loss : 0.023027196530252696, val accuracy : 0.31938, best val accuracy : 0.3298
INFO flwr 2023-08-21 02:08:50,642 | common.py:35 | Avg. local train loss : 4.128638440743089, train acc : 0.8522611111111111
INFO flwr 2023-08-21 02:08:53,368 | server.py:116 | fit progress: (7, 2.5494681274414064, {'server_test_acc': 0.3289}, 1075.1416625748388)
INFO flwr 2023-08-21 02:08:53,369 | server.py:163 | evaluate_round 7: no clients selected, cancel
DEBUG flwr 2023-08-21 02:08:59,492 | server.py:215 | fit_round 8: strategy sampled 8 clients (out of 20)
DEBUG flwr 2023-08-21 02:09:47,192 | server.py:229 | fit_round 8 received 8 results and 0 failures
[2m[36m(launch_and_fit pid=3026224)[0m malloc_consolidate(): invalid chunk size
INFO flwr 2023-08-21 02:09:47,332 | fed_df.py:463 | Performing server side distillation training...
[2m[36m(launch_and_fit pid=3026227)[0m Fitting Client 15
[2m[36m(launch_and_fit pid=3026298)[0m Fitting Client 13
[2m[36m(launch_and_fit pid=3026225)[0m Fitting Client 5
[2m[36m(launch_and_fit pid=3026296)[0m Fitting Client 9
[2m[36m(launch_and_fit pid=3026226)[0m Fitting Client 14
[2m[36m(launch_and_fit pid=3026224)[0m Fitting Client 7
[2m[36m(launch_and_fit pid=3026297)[0m Fitting Client 4
[2m[36m(launch_and_fit pid=3026228)[0m Fitting Client 19
[2m[36m(launch_and_fit pid=3026227)[0m malloc_consolidate(): invalid chunk size
[2m[36m(launch_and_fit pid=3026298)[0m double free or corruption (fasttop)
[2m[36m(launch_and_fit pid=3026296)[0m double free or corruption (fasttop)
[2m[36m(launch_and_fit pid=3026226)[0m malloc_consolidate(): invalid chunk size
[2m[36m(launch_and_fit pid=3026228)[0m malloc_consolidate(): invalid chunk size
[2m[36m(launch_and_fit pid=3026225)[0m malloc_consolidate(): invalid chunk size
[2m[36m(launch_and_fit pid=3026297)[0m double free or corruption (fasttop)
E0821 02:09:51.728965454 2860236 chttp2_transport.cc:1079]             ipv4:145.136.62.47:57388: Received a GOAWAY with error code ENHANCE_YOUR_CALM and debug data equal to "too_many_pings". Current keepalive time (before throttling): 61440000ms
INFO flwr 2023-08-21 02:11:25,957 | fed_df.py:540 | Distillation training stopped at step number : 500
INFO flwr 2023-08-21 02:11:25,958 | fed_df.py:547 | Average fusion training loss : 0.025488328328356145, val accuracy : 0.31726, best val accuracy : 0.3324
INFO flwr 2023-08-21 02:11:25,959 | common.py:35 | Avg. local train loss : 3.965821398422122, train acc : 0.86925
INFO flwr 2023-08-21 02:11:28,778 | server.py:116 | fit progress: (8, 2.7270312744140623, {'server_test_acc': 0.3332}, 1230.5508926981129)
INFO flwr 2023-08-21 02:11:28,778 | server.py:163 | evaluate_round 8: no clients selected, cancel
DEBUG flwr 2023-08-21 02:11:34,878 | server.py:215 | fit_round 9: strategy sampled 8 clients (out of 20)
[2m[36m(launch_and_fit pid=3280780)[0m malloc_consolidate(): invalid chunk size
[2m[36m(launch_and_fit pid=3280852)[0m malloc_consolidate(): invalid chunk size
DEBUG flwr 2023-08-21 02:12:22,793 | server.py:229 | fit_round 9 received 8 results and 0 failures
INFO flwr 2023-08-21 02:12:22,934 | fed_df.py:463 | Performing server side distillation training...
[2m[36m(launch_and_fit pid=3280852)[0m Fitting Client 16
[2m[36m(launch_and_fit pid=3280780)[0m Fitting Client 2
[2m[36m(launch_and_fit pid=3280848)[0m Fitting Client 13
[2m[36m(launch_and_fit pid=3280778)[0m Fitting Client 18
[2m[36m(launch_and_fit pid=3280851)[0m Fitting Client 4
[2m[36m(launch_and_fit pid=3280850)[0m Fitting Client 19
[2m[36m(launch_and_fit pid=3280779)[0m Fitting Client 3
[2m[36m(launch_and_fit pid=3280849)[0m Fitting Client 5
[2m[36m(launch_and_fit pid=3280850)[0m double free or corruption (fasttop)
[2m[36m(launch_and_fit pid=3280851)[0m corrupted size vs. prev_size in fastbins
[2m[36m(launch_and_fit pid=3280848)[0m malloc_consolidate(): invalid chunk size
[2m[36m(launch_and_fit pid=3280778)[0m malloc_consolidate(): invalid chunk size
[2m[36m(launch_and_fit pid=3280849)[0m double free or corruption (fasttop)
E0821 02:12:23.902733269 3117854 chttp2_transport.cc:1079]             ipv4:145.136.62.47:57388: Received a GOAWAY with error code ENHANCE_YOUR_CALM and debug data equal to "too_many_pings". Current keepalive time (before throttling): 122880000ms
[2m[36m(launch_and_fit pid=3280779)[0m malloc_consolidate(): invalid chunk size
INFO flwr 2023-08-21 02:14:00,327 | fed_df.py:540 | Distillation training stopped at step number : 500
INFO flwr 2023-08-21 02:14:00,327 | fed_df.py:547 | Average fusion training loss : 0.018704793218523263, val accuracy : 0.32434, best val accuracy : 0.3484
INFO flwr 2023-08-21 02:14:00,328 | common.py:35 | Avg. local train loss : 3.879992241412401, train acc : 0.8764583333333333
INFO flwr 2023-08-21 02:14:03,068 | server.py:116 | fit progress: (9, 2.6231010009765625, {'server_test_acc': 0.3473}, 1384.841112348251)
INFO flwr 2023-08-21 02:14:03,068 | server.py:163 | evaluate_round 9: no clients selected, cancel
DEBUG flwr 2023-08-21 02:14:09,173 | server.py:215 | fit_round 10: strategy sampled 8 clients (out of 20)
[2m[36m(launch_and_fit pid=3535437)[0m double free or corruption (fasttop)
[2m[36m(launch_and_fit pid=3535508)[0m malloc_consolidate(): invalid chunk size
DEBUG flwr 2023-08-21 02:14:56,758 | server.py:229 | fit_round 10 received 8 results and 0 failures
INFO flwr 2023-08-21 02:14:56,866 | fed_df.py:365 | Warm start at round 10
INFO flwr 2023-08-21 02:14:56,953 | fed_df.py:463 | Performing server side distillation training...
[2m[36m(launch_and_fit pid=3535437)[0m Fitting Client 13
[2m[36m(launch_and_fit pid=3535439)[0m Fitting Client 19
[2m[36m(launch_and_fit pid=3535440)[0m Fitting Client 1
[2m[36m(launch_and_fit pid=3535508)[0m Fitting Client 0
[2m[36m(launch_and_fit pid=3535438)[0m Fitting Client 10
[2m[36m(launch_and_fit pid=3535435)[0m Fitting Client 5
[2m[36m(launch_and_fit pid=3535510)[0m Fitting Client 9
[2m[36m(launch_and_fit pid=3535509)[0m Fitting Client 7
[2m[36m(launch_and_fit pid=3535438)[0m malloc_consolidate(): invalid chunk size
E0821 02:14:57.814711833 3367434 chttp2_transport.cc:1079]             ipv4:145.136.62.47:57388: Received a GOAWAY with error code ENHANCE_YOUR_CALM and debug data equal to "too_many_pings". Current keepalive time (before throttling): 245760000ms
[2m[36m(launch_and_fit pid=3535510)[0m malloc_consolidate(): invalid chunk size
[2m[36m(launch_and_fit pid=3535439)[0m double free or corruption (fasttop)
[2m[36m(launch_and_fit pid=3535435)[0m malloc_consolidate(): invalid chunk size
[2m[36m(launch_and_fit pid=3535440)[0m malloc_consolidate(): invalid chunk size
[2m[36m(launch_and_fit pid=3535509)[0m malloc_consolidate(): invalid chunk size
INFO flwr 2023-08-21 02:16:35,267 | fed_df.py:540 | Distillation training stopped at step number : 500
INFO flwr 2023-08-21 02:16:35,268 | fed_df.py:547 | Average fusion training loss : 0.011447158816270531, val accuracy : 0.40634, best val accuracy : 0.4142
INFO flwr 2023-08-21 02:16:35,269 | common.py:35 | Avg. local train loss : 3.9121430538594724, train acc : 0.8767888888888888
INFO flwr 2023-08-21 02:16:38,047 | server.py:116 | fit progress: (10, 1.8480307006835937, {'server_test_acc': 0.4043}, 1539.820371069014)
INFO flwr 2023-08-21 02:16:38,047 | server.py:163 | evaluate_round 10: no clients selected, cancel
DEBUG flwr 2023-08-21 02:16:44,242 | server.py:215 | fit_round 11: strategy sampled 8 clients (out of 20)
[2m[36m(launch_and_fit pid=3794538)[0m double free or corruption (fasttop)
DEBUG flwr 2023-08-21 02:17:31,996 | server.py:229 | fit_round 11 received 8 results and 0 failures
INFO flwr 2023-08-21 02:17:32,139 | fed_df.py:463 | Performing server side distillation training...
[2m[36m(launch_and_fit pid=3794538)[0m Fitting Client 3
[2m[36m(launch_and_fit pid=3794545)[0m Fitting Client 16
[2m[36m(launch_and_fit pid=3794666)[0m Fitting Client 0
[2m[36m(launch_and_fit pid=3794543)[0m Fitting Client 13
[2m[36m(launch_and_fit pid=3794544)[0m Fitting Client 14
[2m[36m(launch_and_fit pid=3794665)[0m Fitting Client 5
[2m[36m(launch_and_fit pid=3794663)[0m Fitting Client 6
[2m[36m(launch_and_fit pid=3794664)[0m Fitting Client 11
[2m[36m(launch_and_fit pid=3794543)[0m double free or corruption (fasttop)
[2m[36m(launch_and_fit pid=3794545)[0m double free or corruption (fasttop)
[2m[36m(launch_and_fit pid=3794665)[0m malloc_consolidate(): invalid chunk size
[2m[36m(launch_and_fit pid=3794666)[0m double free or corruption (fasttop)
[2m[36m(launch_and_fit pid=3794664)[0m malloc_consolidate(): invalid chunk size
[2m[36m(launch_and_fit pid=3794663)[0m double free or corruption (fasttop)
[2m[36m(launch_and_fit pid=3794544)[0m malloc_consolidate(): invalid chunk size
E0821 02:17:33.465950895 3621837 chttp2_transport.cc:1079]             ipv4:145.136.62.47:57388: Received a GOAWAY with error code ENHANCE_YOUR_CALM and debug data equal to "too_many_pings". Current keepalive time (before throttling): 491520000ms
E0821 02:18:38.141337220 3899825 chttp2_transport.cc:1079]             ipv4:145.136.62.47:57388: Received a GOAWAY with error code ENHANCE_YOUR_CALM and debug data equal to "too_many_pings". Current keepalive time (before throttling): 983040000ms
INFO flwr 2023-08-21 02:19:10,761 | fed_df.py:540 | Distillation training stopped at step number : 500
INFO flwr 2023-08-21 02:19:10,762 | fed_df.py:547 | Average fusion training loss : 0.013627879587933421, val accuracy : 0.3741, best val accuracy : 0.4094
INFO flwr 2023-08-21 02:19:10,763 | common.py:35 | Avg. local train loss : 3.773629267886281, train acc : 0.8891583333333334
INFO flwr 2023-08-21 02:19:13,525 | server.py:116 | fit progress: (11, 1.8515544494628906, {'server_test_acc': 0.4137}, 1695.2980296448804)
INFO flwr 2023-08-21 02:19:13,525 | server.py:163 | evaluate_round 11: no clients selected, cancel
DEBUG flwr 2023-08-21 02:19:19,715 | server.py:215 | fit_round 12: strategy sampled 8 clients (out of 20)
[2m[36m(launch_and_fit pid=4074650)[0m malloc_consolidate(): invalid chunk size
[2m[36m(launch_and_fit pid=4074648)[0m malloc_consolidate(): invalid chunk size
DEBUG flwr 2023-08-21 02:20:07,777 | server.py:229 | fit_round 12 received 8 results and 0 failures
[2m[36m(launch_and_fit pid=4074613)[0m double free or corruption (fasttop)
INFO flwr 2023-08-21 02:20:07,933 | fed_df.py:463 | Performing server side distillation training...
[2m[36m(launch_and_fit pid=4074613)[0m Fitting Client 3
[2m[36m(launch_and_fit pid=4074577)[0m Fitting Client 17
[2m[36m(launch_and_fit pid=4074647)[0m Fitting Client 8
[2m[36m(launch_and_fit pid=4074648)[0m Fitting Client 5
[2m[36m(launch_and_fit pid=4074649)[0m Fitting Client 1
[2m[36m(launch_and_fit pid=4074650)[0m Fitting Client 18
[2m[36m(launch_and_fit pid=4074576)[0m Fitting Client 0
[2m[36m(launch_and_fit pid=4074578)[0m Fitting Client 14
[2m[36m(launch_and_fit pid=4074647)[0m malloc_consolidate(): invalid chunk size
E0821 02:20:08.585472013 4011979 chttp2_transport.cc:1079]             ipv4:145.136.62.47:57388: Received a GOAWAY with error code ENHANCE_YOUR_CALM and debug data equal to "too_many_pings". Current keepalive time (before throttling): 1966080000ms
[2m[36m(launch_and_fit pid=4074577)[0m double free or corruption (fasttop)
[2m[36m(launch_and_fit pid=4074649)[0m double free or corruption (fasttop)
[2m[36m(launch_and_fit pid=4074576)[0m double free or corruption (fasttop)
[2m[36m(launch_and_fit pid=4074578)[0m double free or corruption (fasttop)
INFO flwr 2023-08-21 02:21:46,563 | fed_df.py:540 | Distillation training stopped at step number : 500
INFO flwr 2023-08-21 02:21:46,563 | fed_df.py:547 | Average fusion training loss : 0.022542947243899106, val accuracy : 0.41103999999999996, best val accuracy : 0.444
INFO flwr 2023-08-21 02:21:46,564 | common.py:35 | Avg. local train loss : 4.008305387571454, train acc : 0.8667305555555554
INFO flwr 2023-08-21 02:21:49,332 | server.py:116 | fit progress: (12, 1.8642969940185548, {'server_test_acc': 0.4354}, 1851.1053222129121)
INFO flwr 2023-08-21 02:21:49,332 | server.py:163 | evaluate_round 12: no clients selected, cancel
DEBUG flwr 2023-08-21 02:21:55,492 | server.py:215 | fit_round 13: strategy sampled 8 clients (out of 20)
[2m[36m(launch_and_fit pid=136865)[0m malloc_consolidate(): invalid chunk size
DEBUG flwr 2023-08-21 02:22:42,982 | server.py:229 | fit_round 13 received 8 results and 0 failures
INFO flwr 2023-08-21 02:22:43,129 | fed_df.py:463 | Performing server side distillation training...
[2m[36m(launch_and_fit pid=136865)[0m Fitting Client 11
[2m[36m(launch_and_fit pid=136880)[0m Fitting Client 5
[2m[36m(launch_and_fit pid=136878)[0m Fitting Client 7
[2m[36m(launch_and_fit pid=136866)[0m Fitting Client 19
[2m[36m(launch_and_fit pid=136879)[0m Fitting Client 14
[2m[36m(launch_and_fit pid=136871)[0m Fitting Client 18
[2m[36m(launch_and_fit pid=136867)[0m Fitting Client 3
[2m[36m(launch_and_fit pid=136877)[0m Fitting Client 0
[2m[36m(launch_and_fit pid=136871)[0m double free or corruption (fasttop)
[2m[36m(launch_and_fit pid=136877)[0m double free or corruption (fasttop)
[2m[36m(launch_and_fit pid=136879)[0m malloc_consolidate(): invalid chunk size
[2m[36m(launch_and_fit pid=136880)[0m malloc_consolidate(): invalid chunk size
[2m[36m(launch_and_fit pid=136867)[0m malloc_consolidate(): invalid chunk size
[2m[36m(launch_and_fit pid=136878)[0m double free or corruption (fasttop)
[2m[36m(launch_and_fit pid=136866)[0m malloc_consolidate(): invalid chunk size
E0821 02:22:45.495241703 4159717 chttp2_transport.cc:1079]             ipv4:145.136.62.47:57388: Received a GOAWAY with error code ENHANCE_YOUR_CALM and debug data equal to "too_many_pings". Current keepalive time (before throttling): ∞
INFO flwr 2023-08-21 02:24:22,190 | fed_df.py:540 | Distillation training stopped at step number : 500
INFO flwr 2023-08-21 02:24:22,191 | fed_df.py:547 | Average fusion training loss : 0.03749711166322231, val accuracy : 0.33598000000000006, best val accuracy : 0.367
INFO flwr 2023-08-21 02:24:22,192 | common.py:35 | Avg. local train loss : 3.9198100674897436, train acc : 0.8737055555555554
INFO flwr 2023-08-21 02:24:24,963 | server.py:116 | fit progress: (13, 2.6571361206054687, {'server_test_acc': 0.3624}, 2006.7368265190162)
INFO flwr 2023-08-21 02:24:24,964 | server.py:163 | evaluate_round 13: no clients selected, cancel
DEBUG flwr 2023-08-21 02:24:31,181 | server.py:215 | fit_round 14: strategy sampled 8 clients (out of 20)
[2m[36m(launch_and_fit pid=392523)[0m malloc_consolidate(): invalid chunk size
DEBUG flwr 2023-08-21 02:25:18,504 | server.py:229 | fit_round 14 received 8 results and 0 failures
INFO flwr 2023-08-21 02:25:18,645 | fed_df.py:463 | Performing server side distillation training...
[2m[36m(launch_and_fit pid=392450)[0m Fitting Client 8
[2m[36m(launch_and_fit pid=392523)[0m Fitting Client 10
[2m[36m(launch_and_fit pid=392526)[0m Fitting Client 14
[2m[36m(launch_and_fit pid=392522)[0m Fitting Client 9
[2m[36m(launch_and_fit pid=392500)[0m Fitting Client 3
[2m[36m(launch_and_fit pid=392525)[0m Fitting Client 18
[2m[36m(launch_and_fit pid=392521)[0m Fitting Client 4
[2m[36m(launch_and_fit pid=392524)[0m Fitting Client 16
[2m[36m(launch_and_fit pid=392524)[0m double free or corruption (fasttop)
[2m[36m(launch_and_fit pid=392450)[0m malloc_consolidate(): invalid chunk size
[2m[36m(launch_and_fit pid=392522)[0m malloc_consolidate(): invalid chunk size
[2m[36m(launch_and_fit pid=392525)[0m malloc_consolidate(): invalid chunk size
[2m[36m(launch_and_fit pid=392500)[0m double free or corruption (fasttop)
[2m[36m(launch_and_fit pid=392521)[0m malloc_consolidate(): invalid chunk size
[2m[36m(launch_and_fit pid=392526)[0m malloc_consolidate(): invalid chunk size
E0821 02:25:22.913268847  220666 chttp2_transport.cc:1079]             ipv4:145.136.62.47:57388: Received a GOAWAY with error code ENHANCE_YOUR_CALM and debug data equal to "too_many_pings". Current keepalive time (before throttling): ∞
INFO flwr 2023-08-21 02:26:57,380 | fed_df.py:540 | Distillation training stopped at step number : 500
INFO flwr 2023-08-21 02:26:57,380 | fed_df.py:547 | Average fusion training loss : 0.020321857104077936, val accuracy : 0.38316000000000006, best val accuracy : 0.4156
INFO flwr 2023-08-21 02:26:57,382 | common.py:35 | Avg. local train loss : 4.038216768577695, train acc : 0.8634000000000001
INFO flwr 2023-08-21 02:27:00,146 | server.py:116 | fit progress: (14, 2.039789892578125, {'server_test_acc': 0.4078}, 2161.919564268086)
INFO flwr 2023-08-21 02:27:00,146 | server.py:163 | evaluate_round 14: no clients selected, cancel
DEBUG flwr 2023-08-21 02:27:06,344 | server.py:215 | fit_round 15: strategy sampled 8 clients (out of 20)
[2m[36m(launch_and_fit pid=647558)[0m double free or corruption (fasttop)
DEBUG flwr 2023-08-21 02:27:54,206 | server.py:229 | fit_round 15 received 8 results and 0 failures
INFO flwr 2023-08-21 02:27:54,317 | fed_df.py:365 | Warm start at round 15
INFO flwr 2023-08-21 02:27:54,424 | fed_df.py:463 | Performing server side distillation training...
[2m[36m(launch_and_fit pid=647558)[0m Fitting Client 8
[2m[36m(launch_and_fit pid=647579)[0m Fitting Client 7
[2m[36m(launch_and_fit pid=647580)[0m Fitting Client 15
[2m[36m(launch_and_fit pid=647581)[0m Fitting Client 5
[2m[36m(launch_and_fit pid=647583)[0m Fitting Client 14
[2m[36m(launch_and_fit pid=647582)[0m Fitting Client 18
[2m[36m(launch_and_fit pid=647586)[0m Fitting Client 12
[2m[36m(launch_and_fit pid=647584)[0m Fitting Client 1
[2m[36m(launch_and_fit pid=647583)[0m double free or corruption (fasttop)
[2m[36m(launch_and_fit pid=647579)[0m malloc_consolidate(): invalid chunk size
[2m[36m(launch_and_fit pid=647582)[0m double free or corruption (fasttop)
[2m[36m(launch_and_fit pid=647584)[0m malloc_consolidate(): invalid chunk size
[2m[36m(launch_and_fit pid=647580)[0m malloc_consolidate(): invalid chunk size
[2m[36m(launch_and_fit pid=647581)[0m malloc_consolidate(): invalid chunk size
[2m[36m(launch_and_fit pid=647586)[0m malloc_consolidate(): invalid chunk size
E0821 02:27:56.903059234  724781 chttp2_transport.cc:1079]             ipv4:145.136.62.47:57388: Received a GOAWAY with error code ENHANCE_YOUR_CALM and debug data equal to "too_many_pings". Current keepalive time (before throttling): ∞
INFO flwr 2023-08-21 02:29:33,346 | fed_df.py:540 | Distillation training stopped at step number : 500
INFO flwr 2023-08-21 02:29:33,346 | fed_df.py:547 | Average fusion training loss : 0.011772681321017444, val accuracy : 0.46304, best val accuracy : 0.4882
INFO flwr 2023-08-21 02:29:33,347 | common.py:35 | Avg. local train loss : 3.90610492490232, train acc : 0.8771944444444445
INFO flwr 2023-08-21 02:29:36,105 | server.py:116 | fit progress: (15, 1.5802398712158203, {'server_test_acc': 0.4811}, 2317.878343943972)
INFO flwr 2023-08-21 02:29:36,105 | server.py:163 | evaluate_round 15: no clients selected, cancel
DEBUG flwr 2023-08-21 02:29:42,237 | server.py:215 | fit_round 16: strategy sampled 8 clients (out of 20)
[2m[36m(launch_and_fit pid=901964)[0m corrupted size vs. prev_size in fastbins
[2m[36m(launch_and_fit pid=902048)[0m double free or corruption (fasttop)
[2m[36m(launch_and_fit pid=902047)[0m double free or corruption (fasttop)
DEBUG flwr 2023-08-21 02:30:30,261 | server.py:229 | fit_round 16 received 8 results and 0 failures
INFO flwr 2023-08-21 02:30:30,405 | fed_df.py:463 | Performing server side distillation training...
[2m[36m(launch_and_fit pid=901964)[0m Fitting Client 10
[2m[36m(launch_and_fit pid=902047)[0m Fitting Client 17
[2m[36m(launch_and_fit pid=902138)[0m Fitting Client 18
[2m[36m(launch_and_fit pid=902049)[0m Fitting Client 15
[2m[36m(launch_and_fit pid=902048)[0m Fitting Client 11
[2m[36m(launch_and_fit pid=902137)[0m Fitting Client 7
[2m[36m(launch_and_fit pid=902136)[0m Fitting Client 12
[2m[36m(launch_and_fit pid=902139)[0m Fitting Client 9
[2m[36m(launch_and_fit pid=902138)[0m malloc_consolidate(): invalid chunk size
[2m[36m(launch_and_fit pid=902136)[0m double free or corruption (fasttop)
[2m[36m(launch_and_fit pid=902049)[0m corrupted size vs. prev_size in fastbins
E0821 02:30:31.258603197  975404 chttp2_transport.cc:1079]             ipv4:145.136.62.47:57388: Received a GOAWAY with error code ENHANCE_YOUR_CALM and debug data equal to "too_many_pings". Current keepalive time (before throttling): ∞
[2m[36m(launch_and_fit pid=902139)[0m double free or corruption (fasttop)
[2m[36m(launch_and_fit pid=902137)[0m double free or corruption (fasttop)
INFO flwr 2023-08-21 02:32:09,813 | fed_df.py:540 | Distillation training stopped at step number : 500
INFO flwr 2023-08-21 02:32:09,814 | fed_df.py:547 | Average fusion training loss : 0.009535792151466011, val accuracy : 0.41538, best val accuracy : 0.426
INFO flwr 2023-08-21 02:32:09,815 | common.py:35 | Avg. local train loss : 3.8057491354644295, train acc : 0.8863416666666667
INFO flwr 2023-08-21 02:32:12,574 | server.py:116 | fit progress: (16, 2.409862652587891, {'server_test_acc': 0.4174}, 2474.34699068591)
INFO flwr 2023-08-21 02:32:12,574 | server.py:163 | evaluate_round 16: no clients selected, cancel
DEBUG flwr 2023-08-21 02:32:18,761 | server.py:215 | fit_round 17: strategy sampled 8 clients (out of 20)
[2m[36m(launch_and_fit pid=1162999)[0m double free or corruption (fasttop)
DEBUG flwr 2023-08-21 02:33:07,007 | server.py:229 | fit_round 17 received 8 results and 0 failures
INFO flwr 2023-08-21 02:33:07,147 | fed_df.py:463 | Performing server side distillation training...
[2m[36m(launch_and_fit pid=1162984)[0m Fitting Client 15
[2m[36m(launch_and_fit pid=1163009)[0m Fitting Client 17
[2m[36m(launch_and_fit pid=1163008)[0m Fitting Client 0
[2m[36m(launch_and_fit pid=1163084)[0m Fitting Client 14
[2m[36m(launch_and_fit pid=1163085)[0m Fitting Client 11
[2m[36m(launch_and_fit pid=1163007)[0m Fitting Client 1
[2m[36m(launch_and_fit pid=1162999)[0m Fitting Client 9
[2m[36m(launch_and_fit pid=1163036)[0m Fitting Client 16
[2m[36m(launch_and_fit pid=1162984)[0m malloc_consolidate(): invalid chunk size
[2m[36m(launch_and_fit pid=1163084)[0m malloc_consolidate(): invalid chunk size
[2m[36m(launch_and_fit pid=1163007)[0m corrupted size vs. prev_size in fastbins
[2m[36m(launch_and_fit pid=1163036)[0m malloc_consolidate(): invalid chunk size
[2m[36m(launch_and_fit pid=1163009)[0m malloc_consolidate(): invalid chunk size
[2m[36m(launch_and_fit pid=1163008)[0m double free or corruption (fasttop)
[2m[36m(launch_and_fit pid=1163085)[0m malloc_consolidate(): invalid chunk size
E0821 02:33:10.056441613  975935 chttp2_transport.cc:1079]             ipv4:145.136.62.47:57388: Received a GOAWAY with error code ENHANCE_YOUR_CALM and debug data equal to "too_many_pings". Current keepalive time (before throttling): ∞
INFO flwr 2023-08-21 02:34:46,532 | fed_df.py:540 | Distillation training stopped at step number : 500
INFO flwr 2023-08-21 02:34:46,532 | fed_df.py:547 | Average fusion training loss : 0.01200980514101684, val accuracy : 0.42852000000000007, best val accuracy : 0.46
INFO flwr 2023-08-21 02:34:46,533 | common.py:35 | Avg. local train loss : 3.8338100075721737, train acc : 0.8869111111111112
INFO flwr 2023-08-21 02:34:49,312 | server.py:116 | fit progress: (17, 2.1356942565917967, {'server_test_acc': 0.4526}, 2631.0853217430413)
INFO flwr 2023-08-21 02:34:49,312 | server.py:163 | evaluate_round 17: no clients selected, cancel
DEBUG flwr 2023-08-21 02:34:55,476 | server.py:215 | fit_round 18: strategy sampled 8 clients (out of 20)
[2m[36m(launch_and_fit pid=1444620)[0m double free or corruption (fasttop)
DEBUG flwr 2023-08-21 02:35:43,445 | server.py:229 | fit_round 18 received 8 results and 0 failures
[2m[36m(launch_and_fit pid=1444619)[0m malloc_consolidate(): invalid chunk size
INFO flwr 2023-08-21 02:35:43,587 | fed_df.py:463 | Performing server side distillation training...
[2m[36m(launch_and_fit pid=1444549)[0m Fitting Client 10
[2m[36m(launch_and_fit pid=1444620)[0m Fitting Client 19
[2m[36m(launch_and_fit pid=1444546)[0m Fitting Client 3
[2m[36m(launch_and_fit pid=1444550)[0m Fitting Client 2
[2m[36m(launch_and_fit pid=1444618)[0m Fitting Client 14
[2m[36m(launch_and_fit pid=1444548)[0m Fitting Client 16
[2m[36m(launch_and_fit pid=1444547)[0m Fitting Client 12
[2m[36m(launch_and_fit pid=1444619)[0m Fitting Client 7
[2m[36m(launch_and_fit pid=1444618)[0m malloc_consolidate(): invalid chunk size
[2m[36m(launch_and_fit pid=1444548)[0m double free or corruption (fasttop)
[2m[36m(launch_and_fit pid=1444549)[0m double free or corruption (fasttop)
[2m[36m(launch_and_fit pid=1444547)[0m malloc_consolidate(): invalid chunk size
[2m[36m(launch_and_fit pid=1444550)[0m malloc_consolidate(): invalid chunk size
[2m[36m(launch_and_fit pid=1444546)[0m malloc_consolidate(): invalid chunk size
INFO flwr 2023-08-21 02:37:22,845 | fed_df.py:540 | Distillation training stopped at step number : 500
INFO flwr 2023-08-21 02:37:22,846 | fed_df.py:547 | Average fusion training loss : 0.018909811988472938, val accuracy : 0.43645999999999996, best val accuracy : 0.4668
INFO flwr 2023-08-21 02:37:22,847 | common.py:35 | Avg. local train loss : 3.806013360247016, train acc : 0.8904444444444444
INFO flwr 2023-08-21 02:37:25,646 | server.py:116 | fit progress: (18, 1.7233856689453124, {'server_test_acc': 0.4489}, 2787.419352182187)
INFO flwr 2023-08-21 02:37:25,646 | server.py:163 | evaluate_round 18: no clients selected, cancel
DEBUG flwr 2023-08-21 02:37:31,840 | server.py:215 | fit_round 19: strategy sampled 8 clients (out of 20)
[2m[36m(launch_and_fit pid=1699973)[0m malloc_consolidate(): invalid chunk size
DEBUG flwr 2023-08-21 02:38:20,018 | server.py:229 | fit_round 19 received 8 results and 0 failures
INFO flwr 2023-08-21 02:38:20,160 | fed_df.py:463 | Performing server side distillation training...
[2m[36m(launch_and_fit pid=1699974)[0m Fitting Client 16
[2m[36m(launch_and_fit pid=1699973)[0m Fitting Client 17
[2m[36m(launch_and_fit pid=1699976)[0m Fitting Client 14
[2m[36m(launch_and_fit pid=1700047)[0m Fitting Client 1
[2m[36m(launch_and_fit pid=1700045)[0m Fitting Client 8
[2m[36m(launch_and_fit pid=1700046)[0m Fitting Client 6
[2m[36m(launch_and_fit pid=1699975)[0m Fitting Client 11
[2m[36m(launch_and_fit pid=1700044)[0m Fitting Client 10
[2m[36m(launch_and_fit pid=1700047)[0m malloc_consolidate(): invalid chunk size
[2m[36m(launch_and_fit pid=1699974)[0m corrupted size vs. prev_size in fastbins
[2m[36m(launch_and_fit pid=1699976)[0m malloc_consolidate(): invalid chunk size
[2m[36m(launch_and_fit pid=1700045)[0m malloc_consolidate(): invalid chunk size
[2m[36m(launch_and_fit pid=1700046)[0m malloc_consolidate(): invalid chunk size
[2m[36m(launch_and_fit pid=1699975)[0m malloc_consolidate(): invalid chunk size
[2m[36m(launch_and_fit pid=1700044)[0m malloc_consolidate(): invalid chunk size
E0821 02:38:24.510295245 1782873 chttp2_transport.cc:1079]             ipv4:145.136.62.47:57388: Received a GOAWAY with error code ENHANCE_YOUR_CALM and debug data equal to "too_many_pings". Current keepalive time (before throttling): ∞
INFO flwr 2023-08-21 02:39:58,758 | fed_df.py:540 | Distillation training stopped at step number : 500
INFO flwr 2023-08-21 02:39:58,759 | fed_df.py:547 | Average fusion training loss : 0.010768966385163366, val accuracy : 0.46782, best val accuracy : 0.4764
INFO flwr 2023-08-21 02:39:58,760 | common.py:35 | Avg. local train loss : 3.8891999557614323, train acc : 0.880238888888889
INFO flwr 2023-08-21 02:40:01,522 | server.py:116 | fit progress: (19, 1.9506989868164062, {'server_test_acc': 0.4723}, 2943.2958009871654)
INFO flwr 2023-08-21 02:40:01,523 | server.py:163 | evaluate_round 19: no clients selected, cancel
DEBUG flwr 2023-08-21 02:40:07,646 | server.py:215 | fit_round 20: strategy sampled 8 clients (out of 20)
[2m[36m(launch_and_fit pid=1956243)[0m double free or corruption (fasttop)
DEBUG flwr 2023-08-21 02:40:55,700 | server.py:229 | fit_round 20 received 8 results and 0 failures
INFO flwr 2023-08-21 02:40:55,810 | fed_df.py:365 | Warm start at round 20
[2m[36m(launch_and_fit pid=1956245)[0m double free or corruption (fasttop)
INFO flwr 2023-08-21 02:40:55,899 | fed_df.py:463 | Performing server side distillation training...
[2m[36m(launch_and_fit pid=1956243)[0m Fitting Client 7
[2m[36m(launch_and_fit pid=1956316)[0m Fitting Client 16
[2m[36m(launch_and_fit pid=1956245)[0m Fitting Client 9
[2m[36m(launch_and_fit pid=1956317)[0m Fitting Client 5
[2m[36m(launch_and_fit pid=1956318)[0m Fitting Client 0
[2m[36m(launch_and_fit pid=1956248)[0m Fitting Client 12
[2m[36m(launch_and_fit pid=1956246)[0m Fitting Client 10
[2m[36m(launch_and_fit pid=1956247)[0m Fitting Client 11
[2m[36m(launch_and_fit pid=1956248)[0m double free or corruption (fasttop)
[2m[36m(launch_and_fit pid=1956318)[0m malloc_consolidate(): invalid chunk size
[2m[36m(launch_and_fit pid=1956316)[0m malloc_consolidate(): invalid chunk size
[2m[36m(launch_and_fit pid=1956246)[0m malloc_consolidate(): invalid chunk size
[2m[36m(launch_and_fit pid=1956247)[0m malloc_consolidate(): invalid chunk size
[2m[36m(launch_and_fit pid=1956317)[0m double free or corruption (fasttop)
E0821 02:41:00.903534973 2045450 chttp2_transport.cc:1079]             ipv4:145.136.62.47:57388: Received a GOAWAY with error code ENHANCE_YOUR_CALM and debug data equal to "too_many_pings". Current keepalive time (before throttling): ∞
INFO flwr 2023-08-21 02:42:34,034 | fed_df.py:540 | Distillation training stopped at step number : 500
INFO flwr 2023-08-21 02:42:34,035 | fed_df.py:547 | Average fusion training loss : 0.03646597203984857, val accuracy : 0.3301, best val accuracy : 0.352
INFO flwr 2023-08-21 02:42:34,036 | common.py:35 | Avg. local train loss : 3.7954146597534417, train acc : 0.8897277777777778
INFO flwr 2023-08-21 02:42:36,799 | server.py:116 | fit progress: (20, 2.3020911499023438, {'server_test_acc': 0.3422}, 3098.5722297080792)
INFO flwr 2023-08-21 02:42:36,799 | server.py:163 | evaluate_round 20: no clients selected, cancel
DEBUG flwr 2023-08-21 02:42:42,925 | server.py:215 | fit_round 21: strategy sampled 8 clients (out of 20)
[2m[36m(launch_and_fit pid=2211677)[0m malloc_consolidate(): invalid chunk size
DEBUG flwr 2023-08-21 02:43:31,659 | server.py:229 | fit_round 21 received 8 results and 0 failures
INFO flwr 2023-08-21 02:43:31,800 | fed_df.py:463 | Performing server side distillation training...
[2m[36m(launch_and_fit pid=2211608)[0m Fitting Client 3
[2m[36m(launch_and_fit pid=2211606)[0m Fitting Client 2
[2m[36m(launch_and_fit pid=2211677)[0m Fitting Client 11
[2m[36m(launch_and_fit pid=2211679)[0m Fitting Client 12
[2m[36m(launch_and_fit pid=2211747)[0m Fitting Client 5
[2m[36m(launch_and_fit pid=2211678)[0m Fitting Client 7
[2m[36m(launch_and_fit pid=2211629)[0m Fitting Client 10
[2m[36m(launch_and_fit pid=2211748)[0m Fitting Client 16
[2m[36m(launch_and_fit pid=2211629)[0m malloc_consolidate(): invalid chunk size
[2m[36m(launch_and_fit pid=2211608)[0m malloc_consolidate(): invalid chunk size
[2m[36m(launch_and_fit pid=2211679)[0m double free or corruption (fasttop)
E0821 02:43:32.917365865 2047076 chttp2_transport.cc:1079]             ipv4:145.136.62.47:57388: Received a GOAWAY with error code ENHANCE_YOUR_CALM and debug data equal to "too_many_pings". Current keepalive time (before throttling): ∞
[2m[36m(launch_and_fit pid=2211606)[0m double free or corruption (fasttop)
[2m[36m(launch_and_fit pid=2211606)[0m malloc_consolidate(): invalid chunk size
[2m[36m(launch_and_fit pid=2211747)[0m malloc_consolidate(): invalid chunk size
[2m[36m(launch_and_fit pid=2211748)[0m malloc_consolidate(): invalid chunk size
[2m[36m(launch_and_fit pid=2211678)[0m malloc_consolidate(): invalid chunk size
INFO flwr 2023-08-21 02:45:09,371 | fed_df.py:540 | Distillation training stopped at step number : 500
INFO flwr 2023-08-21 02:45:09,371 | fed_df.py:547 | Average fusion training loss : 0.010310832822695374, val accuracy : 0.4332000000000001, best val accuracy : 0.4628
INFO flwr 2023-08-21 02:45:09,372 | common.py:35 | Avg. local train loss : 3.812972289696336, train acc : 0.8863166666666666
INFO flwr 2023-08-21 02:45:12,124 | server.py:116 | fit progress: (21, 1.6582122711181642, {'server_test_acc': 0.4422}, 3253.897231820971)
INFO flwr 2023-08-21 02:45:12,124 | server.py:163 | evaluate_round 21: no clients selected, cancel
DEBUG flwr 2023-08-21 02:45:18,257 | server.py:215 | fit_round 22: strategy sampled 8 clients (out of 20)
[2m[36m(launch_and_fit pid=2465468)[0m malloc_consolidate(): invalid chunk size
[2m[36m(launch_and_fit pid=2465400)[0m corrupted size vs. prev_size in fastbins
[2m[36m(launch_and_fit pid=2465471)[0m double free or corruption (fasttop)
[2m[36m(launch_and_fit pid=2465399)[0m malloc_consolidate(): invalid chunk size
DEBUG flwr 2023-08-21 02:46:08,497 | server.py:229 | fit_round 22 received 8 results and 0 failures
INFO flwr 2023-08-21 02:46:08,637 | fed_df.py:463 | Performing server side distillation training...
[2m[36m(launch_and_fit pid=2465400)[0m Fitting Client 12
[2m[36m(launch_and_fit pid=2465399)[0m Fitting Client 3
[2m[36m(launch_and_fit pid=2465472)[0m Fitting Client 1
[2m[36m(launch_and_fit pid=2465468)[0m Fitting Client 0
[2m[36m(launch_and_fit pid=2465469)[0m Fitting Client 4
[2m[36m(launch_and_fit pid=2465471)[0m Fitting Client 19
[2m[36m(launch_and_fit pid=2465470)[0m Fitting Client 14
[2m[36m(launch_and_fit pid=2465398)[0m Fitting Client 17
[2m[36m(launch_and_fit pid=2465469)[0m malloc_consolidate(): invalid chunk size
[2m[36m(launch_and_fit pid=2465472)[0m double free or corruption (fasttop)
[2m[36m(launch_and_fit pid=2465398)[0m malloc_consolidate(): invalid chunk size
[2m[36m(launch_and_fit pid=2465470)[0m double free or corruption (fasttop)
E0821 02:46:11.333586840 2297202 chttp2_transport.cc:1079]             ipv4:145.136.62.47:57388: Received a GOAWAY with error code ENHANCE_YOUR_CALM and debug data equal to "too_many_pings". Current keepalive time (before throttling): ∞
INFO flwr 2023-08-21 02:47:46,451 | fed_df.py:540 | Distillation training stopped at step number : 500
INFO flwr 2023-08-21 02:47:46,451 | fed_df.py:547 | Average fusion training loss : 0.032117071125656364, val accuracy : 0.40207999999999994, best val accuracy : 0.4174
INFO flwr 2023-08-21 02:47:46,452 | common.py:35 | Avg. local train loss : 4.0173393622040745, train acc : 0.8742416666666667
INFO flwr 2023-08-21 02:47:49,323 | server.py:116 | fit progress: (22, 2.4051820495605467, {'server_test_acc': 0.416}, 3411.096503423061)
INFO flwr 2023-08-21 02:47:49,323 | server.py:163 | evaluate_round 22: no clients selected, cancel
DEBUG flwr 2023-08-21 02:47:55,560 | server.py:215 | fit_round 23: strategy sampled 8 clients (out of 20)
[2m[36m(launch_and_fit pid=2728437)[0m malloc_consolidate(): invalid chunk size
[2m[36m(launch_and_fit pid=2728438)[0m double free or corruption (fasttop)
DEBUG flwr 2023-08-21 02:48:45,680 | server.py:229 | fit_round 23 received 8 results and 0 failures
[2m[36m(launch_and_fit pid=2728365)[0m malloc_consolidate(): invalid chunk size
INFO flwr 2023-08-21 02:48:45,821 | fed_df.py:463 | Performing server side distillation training...
[2m[36m(launch_and_fit pid=2728437)[0m Fitting Client 11
[2m[36m(launch_and_fit pid=2728365)[0m Fitting Client 4
[2m[36m(launch_and_fit pid=2728438)[0m Fitting Client 3
[2m[36m(launch_and_fit pid=2728439)[0m Fitting Client 19
[2m[36m(launch_and_fit pid=2728485)[0m Fitting Client 17
[2m[36m(launch_and_fit pid=2728436)[0m Fitting Client 6
[2m[36m(launch_and_fit pid=2728484)[0m Fitting Client 16
[2m[36m(launch_and_fit pid=2728483)[0m Fitting Client 9
[2m[36m(launch_and_fit pid=2728436)[0m malloc_consolidate(): invalid chunk size
[2m[36m(launch_and_fit pid=2728483)[0m double free or corruption (fasttop)
[2m[36m(launch_and_fit pid=2728484)[0m double free or corruption (fasttop)
[2m[36m(launch_and_fit pid=2728485)[0m malloc_consolidate(): invalid chunk size
E0821 02:48:47.240623676 2828962 chttp2_transport.cc:1079]             ipv4:145.136.62.47:57388: Received a GOAWAY with error code ENHANCE_YOUR_CALM and debug data equal to "too_many_pings". Current keepalive time (before throttling): ∞
[2m[36m(launch_and_fit pid=2728439)[0m double free or corruption (fasttop)
INFO flwr 2023-08-21 02:50:23,843 | fed_df.py:540 | Distillation training stopped at step number : 500
INFO flwr 2023-08-21 02:50:23,843 | fed_df.py:547 | Average fusion training loss : 0.0114187189983204, val accuracy : 0.32386, best val accuracy : 0.3414
INFO flwr 2023-08-21 02:50:23,845 | common.py:35 | Avg. local train loss : 3.9709218919277185, train acc : 0.8706999999999999
INFO flwr 2023-08-21 02:50:26,608 | server.py:116 | fit progress: (23, 2.7379526916503907, {'server_test_acc': 0.3502}, 3568.381698607933)
INFO flwr 2023-08-21 02:50:26,609 | server.py:163 | evaluate_round 23: no clients selected, cancel
DEBUG flwr 2023-08-21 02:50:32,832 | server.py:215 | fit_round 24: strategy sampled 8 clients (out of 20)
[2m[36m(launch_and_fit pid=2996801)[0m malloc_consolidate(): invalid chunk size
DEBUG flwr 2023-08-21 02:51:22,365 | server.py:229 | fit_round 24 received 8 results and 0 failures
INFO flwr 2023-08-21 02:51:22,505 | fed_df.py:463 | Performing server side distillation training...
[2m[36m(launch_and_fit pid=2996801)[0m Fitting Client 5
[2m[36m(launch_and_fit pid=2996804)[0m Fitting Client 10
[2m[36m(launch_and_fit pid=2996798)[0m Fitting Client 1
[2m[36m(launch_and_fit pid=2996807)[0m Fitting Client 9
[2m[36m(launch_and_fit pid=2996799)[0m Fitting Client 8
[2m[36m(launch_and_fit pid=2996803)[0m Fitting Client 2
[2m[36m(launch_and_fit pid=2996805)[0m Fitting Client 15
[2m[36m(launch_and_fit pid=2996797)[0m Fitting Client 4
[2m[36m(launch_and_fit pid=2996799)[0m malloc_consolidate(): invalid chunk size
[2m[36m(launch_and_fit pid=2996805)[0m double free or corruption (fasttop)
[2m[36m(launch_and_fit pid=2996803)[0m malloc_consolidate(): invalid chunk size
[2m[36m(launch_and_fit pid=2996798)[0m malloc_consolidate(): invalid chunk size
E0821 02:51:24.004266924 2829793 chttp2_transport.cc:1079]             ipv4:145.136.62.47:57388: Received a GOAWAY with error code ENHANCE_YOUR_CALM and debug data equal to "too_many_pings". Current keepalive time (before throttling): ∞
[2m[36m(launch_and_fit pid=2996804)[0m malloc_consolidate(): invalid chunk size
[2m[36m(launch_and_fit pid=2996797)[0m malloc_consolidate(): invalid chunk size
INFO flwr 2023-08-21 02:53:00,411 | fed_df.py:540 | Distillation training stopped at step number : 500
INFO flwr 2023-08-21 02:53:00,412 | fed_df.py:547 | Average fusion training loss : 0.018551232235506178, val accuracy : 0.42788000000000004, best val accuracy : 0.4536
INFO flwr 2023-08-21 02:53:00,413 | common.py:35 | Avg. local train loss : 3.814529176801443, train acc : 0.8872555555555556
INFO flwr 2023-08-21 02:53:03,189 | server.py:116 | fit progress: (24, 2.0651559143066405, {'server_test_acc': 0.4325}, 3724.96237520501)
INFO flwr 2023-08-21 02:53:03,189 | server.py:163 | evaluate_round 24: no clients selected, cancel
DEBUG flwr 2023-08-21 02:53:09,395 | server.py:215 | fit_round 25: strategy sampled 8 clients (out of 20)
[2m[36m(launch_and_fit pid=3251041)[0m double free or corruption (fasttop)
DEBUG flwr 2023-08-21 02:53:59,562 | server.py:229 | fit_round 25 received 8 results and 0 failures
INFO flwr 2023-08-21 02:53:59,672 | fed_df.py:365 | Warm start at round 25
INFO flwr 2023-08-21 02:53:59,768 | fed_df.py:463 | Performing server side distillation training...
[2m[36m(launch_and_fit pid=3251041)[0m Fitting Client 17
[2m[36m(launch_and_fit pid=3251046)[0m Fitting Client 6
[2m[36m(launch_and_fit pid=3251050)[0m Fitting Client 18
[2m[36m(launch_and_fit pid=3251048)[0m Fitting Client 4
[2m[36m(launch_and_fit pid=3251040)[0m Fitting Client 9
[2m[36m(launch_and_fit pid=3251047)[0m Fitting Client 15
[2m[36m(launch_and_fit pid=3251049)[0m Fitting Client 0
[2m[36m(launch_and_fit pid=3251043)[0m Fitting Client 14
[2m[36m(launch_and_fit pid=3251046)[0m malloc_consolidate(): invalid chunk size
[2m[36m(launch_and_fit pid=3251047)[0m malloc_consolidate(): invalid chunk size
[2m[36m(launch_and_fit pid=3251050)[0m malloc_consolidate(): invalid chunk size
[2m[36m(launch_and_fit pid=3251049)[0m double free or corruption (fasttop)
[2m[36m(launch_and_fit pid=3251040)[0m malloc_consolidate(): invalid chunk size
[2m[36m(launch_and_fit pid=3251048)[0m double free or corruption (fasttop)
[2m[36m(launch_and_fit pid=3251043)[0m malloc_consolidate(): invalid chunk size
E0821 02:54:02.092152449 3345262 chttp2_transport.cc:1079]             ipv4:145.136.62.47:57388: Received a GOAWAY with error code ENHANCE_YOUR_CALM and debug data equal to "too_many_pings". Current keepalive time (before throttling): ∞
E0821 02:54:02.092269393 3345262 chttp2_transport.cc:1079]             ipv4:145.136.62.47:57388: Received a GOAWAY with error code ENHANCE_YOUR_CALM and debug data equal to "too_many_pings". Current keepalive time (before throttling): ∞
E0821 02:54:42.599990760 3345594 chttp2_transport.cc:1079]             ipv4:145.136.62.47:57388: Received a GOAWAY with error code ENHANCE_YOUR_CALM and debug data equal to "too_many_pings". Current keepalive time (before throttling): ∞
INFO flwr 2023-08-21 02:55:37,062 | fed_df.py:540 | Distillation training stopped at step number : 500
INFO flwr 2023-08-21 02:55:37,063 | fed_df.py:547 | Average fusion training loss : 0.01723489810153842, val accuracy : 0.44766000000000006, best val accuracy : 0.454
INFO flwr 2023-08-21 02:55:37,064 | common.py:35 | Avg. local train loss : 3.855742322653532, train acc : 0.8830527777777778
INFO flwr 2023-08-21 02:55:39,812 | server.py:116 | fit progress: (25, 2.6022060546875, {'server_test_acc': 0.4541}, 3881.585612337105)
INFO flwr 2023-08-21 02:55:39,813 | server.py:163 | evaluate_round 25: no clients selected, cancel
DEBUG flwr 2023-08-21 02:55:45,932 | server.py:215 | fit_round 26: strategy sampled 8 clients (out of 20)
[2m[36m(launch_and_fit pid=3503070)[0m double free or corruption (fasttop)
[2m[36m(launch_and_fit pid=3503066)[0m malloc_consolidate(): invalid chunk size
[2m[36m(launch_and_fit pid=3503073)[0m malloc_consolidate(): invalid chunk size
DEBUG flwr 2023-08-21 02:56:36,059 | server.py:229 | fit_round 26 received 8 results and 0 failures
INFO flwr 2023-08-21 02:56:36,197 | fed_df.py:463 | Performing server side distillation training...
[2m[36m(launch_and_fit pid=3503073)[0m Fitting Client 8
[2m[36m(launch_and_fit pid=3503070)[0m Fitting Client 15
[2m[36m(launch_and_fit pid=3503066)[0m Fitting Client 12
[2m[36m(launch_and_fit pid=3503072)[0m Fitting Client 1
[2m[36m(launch_and_fit pid=3503068)[0m Fitting Client 13
[2m[36m(launch_and_fit pid=3503074)[0m Fitting Client 5
[2m[36m(launch_and_fit pid=3503075)[0m Fitting Client 6
[2m[36m(launch_and_fit pid=3503076)[0m Fitting Client 9
[2m[36m(launch_and_fit pid=3503072)[0m double free or corruption (fasttop)
[2m[36m(launch_and_fit pid=3503068)[0m corrupted size vs. prev_size in fastbins
[2m[36m(launch_and_fit pid=3503076)[0m malloc_consolidate(): invalid chunk size
[2m[36m(launch_and_fit pid=3503074)[0m double free or corruption (fasttop)
[2m[36m(launch_and_fit pid=3503075)[0m malloc_consolidate(): invalid chunk size
E0821 02:56:38.264908713 3598873 chttp2_transport.cc:1079]             ipv4:145.136.62.47:57388: Received a GOAWAY with error code ENHANCE_YOUR_CALM and debug data equal to "too_many_pings". Current keepalive time (before throttling): ∞
INFO flwr 2023-08-21 02:58:13,816 | fed_df.py:540 | Distillation training stopped at step number : 500
INFO flwr 2023-08-21 02:58:13,817 | fed_df.py:547 | Average fusion training loss : 0.01872880499623716, val accuracy : 0.3213, best val accuracy : 0.3402
INFO flwr 2023-08-21 02:58:13,818 | common.py:35 | Avg. local train loss : 3.950271080434322, train acc : 0.8759527777777778
INFO flwr 2023-08-21 02:58:16,551 | server.py:116 | fit progress: (26, 2.5343024169921873, {'server_test_acc': 0.3311}, 4038.3240194790997)
INFO flwr 2023-08-21 02:58:16,551 | server.py:163 | evaluate_round 26: no clients selected, cancel
DEBUG flwr 2023-08-21 02:58:22,595 | server.py:215 | fit_round 27: strategy sampled 8 clients (out of 20)
DEBUG flwr 2023-08-21 02:59:12,538 | server.py:229 | fit_round 27 received 8 results and 0 failures
[2m[36m(launch_and_fit pid=3755375)[0m malloc_consolidate(): invalid chunk size
[2m[36m(launch_and_fit pid=3755374)[0m malloc_consolidate(): invalid chunk size
INFO flwr 2023-08-21 02:59:12,680 | fed_df.py:463 | Performing server side distillation training...
[2m[36m(launch_and_fit pid=3755375)[0m Fitting Client 13
[2m[36m(launch_and_fit pid=3755414)[0m Fitting Client 6
[2m[36m(launch_and_fit pid=3755376)[0m Fitting Client 8
[2m[36m(launch_and_fit pid=3755472)[0m Fitting Client 4
[2m[36m(launch_and_fit pid=3755225)[0m Fitting Client 3
[2m[36m(launch_and_fit pid=3755374)[0m Fitting Client 18
[2m[36m(launch_and_fit pid=3755223)[0m Fitting Client 15
[2m[36m(launch_and_fit pid=3755222)[0m Fitting Client 14
[2m[36m(launch_and_fit pid=3755472)[0m malloc_consolidate(): invalid chunk size
[2m[36m(launch_and_fit pid=3755222)[0m malloc_consolidate(): invalid chunk size
[2m[36m(launch_and_fit pid=3755414)[0m malloc_consolidate(): invalid chunk size
[2m[36m(launch_and_fit pid=3755376)[0m malloc_consolidate(): invalid chunk size
[2m[36m(launch_and_fit pid=3755225)[0m double free or corruption (fasttop)
[2m[36m(launch_and_fit pid=3755223)[0m malloc_consolidate(): invalid chunk size
E0821 02:59:14.912531483 3599030 chttp2_transport.cc:1079]             ipv4:145.136.62.47:57388: Received a GOAWAY with error code ENHANCE_YOUR_CALM and debug data equal to "too_many_pings". Current keepalive time (before throttling): ∞
INFO flwr 2023-08-21 03:00:50,729 | fed_df.py:540 | Distillation training stopped at step number : 500
INFO flwr 2023-08-21 03:00:50,729 | fed_df.py:547 | Average fusion training loss : 0.02794793482683599, val accuracy : 0.37455999999999995, best val accuracy : 0.3972
INFO flwr 2023-08-21 03:00:50,730 | common.py:35 | Avg. local train loss : 3.92203038521111, train acc : 0.8766
INFO flwr 2023-08-21 03:00:53,480 | server.py:116 | fit progress: (27, 2.3769060913085935, {'server_test_acc': 0.3967}, 4195.253528299276)
INFO flwr 2023-08-21 03:00:53,480 | server.py:163 | evaluate_round 27: no clients selected, cancel
DEBUG flwr 2023-08-21 03:01:00,018 | server.py:215 | fit_round 28: strategy sampled 8 clients (out of 20)
DEBUG flwr 2023-08-21 03:01:49,248 | server.py:229 | fit_round 28 received 8 results and 0 failures
[2m[36m(launch_and_fit pid=4007566)[0m malloc_consolidate(): invalid chunk size
INFO flwr 2023-08-21 03:01:49,399 | fed_df.py:463 | Performing server side distillation training...
[2m[36m(launch_and_fit pid=4007566)[0m Fitting Client 13
[2m[36m(launch_and_fit pid=4007562)[0m Fitting Client 7
[2m[36m(launch_and_fit pid=4007565)[0m Fitting Client 15
[2m[36m(launch_and_fit pid=4007588)[0m Fitting Client 11
[2m[36m(launch_and_fit pid=4007568)[0m Fitting Client 9
[2m[36m(launch_and_fit pid=4007586)[0m Fitting Client 8
[2m[36m(launch_and_fit pid=4007587)[0m Fitting Client 14
[2m[36m(launch_and_fit pid=4007567)[0m Fitting Client 3
[2m[36m(launch_and_fit pid=4007587)[0m malloc_consolidate(): invalid chunk size
E0821 03:01:50.193823521 4106124 chttp2_transport.cc:1079]             ipv4:145.136.62.47:57388: Received a GOAWAY with error code ENHANCE_YOUR_CALM and debug data equal to "too_many_pings". Current keepalive time (before throttling): ∞
[2m[36m(launch_and_fit pid=4007562)[0m double free or corruption (fasttop)
[2m[36m(launch_and_fit pid=4007568)[0m malloc_consolidate(): invalid chunk size
[2m[36m(launch_and_fit pid=4007565)[0m double free or corruption (fasttop)
[2m[36m(launch_and_fit pid=4007586)[0m double free or corruption (fasttop)
[2m[36m(launch_and_fit pid=4007588)[0m double free or corruption (fasttop)
[2m[36m(launch_and_fit pid=4007567)[0m malloc_consolidate(): invalid chunk size
E0821 03:01:51.653674234 4106319 chttp2_transport.cc:1079]             ipv4:145.136.62.47:57388: Received a GOAWAY with error code ENHANCE_YOUR_CALM and debug data equal to "too_many_pings". Current keepalive time (before throttling): ∞
INFO flwr 2023-08-21 03:03:27,500 | fed_df.py:540 | Distillation training stopped at step number : 500
INFO flwr 2023-08-21 03:03:27,501 | fed_df.py:547 | Average fusion training loss : 0.012457822978496551, val accuracy : 0.46784, best val accuracy : 0.4886
INFO flwr 2023-08-21 03:03:27,502 | common.py:35 | Avg. local train loss : 3.741153229027986, train acc : 0.8919333333333335
INFO flwr 2023-08-21 03:03:30,351 | server.py:116 | fit progress: (28, 1.6287709228515626, {'server_test_acc': 0.4891}, 4352.124150242191)
INFO flwr 2023-08-21 03:03:30,351 | server.py:163 | evaluate_round 28: no clients selected, cancel
DEBUG flwr 2023-08-21 03:03:36,551 | server.py:215 | fit_round 29: strategy sampled 8 clients (out of 20)
[2m[36m(launch_and_fit pid=84147)[0m malloc_consolidate(): invalid chunk size
[2m[36m(launch_and_fit pid=84151)[0m malloc_consolidate(): invalid chunk size
[2m[36m(launch_and_fit pid=84148)[0m malloc_consolidate(): invalid chunk size
DEBUG flwr 2023-08-21 03:04:25,525 | server.py:229 | fit_round 29 received 8 results and 0 failures
INFO flwr 2023-08-21 03:04:25,665 | fed_df.py:463 | Performing server side distillation training...
[2m[36m(launch_and_fit pid=84147)[0m Fitting Client 18
[2m[36m(launch_and_fit pid=84146)[0m Fitting Client 2
[2m[36m(launch_and_fit pid=84148)[0m Fitting Client 13
[2m[36m(launch_and_fit pid=84149)[0m Fitting Client 16
[2m[36m(launch_and_fit pid=84151)[0m Fitting Client 10
[2m[36m(launch_and_fit pid=84153)[0m Fitting Client 14
[2m[36m(launch_and_fit pid=84152)[0m Fitting Client 3
[2m[36m(launch_and_fit pid=84150)[0m Fitting Client 15
[2m[36m(launch_and_fit pid=84149)[0m malloc_consolidate(): invalid chunk size
[2m[36m(launch_and_fit pid=84146)[0m double free or corruption (fasttop)
[2m[36m(launch_and_fit pid=84153)[0m double free or corruption (fasttop)
[2m[36m(launch_and_fit pid=84152)[0m malloc_consolidate(): invalid chunk size
[2m[36m(launch_and_fit pid=84150)[0m malloc_consolidate(): invalid chunk size
E0821 03:04:28.034850844 4108758 chttp2_transport.cc:1079]             ipv4:145.136.62.47:57388: Received a GOAWAY with error code ENHANCE_YOUR_CALM and debug data equal to "too_many_pings". Current keepalive time (before throttling): ∞
E0821 03:05:44.494938908  198451 chttp2_transport.cc:1079]             ipv4:145.136.62.47:57388: Received a GOAWAY with error code ENHANCE_YOUR_CALM and debug data equal to "too_many_pings". Current keepalive time (before throttling): ∞
INFO flwr 2023-08-21 03:06:03,180 | fed_df.py:540 | Distillation training stopped at step number : 500
INFO flwr 2023-08-21 03:06:03,181 | fed_df.py:547 | Average fusion training loss : 0.011241965007036924, val accuracy : 0.50402, best val accuracy : 0.5174
INFO flwr 2023-08-21 03:06:03,182 | common.py:35 | Avg. local train loss : 3.578299433737993, train acc : 0.9135555555555556
INFO flwr 2023-08-21 03:06:05,919 | server.py:116 | fit progress: (29, 1.887325927734375, {'server_test_acc': 0.5141}, 4507.69241625024)
INFO flwr 2023-08-21 03:06:05,919 | server.py:163 | evaluate_round 29: no clients selected, cancel
DEBUG flwr 2023-08-21 03:06:11,994 | server.py:215 | fit_round 30: strategy sampled 8 clients (out of 20)
[2m[36m(launch_and_fit pid=344176)[0m malloc_consolidate(): invalid chunk size
DEBUG flwr 2023-08-21 03:06:59,731 | server.py:229 | fit_round 30 received 8 results and 0 failures
INFO flwr 2023-08-21 03:06:59,840 | fed_df.py:365 | Warm start at round 30
[2m[36m(launch_and_fit pid=344173)[0m double free or corruption (fasttop)
INFO flwr 2023-08-21 03:06:59,929 | fed_df.py:463 | Performing server side distillation training...
[2m[36m(launch_and_fit pid=344171)[0m Fitting Client 14
[2m[36m(launch_and_fit pid=344169)[0m Fitting Client 2
[2m[36m(launch_and_fit pid=344176)[0m Fitting Client 8
[2m[36m(launch_and_fit pid=344172)[0m Fitting Client 4
[2m[36m(launch_and_fit pid=344175)[0m Fitting Client 18
[2m[36m(launch_and_fit pid=344174)[0m Fitting Client 19
[2m[36m(launch_and_fit pid=344177)[0m Fitting Client 9
[2m[36m(launch_and_fit pid=344173)[0m Fitting Client 10
[2m[36m(launch_and_fit pid=344174)[0m double free or corruption (fasttop)
[2m[36m(launch_and_fit pid=344171)[0m double free or corruption (fasttop)
[2m[36m(launch_and_fit pid=344175)[0m malloc_consolidate(): invalid chunk size
[2m[36m(launch_and_fit pid=344177)[0m malloc_consolidate(): invalid chunk size
[2m[36m(launch_and_fit pid=344169)[0m double free or corruption (fasttop)
E0821 03:07:01.275860334  392263 chttp2_transport.cc:1079]             ipv4:145.136.62.47:57388: Received a GOAWAY with error code ENHANCE_YOUR_CALM and debug data equal to "too_many_pings". Current keepalive time (before throttling): ∞
[2m[36m(launch_and_fit pid=344172)[0m double free or corruption (fasttop)
INFO flwr 2023-08-21 03:08:40,466 | fed_df.py:540 | Distillation training stopped at step number : 500
INFO flwr 2023-08-21 03:08:40,467 | fed_df.py:547 | Average fusion training loss : 0.06745552422106266, val accuracy : 0.37724, best val accuracy : 0.3964
INFO flwr 2023-08-21 03:08:40,468 | common.py:35 | Avg. local train loss : 3.8116388104856016, train acc : 0.8881111111111112
INFO flwr 2023-08-21 03:08:43,241 | server.py:116 | fit progress: (30, 2.885409613037109, {'server_test_acc': 0.3951}, 4665.014000649098)
INFO flwr 2023-08-21 03:08:43,241 | server.py:163 | evaluate_round 30: no clients selected, cancel
INFO flwr 2023-08-21 03:08:43,241 | server.py:144 | FL finished in 4665.014394049067
INFO flwr 2023-08-21 03:08:43,241 | app.py:202 | app_fit: losses_distributed []
INFO flwr 2023-08-21 03:08:43,242 | app.py:203 | app_fit: metrics_distributed {}
INFO flwr 2023-08-21 03:08:43,242 | app.py:204 | app_fit: losses_centralized [(0, 2.319245477294922), (1, 2.30768486328125), (2, 1.9580499450683593), (3, 2.3422234252929686), (4, 2.688215612792969), (5, 2.225637023925781), (6, 2.029410479736328), (7, 2.5494681274414064), (8, 2.7270312744140623), (9, 2.6231010009765625), (10, 1.8480307006835937), (11, 1.8515544494628906), (12, 1.8642969940185548), (13, 2.6571361206054687), (14, 2.039789892578125), (15, 1.5802398712158203), (16, 2.409862652587891), (17, 2.1356942565917967), (18, 1.7233856689453124), (19, 1.9506989868164062), (20, 2.3020911499023438), (21, 1.6582122711181642), (22, 2.4051820495605467), (23, 2.7379526916503907), (24, 2.0651559143066405), (25, 2.6022060546875), (26, 2.5343024169921873), (27, 2.3769060913085935), (28, 1.6287709228515626), (29, 1.887325927734375), (30, 2.885409613037109)]
INFO flwr 2023-08-21 03:08:43,242 | app.py:205 | app_fit: metrics_centralized {'server_test_acc': [(0, 0.0811), (1, 0.2896), (2, 0.3263), (3, 0.3148), (4, 0.2729), (5, 0.2786), (6, 0.3953), (7, 0.3289), (8, 0.3332), (9, 0.3473), (10, 0.4043), (11, 0.4137), (12, 0.4354), (13, 0.3624), (14, 0.4078), (15, 0.4811), (16, 0.4174), (17, 0.4526), (18, 0.4489), (19, 0.4723), (20, 0.3422), (21, 0.4422), (22, 0.416), (23, 0.3502), (24, 0.4325), (25, 0.4541), (26, 0.3311), (27, 0.3967), (28, 0.4891), (29, 0.5141), (30, 0.3951)]}
malloc_consolidate(): invalid chunk size
srun: error: gcn47: task 0: Aborted
srun: Terminating StepId=3430941.1
-----EXPERIMENT ENDS-----
-----CLEANING UP DISK------
-----END-----

JOB STATISTICS
==============
Job ID: 3430941
Cluster: snellius
User/Group: sunnys/sunnys
State: RUNNING
Nodes: 1
Cores per node: 18
CPU Utilized: 03:03:01
CPU Efficiency: 12.53% of 1-00:20:06 core-walltime
Job Wall-clock time: 01:21:07
Memory Utilized: 52.41 GB
Memory Efficiency: 43.68% of 120.00 GB
WARNING: Efficiency statistics may be misleading for RUNNING jobs.
