-----BEGIN-----
-----SETTINGS-----
STRATEGY:feddf
MODEL_NAME:resnet8
NUM_CLIENTS:20
NUM_ROUNDS:30
FRACTION_FIT:0.4
FRACTION_EVALUATE:0.0
DATASET_NAME:cifar10
PARTITION_ALPHA:1.0
PARTITION_VAL_RATIO:0.1
BATCH_SIZE:1024
LOCAL_EPOCHS:80
LOCAL_LR:0.05
DISTILL_BATCH_SIZE:1024
SERVER_LR:0.005
SERVER_STEPS:500
SERVER_EARLY_STEPS:1000
USE_EARLY_STOPPING:False
USE_ADAPTIVE_LR:False
SEED:42
CUDA_DETERMINISTIC:False
USE_CROPS:False
IMG_NAME:ameyoko.jpg
DISTILL_DATASET:cifar100
DISTILL_ALPHA:1.0
NUM_DISTILL_IMAGES:2250
DISTILL_TRANSFORMS:v0
WARM_START:False
WARM_START_ROUNDS:5
WARM_START_INTERVAL:5
DEBUG:False
-----SETTINGS END-----
-----EXPERIMENT BEGINS-----
Simulating feddf training
Downloading https://www.cs.toronto.edu/~kriz/cifar-10-python.tar.gz to /scratch-local/sunnys.2819191/cifar-10-python.tar.gz
Extracting /scratch-local/sunnys.2819191/cifar-10-python.tar.gz to /scratch-local/sunnys.2819191
Generating unified cifar10 dataset
Class histogram for 0-th partition (alpha=1.0, 10 classes): [440 381 415  39  10 257 227 532  17 182]
Downloading https://www.cs.toronto.edu/~kriz/cifar-100-python.tar.gz to /scratch-local/sunnys.2819191/cifar-100-python.tar.gz
Extracting /scratch-local/sunnys.2819191/cifar-100-python.tar.gz to /scratch-local/sunnys.2819191
INFO flwr 2023-05-30 20:52:42,163 | app.py:145 | Starting Flower simulation, config: ServerConfig(num_rounds=30, round_timeout=None)
2023-05-30 20:52:44,402	INFO worker.py:1529 -- Started a local Ray instance. View the dashboard at [1m[32m127.0.0.1:8265 [39m[22m
INFO flwr 2023-05-30 20:52:48,758 | app.py:179 | Flower VCE: Ray initialized with resources: {'node:145.136.62.54': 1.0, 'GPU': 1.0, 'memory': 355898645504.0, 'object_store_memory': 156813705216.0, 'CPU': 72.0, 'accelerator_type:A100': 1.0}
INFO flwr 2023-05-30 20:52:48,758 | server.py:86 | Initializing global parameters
INFO flwr 2023-05-30 20:52:48,758 | server.py:266 | Using initial parameters provided by strategy
INFO flwr 2023-05-30 20:52:48,758 | server.py:88 | Evaluating initial parameters
INFO flwr 2023-05-30 20:52:51,919 | server.py:91 | initial parameters (loss, other metrics): 2.369325817871094, {'server_test_acc': 0.1096}
INFO flwr 2023-05-30 20:52:51,919 | server.py:101 | FL starting
DEBUG flwr 2023-05-30 20:52:51,919 | server.py:215 | fit_round 1: strategy sampled 8 clients (out of 20)
DEBUG flwr 2023-05-30 20:53:47,255 | server.py:229 | fit_round 1 received 8 results and 0 failures
[2m[36m(launch_and_fit pid=3009865)[0m Fitting Client 13
[2m[36m(launch_and_fit pid=3009878)[0m Fitting Client 10
[2m[36m(launch_and_fit pid=3009879)[0m Fitting Client 14
[2m[36m(launch_and_fit pid=3009873)[0m Fitting Client 3
[2m[36m(launch_and_fit pid=3009877)[0m Fitting Client 8
[2m[36m(launch_and_fit pid=3009892)[0m Fitting Client 7
[2m[36m(launch_and_fit pid=3009891)[0m Fitting Client 5
[2m[36m(launch_and_fit pid=3009867)[0m Fitting Client 12
Performing server side distillation training...
Distillation training stopped at step number : 500
Average fusion training loss : 0.07019915576465428, val accuracy : 0.47000000000000003, best val accuracy : 0.5128
Average local training loss : 3.721175706759096
Average local training accuracy : 0.5640791666666667
INFO flwr 2023-05-30 20:54:36,225 | server.py:116 | fit progress: (1, 1.3638067260742188, {'server_test_acc': 0.5003}, 104.30602012795862)
INFO flwr 2023-05-30 20:54:36,225 | server.py:163 | evaluate_round 1: no clients selected, cancel
DEBUG flwr 2023-05-30 20:54:36,225 | server.py:215 | fit_round 2: strategy sampled 8 clients (out of 20)
DEBUG flwr 2023-05-30 20:55:28,478 | server.py:229 | fit_round 2 received 8 results and 0 failures
[2m[36m(launch_and_fit pid=3195122)[0m Fitting Client 8
[2m[36m(launch_and_fit pid=3195126)[0m Fitting Client 11
[2m[36m(launch_and_fit pid=3195132)[0m Fitting Client 13
[2m[36m(launch_and_fit pid=3195130)[0m Fitting Client 17
[2m[36m(launch_and_fit pid=3195129)[0m Fitting Client 5
[2m[36m(launch_and_fit pid=3195127)[0m Fitting Client 6
[2m[36m(launch_and_fit pid=3195131)[0m Fitting Client 10
[2m[36m(launch_and_fit pid=3195128)[0m Fitting Client 18
Performing server side distillation training...
Distillation training stopped at step number : 500
Average fusion training loss : 0.02524282334931195, val accuracy : 0.37605999999999995, best val accuracy : 0.384
Average local training loss : 3.7156370523385704
Average local training accuracy : 0.5652770833333334
INFO flwr 2023-05-30 20:56:13,835 | server.py:116 | fit progress: (2, 1.9813009643554687, {'server_test_acc': 0.3887}, 201.9162974609062)
INFO flwr 2023-05-30 20:56:13,836 | server.py:163 | evaluate_round 2: no clients selected, cancel
DEBUG flwr 2023-05-30 20:56:13,836 | server.py:215 | fit_round 3: strategy sampled 8 clients (out of 20)
DEBUG flwr 2023-05-30 20:57:07,754 | server.py:229 | fit_round 3 received 8 results and 0 failures
[2m[36m(launch_and_fit pid=3342211)[0m Fitting Client 2
[2m[36m(launch_and_fit pid=3342213)[0m Fitting Client 17
[2m[36m(launch_and_fit pid=3342212)[0m Fitting Client 5
[2m[36m(launch_and_fit pid=3342215)[0m Fitting Client 18
[2m[36m(launch_and_fit pid=3342214)[0m Fitting Client 7
[2m[36m(launch_and_fit pid=3342218)[0m Fitting Client 6
[2m[36m(launch_and_fit pid=3342217)[0m Fitting Client 4
[2m[36m(launch_and_fit pid=3342216)[0m Fitting Client 16
Performing server side distillation training...
E0530 20:57:10.453093072 3009290 chttp2_transport.cc:1079]             ipv4:145.136.62.54:44335: Received a GOAWAY with error code ENHANCE_YOUR_CALM and debug data equal to "too_many_pings". Current keepalive time (before throttling): 60000ms
Distillation training stopped at step number : 500
Average fusion training loss : 0.021255437941290437, val accuracy : 0.41104, best val accuracy : 0.4174
Average local training loss : 3.7021919013932343
Average local training accuracy : 0.5600097222222222
INFO flwr 2023-05-30 20:57:54,816 | server.py:116 | fit progress: (3, 2.426357470703125, {'server_test_acc': 0.4206}, 302.8973823329434)
INFO flwr 2023-05-30 20:57:54,817 | server.py:163 | evaluate_round 3: no clients selected, cancel
DEBUG flwr 2023-05-30 20:57:54,817 | server.py:215 | fit_round 4: strategy sampled 8 clients (out of 20)
DEBUG flwr 2023-05-30 20:58:52,233 | server.py:229 | fit_round 4 received 8 results and 0 failures
[2m[36m(launch_and_fit pid=3489653)[0m Fitting Client 17
[2m[36m(launch_and_fit pid=3489651)[0m Fitting Client 10
[2m[36m(launch_and_fit pid=3489658)[0m Fitting Client 1
[2m[36m(launch_and_fit pid=3489656)[0m Fitting Client 7
[2m[36m(launch_and_fit pid=3489657)[0m Fitting Client 0
[2m[36m(launch_and_fit pid=3489654)[0m Fitting Client 12
[2m[36m(launch_and_fit pid=3489652)[0m Fitting Client 18
[2m[36m(launch_and_fit pid=3489655)[0m Fitting Client 13
Performing server side distillation training...
Distillation training stopped at step number : 500
Average fusion training loss : 0.0214119212673977, val accuracy : 0.38614000000000004, best val accuracy : 0.3978
Average local training loss : 3.4088100667111574
Average local training accuracy : 0.5982993055555555
INFO flwr 2023-05-30 20:59:38,504 | server.py:116 | fit progress: (4, 2.3046589599609373, {'server_test_acc': 0.3959}, 406.58491006691474)
INFO flwr 2023-05-30 20:59:38,504 | server.py:163 | evaluate_round 4: no clients selected, cancel
DEBUG flwr 2023-05-30 20:59:38,504 | server.py:215 | fit_round 5: strategy sampled 8 clients (out of 20)
DEBUG flwr 2023-05-30 21:00:33,127 | server.py:229 | fit_round 5 received 8 results and 0 failures
[2m[36m(launch_and_fit pid=3636784)[0m Fitting Client 10
[2m[36m(launch_and_fit pid=3636787)[0m Fitting Client 6
[2m[36m(launch_and_fit pid=3636785)[0m Fitting Client 12
[2m[36m(launch_and_fit pid=3636790)[0m Fitting Client 11
[2m[36m(launch_and_fit pid=3636789)[0m Fitting Client 9
[2m[36m(launch_and_fit pid=3636791)[0m Fitting Client 2
[2m[36m(launch_and_fit pid=3636786)[0m Fitting Client 8
[2m[36m(launch_and_fit pid=3636792)[0m Fitting Client 14
Performing server side distillation training...
Distillation training stopped at step number : 500
Average fusion training loss : 0.07157260930724442, val accuracy : 0.46816, best val accuracy : 0.5014
Average local training loss : 3.6847701258957386
Average local training accuracy : 0.56800625
INFO flwr 2023-05-30 21:01:19,907 | server.py:116 | fit progress: (5, 1.42330947265625, {'server_test_acc': 0.4818}, 507.98821861995384)
INFO flwr 2023-05-30 21:01:19,907 | server.py:163 | evaluate_round 5: no clients selected, cancel
DEBUG flwr 2023-05-30 21:01:19,908 | server.py:215 | fit_round 6: strategy sampled 8 clients (out of 20)
DEBUG flwr 2023-05-30 21:02:13,442 | server.py:229 | fit_round 6 received 8 results and 0 failures
[2m[36m(launch_and_fit pid=3783918)[0m Fitting Client 10
[2m[36m(launch_and_fit pid=3783922)[0m Fitting Client 12
[2m[36m(launch_and_fit pid=3783923)[0m Fitting Client 14
[2m[36m(launch_and_fit pid=3783925)[0m Fitting Client 2
[2m[36m(launch_and_fit pid=3783920)[0m Fitting Client 15
[2m[36m(launch_and_fit pid=3783924)[0m Fitting Client 17
[2m[36m(launch_and_fit pid=3783919)[0m Fitting Client 6
[2m[36m(launch_and_fit pid=3783921)[0m Fitting Client 4
Performing server side distillation training...
E0530 21:02:50.059589846 3920321 chttp2_transport.cc:1079]             ipv4:145.136.62.54:44335: Received a GOAWAY with error code ENHANCE_YOUR_CALM and debug data equal to "too_many_pings". Current keepalive time (before throttling): 120000ms
Distillation training stopped at step number : 500
Average fusion training loss : 0.04346797150187194, val accuracy : 0.44132, best val accuracy : 0.4538
Average local training loss : 2.6772410104051234
Average local training accuracy : 0.6787097222222223
INFO flwr 2023-05-30 21:03:00,744 | server.py:116 | fit progress: (6, 1.693375439453125, {'server_test_acc': 0.4578}, 608.8254213799955)
INFO flwr 2023-05-30 21:03:00,745 | server.py:163 | evaluate_round 6: no clients selected, cancel
DEBUG flwr 2023-05-30 21:03:00,745 | server.py:215 | fit_round 7: strategy sampled 8 clients (out of 20)
DEBUG flwr 2023-05-30 21:03:55,141 | server.py:229 | fit_round 7 received 8 results and 0 failures
[2m[36m(launch_and_fit pid=3931444)[0m Fitting Client 7
[2m[36m(launch_and_fit pid=3931450)[0m Fitting Client 18
[2m[36m(launch_and_fit pid=3931449)[0m Fitting Client 17
[2m[36m(launch_and_fit pid=3931454)[0m Fitting Client 6
[2m[36m(launch_and_fit pid=3931452)[0m Fitting Client 14
[2m[36m(launch_and_fit pid=3931448)[0m Fitting Client 13
[2m[36m(launch_and_fit pid=3931451)[0m Fitting Client 8
[2m[36m(launch_and_fit pid=3931453)[0m Fitting Client 9
Performing server side distillation training...
Distillation training stopped at step number : 500
Average fusion training loss : 0.031556715810671446, val accuracy : 0.43158, best val accuracy : 0.4424
Average local training loss : 2.3638075339142235
Average local training accuracy : 0.7247888888888889
INFO flwr 2023-05-30 21:04:42,707 | server.py:116 | fit progress: (7, 1.8855251098632813, {'server_test_acc': 0.4332}, 710.7876231489936)
INFO flwr 2023-05-30 21:04:42,707 | server.py:163 | evaluate_round 7: no clients selected, cancel
DEBUG flwr 2023-05-30 21:04:42,707 | server.py:215 | fit_round 8: strategy sampled 8 clients (out of 20)
DEBUG flwr 2023-05-30 21:05:37,654 | server.py:229 | fit_round 8 received 8 results and 0 failures
[2m[36m(launch_and_fit pid=4078566)[0m Fitting Client 4
[2m[36m(launch_and_fit pid=4078565)[0m Fitting Client 7
[2m[36m(launch_and_fit pid=4078568)[0m Fitting Client 15
[2m[36m(launch_and_fit pid=4078572)[0m Fitting Client 0
[2m[36m(launch_and_fit pid=4078571)[0m Fitting Client 12
[2m[36m(launch_and_fit pid=4078567)[0m Fitting Client 11
[2m[36m(launch_and_fit pid=4078569)[0m Fitting Client 16
[2m[36m(launch_and_fit pid=4078570)[0m Fitting Client 1
Performing server side distillation training...
Distillation training stopped at step number : 500
Average fusion training loss : 0.04296427577361465, val accuracy : 0.51096, best val accuracy : 0.5162
Average local training loss : 2.3597472393186765
Average local training accuracy : 0.7245493055555555
INFO flwr 2023-05-30 21:06:25,396 | server.py:116 | fit progress: (8, 1.6483286376953126, {'server_test_acc': 0.5063}, 813.4772379389033)
INFO flwr 2023-05-30 21:06:25,396 | server.py:163 | evaluate_round 8: no clients selected, cancel
DEBUG flwr 2023-05-30 21:06:25,397 | server.py:215 | fit_round 9: strategy sampled 8 clients (out of 20)
DEBUG flwr 2023-05-30 21:07:21,154 | server.py:229 | fit_round 9 received 8 results and 0 failures
[2m[36m(launch_and_fit pid=32567)[0m Fitting Client 13
[2m[36m(launch_and_fit pid=32776)[0m Fitting Client 4
[2m[36m(launch_and_fit pid=32801)[0m Fitting Client 9
[2m[36m(launch_and_fit pid=32800)[0m Fitting Client 14
[2m[36m(launch_and_fit pid=32799)[0m Fitting Client 6
[2m[36m(launch_and_fit pid=32778)[0m Fitting Client 5
[2m[36m(launch_and_fit pid=32797)[0m Fitting Client 3
[2m[36m(launch_and_fit pid=32798)[0m Fitting Client 2
Performing server side distillation training...
Distillation training stopped at step number : 500
Average fusion training loss : 0.03844164584763348, val accuracy : 0.53932, best val accuracy : 0.5458
Average local training loss : 2.531609205482528
Average local training accuracy : 0.7043333333333335
INFO flwr 2023-05-30 21:08:09,151 | server.py:116 | fit progress: (9, 1.3948533569335937, {'server_test_acc': 0.5344}, 917.232116966974)
INFO flwr 2023-05-30 21:08:09,151 | server.py:163 | evaluate_round 9: no clients selected, cancel
DEBUG flwr 2023-05-30 21:08:09,151 | server.py:215 | fit_round 10: strategy sampled 8 clients (out of 20)
DEBUG flwr 2023-05-30 21:09:03,870 | server.py:229 | fit_round 10 received 8 results and 0 failures
[2m[36m(launch_and_fit pid=181119)[0m Fitting Client 10
[2m[36m(launch_and_fit pid=181113)[0m Fitting Client 16
[2m[36m(launch_and_fit pid=181115)[0m Fitting Client 0
[2m[36m(launch_and_fit pid=181112)[0m Fitting Client 14
[2m[36m(launch_and_fit pid=181117)[0m Fitting Client 3
[2m[36m(launch_and_fit pid=181114)[0m Fitting Client 8
[2m[36m(launch_and_fit pid=181116)[0m Fitting Client 12
[2m[36m(launch_and_fit pid=181118)[0m Fitting Client 17
Performing server side distillation training...
E0530 21:09:14.120996810  307618 chttp2_transport.cc:1079]             ipv4:145.136.62.54:44335: Received a GOAWAY with error code ENHANCE_YOUR_CALM and debug data equal to "too_many_pings". Current keepalive time (before throttling): 240000ms
Distillation training stopped at step number : 500
Average fusion training loss : 0.06903058389015496, val accuracy : 0.5515800000000001, best val accuracy : 0.5636
Average local training loss : 2.270250695873983
Average local training accuracy : 0.7380166666666667
INFO flwr 2023-05-30 21:09:52,231 | server.py:116 | fit progress: (10, 1.3389718383789062, {'server_test_acc': 0.5579}, 1020.3119723669952)
INFO flwr 2023-05-30 21:09:52,231 | server.py:163 | evaluate_round 10: no clients selected, cancel
DEBUG flwr 2023-05-30 21:09:52,231 | server.py:215 | fit_round 11: strategy sampled 8 clients (out of 20)
DEBUG flwr 2023-05-30 21:10:45,960 | server.py:229 | fit_round 11 received 8 results and 0 failures
[2m[36m(launch_and_fit pid=365666)[0m Fitting Client 3
[2m[36m(launch_and_fit pid=365663)[0m Fitting Client 13
[2m[36m(launch_and_fit pid=365669)[0m Fitting Client 7
[2m[36m(launch_and_fit pid=365668)[0m Fitting Client 9
[2m[36m(launch_and_fit pid=365664)[0m Fitting Client 8
[2m[36m(launch_and_fit pid=365667)[0m Fitting Client 2
[2m[36m(launch_and_fit pid=365665)[0m Fitting Client 10
[2m[36m(launch_and_fit pid=365670)[0m Fitting Client 0
Performing server side distillation training...
Distillation training stopped at step number : 500
Average fusion training loss : 0.052314851315692065, val accuracy : 0.61146, best val accuracy : 0.6184
Average local training loss : 1.4976162330480294
Average local training accuracy : 0.8278381944444445
INFO flwr 2023-05-30 21:11:35,018 | server.py:116 | fit progress: (11, 1.3512078979492188, {'server_test_acc': 0.611}, 1123.0987747559557)
INFO flwr 2023-05-30 21:11:35,018 | server.py:163 | evaluate_round 11: no clients selected, cancel
DEBUG flwr 2023-05-30 21:11:35,018 | server.py:215 | fit_round 12: strategy sampled 8 clients (out of 20)
DEBUG flwr 2023-05-30 21:12:28,425 | server.py:229 | fit_round 12 received 8 results and 0 failures
[2m[36m(launch_and_fit pid=513348)[0m Fitting Client 5
[2m[36m(launch_and_fit pid=513349)[0m Fitting Client 18
[2m[36m(launch_and_fit pid=513352)[0m Fitting Client 13
[2m[36m(launch_and_fit pid=513350)[0m Fitting Client 10
[2m[36m(launch_and_fit pid=513351)[0m Fitting Client 3
[2m[36m(launch_and_fit pid=513346)[0m Fitting Client 8
[2m[36m(launch_and_fit pid=513353)[0m Fitting Client 4
[2m[36m(launch_and_fit pid=513347)[0m Fitting Client 16
Performing server side distillation training...
Distillation training stopped at step number : 500
Average fusion training loss : 0.04980789084360004, val accuracy : 0.57592, best val accuracy : 0.583
Average local training loss : 1.4323867711704226
Average local training accuracy : 0.8364326388888889
INFO flwr 2023-05-30 21:13:17,345 | server.py:116 | fit progress: (12, 1.4507762084960938, {'server_test_acc': 0.581}, 1225.4263576449594)
INFO flwr 2023-05-30 21:13:17,346 | server.py:163 | evaluate_round 12: no clients selected, cancel
DEBUG flwr 2023-05-30 21:13:17,346 | server.py:215 | fit_round 13: strategy sampled 8 clients (out of 20)
DEBUG flwr 2023-05-30 21:14:10,910 | server.py:229 | fit_round 13 received 8 results and 0 failures
[2m[36m(launch_and_fit pid=660580)[0m Fitting Client 4
[2m[36m(launch_and_fit pid=660578)[0m Fitting Client 6
[2m[36m(launch_and_fit pid=660579)[0m Fitting Client 16
[2m[36m(launch_and_fit pid=660583)[0m Fitting Client 11
[2m[36m(launch_and_fit pid=660582)[0m Fitting Client 5
[2m[36m(launch_and_fit pid=660581)[0m Fitting Client 14
[2m[36m(launch_and_fit pid=660585)[0m Fitting Client 8
[2m[36m(launch_and_fit pid=660584)[0m Fitting Client 12
Performing server side distillation training...
E0530 21:14:11.497044956  321218 chttp2_transport.cc:1079]             ipv4:145.136.62.54:44335: Received a GOAWAY with error code ENHANCE_YOUR_CALM and debug data equal to "too_many_pings". Current keepalive time (before throttling): 480000ms
Distillation training stopped at step number : 500
Average fusion training loss : 0.03608277102559805, val accuracy : 0.61616, best val accuracy : 0.6208
Average local training loss : 1.464723679074086
Average local training accuracy : 0.8322215277777777
INFO flwr 2023-05-30 21:14:59,951 | server.py:116 | fit progress: (13, 1.2719567504882812, {'server_test_acc': 0.6224}, 1328.0315884689335)
INFO flwr 2023-05-30 21:14:59,951 | server.py:163 | evaluate_round 13: no clients selected, cancel
DEBUG flwr 2023-05-30 21:14:59,951 | server.py:215 | fit_round 14: strategy sampled 8 clients (out of 20)
DEBUG flwr 2023-05-30 21:15:53,708 | server.py:229 | fit_round 14 received 8 results and 0 failures
[2m[36m(launch_and_fit pid=807986)[0m Fitting Client 15
[2m[36m(launch_and_fit pid=807991)[0m Fitting Client 5
[2m[36m(launch_and_fit pid=807989)[0m Fitting Client 14
[2m[36m(launch_and_fit pid=807987)[0m Fitting Client 19
[2m[36m(launch_and_fit pid=807992)[0m Fitting Client 12
[2m[36m(launch_and_fit pid=807988)[0m Fitting Client 10
[2m[36m(launch_and_fit pid=807993)[0m Fitting Client 3
[2m[36m(launch_and_fit pid=807990)[0m Fitting Client 0
Performing server side distillation training...
Distillation training stopped at step number : 500
Average fusion training loss : 0.02908128597959876, val accuracy : 0.5192, best val accuracy : 0.5288
Average local training loss : 1.3205542042560408
Average local training accuracy : 0.8461902777777778
INFO flwr 2023-05-30 21:16:42,848 | server.py:116 | fit progress: (14, 1.7478768188476563, {'server_test_acc': 0.5291}, 1430.9293877689634)
INFO flwr 2023-05-30 21:16:42,849 | server.py:163 | evaluate_round 14: no clients selected, cancel
DEBUG flwr 2023-05-30 21:16:42,849 | server.py:215 | fit_round 15: strategy sampled 8 clients (out of 20)
DEBUG flwr 2023-05-30 21:17:38,022 | server.py:229 | fit_round 15 received 8 results and 0 failures
[2m[36m(launch_and_fit pid=955111)[0m Fitting Client 17
[2m[36m(launch_and_fit pid=955110)[0m Fitting Client 18
[2m[36m(launch_and_fit pid=955113)[0m Fitting Client 9
[2m[36m(launch_and_fit pid=955116)[0m Fitting Client 16
[2m[36m(launch_and_fit pid=955117)[0m Fitting Client 11
[2m[36m(launch_and_fit pid=955112)[0m Fitting Client 2
[2m[36m(launch_and_fit pid=955114)[0m Fitting Client 1
[2m[36m(launch_and_fit pid=955115)[0m Fitting Client 7
Performing server side distillation training...
Distillation training stopped at step number : 500
Average fusion training loss : 0.05571479022316635, val accuracy : 0.5868200000000001, best val accuracy : 0.595
Average local training loss : 1.3622327017248606
Average local training accuracy : 0.8433277777777778
INFO flwr 2023-05-30 21:18:27,851 | server.py:116 | fit progress: (15, 1.7004269775390626, {'server_test_acc': 0.5918}, 1535.9323132629506)
INFO flwr 2023-05-30 21:18:27,852 | server.py:163 | evaluate_round 15: no clients selected, cancel
DEBUG flwr 2023-05-30 21:18:27,852 | server.py:215 | fit_round 16: strategy sampled 8 clients (out of 20)
DEBUG flwr 2023-05-30 21:19:22,237 | server.py:229 | fit_round 16 received 8 results and 0 failures
[2m[36m(launch_and_fit pid=1102919)[0m Fitting Client 2
[2m[36m(launch_and_fit pid=1102922)[0m Fitting Client 16
[2m[36m(launch_and_fit pid=1102924)[0m Fitting Client 18
[2m[36m(launch_and_fit pid=1102926)[0m Fitting Client 15
[2m[36m(launch_and_fit pid=1102920)[0m Fitting Client 17
[2m[36m(launch_and_fit pid=1102923)[0m Fitting Client 4
[2m[36m(launch_and_fit pid=1102921)[0m Fitting Client 19
[2m[36m(launch_and_fit pid=1102925)[0m Fitting Client 8
Performing server side distillation training...
E0530 21:20:07.020998827 1244268 chttp2_transport.cc:1079]             ipv4:145.136.62.54:44335: Received a GOAWAY with error code ENHANCE_YOUR_CALM and debug data equal to "too_many_pings". Current keepalive time (before throttling): 960000ms
Distillation training stopped at step number : 500
Average fusion training loss : 0.03767719065211713, val accuracy : 0.50996, best val accuracy : 0.5136
Average local training loss : 0.8559540436079259
Average local training accuracy : 0.9027944444444445
INFO flwr 2023-05-30 21:20:12,971 | server.py:116 | fit progress: (16, 2.601691943359375, {'server_test_acc': 0.5145}, 1641.0517734999303)
INFO flwr 2023-05-30 21:20:12,971 | server.py:163 | evaluate_round 16: no clients selected, cancel
DEBUG flwr 2023-05-30 21:20:12,971 | server.py:215 | fit_round 17: strategy sampled 8 clients (out of 20)
DEBUG flwr 2023-05-30 21:21:07,060 | server.py:229 | fit_round 17 received 8 results and 0 failures
[2m[36m(launch_and_fit pid=1250043)[0m Fitting Client 9
[2m[36m(launch_and_fit pid=1250042)[0m Fitting Client 10
[2m[36m(launch_and_fit pid=1250045)[0m Fitting Client 6
[2m[36m(launch_and_fit pid=1250044)[0m Fitting Client 19
[2m[36m(launch_and_fit pid=1250041)[0m Fitting Client 13
[2m[36m(launch_and_fit pid=1250039)[0m Fitting Client 18
[2m[36m(launch_and_fit pid=1250038)[0m Fitting Client 16
[2m[36m(launch_and_fit pid=1250040)[0m Fitting Client 17
Performing server side distillation training...
Distillation training stopped at step number : 500
Average fusion training loss : 0.0332469249907881, val accuracy : 0.51878, best val accuracy : 0.5238
Average local training loss : 0.9156452453986276
Average local training accuracy : 0.8970534722222222
INFO flwr 2023-05-30 21:21:58,024 | server.py:116 | fit progress: (17, 2.7896619873046875, {'server_test_acc': 0.5259}, 1746.1051139748888)
INFO flwr 2023-05-30 21:21:58,024 | server.py:163 | evaluate_round 17: no clients selected, cancel
DEBUG flwr 2023-05-30 21:21:58,024 | server.py:215 | fit_round 18: strategy sampled 8 clients (out of 20)
DEBUG flwr 2023-05-30 21:22:52,519 | server.py:229 | fit_round 18 received 8 results and 0 failures
[2m[36m(launch_and_fit pid=1397442)[0m Fitting Client 11
[2m[36m(launch_and_fit pid=1397448)[0m Fitting Client 17
[2m[36m(launch_and_fit pid=1397447)[0m Fitting Client 1
[2m[36m(launch_and_fit pid=1397443)[0m Fitting Client 15
[2m[36m(launch_and_fit pid=1397445)[0m Fitting Client 16
[2m[36m(launch_and_fit pid=1397444)[0m Fitting Client 14
[2m[36m(launch_and_fit pid=1397449)[0m Fitting Client 3
[2m[36m(launch_and_fit pid=1397446)[0m Fitting Client 18
Performing server side distillation training...
E0530 21:23:12.398796535 1513474 chttp2_transport.cc:1079]             ipv4:145.136.62.54:44335: Received a GOAWAY with error code ENHANCE_YOUR_CALM and debug data equal to "too_many_pings". Current keepalive time (before throttling): 1920000ms
Distillation training stopped at step number : 500
Average fusion training loss : 0.0367286336729303, val accuracy : 0.5546399999999999, best val accuracy : 0.5604
Average local training loss : 0.9705399054801092
Average local training accuracy : 0.8906625
INFO flwr 2023-05-30 21:23:43,436 | server.py:116 | fit progress: (18, 2.98081669921875, {'server_test_acc': 0.5546}, 1851.516529364977)
INFO flwr 2023-05-30 21:23:43,436 | server.py:163 | evaluate_round 18: no clients selected, cancel
DEBUG flwr 2023-05-30 21:23:43,436 | server.py:215 | fit_round 19: strategy sampled 8 clients (out of 20)
DEBUG flwr 2023-05-30 21:24:39,448 | server.py:229 | fit_round 19 received 8 results and 0 failures
[2m[36m(launch_and_fit pid=1544627)[0m Fitting Client 7
[2m[36m(launch_and_fit pid=1544628)[0m Fitting Client 0
[2m[36m(launch_and_fit pid=1544631)[0m Fitting Client 17
[2m[36m(launch_and_fit pid=1544629)[0m Fitting Client 16
[2m[36m(launch_and_fit pid=1544633)[0m Fitting Client 11
[2m[36m(launch_and_fit pid=1544632)[0m Fitting Client 18
[2m[36m(launch_and_fit pid=1544634)[0m Fitting Client 1
[2m[36m(launch_and_fit pid=1544630)[0m Fitting Client 10
Performing server side distillation training...
E0530 21:24:53.359040694 1691086 chttp2_transport.cc:1079]             ipv4:145.136.62.54:44335: Received a GOAWAY with error code ENHANCE_YOUR_CALM and debug data equal to "too_many_pings". Current keepalive time (before throttling): 3840000ms
Distillation training stopped at step number : 500
Average fusion training loss : 0.02877434557583183, val accuracy : 0.5920799999999999, best val accuracy : 0.5956
Average local training loss : 0.9586694241152144
Average local training accuracy : 0.8942493055555556
INFO flwr 2023-05-30 21:25:30,066 | server.py:116 | fit progress: (19, 2.2643622314453125, {'server_test_acc': 0.5895}, 1958.1465197819052)
INFO flwr 2023-05-30 21:25:30,066 | server.py:163 | evaluate_round 19: no clients selected, cancel
DEBUG flwr 2023-05-30 21:25:30,066 | server.py:215 | fit_round 20: strategy sampled 8 clients (out of 20)
DEBUG flwr 2023-05-30 21:26:26,186 | server.py:229 | fit_round 20 received 8 results and 0 failures
[2m[36m(launch_and_fit pid=1729473)[0m Fitting Client 7
[2m[36m(launch_and_fit pid=1729480)[0m Fitting Client 8
[2m[36m(launch_and_fit pid=1729475)[0m Fitting Client 1
[2m[36m(launch_and_fit pid=1729474)[0m Fitting Client 3
[2m[36m(launch_and_fit pid=1729477)[0m Fitting Client 10
[2m[36m(launch_and_fit pid=1729479)[0m Fitting Client 16
[2m[36m(launch_and_fit pid=1729476)[0m Fitting Client 2
[2m[36m(launch_and_fit pid=1729478)[0m Fitting Client 19
Performing server side distillation training...
Distillation training stopped at step number : 500
Average fusion training loss : 0.05012313857860863, val accuracy : 0.6553000000000001, best val accuracy : 0.6636
Average local training loss : 0.9822303381573874
Average local training accuracy : 0.8906958333333332
INFO flwr 2023-05-30 21:27:16,773 | server.py:116 | fit progress: (20, 1.4977303466796874, {'server_test_acc': 0.6543}, 2064.8544053729856)
INFO flwr 2023-05-30 21:27:16,774 | server.py:163 | evaluate_round 20: no clients selected, cancel
DEBUG flwr 2023-05-30 21:27:16,774 | server.py:215 | fit_round 21: strategy sampled 8 clients (out of 20)
DEBUG flwr 2023-05-30 21:28:10,593 | server.py:229 | fit_round 21 received 8 results and 0 failures
[2m[36m(launch_and_fit pid=1876576)[0m Fitting Client 3
[2m[36m(launch_and_fit pid=1876578)[0m Fitting Client 8
[2m[36m(launch_and_fit pid=1876577)[0m Fitting Client 18
[2m[36m(launch_and_fit pid=1876574)[0m Fitting Client 12
[2m[36m(launch_and_fit pid=1876573)[0m Fitting Client 6
[2m[36m(launch_and_fit pid=1876575)[0m Fitting Client 4
[2m[36m(launch_and_fit pid=1876571)[0m Fitting Client 15
[2m[36m(launch_and_fit pid=1876572)[0m Fitting Client 7
Performing server side distillation training...
Distillation training stopped at step number : 500
Average fusion training loss : 0.037712930269539355, val accuracy : 0.68314, best val accuracy : 0.6888
Average local training loss : 0.7214563302084571
Average local training accuracy : 0.9212652777777778
INFO flwr 2023-05-30 21:29:01,496 | server.py:116 | fit progress: (21, 1.2725834533691407, {'server_test_acc': 0.6874}, 2169.5767475148896)
INFO flwr 2023-05-30 21:29:01,496 | server.py:163 | evaluate_round 21: no clients selected, cancel
DEBUG flwr 2023-05-30 21:29:01,496 | server.py:215 | fit_round 22: strategy sampled 8 clients (out of 20)
DEBUG flwr 2023-05-30 21:29:55,698 | server.py:229 | fit_round 22 received 8 results and 0 failures
[2m[36m(launch_and_fit pid=2024444)[0m Fitting Client 6
[2m[36m(launch_and_fit pid=2024445)[0m Fitting Client 3
[2m[36m(launch_and_fit pid=2024447)[0m Fitting Client 15
[2m[36m(launch_and_fit pid=2024448)[0m Fitting Client 19
[2m[36m(launch_and_fit pid=2024441)[0m Fitting Client 13
[2m[36m(launch_and_fit pid=2024443)[0m Fitting Client 18
[2m[36m(launch_and_fit pid=2024442)[0m Fitting Client 5
[2m[36m(launch_and_fit pid=2024446)[0m Fitting Client 17
Performing server side distillation training...
E0530 21:30:37.877582979 2162938 chttp2_transport.cc:1079]             ipv4:145.136.62.54:44335: Received a GOAWAY with error code ENHANCE_YOUR_CALM and debug data equal to "too_many_pings". Current keepalive time (before throttling): 7680000ms
Distillation training stopped at step number : 500
Average fusion training loss : 0.033958448288962245, val accuracy : 0.5732599999999999, best val accuracy : 0.5766
Average local training loss : 0.7001686861040071
Average local training accuracy : 0.9214777777777778
INFO flwr 2023-05-30 21:30:46,787 | server.py:116 | fit progress: (22, 2.1887962890625, {'server_test_acc': 0.5694}, 2274.867585287895)
INFO flwr 2023-05-30 21:30:46,787 | server.py:163 | evaluate_round 22: no clients selected, cancel
DEBUG flwr 2023-05-30 21:30:46,787 | server.py:215 | fit_round 23: strategy sampled 8 clients (out of 20)
DEBUG flwr 2023-05-30 21:31:43,120 | server.py:229 | fit_round 23 received 8 results and 0 failures
[2m[36m(launch_and_fit pid=2171542)[0m Fitting Client 14
[2m[36m(launch_and_fit pid=2171543)[0m Fitting Client 12
[2m[36m(launch_and_fit pid=2171545)[0m Fitting Client 11
[2m[36m(launch_and_fit pid=2171548)[0m Fitting Client 5
[2m[36m(launch_and_fit pid=2171547)[0m Fitting Client 18
[2m[36m(launch_and_fit pid=2171546)[0m Fitting Client 1
[2m[36m(launch_and_fit pid=2171544)[0m Fitting Client 3
[2m[36m(launch_and_fit pid=2171549)[0m Fitting Client 15
Performing server side distillation training...
Distillation training stopped at step number : 500
Average fusion training loss : 0.04616314785368741, val accuracy : 0.69692, best val accuracy : 0.7002
Average local training loss : 0.7453770609456114
Average local training accuracy : 0.9175972222222223
INFO flwr 2023-05-30 21:32:34,675 | server.py:116 | fit progress: (23, 1.1810957763671874, {'server_test_acc': 0.6962}, 2382.7563424699474)
INFO flwr 2023-05-30 21:32:34,676 | server.py:163 | evaluate_round 23: no clients selected, cancel
DEBUG flwr 2023-05-30 21:32:34,676 | server.py:215 | fit_round 24: strategy sampled 8 clients (out of 20)
DEBUG flwr 2023-05-30 21:33:29,340 | server.py:229 | fit_round 24 received 8 results and 0 failures
[2m[36m(launch_and_fit pid=2319052)[0m Fitting Client 14
[2m[36m(launch_and_fit pid=2319053)[0m Fitting Client 7
[2m[36m(launch_and_fit pid=2319054)[0m Fitting Client 3
[2m[36m(launch_and_fit pid=2319057)[0m Fitting Client 17
[2m[36m(launch_and_fit pid=2319059)[0m Fitting Client 15
[2m[36m(launch_and_fit pid=2319058)[0m Fitting Client 6
[2m[36m(launch_and_fit pid=2319055)[0m Fitting Client 2
[2m[36m(launch_and_fit pid=2319056)[0m Fitting Client 16
Performing server side distillation training...
Distillation training stopped at step number : 500
Average fusion training loss : 0.02968337290547788, val accuracy : 0.66008, best val accuracy : 0.6636
Average local training loss : 0.761760707886424
Average local training accuracy : 0.9147819444444445
INFO flwr 2023-05-30 21:34:20,985 | server.py:116 | fit progress: (24, 1.4812952026367188, {'server_test_acc': 0.6605}, 2489.065831118962)
INFO flwr 2023-05-30 21:34:20,985 | server.py:163 | evaluate_round 24: no clients selected, cancel
DEBUG flwr 2023-05-30 21:34:20,985 | server.py:215 | fit_round 25: strategy sampled 8 clients (out of 20)
DEBUG flwr 2023-05-30 21:35:15,068 | server.py:229 | fit_round 25 received 8 results and 0 failures
[2m[36m(launch_and_fit pid=2466196)[0m Fitting Client 8
[2m[36m(launch_and_fit pid=2466203)[0m Fitting Client 13
[2m[36m(launch_and_fit pid=2466197)[0m Fitting Client 2
[2m[36m(launch_and_fit pid=2466199)[0m Fitting Client 19
[2m[36m(launch_and_fit pid=2466200)[0m Fitting Client 12
[2m[36m(launch_and_fit pid=2466201)[0m Fitting Client 14
[2m[36m(launch_and_fit pid=2466202)[0m Fitting Client 7
[2m[36m(launch_and_fit pid=2466198)[0m Fitting Client 18
Performing server side distillation training...
Distillation training stopped at step number : 500
Average fusion training loss : 0.04214528990164399, val accuracy : 0.6328599999999999, best val accuracy : 0.6404
Average local training loss : 0.6939217334816931
Average local training accuracy : 0.9244249999999999
INFO flwr 2023-05-30 21:36:06,484 | server.py:116 | fit progress: (25, 1.6834050170898438, {'server_test_acc': 0.6316}, 2594.564871550887)
INFO flwr 2023-05-30 21:36:06,484 | server.py:163 | evaluate_round 25: no clients selected, cancel
DEBUG flwr 2023-05-30 21:36:06,484 | server.py:215 | fit_round 26: strategy sampled 8 clients (out of 20)
DEBUG flwr 2023-05-30 21:37:01,137 | server.py:229 | fit_round 26 received 8 results and 0 failures
[2m[36m(launch_and_fit pid=2613701)[0m Fitting Client 17
[2m[36m(launch_and_fit pid=2613706)[0m Fitting Client 14
[2m[36m(launch_and_fit pid=2613703)[0m Fitting Client 2
[2m[36m(launch_and_fit pid=2613702)[0m Fitting Client 12
[2m[36m(launch_and_fit pid=2613707)[0m Fitting Client 3
[2m[36m(launch_and_fit pid=2613708)[0m Fitting Client 0
[2m[36m(launch_and_fit pid=2613705)[0m Fitting Client 1
[2m[36m(launch_and_fit pid=2613704)[0m Fitting Client 19
Performing server side distillation training...
E0530 21:37:03.579076058 2163526 chttp2_transport.cc:1079]             ipv4:145.136.62.54:44335: Received a GOAWAY with error code ENHANCE_YOUR_CALM and debug data equal to "too_many_pings". Current keepalive time (before throttling): 15360000ms
Distillation training stopped at step number : 500
Average fusion training loss : 0.030744028670713304, val accuracy : 0.6821200000000001, best val accuracy : 0.6886
Average local training loss : 0.5695130059189979
Average local training accuracy : 0.9385013888888889
INFO flwr 2023-05-30 21:37:52,731 | server.py:116 | fit progress: (26, 1.2668616821289063, {'server_test_acc': 0.6844}, 2700.8115961119765)
INFO flwr 2023-05-30 21:37:52,731 | server.py:163 | evaluate_round 26: no clients selected, cancel
DEBUG flwr 2023-05-30 21:37:52,731 | server.py:215 | fit_round 27: strategy sampled 8 clients (out of 20)
DEBUG flwr 2023-05-30 21:38:46,738 | server.py:229 | fit_round 27 received 8 results and 0 failures
[2m[36m(launch_and_fit pid=2760961)[0m Fitting Client 13
[2m[36m(launch_and_fit pid=2760962)[0m Fitting Client 15
[2m[36m(launch_and_fit pid=2760960)[0m Fitting Client 5
[2m[36m(launch_and_fit pid=2760963)[0m Fitting Client 6
[2m[36m(launch_and_fit pid=2760965)[0m Fitting Client 17
[2m[36m(launch_and_fit pid=2760964)[0m Fitting Client 18
[2m[36m(launch_and_fit pid=2760966)[0m Fitting Client 0
[2m[36m(launch_and_fit pid=2760967)[0m Fitting Client 16
Performing server side distillation training...
Distillation training stopped at step number : 500
Average fusion training loss : 0.039337096063420174, val accuracy : 0.61082, best val accuracy : 0.6156
Average local training loss : 0.6040400162717561
Average local training accuracy : 0.9341138888888889
INFO flwr 2023-05-30 21:39:39,733 | server.py:116 | fit progress: (27, 1.7780850463867188, {'server_test_acc': 0.6232}, 2807.814007431967)
INFO flwr 2023-05-30 21:39:39,733 | server.py:163 | evaluate_round 27: no clients selected, cancel
DEBUG flwr 2023-05-30 21:39:39,733 | server.py:215 | fit_round 28: strategy sampled 8 clients (out of 20)
DEBUG flwr 2023-05-30 21:40:33,866 | server.py:229 | fit_round 28 received 8 results and 0 failures
[2m[36m(launch_and_fit pid=2946037)[0m Fitting Client 12
[2m[36m(launch_and_fit pid=2946038)[0m Fitting Client 0
[2m[36m(launch_and_fit pid=2946039)[0m Fitting Client 8
[2m[36m(launch_and_fit pid=2946042)[0m Fitting Client 16
[2m[36m(launch_and_fit pid=2946044)[0m Fitting Client 13
[2m[36m(launch_and_fit pid=2946041)[0m Fitting Client 18
[2m[36m(launch_and_fit pid=2946043)[0m Fitting Client 14
[2m[36m(launch_and_fit pid=2946040)[0m Fitting Client 5
Performing server side distillation training...
Distillation training stopped at step number : 500
Average fusion training loss : 0.027078259082511068, val accuracy : 0.67226, best val accuracy : 0.6794
Average local training loss : 0.5772860120341647
Average local training accuracy : 0.938292361111111
INFO flwr 2023-05-30 21:41:28,665 | server.py:116 | fit progress: (28, 1.3463363891601563, {'server_test_acc': 0.6851}, 2916.7462791729486)
INFO flwr 2023-05-30 21:41:28,666 | server.py:163 | evaluate_round 28: no clients selected, cancel
DEBUG flwr 2023-05-30 21:41:28,666 | server.py:215 | fit_round 29: strategy sampled 8 clients (out of 20)
DEBUG flwr 2023-05-30 21:42:22,541 | server.py:229 | fit_round 29 received 8 results and 0 failures
[2m[36m(launch_and_fit pid=3097157)[0m Fitting Client 13
[2m[36m(launch_and_fit pid=3097158)[0m Fitting Client 9
[2m[36m(launch_and_fit pid=3097164)[0m Fitting Client 19
[2m[36m(launch_and_fit pid=3097161)[0m Fitting Client 15
[2m[36m(launch_and_fit pid=3097160)[0m Fitting Client 16
[2m[36m(launch_and_fit pid=3097159)[0m Fitting Client 14
[2m[36m(launch_and_fit pid=3097163)[0m Fitting Client 4
[2m[36m(launch_and_fit pid=3097162)[0m Fitting Client 3
Performing server side distillation training...
E0530 21:42:24.278799140 2712937 chttp2_transport.cc:1079]             ipv4:145.136.62.54:44335: Received a GOAWAY with error code ENHANCE_YOUR_CALM and debug data equal to "too_many_pings". Current keepalive time (before throttling): 30720000ms
Distillation training stopped at step number : 500
Average fusion training loss : 0.039558947132900354, val accuracy : 0.69018, best val accuracy : 0.6976
Average local training loss : 0.6033963430003495
Average local training accuracy : 0.9343229166666667
INFO flwr 2023-05-30 21:43:13,242 | server.py:116 | fit progress: (29, 1.263534490966797, {'server_test_acc': 0.6848}, 3021.3227842529304)
INFO flwr 2023-05-30 21:43:13,242 | server.py:163 | evaluate_round 29: no clients selected, cancel
DEBUG flwr 2023-05-30 21:43:13,242 | server.py:215 | fit_round 30: strategy sampled 8 clients (out of 20)
DEBUG flwr 2023-05-30 21:44:09,323 | server.py:229 | fit_round 30 received 8 results and 0 failures
[2m[36m(launch_and_fit pid=3244447)[0m Fitting Client 1
[2m[36m(launch_and_fit pid=3244449)[0m Fitting Client 17
[2m[36m(launch_and_fit pid=3244454)[0m Fitting Client 14
[2m[36m(launch_and_fit pid=3244448)[0m Fitting Client 19
[2m[36m(launch_and_fit pid=3244450)[0m Fitting Client 18
[2m[36m(launch_and_fit pid=3244451)[0m Fitting Client 0
[2m[36m(launch_and_fit pid=3244452)[0m Fitting Client 10
[2m[36m(launch_and_fit pid=3244453)[0m Fitting Client 9
Performing server side distillation training...
Distillation training stopped at step number : 500
Average fusion training loss : 0.04282347029261291, val accuracy : 0.6399000000000001, best val accuracy : 0.6478
Average local training loss : 0.5457749306922779
Average local training accuracy : 0.940651388888889
INFO flwr 2023-05-30 21:44:59,627 | server.py:116 | fit progress: (30, 1.6633335205078126, {'server_test_acc': 0.656}, 3127.7078490519198)
INFO flwr 2023-05-30 21:44:59,627 | server.py:163 | evaluate_round 30: no clients selected, cancel
INFO flwr 2023-05-30 21:44:59,627 | server.py:144 | FL finished in 3127.7081044369843
INFO flwr 2023-05-30 21:44:59,628 | app.py:202 | app_fit: losses_distributed []
INFO flwr 2023-05-30 21:44:59,628 | app.py:203 | app_fit: metrics_distributed {}
INFO flwr 2023-05-30 21:44:59,628 | app.py:204 | app_fit: losses_centralized [(0, 2.369325817871094), (1, 1.3638067260742188), (2, 1.9813009643554687), (3, 2.426357470703125), (4, 2.3046589599609373), (5, 1.42330947265625), (6, 1.693375439453125), (7, 1.8855251098632813), (8, 1.6483286376953126), (9, 1.3948533569335937), (10, 1.3389718383789062), (11, 1.3512078979492188), (12, 1.4507762084960938), (13, 1.2719567504882812), (14, 1.7478768188476563), (15, 1.7004269775390626), (16, 2.601691943359375), (17, 2.7896619873046875), (18, 2.98081669921875), (19, 2.2643622314453125), (20, 1.4977303466796874), (21, 1.2725834533691407), (22, 2.1887962890625), (23, 1.1810957763671874), (24, 1.4812952026367188), (25, 1.6834050170898438), (26, 1.2668616821289063), (27, 1.7780850463867188), (28, 1.3463363891601563), (29, 1.263534490966797), (30, 1.6633335205078126)]
INFO flwr 2023-05-30 21:44:59,628 | app.py:205 | app_fit: metrics_centralized {'server_test_acc': [(0, 0.1096), (1, 0.5003), (2, 0.3887), (3, 0.4206), (4, 0.3959), (5, 0.4818), (6, 0.4578), (7, 0.4332), (8, 0.5063), (9, 0.5344), (10, 0.5579), (11, 0.611), (12, 0.581), (13, 0.6224), (14, 0.5291), (15, 0.5918), (16, 0.5145), (17, 0.5259), (18, 0.5546), (19, 0.5895), (20, 0.6543), (21, 0.6874), (22, 0.5694), (23, 0.6962), (24, 0.6605), (25, 0.6316), (26, 0.6844), (27, 0.6232), (28, 0.6851), (29, 0.6848), (30, 0.656)]}
-----EXPERIMENT ENDS-----
-----END-----

JOB STATISTICS
==============
Job ID: 2819191
Cluster: snellius
User/Group: sunnys/sunnys
State: COMPLETED (exit code 0)
Nodes: 1
Cores per node: 18
CPU Utilized: 01:56:28
CPU Efficiency: 12.24% of 15:51:36 core-walltime
Job Wall-clock time: 00:52:52
Memory Utilized: 30.70 GB
Memory Efficiency: 0.00% of 0.00 MB
