-----BEGIN-----
-----SETTINGS-----
TOTAL CROPS:5000
STRATEGY:feddf
MODEL_NAME:resnet8
NUM_CLIENTS:20
NUM_ROUNDS:30
FRACTION_FIT:0.4
FRACTION_EVALUATE:0.0
DATASET_NAME:pathmnist
PARTITION_ALPHA:1.0
PARTITION_VAL_RATIO:0.1
BATCH_SIZE:512
LOCAL_EPOCHS:10
LOCAL_LR:0.01
DISTILL_BATCH_SIZE:512
SERVER_LR:0.005
SERVER_STEPS:250
SERVER_EARLY_STEPS:1000
USE_EARLY_STOPPING:False
USE_ADAPTIVE_LR:False
USE_ADAPTIVE_LR_ROUND:False
SEED:84
CUDA_DETERMINISTIC:False
USE_CROPS:True
IMG_NAME:colonpath_sample.jpg
DISTILL_DATASET:organamnist
DISTILL_ALPHA:1.0
NUM_DISTILL_IMAGES:5000
DISTILL_TRANSFORMS:v0
WARM_START:True
WARM_START_ROUNDS:1
WARM_START_INTERVAL:5
KMEANS_N_CLUSTER:1000
KMEANS_HEURISTICS:hard
KMEANS_MIXED_FACTOR:50-50
KMEANS_BALANCING:1.0
CONFIDENCE_THRESHOLD:0.9
CONFIDENCE_STRATEGY:top
CONFIDENCE_ADAPTIVE:False
CONFIDENCE_MAX_THRESH:0.5
CLIPPING_FACTOR:2.5
FEDPROX_FACTOR:0.0
FEDPROX_ADAPTIVE:False
USE_CLIPPING:True
USE_ENTROPY:False
USE_KMEANS:False
USE_FEDPROX:False
-----SETTINGS END-----
-----EXPERIMENT BEGINS-----
---------
Generating crops for FedDF
Namespace(img_size=32, batch_size=32, num_imgs=5000, threads=18, vflip=False, deg=30, shear=30, cropfirst=True, initcrop=0.5, scale=[500, 1], randinterp=False, debug=False, imgpath='./static/single_images/colonpath_sample.jpg', targetpath='/scratch-local/sunnys.3425369/1692490639_511900963', seed=84, img_per_thread=277)
will save 5000 patches in /scratch-local/sunnys.3425369/1692490639_511900963/single_img_crops/crops
5000 took 0.12min with 18 threads
---------
Simulating feddf training
INFO simulate 2023-08-20 02:17:44,699 | simulate.py:50 | Python script started : simulate.py
DEBUG simulate 2023-08-20 02:17:44,699 | simulate.py:55 | Reading args from argument parser
Downloading https://zenodo.org/record/6496656/files/pathmnist.npz?download=1 to /scratch-local/sunnys.3425369/1692490639_511900963/pathmnist.npz
Generating unified pathmnist dataset
Class histogram for 0-th partition (alpha=1.0, 9 classes): [ 626  245  667 1433   97  368  887   63  114]
INFO flwr 2023-08-20 02:18:02,415 | app.py:145 | Starting Flower simulation, config: ServerConfig(num_rounds=30, round_timeout=None)
2023-08-20 02:18:05,021	INFO worker.py:1529 -- Started a local Ray instance. View the dashboard at [1m[32m127.0.0.1:8265 [39m[22m
INFO flwr 2023-08-20 02:18:06,028 | app.py:179 | Flower VCE: Ray initialized with resources: {'memory': 103079215104.0, 'GPU': 1.0, 'CPU': 18.0, 'object_store_memory': 61847529062.0, 'accelerator_type:A100': 1.0, 'node:145.136.62.56': 1.0}
INFO flwr 2023-08-20 02:18:06,028 | server.py:86 | Initializing global parameters
INFO flwr 2023-08-20 02:18:06,028 | server.py:266 | Using initial parameters provided by strategy
INFO flwr 2023-08-20 02:18:06,028 | server.py:88 | Evaluating initial parameters
INFO flwr 2023-08-20 02:18:17,906 | server.py:91 | initial parameters (loss, other metrics): 2.192614644616427, {'server_test_acc': 0.18704735376044568}
INFO flwr 2023-08-20 02:18:17,906 | server.py:101 | FL starting
DEBUG flwr 2023-08-20 02:18:21,444 | server.py:215 | fit_round 1: strategy sampled 8 clients (out of 20)
DEBUG flwr 2023-08-20 02:18:56,401 | server.py:229 | fit_round 1 received 8 results and 0 failures
INFO flwr 2023-08-20 02:18:56,514 | fed_df.py:365 | Warm start at round 1
INFO flwr 2023-08-20 02:18:56,610 | fed_df.py:463 | Performing server side distillation training...
[2m[36m(launch_and_fit pid=1758802)[0m Fitting Client 11
[2m[36m(launch_and_fit pid=1758801)[0m Fitting Client 10
[2m[36m(launch_and_fit pid=1758803)[0m Fitting Client 5
[2m[36m(launch_and_fit pid=1758800)[0m Fitting Client 8
[2m[36m(launch_and_fit pid=1758806)[0m Fitting Client 18
[2m[36m(launch_and_fit pid=1758804)[0m Fitting Client 2
[2m[36m(launch_and_fit pid=1758805)[0m Fitting Client 4
[2m[36m(launch_and_fit pid=1758799)[0m Fitting Client 19
[2m[36m(launch_and_fit pid=1758800)[0m double free or corruption (fasttop)
[2m[36m(launch_and_fit pid=1758802)[0m malloc_consolidate(): invalid chunk size
[2m[36m(launch_and_fit pid=1758803)[0m malloc_consolidate(): invalid chunk size
[2m[36m(launch_and_fit pid=1758801)[0m double free or corruption (fasttop)
[2m[36m(launch_and_fit pid=1758805)[0m malloc_consolidate(): invalid chunk size
[2m[36m(launch_and_fit pid=1758806)[0m malloc_consolidate(): invalid chunk size
E0820 02:18:58.296613627 1755606 chttp2_transport.cc:1079]             ipv4:145.136.62.56:49190: Received a GOAWAY with error code ENHANCE_YOUR_CALM and debug data equal to "too_many_pings". Current keepalive time (before throttling): 60000ms
[2m[36m(launch_and_fit pid=1758799)[0m malloc_consolidate(): invalid chunk size
[2m[36m(launch_and_fit pid=1758804)[0m malloc_consolidate(): invalid chunk size
INFO flwr 2023-08-20 02:19:40,482 | fed_df.py:540 | Distillation training stopped at step number : 250
INFO flwr 2023-08-20 02:19:40,483 | fed_df.py:547 | Average fusion training loss : 0.07849010196328163, val accuracy : 0.5276567363272566, best val accuracy : 0.5912627834593153
INFO flwr 2023-08-20 02:19:40,483 | common.py:35 | Avg. local train loss : 7.811796566098928, train acc : 0.7533425925925925
INFO flwr 2023-08-20 02:19:42,735 | server.py:116 | fit progress: (1, 1.6468921104845562, {'server_test_acc': 0.6090529247910863}, 84.82936415821314)
INFO flwr 2023-08-20 02:19:42,736 | server.py:163 | evaluate_round 1: no clients selected, cancel
DEBUG flwr 2023-08-20 02:19:46,154 | server.py:215 | fit_round 2: strategy sampled 8 clients (out of 20)
[2m[36m(launch_and_fit pid=1868318)[0m double free or corruption (fasttop)
DEBUG flwr 2023-08-20 02:20:20,496 | server.py:229 | fit_round 2 received 8 results and 0 failures
INFO flwr 2023-08-20 02:20:20,646 | fed_df.py:463 | Performing server side distillation training...
[2m[36m(launch_and_fit pid=1868318)[0m Fitting Client 5
[2m[36m(launch_and_fit pid=1868319)[0m Fitting Client 3
[2m[36m(launch_and_fit pid=1868321)[0m Fitting Client 2
[2m[36m(launch_and_fit pid=1868249)[0m Fitting Client 13
[2m[36m(launch_and_fit pid=1868247)[0m Fitting Client 15
[2m[36m(launch_and_fit pid=1868248)[0m Fitting Client 0
[2m[36m(launch_and_fit pid=1868320)[0m Fitting Client 16
[2m[36m(launch_and_fit pid=1868250)[0m Fitting Client 7
[2m[36m(launch_and_fit pid=1868321)[0m malloc_consolidate(): invalid chunk size
[2m[36m(launch_and_fit pid=1868320)[0m malloc_consolidate(): invalid chunk size
[2m[36m(launch_and_fit pid=1868249)[0m double free or corruption (fasttop)
[2m[36m(launch_and_fit pid=1868319)[0m malloc_consolidate(): invalid chunk size
[2m[36m(launch_and_fit pid=1868250)[0m double free or corruption (fasttop)
[2m[36m(launch_and_fit pid=1868247)[0m malloc_consolidate(): invalid chunk size
[2m[36m(launch_and_fit pid=1868248)[0m double free or corruption (fasttop)
E0820 02:20:24.185481923 1790763 chttp2_transport.cc:1079]             ipv4:145.136.62.56:49190: Received a GOAWAY with error code ENHANCE_YOUR_CALM and debug data equal to "too_many_pings". Current keepalive time (before throttling): 120000ms
E0820 02:20:24.185588836 1790763 chttp2_transport.cc:1079]             ipv4:145.136.62.56:49190: Received a GOAWAY with error code ENHANCE_YOUR_CALM and debug data equal to "too_many_pings". Current keepalive time (before throttling): 120000ms
INFO flwr 2023-08-20 02:21:04,413 | fed_df.py:540 | Distillation training stopped at step number : 250
INFO flwr 2023-08-20 02:21:04,413 | fed_df.py:547 | Average fusion training loss : 0.15894550663232804, val accuracy : 0.4954424188528234, best val accuracy : 0.5306803023566029
INFO flwr 2023-08-20 02:21:04,414 | common.py:35 | Avg. local train loss : 8.254872262477875, train acc : 0.7148395061728395
INFO flwr 2023-08-20 02:21:06,683 | server.py:116 | fit progress: (2, 2.2747502297744115, {'server_test_acc': 0.5598885793871866}, 168.7770874123089)
INFO flwr 2023-08-20 02:21:06,683 | server.py:163 | evaluate_round 2: no clients selected, cancel
DEBUG flwr 2023-08-20 02:21:10,149 | server.py:215 | fit_round 3: strategy sampled 8 clients (out of 20)
[2m[36m(launch_and_fit pid=1996952)[0m double free or corruption (fasttop)
DEBUG flwr 2023-08-20 02:21:44,097 | server.py:229 | fit_round 3 received 8 results and 0 failures
INFO flwr 2023-08-20 02:21:44,250 | fed_df.py:463 | Performing server side distillation training...
[2m[36m(launch_and_fit pid=1996950)[0m Fitting Client 19
[2m[36m(launch_and_fit pid=1996952)[0m Fitting Client 8
[2m[36m(launch_and_fit pid=1997020)[0m Fitting Client 2
[2m[36m(launch_and_fit pid=1997021)[0m Fitting Client 13
[2m[36m(launch_and_fit pid=1997023)[0m Fitting Client 4
[2m[36m(launch_and_fit pid=1997022)[0m Fitting Client 6
[2m[36m(launch_and_fit pid=1997024)[0m Fitting Client 10
[2m[36m(launch_and_fit pid=1997026)[0m Fitting Client 18
[2m[36m(launch_and_fit pid=1996950)[0m double free or corruption (fasttop)
[2m[36m(launch_and_fit pid=1997022)[0m double free or corruption (fasttop)
[2m[36m(launch_and_fit pid=1997020)[0m double free or corruption (fasttop)
[2m[36m(launch_and_fit pid=1997023)[0m malloc_consolidate(): invalid chunk size
[2m[36m(launch_and_fit pid=1997021)[0m malloc_consolidate(): invalid chunk size
[2m[36m(launch_and_fit pid=1997026)[0m malloc_consolidate(): invalid chunk size
E0820 02:21:46.441808242 2051659 chttp2_transport.cc:1079]             ipv4:145.136.62.56:49190: Received a GOAWAY with error code ENHANCE_YOUR_CALM and debug data equal to "too_many_pings". Current keepalive time (before throttling): 240000ms
[2m[36m(launch_and_fit pid=1997024)[0m malloc_consolidate(): invalid chunk size
INFO flwr 2023-08-20 02:22:27,678 | fed_df.py:540 | Distillation training stopped at step number : 250
INFO flwr 2023-08-20 02:22:27,679 | fed_df.py:547 | Average fusion training loss : 0.1694792862534523, val accuracy : 0.554357492218764, best val accuracy : 0.5929301911960871
INFO flwr 2023-08-20 02:22:27,680 | common.py:35 | Avg. local train loss : 7.0706492587924, train acc : 0.7981604938271605
INFO flwr 2023-08-20 02:22:29,937 | server.py:116 | fit progress: (3, 1.8408094379563185, {'server_test_acc': 0.565041782729805}, 252.03098528413102)
INFO flwr 2023-08-20 02:22:29,937 | server.py:163 | evaluate_round 3: no clients selected, cancel
DEBUG flwr 2023-08-20 02:22:33,542 | server.py:215 | fit_round 4: strategy sampled 8 clients (out of 20)
DEBUG flwr 2023-08-20 02:23:07,673 | server.py:229 | fit_round 4 received 8 results and 0 failures
INFO flwr 2023-08-20 02:23:07,826 | fed_df.py:463 | Performing server side distillation training...
[2m[36m(launch_and_fit pid=2123333)[0m Fitting Client 8
[2m[36m(launch_and_fit pid=2123332)[0m Fitting Client 12
[2m[36m(launch_and_fit pid=2123405)[0m Fitting Client 11
[2m[36m(launch_and_fit pid=2123406)[0m Fitting Client 1
[2m[36m(launch_and_fit pid=2123404)[0m Fitting Client 17
[2m[36m(launch_and_fit pid=2123475)[0m Fitting Client 19
[2m[36m(launch_and_fit pid=2123407)[0m Fitting Client 0
[2m[36m(launch_and_fit pid=2123403)[0m Fitting Client 18
[2m[36m(launch_and_fit pid=2123332)[0m corrupted size vs. prev_size in fastbins
[2m[36m(launch_and_fit pid=2123406)[0m malloc_consolidate(): invalid chunk size
[2m[36m(launch_and_fit pid=2123333)[0m malloc_consolidate(): invalid chunk size
[2m[36m(launch_and_fit pid=2123405)[0m malloc_consolidate(): invalid chunk size
[2m[36m(launch_and_fit pid=2123475)[0m malloc_consolidate(): invalid chunk size
[2m[36m(launch_and_fit pid=2123404)[0m malloc_consolidate(): invalid chunk size
[2m[36m(launch_and_fit pid=2123407)[0m malloc_consolidate(): invalid chunk size
E0820 02:23:09.801638471 2174098 chttp2_transport.cc:1079]             ipv4:145.136.62.56:49190: Received a GOAWAY with error code ENHANCE_YOUR_CALM and debug data equal to "too_many_pings". Current keepalive time (before throttling): 480000ms
[2m[36m(launch_and_fit pid=2123403)[0m double free or corruption (fasttop)
INFO flwr 2023-08-20 02:23:50,685 | fed_df.py:540 | Distillation training stopped at step number : 250
INFO flwr 2023-08-20 02:23:50,686 | fed_df.py:547 | Average fusion training loss : 0.16700566512346268, val accuracy : 0.5662738995108937, best val accuracy : 0.588150289017341
INFO flwr 2023-08-20 02:23:50,687 | common.py:35 | Avg. local train loss : 7.293930640071631, train acc : 0.7864351851851851
INFO flwr 2023-08-20 02:23:52,957 | server.py:116 | fit progress: (4, 2.758968748554878, {'server_test_acc': 0.6264623955431755}, 335.05070084892213)
INFO flwr 2023-08-20 02:23:52,957 | server.py:163 | evaluate_round 4: no clients selected, cancel
DEBUG flwr 2023-08-20 02:23:56,524 | server.py:215 | fit_round 5: strategy sampled 8 clients (out of 20)
[2m[36m(launch_and_fit pid=2240535)[0m malloc_consolidate(): invalid chunk size
[2m[36m(launch_and_fit pid=2240534)[0m double free or corruption (fasttop)
DEBUG flwr 2023-08-20 02:24:32,127 | server.py:229 | fit_round 5 received 8 results and 0 failures
INFO flwr 2023-08-20 02:24:32,240 | fed_df.py:365 | Warm start at round 5
INFO flwr 2023-08-20 02:24:32,334 | fed_df.py:463 | Performing server side distillation training...
[2m[36m(launch_and_fit pid=2240434)[0m Fitting Client 9
[2m[36m(launch_and_fit pid=2240437)[0m Fitting Client 17
[2m[36m(launch_and_fit pid=2240535)[0m Fitting Client 19
[2m[36m(launch_and_fit pid=2240534)[0m Fitting Client 11
[2m[36m(launch_and_fit pid=2240666)[0m Fitting Client 16
[2m[36m(launch_and_fit pid=2240702)[0m Fitting Client 18
[2m[36m(launch_and_fit pid=2240701)[0m Fitting Client 2
[2m[36m(launch_and_fit pid=2240700)[0m Fitting Client 3
[2m[36m(launch_and_fit pid=2240437)[0m malloc_consolidate(): invalid chunk size
[2m[36m(launch_and_fit pid=2240702)[0m double free or corruption (fasttop)
[2m[36m(launch_and_fit pid=2240701)[0m double free or corruption (fasttop)
[2m[36m(launch_and_fit pid=2240700)[0m malloc_consolidate(): invalid chunk size
[2m[36m(launch_and_fit pid=2240666)[0m malloc_consolidate(): invalid chunk size
INFO flwr 2023-08-20 02:25:15,715 | fed_df.py:540 | Distillation training stopped at step number : 250
INFO flwr 2023-08-20 02:25:15,715 | fed_df.py:547 | Average fusion training loss : 0.2320121660232544, val accuracy : 0.5590484659848822, best val accuracy : 0.6536238328145842
INFO flwr 2023-08-20 02:25:15,717 | common.py:35 | Avg. local train loss : 7.290766593068838, train acc : 0.7817716049382716
INFO flwr 2023-08-20 02:25:17,898 | server.py:116 | fit progress: (5, 2.562786484030296, {'server_test_acc': 0.5083565459610028}, 419.9916224689223)
INFO flwr 2023-08-20 02:25:17,898 | server.py:163 | evaluate_round 5: no clients selected, cancel
DEBUG flwr 2023-08-20 02:25:21,301 | server.py:215 | fit_round 6: strategy sampled 8 clients (out of 20)
DEBUG flwr 2023-08-20 02:25:56,898 | server.py:229 | fit_round 6 received 8 results and 0 failures
INFO flwr 2023-08-20 02:25:57,049 | fed_df.py:463 | Performing server side distillation training...
[2m[36m(launch_and_fit pid=2365110)[0m Fitting Client 8
[2m[36m(launch_and_fit pid=2365111)[0m Fitting Client 10
[2m[36m(launch_and_fit pid=2365108)[0m Fitting Client 18
[2m[36m(launch_and_fit pid=2365109)[0m Fitting Client 12
[2m[36m(launch_and_fit pid=2365115)[0m Fitting Client 7
[2m[36m(launch_and_fit pid=2365113)[0m Fitting Client 15
[2m[36m(launch_and_fit pid=2365114)[0m Fitting Client 4
[2m[36m(launch_and_fit pid=2365112)[0m Fitting Client 17
[2m[36m(launch_and_fit pid=2365115)[0m malloc_consolidate(): invalid chunk size
[2m[36m(launch_and_fit pid=2365110)[0m malloc_consolidate(): invalid chunk size
[2m[36m(launch_and_fit pid=2365111)[0m malloc_consolidate(): invalid chunk size
[2m[36m(launch_and_fit pid=2365112)[0m malloc_consolidate(): invalid chunk size
[2m[36m(launch_and_fit pid=2365109)[0m malloc_consolidate(): invalid chunk size
[2m[36m(launch_and_fit pid=2365113)[0m double free or corruption (fasttop)
[2m[36m(launch_and_fit pid=2365114)[0m malloc_consolidate(): invalid chunk size
E0820 02:25:59.038406482 2295980 chttp2_transport.cc:1079]             ipv4:145.136.62.56:49190: Received a GOAWAY with error code ENHANCE_YOUR_CALM and debug data equal to "too_many_pings". Current keepalive time (before throttling): 960000ms
[2m[36m(launch_and_fit pid=2365108)[0m malloc_consolidate(): invalid chunk size
INFO flwr 2023-08-20 02:26:40,929 | fed_df.py:540 | Distillation training stopped at step number : 250
INFO flwr 2023-08-20 02:26:40,930 | fed_df.py:547 | Average fusion training loss : 0.2145192342400551, val accuracy : 0.48719430858159185, best val accuracy : 0.5605824811027124
INFO flwr 2023-08-20 02:26:40,931 | common.py:35 | Avg. local train loss : 7.177319041639566, train acc : 0.7854444444444445
INFO flwr 2023-08-20 02:26:43,127 | server.py:116 | fit progress: (6, 2.475669019667219, {'server_test_acc': 0.5887186629526462}, 505.2211733199656)
INFO flwr 2023-08-20 02:26:43,128 | server.py:163 | evaluate_round 6: no clients selected, cancel
DEBUG flwr 2023-08-20 02:26:46,548 | server.py:215 | fit_round 7: strategy sampled 8 clients (out of 20)
DEBUG flwr 2023-08-20 02:27:23,374 | server.py:229 | fit_round 7 received 8 results and 0 failures
INFO flwr 2023-08-20 02:27:23,527 | fed_df.py:463 | Performing server side distillation training...
[2m[36m(launch_and_fit pid=2497817)[0m Fitting Client 0
[2m[36m(launch_and_fit pid=2497820)[0m Fitting Client 19
[2m[36m(launch_and_fit pid=2497823)[0m Fitting Client 3
[2m[36m(launch_and_fit pid=2497824)[0m Fitting Client 8
[2m[36m(launch_and_fit pid=2497826)[0m Fitting Client 2
[2m[36m(launch_and_fit pid=2497819)[0m Fitting Client 12
[2m[36m(launch_and_fit pid=2497829)[0m Fitting Client 4
[2m[36m(launch_and_fit pid=2497828)[0m Fitting Client 15
[2m[36m(launch_and_fit pid=2497820)[0m double free or corruption (fasttop)
[2m[36m(launch_and_fit pid=2497819)[0m double free or corruption (fasttop)
[2m[36m(launch_and_fit pid=2497824)[0m double free or corruption (fasttop)
[2m[36m(launch_and_fit pid=2497823)[0m double free or corruption (fasttop)
[2m[36m(launch_and_fit pid=2497828)[0m double free or corruption (fasttop)
[2m[36m(launch_and_fit pid=2497826)[0m malloc_consolidate(): invalid chunk size
[2m[36m(launch_and_fit pid=2497817)[0m malloc_consolidate(): invalid chunk size
E0820 02:27:25.925378865 2424380 chttp2_transport.cc:1079]             ipv4:145.136.62.56:49190: Received a GOAWAY with error code ENHANCE_YOUR_CALM and debug data equal to "too_many_pings". Current keepalive time (before throttling): 1920000ms
[2m[36m(launch_and_fit pid=2497829)[0m double free or corruption (fasttop)
INFO flwr 2023-08-20 02:28:08,028 | fed_df.py:540 | Distillation training stopped at step number : 250
INFO flwr 2023-08-20 02:28:08,029 | fed_df.py:547 | Average fusion training loss : 0.2043421773314476, val accuracy : 0.5993997332147621, best val accuracy : 0.6230546909737661
INFO flwr 2023-08-20 02:28:08,030 | common.py:35 | Avg. local train loss : 7.526746346056461, train acc : 0.7700154320987654
INFO flwr 2023-08-20 02:28:10,338 | server.py:116 | fit progress: (7, 2.560325940405758, {'server_test_acc': 0.6920612813370474}, 592.4318505763076)
INFO flwr 2023-08-20 02:28:10,338 | server.py:163 | evaluate_round 7: no clients selected, cancel
DEBUG flwr 2023-08-20 02:28:13,808 | server.py:215 | fit_round 8: strategy sampled 8 clients (out of 20)
[2m[36m(launch_and_fit pid=2628724)[0m malloc_consolidate(): invalid chunk size
DEBUG flwr 2023-08-20 02:28:49,781 | server.py:229 | fit_round 8 received 8 results and 0 failures
INFO flwr 2023-08-20 02:28:49,932 | fed_df.py:463 | Performing server side distillation training...
[2m[36m(launch_and_fit pid=2628721)[0m Fitting Client 5
[2m[36m(launch_and_fit pid=2628724)[0m Fitting Client 19
[2m[36m(launch_and_fit pid=2628723)[0m Fitting Client 7
[2m[36m(launch_and_fit pid=2628722)[0m Fitting Client 15
[2m[36m(launch_and_fit pid=2628725)[0m Fitting Client 9
[2m[36m(launch_and_fit pid=2628719)[0m Fitting Client 14
[2m[36m(launch_and_fit pid=2628726)[0m Fitting Client 4
[2m[36m(launch_and_fit pid=2628727)[0m Fitting Client 13
[2m[36m(launch_and_fit pid=2628723)[0m malloc_consolidate(): invalid chunk size
[2m[36m(launch_and_fit pid=2628725)[0m malloc_consolidate(): invalid chunk size
[2m[36m(launch_and_fit pid=2628727)[0m malloc_consolidate(): invalid chunk size
[2m[36m(launch_and_fit pid=2628726)[0m double free or corruption (fasttop)
[2m[36m(launch_and_fit pid=2628721)[0m malloc_consolidate(): invalid chunk size
[2m[36m(launch_and_fit pid=2628722)[0m double free or corruption (fasttop)
[2m[36m(launch_and_fit pid=2628719)[0m double free or corruption (fasttop)
E0820 02:28:53.157699180 2676771 chttp2_transport.cc:1079]             ipv4:145.136.62.56:49190: Received a GOAWAY with error code ENHANCE_YOUR_CALM and debug data equal to "too_many_pings". Current keepalive time (before throttling): 3840000ms
INFO flwr 2023-08-20 02:29:34,456 | fed_df.py:540 | Distillation training stopped at step number : 250
INFO flwr 2023-08-20 02:29:34,456 | fed_df.py:547 | Average fusion training loss : 0.2325783411860466, val accuracy : 0.5533348154735438, best val accuracy : 0.5883726100489106
INFO flwr 2023-08-20 02:29:34,457 | common.py:35 | Avg. local train loss : 7.330070352181792, train acc : 0.7749074074074074
INFO flwr 2023-08-20 02:29:36,741 | server.py:116 | fit progress: (8, 2.235213556794403, {'server_test_acc': 0.47924791086350976}, 678.835264375899)
INFO flwr 2023-08-20 02:29:36,742 | server.py:163 | evaluate_round 8: no clients selected, cancel
DEBUG flwr 2023-08-20 02:29:40,200 | server.py:215 | fit_round 9: strategy sampled 8 clients (out of 20)
[2m[36m(launch_and_fit pid=2757013)[0m double free or corruption (fasttop)
[2m[36m(launch_and_fit pid=2757010)[0m malloc_consolidate(): invalid chunk size
DEBUG flwr 2023-08-20 02:30:14,621 | server.py:229 | fit_round 9 received 8 results and 0 failures
INFO flwr 2023-08-20 02:30:14,773 | fed_df.py:463 | Performing server side distillation training...
[2m[36m(launch_and_fit pid=2757013)[0m Fitting Client 2
[2m[36m(launch_and_fit pid=2757010)[0m Fitting Client 3
[2m[36m(launch_and_fit pid=2757019)[0m Fitting Client 16
[2m[36m(launch_and_fit pid=2757016)[0m Fitting Client 4
[2m[36m(launch_and_fit pid=2757015)[0m Fitting Client 5
[2m[36m(launch_and_fit pid=2757017)[0m Fitting Client 19
[2m[36m(launch_and_fit pid=2757014)[0m Fitting Client 18
[2m[36m(launch_and_fit pid=2757018)[0m Fitting Client 13
[2m[36m(launch_and_fit pid=2757014)[0m malloc_consolidate(): invalid chunk size
[2m[36m(launch_and_fit pid=2757019)[0m malloc_consolidate(): invalid chunk size
[2m[36m(launch_and_fit pid=2757017)[0m malloc_consolidate(): invalid chunk size
[2m[36m(launch_and_fit pid=2757015)[0m double free or corruption (fasttop)
[2m[36m(launch_and_fit pid=2757018)[0m malloc_consolidate(): invalid chunk size
[2m[36m(launch_and_fit pid=2757016)[0m double free or corruption (fasttop)
E0820 02:30:18.097730315 2800459 chttp2_transport.cc:1079]             ipv4:145.136.62.56:49190: Received a GOAWAY with error code ENHANCE_YOUR_CALM and debug data equal to "too_many_pings". Current keepalive time (before throttling): 7680000ms
INFO flwr 2023-08-20 02:30:59,610 | fed_df.py:540 | Distillation training stopped at step number : 250
INFO flwr 2023-08-20 02:30:59,610 | fed_df.py:547 | Average fusion training loss : 0.22864735627174376, val accuracy : 0.5475322365495775, best val accuracy : 0.575255669186305
INFO flwr 2023-08-20 02:30:59,611 | common.py:35 | Avg. local train loss : 7.2815673366189, train acc : 0.782895061728395
INFO flwr 2023-08-20 02:31:01,861 | server.py:116 | fit progress: (9, 3.242685833083554, {'server_test_acc': 0.604874651810585}, 763.9548794850707)
INFO flwr 2023-08-20 02:31:01,861 | server.py:163 | evaluate_round 9: no clients selected, cancel
DEBUG flwr 2023-08-20 02:31:05,393 | server.py:215 | fit_round 10: strategy sampled 8 clients (out of 20)
[2m[36m(launch_and_fit pid=2885143)[0m malloc_consolidate(): invalid chunk size
DEBUG flwr 2023-08-20 02:31:39,355 | server.py:229 | fit_round 10 received 8 results and 0 failures
INFO flwr 2023-08-20 02:31:39,468 | fed_df.py:365 | Warm start at round 10
INFO flwr 2023-08-20 02:31:39,565 | fed_df.py:463 | Performing server side distillation training...
[2m[36m(launch_and_fit pid=2885143)[0m Fitting Client 7
[2m[36m(launch_and_fit pid=2885069)[0m Fitting Client 5
[2m[36m(launch_and_fit pid=2885072)[0m Fitting Client 10
[2m[36m(launch_and_fit pid=2885108)[0m Fitting Client 19
[2m[36m(launch_and_fit pid=2885071)[0m Fitting Client 1
[2m[36m(launch_and_fit pid=2885092)[0m Fitting Client 0
[2m[36m(launch_and_fit pid=2885142)[0m Fitting Client 9
[2m[36m(launch_and_fit pid=2885068)[0m Fitting Client 13
[2m[36m(launch_and_fit pid=2885068)[0m double free or corruption (fasttop)
[2m[36m(launch_and_fit pid=2885071)[0m corrupted size vs. prev_size in fastbins
[2m[36m(launch_and_fit pid=2885092)[0m double free or corruption (fasttop)
E0820 02:31:41.514697619 2803753 chttp2_transport.cc:1079]             ipv4:145.136.62.56:49190: Received a GOAWAY with error code ENHANCE_YOUR_CALM and debug data equal to "too_many_pings". Current keepalive time (before throttling): 15360000ms
[2m[36m(launch_and_fit pid=2885072)[0m malloc_consolidate(): invalid chunk size
[2m[36m(launch_and_fit pid=2885069)[0m malloc_consolidate(): invalid chunk size
[2m[36m(launch_and_fit pid=2885108)[0m malloc_consolidate(): invalid chunk size
[2m[36m(launch_and_fit pid=2885142)[0m malloc_consolidate(): invalid chunk size
INFO flwr 2023-08-20 02:32:24,169 | fed_df.py:540 | Distillation training stopped at step number : 250
INFO flwr 2023-08-20 02:32:24,169 | fed_df.py:547 | Average fusion training loss : 0.2408632652759552, val accuracy : 0.2572698977323255, best val accuracy : 0.35771453979546464
INFO flwr 2023-08-20 02:32:24,170 | common.py:35 | Avg. local train loss : 7.922056096792221, train acc : 0.7460123456790124
INFO flwr 2023-08-20 02:32:26,489 | server.py:116 | fit progress: (10, 5.871286985668299, {'server_test_acc': 0.3342618384401114}, 848.5824503162876)
INFO flwr 2023-08-20 02:32:26,489 | server.py:163 | evaluate_round 10: no clients selected, cancel
DEBUG flwr 2023-08-20 02:32:29,998 | server.py:215 | fit_round 11: strategy sampled 8 clients (out of 20)
DEBUG flwr 2023-08-20 02:33:04,122 | server.py:229 | fit_round 11 received 8 results and 0 failures
[2m[36m(launch_and_fit pid=3018413)[0m malloc_consolidate(): invalid chunk size
INFO flwr 2023-08-20 02:33:04,275 | fed_df.py:463 | Performing server side distillation training...
[2m[36m(launch_and_fit pid=3018252)[0m Fitting Client 13
[2m[36m(launch_and_fit pid=3018375)[0m Fitting Client 5
[2m[36m(launch_and_fit pid=3018370)[0m Fitting Client 16
[2m[36m(launch_and_fit pid=3018257)[0m Fitting Client 3
[2m[36m(launch_and_fit pid=3018413)[0m Fitting Client 14
[2m[36m(launch_and_fit pid=3018367)[0m Fitting Client 11
[2m[36m(launch_and_fit pid=3018383)[0m Fitting Client 6
[2m[36m(launch_and_fit pid=3018414)[0m Fitting Client 0
[2m[36m(launch_and_fit pid=3018375)[0m double free or corruption (fasttop)
[2m[36m(launch_and_fit pid=3018252)[0m double free or corruption (fasttop)
[2m[36m(launch_and_fit pid=3018367)[0m double free or corruption (fasttop)
[2m[36m(launch_and_fit pid=3018257)[0m malloc_consolidate(): invalid chunk size
[2m[36m(launch_and_fit pid=3018370)[0m double free or corruption (fasttop)
[2m[36m(launch_and_fit pid=3018383)[0m malloc_consolidate(): invalid chunk size
E0820 02:33:06.029161700 2928899 chttp2_transport.cc:1079]             ipv4:145.136.62.56:49190: Received a GOAWAY with error code ENHANCE_YOUR_CALM and debug data equal to "too_many_pings". Current keepalive time (before throttling): 30720000ms
[2m[36m(launch_and_fit pid=3018414)[0m malloc_consolidate(): invalid chunk size
INFO flwr 2023-08-20 02:33:49,469 | fed_df.py:540 | Distillation training stopped at step number : 250
INFO flwr 2023-08-20 02:33:49,469 | fed_df.py:547 | Average fusion training loss : 0.3037766834497452, val accuracy : 0.547332147621165, best val accuracy : 0.5767007558915074
INFO flwr 2023-08-20 02:33:49,471 | common.py:35 | Avg. local train loss : 7.271546548604965, train acc : 0.7811635802469136
INFO flwr 2023-08-20 02:33:51,716 | server.py:116 | fit progress: (11, 3.0909111211558904, {'server_test_acc': 0.4937325905292479}, 933.8103514029644)
INFO flwr 2023-08-20 02:33:51,717 | server.py:163 | evaluate_round 11: no clients selected, cancel
DEBUG flwr 2023-08-20 02:33:55,195 | server.py:215 | fit_round 12: strategy sampled 8 clients (out of 20)
[2m[36m(launch_and_fit pid=3168547)[0m malloc_consolidate(): invalid chunk size
DEBUG flwr 2023-08-20 02:34:29,272 | server.py:229 | fit_round 12 received 8 results and 0 failures
INFO flwr 2023-08-20 02:34:29,425 | fed_df.py:463 | Performing server side distillation training...
[2m[36m(launch_and_fit pid=3168477)[0m Fitting Client 14
[2m[36m(launch_and_fit pid=3168510)[0m Fitting Client 0
[2m[36m(launch_and_fit pid=3168547)[0m Fitting Client 8
[2m[36m(launch_and_fit pid=3168551)[0m Fitting Client 18
[2m[36m(launch_and_fit pid=3168548)[0m Fitting Client 3
[2m[36m(launch_and_fit pid=3168550)[0m Fitting Client 1
[2m[36m(launch_and_fit pid=3168549)[0m Fitting Client 5
[2m[36m(launch_and_fit pid=3168478)[0m Fitting Client 17
[2m[36m(launch_and_fit pid=3168551)[0m malloc_consolidate(): invalid chunk size
[2m[36m(launch_and_fit pid=3168477)[0m malloc_consolidate(): invalid chunk size
[2m[36m(launch_and_fit pid=3168510)[0m malloc_consolidate(): invalid chunk size
[2m[36m(launch_and_fit pid=3168550)[0m malloc_consolidate(): invalid chunk size
[2m[36m(launch_and_fit pid=3168478)[0m malloc_consolidate(): invalid chunk size
[2m[36m(launch_and_fit pid=3168548)[0m malloc_consolidate(): invalid chunk size
[2m[36m(launch_and_fit pid=3168549)[0m malloc_consolidate(): invalid chunk size
E0820 02:34:31.759616872 3221570 chttp2_transport.cc:1079]             ipv4:145.136.62.56:49190: Received a GOAWAY with error code ENHANCE_YOUR_CALM and debug data equal to "too_many_pings". Current keepalive time (before throttling): 61440000ms
INFO flwr 2023-08-20 02:35:14,115 | fed_df.py:540 | Distillation training stopped at step number : 250
INFO flwr 2023-08-20 02:35:14,115 | fed_df.py:547 | Average fusion training loss : 0.2824606490135193, val accuracy : 0.5838150289017341, best val accuracy : 0.5964873277012005
INFO flwr 2023-08-20 02:35:14,116 | common.py:35 | Avg. local train loss : 7.258238594979047, train acc : 0.7854104938271607
INFO flwr 2023-08-20 02:35:16,368 | server.py:116 | fit progress: (12, 3.384341126232094, {'server_test_acc': 0.6579387186629526}, 1018.4618571959436)
INFO flwr 2023-08-20 02:35:16,368 | server.py:163 | evaluate_round 12: no clients selected, cancel
DEBUG flwr 2023-08-20 02:35:19,812 | server.py:215 | fit_round 13: strategy sampled 8 clients (out of 20)
[2m[36m(launch_and_fit pid=3295524)[0m double free or corruption (fasttop)
DEBUG flwr 2023-08-20 02:35:53,581 | server.py:229 | fit_round 13 received 8 results and 0 failures
INFO flwr 2023-08-20 02:35:53,734 | fed_df.py:463 | Performing server side distillation training...
[2m[36m(launch_and_fit pid=3295454)[0m Fitting Client 18
[2m[36m(launch_and_fit pid=3295594)[0m Fitting Client 14
[2m[36m(launch_and_fit pid=3295526)[0m Fitting Client 5
[2m[36m(launch_and_fit pid=3295525)[0m Fitting Client 0
[2m[36m(launch_and_fit pid=3295451)[0m Fitting Client 19
[2m[36m(launch_and_fit pid=3295453)[0m Fitting Client 3
[2m[36m(launch_and_fit pid=3295523)[0m Fitting Client 11
[2m[36m(launch_and_fit pid=3295524)[0m Fitting Client 7
[2m[36m(launch_and_fit pid=3295526)[0m malloc_consolidate(): invalid chunk size
E0820 02:35:54.636445785 3347824 chttp2_transport.cc:1079]             ipv4:145.136.62.56:49190: Received a GOAWAY with error code ENHANCE_YOUR_CALM and debug data equal to "too_many_pings". Current keepalive time (before throttling): 122880000ms
[2m[36m(launch_and_fit pid=3295453)[0m malloc_consolidate(): invalid chunk size
[2m[36m(launch_and_fit pid=3295454)[0m malloc_consolidate(): invalid chunk size
[2m[36m(launch_and_fit pid=3295594)[0m malloc_consolidate(): invalid chunk size
[2m[36m(launch_and_fit pid=3295523)[0m malloc_consolidate(): invalid chunk size
[2m[36m(launch_and_fit pid=3295525)[0m double free or corruption (fasttop)
[2m[36m(launch_and_fit pid=3295451)[0m malloc_consolidate(): invalid chunk size
INFO flwr 2023-08-20 02:36:38,010 | fed_df.py:540 | Distillation training stopped at step number : 250
INFO flwr 2023-08-20 02:36:38,011 | fed_df.py:547 | Average fusion training loss : 0.26522660624980926, val accuracy : 0.5067363272565585, best val accuracy : 0.5943752779012894
INFO flwr 2023-08-20 02:36:38,012 | common.py:35 | Avg. local train loss : 7.143717061728239, train acc : 0.7927160493827161
INFO flwr 2023-08-20 02:36:40,331 | server.py:116 | fit progress: (13, 4.7608870842330635, {'server_test_acc': 0.5947075208913649}, 1102.4252255251631)
INFO flwr 2023-08-20 02:36:40,332 | server.py:163 | evaluate_round 13: no clients selected, cancel
DEBUG flwr 2023-08-20 02:36:43,829 | server.py:215 | fit_round 14: strategy sampled 8 clients (out of 20)
[2m[36m(launch_and_fit pid=3422044)[0m malloc_consolidate(): invalid chunk size
DEBUG flwr 2023-08-20 02:37:17,926 | server.py:229 | fit_round 14 received 8 results and 0 failures
[2m[36m(launch_and_fit pid=3422041)[0m malloc_consolidate(): invalid chunk size
[2m[36m(launch_and_fit pid=3422113)[0m malloc_consolidate(): invalid chunk size
INFO flwr 2023-08-20 02:37:18,078 | fed_df.py:463 | Performing server side distillation training...
[2m[36m(launch_and_fit pid=3422039)[0m Fitting Client 16
[2m[36m(launch_and_fit pid=3422041)[0m Fitting Client 9
[2m[36m(launch_and_fit pid=3422044)[0m Fitting Client 3
[2m[36m(launch_and_fit pid=3422112)[0m Fitting Client 10
[2m[36m(launch_and_fit pid=3422042)[0m Fitting Client 8
[2m[36m(launch_and_fit pid=3422114)[0m Fitting Client 4
[2m[36m(launch_and_fit pid=3422182)[0m Fitting Client 18
[2m[36m(launch_and_fit pid=3422113)[0m Fitting Client 14
[2m[36m(launch_and_fit pid=3422112)[0m double free or corruption (fasttop)
E0820 02:37:18.577611640 3474088 chttp2_transport.cc:1079]             ipv4:145.136.62.56:49190: Received a GOAWAY with error code ENHANCE_YOUR_CALM and debug data equal to "too_many_pings". Current keepalive time (before throttling): 245760000ms
[2m[36m(launch_and_fit pid=3422042)[0m malloc_consolidate(): invalid chunk size
[2m[36m(launch_and_fit pid=3422039)[0m malloc_consolidate(): invalid chunk size
[2m[36m(launch_and_fit pid=3422114)[0m malloc_consolidate(): invalid chunk size
[2m[36m(launch_and_fit pid=3422182)[0m malloc_consolidate(): invalid chunk size
INFO flwr 2023-08-20 02:38:01,869 | fed_df.py:540 | Distillation training stopped at step number : 250
INFO flwr 2023-08-20 02:38:01,870 | fed_df.py:547 | Average fusion training loss : 0.2751076296567917, val accuracy : 0.5567363272565584, best val accuracy : 0.5851489550911516
INFO flwr 2023-08-20 02:38:01,871 | common.py:35 | Avg. local train loss : 7.259537995606661, train acc : 0.78554012345679
INFO flwr 2023-08-20 02:38:04,407 | server.py:116 | fit progress: (14, 4.992885675403733, {'server_test_acc': 0.5142061281337047}, 1186.501333673019)
INFO flwr 2023-08-20 02:38:04,408 | server.py:163 | evaluate_round 14: no clients selected, cancel
DEBUG flwr 2023-08-20 02:38:08,064 | server.py:215 | fit_round 15: strategy sampled 8 clients (out of 20)
[2m[36m(launch_and_fit pid=3547172)[0m double free or corruption (fasttop)
[2m[36m(launch_and_fit pid=3547308)[0m malloc_consolidate(): invalid chunk size
DEBUG flwr 2023-08-20 02:38:43,190 | server.py:229 | fit_round 15 received 8 results and 0 failures
[2m[36m(launch_and_fit pid=3547443)[0m malloc_consolidate(): invalid chunk size
INFO flwr 2023-08-20 02:38:43,304 | fed_df.py:365 | Warm start at round 15
INFO flwr 2023-08-20 02:38:43,399 | fed_df.py:463 | Performing server side distillation training...
[2m[36m(launch_and_fit pid=3547172)[0m Fitting Client 8
[2m[36m(launch_and_fit pid=3547305)[0m Fitting Client 5
[2m[36m(launch_and_fit pid=3547308)[0m Fitting Client 7
[2m[36m(launch_and_fit pid=3547443)[0m Fitting Client 18
[2m[36m(launch_and_fit pid=3547307)[0m Fitting Client 15
[2m[36m(launch_and_fit pid=3547441)[0m Fitting Client 1
[2m[36m(launch_and_fit pid=3547440)[0m Fitting Client 12
[2m[36m(launch_and_fit pid=3547442)[0m Fitting Client 14
[2m[36m(launch_and_fit pid=3547305)[0m malloc_consolidate(): invalid chunk size
[2m[36m(launch_and_fit pid=3547440)[0m double free or corruption (fasttop)
E0820 02:38:44.075734302 3474331 chttp2_transport.cc:1079]             ipv4:145.136.62.56:49190: Received a GOAWAY with error code ENHANCE_YOUR_CALM and debug data equal to "too_many_pings". Current keepalive time (before throttling): 491520000ms
[2m[36m(launch_and_fit pid=3547307)[0m malloc_consolidate(): invalid chunk size
[2m[36m(launch_and_fit pid=3547441)[0m malloc_consolidate(): invalid chunk size
[2m[36m(launch_and_fit pid=3547442)[0m malloc_consolidate(): invalid chunk size
INFO flwr 2023-08-20 02:39:26,930 | fed_df.py:540 | Distillation training stopped at step number : 250
INFO flwr 2023-08-20 02:39:26,931 | fed_df.py:547 | Average fusion training loss : 0.2406778439283371, val accuracy : 0.5535349044019564, best val accuracy : 0.6251667407736772
INFO flwr 2023-08-20 02:39:26,932 | common.py:35 | Avg. local train loss : 7.328052752465011, train acc : 0.7805277777777777
INFO flwr 2023-08-20 02:39:29,206 | server.py:116 | fit progress: (15, 4.517529394898906, {'server_test_acc': 0.6651810584958218}, 1271.2996606309898)
INFO flwr 2023-08-20 02:39:29,206 | server.py:163 | evaluate_round 15: no clients selected, cancel
DEBUG flwr 2023-08-20 02:39:32,674 | server.py:215 | fit_round 16: strategy sampled 8 clients (out of 20)
DEBUG flwr 2023-08-20 02:40:08,094 | server.py:229 | fit_round 16 received 8 results and 0 failures
INFO flwr 2023-08-20 02:40:08,245 | fed_df.py:463 | Performing server side distillation training...
[2m[36m(launch_and_fit pid=3669841)[0m Fitting Client 18
[2m[36m(launch_and_fit pid=3669809)[0m Fitting Client 12
[2m[36m(launch_and_fit pid=3669805)[0m Fitting Client 10
[2m[36m(launch_and_fit pid=3669878)[0m Fitting Client 15
[2m[36m(launch_and_fit pid=3669804)[0m Fitting Client 17
[2m[36m(launch_and_fit pid=3669803)[0m Fitting Client 11
[2m[36m(launch_and_fit pid=3670076)[0m Fitting Client 7
[2m[36m(launch_and_fit pid=3670077)[0m Fitting Client 9
[2m[36m(launch_and_fit pid=3669804)[0m double free or corruption (fasttop)
E0820 02:40:09.074019750 3601851 chttp2_transport.cc:1079]             ipv4:145.136.62.56:49190: Received a GOAWAY with error code ENHANCE_YOUR_CALM and debug data equal to "too_many_pings". Current keepalive time (before throttling): 983040000ms
[2m[36m(launch_and_fit pid=3669809)[0m malloc_consolidate(): invalid chunk size
[2m[36m(launch_and_fit pid=3669805)[0m malloc_consolidate(): invalid chunk size
[2m[36m(launch_and_fit pid=3669878)[0m malloc_consolidate(): invalid chunk size
[2m[36m(launch_and_fit pid=3669803)[0m double free or corruption (fasttop)
[2m[36m(launch_and_fit pid=3669841)[0m double free or corruption (fasttop)
[2m[36m(launch_and_fit pid=3670077)[0m malloc_consolidate(): invalid chunk size
[2m[36m(launch_and_fit pid=3670076)[0m malloc_consolidate(): invalid chunk size
INFO flwr 2023-08-20 02:40:51,851 | fed_df.py:540 | Distillation training stopped at step number : 250
INFO flwr 2023-08-20 02:40:51,851 | fed_df.py:547 | Average fusion training loss : 0.2575348526239395, val accuracy : 0.5696976433970653, best val accuracy : 0.5988216985326812
INFO flwr 2023-08-20 02:40:51,852 | common.py:35 | Avg. local train loss : 7.029366255551577, train acc : 0.7963395061728396
INFO flwr 2023-08-20 02:40:54,090 | server.py:116 | fit progress: (16, 3.3517511213722337, {'server_test_acc': 0.6220055710306407}, 1356.184318415355)
INFO flwr 2023-08-20 02:40:54,091 | server.py:163 | evaluate_round 16: no clients selected, cancel
DEBUG flwr 2023-08-20 02:40:57,510 | server.py:215 | fit_round 17: strategy sampled 8 clients (out of 20)
[2m[36m(launch_and_fit pid=3797234)[0m double free or corruption (fasttop)
[2m[36m(launch_and_fit pid=3797235)[0m malloc_consolidate(): invalid chunk size
[2m[36m(launch_and_fit pid=3797097)[0m malloc_consolidate(): invalid chunk size
DEBUG flwr 2023-08-20 02:41:33,195 | server.py:229 | fit_round 17 received 8 results and 0 failures
INFO flwr 2023-08-20 02:41:33,346 | fed_df.py:463 | Performing server side distillation training...
[2m[36m(launch_and_fit pid=3797231)[0m Fitting Client 1
[2m[36m(launch_and_fit pid=3797097)[0m Fitting Client 17
[2m[36m(launch_and_fit pid=3797234)[0m Fitting Client 16
[2m[36m(launch_and_fit pid=3796965)[0m Fitting Client 15
[2m[36m(launch_and_fit pid=3797235)[0m Fitting Client 11
[2m[36m(launch_and_fit pid=3797232)[0m Fitting Client 0
[2m[36m(launch_and_fit pid=3797233)[0m Fitting Client 14
[2m[36m(launch_and_fit pid=3797230)[0m Fitting Client 9
[2m[36m(launch_and_fit pid=3797231)[0m double free or corruption (fasttop)
[2m[36m(launch_and_fit pid=3797233)[0m malloc_consolidate(): invalid chunk size
E0820 02:41:33.941416360 3729626 chttp2_transport.cc:1079]             ipv4:145.136.62.56:49190: Received a GOAWAY with error code ENHANCE_YOUR_CALM and debug data equal to "too_many_pings". Current keepalive time (before throttling): 1966080000ms
[2m[36m(launch_and_fit pid=3796965)[0m double free or corruption (fasttop)
[2m[36m(launch_and_fit pid=3797232)[0m malloc_consolidate(): invalid chunk size
[2m[36m(launch_and_fit pid=3797230)[0m double free or corruption (fasttop)
INFO flwr 2023-08-20 02:42:17,138 | fed_df.py:540 | Distillation training stopped at step number : 250
INFO flwr 2023-08-20 02:42:17,138 | fed_df.py:547 | Average fusion training loss : 0.3245588607788086, val accuracy : 0.4823921742996887, best val accuracy : 0.5184526456202757
INFO flwr 2023-08-20 02:42:17,139 | common.py:35 | Avg. local train loss : 7.178702354431152, train acc : 0.7880123456790123
INFO flwr 2023-08-20 02:42:19,359 | server.py:116 | fit progress: (17, 4.8920838276323835, {'server_test_acc': 0.4883008356545961}, 1441.4533358151093)
INFO flwr 2023-08-20 02:42:19,360 | server.py:163 | evaluate_round 17: no clients selected, cancel
DEBUG flwr 2023-08-20 02:42:22,761 | server.py:215 | fit_round 18: strategy sampled 8 clients (out of 20)
DEBUG flwr 2023-08-20 02:42:58,205 | server.py:229 | fit_round 18 received 8 results and 0 failures
INFO flwr 2023-08-20 02:42:58,359 | fed_df.py:463 | Performing server side distillation training...
[2m[36m(launch_and_fit pid=3929614)[0m Fitting Client 3
[2m[36m(launch_and_fit pid=3929616)[0m Fitting Client 16
[2m[36m(launch_and_fit pid=3929618)[0m Fitting Client 2
[2m[36m(launch_and_fit pid=3929617)[0m Fitting Client 10
[2m[36m(launch_and_fit pid=3929619)[0m Fitting Client 7
[2m[36m(launch_and_fit pid=3929624)[0m Fitting Client 14
[2m[36m(launch_and_fit pid=3929615)[0m Fitting Client 12
[2m[36m(launch_and_fit pid=3929620)[0m Fitting Client 19
[2m[36m(launch_and_fit pid=3929624)[0m double free or corruption (fasttop)
[2m[36m(launch_and_fit pid=3929620)[0m malloc_consolidate(): invalid chunk size
[2m[36m(launch_and_fit pid=3929614)[0m malloc_consolidate(): invalid chunk size
[2m[36m(launch_and_fit pid=3929617)[0m double free or corruption (fasttop)
[2m[36m(launch_and_fit pid=3929615)[0m malloc_consolidate(): invalid chunk size
E0820 02:42:59.441701500 3856024 chttp2_transport.cc:1079]             ipv4:145.136.62.56:49190: Received a GOAWAY with error code ENHANCE_YOUR_CALM and debug data equal to "too_many_pings". Current keepalive time (before throttling): ∞
E0820 02:42:59.441813087 3856024 chttp2_transport.cc:1079]             ipv4:145.136.62.56:49190: Received a GOAWAY with error code ENHANCE_YOUR_CALM and debug data equal to "too_many_pings". Current keepalive time (before throttling): ∞
[2m[36m(launch_and_fit pid=3929618)[0m malloc_consolidate(): invalid chunk size
[2m[36m(launch_and_fit pid=3929619)[0m malloc_consolidate(): invalid chunk size
[2m[36m(launch_and_fit pid=3929616)[0m corrupted size vs. prev_size in fastbins
INFO flwr 2023-08-20 02:43:42,697 | fed_df.py:540 | Distillation training stopped at step number : 250
INFO flwr 2023-08-20 02:43:42,697 | fed_df.py:547 | Average fusion training loss : 0.24435342019796372, val accuracy : 0.3719430858159182, best val accuracy : 0.40918185860382394
INFO flwr 2023-08-20 02:43:42,699 | common.py:35 | Avg. local train loss : 7.442130767181515, train acc : 0.7716018518518518
INFO flwr 2023-08-20 02:43:45,005 | server.py:116 | fit progress: (18, 3.0957036398247424, {'server_test_acc': 0.5126740947075209}, 1527.0990551621653)
INFO flwr 2023-08-20 02:43:45,005 | server.py:163 | evaluate_round 18: no clients selected, cancel
DEBUG flwr 2023-08-20 02:43:48,484 | server.py:215 | fit_round 19: strategy sampled 8 clients (out of 20)
[2m[36m(launch_and_fit pid=4062486)[0m malloc_consolidate(): invalid chunk size
DEBUG flwr 2023-08-20 02:44:24,233 | server.py:229 | fit_round 19 received 8 results and 0 failures
INFO flwr 2023-08-20 02:44:24,386 | fed_df.py:463 | Performing server side distillation training...
[2m[36m(launch_and_fit pid=4062412)[0m Fitting Client 16
[2m[36m(launch_and_fit pid=4062486)[0m Fitting Client 1
[2m[36m(launch_and_fit pid=4062414)[0m Fitting Client 17
[2m[36m(launch_and_fit pid=4062415)[0m Fitting Client 11
[2m[36m(launch_and_fit pid=4062575)[0m Fitting Client 8
[2m[36m(launch_and_fit pid=4062574)[0m Fitting Client 6
[2m[36m(launch_and_fit pid=4062573)[0m Fitting Client 10
[2m[36m(launch_and_fit pid=4062485)[0m Fitting Client 14
[2m[36m(launch_and_fit pid=4062412)[0m double free or corruption (fasttop)
[2m[36m(launch_and_fit pid=4062574)[0m malloc_consolidate(): invalid chunk size
[2m[36m(launch_and_fit pid=4062415)[0m malloc_consolidate(): invalid chunk size
[2m[36m(launch_and_fit pid=4062485)[0m double free or corruption (fasttop)
[2m[36m(launch_and_fit pid=4062573)[0m malloc_consolidate(): invalid chunk size
[2m[36m(launch_and_fit pid=4062414)[0m malloc_consolidate(): invalid chunk size
[2m[36m(launch_and_fit pid=4062575)[0m malloc_consolidate(): invalid chunk size
E0820 02:44:26.529337380 3983303 chttp2_transport.cc:1079]             ipv4:145.136.62.56:49190: Received a GOAWAY with error code ENHANCE_YOUR_CALM and debug data equal to "too_many_pings". Current keepalive time (before throttling): ∞
INFO flwr 2023-08-20 02:45:09,137 | fed_df.py:540 | Distillation training stopped at step number : 250
INFO flwr 2023-08-20 02:45:09,137 | fed_df.py:547 | Average fusion training loss : 0.31116367554664615, val accuracy : 0.5036460649177412, best val accuracy : 0.5619164072921299
INFO flwr 2023-08-20 02:45:09,138 | common.py:35 | Avg. local train loss : 7.095924874395133, train acc : 0.796003086419753
INFO flwr 2023-08-20 02:45:11,435 | server.py:116 | fit progress: (19, 4.80616824460893, {'server_test_acc': 0.4722841225626741}, 1613.5287722311914)
INFO flwr 2023-08-20 02:45:11,435 | server.py:163 | evaluate_round 19: no clients selected, cancel
DEBUG flwr 2023-08-20 02:45:14,868 | server.py:215 | fit_round 20: strategy sampled 8 clients (out of 20)
DEBUG flwr 2023-08-20 02:45:49,030 | server.py:229 | fit_round 20 received 8 results and 0 failures
INFO flwr 2023-08-20 02:45:49,145 | fed_df.py:365 | Warm start at round 20
INFO flwr 2023-08-20 02:45:49,241 | fed_df.py:463 | Performing server side distillation training...
[2m[36m(launch_and_fit pid=4189483)[0m Fitting Client 12
[2m[36m(launch_and_fit pid=4189556)[0m Fitting Client 9
[2m[36m(launch_and_fit pid=4189557)[0m Fitting Client 11
[2m[36m(launch_and_fit pid=4189485)[0m Fitting Client 7
[2m[36m(launch_and_fit pid=4189555)[0m Fitting Client 10
[2m[36m(launch_and_fit pid=4189560)[0m Fitting Client 16
[2m[36m(launch_and_fit pid=4189562)[0m Fitting Client 5
[2m[36m(launch_and_fit pid=4189582)[0m Fitting Client 0
[2m[36m(launch_and_fit pid=4189483)[0m malloc_consolidate(): invalid chunk size
[2m[36m(launch_and_fit pid=4189485)[0m double free or corruption (fasttop)
[2m[36m(launch_and_fit pid=4189556)[0m malloc_consolidate(): invalid chunk size
[2m[36m(launch_and_fit pid=4189560)[0m malloc_consolidate(): invalid chunk size
[2m[36m(launch_and_fit pid=4189557)[0m double free or corruption (fasttop)
[2m[36m(launch_and_fit pid=4189562)[0m malloc_consolidate(): invalid chunk size
[2m[36m(launch_and_fit pid=4189555)[0m malloc_consolidate(): invalid chunk size
[2m[36m(launch_and_fit pid=4189582)[0m malloc_consolidate(): invalid chunk size
INFO flwr 2023-08-20 02:46:34,154 | fed_df.py:540 | Distillation training stopped at step number : 250
INFO flwr 2023-08-20 02:46:34,155 | fed_df.py:547 | Average fusion training loss : 0.3002660285830498, val accuracy : 0.33265895953757224, best val accuracy : 0.43986216096042685
INFO flwr 2023-08-20 02:46:34,156 | common.py:35 | Avg. local train loss : 7.686725338548421, train acc : 0.761320987654321
INFO flwr 2023-08-20 02:46:36,460 | server.py:116 | fit progress: (20, 3.1229906366396083, {'server_test_acc': 0.5554317548746518}, 1698.5540994280018)
INFO flwr 2023-08-20 02:46:36,460 | server.py:163 | evaluate_round 20: no clients selected, cancel
DEBUG flwr 2023-08-20 02:46:39,926 | server.py:215 | fit_round 21: strategy sampled 8 clients (out of 20)
DEBUG flwr 2023-08-20 02:47:14,681 | server.py:229 | fit_round 21 received 8 results and 0 failures
INFO flwr 2023-08-20 02:47:14,835 | fed_df.py:463 | Performing server side distillation training...
[2m[36m(launch_and_fit pid=123686)[0m Fitting Client 11
[2m[36m(launch_and_fit pid=123757)[0m Fitting Client 16
[2m[36m(launch_and_fit pid=123684)[0m Fitting Client 3
[2m[36m(launch_and_fit pid=123685)[0m Fitting Client 2
[2m[36m(launch_and_fit pid=123754)[0m Fitting Client 10
[2m[36m(launch_and_fit pid=123756)[0m Fitting Client 5
[2m[36m(launch_and_fit pid=123755)[0m Fitting Client 7
[2m[36m(launch_and_fit pid=123683)[0m Fitting Client 12
[2m[36m(launch_and_fit pid=123685)[0m malloc_consolidate(): invalid chunk size
[2m[36m(launch_and_fit pid=123755)[0m malloc_consolidate(): invalid chunk size
[2m[36m(launch_and_fit pid=123683)[0m double free or corruption (fasttop)
[2m[36m(launch_and_fit pid=123686)[0m malloc_consolidate(): invalid chunk size
[2m[36m(launch_and_fit pid=123684)[0m malloc_consolidate(): invalid chunk size
E0820 02:47:16.081304972  166642 chttp2_transport.cc:1079]             ipv4:145.136.62.56:49190: Received a GOAWAY with error code ENHANCE_YOUR_CALM and debug data equal to "too_many_pings". Current keepalive time (before throttling): ∞
[2m[36m(launch_and_fit pid=123754)[0m malloc_consolidate(): invalid chunk size
[2m[36m(launch_and_fit pid=123756)[0m malloc_consolidate(): invalid chunk size
[2m[36m(launch_and_fit pid=123757)[0m malloc_consolidate(): invalid chunk size
E0820 02:47:17.191814466  167168 chttp2_transport.cc:1079]             ipv4:145.136.62.56:49190: Received a GOAWAY with error code ENHANCE_YOUR_CALM and debug data equal to "too_many_pings". Current keepalive time (before throttling): ∞
INFO flwr 2023-08-20 02:48:05,551 | fed_df.py:540 | Distillation training stopped at step number : 250
INFO flwr 2023-08-20 02:48:05,552 | fed_df.py:547 | Average fusion training loss : 0.25847706466913223, val accuracy : 0.5135615829257448, best val accuracy : 0.536571809693197
INFO flwr 2023-08-20 02:48:05,553 | common.py:35 | Avg. local train loss : 7.163120042532682, train acc : 0.7893086419753087
INFO flwr 2023-08-20 02:48:07,829 | server.py:116 | fit progress: (21, 3.1601591678715018, {'server_test_acc': 0.4948467966573816}, 1789.9229130959138)
INFO flwr 2023-08-20 02:48:07,829 | server.py:163 | evaluate_round 21: no clients selected, cancel
DEBUG flwr 2023-08-20 02:48:11,331 | server.py:215 | fit_round 22: strategy sampled 8 clients (out of 20)
DEBUG flwr 2023-08-20 02:48:45,577 | server.py:229 | fit_round 22 received 8 results and 0 failures
INFO flwr 2023-08-20 02:48:45,729 | fed_df.py:463 | Performing server side distillation training...
[2m[36m(launch_and_fit pid=277914)[0m Fitting Client 12
[2m[36m(launch_and_fit pid=277986)[0m Fitting Client 14
[2m[36m(launch_and_fit pid=277999)[0m Fitting Client 19
[2m[36m(launch_and_fit pid=277985)[0m Fitting Client 0
[2m[36m(launch_and_fit pid=277984)[0m Fitting Client 17
[2m[36m(launch_and_fit pid=278068)[0m Fitting Client 4
[2m[36m(launch_and_fit pid=278069)[0m Fitting Client 1
[2m[36m(launch_and_fit pid=277983)[0m Fitting Client 3
[2m[36m(launch_and_fit pid=277985)[0m malloc_consolidate(): invalid chunk size
[2m[36m(launch_and_fit pid=277984)[0m double free or corruption (fasttop)
[2m[36m(launch_and_fit pid=277999)[0m double free or corruption (fasttop)
[2m[36m(launch_and_fit pid=278068)[0m malloc_consolidate(): invalid chunk size
[2m[36m(launch_and_fit pid=278069)[0m malloc_consolidate(): invalid chunk size
[2m[36m(launch_and_fit pid=277986)[0m malloc_consolidate(): invalid chunk size
E0820 02:48:47.947939567  168749 chttp2_transport.cc:1079]             ipv4:145.136.62.56:49190: Received a GOAWAY with error code ENHANCE_YOUR_CALM and debug data equal to "too_many_pings". Current keepalive time (before throttling): ∞
[2m[36m(launch_and_fit pid=277914)[0m malloc_consolidate(): invalid chunk size
[2m[36m(launch_and_fit pid=277983)[0m malloc_consolidate(): invalid chunk size
INFO flwr 2023-08-20 02:49:30,126 | fed_df.py:540 | Distillation training stopped at step number : 250
INFO flwr 2023-08-20 02:49:30,127 | fed_df.py:547 | Average fusion training loss : 0.22877996855974198, val accuracy : 0.465584704313028, best val accuracy : 0.5156736327256558
INFO flwr 2023-08-20 02:49:30,128 | common.py:35 | Avg. local train loss : 6.657911124825478, train acc : 0.8213549382716049
INFO flwr 2023-08-20 02:49:32,382 | server.py:116 | fit progress: (22, 4.1850795408477355, {'server_test_acc': 0.5}, 1874.4763519242406)
INFO flwr 2023-08-20 02:49:32,383 | server.py:163 | evaluate_round 22: no clients selected, cancel
DEBUG flwr 2023-08-20 02:49:35,940 | server.py:215 | fit_round 23: strategy sampled 8 clients (out of 20)
DEBUG flwr 2023-08-20 02:50:09,876 | server.py:229 | fit_round 23 received 8 results and 0 failures
INFO flwr 2023-08-20 02:50:10,029 | fed_df.py:463 | Performing server side distillation training...
[2m[36m(launch_and_fit pid=406479)[0m Fitting Client 19
[2m[36m(launch_and_fit pid=406482)[0m Fitting Client 11
[2m[36m(launch_and_fit pid=406405)[0m Fitting Client 9
[2m[36m(launch_and_fit pid=406404)[0m Fitting Client 3
[2m[36m(launch_and_fit pid=406481)[0m Fitting Client 6
[2m[36m(launch_and_fit pid=406480)[0m Fitting Client 4
[2m[36m(launch_and_fit pid=406483)[0m Fitting Client 17
[2m[36m(launch_and_fit pid=406484)[0m Fitting Client 16
[2m[36m(launch_and_fit pid=406482)[0m malloc_consolidate(): invalid chunk size
[2m[36m(launch_and_fit pid=406484)[0m malloc_consolidate(): invalid chunk size
E0820 02:50:10.590324161  327891 chttp2_transport.cc:1079]             ipv4:145.136.62.56:49190: Received a GOAWAY with error code ENHANCE_YOUR_CALM and debug data equal to "too_many_pings". Current keepalive time (before throttling): ∞
[2m[36m(launch_and_fit pid=406481)[0m double free or corruption (fasttop)
[2m[36m(launch_and_fit pid=406480)[0m malloc_consolidate(): invalid chunk size
[2m[36m(launch_and_fit pid=406404)[0m malloc_consolidate(): invalid chunk size
[2m[36m(launch_and_fit pid=406405)[0m malloc_consolidate(): invalid chunk size
[2m[36m(launch_and_fit pid=406483)[0m double free or corruption (fasttop)
E0820 02:50:11.769043473  457784 chttp2_transport.cc:1079]             ipv4:145.136.62.56:49190: Received a GOAWAY with error code ENHANCE_YOUR_CALM and debug data equal to "too_many_pings". Current keepalive time (before throttling): ∞
INFO flwr 2023-08-20 02:50:55,047 | fed_df.py:540 | Distillation training stopped at step number : 250
INFO flwr 2023-08-20 02:50:55,048 | fed_df.py:547 | Average fusion training loss : 0.23170451259613037, val accuracy : 0.5485104490884838, best val accuracy : 0.5891507336594042
INFO flwr 2023-08-20 02:50:55,049 | common.py:35 | Avg. local train loss : 6.758067041635513, train acc : 0.8166913580246913
INFO flwr 2023-08-20 02:50:57,320 | server.py:116 | fit progress: (23, 4.153148390257259, {'server_test_acc': 0.47256267409470754}, 1959.4134596921504)
INFO flwr 2023-08-20 02:50:57,320 | server.py:163 | evaluate_round 23: no clients selected, cancel
DEBUG flwr 2023-08-20 02:51:00,786 | server.py:215 | fit_round 24: strategy sampled 8 clients (out of 20)
[2m[36m(launch_and_fit pid=533355)[0m double free or corruption (fasttop)
[2m[36m(launch_and_fit pid=533427)[0m double free or corruption (fasttop)
DEBUG flwr 2023-08-20 02:51:35,250 | server.py:229 | fit_round 24 received 8 results and 0 failures
INFO flwr 2023-08-20 02:51:35,403 | fed_df.py:463 | Performing server side distillation training...
[2m[36m(launch_and_fit pid=533353)[0m Fitting Client 4
[2m[36m(launch_and_fit pid=533355)[0m Fitting Client 10
[2m[36m(launch_and_fit pid=533423)[0m Fitting Client 5
[2m[36m(launch_and_fit pid=533424)[0m Fitting Client 1
[2m[36m(launch_and_fit pid=533352)[0m Fitting Client 8
[2m[36m(launch_and_fit pid=533425)[0m Fitting Client 2
[2m[36m(launch_and_fit pid=533426)[0m Fitting Client 15
[2m[36m(launch_and_fit pid=533427)[0m Fitting Client 9
[2m[36m(launch_and_fit pid=533426)[0m double free or corruption (fasttop)
[2m[36m(launch_and_fit pid=533352)[0m double free or corruption (fasttop)
[2m[36m(launch_and_fit pid=533425)[0m malloc_consolidate(): invalid chunk size
E0820 02:51:36.680940561  586532 chttp2_transport.cc:1079]             ipv4:145.136.62.56:49190: Received a GOAWAY with error code ENHANCE_YOUR_CALM and debug data equal to "too_many_pings". Current keepalive time (before throttling): ∞
[2m[36m(launch_and_fit pid=533353)[0m malloc_consolidate(): invalid chunk size
[2m[36m(launch_and_fit pid=533424)[0m malloc_consolidate(): invalid chunk size
[2m[36m(launch_and_fit pid=533423)[0m malloc_consolidate(): invalid chunk size
INFO flwr 2023-08-20 02:52:19,734 | fed_df.py:540 | Distillation training stopped at step number : 250
INFO flwr 2023-08-20 02:52:19,734 | fed_df.py:547 | Average fusion training loss : 0.21415962463617325, val accuracy : 0.618808359270787, best val accuracy : 0.6496220542463317
INFO flwr 2023-08-20 02:52:19,735 | common.py:35 | Avg. local train loss : 7.101599314808846, train acc : 0.7956790123456792
INFO flwr 2023-08-20 02:52:22,166 | server.py:116 | fit progress: (24, 4.015797133698105, {'server_test_acc': 0.6071030640668523}, 2044.2599548962899)
INFO flwr 2023-08-20 02:52:22,166 | server.py:163 | evaluate_round 24: no clients selected, cancel
DEBUG flwr 2023-08-20 02:52:25,779 | server.py:215 | fit_round 25: strategy sampled 8 clients (out of 20)
[2m[36m(launch_and_fit pid=659996)[0m double free or corruption (fasttop)
DEBUG flwr 2023-08-20 02:53:00,286 | server.py:229 | fit_round 25 received 8 results and 0 failures
INFO flwr 2023-08-20 02:53:00,400 | fed_df.py:365 | Warm start at round 25
INFO flwr 2023-08-20 02:53:00,497 | fed_df.py:463 | Performing server side distillation training...
[2m[36m(launch_and_fit pid=659996)[0m Fitting Client 9
[2m[36m(launch_and_fit pid=660069)[0m Fitting Client 6
[2m[36m(launch_and_fit pid=660139)[0m Fitting Client 18
[2m[36m(launch_and_fit pid=660137)[0m Fitting Client 0
[2m[36m(launch_and_fit pid=660140)[0m Fitting Client 4
[2m[36m(launch_and_fit pid=659999)[0m Fitting Client 17
[2m[36m(launch_and_fit pid=660003)[0m Fitting Client 14
[2m[36m(launch_and_fit pid=660138)[0m Fitting Client 15
[2m[36m(launch_and_fit pid=660137)[0m double free or corruption (fasttop)
[2m[36m(launch_and_fit pid=660069)[0m corrupted size vs. prev_size in fastbins
[2m[36m(launch_and_fit pid=660003)[0m malloc_consolidate(): invalid chunk size
[2m[36m(launch_and_fit pid=659999)[0m double free or corruption (fasttop)
[2m[36m(launch_and_fit pid=660139)[0m malloc_consolidate(): invalid chunk size
[2m[36m(launch_and_fit pid=660140)[0m corrupted size vs. prev_size in fastbins
E0820 02:53:02.382860942  586820 chttp2_transport.cc:1079]             ipv4:145.136.62.56:49190: Received a GOAWAY with error code ENHANCE_YOUR_CALM and debug data equal to "too_many_pings". Current keepalive time (before throttling): ∞
[2m[36m(launch_and_fit pid=660138)[0m malloc_consolidate(): invalid chunk size
INFO flwr 2023-08-20 02:53:44,277 | fed_df.py:540 | Distillation training stopped at step number : 250
INFO flwr 2023-08-20 02:53:44,277 | fed_df.py:547 | Average fusion training loss : 0.2661560427546501, val accuracy : 0.5135615829257447, best val accuracy : 0.6148288128056915
INFO flwr 2023-08-20 02:53:44,278 | common.py:35 | Avg. local train loss : 6.384585518017411, train acc : 0.8376512345679011
INFO flwr 2023-08-20 02:53:46,771 | server.py:116 | fit progress: (25, 5.963004063895818, {'server_test_acc': 0.575208913649025}, 2128.8644488691352)
INFO flwr 2023-08-20 02:53:46,771 | server.py:163 | evaluate_round 25: no clients selected, cancel
DEBUG flwr 2023-08-20 02:53:50,283 | server.py:215 | fit_round 26: strategy sampled 8 clients (out of 20)
[2m[36m(launch_and_fit pid=784170)[0m malloc_consolidate(): invalid chunk size
DEBUG flwr 2023-08-20 02:54:25,007 | server.py:229 | fit_round 26 received 8 results and 0 failures
INFO flwr 2023-08-20 02:54:25,159 | fed_df.py:463 | Performing server side distillation training...
[2m[36m(launch_and_fit pid=784170)[0m Fitting Client 15
[2m[36m(launch_and_fit pid=784169)[0m Fitting Client 12
[2m[36m(launch_and_fit pid=784400)[0m Fitting Client 8
[2m[36m(launch_and_fit pid=784405)[0m Fitting Client 9
[2m[36m(launch_and_fit pid=784403)[0m Fitting Client 5
[2m[36m(launch_and_fit pid=784283)[0m Fitting Client 1
[2m[36m(launch_and_fit pid=784404)[0m Fitting Client 6
[2m[36m(launch_and_fit pid=784401)[0m Fitting Client 13
[2m[36m(launch_and_fit pid=784169)[0m malloc_consolidate(): invalid chunk size
[2m[36m(launch_and_fit pid=784404)[0m malloc_consolidate(): invalid chunk size
E0820 02:54:25.858774216  714563 chttp2_transport.cc:1079]             ipv4:145.136.62.56:49190: Received a GOAWAY with error code ENHANCE_YOUR_CALM and debug data equal to "too_many_pings". Current keepalive time (before throttling): ∞
[2m[36m(launch_and_fit pid=784405)[0m double free or corruption (fasttop)
[2m[36m(launch_and_fit pid=784400)[0m malloc_consolidate(): invalid chunk size
[2m[36m(launch_and_fit pid=784401)[0m malloc_consolidate(): invalid chunk size
[2m[36m(launch_and_fit pid=784403)[0m malloc_consolidate(): invalid chunk size
[2m[36m(launch_and_fit pid=784283)[0m double free or corruption (fasttop)
INFO flwr 2023-08-20 02:55:09,184 | fed_df.py:540 | Distillation training stopped at step number : 250
INFO flwr 2023-08-20 02:55:09,185 | fed_df.py:547 | Average fusion training loss : 0.20739535051584243, val accuracy : 0.5441751889728769, best val accuracy : 0.5803690529124055
INFO flwr 2023-08-20 02:55:09,186 | common.py:35 | Avg. local train loss : 6.556306031346322, train acc : 0.8262469135802469
INFO flwr 2023-08-20 02:55:11,435 | server.py:116 | fit progress: (26, 4.448299915079951, {'server_test_acc': 0.5775766016713092}, 2213.5290909693576)
INFO flwr 2023-08-20 02:55:11,435 | server.py:163 | evaluate_round 26: no clients selected, cancel
DEBUG flwr 2023-08-20 02:55:15,023 | server.py:215 | fit_round 27: strategy sampled 8 clients (out of 20)
DEBUG flwr 2023-08-20 02:55:50,397 | server.py:229 | fit_round 27 received 8 results and 0 failures
[2m[36m(launch_and_fit pid=907776)[0m malloc_consolidate(): invalid chunk size
INFO flwr 2023-08-20 02:55:50,550 | fed_df.py:463 | Performing server side distillation training...
[2m[36m(launch_and_fit pid=907776)[0m Fitting Client 15
[2m[36m(launch_and_fit pid=907774)[0m Fitting Client 3
[2m[36m(launch_and_fit pid=907784)[0m Fitting Client 13
[2m[36m(launch_and_fit pid=908002)[0m Fitting Client 4
[2m[36m(launch_and_fit pid=908000)[0m Fitting Client 18
[2m[36m(launch_and_fit pid=908001)[0m Fitting Client 6
[2m[36m(launch_and_fit pid=907782)[0m Fitting Client 8
[2m[36m(launch_and_fit pid=907777)[0m Fitting Client 14
[2m[36m(launch_and_fit pid=907784)[0m malloc_consolidate(): invalid chunk size
[2m[36m(launch_and_fit pid=907774)[0m malloc_consolidate(): invalid chunk size
[2m[36m(launch_and_fit pid=908000)[0m double free or corruption (fasttop)
E0820 02:55:51.259205876  839915 chttp2_transport.cc:1079]             ipv4:145.136.62.56:49190: Received a GOAWAY with error code ENHANCE_YOUR_CALM and debug data equal to "too_many_pings". Current keepalive time (before throttling): ∞
[2m[36m(launch_and_fit pid=908001)[0m malloc_consolidate(): invalid chunk size
[2m[36m(launch_and_fit pid=907782)[0m malloc_consolidate(): invalid chunk size
[2m[36m(launch_and_fit pid=907777)[0m malloc_consolidate(): invalid chunk size
[2m[36m(launch_and_fit pid=908002)[0m double free or corruption (fasttop)
INFO flwr 2023-08-20 02:56:34,660 | fed_df.py:540 | Distillation training stopped at step number : 250
INFO flwr 2023-08-20 02:56:34,660 | fed_df.py:547 | Average fusion training loss : 0.250343385219574, val accuracy : 0.5427967985771454, best val accuracy : 0.6039350822587817
INFO flwr 2023-08-20 02:56:34,662 | common.py:35 | Avg. local train loss : 5.976219414547086, train acc : 0.8601358024691358
INFO flwr 2023-08-20 02:56:36,858 | server.py:116 | fit progress: (27, 5.688752597022521, {'server_test_acc': 0.5136490250696378}, 2298.95184508292)
INFO flwr 2023-08-20 02:56:36,858 | server.py:163 | evaluate_round 27: no clients selected, cancel
DEBUG flwr 2023-08-20 02:56:40,295 | server.py:215 | fit_round 28: strategy sampled 8 clients (out of 20)
[2m[36m(launch_and_fit pid=1035669)[0m malloc_consolidate(): invalid chunk size
DEBUG flwr 2023-08-20 02:57:14,793 | server.py:229 | fit_round 28 received 8 results and 0 failures
INFO flwr 2023-08-20 02:57:14,944 | fed_df.py:463 | Performing server side distillation training...
[2m[36m(launch_and_fit pid=1035657)[0m Fitting Client 3
[2m[36m(launch_and_fit pid=1035669)[0m Fitting Client 11
[2m[36m(launch_and_fit pid=1035653)[0m Fitting Client 7
[2m[36m(launch_and_fit pid=1035654)[0m Fitting Client 15
[2m[36m(launch_and_fit pid=1035659)[0m Fitting Client 9
[2m[36m(launch_and_fit pid=1035660)[0m Fitting Client 13
[2m[36m(launch_and_fit pid=1035678)[0m Fitting Client 8
[2m[36m(launch_and_fit pid=1035681)[0m Fitting Client 14
[2m[36m(launch_and_fit pid=1035681)[0m malloc_consolidate(): invalid chunk size
[2m[36m(launch_and_fit pid=1035659)[0m malloc_consolidate(): invalid chunk size
E0820 02:57:16.195922568 1031781 chttp2_transport.cc:1079]             ipv4:145.136.62.56:49190: Received a GOAWAY with error code ENHANCE_YOUR_CALM and debug data equal to "too_many_pings". Current keepalive time (before throttling): ∞
[2m[36m(launch_and_fit pid=1035678)[0m malloc_consolidate(): invalid chunk size
[2m[36m(launch_and_fit pid=1035653)[0m malloc_consolidate(): invalid chunk size
[2m[36m(launch_and_fit pid=1035654)[0m double free or corruption (fasttop)
[2m[36m(launch_and_fit pid=1035660)[0m malloc_consolidate(): invalid chunk size
[2m[36m(launch_and_fit pid=1035657)[0m malloc_consolidate(): invalid chunk size
E0820 02:57:16.953820716 1094643 chttp2_transport.cc:1079]             ipv4:145.136.62.56:49190: Received a GOAWAY with error code ENHANCE_YOUR_CALM and debug data equal to "too_many_pings". Current keepalive time (before throttling): ∞
INFO flwr 2023-08-20 02:57:59,546 | fed_df.py:540 | Distillation training stopped at step number : 250
INFO flwr 2023-08-20 02:57:59,547 | fed_df.py:547 | Average fusion training loss : 0.2281424989104271, val accuracy : 0.5950644730991552, best val accuracy : 0.6505113383726101
INFO flwr 2023-08-20 02:57:59,548 | common.py:35 | Avg. local train loss : 6.636996661126613, train acc : 0.8208148148148148
INFO flwr 2023-08-20 02:58:01,973 | server.py:116 | fit progress: (28, 4.186837828856657, {'server_test_acc': 0.586908077994429}, 2384.066569207236)
INFO flwr 2023-08-20 02:58:01,973 | server.py:163 | evaluate_round 28: no clients selected, cancel
DEBUG flwr 2023-08-20 02:58:05,778 | server.py:215 | fit_round 29: strategy sampled 8 clients (out of 20)
DEBUG flwr 2023-08-20 02:58:41,175 | server.py:229 | fit_round 29 received 8 results and 0 failures
[2m[36m(launch_and_fit pid=1167711)[0m double free or corruption (fasttop)
INFO flwr 2023-08-20 02:58:41,329 | fed_df.py:463 | Performing server side distillation training...
[2m[36m(launch_and_fit pid=1167702)[0m Fitting Client 2
[2m[36m(launch_and_fit pid=1167710)[0m Fitting Client 10
[2m[36m(launch_and_fit pid=1167706)[0m Fitting Client 16
[2m[36m(launch_and_fit pid=1167707)[0m Fitting Client 13
[2m[36m(launch_and_fit pid=1167708)[0m Fitting Client 15
[2m[36m(launch_and_fit pid=1167711)[0m Fitting Client 3
[2m[36m(launch_and_fit pid=1167704)[0m Fitting Client 18
[2m[36m(launch_and_fit pid=1167709)[0m Fitting Client 14
[2m[36m(launch_and_fit pid=1167708)[0m malloc_consolidate(): invalid chunk size
[2m[36m(launch_and_fit pid=1167707)[0m malloc_consolidate(): invalid chunk size
[2m[36m(launch_and_fit pid=1167704)[0m malloc_consolidate(): invalid chunk size
[2m[36m(launch_and_fit pid=1167702)[0m malloc_consolidate(): invalid chunk size
[2m[36m(launch_and_fit pid=1167709)[0m double free or corruption (fasttop)
[2m[36m(launch_and_fit pid=1167710)[0m double free or corruption (fasttop)
[2m[36m(launch_and_fit pid=1167706)[0m malloc_consolidate(): invalid chunk size
E0820 02:58:46.207151960 1224589 chttp2_transport.cc:1079]             ipv4:145.136.62.56:49190: Received a GOAWAY with error code ENHANCE_YOUR_CALM and debug data equal to "too_many_pings". Current keepalive time (before throttling): ∞
INFO flwr 2023-08-20 02:59:25,818 | fed_df.py:540 | Distillation training stopped at step number : 250
INFO flwr 2023-08-20 02:59:25,818 | fed_df.py:547 | Average fusion training loss : 0.21856417322158814, val accuracy : 0.5546020453534904, best val accuracy : 0.6004891062694531
INFO flwr 2023-08-20 02:59:25,819 | common.py:35 | Avg. local train loss : 6.392494973167778, train acc : 0.8339876543209876
INFO flwr 2023-08-20 02:59:28,116 | server.py:116 | fit progress: (29, 4.58722907972203, {'server_test_acc': 0.5835654596100278}, 2470.2097173752263)
INFO flwr 2023-08-20 02:59:28,116 | server.py:163 | evaluate_round 29: no clients selected, cancel
DEBUG flwr 2023-08-20 02:59:31,677 | server.py:215 | fit_round 30: strategy sampled 8 clients (out of 20)
[2m[36m(launch_and_fit pid=1299284)[0m malloc_consolidate(): invalid chunk size
DEBUG flwr 2023-08-20 03:00:07,474 | server.py:229 | fit_round 30 received 8 results and 0 failures
INFO flwr 2023-08-20 03:00:07,588 | fed_df.py:365 | Warm start at round 30
INFO flwr 2023-08-20 03:00:07,685 | fed_df.py:463 | Performing server side distillation training...
[2m[36m(launch_and_fit pid=1299282)[0m Fitting Client 10
[2m[36m(launch_and_fit pid=1299284)[0m Fitting Client 14
[2m[36m(launch_and_fit pid=1299354)[0m Fitting Client 2
[2m[36m(launch_and_fit pid=1299286)[0m Fitting Client 8
[2m[36m(launch_and_fit pid=1299355)[0m Fitting Client 18
[2m[36m(launch_and_fit pid=1299285)[0m Fitting Client 4
[2m[36m(launch_and_fit pid=1299357)[0m Fitting Client 9
[2m[36m(launch_and_fit pid=1299356)[0m Fitting Client 19
[2m[36m(launch_and_fit pid=1299285)[0m malloc_consolidate(): invalid chunk size
[2m[36m(launch_and_fit pid=1299282)[0m double free or corruption (fasttop)
[2m[36m(launch_and_fit pid=1299286)[0m double free or corruption (fasttop)
[2m[36m(launch_and_fit pid=1299356)[0m malloc_consolidate(): invalid chunk size
[2m[36m(launch_and_fit pid=1299357)[0m malloc_consolidate(): invalid chunk size
[2m[36m(launch_and_fit pid=1299355)[0m malloc_consolidate(): invalid chunk size
E0820 03:00:09.603722238 1226905 chttp2_transport.cc:1079]             ipv4:145.136.62.56:49190: Received a GOAWAY with error code ENHANCE_YOUR_CALM and debug data equal to "too_many_pings". Current keepalive time (before throttling): ∞
[2m[36m(launch_and_fit pid=1299354)[0m malloc_consolidate(): invalid chunk size
INFO flwr 2023-08-20 03:00:52,034 | fed_df.py:540 | Distillation training stopped at step number : 250
INFO flwr 2023-08-20 03:00:52,034 | fed_df.py:547 | Average fusion training loss : 0.209763188123703, val accuracy : 0.4263895064473099, best val accuracy : 0.5227879057358826
INFO flwr 2023-08-20 03:00:52,035 | common.py:35 | Avg. local train loss : 6.331440969184041, train acc : 0.8427067901234567
INFO flwr 2023-08-20 03:00:54,323 | server.py:116 | fit progress: (30, 3.6723083001989507, {'server_test_acc': 0.5548746518105849}, 2556.417296499945)
INFO flwr 2023-08-20 03:00:54,324 | server.py:163 | evaluate_round 30: no clients selected, cancel
INFO flwr 2023-08-20 03:00:54,324 | server.py:144 | FL finished in 2556.4176510008983
INFO flwr 2023-08-20 03:00:54,324 | app.py:202 | app_fit: losses_distributed []
INFO flwr 2023-08-20 03:00:54,325 | app.py:203 | app_fit: metrics_distributed {}
INFO flwr 2023-08-20 03:00:54,325 | app.py:204 | app_fit: losses_centralized [(0, 2.192614644616427), (1, 1.6468921104845562), (2, 2.2747502297744115), (3, 1.8408094379563185), (4, 2.758968748554878), (5, 2.562786484030296), (6, 2.475669019667219), (7, 2.560325940405758), (8, 2.235213556794403), (9, 3.242685833083554), (10, 5.871286985668299), (11, 3.0909111211558904), (12, 3.384341126232094), (13, 4.7608870842330635), (14, 4.992885675403733), (15, 4.517529394898906), (16, 3.3517511213722337), (17, 4.8920838276323835), (18, 3.0957036398247424), (19, 4.80616824460893), (20, 3.1229906366396083), (21, 3.1601591678715018), (22, 4.1850795408477355), (23, 4.153148390257259), (24, 4.015797133698105), (25, 5.963004063895818), (26, 4.448299915079951), (27, 5.688752597022521), (28, 4.186837828856657), (29, 4.58722907972203), (30, 3.6723083001989507)]
INFO flwr 2023-08-20 03:00:54,325 | app.py:205 | app_fit: metrics_centralized {'server_test_acc': [(0, 0.18704735376044568), (1, 0.6090529247910863), (2, 0.5598885793871866), (3, 0.565041782729805), (4, 0.6264623955431755), (5, 0.5083565459610028), (6, 0.5887186629526462), (7, 0.6920612813370474), (8, 0.47924791086350976), (9, 0.604874651810585), (10, 0.3342618384401114), (11, 0.4937325905292479), (12, 0.6579387186629526), (13, 0.5947075208913649), (14, 0.5142061281337047), (15, 0.6651810584958218), (16, 0.6220055710306407), (17, 0.4883008356545961), (18, 0.5126740947075209), (19, 0.4722841225626741), (20, 0.5554317548746518), (21, 0.4948467966573816), (22, 0.5), (23, 0.47256267409470754), (24, 0.6071030640668523), (25, 0.575208913649025), (26, 0.5775766016713092), (27, 0.5136490250696378), (28, 0.586908077994429), (29, 0.5835654596100278), (30, 0.5548746518105849)]}
malloc_consolidate(): invalid chunk size
srun: error: gcn56: task 0: Aborted
srun: Terminating StepId=3425369.1
-----EXPERIMENT ENDS-----
-----CLEANING UP DISK------
-----END-----

JOB STATISTICS
==============
Job ID: 3425369
Cluster: snellius
User/Group: sunnys/sunnys
State: COMPLETED (exit code 0)
Nodes: 1
Cores per node: 18
CPU Utilized: 01:50:26
CPU Efficiency: 13.42% of 13:42:36 core-walltime
Job Wall-clock time: 00:45:42
Memory Utilized: 50.28 GB
Memory Efficiency: 41.90% of 120.00 GB
