-----BEGIN-----
-----SETTINGS-----
TOTAL CROPS:50000
STRATEGY:feddf
MODEL_NAME:resnet8
NUM_CLIENTS:20
NUM_ROUNDS:30
FRACTION_FIT:0.4
FRACTION_EVALUATE:0.0
DATASET_NAME:pathmnist
PARTITION_ALPHA:1.0
PARTITION_VAL_RATIO:0.1
BATCH_SIZE:512
LOCAL_EPOCHS:10
LOCAL_LR:0.01
DISTILL_BATCH_SIZE:512
SERVER_LR:0.005
SERVER_STEPS:250
SERVER_EARLY_STEPS:1000
USE_EARLY_STOPPING:False
USE_ADAPTIVE_LR:False
USE_ADAPTIVE_LR_ROUND:False
SEED:84
CUDA_DETERMINISTIC:False
USE_CROPS:True
IMG_NAME:colonpath_sample.jpg
DISTILL_DATASET:organamnist
DISTILL_ALPHA:1.0
NUM_DISTILL_IMAGES:5000
DISTILL_TRANSFORMS:v0
WARM_START:True
WARM_START_ROUNDS:1
WARM_START_INTERVAL:5
KMEANS_N_CLUSTER:1000
KMEANS_HEURISTICS:hard
KMEANS_MIXED_FACTOR:50-50
KMEANS_BALANCING:1.0
CONFIDENCE_THRESHOLD:0.9
CONFIDENCE_STRATEGY:top
CONFIDENCE_ADAPTIVE:False
CONFIDENCE_MAX_THRESH:0.5
CLIPPING_FACTOR:2.5
FEDPROX_FACTOR:0.0
FEDPROX_ADAPTIVE:False
USE_CLIPPING:True
USE_ENTROPY:True
USE_KMEANS:False
USE_FEDPROX:False
-----SETTINGS END-----
-----EXPERIMENT BEGINS-----
---------
Generating crops for FedDF
Namespace(img_size=32, batch_size=32, num_imgs=50000, threads=18, vflip=False, deg=30, shear=30, cropfirst=True, initcrop=0.5, scale=[500, 1], randinterp=False, debug=False, imgpath='./static/single_images/colonpath_sample.jpg', targetpath='/scratch-local/sunnys.3425373/1692490639_514564357', seed=84, img_per_thread=2777)
will save 50000 patches in /scratch-local/sunnys.3425373/1692490639_514564357/single_img_crops/crops
50000 took 0.44min with 18 threads
---------
Simulating feddf training
INFO simulate 2023-08-20 02:17:57,648 | simulate.py:50 | Python script started : simulate.py
DEBUG simulate 2023-08-20 02:17:57,648 | simulate.py:55 | Reading args from argument parser
Downloading https://zenodo.org/record/6496656/files/pathmnist.npz?download=1 to /scratch-local/sunnys.3425373/1692490639_514564357/pathmnist.npz
Generating unified pathmnist dataset
Class histogram for 0-th partition (alpha=1.0, 9 classes): [ 626  245  667 1433   97  368  887   63  114]
INFO flwr 2023-08-20 02:18:38,685 | app.py:145 | Starting Flower simulation, config: ServerConfig(num_rounds=30, round_timeout=None)
2023-08-20 02:18:40,915	INFO worker.py:1529 -- Started a local Ray instance. View the dashboard at [1m[32m127.0.0.1:8266 [39m[22m
INFO flwr 2023-08-20 02:18:41,920 | app.py:179 | Flower VCE: Ray initialized with resources: {'CPU': 18.0, 'node:145.136.62.59': 1.0, 'GPU': 1.0, 'accelerator_type:A100': 1.0, 'object_store_memory': 61847529062.0, 'memory': 103079215104.0}
INFO flwr 2023-08-20 02:18:41,920 | server.py:86 | Initializing global parameters
INFO flwr 2023-08-20 02:18:41,920 | server.py:266 | Using initial parameters provided by strategy
INFO flwr 2023-08-20 02:18:41,920 | server.py:88 | Evaluating initial parameters
INFO flwr 2023-08-20 02:18:49,054 | server.py:91 | initial parameters (loss, other metrics): 2.192614644616427, {'server_test_acc': 0.18704735376044568}
INFO flwr 2023-08-20 02:18:49,054 | server.py:101 | FL starting
DEBUG flwr 2023-08-20 02:18:54,803 | server.py:215 | fit_round 1: strategy sampled 8 clients (out of 20)
[2m[36m(launch_and_fit pid=4130873)[0m double free or corruption (fasttop)
DEBUG flwr 2023-08-20 02:19:33,945 | server.py:229 | fit_round 1 received 8 results and 0 failures
INFO flwr 2023-08-20 02:19:34,051 | fed_df.py:365 | Warm start at round 1
INFO flwr 2023-08-20 02:19:34,140 | fed_df.py:463 | Performing server side distillation training...
[2m[36m(launch_and_fit pid=4130866)[0m Fitting Client 9
[2m[36m(launch_and_fit pid=4130869)[0m Fitting Client 6
[2m[36m(launch_and_fit pid=4130868)[0m Fitting Client 8
[2m[36m(launch_and_fit pid=4130867)[0m Fitting Client 11
[2m[36m(launch_and_fit pid=4130870)[0m Fitting Client 17
[2m[36m(launch_and_fit pid=4130873)[0m Fitting Client 2
[2m[36m(launch_and_fit pid=4130871)[0m Fitting Client 4
[2m[36m(launch_and_fit pid=4130872)[0m Fitting Client 15
[2m[36m(launch_and_fit pid=4130869)[0m double free or corruption (fasttop)
[2m[36m(launch_and_fit pid=4130867)[0m malloc_consolidate(): invalid chunk size
E0820 02:19:35.319709925 4182405 chttp2_transport.cc:1079]             ipv4:145.136.62.59:57804: Received a GOAWAY with error code ENHANCE_YOUR_CALM and debug data equal to "too_many_pings". Current keepalive time (before throttling): 60000ms
E0820 02:19:35.320326113 4182405 chttp2_transport.cc:1079]             ipv4:145.136.62.59:57804: Received a GOAWAY with error code ENHANCE_YOUR_CALM and debug data equal to "too_many_pings". Current keepalive time (before throttling): 60000ms
E0820 02:19:35.320342476 4182405 chttp2_transport.cc:1079]             ipv4:145.136.62.59:57804: Received a GOAWAY with error code ENHANCE_YOUR_CALM and debug data equal to "too_many_pings". Current keepalive time (before throttling): 60000ms
E0820 02:19:35.320353971 4182405 chttp2_transport.cc:1079]             ipv4:145.136.62.59:57804: Received a GOAWAY with error code ENHANCE_YOUR_CALM and debug data equal to "too_many_pings". Current keepalive time (before throttling): 60000ms
E0820 02:19:35.320368898 4182405 chttp2_transport.cc:1079]             ipv4:145.136.62.59:57804: Received a GOAWAY with error code ENHANCE_YOUR_CALM and debug data equal to "too_many_pings". Current keepalive time (before throttling): 60000ms
E0820 02:19:35.320379110 4182405 chttp2_transport.cc:1079]             ipv4:145.136.62.59:57804: Received a GOAWAY with error code ENHANCE_YOUR_CALM and debug data equal to "too_many_pings". Current keepalive time (before throttling): 60000ms
[2m[36m(launch_and_fit pid=4130870)[0m malloc_consolidate(): invalid chunk size
[2m[36m(launch_and_fit pid=4130872)[0m double free or corruption (fasttop)
[2m[36m(launch_and_fit pid=4130871)[0m double free or corruption (fasttop)
[2m[36m(launch_and_fit pid=4130866)[0m malloc_consolidate(): invalid chunk size
[2m[36m(launch_and_fit pid=4130868)[0m malloc_consolidate(): invalid chunk size
INFO flwr 2023-08-20 02:20:19,286 | fed_df.py:540 | Distillation training stopped at step number : 250
INFO flwr 2023-08-20 02:20:19,287 | fed_df.py:547 | Average fusion training loss : 0.3121771042346954, val accuracy : 0.40435749221876394, best val accuracy : 0.45453534904401954
INFO flwr 2023-08-20 02:20:19,288 | common.py:35 | Avg. local train loss : 8.258612543344498, train acc : 0.725503086419753
INFO flwr 2023-08-20 02:20:21,550 | server.py:116 | fit progress: (1, 1.9225023617651469, {'server_test_acc': 0.516991643454039}, 92.4960571709089)
INFO flwr 2023-08-20 02:20:21,550 | server.py:163 | evaluate_round 1: no clients selected, cancel
DEBUG flwr 2023-08-20 02:20:27,405 | server.py:215 | fit_round 2: strategy sampled 8 clients (out of 20)
[2m[36m(launch_and_fit pid=70286)[0m malloc_consolidate(): invalid chunk size
[2m[36m(launch_and_fit pid=70274)[0m double free or corruption (fasttop)
[2m[36m(launch_and_fit pid=70284)[0m malloc_consolidate(): invalid chunk size
DEBUG flwr 2023-08-20 02:21:05,087 | server.py:229 | fit_round 2 received 8 results and 0 failures
INFO flwr 2023-08-20 02:21:05,225 | fed_df.py:463 | Performing server side distillation training...
[2m[36m(launch_and_fit pid=70274)[0m Fitting Client 0
[2m[36m(launch_and_fit pid=70282)[0m Fitting Client 19
[2m[36m(launch_and_fit pid=70288)[0m Fitting Client 9
[2m[36m(launch_and_fit pid=70286)[0m Fitting Client 7
[2m[36m(launch_and_fit pid=70284)[0m Fitting Client 15
[2m[36m(launch_and_fit pid=70292)[0m Fitting Client 1
[2m[36m(launch_and_fit pid=70291)[0m Fitting Client 4
[2m[36m(launch_and_fit pid=70281)[0m Fitting Client 2
[2m[36m(launch_and_fit pid=70282)[0m malloc_consolidate(): invalid chunk size
[2m[36m(launch_and_fit pid=70288)[0m malloc_consolidate(): invalid chunk size
E0820 02:21:06.325054514  121631 chttp2_transport.cc:1079]             ipv4:145.136.62.59:57804: Received a GOAWAY with error code ENHANCE_YOUR_CALM and debug data equal to "too_many_pings". Current keepalive time (before throttling): 120000ms
[2m[36m(launch_and_fit pid=70291)[0m malloc_consolidate(): invalid chunk size
[2m[36m(launch_and_fit pid=70292)[0m malloc_consolidate(): invalid chunk size
[2m[36m(launch_and_fit pid=70281)[0m malloc_consolidate(): invalid chunk size
E0820 02:21:21.378188156  142164 chttp2_transport.cc:1079]             ipv4:145.136.62.59:57804: Received a GOAWAY with error code ENHANCE_YOUR_CALM and debug data equal to "too_many_pings". Current keepalive time (before throttling): 240000ms
E0820 02:21:46.701879916  142903 chttp2_transport.cc:1079]             ipv4:145.136.62.59:57804: Received a GOAWAY with error code ENHANCE_YOUR_CALM and debug data equal to "too_many_pings". Current keepalive time (before throttling): 480000ms
E0820 02:21:56.377489444  199505 chttp2_transport.cc:1079]             ipv4:145.136.62.59:57804: Received a GOAWAY with error code ENHANCE_YOUR_CALM and debug data equal to "too_many_pings". Current keepalive time (before throttling): 960000ms
INFO flwr 2023-08-20 02:21:57,253 | fed_df.py:540 | Distillation training stopped at step number : 250
INFO flwr 2023-08-20 02:21:57,253 | fed_df.py:547 | Average fusion training loss : 0.14869562524557114, val accuracy : 0.43354824366385064, best val accuracy : 0.5452423299244108
INFO flwr 2023-08-20 02:21:57,254 | common.py:35 | Avg. local train loss : 8.161169450730085, train acc : 0.7235833333333334
INFO flwr 2023-08-20 02:21:59,579 | server.py:116 | fit progress: (2, 1.567119889538268, {'server_test_acc': 0.5667130919220056}, 190.52535926317796)
INFO flwr 2023-08-20 02:21:59,580 | server.py:163 | evaluate_round 2: no clients selected, cancel
DEBUG flwr 2023-08-20 02:22:05,441 | server.py:215 | fit_round 3: strategy sampled 8 clients (out of 20)
[2m[36m(launch_and_fit pid=204327)[0m malloc_consolidate(): invalid chunk size
[2m[36m(launch_and_fit pid=204323)[0m malloc_consolidate(): invalid chunk size
DEBUG flwr 2023-08-20 02:22:41,479 | server.py:229 | fit_round 3 received 8 results and 0 failures
INFO flwr 2023-08-20 02:22:41,615 | fed_df.py:463 | Performing server side distillation training...
[2m[36m(launch_and_fit pid=204323)[0m Fitting Client 4
[2m[36m(launch_and_fit pid=204327)[0m Fitting Client 16
[2m[36m(launch_and_fit pid=204330)[0m Fitting Client 10
[2m[36m(launch_and_fit pid=204328)[0m Fitting Client 12
[2m[36m(launch_and_fit pid=204326)[0m Fitting Client 13
[2m[36m(launch_and_fit pid=204331)[0m Fitting Client 19
[2m[36m(launch_and_fit pid=204329)[0m Fitting Client 17
[2m[36m(launch_and_fit pid=204332)[0m Fitting Client 9
E0820 02:22:42.048632639  199877 chttp2_transport.cc:1079]             ipv4:145.136.62.59:57804: Received a GOAWAY with error code ENHANCE_YOUR_CALM and debug data equal to "too_many_pings". Current keepalive time (before throttling): 1920000ms
[2m[36m(launch_and_fit pid=204332)[0m malloc_consolidate(): invalid chunk size
[2m[36m(launch_and_fit pid=204329)[0m malloc_consolidate(): invalid chunk size
[2m[36m(launch_and_fit pid=204326)[0m malloc_consolidate(): invalid chunk size
[2m[36m(launch_and_fit pid=204328)[0m malloc_consolidate(): invalid chunk size
[2m[36m(launch_and_fit pid=204331)[0m malloc_consolidate(): invalid chunk size
[2m[36m(launch_and_fit pid=204330)[0m malloc_consolidate(): invalid chunk size
E0820 02:23:27.565433864  329519 chttp2_transport.cc:1079]             ipv4:145.136.62.59:57804: Received a GOAWAY with error code ENHANCE_YOUR_CALM and debug data equal to "too_many_pings". Current keepalive time (before throttling): 3840000ms
INFO flwr 2023-08-20 02:23:29,038 | fed_df.py:540 | Distillation training stopped at step number : 250
INFO flwr 2023-08-20 02:23:29,039 | fed_df.py:547 | Average fusion training loss : 0.050895236924290654, val accuracy : 0.5325477990217875, best val accuracy : 0.5572476656291685
INFO flwr 2023-08-20 02:23:29,040 | common.py:35 | Avg. local train loss : 7.601078305393457, train acc : 0.7598518518518518
INFO flwr 2023-08-20 02:23:31,369 | server.py:116 | fit progress: (3, 1.698367268926254, {'server_test_acc': 0.6245125348189415}, 282.3149800649844)
INFO flwr 2023-08-20 02:23:31,369 | server.py:163 | evaluate_round 3: no clients selected, cancel
DEBUG flwr 2023-08-20 02:23:37,264 | server.py:215 | fit_round 4: strategy sampled 8 clients (out of 20)
[2m[36m(launch_and_fit pid=337017)[0m malloc_consolidate(): invalid chunk size
[2m[36m(launch_and_fit pid=337019)[0m malloc_consolidate(): invalid chunk size
DEBUG flwr 2023-08-20 02:24:14,350 | server.py:229 | fit_round 4 received 8 results and 0 failures
INFO flwr 2023-08-20 02:24:14,490 | fed_df.py:463 | Performing server side distillation training...
[2m[36m(launch_and_fit pid=337016)[0m Fitting Client 12
[2m[36m(launch_and_fit pid=337009)[0m Fitting Client 11
[2m[36m(launch_and_fit pid=337013)[0m Fitting Client 8
[2m[36m(launch_and_fit pid=337018)[0m Fitting Client 4
[2m[36m(launch_and_fit pid=337010)[0m Fitting Client 19
[2m[36m(launch_and_fit pid=337014)[0m Fitting Client 3
[2m[36m(launch_and_fit pid=337017)[0m Fitting Client 0
[2m[36m(launch_and_fit pid=337019)[0m Fitting Client 9
[2m[36m(launch_and_fit pid=337010)[0m double free or corruption (fasttop)
E0820 02:24:14.894415875  331159 chttp2_transport.cc:1079]             ipv4:145.136.62.59:57804: Received a GOAWAY with error code ENHANCE_YOUR_CALM and debug data equal to "too_many_pings". Current keepalive time (before throttling): 7680000ms
[2m[36m(launch_and_fit pid=337013)[0m double free or corruption (fasttop)
[2m[36m(launch_and_fit pid=337014)[0m double free or corruption (fasttop)
[2m[36m(launch_and_fit pid=337018)[0m double free or corruption (fasttop)
[2m[36m(launch_and_fit pid=337009)[0m malloc_consolidate(): invalid chunk size
[2m[36m(launch_and_fit pid=337016)[0m malloc_consolidate(): invalid chunk size
E0820 02:24:47.694826999  390314 chttp2_transport.cc:1079]             ipv4:145.136.62.59:57804: Received a GOAWAY with error code ENHANCE_YOUR_CALM and debug data equal to "too_many_pings". Current keepalive time (before throttling): 15360000ms
INFO flwr 2023-08-20 02:25:06,654 | fed_df.py:540 | Distillation training stopped at step number : 250
INFO flwr 2023-08-20 02:25:06,655 | fed_df.py:547 | Average fusion training loss : 0.04541422619670629, val accuracy : 0.5943308136949755, best val accuracy : 0.6410626945309026
INFO flwr 2023-08-20 02:25:06,656 | common.py:35 | Avg. local train loss : 7.53120776489377, train acc : 0.7726327160493826
INFO flwr 2023-08-20 02:25:09,033 | server.py:116 | fit progress: (4, 2.8753901690493717, {'server_test_acc': 0.7552924791086351}, 379.9793418128975)
INFO flwr 2023-08-20 02:25:09,034 | server.py:163 | evaluate_round 4: no clients selected, cancel
DEBUG flwr 2023-08-20 02:25:14,925 | server.py:215 | fit_round 5: strategy sampled 8 clients (out of 20)
[2m[36m(launch_and_fit pid=470725)[0m malloc_consolidate(): invalid chunk size
[2m[36m(launch_and_fit pid=470719)[0m malloc_consolidate(): invalid chunk size
DEBUG flwr 2023-08-20 02:25:50,491 | server.py:229 | fit_round 5 received 8 results and 0 failures
INFO flwr 2023-08-20 02:25:50,599 | fed_df.py:365 | Warm start at round 5
INFO flwr 2023-08-20 02:25:50,687 | fed_df.py:463 | Performing server side distillation training...
[2m[36m(launch_and_fit pid=470725)[0m Fitting Client 9
[2m[36m(launch_and_fit pid=470736)[0m Fitting Client 7
[2m[36m(launch_and_fit pid=470720)[0m Fitting Client 17
[2m[36m(launch_and_fit pid=470719)[0m Fitting Client 11
[2m[36m(launch_and_fit pid=470737)[0m Fitting Client 14
[2m[36m(launch_and_fit pid=470739)[0m Fitting Client 6
[2m[36m(launch_and_fit pid=470735)[0m Fitting Client 2
[2m[36m(launch_and_fit pid=470738)[0m Fitting Client 19
[2m[36m(launch_and_fit pid=470720)[0m malloc_consolidate(): invalid chunk size
[2m[36m(launch_and_fit pid=470739)[0m malloc_consolidate(): invalid chunk size
[2m[36m(launch_and_fit pid=470738)[0m malloc_consolidate(): invalid chunk size
E0820 02:25:51.236533929  526251 chttp2_transport.cc:1079]             ipv4:145.136.62.59:57804: Received a GOAWAY with error code ENHANCE_YOUR_CALM and debug data equal to "too_many_pings". Current keepalive time (before throttling): 30720000ms
[2m[36m(launch_and_fit pid=470737)[0m malloc_consolidate(): invalid chunk size
[2m[36m(launch_and_fit pid=470735)[0m malloc_consolidate(): invalid chunk size
[2m[36m(launch_and_fit pid=470736)[0m double free or corruption (fasttop)
INFO flwr 2023-08-20 02:26:43,036 | fed_df.py:540 | Distillation training stopped at step number : 250
INFO flwr 2023-08-20 02:26:43,036 | fed_df.py:547 | Average fusion training loss : 0.05872703625261783, val accuracy : 0.49897732325477995, best val accuracy : 0.5837038683859493
INFO flwr 2023-08-20 02:26:43,037 | common.py:35 | Avg. local train loss : 7.512316398322582, train acc : 0.7645277777777777
INFO flwr 2023-08-20 02:26:45,383 | server.py:116 | fit progress: (5, 2.8915471799526373, {'server_test_acc': 0.4735376044568245}, 476.3289635688998)
INFO flwr 2023-08-20 02:26:45,383 | server.py:163 | evaluate_round 5: no clients selected, cancel
DEBUG flwr 2023-08-20 02:26:51,247 | server.py:215 | fit_round 6: strategy sampled 8 clients (out of 20)
[2m[36m(launch_and_fit pid=608447)[0m double free or corruption (fasttop)
DEBUG flwr 2023-08-20 02:27:26,033 | server.py:229 | fit_round 6 received 8 results and 0 failures
INFO flwr 2023-08-20 02:27:26,170 | fed_df.py:463 | Performing server side distillation training...
[2m[36m(launch_and_fit pid=608452)[0m Fitting Client 10
[2m[36m(launch_and_fit pid=608446)[0m Fitting Client 18
[2m[36m(launch_and_fit pid=608451)[0m Fitting Client 4
[2m[36m(launch_and_fit pid=608449)[0m Fitting Client 8
[2m[36m(launch_and_fit pid=608447)[0m Fitting Client 19
[2m[36m(launch_and_fit pid=608453)[0m Fitting Client 7
[2m[36m(launch_and_fit pid=608448)[0m Fitting Client 17
[2m[36m(launch_and_fit pid=608450)[0m Fitting Client 15
[2m[36m(launch_and_fit pid=608450)[0m malloc_consolidate(): invalid chunk size
[2m[36m(launch_and_fit pid=608448)[0m double free or corruption (fasttop)
[2m[36m(launch_and_fit pid=608446)[0m double free or corruption (fasttop)
[2m[36m(launch_and_fit pid=608452)[0m malloc_consolidate(): invalid chunk size
[2m[36m(launch_and_fit pid=608449)[0m malloc_consolidate(): invalid chunk size
[2m[36m(launch_and_fit pid=608453)[0m double free or corruption (fasttop)
E0820 02:27:28.133849658  678605 chttp2_transport.cc:1079]             ipv4:145.136.62.59:57804: Received a GOAWAY with error code ENHANCE_YOUR_CALM and debug data equal to "too_many_pings". Current keepalive time (before throttling): 61440000ms
E0820 02:27:42.717316307  679758 chttp2_transport.cc:1079]             ipv4:145.136.62.59:57804: Received a GOAWAY with error code ENHANCE_YOUR_CALM and debug data equal to "too_many_pings". Current keepalive time (before throttling): 122880000ms
INFO flwr 2023-08-20 02:28:13,809 | fed_df.py:540 | Distillation training stopped at step number : 250
INFO flwr 2023-08-20 02:28:13,809 | fed_df.py:547 | Average fusion training loss : 0.14453239604830742, val accuracy : 0.4784348599377501, best val accuracy : 0.5481325033348154
INFO flwr 2023-08-20 02:28:13,810 | common.py:35 | Avg. local train loss : 6.981314987689256, train acc : 0.797138888888889
INFO flwr 2023-08-20 02:28:16,153 | server.py:116 | fit progress: (6, 2.615274294505212, {'server_test_acc': 0.6142061281337048}, 567.0989961898886)
INFO flwr 2023-08-20 02:28:16,153 | server.py:163 | evaluate_round 6: no clients selected, cancel
DEBUG flwr 2023-08-20 02:28:22,060 | server.py:215 | fit_round 7: strategy sampled 8 clients (out of 20)
[2m[36m(launch_and_fit pid=767005)[0m double free or corruption (fasttop)
[2m[36m(launch_and_fit pid=767271)[0m malloc_consolidate(): invalid chunk size
DEBUG flwr 2023-08-20 02:28:57,529 | server.py:229 | fit_round 7 received 8 results and 0 failures
[2m[36m(launch_and_fit pid=767254)[0m double free or corruption (fasttop)
INFO flwr 2023-08-20 02:28:57,667 | fed_df.py:463 | Performing server side distillation training...
[2m[36m(launch_and_fit pid=767005)[0m Fitting Client 0
[2m[36m(launch_and_fit pid=767254)[0m Fitting Client 12
[2m[36m(launch_and_fit pid=767274)[0m Fitting Client 4
[2m[36m(launch_and_fit pid=767272)[0m Fitting Client 3
[2m[36m(launch_and_fit pid=767271)[0m Fitting Client 8
[2m[36m(launch_and_fit pid=767270)[0m Fitting Client 19
[2m[36m(launch_and_fit pid=767275)[0m Fitting Client 2
[2m[36m(launch_and_fit pid=767276)[0m Fitting Client 15
[2m[36m(launch_and_fit pid=767275)[0m malloc_consolidate(): invalid chunk size
E0820 02:28:58.757357876  707849 chttp2_transport.cc:1079]             ipv4:145.136.62.59:57804: Received a GOAWAY with error code ENHANCE_YOUR_CALM and debug data equal to "too_many_pings". Current keepalive time (before throttling): 245760000ms
[2m[36m(launch_and_fit pid=767274)[0m malloc_consolidate(): invalid chunk size
[2m[36m(launch_and_fit pid=767276)[0m double free or corruption (fasttop)
[2m[36m(launch_and_fit pid=767272)[0m double free or corruption (fasttop)
[2m[36m(launch_and_fit pid=767270)[0m malloc_consolidate(): invalid chunk size
INFO flwr 2023-08-20 02:29:44,841 | fed_df.py:540 | Distillation training stopped at step number : 250
INFO flwr 2023-08-20 02:29:44,841 | fed_df.py:547 | Average fusion training loss : 0.0766666956692934, val accuracy : 0.6056247220987105, best val accuracy : 0.6357269897732325
INFO flwr 2023-08-20 02:29:44,842 | common.py:35 | Avg. local train loss : 7.41193565055728, train acc : 0.7758611111111111
INFO flwr 2023-08-20 02:29:47,204 | server.py:116 | fit progress: (7, 3.7326437903645977, {'server_test_acc': 0.5466573816155988}, 658.1497134501114)
INFO flwr 2023-08-20 02:29:47,204 | server.py:163 | evaluate_round 7: no clients selected, cancel
DEBUG flwr 2023-08-20 02:29:53,209 | server.py:215 | fit_round 8: strategy sampled 8 clients (out of 20)
[2m[36m(launch_and_fit pid=900202)[0m malloc_consolidate(): invalid chunk size
[2m[36m(launch_and_fit pid=900210)[0m malloc_consolidate(): invalid chunk size
[2m[36m(launch_and_fit pid=900207)[0m malloc_consolidate(): invalid chunk size
DEBUG flwr 2023-08-20 02:30:27,772 | server.py:229 | fit_round 8 received 8 results and 0 failures
INFO flwr 2023-08-20 02:30:27,912 | fed_df.py:463 | Performing server side distillation training...
[2m[36m(launch_and_fit pid=900202)[0m Fitting Client 15
[2m[36m(launch_and_fit pid=900208)[0m Fitting Client 19
[2m[36m(launch_and_fit pid=900207)[0m Fitting Client 7
[2m[36m(launch_and_fit pid=900206)[0m Fitting Client 9
[2m[36m(launch_and_fit pid=900210)[0m Fitting Client 13
[2m[36m(launch_and_fit pid=900209)[0m Fitting Client 4
[2m[36m(launch_and_fit pid=900193)[0m Fitting Client 14
[2m[36m(launch_and_fit pid=900204)[0m Fitting Client 5
[2m[36m(launch_and_fit pid=900209)[0m malloc_consolidate(): invalid chunk size
E0820 02:30:28.496173436  826407 chttp2_transport.cc:1079]             ipv4:145.136.62.59:57804: Received a GOAWAY with error code ENHANCE_YOUR_CALM and debug data equal to "too_many_pings". Current keepalive time (before throttling): 491520000ms
[2m[36m(launch_and_fit pid=900208)[0m malloc_consolidate(): invalid chunk size
[2m[36m(launch_and_fit pid=900206)[0m malloc_consolidate(): invalid chunk size
[2m[36m(launch_and_fit pid=900193)[0m malloc_consolidate(): invalid chunk size
[2m[36m(launch_and_fit pid=900204)[0m double free or corruption (fasttop)
E0820 02:30:30.314820408  961052 chttp2_transport.cc:1079]             ipv4:145.136.62.59:57804: Received a GOAWAY with error code ENHANCE_YOUR_CALM and debug data equal to "too_many_pings". Current keepalive time (before throttling): 983040000ms
INFO flwr 2023-08-20 02:31:14,982 | fed_df.py:540 | Distillation training stopped at step number : 250
INFO flwr 2023-08-20 02:31:14,982 | fed_df.py:547 | Average fusion training loss : 0.1136146702170372, val accuracy : 0.5732770120053357, best val accuracy : 0.605380168963984
INFO flwr 2023-08-20 02:31:14,983 | common.py:35 | Avg. local train loss : 7.488191633671522, train acc : 0.7628672839506173
INFO flwr 2023-08-20 02:31:17,378 | server.py:116 | fit progress: (8, 1.4206488214827513, {'server_test_acc': 0.6816155988857938}, 748.3235564059578)
INFO flwr 2023-08-20 02:31:17,378 | server.py:163 | evaluate_round 8: no clients selected, cancel
DEBUG flwr 2023-08-20 02:31:23,528 | server.py:215 | fit_round 9: strategy sampled 8 clients (out of 20)
[2m[36m(launch_and_fit pid=1033345)[0m malloc_consolidate(): invalid chunk size
DEBUG flwr 2023-08-20 02:31:58,179 | server.py:229 | fit_round 9 received 8 results and 0 failures
INFO flwr 2023-08-20 02:31:58,322 | fed_df.py:463 | Performing server side distillation training...
[2m[36m(launch_and_fit pid=1033330)[0m Fitting Client 3
[2m[36m(launch_and_fit pid=1033345)[0m Fitting Client 16
[2m[36m(launch_and_fit pid=1033335)[0m Fitting Client 5
[2m[36m(launch_and_fit pid=1033333)[0m Fitting Client 2
[2m[36m(launch_and_fit pid=1033339)[0m Fitting Client 4
[2m[36m(launch_and_fit pid=1033341)[0m Fitting Client 19
[2m[36m(launch_and_fit pid=1033342)[0m Fitting Client 13
[2m[36m(launch_and_fit pid=1033331)[0m Fitting Client 18
[2m[36m(launch_and_fit pid=1033341)[0m malloc_consolidate(): invalid chunk size
[2m[36m(launch_and_fit pid=1033333)[0m double free or corruption (fasttop)
[2m[36m(launch_and_fit pid=1033331)[0m double free or corruption (fasttop)
[2m[36m(launch_and_fit pid=1033339)[0m malloc_consolidate(): invalid chunk size
E0820 02:31:59.520302235  961589 chttp2_transport.cc:1079]             ipv4:145.136.62.59:57804: Received a GOAWAY with error code ENHANCE_YOUR_CALM and debug data equal to "too_many_pings". Current keepalive time (before throttling): 1966080000ms
[2m[36m(launch_and_fit pid=1033335)[0m malloc_consolidate(): invalid chunk size
[2m[36m(launch_and_fit pid=1033342)[0m malloc_consolidate(): invalid chunk size
INFO flwr 2023-08-20 02:32:45,834 | fed_df.py:540 | Distillation training stopped at step number : 250
INFO flwr 2023-08-20 02:32:45,834 | fed_df.py:547 | Average fusion training loss : 0.06579876577854156, val accuracy : 0.5965095598043575, best val accuracy : 0.6196087149844375
INFO flwr 2023-08-20 02:32:45,835 | common.py:35 | Avg. local train loss : 6.977579150348902, train acc : 0.7985061728395062
INFO flwr 2023-08-20 02:32:48,191 | server.py:116 | fit progress: (9, 5.2002278213713495, {'server_test_acc': 0.5697771587743733}, 839.1369160390459)
INFO flwr 2023-08-20 02:32:48,191 | server.py:163 | evaluate_round 9: no clients selected, cancel
DEBUG flwr 2023-08-20 02:32:54,400 | server.py:215 | fit_round 10: strategy sampled 8 clients (out of 20)
[2m[36m(launch_and_fit pid=1165999)[0m double free or corruption (fasttop)
DEBUG flwr 2023-08-20 02:33:28,950 | server.py:229 | fit_round 10 received 8 results and 0 failures
INFO flwr 2023-08-20 02:33:29,058 | fed_df.py:365 | Warm start at round 10
INFO flwr 2023-08-20 02:33:29,146 | fed_df.py:463 | Performing server side distillation training...
[2m[36m(launch_and_fit pid=1165999)[0m Fitting Client 13
[2m[36m(launch_and_fit pid=1166005)[0m Fitting Client 0
[2m[36m(launch_and_fit pid=1166004)[0m Fitting Client 1
[2m[36m(launch_and_fit pid=1166007)[0m Fitting Client 7
[2m[36m(launch_and_fit pid=1166001)[0m Fitting Client 5
[2m[36m(launch_and_fit pid=1166008)[0m Fitting Client 9
[2m[36m(launch_and_fit pid=1166002)[0m Fitting Client 10
[2m[36m(launch_and_fit pid=1166006)[0m Fitting Client 19
[2m[36m(launch_and_fit pid=1166001)[0m malloc_consolidate(): invalid chunk size
[2m[36m(launch_and_fit pid=1166002)[0m malloc_consolidate(): invalid chunk size
[2m[36m(launch_and_fit pid=1166008)[0m malloc_consolidate(): invalid chunk size
[2m[36m(launch_and_fit pid=1166004)[0m malloc_consolidate(): invalid chunk size
E0820 02:33:30.420408189 1092448 chttp2_transport.cc:1079]             ipv4:145.136.62.59:57804: Received a GOAWAY with error code ENHANCE_YOUR_CALM and debug data equal to "too_many_pings". Current keepalive time (before throttling): ∞
[2m[36m(launch_and_fit pid=1166005)[0m corrupted size vs. prev_size in fastbins
[2m[36m(launch_and_fit pid=1166006)[0m malloc_consolidate(): invalid chunk size
[2m[36m(launch_and_fit pid=1166007)[0m malloc_consolidate(): invalid chunk size
E0820 02:34:09.647941446 1225820 chttp2_transport.cc:1079]             ipv4:145.136.62.59:57804: Received a GOAWAY with error code ENHANCE_YOUR_CALM and debug data equal to "too_many_pings". Current keepalive time (before throttling): ∞
INFO flwr 2023-08-20 02:34:17,358 | fed_df.py:540 | Distillation training stopped at step number : 250
INFO flwr 2023-08-20 02:34:17,358 | fed_df.py:547 | Average fusion training loss : 0.20222928285598754, val accuracy : 0.5063806136060471, best val accuracy : 0.5342374388617164
INFO flwr 2023-08-20 02:34:17,359 | common.py:35 | Avg. local train loss : 7.830690602213144, train acc : 0.7462901234567902
INFO flwr 2023-08-20 02:34:19,939 | server.py:116 | fit progress: (10, 2.2009877231459765, {'server_test_acc': 0.6006963788300835}, 930.8850960629061)
INFO flwr 2023-08-20 02:34:19,939 | server.py:163 | evaluate_round 10: no clients selected, cancel
DEBUG flwr 2023-08-20 02:34:26,024 | server.py:215 | fit_round 11: strategy sampled 8 clients (out of 20)
[2m[36m(launch_and_fit pid=1299164)[0m double free or corruption (fasttop)
[2m[36m(launch_and_fit pid=1299170)[0m malloc_consolidate(): invalid chunk size
DEBUG flwr 2023-08-20 02:35:01,454 | server.py:229 | fit_round 11 received 8 results and 0 failures
[2m[36m(launch_and_fit pid=1299172)[0m double free or corruption (fasttop)
INFO flwr 2023-08-20 02:35:01,592 | fed_df.py:463 | Performing server side distillation training...
[2m[36m(launch_and_fit pid=1299164)[0m Fitting Client 13
[2m[36m(launch_and_fit pid=1299168)[0m Fitting Client 6
[2m[36m(launch_and_fit pid=1299169)[0m Fitting Client 16
[2m[36m(launch_and_fit pid=1299167)[0m Fitting Client 3
[2m[36m(launch_and_fit pid=1299172)[0m Fitting Client 0
[2m[36m(launch_and_fit pid=1299166)[0m Fitting Client 11
[2m[36m(launch_and_fit pid=1299170)[0m Fitting Client 14
[2m[36m(launch_and_fit pid=1299171)[0m Fitting Client 5
[2m[36m(launch_and_fit pid=1299171)[0m double free or corruption (fasttop)
E0820 02:35:01.989877247 1287642 chttp2_transport.cc:1079]             ipv4:145.136.62.59:57804: Received a GOAWAY with error code ENHANCE_YOUR_CALM and debug data equal to "too_many_pings". Current keepalive time (before throttling): ∞
[2m[36m(launch_and_fit pid=1299168)[0m malloc_consolidate(): invalid chunk size
[2m[36m(launch_and_fit pid=1299167)[0m malloc_consolidate(): invalid chunk size
[2m[36m(launch_and_fit pid=1299166)[0m malloc_consolidate(): invalid chunk size
[2m[36m(launch_and_fit pid=1299169)[0m double free or corruption (fasttop)
E0820 02:35:45.062763647 1422509 chttp2_transport.cc:1079]             ipv4:145.136.62.59:57804: Received a GOAWAY with error code ENHANCE_YOUR_CALM and debug data equal to "too_many_pings". Current keepalive time (before throttling): ∞
INFO flwr 2023-08-20 02:35:49,068 | fed_df.py:540 | Distillation training stopped at step number : 250
INFO flwr 2023-08-20 02:35:49,068 | fed_df.py:547 | Average fusion training loss : 0.08593862281739711, val accuracy : 0.4804357492218764, best val accuracy : 0.5282347710093375
INFO flwr 2023-08-20 02:35:49,069 | common.py:35 | Avg. local train loss : 7.240284103155137, train acc : 0.7798765432098766
INFO flwr 2023-08-20 02:35:51,475 | server.py:116 | fit progress: (11, 4.807448774991261, {'server_test_acc': 0.5799442896935934}, 1022.4205527701415)
INFO flwr 2023-08-20 02:35:51,475 | server.py:163 | evaluate_round 11: no clients selected, cancel
DEBUG flwr 2023-08-20 02:35:57,873 | server.py:215 | fit_round 12: strategy sampled 8 clients (out of 20)
[2m[36m(launch_and_fit pid=1432027)[0m double free or corruption (fasttop)
[2m[36m(launch_and_fit pid=1432030)[0m malloc_consolidate(): invalid chunk size
DEBUG flwr 2023-08-20 02:36:32,548 | server.py:229 | fit_round 12 received 8 results and 0 failures
INFO flwr 2023-08-20 02:36:32,687 | fed_df.py:463 | Performing server side distillation training...
[2m[36m(launch_and_fit pid=1432030)[0m Fitting Client 14
[2m[36m(launch_and_fit pid=1432027)[0m Fitting Client 17
[2m[36m(launch_and_fit pid=1432035)[0m Fitting Client 0
[2m[36m(launch_and_fit pid=1432049)[0m Fitting Client 18
[2m[36m(launch_and_fit pid=1432040)[0m Fitting Client 5
[2m[36m(launch_and_fit pid=1432051)[0m Fitting Client 1
[2m[36m(launch_and_fit pid=1432037)[0m Fitting Client 8
[2m[36m(launch_and_fit pid=1432050)[0m Fitting Client 3
[2m[36m(launch_and_fit pid=1432035)[0m double free or corruption (fasttop)
E0820 02:36:33.639149096 1423285 chttp2_transport.cc:1079]             ipv4:145.136.62.59:57804: Received a GOAWAY with error code ENHANCE_YOUR_CALM and debug data equal to "too_many_pings". Current keepalive time (before throttling): ∞
[2m[36m(launch_and_fit pid=1432040)[0m malloc_consolidate(): invalid chunk size
[2m[36m(launch_and_fit pid=1432051)[0m malloc_consolidate(): invalid chunk size
[2m[36m(launch_and_fit pid=1432050)[0m double free or corruption (fasttop)
[2m[36m(launch_and_fit pid=1432049)[0m double free or corruption (fasttop)
[2m[36m(launch_and_fit pid=1432037)[0m malloc_consolidate(): invalid chunk size
INFO flwr 2023-08-20 02:37:20,137 | fed_df.py:540 | Distillation training stopped at step number : 250
INFO flwr 2023-08-20 02:37:20,137 | fed_df.py:547 | Average fusion training loss : 0.10149020579457282, val accuracy : 0.6499333036905292, best val accuracy : 0.6680746998666074
INFO flwr 2023-08-20 02:37:20,138 | common.py:35 | Avg. local train loss : 7.186413301527501, train acc : 0.7876635802469136
INFO flwr 2023-08-20 02:37:22,562 | server.py:116 | fit progress: (12, 8.250379263126087, {'server_test_acc': 0.7100278551532033}, 1113.5079552922398)
INFO flwr 2023-08-20 02:37:22,562 | server.py:163 | evaluate_round 12: no clients selected, cancel
DEBUG flwr 2023-08-20 02:37:28,771 | server.py:215 | fit_round 13: strategy sampled 8 clients (out of 20)
[2m[36m(launch_and_fit pid=1565005)[0m malloc_consolidate(): invalid chunk size
DEBUG flwr 2023-08-20 02:38:03,581 | server.py:229 | fit_round 13 received 8 results and 0 failures
INFO flwr 2023-08-20 02:38:03,722 | fed_df.py:463 | Performing server side distillation training...
[2m[36m(launch_and_fit pid=1565005)[0m Fitting Client 0
[2m[36m(launch_and_fit pid=1565003)[0m Fitting Client 18
[2m[36m(launch_and_fit pid=1565004)[0m Fitting Client 3
[2m[36m(launch_and_fit pid=1565133)[0m Fitting Client 7
[2m[36m(launch_and_fit pid=1565137)[0m Fitting Client 5
[2m[36m(launch_and_fit pid=1564998)[0m Fitting Client 11
[2m[36m(launch_and_fit pid=1565001)[0m Fitting Client 19
[2m[36m(launch_and_fit pid=1565138)[0m Fitting Client 14
[2m[36m(launch_and_fit pid=1565133)[0m malloc_consolidate(): invalid chunk size
[2m[36m(launch_and_fit pid=1565138)[0m double free or corruption (fasttop)
[2m[36m(launch_and_fit pid=1565004)[0m double free or corruption (fasttop)
[2m[36m(launch_and_fit pid=1565137)[0m double free or corruption (fasttop)
E0820 02:38:04.939451915 1622525 chttp2_transport.cc:1079]             ipv4:145.136.62.59:57804: Received a GOAWAY with error code ENHANCE_YOUR_CALM and debug data equal to "too_many_pings". Current keepalive time (before throttling): ∞
[2m[36m(launch_and_fit pid=1564998)[0m double free or corruption (fasttop)
[2m[36m(launch_and_fit pid=1565001)[0m double free or corruption (fasttop)
[2m[36m(launch_and_fit pid=1565003)[0m double free or corruption (fasttop)
INFO flwr 2023-08-20 02:38:51,377 | fed_df.py:540 | Distillation training stopped at step number : 250
INFO flwr 2023-08-20 02:38:51,377 | fed_df.py:547 | Average fusion training loss : 0.06151081027090549, val accuracy : 0.5762338817252113, best val accuracy : 0.6036016007114273
INFO flwr 2023-08-20 02:38:51,378 | common.py:35 | Avg. local train loss : 6.970985694974661, train acc : 0.7987438271604939
INFO flwr 2023-08-20 02:38:53,797 | server.py:116 | fit progress: (13, 8.728051659788594, {'server_test_acc': 0.6639275766016713}, 1204.7425606069155)
INFO flwr 2023-08-20 02:38:53,797 | server.py:163 | evaluate_round 13: no clients selected, cancel
DEBUG flwr 2023-08-20 02:38:59,713 | server.py:215 | fit_round 14: strategy sampled 8 clients (out of 20)
[2m[36m(launch_and_fit pid=1695925)[0m malloc_consolidate(): invalid chunk size
[2m[36m(launch_and_fit pid=1695931)[0m malloc_consolidate(): invalid chunk size
[2m[36m(launch_and_fit pid=1695920)[0m double free or corruption (fasttop)
DEBUG flwr 2023-08-20 02:39:35,551 | server.py:229 | fit_round 14 received 8 results and 0 failures
INFO flwr 2023-08-20 02:39:35,691 | fed_df.py:463 | Performing server side distillation training...
[2m[36m(launch_and_fit pid=1695925)[0m Fitting Client 16
[2m[36m(launch_and_fit pid=1695920)[0m Fitting Client 9
[2m[36m(launch_and_fit pid=1695931)[0m Fitting Client 14
[2m[36m(launch_and_fit pid=1695923)[0m Fitting Client 8
[2m[36m(launch_and_fit pid=1695929)[0m Fitting Client 10
[2m[36m(launch_and_fit pid=1695928)[0m Fitting Client 4
[2m[36m(launch_and_fit pid=1695922)[0m Fitting Client 3
[2m[36m(launch_and_fit pid=1695930)[0m Fitting Client 18
[2m[36m(launch_and_fit pid=1695928)[0m malloc_consolidate(): invalid chunk size
[2m[36m(launch_and_fit pid=1695922)[0m malloc_consolidate(): invalid chunk size
[2m[36m(launch_and_fit pid=1695929)[0m double free or corruption (fasttop)
[2m[36m(launch_and_fit pid=1695930)[0m double free or corruption (fasttop)
E0820 02:39:36.658455800 1751425 chttp2_transport.cc:1079]             ipv4:145.136.62.59:57804: Received a GOAWAY with error code ENHANCE_YOUR_CALM and debug data equal to "too_many_pings". Current keepalive time (before throttling): ∞
[2m[36m(launch_and_fit pid=1695923)[0m double free or corruption (fasttop)
INFO flwr 2023-08-20 02:40:23,484 | fed_df.py:540 | Distillation training stopped at step number : 250
INFO flwr 2023-08-20 02:40:23,485 | fed_df.py:547 | Average fusion training loss : 0.16466446071863175, val accuracy : 0.6820142285460205, best val accuracy : 0.7044241885282347
INFO flwr 2023-08-20 02:40:23,486 | common.py:35 | Avg. local train loss : 6.854469360411167, train acc : 0.8070092592592594
INFO flwr 2023-08-20 02:40:25,834 | server.py:116 | fit progress: (14, 7.302442391735598, {'server_test_acc': 0.7161559888579387}, 1296.7795541961677)
INFO flwr 2023-08-20 02:40:25,834 | server.py:163 | evaluate_round 14: no clients selected, cancel
DEBUG flwr 2023-08-20 02:40:32,114 | server.py:215 | fit_round 15: strategy sampled 8 clients (out of 20)
DEBUG flwr 2023-08-20 02:41:07,918 | server.py:229 | fit_round 15 received 8 results and 0 failures
INFO flwr 2023-08-20 02:41:08,028 | fed_df.py:365 | Warm start at round 15
INFO flwr 2023-08-20 02:41:08,117 | fed_df.py:463 | Performing server side distillation training...
[2m[36m(launch_and_fit pid=1828445)[0m Fitting Client 7
[2m[36m(launch_and_fit pid=1828449)[0m Fitting Client 5
[2m[36m(launch_and_fit pid=1828452)[0m Fitting Client 15
[2m[36m(launch_and_fit pid=1828453)[0m Fitting Client 18
[2m[36m(launch_and_fit pid=1828455)[0m Fitting Client 14
[2m[36m(launch_and_fit pid=1828454)[0m Fitting Client 1
[2m[36m(launch_and_fit pid=1828448)[0m Fitting Client 8
[2m[36m(launch_and_fit pid=1828451)[0m Fitting Client 12
[2m[36m(launch_and_fit pid=1828449)[0m malloc_consolidate(): invalid chunk size
[2m[36m(launch_and_fit pid=1828445)[0m malloc_consolidate(): invalid chunk size
[2m[36m(launch_and_fit pid=1828452)[0m malloc_consolidate(): invalid chunk size
[2m[36m(launch_and_fit pid=1828454)[0m malloc_consolidate(): invalid chunk size
[2m[36m(launch_and_fit pid=1828453)[0m malloc_consolidate(): invalid chunk size
[2m[36m(launch_and_fit pid=1828455)[0m malloc_consolidate(): invalid chunk size
[2m[36m(launch_and_fit pid=1828448)[0m double free or corruption (fasttop)
[2m[36m(launch_and_fit pid=1828451)[0m double free or corruption (fasttop)
E0820 02:41:11.640113116 1887089 chttp2_transport.cc:1079]             ipv4:145.136.62.59:57804: Received a GOAWAY with error code ENHANCE_YOUR_CALM and debug data equal to "too_many_pings". Current keepalive time (before throttling): ∞
INFO flwr 2023-08-20 02:41:55,759 | fed_df.py:540 | Distillation training stopped at step number : 250
INFO flwr 2023-08-20 02:41:55,759 | fed_df.py:547 | Average fusion training loss : 0.12697799435257912, val accuracy : 0.568830591373944, best val accuracy : 0.6100489106269453
INFO flwr 2023-08-20 02:41:55,761 | common.py:35 | Avg. local train loss : 7.394220903515816, train acc : 0.7714413580246914
INFO flwr 2023-08-20 02:41:58,131 | server.py:116 | fit progress: (15, 5.312749356081227, {'server_test_acc': 0.61991643454039}, 1389.0765885021538)
INFO flwr 2023-08-20 02:41:58,131 | server.py:163 | evaluate_round 15: no clients selected, cancel
DEBUG flwr 2023-08-20 02:42:04,254 | server.py:215 | fit_round 16: strategy sampled 8 clients (out of 20)
[2m[36m(launch_and_fit pid=1961547)[0m malloc_consolidate(): invalid chunk size
DEBUG flwr 2023-08-20 02:42:40,725 | server.py:229 | fit_round 16 received 8 results and 0 failures
INFO flwr 2023-08-20 02:42:40,866 | fed_df.py:463 | Performing server side distillation training...
[2m[36m(launch_and_fit pid=1961547)[0m Fitting Client 18
[2m[36m(launch_and_fit pid=1961531)[0m Fitting Client 11
[2m[36m(launch_and_fit pid=1961523)[0m Fitting Client 10
[2m[36m(launch_and_fit pid=1961537)[0m Fitting Client 17
[2m[36m(launch_and_fit pid=1961546)[0m Fitting Client 7
[2m[36m(launch_and_fit pid=1961548)[0m Fitting Client 9
[2m[36m(launch_and_fit pid=1961545)[0m Fitting Client 15
[2m[36m(launch_and_fit pid=1961536)[0m Fitting Client 12
[2m[36m(launch_and_fit pid=1961523)[0m double free or corruption (fasttop)
[2m[36m(launch_and_fit pid=1961537)[0m malloc_consolidate(): invalid chunk size
E0820 02:42:41.777899682 2022178 chttp2_transport.cc:1079]             ipv4:145.136.62.59:57804: Received a GOAWAY with error code ENHANCE_YOUR_CALM and debug data equal to "too_many_pings". Current keepalive time (before throttling): ∞
[2m[36m(launch_and_fit pid=1961545)[0m double free or corruption (fasttop)
[2m[36m(launch_and_fit pid=1961546)[0m malloc_consolidate(): invalid chunk size
[2m[36m(launch_and_fit pid=1961536)[0m double free or corruption (fasttop)
[2m[36m(launch_and_fit pid=1961548)[0m double free or corruption (fasttop)
[2m[36m(launch_and_fit pid=1961531)[0m malloc_consolidate(): invalid chunk size
E0820 02:43:06.378967679 2022827 chttp2_transport.cc:1079]             ipv4:145.136.62.59:57804: Received a GOAWAY with error code ENHANCE_YOUR_CALM and debug data equal to "too_many_pings". Current keepalive time (before throttling): ∞
INFO flwr 2023-08-20 02:43:28,569 | fed_df.py:540 | Distillation training stopped at step number : 250
INFO flwr 2023-08-20 02:43:28,569 | fed_df.py:547 | Average fusion training loss : 0.14480475184321404, val accuracy : 0.6228323699421965, best val accuracy : 0.6781903068030236
INFO flwr 2023-08-20 02:43:28,570 | common.py:35 | Avg. local train loss : 7.028511188179255, train acc : 0.7946296296296297
INFO flwr 2023-08-20 02:43:30,928 | server.py:116 | fit progress: (16, 2.44396040592353, {'server_test_acc': 0.6927576601671309}, 1481.873961973004)
INFO flwr 2023-08-20 02:43:30,928 | server.py:163 | evaluate_round 16: no clients selected, cancel
E0820 02:43:31.281925251 2118731 chttp2_transport.cc:1079]             ipv4:145.136.62.59:57804: Received a GOAWAY with error code ENHANCE_YOUR_CALM and debug data equal to "too_many_pings". Current keepalive time (before throttling): ∞
DEBUG flwr 2023-08-20 02:43:37,149 | server.py:215 | fit_round 17: strategy sampled 8 clients (out of 20)
DEBUG flwr 2023-08-20 02:44:12,626 | server.py:229 | fit_round 17 received 8 results and 0 failures
INFO flwr 2023-08-20 02:44:12,767 | fed_df.py:463 | Performing server side distillation training...
[2m[36m(launch_and_fit pid=2123048)[0m Fitting Client 1
[2m[36m(launch_and_fit pid=2123044)[0m Fitting Client 15
[2m[36m(launch_and_fit pid=2123046)[0m Fitting Client 9
[2m[36m(launch_and_fit pid=2123051)[0m Fitting Client 16
[2m[36m(launch_and_fit pid=2123050)[0m Fitting Client 14
[2m[36m(launch_and_fit pid=2123052)[0m Fitting Client 11
[2m[36m(launch_and_fit pid=2123047)[0m Fitting Client 0
[2m[36m(launch_and_fit pid=2123049)[0m Fitting Client 17
[2m[36m(launch_and_fit pid=2123050)[0m double free or corruption (fasttop)
[2m[36m(launch_and_fit pid=2123047)[0m malloc_consolidate(): invalid chunk size
[2m[36m(launch_and_fit pid=2123048)[0m malloc_consolidate(): invalid chunk size
[2m[36m(launch_and_fit pid=2123046)[0m double free or corruption (fasttop)
E0820 02:44:14.008630714 2119069 chttp2_transport.cc:1079]             ipv4:145.136.62.59:57804: Received a GOAWAY with error code ENHANCE_YOUR_CALM and debug data equal to "too_many_pings". Current keepalive time (before throttling): ∞
[2m[36m(launch_and_fit pid=2123052)[0m malloc_consolidate(): invalid chunk size
[2m[36m(launch_and_fit pid=2123044)[0m malloc_consolidate(): invalid chunk size
[2m[36m(launch_and_fit pid=2123051)[0m malloc_consolidate(): invalid chunk size
[2m[36m(launch_and_fit pid=2123049)[0m malloc_consolidate(): invalid chunk size
E0820 02:44:15.169525404 2181455 chttp2_transport.cc:1079]             ipv4:145.136.62.59:57804: Received a GOAWAY with error code ENHANCE_YOUR_CALM and debug data equal to "too_many_pings". Current keepalive time (before throttling): ∞
E0820 02:44:21.435657433 2182000 chttp2_transport.cc:1079]             ipv4:145.136.62.59:57804: Received a GOAWAY with error code ENHANCE_YOUR_CALM and debug data equal to "too_many_pings". Current keepalive time (before throttling): ∞
INFO flwr 2023-08-20 02:45:00,568 | fed_df.py:540 | Distillation training stopped at step number : 250
INFO flwr 2023-08-20 02:45:00,569 | fed_df.py:547 | Average fusion training loss : 0.16255302029848098, val accuracy : 0.6821920853712762, best val accuracy : 0.7036460649177412
INFO flwr 2023-08-20 02:45:00,570 | common.py:35 | Avg. local train loss : 7.199796855449677, train acc : 0.7839444444444444
INFO flwr 2023-08-20 02:45:02,973 | server.py:116 | fit progress: (17, 2.862218041672348, {'server_test_acc': 0.692200557103064}, 1573.9187752618454)
INFO flwr 2023-08-20 02:45:02,973 | server.py:163 | evaluate_round 17: no clients selected, cancel
DEBUG flwr 2023-08-20 02:45:09,149 | server.py:215 | fit_round 18: strategy sampled 8 clients (out of 20)
[2m[36m(launch_and_fit pid=2256153)[0m double free or corruption (fasttop)
DEBUG flwr 2023-08-20 02:45:44,963 | server.py:229 | fit_round 18 received 8 results and 0 failures
INFO flwr 2023-08-20 02:45:45,103 | fed_df.py:463 | Performing server side distillation training...
[2m[36m(launch_and_fit pid=2256155)[0m Fitting Client 7
[2m[36m(launch_and_fit pid=2256148)[0m Fitting Client 12
[2m[36m(launch_and_fit pid=2256154)[0m Fitting Client 19
[2m[36m(launch_and_fit pid=2256152)[0m Fitting Client 2
[2m[36m(launch_and_fit pid=2256153)[0m Fitting Client 14
[2m[36m(launch_and_fit pid=2256150)[0m Fitting Client 3
[2m[36m(launch_and_fit pid=2256149)[0m Fitting Client 16
[2m[36m(launch_and_fit pid=2256151)[0m Fitting Client 10
[2m[36m(launch_and_fit pid=2256148)[0m malloc_consolidate(): invalid chunk size
[2m[36m(launch_and_fit pid=2256151)[0m malloc_consolidate(): invalid chunk size
[2m[36m(launch_and_fit pid=2256155)[0m double free or corruption (fasttop)
[2m[36m(launch_and_fit pid=2256154)[0m corrupted size vs. prev_size in fastbins
[2m[36m(launch_and_fit pid=2256149)[0m double free or corruption (fasttop)
[2m[36m(launch_and_fit pid=2256150)[0m malloc_consolidate(): invalid chunk size
E0820 02:45:47.058459356 2192000 chttp2_transport.cc:1079]             ipv4:145.136.62.59:57804: Received a GOAWAY with error code ENHANCE_YOUR_CALM and debug data equal to "too_many_pings". Current keepalive time (before throttling): ∞
[2m[36m(launch_and_fit pid=2256152)[0m malloc_consolidate(): invalid chunk size
INFO flwr 2023-08-20 02:46:33,082 | fed_df.py:540 | Distillation training stopped at step number : 250
INFO flwr 2023-08-20 02:46:33,083 | fed_df.py:547 | Average fusion training loss : 0.14857532835006715, val accuracy : 0.6111827478879502, best val accuracy : 0.665629168519342
INFO flwr 2023-08-20 02:46:33,084 | common.py:35 | Avg. local train loss : 7.3816502712666985, train acc : 0.7745617283950619
INFO flwr 2023-08-20 02:46:35,450 | server.py:116 | fit progress: (18, 6.111099165860657, {'server_test_acc': 0.66991643454039}, 1666.3961698939092)
INFO flwr 2023-08-20 02:46:35,450 | server.py:163 | evaluate_round 18: no clients selected, cancel
DEBUG flwr 2023-08-20 02:46:41,682 | server.py:215 | fit_round 19: strategy sampled 8 clients (out of 20)
[2m[36m(launch_and_fit pid=2388819)[0m double free or corruption (fasttop)
DEBUG flwr 2023-08-20 02:47:18,010 | server.py:229 | fit_round 19 received 8 results and 0 failures
[2m[36m(launch_and_fit pid=2388860)[0m malloc_consolidate(): invalid chunk size
INFO flwr 2023-08-20 02:47:18,153 | fed_df.py:463 | Performing server side distillation training...
[2m[36m(launch_and_fit pid=2388815)[0m Fitting Client 16
[2m[36m(launch_and_fit pid=2388816)[0m Fitting Client 11
[2m[36m(launch_and_fit pid=2388820)[0m Fitting Client 1
[2m[36m(launch_and_fit pid=2388837)[0m Fitting Client 10
[2m[36m(launch_and_fit pid=2388817)[0m Fitting Client 17
[2m[36m(launch_and_fit pid=2388861)[0m Fitting Client 6
[2m[36m(launch_and_fit pid=2388860)[0m Fitting Client 8
[2m[36m(launch_and_fit pid=2388819)[0m Fitting Client 14
[2m[36m(launch_and_fit pid=2388816)[0m malloc_consolidate(): invalid chunk size
E0820 02:47:18.558463247 2313478 chttp2_transport.cc:1079]             ipv4:145.136.62.59:57804: Received a GOAWAY with error code ENHANCE_YOUR_CALM and debug data equal to "too_many_pings". Current keepalive time (before throttling): ∞
[2m[36m(launch_and_fit pid=2388820)[0m double free or corruption (fasttop)
[2m[36m(launch_and_fit pid=2388837)[0m malloc_consolidate(): invalid chunk size
[2m[36m(launch_and_fit pid=2388815)[0m double free or corruption (fasttop)
[2m[36m(launch_and_fit pid=2388861)[0m double free or corruption (fasttop)
[2m[36m(launch_and_fit pid=2388817)[0m malloc_consolidate(): invalid chunk size
INFO flwr 2023-08-20 02:48:06,009 | fed_df.py:540 | Distillation training stopped at step number : 250
INFO flwr 2023-08-20 02:48:06,010 | fed_df.py:547 | Average fusion training loss : 0.2154308584332466, val accuracy : 0.6686971987550023, best val accuracy : 0.698421520675856
INFO flwr 2023-08-20 02:48:06,011 | common.py:35 | Avg. local train loss : 6.735245390981436, train acc : 0.8131049382716049
INFO flwr 2023-08-20 02:48:08,393 | server.py:116 | fit progress: (19, 1.9189485911207278, {'server_test_acc': 0.717966573816156}, 1759.3389034648426)
INFO flwr 2023-08-20 02:48:08,393 | server.py:163 | evaluate_round 19: no clients selected, cancel
DEBUG flwr 2023-08-20 02:48:14,550 | server.py:215 | fit_round 20: strategy sampled 8 clients (out of 20)
[2m[36m(launch_and_fit pid=2521998)[0m malloc_consolidate(): invalid chunk size
DEBUG flwr 2023-08-20 02:48:50,759 | server.py:229 | fit_round 20 received 8 results and 0 failures
INFO flwr 2023-08-20 02:48:50,868 | fed_df.py:365 | Warm start at round 20
[2m[36m(launch_and_fit pid=2522003)[0m double free or corruption (fasttop)
INFO flwr 2023-08-20 02:48:50,956 | fed_df.py:463 | Performing server side distillation training...
[2m[36m(launch_and_fit pid=2521993)[0m Fitting Client 12
[2m[36m(launch_and_fit pid=2521996)[0m Fitting Client 7
[2m[36m(launch_and_fit pid=2521999)[0m Fitting Client 9
[2m[36m(launch_and_fit pid=2522003)[0m Fitting Client 0
[2m[36m(launch_and_fit pid=2522001)[0m Fitting Client 16
[2m[36m(launch_and_fit pid=2522000)[0m Fitting Client 11
[2m[36m(launch_and_fit pid=2521998)[0m Fitting Client 10
[2m[36m(launch_and_fit pid=2522002)[0m Fitting Client 5
[2m[36m(launch_and_fit pid=2521993)[0m malloc_consolidate(): invalid chunk size
[2m[36m(launch_and_fit pid=2522002)[0m double free or corruption (fasttop)
[2m[36m(launch_and_fit pid=2521996)[0m malloc_consolidate(): invalid chunk size
[2m[36m(launch_and_fit pid=2522001)[0m malloc_consolidate(): invalid chunk size
[2m[36m(launch_and_fit pid=2522000)[0m double free or corruption (fasttop)
[2m[36m(launch_and_fit pid=2521999)[0m malloc_consolidate(): invalid chunk size
E0820 02:48:54.661116623 2444355 chttp2_transport.cc:1079]             ipv4:145.136.62.59:57804: Received a GOAWAY with error code ENHANCE_YOUR_CALM and debug data equal to "too_many_pings". Current keepalive time (before throttling): ∞
E0820 02:49:27.770359708 2636185 chttp2_transport.cc:1079]             ipv4:145.136.62.59:57804: Received a GOAWAY with error code ENHANCE_YOUR_CALM and debug data equal to "too_many_pings". Current keepalive time (before throttling): ∞
INFO flwr 2023-08-20 02:49:38,701 | fed_df.py:540 | Distillation training stopped at step number : 250
INFO flwr 2023-08-20 02:49:38,701 | fed_df.py:547 | Average fusion training loss : 0.1641184585392475, val accuracy : 0.5620275678079146, best val accuracy : 0.6034904401956425
INFO flwr 2023-08-20 02:49:38,702 | common.py:35 | Avg. local train loss : 7.66963914707303, train acc : 0.7576203703703704
INFO flwr 2023-08-20 02:49:41,067 | server.py:116 | fit progress: (20, 3.140989472009345, {'server_test_acc': 0.6025069637883008}, 1852.0126569839194)
INFO flwr 2023-08-20 02:49:41,067 | server.py:163 | evaluate_round 20: no clients selected, cancel
DEBUG flwr 2023-08-20 02:49:47,188 | server.py:215 | fit_round 21: strategy sampled 8 clients (out of 20)
[2m[36m(launch_and_fit pid=2654598)[0m malloc_consolidate(): invalid chunk size
[2m[36m(launch_and_fit pid=2654593)[0m malloc_consolidate(): invalid chunk size
DEBUG flwr 2023-08-20 02:50:23,395 | server.py:229 | fit_round 21 received 8 results and 0 failures
INFO flwr 2023-08-20 02:50:23,534 | fed_df.py:463 | Performing server side distillation training...
[2m[36m(launch_and_fit pid=2654593)[0m Fitting Client 3
[2m[36m(launch_and_fit pid=2654598)[0m Fitting Client 11
[2m[36m(launch_and_fit pid=2654599)[0m Fitting Client 10
[2m[36m(launch_and_fit pid=2654597)[0m Fitting Client 2
[2m[36m(launch_and_fit pid=2654602)[0m Fitting Client 5
[2m[36m(launch_and_fit pid=2654601)[0m Fitting Client 16
[2m[36m(launch_and_fit pid=2654600)[0m Fitting Client 7
[2m[36m(launch_and_fit pid=2654596)[0m Fitting Client 12
[2m[36m(launch_and_fit pid=2654600)[0m malloc_consolidate(): invalid chunk size
[2m[36m(launch_and_fit pid=2654597)[0m malloc_consolidate(): invalid chunk size
[2m[36m(launch_and_fit pid=2654596)[0m malloc_consolidate(): invalid chunk size
E0820 02:50:24.569283897 2636963 chttp2_transport.cc:1079]             ipv4:145.136.62.59:57804: Received a GOAWAY with error code ENHANCE_YOUR_CALM and debug data equal to "too_many_pings". Current keepalive time (before throttling): ∞
[2m[36m(launch_and_fit pid=2654602)[0m malloc_consolidate(): invalid chunk size
[2m[36m(launch_and_fit pid=2654601)[0m malloc_consolidate(): invalid chunk size
[2m[36m(launch_and_fit pid=2654599)[0m malloc_consolidate(): invalid chunk size
INFO flwr 2023-08-20 02:51:11,396 | fed_df.py:540 | Distillation training stopped at step number : 250
INFO flwr 2023-08-20 02:51:11,396 | fed_df.py:547 | Average fusion training loss : 0.19332804310321808, val accuracy : 0.7002890173410404, best val accuracy : 0.7414406402845709
INFO flwr 2023-08-20 02:51:11,397 | common.py:35 | Avg. local train loss : 7.069549097865821, train acc : 0.7934228395061728
INFO flwr 2023-08-20 02:51:13,812 | server.py:116 | fit progress: (21, 4.622515665256214, {'server_test_acc': 0.6984679665738162}, 1944.7575989798643)
INFO flwr 2023-08-20 02:51:13,812 | server.py:163 | evaluate_round 21: no clients selected, cancel
DEBUG flwr 2023-08-20 02:51:20,101 | server.py:215 | fit_round 22: strategy sampled 8 clients (out of 20)
[2m[36m(launch_and_fit pid=2787931)[0m malloc_consolidate(): invalid chunk size
DEBUG flwr 2023-08-20 02:51:55,570 | server.py:229 | fit_round 22 received 8 results and 0 failures
[2m[36m(launch_and_fit pid=2787932)[0m malloc_consolidate(): invalid chunk size
INFO flwr 2023-08-20 02:51:55,711 | fed_df.py:463 | Performing server side distillation training...
[2m[36m(launch_and_fit pid=2787931)[0m Fitting Client 0
[2m[36m(launch_and_fit pid=2787924)[0m Fitting Client 12
[2m[36m(launch_and_fit pid=2787928)[0m Fitting Client 17
[2m[36m(launch_and_fit pid=2787932)[0m Fitting Client 14
[2m[36m(launch_and_fit pid=2787929)[0m Fitting Client 3
[2m[36m(launch_and_fit pid=2787934)[0m Fitting Client 19
[2m[36m(launch_and_fit pid=2787933)[0m Fitting Client 1
[2m[36m(launch_and_fit pid=2787935)[0m Fitting Client 4
[2m[36m(launch_and_fit pid=2787929)[0m double free or corruption (fasttop)
[2m[36m(launch_and_fit pid=2787924)[0m malloc_consolidate(): invalid chunk size
[2m[36m(launch_and_fit pid=2787934)[0m double free or corruption (fasttop)
E0820 02:51:57.086116426 2711412 chttp2_transport.cc:1079]             ipv4:145.136.62.59:57804: Received a GOAWAY with error code ENHANCE_YOUR_CALM and debug data equal to "too_many_pings". Current keepalive time (before throttling): ∞
[2m[36m(launch_and_fit pid=2787928)[0m malloc_consolidate(): invalid chunk size
[2m[36m(launch_and_fit pid=2787933)[0m double free or corruption (fasttop)
[2m[36m(launch_and_fit pid=2787935)[0m malloc_consolidate(): invalid chunk size
E0820 02:51:58.045068774 2846467 chttp2_transport.cc:1079]             ipv4:145.136.62.59:57804: Received a GOAWAY with error code ENHANCE_YOUR_CALM and debug data equal to "too_many_pings". Current keepalive time (before throttling): ∞
INFO flwr 2023-08-20 02:52:43,464 | fed_df.py:540 | Distillation training stopped at step number : 250
INFO flwr 2023-08-20 02:52:43,464 | fed_df.py:547 | Average fusion training loss : 0.18749114722013474, val accuracy : 0.6437972432192085, best val accuracy : 0.6725211204979991
INFO flwr 2023-08-20 02:52:43,465 | common.py:35 | Avg. local train loss : 6.933786214143038, train acc : 0.8058456790123457
INFO flwr 2023-08-20 02:52:45,821 | server.py:116 | fit progress: (22, 2.804380644662799, {'server_test_acc': 0.6871866295264624}, 2036.767433934845)
INFO flwr 2023-08-20 02:52:45,822 | server.py:163 | evaluate_round 22: no clients selected, cancel
DEBUG flwr 2023-08-20 02:52:52,078 | server.py:215 | fit_round 23: strategy sampled 8 clients (out of 20)
DEBUG flwr 2023-08-20 02:53:27,472 | server.py:229 | fit_round 23 received 8 results and 0 failures
INFO flwr 2023-08-20 02:53:27,614 | fed_df.py:463 | Performing server side distillation training...
[2m[36m(launch_and_fit pid=2920589)[0m Fitting Client 6
[2m[36m(launch_and_fit pid=2920585)[0m Fitting Client 3
[2m[36m(launch_and_fit pid=2920588)[0m Fitting Client 9
[2m[36m(launch_and_fit pid=2920587)[0m Fitting Client 19
[2m[36m(launch_and_fit pid=2920583)[0m Fitting Client 4
[2m[36m(launch_and_fit pid=2920590)[0m Fitting Client 11
[2m[36m(launch_and_fit pid=2920592)[0m Fitting Client 16
[2m[36m(launch_and_fit pid=2920591)[0m Fitting Client 17
[2m[36m(launch_and_fit pid=2920589)[0m malloc_consolidate(): invalid chunk size
[2m[36m(launch_and_fit pid=2920587)[0m malloc_consolidate(): invalid chunk size
[2m[36m(launch_and_fit pid=2920592)[0m malloc_consolidate(): invalid chunk size
[2m[36m(launch_and_fit pid=2920591)[0m malloc_consolidate(): invalid chunk size
[2m[36m(launch_and_fit pid=2920585)[0m malloc_consolidate(): invalid chunk size
[2m[36m(launch_and_fit pid=2920588)[0m double free or corruption (fasttop)
[2m[36m(launch_and_fit pid=2920590)[0m double free or corruption (fasttop)
[2m[36m(launch_and_fit pid=2920583)[0m malloc_consolidate(): invalid chunk size
E0820 02:53:29.708983556 2846912 chttp2_transport.cc:1079]             ipv4:145.136.62.59:57804: Received a GOAWAY with error code ENHANCE_YOUR_CALM and debug data equal to "too_many_pings". Current keepalive time (before throttling): ∞
E0820 02:54:08.780824500 2978449 chttp2_transport.cc:1079]             ipv4:145.136.62.59:57804: Received a GOAWAY with error code ENHANCE_YOUR_CALM and debug data equal to "too_many_pings". Current keepalive time (before throttling): ∞
INFO flwr 2023-08-20 02:54:15,205 | fed_df.py:540 | Distillation training stopped at step number : 250
INFO flwr 2023-08-20 02:54:15,205 | fed_df.py:547 | Average fusion training loss : 0.14857756155729293, val accuracy : 0.6667185415740329, best val accuracy : 0.6848599377501111
INFO flwr 2023-08-20 02:54:15,206 | common.py:35 | Avg. local train loss : 6.650182407721877, train acc : 0.8198425925925925
INFO flwr 2023-08-20 02:54:17,562 | server.py:116 | fit progress: (23, 5.678486203217573, {'server_test_acc': 0.6959610027855153}, 2128.508230768144)
INFO flwr 2023-08-20 02:54:17,563 | server.py:163 | evaluate_round 23: no clients selected, cancel
DEBUG flwr 2023-08-20 02:54:23,706 | server.py:215 | fit_round 24: strategy sampled 8 clients (out of 20)
DEBUG flwr 2023-08-20 02:54:59,214 | server.py:229 | fit_round 24 received 8 results and 0 failures
INFO flwr 2023-08-20 02:54:59,352 | fed_df.py:463 | Performing server side distillation training...
[2m[36m(launch_and_fit pid=3053484)[0m Fitting Client 4
[2m[36m(launch_and_fit pid=3053482)[0m Fitting Client 8
[2m[36m(launch_and_fit pid=3053490)[0m Fitting Client 10
[2m[36m(launch_and_fit pid=3053492)[0m Fitting Client 9
[2m[36m(launch_and_fit pid=3053491)[0m Fitting Client 15
[2m[36m(launch_and_fit pid=3053489)[0m Fitting Client 1
[2m[36m(launch_and_fit pid=3053488)[0m Fitting Client 5
[2m[36m(launch_and_fit pid=3053487)[0m Fitting Client 2
[2m[36m(launch_and_fit pid=3053488)[0m malloc_consolidate(): invalid chunk size
[2m[36m(launch_and_fit pid=3053489)[0m malloc_consolidate(): invalid chunk size
[2m[36m(launch_and_fit pid=3053482)[0m malloc_consolidate(): invalid chunk size
[2m[36m(launch_and_fit pid=3053490)[0m malloc_consolidate(): invalid chunk size
[2m[36m(launch_and_fit pid=3053484)[0m malloc_consolidate(): invalid chunk size
[2m[36m(launch_and_fit pid=3053492)[0m malloc_consolidate(): invalid chunk size
[2m[36m(launch_and_fit pid=3053487)[0m double free or corruption (fasttop)
[2m[36m(launch_and_fit pid=3053491)[0m double free or corruption (fasttop)
E0820 02:55:01.803982509 3042192 chttp2_transport.cc:1079]             ipv4:145.136.62.59:57804: Received a GOAWAY with error code ENHANCE_YOUR_CALM and debug data equal to "too_many_pings". Current keepalive time (before throttling): ∞
INFO flwr 2023-08-20 02:55:47,235 | fed_df.py:540 | Distillation training stopped at step number : 250
INFO flwr 2023-08-20 02:55:47,235 | fed_df.py:547 | Average fusion training loss : 0.12092477142810822, val accuracy : 0.6541574032903513, best val accuracy : 0.6652956869719876
INFO flwr 2023-08-20 02:55:47,236 | common.py:35 | Avg. local train loss : 7.212383747845888, train acc : 0.7871543209876543
INFO flwr 2023-08-20 02:55:49,593 | server.py:116 | fit progress: (24, 3.532895009696982, {'server_test_acc': 0.658774373259053}, 2220.5393746881746)
INFO flwr 2023-08-20 02:55:49,594 | server.py:163 | evaluate_round 24: no clients selected, cancel
DEBUG flwr 2023-08-20 02:55:55,588 | server.py:215 | fit_round 25: strategy sampled 8 clients (out of 20)
[2m[36m(launch_and_fit pid=3186130)[0m malloc_consolidate(): invalid chunk size
[2m[36m(launch_and_fit pid=3186133)[0m malloc_consolidate(): invalid chunk size
[2m[36m(launch_and_fit pid=3186138)[0m malloc_consolidate(): invalid chunk size
[2m[36m(launch_and_fit pid=3186136)[0m double free or corruption (fasttop)
DEBUG flwr 2023-08-20 02:56:32,496 | server.py:229 | fit_round 25 received 8 results and 0 failures
INFO flwr 2023-08-20 02:56:32,606 | fed_df.py:365 | Warm start at round 25
[2m[36m(launch_and_fit pid=3186137)[0m malloc_consolidate(): invalid chunk size
INFO flwr 2023-08-20 02:56:32,697 | fed_df.py:463 | Performing server side distillation training...
[2m[36m(launch_and_fit pid=3186130)[0m Fitting Client 9
[2m[36m(launch_and_fit pid=3186137)[0m Fitting Client 4
[2m[36m(launch_and_fit pid=3186138)[0m Fitting Client 15
[2m[36m(launch_and_fit pid=3186135)[0m Fitting Client 14
[2m[36m(launch_and_fit pid=3186140)[0m Fitting Client 0
[2m[36m(launch_and_fit pid=3186139)[0m Fitting Client 18
[2m[36m(launch_and_fit pid=3186136)[0m Fitting Client 6
[2m[36m(launch_and_fit pid=3186133)[0m Fitting Client 17
[2m[36m(launch_and_fit pid=3186140)[0m malloc_consolidate(): invalid chunk size
[2m[36m(launch_and_fit pid=3186139)[0m malloc_consolidate(): invalid chunk size
E0820 02:56:33.795269895 3110774 chttp2_transport.cc:1079]             ipv4:145.136.62.59:57804: Received a GOAWAY with error code ENHANCE_YOUR_CALM and debug data equal to "too_many_pings". Current keepalive time (before throttling): ∞
[2m[36m(launch_and_fit pid=3186135)[0m malloc_consolidate(): invalid chunk size
E0820 02:56:43.992498614 3257951 chttp2_transport.cc:1079]             ipv4:145.136.62.59:57804: Received a GOAWAY with error code ENHANCE_YOUR_CALM and debug data equal to "too_many_pings". Current keepalive time (before throttling): ∞
E0820 02:57:04.216583900 3258296 chttp2_transport.cc:1079]             ipv4:145.136.62.59:57804: Received a GOAWAY with error code ENHANCE_YOUR_CALM and debug data equal to "too_many_pings". Current keepalive time (before throttling): ∞
INFO flwr 2023-08-20 02:57:20,641 | fed_df.py:540 | Distillation training stopped at step number : 250
INFO flwr 2023-08-20 02:57:20,641 | fed_df.py:547 | Average fusion training loss : 0.20577355754375456, val accuracy : 0.6280569141840818, best val accuracy : 0.6638506002667852
INFO flwr 2023-08-20 02:57:20,642 | common.py:35 | Avg. local train loss : 6.576701804995538, train acc : 0.8277438271604937
INFO flwr 2023-08-20 02:57:23,119 | server.py:116 | fit progress: (25, 3.0353768508082313, {'server_test_acc': 0.688857938718663}, 2314.0647873571143)
INFO flwr 2023-08-20 02:57:23,119 | server.py:163 | evaluate_round 25: no clients selected, cancel
DEBUG flwr 2023-08-20 02:57:29,418 | server.py:215 | fit_round 26: strategy sampled 8 clients (out of 20)
DEBUG flwr 2023-08-20 02:58:04,876 | server.py:229 | fit_round 26 received 8 results and 0 failures
INFO flwr 2023-08-20 02:58:05,018 | fed_df.py:463 | Performing server side distillation training...
[2m[36m(launch_and_fit pid=3319258)[0m Fitting Client 6
[2m[36m(launch_and_fit pid=3319252)[0m Fitting Client 12
[2m[36m(launch_and_fit pid=3319256)[0m Fitting Client 15
[2m[36m(launch_and_fit pid=3319254)[0m Fitting Client 13
[2m[36m(launch_and_fit pid=3319259)[0m Fitting Client 9
[2m[36m(launch_and_fit pid=3319257)[0m Fitting Client 1
[2m[36m(launch_and_fit pid=3319261)[0m Fitting Client 8
[2m[36m(launch_and_fit pid=3319260)[0m Fitting Client 5
[2m[36m(launch_and_fit pid=3319257)[0m malloc_consolidate(): invalid chunk size
[2m[36m(launch_and_fit pid=3319261)[0m malloc_consolidate(): invalid chunk size
[2m[36m(launch_and_fit pid=3319258)[0m double free or corruption (fasttop)
[2m[36m(launch_and_fit pid=3319254)[0m malloc_consolidate(): invalid chunk size
[2m[36m(launch_and_fit pid=3319259)[0m malloc_consolidate(): invalid chunk size
[2m[36m(launch_and_fit pid=3319252)[0m malloc_consolidate(): invalid chunk size
[2m[36m(launch_and_fit pid=3319260)[0m malloc_consolidate(): invalid chunk size
[2m[36m(launch_and_fit pid=3319256)[0m double free or corruption (fasttop)
E0820 02:58:07.240035480 3379357 chttp2_transport.cc:1079]             ipv4:145.136.62.59:57804: Received a GOAWAY with error code ENHANCE_YOUR_CALM and debug data equal to "too_many_pings". Current keepalive time (before throttling): ∞
E0820 02:58:50.069693694 3380005 chttp2_transport.cc:1079]             ipv4:145.136.62.59:57804: Received a GOAWAY with error code ENHANCE_YOUR_CALM and debug data equal to "too_many_pings". Current keepalive time (before throttling): ∞
INFO flwr 2023-08-20 02:58:53,610 | fed_df.py:540 | Distillation training stopped at step number : 250
INFO flwr 2023-08-20 02:58:53,611 | fed_df.py:547 | Average fusion training loss : 0.13734996861219406, val accuracy : 0.6614495331258338, best val accuracy : 0.7007558915073366
INFO flwr 2023-08-20 02:58:53,612 | common.py:35 | Avg. local train loss : 6.692767921835183, train acc : 0.8186851851851852
INFO flwr 2023-08-20 02:58:55,935 | server.py:116 | fit progress: (26, 3.422605813911034, {'server_test_acc': 0.6693593314763231}, 2406.881103714928)
INFO flwr 2023-08-20 02:58:55,935 | server.py:163 | evaluate_round 26: no clients selected, cancel
DEBUG flwr 2023-08-20 02:59:01,926 | server.py:215 | fit_round 27: strategy sampled 8 clients (out of 20)
[2m[36m(launch_and_fit pid=3477223)[0m malloc_consolidate(): invalid chunk size
DEBUG flwr 2023-08-20 02:59:38,055 | server.py:229 | fit_round 27 received 8 results and 0 failures
INFO flwr 2023-08-20 02:59:38,196 | fed_df.py:463 | Performing server side distillation training...
[2m[36m(launch_and_fit pid=3477189)[0m Fitting Client 3
[2m[36m(launch_and_fit pid=3477225)[0m Fitting Client 13
[2m[36m(launch_and_fit pid=3477222)[0m Fitting Client 15
[2m[36m(launch_and_fit pid=3477224)[0m Fitting Client 8
[2m[36m(launch_and_fit pid=3477268)[0m Fitting Client 18
[2m[36m(launch_and_fit pid=3477223)[0m Fitting Client 14
[2m[36m(launch_and_fit pid=3477417)[0m Fitting Client 4
[2m[36m(launch_and_fit pid=3477426)[0m Fitting Client 6
[2m[36m(launch_and_fit pid=3477225)[0m malloc_consolidate(): invalid chunk size
[2m[36m(launch_and_fit pid=3477268)[0m malloc_consolidate(): invalid chunk size
E0820 02:59:38.907719323 3534754 chttp2_transport.cc:1079]             ipv4:145.136.62.59:57804: Received a GOAWAY with error code ENHANCE_YOUR_CALM and debug data equal to "too_many_pings". Current keepalive time (before throttling): ∞
[2m[36m(launch_and_fit pid=3477222)[0m malloc_consolidate(): invalid chunk size
[2m[36m(launch_and_fit pid=3477224)[0m malloc_consolidate(): invalid chunk size
[2m[36m(launch_and_fit pid=3477417)[0m malloc_consolidate(): invalid chunk size
[2m[36m(launch_and_fit pid=3477189)[0m double free or corruption (fasttop)
E0820 02:59:39.430212098 3535157 chttp2_transport.cc:1079]             ipv4:145.136.62.59:57804: Received a GOAWAY with error code ENHANCE_YOUR_CALM and debug data equal to "too_many_pings". Current keepalive time (before throttling): ∞
[2m[36m(launch_and_fit pid=3477426)[0m malloc_consolidate(): invalid chunk size
E0820 03:00:05.088508369 3577083 chttp2_transport.cc:1079]             ipv4:145.136.62.59:57804: Received a GOAWAY with error code ENHANCE_YOUR_CALM and debug data equal to "too_many_pings". Current keepalive time (before throttling): ∞
INFO flwr 2023-08-20 03:00:26,270 | fed_df.py:540 | Distillation training stopped at step number : 250
INFO flwr 2023-08-20 03:00:26,270 | fed_df.py:547 | Average fusion training loss : 0.26387912487983706, val accuracy : 0.6937305469097377, best val accuracy : 0.7318808359270788
INFO flwr 2023-08-20 03:00:26,271 | common.py:35 | Avg. local train loss : 6.175732342526316, train acc : 0.8499444444444445
INFO flwr 2023-08-20 03:00:28,619 | server.py:116 | fit progress: (27, 4.269661446002865, {'server_test_acc': 0.7284122562674095}, 2499.564936188981)
INFO flwr 2023-08-20 03:00:28,619 | server.py:163 | evaluate_round 27: no clients selected, cancel
DEBUG flwr 2023-08-20 03:00:34,511 | server.py:215 | fit_round 28: strategy sampled 8 clients (out of 20)
DEBUG flwr 2023-08-20 03:01:11,443 | server.py:229 | fit_round 28 received 8 results and 0 failures
INFO flwr 2023-08-20 03:01:11,583 | fed_df.py:463 | Performing server side distillation training...
[2m[36m(launch_and_fit pid=3614048)[0m Fitting Client 9
[2m[36m(launch_and_fit pid=3614050)[0m Fitting Client 8
[2m[36m(launch_and_fit pid=3614049)[0m Fitting Client 14
[2m[36m(launch_and_fit pid=3614040)[0m Fitting Client 7
[2m[36m(launch_and_fit pid=3614042)[0m Fitting Client 15
[2m[36m(launch_and_fit pid=3614045)[0m Fitting Client 3
[2m[36m(launch_and_fit pid=3614047)[0m Fitting Client 13
[2m[36m(launch_and_fit pid=3614051)[0m Fitting Client 11
[2m[36m(launch_and_fit pid=3614050)[0m double free or corruption (fasttop)
[2m[36m(launch_and_fit pid=3614047)[0m malloc_consolidate(): invalid chunk size
[2m[36m(launch_and_fit pid=3614040)[0m malloc_consolidate(): invalid chunk size
[2m[36m(launch_and_fit pid=3614045)[0m double free or corruption (fasttop)
[2m[36m(launch_and_fit pid=3614048)[0m double free or corruption (fasttop)
[2m[36m(launch_and_fit pid=3614049)[0m malloc_consolidate(): invalid chunk size
E0820 03:01:12.967270944 3577889 chttp2_transport.cc:1079]             ipv4:145.136.62.59:57804: Received a GOAWAY with error code ENHANCE_YOUR_CALM and debug data equal to "too_many_pings". Current keepalive time (before throttling): ∞
[2m[36m(launch_and_fit pid=3614051)[0m malloc_consolidate(): invalid chunk size
[2m[36m(launch_and_fit pid=3614042)[0m malloc_consolidate(): invalid chunk size
E0820 03:01:25.109646320 3688291 chttp2_transport.cc:1079]             ipv4:145.136.62.59:57804: Received a GOAWAY with error code ENHANCE_YOUR_CALM and debug data equal to "too_many_pings". Current keepalive time (before throttling): ∞
INFO flwr 2023-08-20 03:01:59,894 | fed_df.py:540 | Distillation training stopped at step number : 250
INFO flwr 2023-08-20 03:01:59,895 | fed_df.py:547 | Average fusion training loss : 0.09994715267419815, val accuracy : 0.6872832369942197, best val accuracy : 0.7203201422854602
INFO flwr 2023-08-20 03:01:59,896 | common.py:35 | Avg. local train loss : 6.765954317897559, train acc : 0.8140648148148149
INFO flwr 2023-08-20 03:02:02,345 | server.py:116 | fit progress: (28, 4.0425945766789, {'server_test_acc': 0.6188022284122563}, 2593.290536609944)
INFO flwr 2023-08-20 03:02:02,345 | server.py:163 | evaluate_round 28: no clients selected, cancel
DEBUG flwr 2023-08-20 03:02:08,405 | server.py:215 | fit_round 29: strategy sampled 8 clients (out of 20)
[2m[36m(launch_and_fit pid=3747218)[0m malloc_consolidate(): invalid chunk size
DEBUG flwr 2023-08-20 03:02:43,972 | server.py:229 | fit_round 29 received 8 results and 0 failures
[2m[36m(launch_and_fit pid=3747230)[0m double free or corruption (fasttop)
INFO flwr 2023-08-20 03:02:44,113 | fed_df.py:463 | Performing server side distillation training...
[2m[36m(launch_and_fit pid=3747218)[0m Fitting Client 18
[2m[36m(launch_and_fit pid=3747213)[0m Fitting Client 2
[2m[36m(launch_and_fit pid=3747229)[0m Fitting Client 3
[2m[36m(launch_and_fit pid=3747220)[0m Fitting Client 16
[2m[36m(launch_and_fit pid=3747227)[0m Fitting Client 13
[2m[36m(launch_and_fit pid=3747228)[0m Fitting Client 15
[2m[36m(launch_and_fit pid=3747231)[0m Fitting Client 10
[2m[36m(launch_and_fit pid=3747230)[0m Fitting Client 14
[2m[36m(launch_and_fit pid=3747213)[0m double free or corruption (fasttop)
[2m[36m(launch_and_fit pid=3747228)[0m double free or corruption (fasttop)
[2m[36m(launch_and_fit pid=3747229)[0m malloc_consolidate(): invalid chunk size
[2m[36m(launch_and_fit pid=3747220)[0m malloc_consolidate(): invalid chunk size
[2m[36m(launch_and_fit pid=3747227)[0m malloc_consolidate(): invalid chunk size
[2m[36m(launch_and_fit pid=3747231)[0m malloc_consolidate(): invalid chunk size
INFO flwr 2023-08-20 03:03:32,466 | fed_df.py:540 | Distillation training stopped at step number : 250
INFO flwr 2023-08-20 03:03:32,466 | fed_df.py:547 | Average fusion training loss : 0.1612461713552475, val accuracy : 0.6753445975989328, best val accuracy : 0.7014228546020453
INFO flwr 2023-08-20 03:03:32,467 | common.py:35 | Avg. local train loss : 6.32194965928793, train acc : 0.8413549382716049
INFO flwr 2023-08-20 03:03:34,813 | server.py:116 | fit progress: (29, 5.276427693088075, {'server_test_acc': 0.7165738161559888}, 2685.758599207271)
INFO flwr 2023-08-20 03:03:34,813 | server.py:163 | evaluate_round 29: no clients selected, cancel
DEBUG flwr 2023-08-20 03:03:40,779 | server.py:215 | fit_round 30: strategy sampled 8 clients (out of 20)
DEBUG flwr 2023-08-20 03:04:17,728 | server.py:229 | fit_round 30 received 8 results and 0 failures
INFO flwr 2023-08-20 03:04:17,837 | fed_df.py:365 | Warm start at round 30
INFO flwr 2023-08-20 03:04:17,927 | fed_df.py:463 | Performing server side distillation training...
[2m[36m(launch_and_fit pid=3879856)[0m double free or corruption (fasttop)
[2m[36m(launch_and_fit pid=3879853)[0m Fitting Client 14
[2m[36m(launch_and_fit pid=3879856)[0m Fitting Client 10
[2m[36m(launch_and_fit pid=3879858)[0m Fitting Client 19
[2m[36m(launch_and_fit pid=3879852)[0m Fitting Client 4
[2m[36m(launch_and_fit pid=3879857)[0m Fitting Client 2
[2m[36m(launch_and_fit pid=3879862)[0m Fitting Client 9
[2m[36m(launch_and_fit pid=3879861)[0m Fitting Client 18
[2m[36m(launch_and_fit pid=3879863)[0m Fitting Client 8
[2m[36m(launch_and_fit pid=3879858)[0m malloc_consolidate(): invalid chunk size
[2m[36m(launch_and_fit pid=3879862)[0m malloc_consolidate(): invalid chunk size
E0820 03:04:18.750029922 3933861 chttp2_transport.cc:1079]             ipv4:145.136.62.59:57804: Received a GOAWAY with error code ENHANCE_YOUR_CALM and debug data equal to "too_many_pings". Current keepalive time (before throttling): ∞
[2m[36m(launch_and_fit pid=3879852)[0m malloc_consolidate(): invalid chunk size
[2m[36m(launch_and_fit pid=3879857)[0m malloc_consolidate(): invalid chunk size
[2m[36m(launch_and_fit pid=3879853)[0m double free or corruption (fasttop)
[2m[36m(launch_and_fit pid=3879861)[0m malloc_consolidate(): invalid chunk size
[2m[36m(launch_and_fit pid=3879863)[0m double free or corruption (fasttop)
INFO flwr 2023-08-20 03:05:05,974 | fed_df.py:540 | Distillation training stopped at step number : 250
INFO flwr 2023-08-20 03:05:05,974 | fed_df.py:547 | Average fusion training loss : 0.12265878221392632, val accuracy : 0.7224766562916851, best val accuracy : 0.7580035571365051
INFO flwr 2023-08-20 03:05:05,975 | common.py:35 | Avg. local train loss : 6.459527968987823, train acc : 0.8372407407407408
INFO flwr 2023-08-20 03:05:08,346 | server.py:116 | fit progress: (30, 3.034367077729164, {'server_test_acc': 0.7362116991643454}, 2779.29164776206)
INFO flwr 2023-08-20 03:05:08,346 | server.py:163 | evaluate_round 30: no clients selected, cancel
INFO flwr 2023-08-20 03:05:08,346 | server.py:144 | FL finished in 2779.292027915828
INFO flwr 2023-08-20 03:05:08,346 | app.py:202 | app_fit: losses_distributed []
INFO flwr 2023-08-20 03:05:08,347 | app.py:203 | app_fit: metrics_distributed {}
INFO flwr 2023-08-20 03:05:08,348 | app.py:204 | app_fit: losses_centralized [(0, 2.192614644616427), (1, 1.9225023617651469), (2, 1.567119889538268), (3, 1.698367268926254), (4, 2.8753901690493717), (5, 2.8915471799526373), (6, 2.615274294505212), (7, 3.7326437903645977), (8, 1.4206488214827513), (9, 5.2002278213713495), (10, 2.2009877231459765), (11, 4.807448774991261), (12, 8.250379263126087), (13, 8.728051659788594), (14, 7.302442391735598), (15, 5.312749356081227), (16, 2.44396040592353), (17, 2.862218041672348), (18, 6.111099165860657), (19, 1.9189485911207278), (20, 3.140989472009345), (21, 4.622515665256214), (22, 2.804380644662799), (23, 5.678486203217573), (24, 3.532895009696982), (25, 3.0353768508082313), (26, 3.422605813911034), (27, 4.269661446002865), (28, 4.0425945766789), (29, 5.276427693088075), (30, 3.034367077729164)]
INFO flwr 2023-08-20 03:05:08,348 | app.py:205 | app_fit: metrics_centralized {'server_test_acc': [(0, 0.18704735376044568), (1, 0.516991643454039), (2, 0.5667130919220056), (3, 0.6245125348189415), (4, 0.7552924791086351), (5, 0.4735376044568245), (6, 0.6142061281337048), (7, 0.5466573816155988), (8, 0.6816155988857938), (9, 0.5697771587743733), (10, 0.6006963788300835), (11, 0.5799442896935934), (12, 0.7100278551532033), (13, 0.6639275766016713), (14, 0.7161559888579387), (15, 0.61991643454039), (16, 0.6927576601671309), (17, 0.692200557103064), (18, 0.66991643454039), (19, 0.717966573816156), (20, 0.6025069637883008), (21, 0.6984679665738162), (22, 0.6871866295264624), (23, 0.6959610027855153), (24, 0.658774373259053), (25, 0.688857938718663), (26, 0.6693593314763231), (27, 0.7284122562674095), (28, 0.6188022284122563), (29, 0.7165738161559888), (30, 0.7362116991643454)]}
malloc_consolidate(): invalid chunk size
srun: error: gcn59: task 0: Aborted
srun: Terminating StepId=3425373.1
-----EXPERIMENT ENDS-----
-----CLEANING UP DISK------
-----END-----

JOB STATISTICS
==============
Job ID: 3425373
Cluster: snellius
User/Group: sunnys/sunnys
State: COMPLETED (exit code 0)
Nodes: 1
Cores per node: 18
CPU Utilized: 02:00:47
CPU Efficiency: 13.07% of 15:24:18 core-walltime
Job Wall-clock time: 00:51:21
Memory Utilized: 54.24 GB
Memory Efficiency: 45.20% of 120.00 GB
