-----BEGIN-----
-----SETTINGS-----
TOTAL CROPS:5000
STRATEGY:feddf
MODEL_NAME:resnet8
NUM_CLIENTS:20
NUM_ROUNDS:30
FRACTION_FIT:0.4
FRACTION_EVALUATE:0.0
DATASET_NAME:pathmnist
PARTITION_ALPHA:1.0
PARTITION_VAL_RATIO:0.1
BATCH_SIZE:512
LOCAL_EPOCHS:10
LOCAL_LR:0.01
DISTILL_BATCH_SIZE:512
SERVER_LR:0.005
SERVER_STEPS:250
SERVER_EARLY_STEPS:1000
USE_EARLY_STOPPING:False
USE_ADAPTIVE_LR:False
USE_ADAPTIVE_LR_ROUND:False
SEED:42
CUDA_DETERMINISTIC:False
USE_CROPS:True
IMG_NAME:colonpath_sample.jpg
DISTILL_DATASET:organamnist
DISTILL_ALPHA:1.0
NUM_DISTILL_IMAGES:5000
DISTILL_TRANSFORMS:v0
WARM_START:True
WARM_START_ROUNDS:1
WARM_START_INTERVAL:5
KMEANS_N_CLUSTER:1000
KMEANS_HEURISTICS:hard
KMEANS_MIXED_FACTOR:50-50
KMEANS_BALANCING:1.0
CONFIDENCE_THRESHOLD:0.9
CONFIDENCE_STRATEGY:top
CONFIDENCE_ADAPTIVE:False
CONFIDENCE_MAX_THRESH:0.5
CLIPPING_FACTOR:2.5
FEDPROX_FACTOR:0.0
FEDPROX_ADAPTIVE:False
USE_CLIPPING:True
USE_ENTROPY:False
USE_KMEANS:False
USE_FEDPROX:False
-----SETTINGS END-----
-----EXPERIMENT BEGINS-----
---------
Generating crops for FedDF
Namespace(img_size=32, batch_size=32, num_imgs=5000, threads=18, vflip=False, deg=30, shear=30, cropfirst=True, initcrop=0.5, scale=[500, 1], randinterp=False, debug=False, imgpath='./static/single_images/colonpath_sample.jpg', targetpath='/scratch-local/sunnys.3425368/1692490641_951255352', seed=42, img_per_thread=277)
will save 5000 patches in /scratch-local/sunnys.3425368/1692490641_951255352/single_img_crops/crops
5000 took 0.05min with 18 threads
---------
Simulating feddf training
INFO simulate 2023-08-20 02:17:39,490 | simulate.py:50 | Python script started : simulate.py
DEBUG simulate 2023-08-20 02:17:39,491 | simulate.py:55 | Reading args from argument parser
Downloading https://zenodo.org/record/6496656/files/pathmnist.npz?download=1 to /scratch-local/sunnys.3425368/1692490641_951255352/pathmnist.npz
Generating unified pathmnist dataset
Class histogram for 0-th partition (alpha=1.0, 9 classes): [ 797  772  834   92   22  456  457 1046   24]
INFO flwr 2023-08-20 02:18:00,768 | app.py:145 | Starting Flower simulation, config: ServerConfig(num_rounds=30, round_timeout=None)
2023-08-20 02:18:03,381	INFO worker.py:1529 -- Started a local Ray instance. View the dashboard at [1m[32m127.0.0.1:8265 [39m[22m
INFO flwr 2023-08-20 02:18:04,547 | app.py:179 | Flower VCE: Ray initialized with resources: {'node:145.136.62.18': 1.0, 'CPU': 18.0, 'object_store_memory': 61847529062.0, 'GPU': 1.0, 'memory': 103079215104.0, 'accelerator_type:A100': 1.0}
INFO flwr 2023-08-20 02:18:04,547 | server.py:86 | Initializing global parameters
INFO flwr 2023-08-20 02:18:04,547 | server.py:266 | Using initial parameters provided by strategy
INFO flwr 2023-08-20 02:18:04,547 | server.py:88 | Evaluating initial parameters
INFO flwr 2023-08-20 02:18:14,461 | server.py:91 | initial parameters (loss, other metrics): 2.1845225108367154, {'server_test_acc': 0.11030640668523677}
INFO flwr 2023-08-20 02:18:14,461 | server.py:101 | FL starting
DEBUG flwr 2023-08-20 02:18:17,906 | server.py:215 | fit_round 1: strategy sampled 8 clients (out of 20)
[2m[36m(launch_and_fit pid=3554341)[0m malloc_consolidate(): invalid chunk size
DEBUG flwr 2023-08-20 02:18:52,348 | server.py:229 | fit_round 1 received 8 results and 0 failures
[2m[36m(launch_and_fit pid=3554334)[0m malloc_consolidate(): invalid chunk size
INFO flwr 2023-08-20 02:18:52,455 | fed_df.py:365 | Warm start at round 1
INFO flwr 2023-08-20 02:18:52,550 | fed_df.py:463 | Performing server side distillation training...
[2m[36m(launch_and_fit pid=3554339)[0m Fitting Client 2
[2m[36m(launch_and_fit pid=3554340)[0m Fitting Client 12
[2m[36m(launch_and_fit pid=3554334)[0m Fitting Client 11
[2m[36m(launch_and_fit pid=3554319)[0m Fitting Client 14
[2m[36m(launch_and_fit pid=3554341)[0m Fitting Client 5
[2m[36m(launch_and_fit pid=3554318)[0m Fitting Client 3
[2m[36m(launch_and_fit pid=3554325)[0m Fitting Client 8
[2m[36m(launch_and_fit pid=3554335)[0m Fitting Client 13
[2m[36m(launch_and_fit pid=3554325)[0m malloc_consolidate(): invalid chunk size
[2m[36m(launch_and_fit pid=3554319)[0m malloc_consolidate(): invalid chunk size
E0820 02:18:53.392192746 3550211 chttp2_transport.cc:1079]             ipv4:145.136.62.18:41303: Received a GOAWAY with error code ENHANCE_YOUR_CALM and debug data equal to "too_many_pings". Current keepalive time (before throttling): 60000ms
[2m[36m(launch_and_fit pid=3554340)[0m malloc_consolidate(): invalid chunk size
[2m[36m(launch_and_fit pid=3554335)[0m double free or corruption (fasttop)
[2m[36m(launch_and_fit pid=3554339)[0m double free or corruption (fasttop)
[2m[36m(launch_and_fit pid=3554318)[0m malloc_consolidate(): invalid chunk size
E0820 02:18:54.682604440 3582000 chttp2_transport.cc:1079]             ipv4:145.136.62.18:41303: Received a GOAWAY with error code ENHANCE_YOUR_CALM and debug data equal to "too_many_pings". Current keepalive time (before throttling): 120000ms
INFO flwr 2023-08-20 02:19:32,344 | fed_df.py:540 | Distillation training stopped at step number : 250
INFO flwr 2023-08-20 02:19:32,347 | fed_df.py:547 | Average fusion training loss : 0.07795080254971981, val accuracy : 0.43770564695420183, best val accuracy : 0.4836594041796354
INFO flwr 2023-08-20 02:19:32,348 | common.py:35 | Avg. local train loss : 8.539815223962067, train acc : 0.7041296296296298
INFO flwr 2023-08-20 02:19:34,448 | server.py:116 | fit progress: (1, 2.175082012006499, {'server_test_acc': 0.4277158774373259}, 79.98671206831932)
INFO flwr 2023-08-20 02:19:34,448 | server.py:163 | evaluate_round 1: no clients selected, cancel
DEBUG flwr 2023-08-20 02:19:37,673 | server.py:215 | fit_round 2: strategy sampled 8 clients (out of 20)
[2m[36m(launch_and_fit pid=3621719)[0m malloc_consolidate(): invalid chunk size
[2m[36m(launch_and_fit pid=3621723)[0m malloc_consolidate(): invalid chunk size
[2m[36m(launch_and_fit pid=3621722)[0m malloc_consolidate(): invalid chunk size
DEBUG flwr 2023-08-20 02:20:12,370 | server.py:229 | fit_round 2 received 8 results and 0 failures
INFO flwr 2023-08-20 02:20:12,511 | fed_df.py:463 | Performing server side distillation training...
[2m[36m(launch_and_fit pid=3621722)[0m Fitting Client 7
[2m[36m(launch_and_fit pid=3621714)[0m Fitting Client 6
[2m[36m(launch_and_fit pid=3621720)[0m Fitting Client 5
[2m[36m(launch_and_fit pid=3621719)[0m Fitting Client 2
[2m[36m(launch_and_fit pid=3621725)[0m Fitting Client 17
[2m[36m(launch_and_fit pid=3621723)[0m Fitting Client 15
[2m[36m(launch_and_fit pid=3621724)[0m Fitting Client 19
[2m[36m(launch_and_fit pid=3621716)[0m Fitting Client 8
[2m[36m(launch_and_fit pid=3621720)[0m double free or corruption (fasttop)
[2m[36m(launch_and_fit pid=3621716)[0m double free or corruption (fasttop)
[2m[36m(launch_and_fit pid=3621714)[0m double free or corruption (fasttop)
[2m[36m(launch_and_fit pid=3621725)[0m malloc_consolidate(): invalid chunk size
[2m[36m(launch_and_fit pid=3621724)[0m malloc_consolidate(): invalid chunk size
INFO flwr 2023-08-20 02:20:52,381 | fed_df.py:540 | Distillation training stopped at step number : 250
INFO flwr 2023-08-20 02:20:52,381 | fed_df.py:547 | Average fusion training loss : 0.12362135118246079, val accuracy : 0.5095598043574923, best val accuracy : 0.5957092040907069
INFO flwr 2023-08-20 02:20:52,382 | common.py:35 | Avg. local train loss : 7.609758441150188, train acc : 0.761682098765432
INFO flwr 2023-08-20 02:20:54,480 | server.py:116 | fit progress: (2, 2.1000627185640894, {'server_test_acc': 0.6274373259052924}, 160.01883804704994)
INFO flwr 2023-08-20 02:20:54,480 | server.py:163 | evaluate_round 2: no clients selected, cancel
DEBUG flwr 2023-08-20 02:20:57,775 | server.py:215 | fit_round 3: strategy sampled 8 clients (out of 20)
[2m[36m(launch_and_fit pid=3688815)[0m malloc_consolidate(): invalid chunk size
DEBUG flwr 2023-08-20 02:21:31,490 | server.py:229 | fit_round 3 received 8 results and 0 failures
[2m[36m(launch_and_fit pid=3688807)[0m malloc_consolidate(): invalid chunk size
INFO flwr 2023-08-20 02:21:31,632 | fed_df.py:463 | Performing server side distillation training...
[2m[36m(launch_and_fit pid=3688812)[0m Fitting Client 10
[2m[36m(launch_and_fit pid=3688814)[0m Fitting Client 1
[2m[36m(launch_and_fit pid=3688809)[0m Fitting Client 8
[2m[36m(launch_and_fit pid=3688807)[0m Fitting Client 7
[2m[36m(launch_and_fit pid=3688813)[0m Fitting Client 3
[2m[36m(launch_and_fit pid=3688815)[0m Fitting Client 13
[2m[36m(launch_and_fit pid=3688816)[0m Fitting Client 0
[2m[36m(launch_and_fit pid=3688811)[0m Fitting Client 17
[2m[36m(launch_and_fit pid=3688812)[0m double free or corruption (fasttop)
[2m[36m(launch_and_fit pid=3688809)[0m double free or corruption (fasttop)
[2m[36m(launch_and_fit pid=3688811)[0m malloc_consolidate(): invalid chunk size
[2m[36m(launch_and_fit pid=3688816)[0m malloc_consolidate(): invalid chunk size
[2m[36m(launch_and_fit pid=3688813)[0m malloc_consolidate(): invalid chunk size
[2m[36m(launch_and_fit pid=3688814)[0m malloc_consolidate(): invalid chunk size
E0820 02:21:33.944442402 3715889 chttp2_transport.cc:1079]             ipv4:145.136.62.18:41303: Received a GOAWAY with error code ENHANCE_YOUR_CALM and debug data equal to "too_many_pings". Current keepalive time (before throttling): 240000ms
INFO flwr 2023-08-20 02:22:11,887 | fed_df.py:540 | Distillation training stopped at step number : 250
INFO flwr 2023-08-20 02:22:11,887 | fed_df.py:547 | Average fusion training loss : 0.13766076335310937, val accuracy : 0.5364161849710982, best val accuracy : 0.5573588261449534
INFO flwr 2023-08-20 02:22:11,889 | common.py:35 | Avg. local train loss : 7.877360542863607, train acc : 0.7382067901234567
INFO flwr 2023-08-20 02:22:13,987 | server.py:116 | fit progress: (3, 1.959773781970351, {'server_test_acc': 0.44122562674094706}, 239.5251802513376)
INFO flwr 2023-08-20 02:22:13,987 | server.py:163 | evaluate_round 3: no clients selected, cancel
DEBUG flwr 2023-08-20 02:22:17,268 | server.py:215 | fit_round 4: strategy sampled 8 clients (out of 20)
[2m[36m(launch_and_fit pid=3755834)[0m malloc_consolidate(): invalid chunk size
DEBUG flwr 2023-08-20 02:22:51,301 | server.py:229 | fit_round 4 received 8 results and 0 failures
[2m[36m(launch_and_fit pid=3755839)[0m malloc_consolidate(): invalid chunk size
INFO flwr 2023-08-20 02:22:51,446 | fed_df.py:463 | Performing server side distillation training...
[2m[36m(launch_and_fit pid=3755834)[0m Fitting Client 10
[2m[36m(launch_and_fit pid=3755836)[0m Fitting Client 12
[2m[36m(launch_and_fit pid=3755840)[0m Fitting Client 14
[2m[36m(launch_and_fit pid=3755842)[0m Fitting Client 11
[2m[36m(launch_and_fit pid=3755837)[0m Fitting Client 8
[2m[36m(launch_and_fit pid=3755839)[0m Fitting Client 6
[2m[36m(launch_and_fit pid=3755838)[0m Fitting Client 2
[2m[36m(launch_and_fit pid=3755841)[0m Fitting Client 9
[2m[36m(launch_and_fit pid=3755842)[0m double free or corruption (fasttop)
[2m[36m(launch_and_fit pid=3755837)[0m malloc_consolidate(): invalid chunk size
E0820 02:22:52.297237707 3716360 chttp2_transport.cc:1079]             ipv4:145.136.62.18:41303: Received a GOAWAY with error code ENHANCE_YOUR_CALM and debug data equal to "too_many_pings". Current keepalive time (before throttling): 480000ms
[2m[36m(launch_and_fit pid=3755836)[0m malloc_consolidate(): invalid chunk size
[2m[36m(launch_and_fit pid=3755838)[0m malloc_consolidate(): invalid chunk size
[2m[36m(launch_and_fit pid=3755840)[0m malloc_consolidate(): invalid chunk size
[2m[36m(launch_and_fit pid=3755841)[0m malloc_consolidate(): invalid chunk size
INFO flwr 2023-08-20 02:23:31,859 | fed_df.py:540 | Distillation training stopped at step number : 250
INFO flwr 2023-08-20 02:23:31,859 | fed_df.py:547 | Average fusion training loss : 0.16479997050762177, val accuracy : 0.5436638506002669, best val accuracy : 0.5739217429968875
INFO flwr 2023-08-20 02:23:31,860 | common.py:35 | Avg. local train loss : 7.8659328520297995, train acc : 0.7472283950617283
INFO flwr 2023-08-20 02:23:34,000 | server.py:116 | fit progress: (4, 2.5177491749893655, {'server_test_acc': 0.48885793871866295}, 319.5384186981246)
INFO flwr 2023-08-20 02:23:34,000 | server.py:163 | evaluate_round 4: no clients selected, cancel
DEBUG flwr 2023-08-20 02:23:37,397 | server.py:215 | fit_round 5: strategy sampled 8 clients (out of 20)
[2m[36m(launch_and_fit pid=3822779)[0m malloc_consolidate(): invalid chunk size
DEBUG flwr 2023-08-20 02:24:11,287 | server.py:229 | fit_round 5 received 8 results and 0 failures
INFO flwr 2023-08-20 02:24:11,392 | fed_df.py:365 | Warm start at round 5
INFO flwr 2023-08-20 02:24:11,486 | fed_df.py:463 | Performing server side distillation training...
[2m[36m(launch_and_fit pid=3822779)[0m Fitting Client 10
[2m[36m(launch_and_fit pid=3822783)[0m Fitting Client 14
[2m[36m(launch_and_fit pid=3822782)[0m Fitting Client 12
[2m[36m(launch_and_fit pid=3822786)[0m Fitting Client 4
[2m[36m(launch_and_fit pid=3822781)[0m Fitting Client 6
[2m[36m(launch_and_fit pid=3822784)[0m Fitting Client 15
[2m[36m(launch_and_fit pid=3822785)[0m Fitting Client 2
[2m[36m(launch_and_fit pid=3822787)[0m Fitting Client 17
[2m[36m(launch_and_fit pid=3822785)[0m malloc_consolidate(): invalid chunk size
[2m[36m(launch_and_fit pid=3822784)[0m corrupted size vs. prev_size in fastbins
[2m[36m(launch_and_fit pid=3822783)[0m malloc_consolidate(): invalid chunk size
[2m[36m(launch_and_fit pid=3822787)[0m double free or corruption (fasttop)
E0820 02:24:13.412273726 3781659 chttp2_transport.cc:1079]             ipv4:145.136.62.18:41303: Received a GOAWAY with error code ENHANCE_YOUR_CALM and debug data equal to "too_many_pings". Current keepalive time (before throttling): 960000ms
[2m[36m(launch_and_fit pid=3822781)[0m double free or corruption (fasttop)
[2m[36m(launch_and_fit pid=3822786)[0m corrupted size vs. prev_size in fastbins
[2m[36m(launch_and_fit pid=3822782)[0m double free or corruption (fasttop)
INFO flwr 2023-08-20 02:24:52,389 | fed_df.py:540 | Distillation training stopped at step number : 250
INFO flwr 2023-08-20 02:24:52,389 | fed_df.py:547 | Average fusion training loss : 0.19568541437387466, val accuracy : 0.5548910626945309, best val accuracy : 0.6143841707425522
INFO flwr 2023-08-20 02:24:52,390 | common.py:35 | Avg. local train loss : 8.072831162810326, train acc : 0.7314629629629631
INFO flwr 2023-08-20 02:24:54,507 | server.py:116 | fit progress: (5, 2.306703720517809, {'server_test_acc': 0.6583565459610028}, 400.04554248508066)
INFO flwr 2023-08-20 02:24:54,507 | server.py:163 | evaluate_round 5: no clients selected, cancel
DEBUG flwr 2023-08-20 02:24:57,989 | server.py:215 | fit_round 6: strategy sampled 8 clients (out of 20)
[2m[36m(launch_and_fit pid=3889877)[0m double free or corruption (fasttop)
DEBUG flwr 2023-08-20 02:25:31,882 | server.py:229 | fit_round 6 received 8 results and 0 failures
[2m[36m(launch_and_fit pid=3889875)[0m malloc_consolidate(): invalid chunk size
INFO flwr 2023-08-20 02:25:32,025 | fed_df.py:463 | Performing server side distillation training...
[2m[36m(launch_and_fit pid=3889876)[0m Fitting Client 18
[2m[36m(launch_and_fit pid=3889877)[0m Fitting Client 17
[2m[36m(launch_and_fit pid=3889879)[0m Fitting Client 14
[2m[36m(launch_and_fit pid=3889878)[0m Fitting Client 8
[2m[36m(launch_and_fit pid=3889875)[0m Fitting Client 7
[2m[36m(launch_and_fit pid=3889880)[0m Fitting Client 9
[2m[36m(launch_and_fit pid=3889882)[0m Fitting Client 13
[2m[36m(launch_and_fit pid=3889881)[0m Fitting Client 6
[2m[36m(launch_and_fit pid=3889881)[0m double free or corruption (fasttop)
[2m[36m(launch_and_fit pid=3889882)[0m double free or corruption (fasttop)
E0820 02:25:32.986682529 3915803 chttp2_transport.cc:1079]             ipv4:145.136.62.18:41303: Received a GOAWAY with error code ENHANCE_YOUR_CALM and debug data equal to "too_many_pings". Current keepalive time (before throttling): 1920000ms
[2m[36m(launch_and_fit pid=3889880)[0m malloc_consolidate(): invalid chunk size
[2m[36m(launch_and_fit pid=3889879)[0m malloc_consolidate(): invalid chunk size
[2m[36m(launch_and_fit pid=3889876)[0m malloc_consolidate(): invalid chunk size
[2m[36m(launch_and_fit pid=3889878)[0m malloc_consolidate(): invalid chunk size
INFO flwr 2023-08-20 02:26:12,160 | fed_df.py:540 | Distillation training stopped at step number : 250
INFO flwr 2023-08-20 02:26:12,160 | fed_df.py:547 | Average fusion training loss : 0.1656259486079216, val accuracy : 0.6500889284126279, best val accuracy : 0.6865273454868831
INFO flwr 2023-08-20 02:26:12,162 | common.py:35 | Avg. local train loss : 7.369778107851744, train acc : 0.7777746913580247
INFO flwr 2023-08-20 02:26:14,268 | server.py:116 | fit progress: (6, 2.7794740152226187, {'server_test_acc': 0.6473537604456825}, 479.80653746891767)
INFO flwr 2023-08-20 02:26:14,268 | server.py:163 | evaluate_round 6: no clients selected, cancel
DEBUG flwr 2023-08-20 02:26:17,599 | server.py:215 | fit_round 7: strategy sampled 8 clients (out of 20)
[2m[36m(launch_and_fit pid=3956888)[0m malloc_consolidate(): invalid chunk size
DEBUG flwr 2023-08-20 02:26:51,519 | server.py:229 | fit_round 7 received 8 results and 0 failures
INFO flwr 2023-08-20 02:26:51,661 | fed_df.py:463 | Performing server side distillation training...
[2m[36m(launch_and_fit pid=3956889)[0m Fitting Client 16
[2m[36m(launch_and_fit pid=3956891)[0m Fitting Client 4
[2m[36m(launch_and_fit pid=3956888)[0m Fitting Client 11
[2m[36m(launch_and_fit pid=3956894)[0m Fitting Client 15
[2m[36m(launch_and_fit pid=3956893)[0m Fitting Client 12
[2m[36m(launch_and_fit pid=3956890)[0m Fitting Client 7
[2m[36m(launch_and_fit pid=3956895)[0m Fitting Client 0
[2m[36m(launch_and_fit pid=3956892)[0m Fitting Client 1
[2m[36m(launch_and_fit pid=3956891)[0m double free or corruption (fasttop)
[2m[36m(launch_and_fit pid=3956895)[0m double free or corruption (fasttop)
[2m[36m(launch_and_fit pid=3956893)[0m double free or corruption (fasttop)
E0820 02:26:52.669819378 3915939 chttp2_transport.cc:1079]             ipv4:145.136.62.18:41303: Received a GOAWAY with error code ENHANCE_YOUR_CALM and debug data equal to "too_many_pings". Current keepalive time (before throttling): 3840000ms
[2m[36m(launch_and_fit pid=3956889)[0m malloc_consolidate(): invalid chunk size
[2m[36m(launch_and_fit pid=3956892)[0m malloc_consolidate(): invalid chunk size
[2m[36m(launch_and_fit pid=3956890)[0m double free or corruption (fasttop)
[2m[36m(launch_and_fit pid=3956894)[0m malloc_consolidate(): invalid chunk size
INFO flwr 2023-08-20 02:27:32,197 | fed_df.py:540 | Distillation training stopped at step number : 250
INFO flwr 2023-08-20 02:27:32,197 | fed_df.py:547 | Average fusion training loss : 0.20282721728086472, val accuracy : 0.6116273899510893, best val accuracy : 0.6329479768786127
INFO flwr 2023-08-20 02:27:32,198 | common.py:35 | Avg. local train loss : 7.36580131277442, train acc : 0.775537037037037
INFO flwr 2023-08-20 02:27:34,350 | server.py:116 | fit progress: (7, 1.357541921875935, {'server_test_acc': 0.5981894150417827}, 559.8889595991932)
INFO flwr 2023-08-20 02:27:34,351 | server.py:163 | evaluate_round 7: no clients selected, cancel
DEBUG flwr 2023-08-20 02:27:37,649 | server.py:215 | fit_round 8: strategy sampled 8 clients (out of 20)
[2m[36m(launch_and_fit pid=4024497)[0m malloc_consolidate(): invalid chunk size
[2m[36m(launch_and_fit pid=4024498)[0m malloc_consolidate(): invalid chunk size
DEBUG flwr 2023-08-20 02:28:11,845 | server.py:229 | fit_round 8 received 8 results and 0 failures
INFO flwr 2023-08-20 02:28:11,989 | fed_df.py:463 | Performing server side distillation training...
[2m[36m(launch_and_fit pid=4024497)[0m Fitting Client 5
[2m[36m(launch_and_fit pid=4024496)[0m Fitting Client 3
[2m[36m(launch_and_fit pid=4024498)[0m Fitting Client 13
[2m[36m(launch_and_fit pid=4024499)[0m Fitting Client 4
[2m[36m(launch_and_fit pid=4024500)[0m Fitting Client 9
[2m[36m(launch_and_fit pid=4024503)[0m Fitting Client 2
[2m[36m(launch_and_fit pid=4024502)[0m Fitting Client 14
[2m[36m(launch_and_fit pid=4024501)[0m Fitting Client 6
[2m[36m(launch_and_fit pid=4024499)[0m malloc_consolidate(): invalid chunk size
[2m[36m(launch_and_fit pid=4024496)[0m double free or corruption (fasttop)
[2m[36m(launch_and_fit pid=4024500)[0m malloc_consolidate(): invalid chunk size
[2m[36m(launch_and_fit pid=4024502)[0m double free or corruption (fasttop)
[2m[36m(launch_and_fit pid=4024501)[0m double free or corruption (fasttop)
[2m[36m(launch_and_fit pid=4024503)[0m malloc_consolidate(): invalid chunk size
E0820 02:28:15.200998000 3983566 chttp2_transport.cc:1079]             ipv4:145.136.62.18:41303: Received a GOAWAY with error code ENHANCE_YOUR_CALM and debug data equal to "too_many_pings". Current keepalive time (before throttling): 7680000ms
INFO flwr 2023-08-20 02:28:52,324 | fed_df.py:540 | Distillation training stopped at step number : 250
INFO flwr 2023-08-20 02:28:52,325 | fed_df.py:547 | Average fusion training loss : 0.16267251312732697, val accuracy : 0.5202979101823032, best val accuracy : 0.5710315695864829
INFO flwr 2023-08-20 02:28:52,326 | common.py:35 | Avg. local train loss : 7.602312479913234, train acc : 0.7678117283950618
INFO flwr 2023-08-20 02:28:54,464 | server.py:116 | fit progress: (8, 2.568056676646793, {'server_test_acc': 0.4314763231197772}, 640.0027863150463)
INFO flwr 2023-08-20 02:28:54,464 | server.py:163 | evaluate_round 8: no clients selected, cancel
DEBUG flwr 2023-08-20 02:28:57,778 | server.py:215 | fit_round 9: strategy sampled 8 clients (out of 20)
[2m[36m(launch_and_fit pid=4091423)[0m malloc_consolidate(): invalid chunk size
DEBUG flwr 2023-08-20 02:29:31,362 | server.py:229 | fit_round 9 received 8 results and 0 failures
INFO flwr 2023-08-20 02:29:31,505 | fed_df.py:463 | Performing server side distillation training...
[2m[36m(launch_and_fit pid=4091417)[0m Fitting Client 8
[2m[36m(launch_and_fit pid=4091419)[0m Fitting Client 14
[2m[36m(launch_and_fit pid=4091418)[0m Fitting Client 16
[2m[36m(launch_and_fit pid=4091424)[0m Fitting Client 12
[2m[36m(launch_and_fit pid=4091422)[0m Fitting Client 17
[2m[36m(launch_and_fit pid=4091423)[0m Fitting Client 10
[2m[36m(launch_and_fit pid=4091420)[0m Fitting Client 3
[2m[36m(launch_and_fit pid=4091421)[0m Fitting Client 0
[2m[36m(launch_and_fit pid=4091417)[0m double free or corruption (fasttop)
E0820 02:29:32.295124557 4052886 chttp2_transport.cc:1079]             ipv4:145.136.62.18:41303: Received a GOAWAY with error code ENHANCE_YOUR_CALM and debug data equal to "too_many_pings". Current keepalive time (before throttling): 15360000ms
[2m[36m(launch_and_fit pid=4091421)[0m malloc_consolidate(): invalid chunk size
[2m[36m(launch_and_fit pid=4091418)[0m double free or corruption (fasttop)
[2m[36m(launch_and_fit pid=4091424)[0m malloc_consolidate(): invalid chunk size
[2m[36m(launch_and_fit pid=4091422)[0m malloc_consolidate(): invalid chunk size
[2m[36m(launch_and_fit pid=4091420)[0m malloc_consolidate(): invalid chunk size
E0820 02:29:33.440771350 4119993 chttp2_transport.cc:1079]             ipv4:145.136.62.18:41303: Received a GOAWAY with error code ENHANCE_YOUR_CALM and debug data equal to "too_many_pings". Current keepalive time (before throttling): 30720000ms
[2m[36m(launch_and_fit pid=4091419)[0m malloc_consolidate(): invalid chunk size
INFO flwr 2023-08-20 02:30:12,371 | fed_df.py:540 | Distillation training stopped at step number : 250
INFO flwr 2023-08-20 02:30:12,372 | fed_df.py:547 | Average fusion training loss : 0.22509804421663285, val accuracy : 0.5130947087594487, best val accuracy : 0.5611382836816363
INFO flwr 2023-08-20 02:30:12,373 | common.py:35 | Avg. local train loss : 7.640014039725065, train acc : 0.7620154320987655
INFO flwr 2023-08-20 02:30:14,475 | server.py:116 | fit progress: (9, 1.9066371644107745, {'server_test_acc': 0.5589136490250697}, 720.0132186310366)
INFO flwr 2023-08-20 02:30:14,475 | server.py:163 | evaluate_round 9: no clients selected, cancel
DEBUG flwr 2023-08-20 02:30:17,849 | server.py:215 | fit_round 10: strategy sampled 8 clients (out of 20)
[2m[36m(launch_and_fit pid=4163710)[0m double free or corruption (fasttop)
[2m[36m(launch_and_fit pid=4163720)[0m malloc_consolidate(): invalid chunk size
DEBUG flwr 2023-08-20 02:30:51,731 | server.py:229 | fit_round 10 received 8 results and 0 failures
INFO flwr 2023-08-20 02:30:51,836 | fed_df.py:365 | Warm start at round 10
INFO flwr 2023-08-20 02:30:51,932 | fed_df.py:463 | Performing server side distillation training...
[2m[36m(launch_and_fit pid=4163710)[0m Fitting Client 10
[2m[36m(launch_and_fit pid=4163712)[0m Fitting Client 9
[2m[36m(launch_and_fit pid=4163717)[0m Fitting Client 13
[2m[36m(launch_and_fit pid=4163711)[0m Fitting Client 3
[2m[36m(launch_and_fit pid=4163720)[0m Fitting Client 7
[2m[36m(launch_and_fit pid=4163709)[0m Fitting Client 8
[2m[36m(launch_and_fit pid=4163721)[0m Fitting Client 0
[2m[36m(launch_and_fit pid=4163719)[0m Fitting Client 2
[2m[36m(launch_and_fit pid=4163712)[0m malloc_consolidate(): invalid chunk size
[2m[36m(launch_and_fit pid=4163717)[0m malloc_consolidate(): invalid chunk size
[2m[36m(launch_and_fit pid=4163719)[0m malloc_consolidate(): invalid chunk size
[2m[36m(launch_and_fit pid=4163721)[0m malloc_consolidate(): invalid chunk size
[2m[36m(launch_and_fit pid=4163709)[0m malloc_consolidate(): invalid chunk size
[2m[36m(launch_and_fit pid=4163711)[0m double free or corruption (fasttop)
E0820 02:30:54.905378561     480 chttp2_transport.cc:1079]             ipv4:145.136.62.18:41303: Received a GOAWAY with error code ENHANCE_YOUR_CALM and debug data equal to "too_many_pings". Current keepalive time (before throttling): 61440000ms
INFO flwr 2023-08-20 02:31:32,676 | fed_df.py:540 | Distillation training stopped at step number : 250
INFO flwr 2023-08-20 02:31:32,676 | fed_df.py:547 | Average fusion training loss : 0.3802078052759171, val accuracy : 0.4782792352156514, best val accuracy : 0.5963761671854158
INFO flwr 2023-08-20 02:31:32,678 | common.py:35 | Avg. local train loss : 7.843668384104967, train acc : 0.7505586419753085
INFO flwr 2023-08-20 02:31:34,839 | server.py:116 | fit progress: (10, 1.9371592476507415, {'server_test_acc': 0.5370473537604457}, 800.378106944263)
INFO flwr 2023-08-20 02:31:34,840 | server.py:163 | evaluate_round 10: no clients selected, cancel
DEBUG flwr 2023-08-20 02:31:38,173 | server.py:215 | fit_round 11: strategy sampled 8 clients (out of 20)
[2m[36m(launch_and_fit pid=44287)[0m double free or corruption (fasttop)
DEBUG flwr 2023-08-20 02:32:11,726 | server.py:229 | fit_round 11 received 8 results and 0 failures
INFO flwr 2023-08-20 02:32:11,868 | fed_df.py:463 | Performing server side distillation training...
[2m[36m(launch_and_fit pid=44283)[0m Fitting Client 16
[2m[36m(launch_and_fit pid=44287)[0m Fitting Client 8
[2m[36m(launch_and_fit pid=44292)[0m Fitting Client 5
[2m[36m(launch_and_fit pid=44304)[0m Fitting Client 13
[2m[36m(launch_and_fit pid=44298)[0m Fitting Client 3
[2m[36m(launch_and_fit pid=44311)[0m Fitting Client 4
[2m[36m(launch_and_fit pid=44297)[0m Fitting Client 18
[2m[36m(launch_and_fit pid=44310)[0m Fitting Client 10
[2m[36m(launch_and_fit pid=44311)[0m malloc_consolidate(): invalid chunk size
[2m[36m(launch_and_fit pid=44298)[0m malloc_consolidate(): invalid chunk size
[2m[36m(launch_and_fit pid=44304)[0m malloc_consolidate(): invalid chunk size
[2m[36m(launch_and_fit pid=44297)[0m double free or corruption (fasttop)
[2m[36m(launch_and_fit pid=44283)[0m double free or corruption (fasttop)
[2m[36m(launch_and_fit pid=44292)[0m malloc_consolidate(): invalid chunk size
[2m[36m(launch_and_fit pid=44310)[0m malloc_consolidate(): invalid chunk size
E0820 02:32:14.920301270   74696 chttp2_transport.cc:1079]             ipv4:145.136.62.18:41303: Received a GOAWAY with error code ENHANCE_YOUR_CALM and debug data equal to "too_many_pings". Current keepalive time (before throttling): 122880000ms
E0820 02:32:29.618472525   75198 chttp2_transport.cc:1079]             ipv4:145.136.62.18:41303: Received a GOAWAY with error code ENHANCE_YOUR_CALM and debug data equal to "too_many_pings". Current keepalive time (before throttling): 245760000ms
INFO flwr 2023-08-20 02:32:52,909 | fed_df.py:540 | Distillation training stopped at step number : 250
INFO flwr 2023-08-20 02:32:52,909 | fed_df.py:547 | Average fusion training loss : 0.18335566091537475, val accuracy : 0.3687194308581592, best val accuracy : 0.41051578479324147
INFO flwr 2023-08-20 02:32:52,910 | common.py:35 | Avg. local train loss : 7.7493310734629635, train acc : 0.7547222222222221
INFO flwr 2023-08-20 02:32:55,052 | server.py:116 | fit progress: (11, 2.4684458992939473, {'server_test_acc': 0.44944289693593314}, 880.5907483282499)
INFO flwr 2023-08-20 02:32:55,052 | server.py:163 | evaluate_round 11: no clients selected, cancel
DEBUG flwr 2023-08-20 02:32:58,388 | server.py:215 | fit_round 12: strategy sampled 8 clients (out of 20)
[2m[36m(launch_and_fit pid=116736)[0m double free or corruption (fasttop)
[2m[36m(launch_and_fit pid=116751)[0m double free or corruption (fasttop)
DEBUG flwr 2023-08-20 02:33:32,000 | server.py:229 | fit_round 12 received 8 results and 0 failures
INFO flwr 2023-08-20 02:33:32,142 | fed_df.py:463 | Performing server side distillation training...
[2m[36m(launch_and_fit pid=116736)[0m Fitting Client 6
[2m[36m(launch_and_fit pid=116744)[0m Fitting Client 5
[2m[36m(launch_and_fit pid=116733)[0m Fitting Client 4
[2m[36m(launch_and_fit pid=116743)[0m Fitting Client 11
[2m[36m(launch_and_fit pid=116750)[0m Fitting Client 14
[2m[36m(launch_and_fit pid=116751)[0m Fitting Client 12
[2m[36m(launch_and_fit pid=116742)[0m Fitting Client 16
[2m[36m(launch_and_fit pid=116752)[0m Fitting Client 8
[2m[36m(launch_and_fit pid=116733)[0m malloc_consolidate(): invalid chunk size
[2m[36m(launch_and_fit pid=116750)[0m malloc_consolidate(): invalid chunk size
[2m[36m(launch_and_fit pid=116744)[0m malloc_consolidate(): invalid chunk size
[2m[36m(launch_and_fit pid=116743)[0m malloc_consolidate(): invalid chunk size
[2m[36m(launch_and_fit pid=116742)[0m malloc_consolidate(): invalid chunk size
E0820 02:33:33.943548641  146030 chttp2_transport.cc:1079]             ipv4:145.136.62.18:41303: Received a GOAWAY with error code ENHANCE_YOUR_CALM and debug data equal to "too_many_pings". Current keepalive time (before throttling): 491520000ms
INFO flwr 2023-08-20 02:34:13,023 | fed_df.py:540 | Distillation training stopped at step number : 250
INFO flwr 2023-08-20 02:34:13,024 | fed_df.py:547 | Average fusion training loss : 0.20397816634178162, val accuracy : 0.584393063583815, best val accuracy : 0.620386838594931
INFO flwr 2023-08-20 02:34:13,025 | common.py:35 | Avg. local train loss : 7.1050533175468455, train acc : 0.7939351851851851
INFO flwr 2023-08-20 02:34:15,157 | server.py:116 | fit progress: (12, 1.7387046723644715, {'server_test_acc': 0.5051532033426184}, 960.6958753271028)
INFO flwr 2023-08-20 02:34:15,157 | server.py:163 | evaluate_round 12: no clients selected, cancel
DEBUG flwr 2023-08-20 02:34:18,495 | server.py:215 | fit_round 13: strategy sampled 8 clients (out of 20)
DEBUG flwr 2023-08-20 02:34:52,820 | server.py:229 | fit_round 13 received 8 results and 0 failures
[2m[36m(launch_and_fit pid=189728)[0m malloc_consolidate(): invalid chunk size
INFO flwr 2023-08-20 02:34:52,968 | fed_df.py:463 | Performing server side distillation training...
[2m[36m(launch_and_fit pid=189728)[0m Fitting Client 0
[2m[36m(launch_and_fit pid=189747)[0m Fitting Client 14
[2m[36m(launch_and_fit pid=189738)[0m Fitting Client 3
[2m[36m(launch_and_fit pid=189735)[0m Fitting Client 10
[2m[36m(launch_and_fit pid=189749)[0m Fitting Client 12
[2m[36m(launch_and_fit pid=189730)[0m Fitting Client 19
[2m[36m(launch_and_fit pid=189736)[0m Fitting Client 15
[2m[36m(launch_and_fit pid=189748)[0m Fitting Client 5
[2m[36m(launch_and_fit pid=189735)[0m malloc_consolidate(): invalid chunk size
[2m[36m(launch_and_fit pid=189749)[0m malloc_consolidate(): invalid chunk size
[2m[36m(launch_and_fit pid=189747)[0m malloc_consolidate(): invalid chunk size
[2m[36m(launch_and_fit pid=189736)[0m malloc_consolidate(): invalid chunk size
[2m[36m(launch_and_fit pid=189748)[0m malloc_consolidate(): invalid chunk size
[2m[36m(launch_and_fit pid=189738)[0m double free or corruption (fasttop)
[2m[36m(launch_and_fit pid=189730)[0m malloc_consolidate(): invalid chunk size
INFO flwr 2023-08-20 02:35:33,841 | fed_df.py:540 | Distillation training stopped at step number : 250
INFO flwr 2023-08-20 02:35:33,842 | fed_df.py:547 | Average fusion training loss : 0.31974832105636597, val accuracy : 0.5541796353935082, best val accuracy : 0.6040462427745664
INFO flwr 2023-08-20 02:35:33,843 | common.py:35 | Avg. local train loss : 7.470999560505152, train acc : 0.7717469135802469
INFO flwr 2023-08-20 02:35:35,958 | server.py:116 | fit progress: (13, 2.1543595680619347, {'server_test_acc': 0.465041782729805}, 1041.4966910900548)
INFO flwr 2023-08-20 02:35:35,958 | server.py:163 | evaluate_round 13: no clients selected, cancel
DEBUG flwr 2023-08-20 02:35:39,275 | server.py:215 | fit_round 14: strategy sampled 8 clients (out of 20)
DEBUG flwr 2023-08-20 02:36:12,941 | server.py:229 | fit_round 14 received 8 results and 0 failures
[2m[36m(launch_and_fit pid=258043)[0m malloc_consolidate(): invalid chunk size
INFO flwr 2023-08-20 02:36:13,084 | fed_df.py:463 | Performing server side distillation training...
[2m[36m(launch_and_fit pid=258044)[0m Fitting Client 9
[2m[36m(launch_and_fit pid=258043)[0m Fitting Client 7
[2m[36m(launch_and_fit pid=258046)[0m Fitting Client 18
[2m[36m(launch_and_fit pid=258050)[0m Fitting Client 16
[2m[36m(launch_and_fit pid=258045)[0m Fitting Client 2
[2m[36m(launch_and_fit pid=258048)[0m Fitting Client 11
[2m[36m(launch_and_fit pid=258049)[0m Fitting Client 17
[2m[36m(launch_and_fit pid=258041)[0m Fitting Client 1
[2m[36m(launch_and_fit pid=258044)[0m malloc_consolidate(): invalid chunk size
[2m[36m(launch_and_fit pid=258046)[0m malloc_consolidate(): invalid chunk size
[2m[36m(launch_and_fit pid=258048)[0m double free or corruption (fasttop)
[2m[36m(launch_and_fit pid=258050)[0m double free or corruption (fasttop)
[2m[36m(launch_and_fit pid=258045)[0m malloc_consolidate(): invalid chunk size
[2m[36m(launch_and_fit pid=258041)[0m double free or corruption (fasttop)
[2m[36m(launch_and_fit pid=258049)[0m malloc_consolidate(): invalid chunk size
INFO flwr 2023-08-20 02:36:58,741 | fed_df.py:540 | Distillation training stopped at step number : 250
INFO flwr 2023-08-20 02:36:58,742 | fed_df.py:547 | Average fusion training loss : 0.4054344103336334, val accuracy : 0.2884393063583815, best val accuracy : 0.318808359270787
INFO flwr 2023-08-20 02:36:58,743 | common.py:35 | Avg. local train loss : 8.084902665019035, train acc : 0.7357222222222223
INFO flwr 2023-08-20 02:37:00,882 | server.py:116 | fit progress: (14, 3.6801741902874703, {'server_test_acc': 0.31559888579387185}, 1126.4203253951855)
INFO flwr 2023-08-20 02:37:00,882 | server.py:163 | evaluate_round 14: no clients selected, cancel
DEBUG flwr 2023-08-20 02:37:04,269 | server.py:215 | fit_round 15: strategy sampled 8 clients (out of 20)
[2m[36m(launch_and_fit pid=325124)[0m malloc_consolidate(): invalid chunk size
[2m[36m(launch_and_fit pid=325129)[0m double free or corruption (fasttop)
DEBUG flwr 2023-08-20 02:37:38,555 | server.py:229 | fit_round 15 received 8 results and 0 failures
INFO flwr 2023-08-20 02:37:38,659 | fed_df.py:365 | Warm start at round 15
[2m[36m(launch_and_fit pid=325132)[0m double free or corruption (fasttop)
INFO flwr 2023-08-20 02:37:38,757 | fed_df.py:463 | Performing server side distillation training...
[2m[36m(launch_and_fit pid=325124)[0m Fitting Client 18
[2m[36m(launch_and_fit pid=325126)[0m Fitting Client 2
[2m[36m(launch_and_fit pid=325130)[0m Fitting Client 19
[2m[36m(launch_and_fit pid=325129)[0m Fitting Client 4
[2m[36m(launch_and_fit pid=325128)[0m Fitting Client 15
[2m[36m(launch_and_fit pid=325132)[0m Fitting Client 16
[2m[36m(launch_and_fit pid=325131)[0m Fitting Client 8
[2m[36m(launch_and_fit pid=325127)[0m Fitting Client 17
E0820 02:37:39.105544587  350194 chttp2_transport.cc:1079]             ipv4:145.136.62.18:41303: Received a GOAWAY with error code ENHANCE_YOUR_CALM and debug data equal to "too_many_pings". Current keepalive time (before throttling): 983040000ms
[2m[36m(launch_and_fit pid=325126)[0m double free or corruption (fasttop)
[2m[36m(launch_and_fit pid=325131)[0m malloc_consolidate(): invalid chunk size
[2m[36m(launch_and_fit pid=325127)[0m double free or corruption (fasttop)
[2m[36m(launch_and_fit pid=325128)[0m malloc_consolidate(): invalid chunk size
[2m[36m(launch_and_fit pid=325130)[0m double free or corruption (fasttop)
INFO flwr 2023-08-20 02:38:19,558 | fed_df.py:540 | Distillation training stopped at step number : 250
INFO flwr 2023-08-20 02:38:19,558 | fed_df.py:547 | Average fusion training loss : 0.3843021103143692, val accuracy : 0.3579590929301912, best val accuracy : 0.4008448199199644
INFO flwr 2023-08-20 02:38:19,559 | common.py:35 | Avg. local train loss : 8.88192348331213, train acc : 0.6921234567901234
INFO flwr 2023-08-20 02:38:21,675 | server.py:116 | fit progress: (15, 2.470454323059337, {'server_test_acc': 0.38008356545961003}, 1207.2138394643553)
INFO flwr 2023-08-20 02:38:21,675 | server.py:163 | evaluate_round 15: no clients selected, cancel
DEBUG flwr 2023-08-20 02:38:24,989 | server.py:215 | fit_round 16: strategy sampled 8 clients (out of 20)
[2m[36m(launch_and_fit pid=392223)[0m double free or corruption (fasttop)
DEBUG flwr 2023-08-20 02:38:59,233 | server.py:229 | fit_round 16 received 8 results and 0 failures
INFO flwr 2023-08-20 02:38:59,377 | fed_df.py:463 | Performing server side distillation training...
[2m[36m(launch_and_fit pid=392222)[0m Fitting Client 13
[2m[36m(launch_and_fit pid=392223)[0m Fitting Client 6
[2m[36m(launch_and_fit pid=392224)[0m Fitting Client 16
[2m[36m(launch_and_fit pid=392226)[0m Fitting Client 17
[2m[36m(launch_and_fit pid=392229)[0m Fitting Client 19
[2m[36m(launch_and_fit pid=392228)[0m Fitting Client 10
[2m[36m(launch_and_fit pid=392227)[0m Fitting Client 9
[2m[36m(launch_and_fit pid=392230)[0m Fitting Client 18
[2m[36m(launch_and_fit pid=392226)[0m double free or corruption (fasttop)
[2m[36m(launch_and_fit pid=392224)[0m malloc_consolidate(): invalid chunk size
[2m[36m(launch_and_fit pid=392230)[0m malloc_consolidate(): invalid chunk size
[2m[36m(launch_and_fit pid=392222)[0m malloc_consolidate(): invalid chunk size
[2m[36m(launch_and_fit pid=392227)[0m malloc_consolidate(): invalid chunk size
[2m[36m(launch_and_fit pid=392229)[0m malloc_consolidate(): invalid chunk size
[2m[36m(launch_and_fit pid=392228)[0m malloc_consolidate(): invalid chunk size
INFO flwr 2023-08-20 02:39:45,116 | fed_df.py:540 | Distillation training stopped at step number : 250
INFO flwr 2023-08-20 02:39:45,117 | fed_df.py:547 | Average fusion training loss : 0.3028452019691467, val accuracy : 0.5953090262338818, best val accuracy : 0.6092707870164518
INFO flwr 2023-08-20 02:39:45,118 | common.py:35 | Avg. local train loss : 7.745732022821903, train acc : 0.7567345679012346
INFO flwr 2023-08-20 02:39:47,244 | server.py:116 | fit progress: (16, 1.5546557301598338, {'server_test_acc': 0.4632311977715877}, 1292.782656874042)
INFO flwr 2023-08-20 02:39:47,244 | server.py:163 | evaluate_round 16: no clients selected, cancel
DEBUG flwr 2023-08-20 02:39:50,556 | server.py:215 | fit_round 17: strategy sampled 8 clients (out of 20)
[2m[36m(launch_and_fit pid=459075)[0m malloc_consolidate(): invalid chunk size
DEBUG flwr 2023-08-20 02:40:24,022 | server.py:229 | fit_round 17 received 8 results and 0 failures
INFO flwr 2023-08-20 02:40:24,170 | fed_df.py:463 | Performing server side distillation training...
[2m[36m(launch_and_fit pid=459073)[0m Fitting Client 11
[2m[36m(launch_and_fit pid=459075)[0m Fitting Client 14
[2m[36m(launch_and_fit pid=459079)[0m Fitting Client 18
[2m[36m(launch_and_fit pid=459078)[0m Fitting Client 3
[2m[36m(launch_and_fit pid=459081)[0m Fitting Client 1
[2m[36m(launch_and_fit pid=459080)[0m Fitting Client 15
[2m[36m(launch_and_fit pid=459082)[0m Fitting Client 17
[2m[36m(launch_and_fit pid=459077)[0m Fitting Client 16
[2m[36m(launch_and_fit pid=459080)[0m double free or corruption (fasttop)
[2m[36m(launch_and_fit pid=459073)[0m malloc_consolidate(): invalid chunk size
[2m[36m(launch_and_fit pid=459077)[0m malloc_consolidate(): invalid chunk size
[2m[36m(launch_and_fit pid=459078)[0m malloc_consolidate(): invalid chunk size
[2m[36m(launch_and_fit pid=459081)[0m double free or corruption (fasttop)
[2m[36m(launch_and_fit pid=459082)[0m double free or corruption (fasttop)
[2m[36m(launch_and_fit pid=459079)[0m malloc_consolidate(): invalid chunk size
INFO flwr 2023-08-20 02:41:05,034 | fed_df.py:540 | Distillation training stopped at step number : 250
INFO flwr 2023-08-20 02:41:05,035 | fed_df.py:547 | Average fusion training loss : 0.2715168474316597, val accuracy : 0.570987105380169, best val accuracy : 0.5829257447754558
INFO flwr 2023-08-20 02:41:05,036 | common.py:35 | Avg. local train loss : 7.907023330777884, train acc : 0.7481882716049383
INFO flwr 2023-08-20 02:41:07,150 | server.py:116 | fit progress: (17, 1.5366641853513159, {'server_test_acc': 0.5064066852367688}, 1372.6884549669921)
INFO flwr 2023-08-20 02:41:07,150 | server.py:163 | evaluate_round 17: no clients selected, cancel
DEBUG flwr 2023-08-20 02:41:10,518 | server.py:215 | fit_round 18: strategy sampled 8 clients (out of 20)
[2m[36m(launch_and_fit pid=526074)[0m malloc_consolidate(): invalid chunk size
[2m[36m(launch_and_fit pid=526076)[0m malloc_consolidate(): invalid chunk size
DEBUG flwr 2023-08-20 02:41:44,026 | server.py:229 | fit_round 18 received 8 results and 0 failures
INFO flwr 2023-08-20 02:41:44,170 | fed_df.py:463 | Performing server side distillation training...
[2m[36m(launch_and_fit pid=526076)[0m Fitting Client 0
[2m[36m(launch_and_fit pid=526074)[0m Fitting Client 10
[2m[36m(launch_and_fit pid=526081)[0m Fitting Client 1
[2m[36m(launch_and_fit pid=526083)[0m Fitting Client 18
[2m[36m(launch_and_fit pid=526077)[0m Fitting Client 17
[2m[36m(launch_and_fit pid=526080)[0m Fitting Client 7
[2m[36m(launch_and_fit pid=526084)[0m Fitting Client 16
[2m[36m(launch_and_fit pid=526082)[0m Fitting Client 11
[2m[36m(launch_and_fit pid=526081)[0m malloc_consolidate(): invalid chunk size
[2m[36m(launch_and_fit pid=526077)[0m corrupted size vs. prev_size in fastbins
E0820 02:41:44.849178073  350530 chttp2_transport.cc:1079]             ipv4:145.136.62.18:41303: Received a GOAWAY with error code ENHANCE_YOUR_CALM and debug data equal to "too_many_pings". Current keepalive time (before throttling): 1966080000ms
[2m[36m(launch_and_fit pid=526080)[0m malloc_consolidate(): invalid chunk size
[2m[36m(launch_and_fit pid=526082)[0m double free or corruption (fasttop)
[2m[36m(launch_and_fit pid=526084)[0m malloc_consolidate(): invalid chunk size
[2m[36m(launch_and_fit pid=526083)[0m double free or corruption (fasttop)
INFO flwr 2023-08-20 02:42:25,313 | fed_df.py:540 | Distillation training stopped at step number : 250
INFO flwr 2023-08-20 02:42:25,314 | fed_df.py:547 | Average fusion training loss : 0.28217970991134644, val accuracy : 0.5613161405068919, best val accuracy : 0.5873721654068474
INFO flwr 2023-08-20 02:42:25,315 | common.py:35 | Avg. local train loss : 7.769182462245227, train acc : 0.7556512345679012
INFO flwr 2023-08-20 02:42:27,437 | server.py:116 | fit progress: (18, 1.8565464577635018, {'server_test_acc': 0.5089136490250696}, 1452.9755029692315)
INFO flwr 2023-08-20 02:42:27,437 | server.py:163 | evaluate_round 18: no clients selected, cancel
DEBUG flwr 2023-08-20 02:42:30,754 | server.py:215 | fit_round 19: strategy sampled 8 clients (out of 20)
[2m[36m(launch_and_fit pid=592994)[0m malloc_consolidate(): invalid chunk size
DEBUG flwr 2023-08-20 02:43:04,303 | server.py:229 | fit_round 19 received 8 results and 0 failures
INFO flwr 2023-08-20 02:43:04,445 | fed_df.py:463 | Performing server side distillation training...
[2m[36m(launch_and_fit pid=593002)[0m double free or corruption (fasttop)
[2m[36m(launch_and_fit pid=592994)[0m Fitting Client 7
[2m[36m(launch_and_fit pid=593004)[0m Fitting Client 19
[2m[36m(launch_and_fit pid=593002)[0m Fitting Client 2
[2m[36m(launch_and_fit pid=593011)[0m Fitting Client 3
[2m[36m(launch_and_fit pid=593010)[0m Fitting Client 16
[2m[36m(launch_and_fit pid=593012)[0m Fitting Client 8
[2m[36m(launch_and_fit pid=593003)[0m Fitting Client 10
[2m[36m(launch_and_fit pid=593001)[0m Fitting Client 1
[2m[36m(launch_and_fit pid=593003)[0m double free or corruption (fasttop)
[2m[36m(launch_and_fit pid=593011)[0m malloc_consolidate(): invalid chunk size
E0820 02:43:05.320715176  551823 chttp2_transport.cc:1079]             ipv4:145.136.62.18:41303: Received a GOAWAY with error code ENHANCE_YOUR_CALM and debug data equal to "too_many_pings". Current keepalive time (before throttling): ∞
[2m[36m(launch_and_fit pid=593001)[0m malloc_consolidate(): invalid chunk size
[2m[36m(launch_and_fit pid=593004)[0m double free or corruption (fasttop)
[2m[36m(launch_and_fit pid=593012)[0m double free or corruption (fasttop)
[2m[36m(launch_and_fit pid=593010)[0m double free or corruption (fasttop)
E0820 02:43:06.321920666  619829 chttp2_transport.cc:1079]             ipv4:145.136.62.18:41303: Received a GOAWAY with error code ENHANCE_YOUR_CALM and debug data equal to "too_many_pings". Current keepalive time (before throttling): ∞
INFO flwr 2023-08-20 02:43:45,302 | fed_df.py:540 | Distillation training stopped at step number : 250
INFO flwr 2023-08-20 02:43:45,303 | fed_df.py:547 | Average fusion training loss : 0.23860737788677217, val accuracy : 0.5243886171631836, best val accuracy : 0.5380168963983993
INFO flwr 2023-08-20 02:43:45,304 | common.py:35 | Avg. local train loss : 7.558660482615233, train acc : 0.7681265432098765
INFO flwr 2023-08-20 02:43:47,412 | server.py:116 | fit progress: (19, 1.7480598606439022, {'server_test_acc': 0.46350974930362115}, 1532.9501787209883)
INFO flwr 2023-08-20 02:43:47,412 | server.py:163 | evaluate_round 19: no clients selected, cancel
DEBUG flwr 2023-08-20 02:43:50,736 | server.py:215 | fit_round 20: strategy sampled 8 clients (out of 20)
[2m[36m(launch_and_fit pid=659951)[0m malloc_consolidate(): invalid chunk size
DEBUG flwr 2023-08-20 02:44:24,394 | server.py:229 | fit_round 20 received 8 results and 0 failures
INFO flwr 2023-08-20 02:44:24,499 | fed_df.py:365 | Warm start at round 20
INFO flwr 2023-08-20 02:44:24,596 | fed_df.py:463 | Performing server side distillation training...
[2m[36m(launch_and_fit pid=659951)[0m Fitting Client 8
[2m[36m(launch_and_fit pid=659953)[0m Fitting Client 15
[2m[36m(launch_and_fit pid=659956)[0m Fitting Client 3
[2m[36m(launch_and_fit pid=659954)[0m Fitting Client 4
[2m[36m(launch_and_fit pid=659957)[0m Fitting Client 18
[2m[36m(launch_and_fit pid=659955)[0m Fitting Client 6
[2m[36m(launch_and_fit pid=659958)[0m Fitting Client 12
[2m[36m(launch_and_fit pid=659959)[0m Fitting Client 7
[2m[36m(launch_and_fit pid=659955)[0m malloc_consolidate(): invalid chunk size
[2m[36m(launch_and_fit pid=659957)[0m double free or corruption (fasttop)
[2m[36m(launch_and_fit pid=659958)[0m malloc_consolidate(): invalid chunk size
E0820 02:44:25.436055873  620098 chttp2_transport.cc:1079]             ipv4:145.136.62.18:41303: Received a GOAWAY with error code ENHANCE_YOUR_CALM and debug data equal to "too_many_pings". Current keepalive time (before throttling): ∞
[2m[36m(launch_and_fit pid=659956)[0m double free or corruption (fasttop)
[2m[36m(launch_and_fit pid=659953)[0m malloc_consolidate(): invalid chunk size
[2m[36m(launch_and_fit pid=659959)[0m malloc_consolidate(): invalid chunk size
[2m[36m(launch_and_fit pid=659954)[0m double free or corruption (fasttop)
INFO flwr 2023-08-20 02:45:05,745 | fed_df.py:540 | Distillation training stopped at step number : 250
INFO flwr 2023-08-20 02:45:05,745 | fed_df.py:547 | Average fusion training loss : 0.2759987769126892, val accuracy : 0.4104935526900845, best val accuracy : 0.4656514006224989
INFO flwr 2023-08-20 02:45:05,746 | common.py:35 | Avg. local train loss : 7.586327046900988, train acc : 0.7698055555555555
INFO flwr 2023-08-20 02:45:07,883 | server.py:116 | fit progress: (20, 1.8622092039804272, {'server_test_acc': 0.30905292479108637}, 1613.4220427051187)
INFO flwr 2023-08-20 02:45:07,884 | server.py:163 | evaluate_round 20: no clients selected, cancel
DEBUG flwr 2023-08-20 02:45:11,221 | server.py:215 | fit_round 21: strategy sampled 8 clients (out of 20)
[2m[36m(launch_and_fit pid=730146)[0m malloc_consolidate(): invalid chunk size
DEBUG flwr 2023-08-20 02:45:45,184 | server.py:229 | fit_round 21 received 8 results and 0 failures
INFO flwr 2023-08-20 02:45:45,336 | fed_df.py:463 | Performing server side distillation training...
[2m[36m(launch_and_fit pid=730146)[0m Fitting Client 6
[2m[36m(launch_and_fit pid=730154)[0m Fitting Client 17
[2m[36m(launch_and_fit pid=730162)[0m Fitting Client 18
[2m[36m(launch_and_fit pid=730163)[0m Fitting Client 5
[2m[36m(launch_and_fit pid=730164)[0m Fitting Client 15
[2m[36m(launch_and_fit pid=730151)[0m Fitting Client 3
[2m[36m(launch_and_fit pid=730143)[0m Fitting Client 13
[2m[36m(launch_and_fit pid=730156)[0m Fitting Client 19
[2m[36m(launch_and_fit pid=730164)[0m double free or corruption (fasttop)
[2m[36m(launch_and_fit pid=730143)[0m corrupted size vs. prev_size in fastbins
[2m[36m(launch_and_fit pid=730163)[0m malloc_consolidate(): invalid chunk size
[2m[36m(launch_and_fit pid=730151)[0m malloc_consolidate(): invalid chunk size
[2m[36m(launch_and_fit pid=730162)[0m malloc_consolidate(): invalid chunk size
[2m[36m(launch_and_fit pid=730154)[0m malloc_consolidate(): invalid chunk size
[2m[36m(launch_and_fit pid=730156)[0m malloc_consolidate(): invalid chunk size
INFO flwr 2023-08-20 02:46:31,694 | fed_df.py:540 | Distillation training stopped at step number : 250
INFO flwr 2023-08-20 02:46:31,695 | fed_df.py:547 | Average fusion training loss : 0.2736745344400406, val accuracy : 0.4903957314361939, best val accuracy : 0.5842596709648733
INFO flwr 2023-08-20 02:46:31,696 | common.py:35 | Avg. local train loss : 6.795978521555662, train acc : 0.8134907407407407
INFO flwr 2023-08-20 02:46:33,835 | server.py:116 | fit progress: (21, 1.721546027520905, {'server_test_acc': 0.4435933147632312}, 1699.3738821321167)
INFO flwr 2023-08-20 02:46:33,835 | server.py:163 | evaluate_round 21: no clients selected, cancel
DEBUG flwr 2023-08-20 02:46:37,157 | server.py:215 | fit_round 22: strategy sampled 8 clients (out of 20)
DEBUG flwr 2023-08-20 02:47:10,851 | server.py:229 | fit_round 22 received 8 results and 0 failures
INFO flwr 2023-08-20 02:47:10,994 | fed_df.py:463 | Performing server side distillation training...
[2m[36m(launch_and_fit pid=804155)[0m Fitting Client 3
[2m[36m(launch_and_fit pid=804163)[0m Fitting Client 14
[2m[36m(launch_and_fit pid=804162)[0m Fitting Client 18
[2m[36m(launch_and_fit pid=804165)[0m Fitting Client 11
[2m[36m(launch_and_fit pid=804173)[0m Fitting Client 15
[2m[36m(launch_and_fit pid=804170)[0m Fitting Client 12
[2m[36m(launch_and_fit pid=804161)[0m Fitting Client 1
[2m[36m(launch_and_fit pid=804172)[0m Fitting Client 5
[2m[36m(launch_and_fit pid=804170)[0m malloc_consolidate(): invalid chunk size
[2m[36m(launch_and_fit pid=804173)[0m double free or corruption (fasttop)
[2m[36m(launch_and_fit pid=804163)[0m malloc_consolidate(): invalid chunk size
[2m[36m(launch_and_fit pid=804162)[0m malloc_consolidate(): invalid chunk size
[2m[36m(launch_and_fit pid=804161)[0m malloc_consolidate(): invalid chunk size
[2m[36m(launch_and_fit pid=804165)[0m malloc_consolidate(): invalid chunk size
[2m[36m(launch_and_fit pid=804172)[0m malloc_consolidate(): invalid chunk size
[2m[36m(launch_and_fit pid=804155)[0m malloc_consolidate(): invalid chunk size
E0820 02:47:14.402668305  686035 chttp2_transport.cc:1079]             ipv4:145.136.62.18:41303: Received a GOAWAY with error code ENHANCE_YOUR_CALM and debug data equal to "too_many_pings". Current keepalive time (before throttling): ∞
INFO flwr 2023-08-20 02:47:52,195 | fed_df.py:540 | Distillation training stopped at step number : 250
INFO flwr 2023-08-20 02:47:52,196 | fed_df.py:547 | Average fusion training loss : 0.3845842307806015, val accuracy : 0.4581591818586038, best val accuracy : 0.49121831925300136
INFO flwr 2023-08-20 02:47:52,197 | common.py:35 | Avg. local train loss : 7.124455489963294, train acc : 0.7942561728395061
INFO flwr 2023-08-20 02:47:54,369 | server.py:116 | fit progress: (22, 1.9645677991564228, {'server_test_acc': 0.36685236768802226}, 1779.9076284230687)
INFO flwr 2023-08-20 02:47:54,369 | server.py:163 | evaluate_round 22: no clients selected, cancel
DEBUG flwr 2023-08-20 02:47:57,685 | server.py:215 | fit_round 23: strategy sampled 8 clients (out of 20)
[2m[36m(launch_and_fit pid=876802)[0m malloc_consolidate(): invalid chunk size
DEBUG flwr 2023-08-20 02:48:31,146 | server.py:229 | fit_round 23 received 8 results and 0 failures
INFO flwr 2023-08-20 02:48:31,377 | fed_df.py:463 | Performing server side distillation training...
[2m[36m(launch_and_fit pid=876802)[0m Fitting Client 3
[2m[36m(launch_and_fit pid=876796)[0m Fitting Client 6
[2m[36m(launch_and_fit pid=876804)[0m Fitting Client 7
[2m[36m(launch_and_fit pid=876814)[0m Fitting Client 15
[2m[36m(launch_and_fit pid=876805)[0m Fitting Client 17
[2m[36m(launch_and_fit pid=876812)[0m Fitting Client 2
[2m[36m(launch_and_fit pid=876810)[0m Fitting Client 14
[2m[36m(launch_and_fit pid=876811)[0m Fitting Client 16
[2m[36m(launch_and_fit pid=876805)[0m malloc_consolidate(): invalid chunk size
E0820 02:48:31.917722831  835452 chttp2_transport.cc:1079]             ipv4:145.136.62.18:41303: Received a GOAWAY with error code ENHANCE_YOUR_CALM and debug data equal to "too_many_pings". Current keepalive time (before throttling): ∞
[2m[36m(launch_and_fit pid=876810)[0m double free or corruption (fasttop)
[2m[36m(launch_and_fit pid=876804)[0m malloc_consolidate(): invalid chunk size
[2m[36m(launch_and_fit pid=876812)[0m malloc_consolidate(): invalid chunk size
[2m[36m(launch_and_fit pid=876811)[0m double free or corruption (fasttop)
[2m[36m(launch_and_fit pid=876796)[0m malloc_consolidate(): invalid chunk size
[2m[36m(launch_and_fit pid=876814)[0m double free or corruption (fasttop)
INFO flwr 2023-08-20 02:49:12,572 | fed_df.py:540 | Distillation training stopped at step number : 250
INFO flwr 2023-08-20 02:49:12,573 | fed_df.py:547 | Average fusion training loss : 0.3835593589544296, val accuracy : 0.3875722543352601, best val accuracy : 0.4476433970653624
INFO flwr 2023-08-20 02:49:12,574 | common.py:35 | Avg. local train loss : 7.70106501430273, train acc : 0.7634197530864197
INFO flwr 2023-08-20 02:49:14,692 | server.py:116 | fit progress: (23, 2.57283115997952, {'server_test_acc': 0.19025069637883008}, 1860.2303309743293)
INFO flwr 2023-08-20 02:49:14,692 | server.py:163 | evaluate_round 23: no clients selected, cancel
DEBUG flwr 2023-08-20 02:49:18,059 | server.py:215 | fit_round 24: strategy sampled 8 clients (out of 20)
[2m[36m(launch_and_fit pid=949827)[0m malloc_consolidate(): invalid chunk size
DEBUG flwr 2023-08-20 02:49:51,787 | server.py:229 | fit_round 24 received 8 results and 0 failures
[2m[36m(launch_and_fit pid=949822)[0m double free or corruption (fasttop)
INFO flwr 2023-08-20 02:49:51,931 | fed_df.py:463 | Performing server side distillation training...
[2m[36m(launch_and_fit pid=949827)[0m Fitting Client 7
[2m[36m(launch_and_fit pid=949822)[0m Fitting Client 2
[2m[36m(launch_and_fit pid=949821)[0m Fitting Client 8
[2m[36m(launch_and_fit pid=949837)[0m Fitting Client 19
[2m[36m(launch_and_fit pid=949832)[0m Fitting Client 13
[2m[36m(launch_and_fit pid=949829)[0m Fitting Client 14
[2m[36m(launch_and_fit pid=949831)[0m Fitting Client 12
[2m[36m(launch_and_fit pid=949830)[0m Fitting Client 18
[2m[36m(launch_and_fit pid=949829)[0m malloc_consolidate(): invalid chunk size
[2m[36m(launch_and_fit pid=949831)[0m malloc_consolidate(): invalid chunk size
[2m[36m(launch_and_fit pid=949837)[0m double free or corruption (fasttop)
[2m[36m(launch_and_fit pid=949821)[0m malloc_consolidate(): invalid chunk size
[2m[36m(launch_and_fit pid=949830)[0m malloc_consolidate(): invalid chunk size
[2m[36m(launch_and_fit pid=949832)[0m malloc_consolidate(): invalid chunk size
E0820 02:49:55.239445163  979368 chttp2_transport.cc:1079]             ipv4:145.136.62.18:41303: Received a GOAWAY with error code ENHANCE_YOUR_CALM and debug data equal to "too_many_pings". Current keepalive time (before throttling): ∞
INFO flwr 2023-08-20 02:50:33,044 | fed_df.py:540 | Distillation training stopped at step number : 250
INFO flwr 2023-08-20 02:50:33,045 | fed_df.py:547 | Average fusion training loss : 0.33619695985317233, val accuracy : 0.3987327701200533, best val accuracy : 0.4159626500666963
INFO flwr 2023-08-20 02:50:33,046 | common.py:35 | Avg. local train loss : 7.8503609836101536, train acc : 0.755682098765432
INFO flwr 2023-08-20 02:50:35,169 | server.py:116 | fit progress: (24, 3.7460975235219123, {'server_test_acc': 0.21559888579387188}, 1940.7076211511157)
INFO flwr 2023-08-20 02:50:35,169 | server.py:163 | evaluate_round 24: no clients selected, cancel
DEBUG flwr 2023-08-20 02:50:38,496 | server.py:215 | fit_round 25: strategy sampled 8 clients (out of 20)
[2m[36m(launch_and_fit pid=1019671)[0m malloc_consolidate(): invalid chunk size
[2m[36m(launch_and_fit pid=1019674)[0m malloc_consolidate(): invalid chunk size
[2m[36m(launch_and_fit pid=1019675)[0m malloc_consolidate(): invalid chunk size
DEBUG flwr 2023-08-20 02:51:13,049 | server.py:229 | fit_round 25 received 8 results and 0 failures
INFO flwr 2023-08-20 02:51:13,154 | fed_df.py:365 | Warm start at round 25
INFO flwr 2023-08-20 02:51:13,249 | fed_df.py:463 | Performing server side distillation training...
[2m[36m(launch_and_fit pid=1019674)[0m Fitting Client 12
[2m[36m(launch_and_fit pid=1019675)[0m Fitting Client 2
[2m[36m(launch_and_fit pid=1019671)[0m Fitting Client 0
[2m[36m(launch_and_fit pid=1019672)[0m Fitting Client 14
[2m[36m(launch_and_fit pid=1019668)[0m Fitting Client 3
[2m[36m(launch_and_fit pid=1019673)[0m Fitting Client 19
[2m[36m(launch_and_fit pid=1019670)[0m Fitting Client 1
[2m[36m(launch_and_fit pid=1019669)[0m Fitting Client 17
[2m[36m(launch_and_fit pid=1019670)[0m malloc_consolidate(): invalid chunk size
[2m[36m(launch_and_fit pid=1019672)[0m double free or corruption (fasttop)
[2m[36m(launch_and_fit pid=1019669)[0m malloc_consolidate(): invalid chunk size
[2m[36m(launch_and_fit pid=1019673)[0m double free or corruption (fasttop)
[2m[36m(launch_and_fit pid=1019668)[0m malloc_consolidate(): invalid chunk size
E0820 02:51:16.395184486 1046412 chttp2_transport.cc:1079]             ipv4:145.136.62.18:41303: Received a GOAWAY with error code ENHANCE_YOUR_CALM and debug data equal to "too_many_pings". Current keepalive time (before throttling): ∞
INFO flwr 2023-08-20 02:51:54,174 | fed_df.py:540 | Distillation training stopped at step number : 250
INFO flwr 2023-08-20 02:51:54,174 | fed_df.py:547 | Average fusion training loss : 0.398028749704361, val accuracy : 0.32556691863050247, best val accuracy : 0.41240551356158295
INFO flwr 2023-08-20 02:51:54,175 | common.py:35 | Avg. local train loss : 7.627629472315311, train acc : 0.7667716049382716
INFO flwr 2023-08-20 02:51:56,303 | server.py:116 | fit progress: (25, 2.8550210105343448, {'server_test_acc': 0.3511142061281337}, 2021.8421499589458)
INFO flwr 2023-08-20 02:51:56,304 | server.py:163 | evaluate_round 25: no clients selected, cancel
DEBUG flwr 2023-08-20 02:51:59,609 | server.py:215 | fit_round 26: strategy sampled 8 clients (out of 20)
[2m[36m(launch_and_fit pid=1086719)[0m malloc_consolidate(): invalid chunk size
DEBUG flwr 2023-08-20 02:52:33,177 | server.py:229 | fit_round 26 received 8 results and 0 failures
INFO flwr 2023-08-20 02:52:33,321 | fed_df.py:463 | Performing server side distillation training...
[2m[36m(launch_and_fit pid=1086719)[0m Fitting Client 13
[2m[36m(launch_and_fit pid=1086723)[0m Fitting Client 5
[2m[36m(launch_and_fit pid=1086728)[0m Fitting Client 17
[2m[36m(launch_and_fit pid=1086734)[0m Fitting Client 0
[2m[36m(launch_and_fit pid=1086724)[0m Fitting Client 15
[2m[36m(launch_and_fit pid=1086727)[0m Fitting Client 6
[2m[36m(launch_and_fit pid=1086733)[0m Fitting Client 16
[2m[36m(launch_and_fit pid=1086729)[0m Fitting Client 18
[2m[36m(launch_and_fit pid=1086723)[0m double free or corruption (fasttop)
[2m[36m(launch_and_fit pid=1086727)[0m malloc_consolidate(): invalid chunk size
[2m[36m(launch_and_fit pid=1086734)[0m malloc_consolidate(): invalid chunk size
[2m[36m(launch_and_fit pid=1086728)[0m malloc_consolidate(): invalid chunk size
[2m[36m(launch_and_fit pid=1086733)[0m double free or corruption (fasttop)
[2m[36m(launch_and_fit pid=1086729)[0m double free or corruption (fasttop)
[2m[36m(launch_and_fit pid=1086724)[0m malloc_consolidate(): invalid chunk size
E0820 02:52:35.532368770 1113732 chttp2_transport.cc:1079]             ipv4:145.136.62.18:41303: Received a GOAWAY with error code ENHANCE_YOUR_CALM and debug data equal to "too_many_pings". Current keepalive time (before throttling): ∞
INFO flwr 2023-08-20 02:53:14,201 | fed_df.py:540 | Distillation training stopped at step number : 250
INFO flwr 2023-08-20 02:53:14,201 | fed_df.py:547 | Average fusion training loss : 0.32859423553943634, val accuracy : 0.47683414851044914, best val accuracy : 0.5113383726100489
INFO flwr 2023-08-20 02:53:14,202 | common.py:35 | Avg. local train loss : 7.0735914438962935, train acc : 0.799179012345679
INFO flwr 2023-08-20 02:53:16,314 | server.py:116 | fit progress: (26, 2.942679800495796, {'server_test_acc': 0.398050139275766}, 2101.8531054230407)
INFO flwr 2023-08-20 02:53:16,315 | server.py:163 | evaluate_round 26: no clients selected, cancel
DEBUG flwr 2023-08-20 02:53:19,617 | server.py:215 | fit_round 27: strategy sampled 8 clients (out of 20)
[2m[36m(launch_and_fit pid=1153653)[0m double free or corruption (fasttop)
[2m[36m(launch_and_fit pid=1153651)[0m double free or corruption (fasttop)
DEBUG flwr 2023-08-20 02:53:53,069 | server.py:229 | fit_round 27 received 8 results and 0 failures
INFO flwr 2023-08-20 02:53:53,212 | fed_df.py:463 | Performing server side distillation training...
[2m[36m(launch_and_fit pid=1153653)[0m Fitting Client 12
[2m[36m(launch_and_fit pid=1153651)[0m Fitting Client 5
[2m[36m(launch_and_fit pid=1153655)[0m Fitting Client 18
[2m[36m(launch_and_fit pid=1153658)[0m Fitting Client 0
[2m[36m(launch_and_fit pid=1153659)[0m Fitting Client 13
[2m[36m(launch_and_fit pid=1153657)[0m Fitting Client 14
[2m[36m(launch_and_fit pid=1153660)[0m Fitting Client 16
[2m[36m(launch_and_fit pid=1153656)[0m Fitting Client 8
[2m[36m(launch_and_fit pid=1153656)[0m malloc_consolidate(): invalid chunk size
[2m[36m(launch_and_fit pid=1153659)[0m double free or corruption (fasttop)
[2m[36m(launch_and_fit pid=1153655)[0m malloc_consolidate(): invalid chunk size
[2m[36m(launch_and_fit pid=1153658)[0m malloc_consolidate(): invalid chunk size
[2m[36m(launch_and_fit pid=1153660)[0m double free or corruption (fasttop)
[2m[36m(launch_and_fit pid=1153657)[0m double free or corruption (fasttop)
E0820 02:53:55.739035849 1113940 chttp2_transport.cc:1079]             ipv4:145.136.62.18:41303: Received a GOAWAY with error code ENHANCE_YOUR_CALM and debug data equal to "too_many_pings". Current keepalive time (before throttling): ∞
INFO flwr 2023-08-20 02:54:34,287 | fed_df.py:540 | Distillation training stopped at step number : 250
INFO flwr 2023-08-20 02:54:34,287 | fed_df.py:547 | Average fusion training loss : 0.2883826907873154, val accuracy : 0.43759448643841703, best val accuracy : 0.4534237438861716
INFO flwr 2023-08-20 02:54:34,289 | common.py:35 | Avg. local train loss : 7.2727460488677025, train acc : 0.7873703703703704
INFO flwr 2023-08-20 02:54:36,448 | server.py:116 | fit progress: (27, 2.0390771687860942, {'server_test_acc': 0.36768802228412256}, 2181.986302261241)
INFO flwr 2023-08-20 02:54:36,448 | server.py:163 | evaluate_round 27: no clients selected, cancel
DEBUG flwr 2023-08-20 02:54:39,839 | server.py:215 | fit_round 28: strategy sampled 8 clients (out of 20)
[2m[36m(launch_and_fit pid=1220720)[0m malloc_consolidate(): invalid chunk size
[2m[36m(launch_and_fit pid=1220725)[0m malloc_consolidate(): invalid chunk size
DEBUG flwr 2023-08-20 02:55:13,872 | server.py:229 | fit_round 28 received 8 results and 0 failures
INFO flwr 2023-08-20 02:55:14,016 | fed_df.py:463 | Performing server side distillation training...
[2m[36m(launch_and_fit pid=1220720)[0m Fitting Client 9
[2m[36m(launch_and_fit pid=1220725)[0m Fitting Client 4
[2m[36m(launch_and_fit pid=1220728)[0m Fitting Client 3
[2m[36m(launch_and_fit pid=1220724)[0m Fitting Client 15
[2m[36m(launch_and_fit pid=1220726)[0m Fitting Client 16
[2m[36m(launch_and_fit pid=1220722)[0m Fitting Client 13
[2m[36m(launch_and_fit pid=1220727)[0m Fitting Client 19
[2m[36m(launch_and_fit pid=1220723)[0m Fitting Client 14
[2m[36m(launch_and_fit pid=1220728)[0m malloc_consolidate(): invalid chunk size
[2m[36m(launch_and_fit pid=1220726)[0m double free or corruption (fasttop)
E0820 02:55:14.808410343 1246482 chttp2_transport.cc:1079]             ipv4:145.136.62.18:41303: Received a GOAWAY with error code ENHANCE_YOUR_CALM and debug data equal to "too_many_pings". Current keepalive time (before throttling): ∞
[2m[36m(launch_and_fit pid=1220727)[0m malloc_consolidate(): invalid chunk size
[2m[36m(launch_and_fit pid=1220722)[0m double free or corruption (fasttop)
[2m[36m(launch_and_fit pid=1220724)[0m malloc_consolidate(): invalid chunk size
[2m[36m(launch_and_fit pid=1220723)[0m malloc_consolidate(): invalid chunk size
E0820 02:55:16.007743222 1246551 chttp2_transport.cc:1079]             ipv4:145.136.62.18:41303: Received a GOAWAY with error code ENHANCE_YOUR_CALM and debug data equal to "too_many_pings". Current keepalive time (before throttling): ∞
INFO flwr 2023-08-20 02:55:54,946 | fed_df.py:540 | Distillation training stopped at step number : 250
INFO flwr 2023-08-20 02:55:54,946 | fed_df.py:547 | Average fusion training loss : 0.37717361998558047, val accuracy : 0.3564917741218319, best val accuracy : 0.4115162294353046
INFO flwr 2023-08-20 02:55:54,947 | common.py:35 | Avg. local train loss : 7.124774303287268, train acc : 0.7937901234567901
INFO flwr 2023-08-20 02:55:57,116 | server.py:116 | fit progress: (28, 2.5115139618557474, {'server_test_acc': 0.2922005571030641}, 2262.654978252016)
INFO flwr 2023-08-20 02:55:57,117 | server.py:163 | evaluate_round 28: no clients selected, cancel
DEBUG flwr 2023-08-20 02:56:00,444 | server.py:215 | fit_round 29: strategy sampled 8 clients (out of 20)
[2m[36m(launch_and_fit pid=1287557)[0m double free or corruption (fasttop)
[2m[36m(launch_and_fit pid=1287561)[0m malloc_consolidate(): invalid chunk size
[2m[36m(launch_and_fit pid=1287565)[0m double free or corruption (fasttop)
DEBUG flwr 2023-08-20 02:56:34,581 | server.py:229 | fit_round 29 received 8 results and 0 failures
INFO flwr 2023-08-20 02:56:34,723 | fed_df.py:463 | Performing server side distillation training...
[2m[36m(launch_and_fit pid=1287557)[0m Fitting Client 1
[2m[36m(launch_and_fit pid=1287563)[0m Fitting Client 19
[2m[36m(launch_and_fit pid=1287561)[0m Fitting Client 0
[2m[36m(launch_and_fit pid=1287562)[0m Fitting Client 17
[2m[36m(launch_and_fit pid=1287559)[0m Fitting Client 10
[2m[36m(launch_and_fit pid=1287565)[0m Fitting Client 9
[2m[36m(launch_and_fit pid=1287564)[0m Fitting Client 14
[2m[36m(launch_and_fit pid=1287560)[0m Fitting Client 18
[2m[36m(launch_and_fit pid=1287559)[0m malloc_consolidate(): invalid chunk size
[2m[36m(launch_and_fit pid=1287562)[0m double free or corruption (fasttop)
[2m[36m(launch_and_fit pid=1287564)[0m malloc_consolidate(): invalid chunk size
[2m[36m(launch_and_fit pid=1287563)[0m malloc_consolidate(): invalid chunk size
[2m[36m(launch_and_fit pid=1287560)[0m malloc_consolidate(): invalid chunk size
INFO flwr 2023-08-20 02:57:15,594 | fed_df.py:540 | Distillation training stopped at step number : 250
INFO flwr 2023-08-20 02:57:15,594 | fed_df.py:547 | Average fusion training loss : 0.37235079967975615, val accuracy : 0.31127167630057806, best val accuracy : 0.33648288128056913
INFO flwr 2023-08-20 02:57:15,595 | common.py:35 | Avg. local train loss : 7.285534638911486, train acc : 0.7841419753086418
INFO flwr 2023-08-20 02:57:17,728 | server.py:116 | fit progress: (29, 2.789392281109908, {'server_test_acc': 0.26838440111420614}, 2343.2663024193607)
INFO flwr 2023-08-20 02:57:17,728 | server.py:163 | evaluate_round 29: no clients selected, cancel
DEBUG flwr 2023-08-20 02:57:21,058 | server.py:215 | fit_round 30: strategy sampled 8 clients (out of 20)
[2m[36m(launch_and_fit pid=1354434)[0m double free or corruption (fasttop)
[2m[36m(launch_and_fit pid=1354437)[0m malloc_consolidate(): invalid chunk size
[2m[36m(launch_and_fit pid=1354436)[0m malloc_consolidate(): invalid chunk size
[2m[36m(launch_and_fit pid=1354441)[0m corrupted size vs. prev_size in fastbins
DEBUG flwr 2023-08-20 02:57:55,277 | server.py:229 | fit_round 30 received 8 results and 0 failures
INFO flwr 2023-08-20 02:57:55,382 | fed_df.py:365 | Warm start at round 30
[2m[36m(launch_and_fit pid=1354440)[0m double free or corruption (fasttop)
INFO flwr 2023-08-20 02:57:55,478 | fed_df.py:463 | Performing server side distillation training...
[2m[36m(launch_and_fit pid=1354436)[0m Fitting Client 15
[2m[36m(launch_and_fit pid=1354434)[0m Fitting Client 16
[2m[36m(launch_and_fit pid=1354437)[0m Fitting Client 18
[2m[36m(launch_and_fit pid=1354440)[0m Fitting Client 1
[2m[36m(launch_and_fit pid=1354441)[0m Fitting Client 19
[2m[36m(launch_and_fit pid=1354438)[0m Fitting Client 8
[2m[36m(launch_and_fit pid=1354439)[0m Fitting Client 5
[2m[36m(launch_and_fit pid=1354442)[0m Fitting Client 2
[2m[36m(launch_and_fit pid=1354442)[0m malloc_consolidate(): invalid chunk size
E0820 02:57:56.120326286 1313207 chttp2_transport.cc:1079]             ipv4:145.136.62.18:41303: Received a GOAWAY with error code ENHANCE_YOUR_CALM and debug data equal to "too_many_pings". Current keepalive time (before throttling): ∞
[2m[36m(launch_and_fit pid=1354438)[0m malloc_consolidate(): invalid chunk size
[2m[36m(launch_and_fit pid=1354439)[0m malloc_consolidate(): invalid chunk size
INFO flwr 2023-08-20 02:58:36,545 | fed_df.py:540 | Distillation training stopped at step number : 250
INFO flwr 2023-08-20 02:58:36,546 | fed_df.py:547 | Average fusion training loss : 0.40488821411132814, val accuracy : 0.32405513561582927, best val accuracy : 0.35060026678523787
INFO flwr 2023-08-20 02:58:36,547 | common.py:35 | Avg. local train loss : 7.945079278200865, train acc : 0.7497160493827161
INFO flwr 2023-08-20 02:58:38,700 | server.py:116 | fit progress: (30, 3.0026357733107543, {'server_test_acc': 0.13871866295264623}, 2424.2391019170173)
INFO flwr 2023-08-20 02:58:38,701 | server.py:163 | evaluate_round 30: no clients selected, cancel
INFO flwr 2023-08-20 02:58:38,701 | server.py:144 | FL finished in 2424.2394447922707
INFO flwr 2023-08-20 02:58:38,701 | app.py:202 | app_fit: losses_distributed []
INFO flwr 2023-08-20 02:58:38,702 | app.py:203 | app_fit: metrics_distributed {}
INFO flwr 2023-08-20 02:58:38,702 | app.py:204 | app_fit: losses_centralized [(0, 2.1845225108367154), (1, 2.175082012006499), (2, 2.1000627185640894), (3, 1.959773781970351), (4, 2.5177491749893655), (5, 2.306703720517809), (6, 2.7794740152226187), (7, 1.357541921875935), (8, 2.568056676646793), (9, 1.9066371644107745), (10, 1.9371592476507415), (11, 2.4684458992939473), (12, 1.7387046723644715), (13, 2.1543595680619347), (14, 3.6801741902874703), (15, 2.470454323059337), (16, 1.5546557301598338), (17, 1.5366641853513159), (18, 1.8565464577635018), (19, 1.7480598606439022), (20, 1.8622092039804272), (21, 1.721546027520905), (22, 1.9645677991564228), (23, 2.57283115997952), (24, 3.7460975235219123), (25, 2.8550210105343448), (26, 2.942679800495796), (27, 2.0390771687860942), (28, 2.5115139618557474), (29, 2.789392281109908), (30, 3.0026357733107543)]
INFO flwr 2023-08-20 02:58:38,702 | app.py:205 | app_fit: metrics_centralized {'server_test_acc': [(0, 0.11030640668523677), (1, 0.4277158774373259), (2, 0.6274373259052924), (3, 0.44122562674094706), (4, 0.48885793871866295), (5, 0.6583565459610028), (6, 0.6473537604456825), (7, 0.5981894150417827), (8, 0.4314763231197772), (9, 0.5589136490250697), (10, 0.5370473537604457), (11, 0.44944289693593314), (12, 0.5051532033426184), (13, 0.465041782729805), (14, 0.31559888579387185), (15, 0.38008356545961003), (16, 0.4632311977715877), (17, 0.5064066852367688), (18, 0.5089136490250696), (19, 0.46350974930362115), (20, 0.30905292479108637), (21, 0.4435933147632312), (22, 0.36685236768802226), (23, 0.19025069637883008), (24, 0.21559888579387188), (25, 0.3511142061281337), (26, 0.398050139275766), (27, 0.36768802228412256), (28, 0.2922005571030641), (29, 0.26838440111420614), (30, 0.13871866295264623)]}
malloc_consolidate(): invalid chunk size
srun: error: gcn18: task 0: Aborted
srun: Terminating StepId=3425368.1
-----EXPERIMENT ENDS-----
-----CLEANING UP DISK------
-----END-----

JOB STATISTICS
==============
Job ID: 3425368
Cluster: snellius
User/Group: sunnys/sunnys
State: COMPLETED (exit code 0)
Nodes: 1
Cores per node: 18
CPU Utilized: 01:47:28
CPU Efficiency: 14.36% of 12:28:30 core-walltime
Job Wall-clock time: 00:41:35
Memory Utilized: 52.07 GB
Memory Efficiency: 43.39% of 120.00 GB
