-----BEGIN-----
-----SETTINGS-----
STRATEGY:feddf
MODEL_NAME:resnet8
NUM_CLIENTS:
NUM_ROUNDS:30
FRACTION_FIT:0.4
FRACTION_EVALUATE:0.0
DATASET_NAME:cifar10
PARTITION_ALPHA:100.0
PARTITION_VAL_RATION:0.1
BATCH_SIZE:1024
LOCAL_EPOCHS:80
LOCAL_LR:0.05
SERVER_STEPS:500
SERVER_EARLY_STEPS:1000
USE_EARLY_STOPPING:False
USE_ADAPTIVE_LR:False
SEED:42
CUDA_DETERMINISTIC:False
USE_CROPS:True
IMG_NAME:ameyoko.jpg
DISTILL_DATASET:cifar100
DISTILL_ALPHA:1.0
NUM_DISTILL_IMAGES:2250
WARM_START:False
-----SETTINGS END-----
-----EXPERIMENT BEGINS-----
---------
Generating crops for FedDF
Namespace(img_size=32, batch_size=32, num_imgs=2250, threads=12, vflip=False, deg=30, shear=30, cropfirst=True, initcrop=0.5, scale=[500, 1], randinterp=False, debug=False, imgpath='./static/single_images/ameyoko.jpg', targetpath='/scratch-local/sunnys.2766742', seed=42, img_per_thread=187)
will save 2250 patches in /scratch-local/sunnys.2766742/single_img_crops/crops
2250 took 0.04min with 12 threads
---------
Simulating feddf training
INFO flwr 2023-05-18 16:49:20,683 | app.py:145 | Starting Flower simulation, config: ServerConfig(num_rounds=30, round_timeout=None)
2023-05-18 16:49:23,014	INFO worker.py:1529 -- Started a local Ray instance. View the dashboard at [1m[32m127.0.0.1:8265 [39m[22m
INFO flwr 2023-05-18 16:49:26,928 | app.py:179 | Flower VCE: Ray initialized with resources: {'CPU': 72.0, 'memory': 358176598631.0, 'object_store_memory': 157789970841.0, 'node:145.136.62.22': 1.0, 'accelerator_type:A100': 1.0, 'GPU': 1.0}
INFO flwr 2023-05-18 16:49:26,928 | server.py:86 | Initializing global parameters
INFO flwr 2023-05-18 16:49:26,928 | server.py:266 | Using initial parameters provided by strategy
INFO flwr 2023-05-18 16:49:26,928 | server.py:88 | Evaluating initial parameters
Downloading https://www.cs.toronto.edu/~kriz/cifar-10-python.tar.gz to /scratch-local/sunnys.2766742/cifar-10-python.tar.gz
Extracting /scratch-local/sunnys.2766742/cifar-10-python.tar.gz to /scratch-local/sunnys.2766742
Generating unified cifar10 dataset
Class histogram for 0-th partition (alpha=100.0, 10 classes): [256 249 217 265 244 275 235 226 275 258]
INFO flwr 2023-05-18 16:49:31,362 | server.py:91 | initial parameters (loss, other metrics): 2.323421728515625, {'server_test_acc': 0.108}
INFO flwr 2023-05-18 16:49:31,363 | server.py:101 | FL starting
DEBUG flwr 2023-05-18 16:49:31,363 | server.py:215 | fit_round 1: strategy sampled 8 clients (out of 20)
DEBUG flwr 2023-05-18 16:50:25,934 | server.py:229 | fit_round 1 received 8 results and 0 failures
[2m[36m(launch_and_fit pid=2477686)[0m Fitting Client 3
[2m[36m(launch_and_fit pid=2477681)[0m Fitting Client 14
[2m[36m(launch_and_fit pid=2477682)[0m Fitting Client 12
[2m[36m(launch_and_fit pid=2477691)[0m Fitting Client 2
[2m[36m(launch_and_fit pid=2477683)[0m Fitting Client 13
[2m[36m(launch_and_fit pid=2477684)[0m Fitting Client 5
[2m[36m(launch_and_fit pid=2477690)[0m Fitting Client 11
[2m[36m(launch_and_fit pid=2477687)[0m Fitting Client 8
Performing server side distillation training...
Distillation training stopped at step number : 500
Average fusion training loss : 0.08825336153805256, val accuracy : 0.42955999999999994
Average local training loss : 4.461517367884517
Average local training accuracy : 0.4459902777777778
INFO flwr 2023-05-18 16:51:01,731 | server.py:116 | fit progress: (1, 1.5178569091796874, {'server_test_acc': 0.4544}, 90.36891942401417)
INFO flwr 2023-05-18 16:51:01,732 | server.py:163 | evaluate_round 1: no clients selected, cancel
DEBUG flwr 2023-05-18 16:51:01,732 | server.py:215 | fit_round 2: strategy sampled 8 clients (out of 20)
DEBUG flwr 2023-05-18 16:51:55,467 | server.py:229 | fit_round 2 received 8 results and 0 failures
[2m[36m(launch_and_fit pid=2609199)[0m Fitting Client 8
[2m[36m(launch_and_fit pid=2609203)[0m Fitting Client 5
[2m[36m(launch_and_fit pid=2609213)[0m Fitting Client 7
[2m[36m(launch_and_fit pid=2609215)[0m Fitting Client 19
[2m[36m(launch_and_fit pid=2609202)[0m Fitting Client 6
[2m[36m(launch_and_fit pid=2609211)[0m Fitting Client 17
[2m[36m(launch_and_fit pid=2609212)[0m Fitting Client 2
[2m[36m(launch_and_fit pid=2609214)[0m Fitting Client 15
Performing server side distillation training...
Distillation training stopped at step number : 500
Average fusion training loss : 0.0361102341953665, val accuracy : 0.43364
Average local training loss : 4.487097589299083
Average local training accuracy : 0.4515847222222223
INFO flwr 2023-05-18 16:52:34,246 | server.py:116 | fit progress: (2, 1.5609176147460937, {'server_test_acc': 0.4421}, 182.88354677299503)
INFO flwr 2023-05-18 16:52:34,246 | server.py:163 | evaluate_round 2: no clients selected, cancel
DEBUG flwr 2023-05-18 16:52:34,246 | server.py:215 | fit_round 3: strategy sampled 8 clients (out of 20)
DEBUG flwr 2023-05-18 16:53:26,970 | server.py:229 | fit_round 3 received 8 results and 0 failures
[2m[36m(launch_and_fit pid=2735501)[0m Fitting Client 0
[2m[36m(launch_and_fit pid=2735495)[0m Fitting Client 8
[2m[36m(launch_and_fit pid=2735499)[0m Fitting Client 1
[2m[36m(launch_and_fit pid=2735496)[0m Fitting Client 17
[2m[36m(launch_and_fit pid=2735500)[0m Fitting Client 13
[2m[36m(launch_and_fit pid=2735497)[0m Fitting Client 10
[2m[36m(launch_and_fit pid=2735498)[0m Fitting Client 7
[2m[36m(launch_and_fit pid=2735494)[0m Fitting Client 3
Performing server side distillation training...
Distillation training stopped at step number : 500
Average fusion training loss : 0.030360561301931738, val accuracy : 0.43756000000000006
Average local training loss : 4.549179170280695
Average local training accuracy : 0.44323125
INFO flwr 2023-05-18 16:54:03,236 | server.py:116 | fit progress: (3, 1.525333251953125, {'server_test_acc': 0.4442}, 271.8734783940017)
INFO flwr 2023-05-18 16:54:03,236 | server.py:163 | evaluate_round 3: no clients selected, cancel
DEBUG flwr 2023-05-18 16:54:03,236 | server.py:215 | fit_round 4: strategy sampled 8 clients (out of 20)
DEBUG flwr 2023-05-18 16:54:55,894 | server.py:229 | fit_round 4 received 8 results and 0 failures
[2m[36m(launch_and_fit pid=2856927)[0m Fitting Client 11
[2m[36m(launch_and_fit pid=2856914)[0m Fitting Client 12
[2m[36m(launch_and_fit pid=2856917)[0m Fitting Client 9
[2m[36m(launch_and_fit pid=2856926)[0m Fitting Client 6
[2m[36m(launch_and_fit pid=2856913)[0m Fitting Client 10
[2m[36m(launch_and_fit pid=2856916)[0m Fitting Client 14
[2m[36m(launch_and_fit pid=2856928)[0m Fitting Client 2
[2m[36m(launch_and_fit pid=2856915)[0m Fitting Client 8
Performing server side distillation training...
E0518 16:55:31.428508808 2477141 chttp2_transport.cc:1079]             ipv4:145.136.62.22:47675: Received a GOAWAY with error code ENHANCE_YOUR_CALM and debug data equal to "too_many_pings". Current keepalive time (before throttling): 60000ms
Distillation training stopped at step number : 500
Average fusion training loss : 0.03133038551546633, val accuracy : 0.47084000000000004
Average local training loss : 4.476294252835214
Average local training accuracy : 0.45222847222222223
INFO flwr 2023-05-18 16:55:32,562 | server.py:116 | fit progress: (4, 1.4353900512695312, {'server_test_acc': 0.4871}, 361.1989645990543)
INFO flwr 2023-05-18 16:55:32,562 | server.py:163 | evaluate_round 4: no clients selected, cancel
DEBUG flwr 2023-05-18 16:55:32,562 | server.py:215 | fit_round 5: strategy sampled 8 clients (out of 20)
DEBUG flwr 2023-05-18 16:56:25,437 | server.py:229 | fit_round 5 received 8 results and 0 failures
[2m[36m(launch_and_fit pid=2977945)[0m Fitting Client 10
[2m[36m(launch_and_fit pid=2977946)[0m Fitting Client 6
[2m[36m(launch_and_fit pid=2977951)[0m Fitting Client 2
[2m[36m(launch_and_fit pid=2977950)[0m Fitting Client 12
[2m[36m(launch_and_fit pid=2977949)[0m Fitting Client 17
[2m[36m(launch_and_fit pid=2977948)[0m Fitting Client 15
[2m[36m(launch_and_fit pid=2977952)[0m Fitting Client 4
[2m[36m(launch_and_fit pid=2977947)[0m Fitting Client 14
Performing server side distillation training...
Distillation training stopped at step number : 500
Average fusion training loss : 0.02827843600511551, val accuracy : 0.47531999999999996
Average local training loss : 4.402080953028053
Average local training accuracy : 0.4612868055555555
INFO flwr 2023-05-18 16:57:02,188 | server.py:116 | fit progress: (5, 1.4273718627929688, {'server_test_acc': 0.4783}, 450.82574889296666)
INFO flwr 2023-05-18 16:57:02,188 | server.py:163 | evaluate_round 5: no clients selected, cancel
DEBUG flwr 2023-05-18 16:57:02,189 | server.py:215 | fit_round 6: strategy sampled 8 clients (out of 20)
DEBUG flwr 2023-05-18 16:57:55,275 | server.py:229 | fit_round 6 received 8 results and 0 failures
[2m[36m(launch_and_fit pid=3099362)[0m Fitting Client 8
[2m[36m(launch_and_fit pid=3099363)[0m Fitting Client 6
[2m[36m(launch_and_fit pid=3099359)[0m Fitting Client 17
[2m[36m(launch_and_fit pid=3099358)[0m Fitting Client 7
[2m[36m(launch_and_fit pid=3099357)[0m Fitting Client 18
[2m[36m(launch_and_fit pid=3099361)[0m Fitting Client 13
[2m[36m(launch_and_fit pid=3099360)[0m Fitting Client 9
[2m[36m(launch_and_fit pid=3099364)[0m Fitting Client 14
Performing server side distillation training...
Distillation training stopped at step number : 500
Average fusion training loss : 0.029275767955929042, val accuracy : 0.5041599999999999
Average local training loss : 4.270807243604214
Average local training accuracy : 0.47952430555555564
INFO flwr 2023-05-18 16:58:32,347 | server.py:116 | fit progress: (6, 1.3865631103515625, {'server_test_acc': 0.5048}, 540.9841980519705)
INFO flwr 2023-05-18 16:58:32,347 | server.py:163 | evaluate_round 6: no clients selected, cancel
DEBUG flwr 2023-05-18 16:58:32,347 | server.py:215 | fit_round 7: strategy sampled 8 clients (out of 20)
DEBUG flwr 2023-05-18 16:59:26,803 | server.py:229 | fit_round 7 received 8 results and 0 failures
[2m[36m(launch_and_fit pid=3220352)[0m Fitting Client 0
[2m[36m(launch_and_fit pid=3220356)[0m Fitting Client 7
[2m[36m(launch_and_fit pid=3220355)[0m Fitting Client 4
[2m[36m(launch_and_fit pid=3220351)[0m Fitting Client 11
[2m[36m(launch_and_fit pid=3220357)[0m Fitting Client 15
[2m[36m(launch_and_fit pid=3220353)[0m Fitting Client 12
[2m[36m(launch_and_fit pid=3220354)[0m Fitting Client 16
[2m[36m(launch_and_fit pid=3220350)[0m Fitting Client 1
Performing server side distillation training...
Distillation training stopped at step number : 500
Average fusion training loss : 0.032666380643844604, val accuracy : 0.50024
Average local training loss : 3.992765024583787
Average local training accuracy : 0.5188770833333334
INFO flwr 2023-05-18 17:00:04,083 | server.py:116 | fit progress: (7, 1.4365592651367187, {'server_test_acc': 0.4922}, 632.7204477150226)
INFO flwr 2023-05-18 17:00:04,083 | server.py:163 | evaluate_round 7: no clients selected, cancel
DEBUG flwr 2023-05-18 17:00:04,083 | server.py:215 | fit_round 8: strategy sampled 8 clients (out of 20)
DEBUG flwr 2023-05-18 17:00:57,750 | server.py:229 | fit_round 8 received 8 results and 0 failures
[2m[36m(launch_and_fit pid=3341891)[0m Fitting Client 3
[2m[36m(launch_and_fit pid=3341895)[0m Fitting Client 14
[2m[36m(launch_and_fit pid=3341896)[0m Fitting Client 6
[2m[36m(launch_and_fit pid=3341893)[0m Fitting Client 13
[2m[36m(launch_and_fit pid=3341894)[0m Fitting Client 5
[2m[36m(launch_and_fit pid=3341897)[0m Fitting Client 9
[2m[36m(launch_and_fit pid=3341898)[0m Fitting Client 2
[2m[36m(launch_and_fit pid=3341892)[0m Fitting Client 4
Performing server side distillation training...
Distillation training stopped at step number : 500
Average fusion training loss : 0.03543841165862977, val accuracy : 0.51292
Average local training loss : 3.7250314421951773
Average local training accuracy : 0.5504256944444444
INFO flwr 2023-05-18 17:01:35,156 | server.py:116 | fit progress: (8, 1.3647822631835937, {'server_test_acc': 0.5099}, 723.7939141140087)
INFO flwr 2023-05-18 17:01:35,157 | server.py:163 | evaluate_round 8: no clients selected, cancel
DEBUG flwr 2023-05-18 17:01:35,157 | server.py:215 | fit_round 9: strategy sampled 8 clients (out of 20)
DEBUG flwr 2023-05-18 17:02:28,527 | server.py:229 | fit_round 9 received 8 results and 0 failures
[2m[36m(launch_and_fit pid=3463264)[0m Fitting Client 16
[2m[36m(launch_and_fit pid=3463265)[0m Fitting Client 0
[2m[36m(launch_and_fit pid=3463263)[0m Fitting Client 14
[2m[36m(launch_and_fit pid=3463269)[0m Fitting Client 17
[2m[36m(launch_and_fit pid=3463267)[0m Fitting Client 3
[2m[36m(launch_and_fit pid=3463270)[0m Fitting Client 10
[2m[36m(launch_and_fit pid=3463266)[0m Fitting Client 8
[2m[36m(launch_and_fit pid=3463268)[0m Fitting Client 12
Performing server side distillation training...
Distillation training stopped at step number : 500
Average fusion training loss : 0.037288965860381725, val accuracy : 0.51264
Average local training loss : 3.602355242334306
Average local training accuracy : 0.5647895833333333
INFO flwr 2023-05-18 17:03:06,157 | server.py:116 | fit progress: (9, 1.3484051025390624, {'server_test_acc': 0.5177}, 814.7942599570379)
INFO flwr 2023-05-18 17:03:06,157 | server.py:163 | evaluate_round 9: no clients selected, cancel
DEBUG flwr 2023-05-18 17:03:06,157 | server.py:215 | fit_round 10: strategy sampled 8 clients (out of 20)
DEBUG flwr 2023-05-18 17:03:58,891 | server.py:229 | fit_round 10 received 8 results and 0 failures
[2m[36m(launch_and_fit pid=3588708)[0m Fitting Client 3
[2m[36m(launch_and_fit pid=3588715)[0m Fitting Client 0
[2m[36m(launch_and_fit pid=3588712)[0m Fitting Client 2
[2m[36m(launch_and_fit pid=3588711)[0m Fitting Client 13
[2m[36m(launch_and_fit pid=3588713)[0m Fitting Client 7
[2m[36m(launch_and_fit pid=3588709)[0m Fitting Client 10
[2m[36m(launch_and_fit pid=3588714)[0m Fitting Client 9
[2m[36m(launch_and_fit pid=3588710)[0m Fitting Client 8
Performing server side distillation training...
Distillation training stopped at step number : 500
Average fusion training loss : 0.03794369954615831, val accuracy : 0.55008
Average local training loss : 3.2404067325405777
Average local training accuracy : 0.6112916666666667
INFO flwr 2023-05-18 17:04:36,638 | server.py:116 | fit progress: (10, 1.2726245727539063, {'server_test_acc': 0.5416}, 905.2750900990795)
INFO flwr 2023-05-18 17:04:36,638 | server.py:163 | evaluate_round 10: no clients selected, cancel
DEBUG flwr 2023-05-18 17:04:36,638 | server.py:215 | fit_round 11: strategy sampled 8 clients (out of 20)
DEBUG flwr 2023-05-18 17:05:30,338 | server.py:229 | fit_round 11 received 8 results and 0 failures
[2m[36m(launch_and_fit pid=3715345)[0m Fitting Client 8
[2m[36m(launch_and_fit pid=3715348)[0m Fitting Client 3
[2m[36m(launch_and_fit pid=3715346)[0m Fitting Client 18
[2m[36m(launch_and_fit pid=3715350)[0m Fitting Client 10
[2m[36m(launch_and_fit pid=3715347)[0m Fitting Client 5
[2m[36m(launch_and_fit pid=3715351)[0m Fitting Client 13
[2m[36m(launch_and_fit pid=3715344)[0m Fitting Client 16
[2m[36m(launch_and_fit pid=3715349)[0m Fitting Client 4
Performing server side distillation training...
Distillation training stopped at step number : 500
Average fusion training loss : 0.03775223882123828, val accuracy : 0.54684
Average local training loss : 3.280008403025567
Average local training accuracy : 0.6083402777777778
INFO flwr 2023-05-18 17:06:08,726 | server.py:116 | fit progress: (11, 1.3001189697265625, {'server_test_acc': 0.5472}, 997.3635268110083)
INFO flwr 2023-05-18 17:06:08,726 | server.py:163 | evaluate_round 11: no clients selected, cancel
DEBUG flwr 2023-05-18 17:06:08,726 | server.py:215 | fit_round 12: strategy sampled 8 clients (out of 20)
DEBUG flwr 2023-05-18 17:07:02,742 | server.py:229 | fit_round 12 received 8 results and 0 failures
[2m[36m(launch_and_fit pid=3844497)[0m Fitting Client 8
[2m[36m(launch_and_fit pid=3844492)[0m Fitting Client 16
[2m[36m(launch_and_fit pid=3844494)[0m Fitting Client 4
[2m[36m(launch_and_fit pid=3844496)[0m Fitting Client 12
[2m[36m(launch_and_fit pid=3844501)[0m Fitting Client 14
[2m[36m(launch_and_fit pid=3844495)[0m Fitting Client 6
[2m[36m(launch_and_fit pid=3844493)[0m Fitting Client 11
[2m[36m(launch_and_fit pid=3844491)[0m Fitting Client 5
Performing server side distillation training...
Distillation training stopped at step number : 500
Average fusion training loss : 0.03479885394126177, val accuracy : 0.49795999999999996
Average local training loss : 3.3156309104524557
Average local training accuracy : 0.6044854166666667
INFO flwr 2023-05-18 17:07:41,131 | server.py:116 | fit progress: (12, 1.4312951538085938, {'server_test_acc': 0.5039}, 1089.7681663379772)
INFO flwr 2023-05-18 17:07:41,131 | server.py:163 | evaluate_round 12: no clients selected, cancel
DEBUG flwr 2023-05-18 17:07:41,131 | server.py:215 | fit_round 13: strategy sampled 8 clients (out of 20)
DEBUG flwr 2023-05-18 17:08:35,380 | server.py:229 | fit_round 13 received 8 results and 0 failures
[2m[36m(launch_and_fit pid=3969006)[0m Fitting Client 19
[2m[36m(launch_and_fit pid=3969009)[0m Fitting Client 5
[2m[36m(launch_and_fit pid=3969004)[0m Fitting Client 10
[2m[36m(launch_and_fit pid=3969010)[0m Fitting Client 12
[2m[36m(launch_and_fit pid=3969005)[0m Fitting Client 15
[2m[36m(launch_and_fit pid=3969003)[0m Fitting Client 0
[2m[36m(launch_and_fit pid=3969008)[0m Fitting Client 3
[2m[36m(launch_and_fit pid=3969007)[0m Fitting Client 14
Performing server side distillation training...
Distillation training stopped at step number : 500
Average fusion training loss : 0.041810662651434544, val accuracy : 0.52668
Average local training loss : 3.0054953859653324
Average local training accuracy : 0.6418645833333333
INFO flwr 2023-05-18 17:09:13,730 | server.py:116 | fit progress: (13, 1.4153296020507813, {'server_test_acc': 0.5262}, 1182.3671442050254)
INFO flwr 2023-05-18 17:09:13,730 | server.py:163 | evaluate_round 13: no clients selected, cancel
DEBUG flwr 2023-05-18 17:09:13,730 | server.py:215 | fit_round 14: strategy sampled 8 clients (out of 20)
DEBUG flwr 2023-05-18 17:10:07,069 | server.py:229 | fit_round 14 received 8 results and 0 failures
[2m[36m(launch_and_fit pid=4090330)[0m Fitting Client 9
[2m[36m(launch_and_fit pid=4090331)[0m Fitting Client 7
[2m[36m(launch_and_fit pid=4090335)[0m Fitting Client 17
[2m[36m(launch_and_fit pid=4090337)[0m Fitting Client 16
[2m[36m(launch_and_fit pid=4090332)[0m Fitting Client 18
[2m[36m(launch_and_fit pid=4090334)[0m Fitting Client 2
[2m[36m(launch_and_fit pid=4090336)[0m Fitting Client 11
[2m[36m(launch_and_fit pid=4090333)[0m Fitting Client 1
Performing server side distillation training...
Distillation training stopped at step number : 500
Average fusion training loss : 0.040274098815396425, val accuracy : 0.53928
Average local training loss : 3.0286413078196346
Average local training accuracy : 0.6393826388888889
INFO flwr 2023-05-18 17:10:45,431 | server.py:116 | fit progress: (14, 1.3248740356445312, {'server_test_acc': 0.5497}, 1274.068568081013)
INFO flwr 2023-05-18 17:10:45,431 | server.py:163 | evaluate_round 14: no clients selected, cancel
DEBUG flwr 2023-05-18 17:10:45,431 | server.py:215 | fit_round 15: strategy sampled 8 clients (out of 20)
DEBUG flwr 2023-05-18 17:11:39,612 | server.py:229 | fit_round 15 received 8 results and 0 failures
[2m[36m(launch_and_fit pid=17943)[0m Fitting Client 2
[2m[36m(launch_and_fit pid=17950)[0m Fitting Client 8
[2m[36m(launch_and_fit pid=17947)[0m Fitting Client 15
[2m[36m(launch_and_fit pid=17948)[0m Fitting Client 18
[2m[36m(launch_and_fit pid=17952)[0m Fitting Client 19
[2m[36m(launch_and_fit pid=17951)[0m Fitting Client 16
[2m[36m(launch_and_fit pid=17949)[0m Fitting Client 4
[2m[36m(launch_and_fit pid=17946)[0m Fitting Client 17
Performing server side distillation training...
Distillation training stopped at step number : 500
Average fusion training loss : 0.04353626350872219, val accuracy : 0.5524799999999999
Average local training loss : 2.9376711330376564
Average local training accuracy : 0.65048125
INFO flwr 2023-05-18 17:12:18,506 | server.py:116 | fit progress: (15, 1.3704519775390624, {'server_test_acc': 0.5315}, 1367.143093737075)
INFO flwr 2023-05-18 17:12:18,506 | server.py:163 | evaluate_round 15: no clients selected, cancel
DEBUG flwr 2023-05-18 17:12:18,506 | server.py:215 | fit_round 16: strategy sampled 8 clients (out of 20)
DEBUG flwr 2023-05-18 17:13:12,622 | server.py:229 | fit_round 16 received 8 results and 0 failures
[2m[36m(launch_and_fit pid=140078)[0m Fitting Client 10
[2m[36m(launch_and_fit pid=140074)[0m Fitting Client 9
[2m[36m(launch_and_fit pid=140076)[0m Fitting Client 18
[2m[36m(launch_and_fit pid=140072)[0m Fitting Client 13
[2m[36m(launch_and_fit pid=140073)[0m Fitting Client 16
[2m[36m(launch_and_fit pid=140071)[0m Fitting Client 6
[2m[36m(launch_and_fit pid=140075)[0m Fitting Client 17
[2m[36m(launch_and_fit pid=140077)[0m Fitting Client 19
Performing server side distillation training...
Distillation training stopped at step number : 500
Average fusion training loss : 0.04241182055324316, val accuracy : 0.5366799999999999
Average local training loss : 2.6984547960571943
Average local training accuracy : 0.6804125
INFO flwr 2023-05-18 17:13:51,309 | server.py:116 | fit progress: (16, 1.4170153930664062, {'server_test_acc': 0.5331}, 1459.9466541690053)
INFO flwr 2023-05-18 17:13:51,309 | server.py:163 | evaluate_round 16: no clients selected, cancel
DEBUG flwr 2023-05-18 17:13:51,310 | server.py:215 | fit_round 17: strategy sampled 8 clients (out of 20)
DEBUG flwr 2023-05-18 17:14:47,453 | server.py:229 | fit_round 17 received 8 results and 0 failures
[2m[36m(launch_and_fit pid=261308)[0m Fitting Client 17
[2m[36m(launch_and_fit pid=261303)[0m Fitting Client 14
[2m[36m(launch_and_fit pid=261306)[0m Fitting Client 18
[2m[36m(launch_and_fit pid=261304)[0m Fitting Client 16
[2m[36m(launch_and_fit pid=261298)[0m Fitting Client 15
[2m[36m(launch_and_fit pid=261307)[0m Fitting Client 3
[2m[36m(launch_and_fit pid=261297)[0m Fitting Client 11
[2m[36m(launch_and_fit pid=261309)[0m Fitting Client 1
Performing server side distillation training...
Distillation training stopped at step number : 500
Average fusion training loss : 0.04304908949322998, val accuracy : 0.5463199999999999
Average local training loss : 2.8254260981455444
Average local training accuracy : 0.6659034722222222
INFO flwr 2023-05-18 17:15:26,467 | server.py:116 | fit progress: (17, 1.3165277587890625, {'server_test_acc': 0.5499}, 1555.1041940740542)
INFO flwr 2023-05-18 17:15:26,467 | server.py:163 | evaluate_round 17: no clients selected, cancel
DEBUG flwr 2023-05-18 17:15:26,467 | server.py:215 | fit_round 18: strategy sampled 8 clients (out of 20)
DEBUG flwr 2023-05-18 17:16:21,713 | server.py:229 | fit_round 18 received 8 results and 0 failures
[2m[36m(launch_and_fit pid=382515)[0m Fitting Client 17
[2m[36m(launch_and_fit pid=382521)[0m Fitting Client 18
[2m[36m(launch_and_fit pid=382517)[0m Fitting Client 0
[2m[36m(launch_and_fit pid=382520)[0m Fitting Client 1
[2m[36m(launch_and_fit pid=382522)[0m Fitting Client 16
[2m[36m(launch_and_fit pid=382518)[0m Fitting Client 7
[2m[36m(launch_and_fit pid=382516)[0m Fitting Client 10
[2m[36m(launch_and_fit pid=382519)[0m Fitting Client 11
Performing server side distillation training...
Distillation training stopped at step number : 500
Average fusion training loss : 0.04066185078956187, val accuracy : 0.5692
Average local training loss : 2.59267265284434
Average local training accuracy : 0.6934555555555556
INFO flwr 2023-05-18 17:17:01,233 | server.py:116 | fit progress: (18, 1.4146648681640626, {'server_test_acc': 0.5494}, 1649.8699222080177)
INFO flwr 2023-05-18 17:17:01,233 | server.py:163 | evaluate_round 18: no clients selected, cancel
DEBUG flwr 2023-05-18 17:17:01,233 | server.py:215 | fit_round 19: strategy sampled 8 clients (out of 20)
DEBUG flwr 2023-05-18 17:17:55,197 | server.py:229 | fit_round 19 received 8 results and 0 failures
[2m[36m(launch_and_fit pid=504605)[0m Fitting Client 16
[2m[36m(launch_and_fit pid=504602)[0m Fitting Client 2
[2m[36m(launch_and_fit pid=504607)[0m Fitting Client 8
[2m[36m(launch_and_fit pid=504595)[0m Fitting Client 1
[2m[36m(launch_and_fit pid=504601)[0m Fitting Client 19
[2m[36m(launch_and_fit pid=504604)[0m Fitting Client 10
[2m[36m(launch_and_fit pid=504603)[0m Fitting Client 7
[2m[36m(launch_and_fit pid=504606)[0m Fitting Client 3
Performing server side distillation training...
Distillation training stopped at step number : 500
Average fusion training loss : 0.0433674645293504, val accuracy : 0.54316
Average local training loss : 2.7036310454364867
Average local training accuracy : 0.6798388888888889
INFO flwr 2023-05-18 17:18:34,878 | server.py:116 | fit progress: (19, 1.3536249145507813, {'server_test_acc': 0.5477}, 1743.5158852699678)
INFO flwr 2023-05-18 17:18:34,879 | server.py:163 | evaluate_round 19: no clients selected, cancel
DEBUG flwr 2023-05-18 17:18:34,879 | server.py:215 | fit_round 20: strategy sampled 8 clients (out of 20)
DEBUG flwr 2023-05-18 17:19:28,547 | server.py:229 | fit_round 20 received 8 results and 0 failures
[2m[36m(launch_and_fit pid=631000)[0m Fitting Client 8
[2m[36m(launch_and_fit pid=631005)[0m Fitting Client 3
[2m[36m(launch_and_fit pid=631001)[0m Fitting Client 6
[2m[36m(launch_and_fit pid=631007)[0m Fitting Client 7
[2m[36m(launch_and_fit pid=630999)[0m Fitting Client 4
[2m[36m(launch_and_fit pid=631006)[0m Fitting Client 12
[2m[36m(launch_and_fit pid=631004)[0m Fitting Client 18
[2m[36m(launch_and_fit pid=631003)[0m Fitting Client 15
Performing server side distillation training...
E0518 17:19:51.510787532  308029 chttp2_transport.cc:1079]             ipv4:145.136.62.22:47675: Received a GOAWAY with error code ENHANCE_YOUR_CALM and debug data equal to "too_many_pings". Current keepalive time (before throttling): 120000ms
Distillation training stopped at step number : 500
Average fusion training loss : 0.04489519168995321, val accuracy : 0.5364
Average local training loss : 2.572656462527812
Average local training accuracy : 0.6976208333333334
INFO flwr 2023-05-18 17:20:08,033 | server.py:116 | fit progress: (20, 1.4377028930664062, {'server_test_acc': 0.5366}, 1836.6706269499846)
INFO flwr 2023-05-18 17:20:08,033 | server.py:163 | evaluate_round 20: no clients selected, cancel
DEBUG flwr 2023-05-18 17:20:08,034 | server.py:215 | fit_round 21: strategy sampled 8 clients (out of 20)
DEBUG flwr 2023-05-18 17:21:02,878 | server.py:229 | fit_round 21 received 8 results and 0 failures
[2m[36m(launch_and_fit pid=759269)[0m Fitting Client 19
[2m[36m(launch_and_fit pid=759280)[0m Fitting Client 15
[2m[36m(launch_and_fit pid=759272)[0m Fitting Client 6
[2m[36m(launch_and_fit pid=759279)[0m Fitting Client 5
[2m[36m(launch_and_fit pid=759273)[0m Fitting Client 17
[2m[36m(launch_and_fit pid=759274)[0m Fitting Client 18
[2m[36m(launch_and_fit pid=759271)[0m Fitting Client 3
[2m[36m(launch_and_fit pid=759270)[0m Fitting Client 13
Performing server side distillation training...
Distillation training stopped at step number : 500
Average fusion training loss : 0.04005771446973085, val accuracy : 0.5038
Average local training loss : 2.69770567510277
Average local training accuracy : 0.6831583333333333
INFO flwr 2023-05-18 17:21:42,755 | server.py:116 | fit progress: (21, 1.5584379516601563, {'server_test_acc': 0.4945}, 1931.392298807972)
INFO flwr 2023-05-18 17:21:42,755 | server.py:163 | evaluate_round 21: no clients selected, cancel
DEBUG flwr 2023-05-18 17:21:42,755 | server.py:215 | fit_round 22: strategy sampled 8 clients (out of 20)
DEBUG flwr 2023-05-18 17:22:36,789 | server.py:229 | fit_round 22 received 8 results and 0 failures
[2m[36m(launch_and_fit pid=888001)[0m Fitting Client 14
[2m[36m(launch_and_fit pid=888013)[0m Fitting Client 12
[2m[36m(launch_and_fit pid=888004)[0m Fitting Client 1
[2m[36m(launch_and_fit pid=888014)[0m Fitting Client 5
[2m[36m(launch_and_fit pid=888012)[0m Fitting Client 15
[2m[36m(launch_and_fit pid=888010)[0m Fitting Client 11
[2m[36m(launch_and_fit pid=888011)[0m Fitting Client 18
[2m[36m(launch_and_fit pid=888009)[0m Fitting Client 3
Performing server side distillation training...
Distillation training stopped at step number : 500
Average fusion training loss : 0.04061894936300814, val accuracy : 0.5414399999999999
Average local training loss : 2.4401005900464954
Average local training accuracy : 0.712775
INFO flwr 2023-05-18 17:23:16,661 | server.py:116 | fit progress: (22, 1.4863082397460938, {'server_test_acc': 0.5281}, 2025.2982867970131)
INFO flwr 2023-05-18 17:23:16,661 | server.py:163 | evaluate_round 22: no clients selected, cancel
DEBUG flwr 2023-05-18 17:23:16,661 | server.py:215 | fit_round 23: strategy sampled 8 clients (out of 20)
DEBUG flwr 2023-05-18 17:24:10,435 | server.py:229 | fit_round 23 received 8 results and 0 failures
[2m[36m(launch_and_fit pid=1010467)[0m Fitting Client 15
[2m[36m(launch_and_fit pid=1010468)[0m Fitting Client 16
[2m[36m(launch_and_fit pid=1010462)[0m Fitting Client 17
[2m[36m(launch_and_fit pid=1010463)[0m Fitting Client 3
[2m[36m(launch_and_fit pid=1010469)[0m Fitting Client 2
[2m[36m(launch_and_fit pid=1010464)[0m Fitting Client 7
[2m[36m(launch_and_fit pid=1010466)[0m Fitting Client 6
[2m[36m(launch_and_fit pid=1010465)[0m Fitting Client 14
Performing server side distillation training...
Distillation training stopped at step number : 500
Average fusion training loss : 0.04578455027192831, val accuracy : 0.57612
Average local training loss : 2.3936540117952974
Average local training accuracy : 0.7170930555555556
INFO flwr 2023-05-18 17:24:50,176 | server.py:116 | fit progress: (23, 1.3142314575195313, {'server_test_acc': 0.5642}, 2118.812937665032)
INFO flwr 2023-05-18 17:24:50,176 | server.py:163 | evaluate_round 23: no clients selected, cancel
DEBUG flwr 2023-05-18 17:24:50,176 | server.py:215 | fit_round 24: strategy sampled 8 clients (out of 20)
DEBUG flwr 2023-05-18 17:25:43,828 | server.py:229 | fit_round 24 received 8 results and 0 failures
[2m[36m(launch_and_fit pid=1131637)[0m Fitting Client 14
[2m[36m(launch_and_fit pid=1131638)[0m Fitting Client 8
[2m[36m(launch_and_fit pid=1131639)[0m Fitting Client 19
[2m[36m(launch_and_fit pid=1131642)[0m Fitting Client 18
[2m[36m(launch_and_fit pid=1131641)[0m Fitting Client 7
[2m[36m(launch_and_fit pid=1131643)[0m Fitting Client 13
[2m[36m(launch_and_fit pid=1131640)[0m Fitting Client 12
[2m[36m(launch_and_fit pid=1131644)[0m Fitting Client 2
Performing server side distillation training...
Distillation training stopped at step number : 500
Average fusion training loss : 0.042447478279471394, val accuracy : 0.54112
Average local training loss : 2.3371098625473676
Average local training accuracy : 0.7245930555555555
INFO flwr 2023-05-18 17:26:23,564 | server.py:116 | fit progress: (24, 1.3865910034179687, {'server_test_acc': 0.544}, 2212.2011113880435)
INFO flwr 2023-05-18 17:26:23,564 | server.py:163 | evaluate_round 24: no clients selected, cancel
DEBUG flwr 2023-05-18 17:26:23,564 | server.py:215 | fit_round 25: strategy sampled 8 clients (out of 20)
DEBUG flwr 2023-05-18 17:27:15,588 | server.py:229 | fit_round 25 received 8 results and 0 failures
[2m[36m(launch_and_fit pid=1252849)[0m Fitting Client 1
[2m[36m(launch_and_fit pid=1252850)[0m Fitting Client 14
[2m[36m(launch_and_fit pid=1252847)[0m Fitting Client 0
[2m[36m(launch_and_fit pid=1252848)[0m Fitting Client 3
[2m[36m(launch_and_fit pid=1252851)[0m Fitting Client 17
[2m[36m(launch_and_fit pid=1252853)[0m Fitting Client 12
[2m[36m(launch_and_fit pid=1252854)[0m Fitting Client 19
[2m[36m(launch_and_fit pid=1252852)[0m Fitting Client 2
Performing server side distillation training...
Distillation training stopped at step number : 500
Average fusion training loss : 0.04306559740006924, val accuracy : 0.5662399999999999
Average local training loss : 2.276250446913764
Average local training accuracy : 0.7330451388888889
INFO flwr 2023-05-18 17:27:55,390 | server.py:116 | fit progress: (25, 1.3720411499023437, {'server_test_acc': 0.5606}, 2304.0277360180626)
INFO flwr 2023-05-18 17:27:55,390 | server.py:163 | evaluate_round 25: no clients selected, cancel
DEBUG flwr 2023-05-18 17:27:55,391 | server.py:215 | fit_round 26: strategy sampled 8 clients (out of 20)
DEBUG flwr 2023-05-18 17:28:48,748 | server.py:229 | fit_round 26 received 8 results and 0 failures
[2m[36m(launch_and_fit pid=1374173)[0m Fitting Client 15
[2m[36m(launch_and_fit pid=1374170)[0m Fitting Client 13
[2m[36m(launch_and_fit pid=1374171)[0m Fitting Client 6
[2m[36m(launch_and_fit pid=1374168)[0m Fitting Client 5
[2m[36m(launch_and_fit pid=1374174)[0m Fitting Client 16
[2m[36m(launch_and_fit pid=1374175)[0m Fitting Client 0
[2m[36m(launch_and_fit pid=1374172)[0m Fitting Client 17
[2m[36m(launch_and_fit pid=1374169)[0m Fitting Client 18
Performing server side distillation training...
Distillation training stopped at step number : 500
Average fusion training loss : 0.04227930056862533, val accuracy : 0.5447599999999999
Average local training loss : 2.2429045607801528
Average local training accuracy : 0.7367819444444444
INFO flwr 2023-05-18 17:29:29,028 | server.py:116 | fit progress: (26, 1.470149755859375, {'server_test_acc': 0.539}, 2397.6657553979894)
INFO flwr 2023-05-18 17:29:29,029 | server.py:163 | evaluate_round 26: no clients selected, cancel
DEBUG flwr 2023-05-18 17:29:29,029 | server.py:215 | fit_round 27: strategy sampled 8 clients (out of 20)
DEBUG flwr 2023-05-18 17:30:20,763 | server.py:229 | fit_round 27 received 8 results and 0 failures
[2m[36m(launch_and_fit pid=1495217)[0m Fitting Client 5
[2m[36m(launch_and_fit pid=1495222)[0m Fitting Client 14
[2m[36m(launch_and_fit pid=1495219)[0m Fitting Client 8
[2m[36m(launch_and_fit pid=1495223)[0m Fitting Client 18
[2m[36m(launch_and_fit pid=1495220)[0m Fitting Client 0
[2m[36m(launch_and_fit pid=1495225)[0m Fitting Client 13
[2m[36m(launch_and_fit pid=1495221)[0m Fitting Client 12
[2m[36m(launch_and_fit pid=1495224)[0m Fitting Client 16
Performing server side distillation training...
Distillation training stopped at step number : 500
Average fusion training loss : 0.04272230736725032, val accuracy : 0.57492
Average local training loss : 2.2090892592445015
Average local training accuracy : 0.741732638888889
INFO flwr 2023-05-18 17:31:00,695 | server.py:116 | fit progress: (27, 1.3066790161132813, {'server_test_acc': 0.5672}, 2489.3329118869733)
INFO flwr 2023-05-18 17:31:00,696 | server.py:163 | evaluate_round 27: no clients selected, cancel
DEBUG flwr 2023-05-18 17:31:00,696 | server.py:215 | fit_round 28: strategy sampled 8 clients (out of 20)
DEBUG flwr 2023-05-18 17:31:54,785 | server.py:229 | fit_round 28 received 8 results and 0 failures
[2m[36m(launch_and_fit pid=1616508)[0m Fitting Client 9
[2m[36m(launch_and_fit pid=1616515)[0m Fitting Client 3
[2m[36m(launch_and_fit pid=1616513)[0m Fitting Client 19
[2m[36m(launch_and_fit pid=1616514)[0m Fitting Client 16
[2m[36m(launch_and_fit pid=1616511)[0m Fitting Client 15
[2m[36m(launch_and_fit pid=1616509)[0m Fitting Client 13
[2m[36m(launch_and_fit pid=1616510)[0m Fitting Client 14
[2m[36m(launch_and_fit pid=1616512)[0m Fitting Client 4
Performing server side distillation training...
E0518 17:32:10.502441671 1721881 chttp2_transport.cc:1079]             ipv4:145.136.62.22:47675: Received a GOAWAY with error code ENHANCE_YOUR_CALM and debug data equal to "too_many_pings". Current keepalive time (before throttling): 240000ms
Distillation training stopped at step number : 500
Average fusion training loss : 0.04388746293634176, val accuracy : 0.57984
Average local training loss : 2.2229757769498972
Average local training accuracy : 0.7400840277777778
INFO flwr 2023-05-18 17:32:35,066 | server.py:116 | fit progress: (28, 1.2745252075195312, {'server_test_acc': 0.5802}, 2583.703632266028)
INFO flwr 2023-05-18 17:32:35,066 | server.py:163 | evaluate_round 28: no clients selected, cancel
DEBUG flwr 2023-05-18 17:32:35,067 | server.py:215 | fit_round 29: strategy sampled 8 clients (out of 20)
DEBUG flwr 2023-05-18 17:33:31,478 | server.py:229 | fit_round 29 received 8 results and 0 failures
[2m[36m(launch_and_fit pid=1740421)[0m Fitting Client 18
[2m[36m(launch_and_fit pid=1740415)[0m Fitting Client 1
[2m[36m(launch_and_fit pid=1740428)[0m Fitting Client 19
[2m[36m(launch_and_fit pid=1740420)[0m Fitting Client 17
[2m[36m(launch_and_fit pid=1740433)[0m Fitting Client 9
[2m[36m(launch_and_fit pid=1740430)[0m Fitting Client 0
[2m[36m(launch_and_fit pid=1740429)[0m Fitting Client 10
[2m[36m(launch_and_fit pid=1740432)[0m Fitting Client 14
Performing server side distillation training...
Distillation training stopped at step number : 500
Average fusion training loss : 0.04339314028806984, val accuracy : 0.58856
Average local training loss : 2.1330425484571607
Average local training accuracy : 0.749676388888889
INFO flwr 2023-05-18 17:34:11,774 | server.py:116 | fit progress: (29, 1.3460277709960937, {'server_test_acc': 0.5698}, 2680.4116152840434)
INFO flwr 2023-05-18 17:34:11,774 | server.py:163 | evaluate_round 29: no clients selected, cancel
DEBUG flwr 2023-05-18 17:34:11,775 | server.py:215 | fit_round 30: strategy sampled 8 clients (out of 20)
DEBUG flwr 2023-05-18 17:35:06,306 | server.py:229 | fit_round 30 received 8 results and 0 failures
[2m[36m(launch_and_fit pid=1868532)[0m Fitting Client 19
[2m[36m(launch_and_fit pid=1868527)[0m Fitting Client 5
[2m[36m(launch_and_fit pid=1868525)[0m Fitting Client 15
[2m[36m(launch_and_fit pid=1868528)[0m Fitting Client 18
[2m[36m(launch_and_fit pid=1868526)[0m Fitting Client 16
[2m[36m(launch_and_fit pid=1868529)[0m Fitting Client 1
[2m[36m(launch_and_fit pid=1868530)[0m Fitting Client 8
[2m[36m(launch_and_fit pid=1868531)[0m Fitting Client 2
Performing server side distillation training...
Distillation training stopped at step number : 500
Average fusion training loss : 0.0431550978589803, val accuracy : 0.57172
Average local training loss : 2.0498381985118614
Average local training accuracy : 0.760451388888889
INFO flwr 2023-05-18 17:35:46,675 | server.py:116 | fit progress: (30, 1.4193932861328125, {'server_test_acc': 0.5602}, 2775.3127912969794)
INFO flwr 2023-05-18 17:35:46,676 | server.py:163 | evaluate_round 30: no clients selected, cancel
INFO flwr 2023-05-18 17:35:46,676 | server.py:144 | FL finished in 2775.3130561109865
INFO flwr 2023-05-18 17:35:46,676 | app.py:202 | app_fit: losses_distributed []
INFO flwr 2023-05-18 17:35:46,677 | app.py:203 | app_fit: metrics_distributed {}
INFO flwr 2023-05-18 17:35:46,677 | app.py:204 | app_fit: losses_centralized [(0, 2.323421728515625), (1, 1.5178569091796874), (2, 1.5609176147460937), (3, 1.525333251953125), (4, 1.4353900512695312), (5, 1.4273718627929688), (6, 1.3865631103515625), (7, 1.4365592651367187), (8, 1.3647822631835937), (9, 1.3484051025390624), (10, 1.2726245727539063), (11, 1.3001189697265625), (12, 1.4312951538085938), (13, 1.4153296020507813), (14, 1.3248740356445312), (15, 1.3704519775390624), (16, 1.4170153930664062), (17, 1.3165277587890625), (18, 1.4146648681640626), (19, 1.3536249145507813), (20, 1.4377028930664062), (21, 1.5584379516601563), (22, 1.4863082397460938), (23, 1.3142314575195313), (24, 1.3865910034179687), (25, 1.3720411499023437), (26, 1.470149755859375), (27, 1.3066790161132813), (28, 1.2745252075195312), (29, 1.3460277709960937), (30, 1.4193932861328125)]
INFO flwr 2023-05-18 17:35:46,677 | app.py:205 | app_fit: metrics_centralized {'server_test_acc': [(0, 0.108), (1, 0.4544), (2, 0.4421), (3, 0.4442), (4, 0.4871), (5, 0.4783), (6, 0.5048), (7, 0.4922), (8, 0.5099), (9, 0.5177), (10, 0.5416), (11, 0.5472), (12, 0.5039), (13, 0.5262), (14, 0.5497), (15, 0.5315), (16, 0.5331), (17, 0.5499), (18, 0.5494), (19, 0.5477), (20, 0.5366), (21, 0.4945), (22, 0.5281), (23, 0.5642), (24, 0.544), (25, 0.5606), (26, 0.539), (27, 0.5672), (28, 0.5802), (29, 0.5698), (30, 0.5602)]}
-----EXPERIMENT ENDS-----
-----END-----

JOB STATISTICS
==============
Job ID: 2766742
Cluster: snellius
User/Group: sunnys/sunnys
State: COMPLETED (exit code 0)
Nodes: 1
Cores per node: 18
CPU Utilized: 01:44:14
CPU Efficiency: 12.30% of 14:07:12 core-walltime
Job Wall-clock time: 00:47:04
Memory Utilized: 26.05 GB
Memory Efficiency: 0.00% of 0.00 MB
