-----BEGIN-----
-----SETTINGS-----
TOTAL CROPS:100000
STRATEGY:feddf
MODEL_NAME:resnet8
NUM_CLIENTS:20
NUM_ROUNDS:30
FRACTION_FIT:0.4
FRACTION_EVALUATE:0.0
DATASET_NAME:cifar10
PARTITION_ALPHA:100.0
PARTITION_VAL_RATIO:0.1
BATCH_SIZE:512
LOCAL_EPOCHS:20
LOCAL_LR:0.01
DISTILL_BATCH_SIZE:512
SERVER_LR:0.005
SERVER_STEPS:250
SERVER_EARLY_STEPS:1000
USE_EARLY_STOPPING:False
USE_ADAPTIVE_LR:False
USE_ADAPTIVE_LR_ROUND:False
SEED:42
CUDA_DETERMINISTIC:False
USE_CROPS:True
IMG_NAME:ameyoko.jpg
DISTILL_DATASET:pathmnist
DISTILL_ALPHA:1.0
NUM_DISTILL_IMAGES:10000
DISTILL_TRANSFORMS:v0
WARM_START:True
WARM_START_ROUNDS:1
WARM_START_INTERVAL:5
KMEANS_N_CLUSTER:11
KMEANS_HEURISTICS:easy
KMEANS_MIXED_FACTOR:50-50
KMEANS_BALANCING:0.1
CONFIDENCE_THRESHOLD:0.5
CONFIDENCE_STRATEGY:top
CONFIDENCE_ADAPTIVE:False
CONFIDENCE_MAX_THRESH:0.5
CLIPPING_FACTOR:2.5
FEDPROX_FACTOR:0.0
FEDPROX_ADAPTIVE:False
USE_CLIPPING:True
USE_ENTROPY:True
USE_KMEANS:True
USE_FEDPROX:False
-----SETTINGS END-----
-----EXPERIMENT BEGINS-----
---------
Generating crops for FedDF
Namespace(img_size=32, batch_size=32, num_imgs=100000, threads=18, vflip=False, deg=30, shear=30, cropfirst=True, initcrop=0.5, scale=[500, 1], randinterp=False, debug=False, imgpath='./static/single_images/ameyoko.jpg', targetpath='/scratch-local/sunnys.3381663/1692282639_694102104', seed=42, img_per_thread=5555)
will save 100000 patches in /scratch-local/sunnys.3381663/1692282639_694102104/single_img_crops/crops
100000 took 0.82min with 18 threads
---------
Simulating feddf training
INFO simulate 2023-08-17 16:31:42,901 | simulate.py:50 | Python script started : simulate.py
DEBUG simulate 2023-08-17 16:31:42,901 | simulate.py:55 | Reading args from argument parser
Downloading https://www.cs.toronto.edu/~kriz/cifar-10-python.tar.gz to /scratch-local/sunnys.3381663/1692282639_694102104/cifar-10-python.tar.gz
Extracting /scratch-local/sunnys.3381663/1692282639_694102104/cifar-10-python.tar.gz to /scratch-local/sunnys.3381663/1692282639_694102104
Generating unified cifar10 dataset
Class histogram for 0-th partition (alpha=100.0, 10 classes): [256 249 217 265 244 275 235 226 275 258]
INFO flwr 2023-08-17 16:32:18,290 | app.py:145 | Starting Flower simulation, config: ServerConfig(num_rounds=30, round_timeout=None)
2023-08-17 16:32:21,087	INFO worker.py:1529 -- Started a local Ray instance. View the dashboard at [1m[32m127.0.0.1:8265 [39m[22m
INFO flwr 2023-08-17 16:32:22,128 | app.py:179 | Flower VCE: Ray initialized with resources: {'node:145.136.62.12': 1.0, 'object_store_memory': 61847529062.0, 'accelerator_type:A100': 1.0, 'CPU': 18.0, 'GPU': 1.0, 'memory': 103079215104.0}
INFO flwr 2023-08-17 16:32:22,128 | server.py:86 | Initializing global parameters
INFO flwr 2023-08-17 16:32:22,128 | server.py:266 | Using initial parameters provided by strategy
INFO flwr 2023-08-17 16:32:22,128 | server.py:88 | Evaluating initial parameters
INFO flwr 2023-08-17 16:32:32,797 | server.py:91 | initial parameters (loss, other metrics): 2.3234217651367186, {'server_test_acc': 0.108}
INFO flwr 2023-08-17 16:32:32,798 | server.py:101 | FL starting
DEBUG flwr 2023-08-17 16:32:42,102 | server.py:215 | fit_round 1: strategy sampled 8 clients (out of 20)
[2m[36m(launch_and_fit pid=1701437)[0m malloc_consolidate(): invalid chunk size
DEBUG flwr 2023-08-17 16:33:33,408 | server.py:229 | fit_round 1 received 8 results and 0 failures
INFO flwr 2023-08-17 16:33:33,622 | fed_df.py:365 | Warm start at round 1
INFO flwr 2023-08-17 16:33:33,735 | fed_df.py:463 | Performing server side distillation training...
[W] [16:32:39.332508] # of Nearest Neighbors should be at least 3 * perplexity. Your results might be a bit strange...
[2m[36m(launch_and_fit pid=1701439)[0m Fitting Client 14
[2m[36m(launch_and_fit pid=1701436)[0m Fitting Client 3
[2m[36m(launch_and_fit pid=1701437)[0m Fitting Client 13
[2m[36m(launch_and_fit pid=1701442)[0m Fitting Client 7
[2m[36m(launch_and_fit pid=1701443)[0m Fitting Client 10
[2m[36m(launch_and_fit pid=1701440)[0m Fitting Client 5
[2m[36m(launch_and_fit pid=1701438)[0m Fitting Client 8
[2m[36m(launch_and_fit pid=1701441)[0m Fitting Client 12
[2m[36m(launch_and_fit pid=1701443)[0m double free or corruption (fasttop)
[2m[36m(launch_and_fit pid=1701440)[0m double free or corruption (fasttop)
[2m[36m(launch_and_fit pid=1701439)[0m double free or corruption (fasttop)
[2m[36m(launch_and_fit pid=1701438)[0m double free or corruption (fasttop)
[2m[36m(launch_and_fit pid=1701442)[0m malloc_consolidate(): invalid chunk size
[2m[36m(launch_and_fit pid=1701441)[0m malloc_consolidate(): invalid chunk size
[2m[36m(launch_and_fit pid=1701436)[0m double free or corruption (fasttop)
E0817 16:33:38.071760030 1750397 chttp2_transport.cc:1079]             ipv4:145.136.62.12:59613: Received a GOAWAY with error code ENHANCE_YOUR_CALM and debug data equal to "too_many_pings". Current keepalive time (before throttling): 60000ms
INFO flwr 2023-08-17 16:34:08,902 | fed_df.py:540 | Distillation training stopped at step number : 250
INFO flwr 2023-08-17 16:34:08,902 | fed_df.py:547 | Average fusion training loss : 0.017247839154675603, val accuracy : 0.4266, best val accuracy : 0.4536
INFO flwr 2023-08-17 16:34:08,903 | common.py:35 | Avg. local train loss : 8.671906926482917, train acc : 0.40018888888888887
INFO flwr 2023-08-17 16:34:11,833 | server.py:116 | fit progress: (1, 1.5380856048583984, {'server_test_acc': 0.4545}, 99.0347709315829)
INFO flwr 2023-08-17 16:34:11,833 | server.py:163 | evaluate_round 1: no clients selected, cancel
DEBUG flwr 2023-08-17 16:34:21,391 | server.py:215 | fit_round 2: strategy sampled 8 clients (out of 20)
[2m[36m(launch_and_fit pid=1776309)[0m double free or corruption (fasttop)
DEBUG flwr 2023-08-17 16:35:10,799 | server.py:229 | fit_round 2 received 8 results and 0 failures
[2m[36m(launch_and_fit pid=1776311)[0m malloc_consolidate(): invalid chunk size
INFO flwr 2023-08-17 16:35:11,068 | fed_df.py:463 | Performing server side distillation training...
[W] [16:34:18.730199] # of Nearest Neighbors should be at least 3 * perplexity. Your results might be a bit strange...
[2m[36m(launch_and_fit pid=1776304)[0m Fitting Client 18
[2m[36m(launch_and_fit pid=1776309)[0m Fitting Client 6
[2m[36m(launch_and_fit pid=1776305)[0m Fitting Client 5
[2m[36m(launch_and_fit pid=1776312)[0m Fitting Client 10
[2m[36m(launch_and_fit pid=1776313)[0m Fitting Client 13
[2m[36m(launch_and_fit pid=1776310)[0m Fitting Client 8
[2m[36m(launch_and_fit pid=1776311)[0m Fitting Client 17
[2m[36m(launch_and_fit pid=1776307)[0m Fitting Client 11
[2m[36m(launch_and_fit pid=1776313)[0m corrupted size vs. prev_size in fastbins
[2m[36m(launch_and_fit pid=1776307)[0m malloc_consolidate(): invalid chunk size
[2m[36m(launch_and_fit pid=1776310)[0m malloc_consolidate(): invalid chunk size
[2m[36m(launch_and_fit pid=1776312)[0m double free or corruption (fasttop)
E0817 16:35:12.653730738 1824705 chttp2_transport.cc:1079]             ipv4:145.136.62.12:59613: Received a GOAWAY with error code ENHANCE_YOUR_CALM and debug data equal to "too_many_pings". Current keepalive time (before throttling): 120000ms
[2m[36m(launch_and_fit pid=1776304)[0m double free or corruption (fasttop)
[2m[36m(launch_and_fit pid=1776305)[0m malloc_consolidate(): invalid chunk size
INFO flwr 2023-08-17 16:35:49,089 | fed_df.py:540 | Distillation training stopped at step number : 250
INFO flwr 2023-08-17 16:35:49,090 | fed_df.py:547 | Average fusion training loss : 0.01369523948058486, val accuracy : 0.4962399999999999, best val accuracy : 0.5346
INFO flwr 2023-08-17 16:35:49,092 | common.py:35 | Avg. local train loss : 7.277777510136366, train acc : 0.5494972222222222
INFO flwr 2023-08-17 16:35:52,202 | server.py:116 | fit progress: (2, 1.4605092895507812, {'server_test_acc': 0.5378}, 199.40423192782328)
INFO flwr 2023-08-17 16:35:52,202 | server.py:163 | evaluate_round 2: no clients selected, cancel
DEBUG flwr 2023-08-17 16:36:02,057 | server.py:215 | fit_round 3: strategy sampled 8 clients (out of 20)
DEBUG flwr 2023-08-17 16:36:51,016 | server.py:229 | fit_round 3 received 8 results and 0 failures
[2m[36m(launch_and_fit pid=1851312)[0m malloc_consolidate(): invalid chunk size
INFO flwr 2023-08-17 16:36:51,284 | fed_df.py:463 | Performing server side distillation training...
[W] [16:35:59.307695] # of Nearest Neighbors should be at least 3 * perplexity. Your results might be a bit strange...
[2m[36m(launch_and_fit pid=1851317)[0m Fitting Client 17
[2m[36m(launch_and_fit pid=1851318)[0m Fitting Client 5
[2m[36m(launch_and_fit pid=1851321)[0m Fitting Client 16
[2m[36m(launch_and_fit pid=1851312)[0m Fitting Client 2
[2m[36m(launch_and_fit pid=1851319)[0m Fitting Client 7
[2m[36m(launch_and_fit pid=1851320)[0m Fitting Client 18
[2m[36m(launch_and_fit pid=1851323)[0m Fitting Client 6
[2m[36m(launch_and_fit pid=1851322)[0m Fitting Client 4
[2m[36m(launch_and_fit pid=1851321)[0m malloc_consolidate(): invalid chunk size
[2m[36m(launch_and_fit pid=1851323)[0m malloc_consolidate(): invalid chunk size
[2m[36m(launch_and_fit pid=1851318)[0m malloc_consolidate(): invalid chunk size
[2m[36m(launch_and_fit pid=1851322)[0m malloc_consolidate(): invalid chunk size
[2m[36m(launch_and_fit pid=1851317)[0m double free or corruption (fasttop)
[2m[36m(launch_and_fit pid=1851319)[0m malloc_consolidate(): invalid chunk size
[2m[36m(launch_and_fit pid=1851320)[0m malloc_consolidate(): invalid chunk size
E0817 16:36:52.971843380 1824799 chttp2_transport.cc:1079]             ipv4:145.136.62.12:59613: Received a GOAWAY with error code ENHANCE_YOUR_CALM and debug data equal to "too_many_pings". Current keepalive time (before throttling): 240000ms
E0817 16:37:22.279254563 1899902 chttp2_transport.cc:1079]             ipv4:145.136.62.12:59613: Received a GOAWAY with error code ENHANCE_YOUR_CALM and debug data equal to "too_many_pings". Current keepalive time (before throttling): 480000ms
INFO flwr 2023-08-17 16:37:29,784 | fed_df.py:540 | Distillation training stopped at step number : 250
INFO flwr 2023-08-17 16:37:29,785 | fed_df.py:547 | Average fusion training loss : 0.008447524063289165, val accuracy : 0.56828, best val accuracy : 0.5904
INFO flwr 2023-08-17 16:37:29,786 | common.py:35 | Avg. local train loss : 6.6934020988643175, train acc : 0.6145972222222222
INFO flwr 2023-08-17 16:37:32,924 | server.py:116 | fit progress: (3, 1.3770525909423827, {'server_test_acc': 0.5828}, 300.1261066268198)
INFO flwr 2023-08-17 16:37:32,924 | server.py:163 | evaluate_round 3: no clients selected, cancel
DEBUG flwr 2023-08-17 16:37:42,869 | server.py:215 | fit_round 4: strategy sampled 8 clients (out of 20)
[2m[36m(launch_and_fit pid=1926603)[0m malloc_consolidate(): invalid chunk size
DEBUG flwr 2023-08-17 16:38:32,806 | server.py:229 | fit_round 4 received 8 results and 0 failures
[2m[36m(launch_and_fit pid=1926601)[0m malloc_consolidate(): invalid chunk size
[2m[36m(launch_and_fit pid=1926604)[0m malloc_consolidate(): invalid chunk size
INFO flwr 2023-08-17 16:38:33,078 | fed_df.py:463 | Performing server side distillation training...
[W] [16:37:40.120475] # of Nearest Neighbors should be at least 3 * perplexity. Your results might be a bit strange...
[2m[36m(launch_and_fit pid=1926600)[0m Fitting Client 10
[2m[36m(launch_and_fit pid=1926602)[0m Fitting Client 18
[2m[36m(launch_and_fit pid=1926604)[0m Fitting Client 12
[2m[36m(launch_and_fit pid=1926605)[0m Fitting Client 0
[2m[36m(launch_and_fit pid=1926592)[0m Fitting Client 7
[2m[36m(launch_and_fit pid=1926589)[0m Fitting Client 17
[2m[36m(launch_and_fit pid=1926603)[0m Fitting Client 13
[2m[36m(launch_and_fit pid=1926601)[0m Fitting Client 1
[2m[36m(launch_and_fit pid=1926589)[0m malloc_consolidate(): invalid chunk size
E0817 16:38:34.021151470 1981074 chttp2_transport.cc:1079]             ipv4:145.136.62.12:59613: Received a GOAWAY with error code ENHANCE_YOUR_CALM and debug data equal to "too_many_pings". Current keepalive time (before throttling): 960000ms
[2m[36m(launch_and_fit pid=1926602)[0m malloc_consolidate(): invalid chunk size
[2m[36m(launch_and_fit pid=1926592)[0m double free or corruption (fasttop)
[2m[36m(launch_and_fit pid=1926600)[0m double free or corruption (fasttop)
[2m[36m(launch_and_fit pid=1926605)[0m malloc_consolidate(): invalid chunk size
INFO flwr 2023-08-17 16:39:12,479 | fed_df.py:540 | Distillation training stopped at step number : 250
INFO flwr 2023-08-17 16:39:12,480 | fed_df.py:547 | Average fusion training loss : 0.007780989049933851, val accuracy : 0.5959199999999999, best val accuracy : 0.6106
INFO flwr 2023-08-17 16:39:12,481 | common.py:35 | Avg. local train loss : 6.331815826147794, train acc : 0.6549611111111111
INFO flwr 2023-08-17 16:39:15,601 | server.py:116 | fit progress: (4, 1.3020866943359375, {'server_test_acc': 0.6098}, 402.8031132398173)
INFO flwr 2023-08-17 16:39:15,601 | server.py:163 | evaluate_round 4: no clients selected, cancel
DEBUG flwr 2023-08-17 16:39:25,797 | server.py:215 | fit_round 5: strategy sampled 8 clients (out of 20)
DEBUG flwr 2023-08-17 16:40:14,978 | server.py:229 | fit_round 5 received 8 results and 0 failures
INFO flwr 2023-08-17 16:40:15,193 | fed_df.py:365 | Warm start at round 5
INFO flwr 2023-08-17 16:40:15,304 | fed_df.py:463 | Performing server side distillation training...
[W] [16:39:22.826804] # of Nearest Neighbors should be at least 3 * perplexity. Your results might be a bit strange...
[2m[36m(launch_and_fit pid=2053549)[0m Fitting Client 9
[2m[36m(launch_and_fit pid=2053222)[0m Fitting Client 10
[2m[36m(launch_and_fit pid=2053385)[0m Fitting Client 2
[2m[36m(launch_and_fit pid=2053384)[0m Fitting Client 12
[2m[36m(launch_and_fit pid=2053224)[0m Fitting Client 8
[2m[36m(launch_and_fit pid=2053551)[0m Fitting Client 6
[2m[36m(launch_and_fit pid=2053545)[0m Fitting Client 14
[2m[36m(launch_and_fit pid=2053550)[0m Fitting Client 11
[2m[36m(launch_and_fit pid=2053545)[0m malloc_consolidate(): invalid chunk size
[2m[36m(launch_and_fit pid=2053384)[0m double free or corruption (fasttop)
[2m[36m(launch_and_fit pid=2053551)[0m double free or corruption (fasttop)
[2m[36m(launch_and_fit pid=2053224)[0m malloc_consolidate(): invalid chunk size
[2m[36m(launch_and_fit pid=2053222)[0m malloc_consolidate(): invalid chunk size
[2m[36m(launch_and_fit pid=2053385)[0m double free or corruption (fasttop)
[2m[36m(launch_and_fit pid=2053549)[0m double free or corruption (fasttop)
[2m[36m(launch_and_fit pid=2053550)[0m double free or corruption (fasttop)
E0817 16:40:44.948279037 1981526 chttp2_transport.cc:1079]             ipv4:145.136.62.12:59613: Received a GOAWAY with error code ENHANCE_YOUR_CALM and debug data equal to "too_many_pings". Current keepalive time (before throttling): 1920000ms
INFO flwr 2023-08-17 16:40:54,019 | fed_df.py:540 | Distillation training stopped at step number : 250
INFO flwr 2023-08-17 16:40:54,019 | fed_df.py:547 | Average fusion training loss : 0.011164909931831063, val accuracy : 0.6399999999999999, best val accuracy : 0.6498
INFO flwr 2023-08-17 16:40:54,021 | common.py:35 | Avg. local train loss : 6.100462589412928, train acc : 0.6803833333333332
INFO flwr 2023-08-17 16:40:57,132 | server.py:116 | fit progress: (5, 1.186620944213867, {'server_test_acc': 0.6516}, 504.3337283357978)
INFO flwr 2023-08-17 16:40:57,132 | server.py:163 | evaluate_round 5: no clients selected, cancel
DEBUG flwr 2023-08-17 16:41:07,002 | server.py:215 | fit_round 6: strategy sampled 8 clients (out of 20)
DEBUG flwr 2023-08-17 16:41:56,165 | server.py:229 | fit_round 6 received 8 results and 0 failures
INFO flwr 2023-08-17 16:41:56,438 | fed_df.py:463 | Performing server side distillation training...
[W] [16:41:04.243073] # of Nearest Neighbors should be at least 3 * perplexity. Your results might be a bit strange...
[2m[36m(launch_and_fit pid=2130304)[0m Fitting Client 17
[2m[36m(launch_and_fit pid=2130296)[0m Fitting Client 14
[2m[36m(launch_and_fit pid=2130289)[0m Fitting Client 6
[2m[36m(launch_and_fit pid=2130305)[0m Fitting Client 4
[2m[36m(launch_and_fit pid=2130303)[0m Fitting Client 2
[2m[36m(launch_and_fit pid=2130292)[0m Fitting Client 15
[2m[36m(launch_and_fit pid=2130291)[0m Fitting Client 10
[2m[36m(launch_and_fit pid=2130295)[0m Fitting Client 12
[2m[36m(launch_and_fit pid=2130296)[0m malloc_consolidate(): invalid chunk size
[2m[36m(launch_and_fit pid=2130292)[0m malloc_consolidate(): invalid chunk size
[2m[36m(launch_and_fit pid=2130291)[0m malloc_consolidate(): invalid chunk size
[2m[36m(launch_and_fit pid=2130304)[0m double free or corruption (fasttop)
[2m[36m(launch_and_fit pid=2130303)[0m double free or corruption (fasttop)
[2m[36m(launch_and_fit pid=2130305)[0m malloc_consolidate(): invalid chunk size
[2m[36m(launch_and_fit pid=2130289)[0m malloc_consolidate(): invalid chunk size
[2m[36m(launch_and_fit pid=2130295)[0m double free or corruption (fasttop)
INFO flwr 2023-08-17 16:42:35,121 | fed_df.py:540 | Distillation training stopped at step number : 250
INFO flwr 2023-08-17 16:42:35,121 | fed_df.py:547 | Average fusion training loss : 0.005012752190232277, val accuracy : 0.65, best val accuracy : 0.6648
INFO flwr 2023-08-17 16:42:35,123 | common.py:35 | Avg. local train loss : 5.578347589075566, train acc : 0.7317277777777779
INFO flwr 2023-08-17 16:42:38,311 | server.py:116 | fit progress: (6, 1.209634814453125, {'server_test_acc': 0.6598}, 605.5130840246566)
INFO flwr 2023-08-17 16:42:38,311 | server.py:163 | evaluate_round 6: no clients selected, cancel
DEBUG flwr 2023-08-17 16:42:48,031 | server.py:215 | fit_round 7: strategy sampled 8 clients (out of 20)
DEBUG flwr 2023-08-17 16:43:37,208 | server.py:229 | fit_round 7 received 8 results and 0 failures
[2m[36m(launch_and_fit pid=2205568)[0m malloc_consolidate(): invalid chunk size
INFO flwr 2023-08-17 16:43:37,480 | fed_df.py:463 | Performing server side distillation training...
[2m[36m(launch_and_fit pid=2205559)[0m double free or corruption (fasttop)
[W] [16:42:45.347439] # of Nearest Neighbors should be at least 3 * perplexity. Your results might be a bit strange...
[2m[36m(launch_and_fit pid=2205568)[0m Fitting Client 14
[2m[36m(launch_and_fit pid=2205559)[0m Fitting Client 7
[2m[36m(launch_and_fit pid=2205562)[0m Fitting Client 13
[2m[36m(launch_and_fit pid=2205560)[0m Fitting Client 17
[2m[36m(launch_and_fit pid=2205558)[0m Fitting Client 18
[2m[36m(launch_and_fit pid=2205570)[0m Fitting Client 6
[2m[36m(launch_and_fit pid=2205561)[0m Fitting Client 8
[2m[36m(launch_and_fit pid=2205569)[0m Fitting Client 9
[2m[36m(launch_and_fit pid=2205569)[0m corrupted size vs. prev_size in fastbins
[2m[36m(launch_and_fit pid=2205562)[0m malloc_consolidate(): invalid chunk size
[2m[36m(launch_and_fit pid=2205560)[0m malloc_consolidate(): invalid chunk size
[2m[36m(launch_and_fit pid=2205558)[0m malloc_consolidate(): invalid chunk size
[2m[36m(launch_and_fit pid=2205570)[0m double free or corruption (fasttop)
[2m[36m(launch_and_fit pid=2205561)[0m double free or corruption (fasttop)
INFO flwr 2023-08-17 16:44:16,445 | fed_df.py:540 | Distillation training stopped at step number : 250
INFO flwr 2023-08-17 16:44:16,446 | fed_df.py:547 | Average fusion training loss : 0.0042952870558947325, val accuracy : 0.6588799999999999, best val accuracy : 0.6714
INFO flwr 2023-08-17 16:44:16,448 | common.py:35 | Avg. local train loss : 5.476662071421743, train acc : 0.7422527777777778
INFO flwr 2023-08-17 16:44:19,662 | server.py:116 | fit progress: (7, 1.189570635986328, {'server_test_acc': 0.6735}, 706.8646226706915)
INFO flwr 2023-08-17 16:44:19,663 | server.py:163 | evaluate_round 7: no clients selected, cancel
DEBUG flwr 2023-08-17 16:44:29,543 | server.py:215 | fit_round 8: strategy sampled 8 clients (out of 20)
DEBUG flwr 2023-08-17 16:45:18,047 | server.py:229 | fit_round 8 received 8 results and 0 failures
INFO flwr 2023-08-17 16:45:18,349 | fed_df.py:463 | Performing server side distillation training...
[W] [16:44:26.805104] # of Nearest Neighbors should be at least 3 * perplexity. Your results might be a bit strange...
[2m[36m(launch_and_fit pid=2280479)[0m Fitting Client 11
[2m[36m(launch_and_fit pid=2280486)[0m Fitting Client 12
[2m[36m(launch_and_fit pid=2280484)[0m Fitting Client 0
[2m[36m(launch_and_fit pid=2280482)[0m Fitting Client 16
[2m[36m(launch_and_fit pid=2280477)[0m Fitting Client 4
[2m[36m(launch_and_fit pid=2280485)[0m Fitting Client 1
[2m[36m(launch_and_fit pid=2280480)[0m Fitting Client 7
[2m[36m(launch_and_fit pid=2280483)[0m Fitting Client 15
[2m[36m(launch_and_fit pid=2280480)[0m corrupted size vs. prev_size in fastbins
[2m[36m(launch_and_fit pid=2280485)[0m double free or corruption (fasttop)
[2m[36m(launch_and_fit pid=2280482)[0m double free or corruption (fasttop)
[2m[36m(launch_and_fit pid=2280483)[0m malloc_consolidate(): invalid chunk size
[2m[36m(launch_and_fit pid=2280486)[0m double free or corruption (fasttop)
[2m[36m(launch_and_fit pid=2280479)[0m malloc_consolidate(): invalid chunk size
[2m[36m(launch_and_fit pid=2280484)[0m malloc_consolidate(): invalid chunk size
E0817 16:45:19.972029483 2329341 chttp2_transport.cc:1079]             ipv4:145.136.62.12:59613: Received a GOAWAY with error code ENHANCE_YOUR_CALM and debug data equal to "too_many_pings". Current keepalive time (before throttling): 3840000ms
E0817 16:45:19.972156457 2329341 chttp2_transport.cc:1079]             ipv4:145.136.62.12:59613: Received a GOAWAY with error code ENHANCE_YOUR_CALM and debug data equal to "too_many_pings". Current keepalive time (before throttling): 3840000ms
[2m[36m(launch_and_fit pid=2280477)[0m malloc_consolidate(): invalid chunk size
E0817 16:45:49.293860287 2329510 chttp2_transport.cc:1079]             ipv4:145.136.62.12:59613: Received a GOAWAY with error code ENHANCE_YOUR_CALM and debug data equal to "too_many_pings". Current keepalive time (before throttling): 7680000ms
INFO flwr 2023-08-17 16:45:56,840 | fed_df.py:540 | Distillation training stopped at step number : 250
INFO flwr 2023-08-17 16:45:56,840 | fed_df.py:547 | Average fusion training loss : 0.004397415264509618, val accuracy : 0.6519600000000001, best val accuracy : 0.6656
INFO flwr 2023-08-17 16:45:56,842 | common.py:35 | Avg. local train loss : 5.435766227543354, train acc : 0.7468277777777778
INFO flwr 2023-08-17 16:45:59,956 | server.py:116 | fit progress: (8, 1.184538885498047, {'server_test_acc': 0.6632}, 807.1586481709965)
INFO flwr 2023-08-17 16:45:59,957 | server.py:163 | evaluate_round 8: no clients selected, cancel
DEBUG flwr 2023-08-17 16:46:09,992 | server.py:215 | fit_round 9: strategy sampled 8 clients (out of 20)
DEBUG flwr 2023-08-17 16:46:58,543 | server.py:229 | fit_round 9 received 8 results and 0 failures
INFO flwr 2023-08-17 16:46:58,817 | fed_df.py:463 | Performing server side distillation training...
[W] [16:46:07.212966] # of Nearest Neighbors should be at least 3 * perplexity. Your results might be a bit strange...
[2m[36m(launch_and_fit pid=2355905)[0m Fitting Client 5
[2m[36m(launch_and_fit pid=2355904)[0m Fitting Client 3
[2m[36m(launch_and_fit pid=2355903)[0m Fitting Client 2
[2m[36m(launch_and_fit pid=2355897)[0m Fitting Client 4
[2m[36m(launch_and_fit pid=2355906)[0m Fitting Client 13
[2m[36m(launch_and_fit pid=2355907)[0m Fitting Client 14
[2m[36m(launch_and_fit pid=2355908)[0m Fitting Client 6
[2m[36m(launch_and_fit pid=2355909)[0m Fitting Client 9
[2m[36m(launch_and_fit pid=2355905)[0m double free or corruption (fasttop)
[2m[36m(launch_and_fit pid=2355904)[0m double free or corruption (fasttop)
[2m[36m(launch_and_fit pid=2355906)[0m malloc_consolidate(): invalid chunk size
[2m[36m(launch_and_fit pid=2355908)[0m malloc_consolidate(): invalid chunk size
E0817 16:47:00.048381123 2403855 chttp2_transport.cc:1079]             ipv4:145.136.62.12:59613: Received a GOAWAY with error code ENHANCE_YOUR_CALM and debug data equal to "too_many_pings". Current keepalive time (before throttling): 15360000ms
[2m[36m(launch_and_fit pid=2355897)[0m double free or corruption (fasttop)
[2m[36m(launch_and_fit pid=2355907)[0m double free or corruption (fasttop)
[2m[36m(launch_and_fit pid=2355909)[0m malloc_consolidate(): invalid chunk size
[2m[36m(launch_and_fit pid=2355903)[0m malloc_consolidate(): invalid chunk size
INFO flwr 2023-08-17 16:47:38,363 | fed_df.py:540 | Distillation training stopped at step number : 250
INFO flwr 2023-08-17 16:47:38,364 | fed_df.py:547 | Average fusion training loss : 0.00542481935210526, val accuracy : 0.6697599999999999, best val accuracy : 0.6778
INFO flwr 2023-08-17 16:47:38,366 | common.py:35 | Avg. local train loss : 5.377161962911486, train acc : 0.7536083333333333
INFO flwr 2023-08-17 16:47:41,547 | server.py:116 | fit progress: (9, 1.1842412658691406, {'server_test_acc': 0.6771}, 908.7492710589431)
INFO flwr 2023-08-17 16:47:41,547 | server.py:163 | evaluate_round 9: no clients selected, cancel
DEBUG flwr 2023-08-17 16:47:51,601 | server.py:215 | fit_round 10: strategy sampled 8 clients (out of 20)
[2m[36m(launch_and_fit pid=2431138)[0m malloc_consolidate(): invalid chunk size
DEBUG flwr 2023-08-17 16:48:40,727 | server.py:229 | fit_round 10 received 8 results and 0 failures
INFO flwr 2023-08-17 16:48:40,948 | fed_df.py:365 | Warm start at round 10
INFO flwr 2023-08-17 16:48:41,060 | fed_df.py:463 | Performing server side distillation training...
[W] [16:47:48.853619] # of Nearest Neighbors should be at least 3 * perplexity. Your results might be a bit strange...
[2m[36m(launch_and_fit pid=2431133)[0m Fitting Client 16
[2m[36m(launch_and_fit pid=2431139)[0m Fitting Client 0
[2m[36m(launch_and_fit pid=2431135)[0m Fitting Client 14
[2m[36m(launch_and_fit pid=2431141)[0m Fitting Client 17
[2m[36m(launch_and_fit pid=2431137)[0m Fitting Client 3
[2m[36m(launch_and_fit pid=2431138)[0m Fitting Client 8
[2m[36m(launch_and_fit pid=2431142)[0m Fitting Client 12
[2m[36m(launch_and_fit pid=2431140)[0m Fitting Client 10
[2m[36m(launch_and_fit pid=2431141)[0m malloc_consolidate(): invalid chunk size
[2m[36m(launch_and_fit pid=2431140)[0m double free or corruption (fasttop)
[2m[36m(launch_and_fit pid=2431137)[0m malloc_consolidate(): invalid chunk size
[2m[36m(launch_and_fit pid=2431139)[0m double free or corruption (fasttop)
[2m[36m(launch_and_fit pid=2431135)[0m malloc_consolidate(): invalid chunk size
[2m[36m(launch_and_fit pid=2431133)[0m double free or corruption (fasttop)
[2m[36m(launch_and_fit pid=2431142)[0m double free or corruption (fasttop)
E0817 16:49:14.846716649 2499553 chttp2_transport.cc:1079]             ipv4:145.136.62.12:59613: Received a GOAWAY with error code ENHANCE_YOUR_CALM and debug data equal to "too_many_pings". Current keepalive time (before throttling): 30720000ms
INFO flwr 2023-08-17 16:49:20,450 | fed_df.py:540 | Distillation training stopped at step number : 250
INFO flwr 2023-08-17 16:49:20,450 | fed_df.py:547 | Average fusion training loss : 0.011919585107825696, val accuracy : 0.68292, best val accuracy : 0.6882
INFO flwr 2023-08-17 16:49:20,452 | common.py:35 | Avg. local train loss : 5.376288115605711, train acc : 0.7529111111111111
INFO flwr 2023-08-17 16:49:23,625 | server.py:116 | fit progress: (10, 1.1327090789794922, {'server_test_acc': 0.6813}, 1010.8271484277211)
INFO flwr 2023-08-17 16:49:23,625 | server.py:163 | evaluate_round 10: no clients selected, cancel
DEBUG flwr 2023-08-17 16:49:33,572 | server.py:215 | fit_round 11: strategy sampled 8 clients (out of 20)
DEBUG flwr 2023-08-17 16:50:22,685 | server.py:229 | fit_round 11 received 8 results and 0 failures
INFO flwr 2023-08-17 16:50:22,966 | fed_df.py:463 | Performing server side distillation training...
[W] [16:49:30.821911] # of Nearest Neighbors should be at least 3 * perplexity. Your results might be a bit strange...
[2m[36m(launch_and_fit pid=2506048)[0m Fitting Client 3
[2m[36m(launch_and_fit pid=2506050)[0m Fitting Client 0
[2m[36m(launch_and_fit pid=2506047)[0m Fitting Client 9
[2m[36m(launch_and_fit pid=2506043)[0m Fitting Client 8
[2m[36m(launch_and_fit pid=2506051)[0m Fitting Client 7
[2m[36m(launch_and_fit pid=2506045)[0m Fitting Client 10
[2m[36m(launch_and_fit pid=2506049)[0m Fitting Client 13
[2m[36m(launch_and_fit pid=2506052)[0m Fitting Client 2
[2m[36m(launch_and_fit pid=2506045)[0m malloc_consolidate(): invalid chunk size
[2m[36m(launch_and_fit pid=2506047)[0m malloc_consolidate(): invalid chunk size
[2m[36m(launch_and_fit pid=2506051)[0m malloc_consolidate(): invalid chunk size
[2m[36m(launch_and_fit pid=2506043)[0m double free or corruption (fasttop)
E0817 16:50:24.565108453 2499891 chttp2_transport.cc:1079]             ipv4:145.136.62.12:59613: Received a GOAWAY with error code ENHANCE_YOUR_CALM and debug data equal to "too_many_pings". Current keepalive time (before throttling): 61440000ms
[2m[36m(launch_and_fit pid=2506050)[0m malloc_consolidate(): invalid chunk size
[2m[36m(launch_and_fit pid=2506052)[0m double free or corruption (fasttop)
[2m[36m(launch_and_fit pid=2506048)[0m malloc_consolidate(): invalid chunk size
[2m[36m(launch_and_fit pid=2506049)[0m malloc_consolidate(): invalid chunk size
INFO flwr 2023-08-17 16:51:02,693 | fed_df.py:540 | Distillation training stopped at step number : 250
INFO flwr 2023-08-17 16:51:02,693 | fed_df.py:547 | Average fusion training loss : 0.0039350022352300585, val accuracy : 0.69232, best val accuracy : 0.697
INFO flwr 2023-08-17 16:51:02,695 | common.py:35 | Avg. local train loss : 5.03877865485847, train acc : 0.7831833333333335
INFO flwr 2023-08-17 16:51:05,847 | server.py:116 | fit progress: (11, 1.147517416381836, {'server_test_acc': 0.6939}, 1113.0487225758843)
INFO flwr 2023-08-17 16:51:05,847 | server.py:163 | evaluate_round 11: no clients selected, cancel
DEBUG flwr 2023-08-17 16:51:15,822 | server.py:215 | fit_round 12: strategy sampled 8 clients (out of 20)
[2m[36m(launch_and_fit pid=2581410)[0m malloc_consolidate(): invalid chunk size
DEBUG flwr 2023-08-17 16:52:05,668 | server.py:229 | fit_round 12 received 8 results and 0 failures
[2m[36m(launch_and_fit pid=2581415)[0m double free or corruption (fasttop)
INFO flwr 2023-08-17 16:52:05,944 | fed_df.py:463 | Performing server side distillation training...
[W] [16:51:13.075176] # of Nearest Neighbors should be at least 3 * perplexity. Your results might be a bit strange...
[2m[36m(launch_and_fit pid=2581414)[0m Fitting Client 13
[2m[36m(launch_and_fit pid=2581408)[0m Fitting Client 16
[2m[36m(launch_and_fit pid=2581412)[0m Fitting Client 4
[2m[36m(launch_and_fit pid=2581409)[0m Fitting Client 8
[2m[36m(launch_and_fit pid=2581415)[0m Fitting Client 3
[2m[36m(launch_and_fit pid=2581413)[0m Fitting Client 10
[2m[36m(launch_and_fit pid=2581410)[0m Fitting Client 5
[2m[36m(launch_and_fit pid=2581411)[0m Fitting Client 18
[2m[36m(launch_and_fit pid=2581411)[0m malloc_consolidate(): invalid chunk size
[2m[36m(launch_and_fit pid=2581414)[0m malloc_consolidate(): invalid chunk size
E0817 16:52:06.767823945 2554569 chttp2_transport.cc:1079]             ipv4:145.136.62.12:59613: Received a GOAWAY with error code ENHANCE_YOUR_CALM and debug data equal to "too_many_pings". Current keepalive time (before throttling): 122880000ms
[2m[36m(launch_and_fit pid=2581408)[0m double free or corruption (fasttop)
[2m[36m(launch_and_fit pid=2581409)[0m malloc_consolidate(): invalid chunk size
[2m[36m(launch_and_fit pid=2581413)[0m malloc_consolidate(): invalid chunk size
[2m[36m(launch_and_fit pid=2581412)[0m malloc_consolidate(): invalid chunk size
INFO flwr 2023-08-17 16:52:45,324 | fed_df.py:540 | Distillation training stopped at step number : 250
INFO flwr 2023-08-17 16:52:45,325 | fed_df.py:547 | Average fusion training loss : 0.003834791276603937, val accuracy : 0.69848, best val accuracy : 0.7016
INFO flwr 2023-08-17 16:52:45,327 | common.py:35 | Avg. local train loss : 5.04032642096281, train acc : 0.7867722222222222
INFO flwr 2023-08-17 16:52:48,423 | server.py:116 | fit progress: (12, 1.16433369140625, {'server_test_acc': 0.6985}, 1215.6247870116495)
INFO flwr 2023-08-17 16:52:48,423 | server.py:163 | evaluate_round 12: no clients selected, cancel
DEBUG flwr 2023-08-17 16:52:58,218 | server.py:215 | fit_round 13: strategy sampled 8 clients (out of 20)
DEBUG flwr 2023-08-17 16:53:48,096 | server.py:229 | fit_round 13 received 8 results and 0 failures
[2m[36m(launch_and_fit pid=2656295)[0m malloc_consolidate(): invalid chunk size
[2m[36m(launch_and_fit pid=2656288)[0m double free or corruption (fasttop)
INFO flwr 2023-08-17 16:53:48,384 | fed_df.py:463 | Performing server side distillation training...
[W] [16:52:55.531929] # of Nearest Neighbors should be at least 3 * perplexity. Your results might be a bit strange...
[2m[36m(launch_and_fit pid=2656295)[0m Fitting Client 12
[2m[36m(launch_and_fit pid=2656291)[0m Fitting Client 11
[2m[36m(launch_and_fit pid=2656293)[0m Fitting Client 8
[2m[36m(launch_and_fit pid=2656294)[0m Fitting Client 14
[2m[36m(launch_and_fit pid=2656288)[0m Fitting Client 6
[2m[36m(launch_and_fit pid=2656290)[0m Fitting Client 16
[2m[36m(launch_and_fit pid=2656296)[0m Fitting Client 4
[2m[36m(launch_and_fit pid=2656292)[0m Fitting Client 5
[2m[36m(launch_and_fit pid=2656293)[0m malloc_consolidate(): invalid chunk size
[2m[36m(launch_and_fit pid=2656294)[0m malloc_consolidate(): invalid chunk size
[2m[36m(launch_and_fit pid=2656292)[0m double free or corruption (fasttop)
[2m[36m(launch_and_fit pid=2656290)[0m double free or corruption (fasttop)
[2m[36m(launch_and_fit pid=2656296)[0m malloc_consolidate(): invalid chunk size
[2m[36m(launch_and_fit pid=2656291)[0m malloc_consolidate(): invalid chunk size
INFO flwr 2023-08-17 16:54:27,386 | fed_df.py:540 | Distillation training stopped at step number : 250
INFO flwr 2023-08-17 16:54:27,386 | fed_df.py:547 | Average fusion training loss : 0.003996973286382854, val accuracy : 0.68588, best val accuracy : 0.699
INFO flwr 2023-08-17 16:54:27,388 | common.py:35 | Avg. local train loss : 5.056847397610545, train acc : 0.7856222222222222
INFO flwr 2023-08-17 16:54:30,495 | server.py:116 | fit progress: (13, 1.1532252532958984, {'server_test_acc': 0.6977}, 1317.6975166476332)
INFO flwr 2023-08-17 16:54:30,496 | server.py:163 | evaluate_round 13: no clients selected, cancel
DEBUG flwr 2023-08-17 16:54:40,194 | server.py:215 | fit_round 14: strategy sampled 8 clients (out of 20)
DEBUG flwr 2023-08-17 16:55:29,932 | server.py:229 | fit_round 14 received 8 results and 0 failures
[2m[36m(launch_and_fit pid=2766442)[0m malloc_consolidate(): invalid chunk size
INFO flwr 2023-08-17 16:55:30,202 | fed_df.py:463 | Performing server side distillation training...
[W] [16:54:37.475011] # of Nearest Neighbors should be at least 3 * perplexity. Your results might be a bit strange...
[2m[36m(launch_and_fit pid=2766428)[0m Fitting Client 15
[2m[36m(launch_and_fit pid=2766434)[0m Fitting Client 14
[2m[36m(launch_and_fit pid=2766433)[0m Fitting Client 19
[2m[36m(launch_and_fit pid=2766441)[0m Fitting Client 12
[2m[36m(launch_and_fit pid=2766442)[0m Fitting Client 5
[2m[36m(launch_and_fit pid=2766426)[0m Fitting Client 0
[2m[36m(launch_and_fit pid=2766427)[0m Fitting Client 10
[2m[36m(launch_and_fit pid=2766429)[0m Fitting Client 3
[2m[36m(launch_and_fit pid=2766428)[0m malloc_consolidate(): invalid chunk size
[2m[36m(launch_and_fit pid=2766434)[0m corrupted size vs. prev_size in fastbins
[2m[36m(launch_and_fit pid=2766433)[0m double free or corruption (fasttop)
[2m[36m(launch_and_fit pid=2766441)[0m malloc_consolidate(): invalid chunk size
[2m[36m(launch_and_fit pid=2766429)[0m double free or corruption (fasttop)
[2m[36m(launch_and_fit pid=2766427)[0m malloc_consolidate(): invalid chunk size
E0817 16:55:31.503502068 2629268 chttp2_transport.cc:1079]             ipv4:145.136.62.12:59613: Received a GOAWAY with error code ENHANCE_YOUR_CALM and debug data equal to "too_many_pings". Current keepalive time (before throttling): 245760000ms
[2m[36m(launch_and_fit pid=2766426)[0m malloc_consolidate(): invalid chunk size
INFO flwr 2023-08-17 16:56:09,584 | fed_df.py:540 | Distillation training stopped at step number : 250
INFO flwr 2023-08-17 16:56:09,585 | fed_df.py:547 | Average fusion training loss : 0.0034431630107574166, val accuracy : 0.68972, best val accuracy : 0.6978
INFO flwr 2023-08-17 16:56:09,586 | common.py:35 | Avg. local train loss : 4.92337235622108, train acc : 0.7970416666666668
INFO flwr 2023-08-17 16:56:12,675 | server.py:116 | fit progress: (14, 1.1280118194580078, {'server_test_acc': 0.7023}, 1419.8772224406712)
INFO flwr 2023-08-17 16:56:12,675 | server.py:163 | evaluate_round 14: no clients selected, cancel
DEBUG flwr 2023-08-17 16:56:22,432 | server.py:215 | fit_round 15: strategy sampled 8 clients (out of 20)
[2m[36m(launch_and_fit pid=2860290)[0m malloc_consolidate(): invalid chunk size
[2m[36m(launch_and_fit pid=2860289)[0m malloc_consolidate(): invalid chunk size
DEBUG flwr 2023-08-17 16:57:12,430 | server.py:229 | fit_round 15 received 8 results and 0 failures
[2m[36m(launch_and_fit pid=2860292)[0m double free or corruption (fasttop)
INFO flwr 2023-08-17 16:57:12,649 | fed_df.py:365 | Warm start at round 15
INFO flwr 2023-08-17 16:57:12,771 | fed_df.py:463 | Performing server side distillation training...
[W] [16:56:19.718055] # of Nearest Neighbors should be at least 3 * perplexity. Your results might be a bit strange...
[2m[36m(launch_and_fit pid=2860294)[0m Fitting Client 16
[2m[36m(launch_and_fit pid=2860289)[0m Fitting Client 7
[2m[36m(launch_and_fit pid=2860293)[0m Fitting Client 11
[2m[36m(launch_and_fit pid=2860291)[0m Fitting Client 18
[2m[36m(launch_and_fit pid=2860287)[0m Fitting Client 9
[2m[36m(launch_and_fit pid=2860290)[0m Fitting Client 2
[2m[36m(launch_and_fit pid=2860292)[0m Fitting Client 17
[2m[36m(launch_and_fit pid=2860285)[0m Fitting Client 1
[2m[36m(launch_and_fit pid=2860293)[0m malloc_consolidate(): invalid chunk size
[2m[36m(launch_and_fit pid=2860294)[0m double free or corruption (fasttop)
[2m[36m(launch_and_fit pid=2860287)[0m malloc_consolidate(): invalid chunk size
[2m[36m(launch_and_fit pid=2860285)[0m malloc_consolidate(): invalid chunk size
E0817 16:57:14.383568590 2833567 chttp2_transport.cc:1079]             ipv4:145.136.62.12:59613: Received a GOAWAY with error code ENHANCE_YOUR_CALM and debug data equal to "too_many_pings". Current keepalive time (before throttling): 491520000ms
[2m[36m(launch_and_fit pid=2860291)[0m double free or corruption (fasttop)
INFO flwr 2023-08-17 16:57:57,488 | fed_df.py:540 | Distillation training stopped at step number : 250
INFO flwr 2023-08-17 16:57:57,489 | fed_df.py:547 | Average fusion training loss : 0.01071972497086972, val accuracy : 0.71208, best val accuracy : 0.7204
INFO flwr 2023-08-17 16:57:57,490 | common.py:35 | Avg. local train loss : 5.018874568119646, train acc : 0.7891333333333332
INFO flwr 2023-08-17 16:58:00,731 | server.py:116 | fit progress: (15, 1.0999217651367188, {'server_test_acc': 0.7146}, 1527.9335516169667)
INFO flwr 2023-08-17 16:58:00,732 | server.py:163 | evaluate_round 15: no clients selected, cancel
DEBUG flwr 2023-08-17 16:58:10,636 | server.py:215 | fit_round 16: strategy sampled 8 clients (out of 20)
DEBUG flwr 2023-08-17 16:59:01,965 | server.py:229 | fit_round 16 received 8 results and 0 failures
[2m[36m(launch_and_fit pid=2940641)[0m malloc_consolidate(): invalid chunk size
INFO flwr 2023-08-17 16:59:02,241 | fed_df.py:463 | Performing server side distillation training...
[W] [16:58:07.937950] # of Nearest Neighbors should be at least 3 * perplexity. Your results might be a bit strange...
[2m[36m(launch_and_fit pid=2940639)[0m Fitting Client 2
[2m[36m(launch_and_fit pid=2940642)[0m Fitting Client 17
[2m[36m(launch_and_fit pid=2940640)[0m Fitting Client 15
[2m[36m(launch_and_fit pid=2940641)[0m Fitting Client 18
[2m[36m(launch_and_fit pid=2940643)[0m Fitting Client 4
[2m[36m(launch_and_fit pid=2940644)[0m Fitting Client 19
[2m[36m(launch_and_fit pid=2940646)[0m Fitting Client 16
[2m[36m(launch_and_fit pid=2940645)[0m Fitting Client 8
[2m[36m(launch_and_fit pid=2940645)[0m malloc_consolidate(): invalid chunk size
[2m[36m(launch_and_fit pid=2940640)[0m double free or corruption (fasttop)
[2m[36m(launch_and_fit pid=2940646)[0m malloc_consolidate(): invalid chunk size
E0817 16:59:03.624558908 3035034 chttp2_transport.cc:1079]             ipv4:145.136.62.12:59613: Received a GOAWAY with error code ENHANCE_YOUR_CALM and debug data equal to "too_many_pings". Current keepalive time (before throttling): 983040000ms
[2m[36m(launch_and_fit pid=2940642)[0m malloc(): unsorted double linked list corrupted
[2m[36m(launch_and_fit pid=2940643)[0m malloc_consolidate(): invalid chunk size
[2m[36m(launch_and_fit pid=2940639)[0m malloc_consolidate(): invalid chunk size
[2m[36m(launch_and_fit pid=2940644)[0m malloc_consolidate(): invalid chunk size
INFO flwr 2023-08-17 16:59:44,609 | fed_df.py:540 | Distillation training stopped at step number : 250
INFO flwr 2023-08-17 16:59:44,610 | fed_df.py:547 | Average fusion training loss : 0.0028817134820856155, val accuracy : 0.7205600000000001, best val accuracy : 0.7274
INFO flwr 2023-08-17 16:59:44,612 | common.py:35 | Avg. local train loss : 4.745175999775529, train acc : 0.8130472222222223
INFO flwr 2023-08-17 16:59:47,823 | server.py:116 | fit progress: (16, 1.1503205535888672, {'server_test_acc': 0.7205}, 1635.0250760829076)
INFO flwr 2023-08-17 16:59:47,823 | server.py:163 | evaluate_round 16: no clients selected, cancel
DEBUG flwr 2023-08-17 16:59:57,835 | server.py:215 | fit_round 17: strategy sampled 8 clients (out of 20)
[2m[36m(launch_and_fit pid=3089357)[0m malloc_consolidate(): invalid chunk size
[2m[36m(launch_and_fit pid=3089358)[0m malloc_consolidate(): invalid chunk size
DEBUG flwr 2023-08-17 17:00:48,588 | server.py:229 | fit_round 17 received 8 results and 0 failures
INFO flwr 2023-08-17 17:00:48,862 | fed_df.py:463 | Performing server side distillation training...
[W] [16:59:54.968659] # of Nearest Neighbors should be at least 3 * perplexity. Your results might be a bit strange...
[2m[36m(launch_and_fit pid=3089350)[0m Fitting Client 16
[2m[36m(launch_and_fit pid=3089353)[0m Fitting Client 9
[2m[36m(launch_and_fit pid=3089351)[0m Fitting Client 6
[2m[36m(launch_and_fit pid=3089354)[0m Fitting Client 13
[2m[36m(launch_and_fit pid=3089356)[0m Fitting Client 17
[2m[36m(launch_and_fit pid=3089355)[0m Fitting Client 10
[2m[36m(launch_and_fit pid=3089358)[0m Fitting Client 18
[2m[36m(launch_and_fit pid=3089357)[0m Fitting Client 19
[2m[36m(launch_and_fit pid=3089350)[0m double free or corruption (fasttop)
[2m[36m(launch_and_fit pid=3089351)[0m double free or corruption (fasttop)
[2m[36m(launch_and_fit pid=3089356)[0m double free or corruption (fasttop)
[2m[36m(launch_and_fit pid=3089355)[0m malloc_consolidate(): invalid chunk size
[2m[36m(launch_and_fit pid=3089353)[0m malloc_consolidate(): invalid chunk size
E0817 17:00:50.512601281 3187744 chttp2_transport.cc:1079]             ipv4:145.136.62.12:59613: Received a GOAWAY with error code ENHANCE_YOUR_CALM and debug data equal to "too_many_pings". Current keepalive time (before throttling): 1966080000ms
[2m[36m(launch_and_fit pid=3089354)[0m double free or corruption (fasttop)
INFO flwr 2023-08-17 17:01:30,530 | fed_df.py:540 | Distillation training stopped at step number : 250
INFO flwr 2023-08-17 17:01:30,531 | fed_df.py:547 | Average fusion training loss : 0.0025533943171612917, val accuracy : 0.71224, best val accuracy : 0.7166
INFO flwr 2023-08-17 17:01:30,532 | common.py:35 | Avg. local train loss : 4.751976405829191, train acc : 0.815361111111111
INFO flwr 2023-08-17 17:01:33,803 | server.py:116 | fit progress: (17, 1.1278666412353515, {'server_test_acc': 0.7083}, 1741.0050496635959)
INFO flwr 2023-08-17 17:01:33,803 | server.py:163 | evaluate_round 17: no clients selected, cancel
DEBUG flwr 2023-08-17 17:01:44,295 | server.py:215 | fit_round 18: strategy sampled 8 clients (out of 20)
[2m[36m(launch_and_fit pid=3237950)[0m double free or corruption (fasttop)
DEBUG flwr 2023-08-17 17:02:35,578 | server.py:229 | fit_round 18 received 8 results and 0 failures
[2m[36m(launch_and_fit pid=3237943)[0m malloc_consolidate(): invalid chunk size
[2m[36m(launch_and_fit pid=3237952)[0m corrupted size vs. prev_size in fastbins
[2m[36m(launch_and_fit pid=3237945)[0m malloc_consolidate(): invalid chunk size
INFO flwr 2023-08-17 17:02:35,865 | fed_df.py:463 | Performing server side distillation training...
[W] [17:01:41.547446] # of Nearest Neighbors should be at least 3 * perplexity. Your results might be a bit strange...
[2m[36m(launch_and_fit pid=3237943)[0m Fitting Client 14
[2m[36m(launch_and_fit pid=3237945)[0m Fitting Client 11
[2m[36m(launch_and_fit pid=3237946)[0m Fitting Client 16
[2m[36m(launch_and_fit pid=3237949)[0m Fitting Client 15
[2m[36m(launch_and_fit pid=3237950)[0m Fitting Client 3
[2m[36m(launch_and_fit pid=3237948)[0m Fitting Client 18
[2m[36m(launch_and_fit pid=3237951)[0m Fitting Client 1
[2m[36m(launch_and_fit pid=3237952)[0m Fitting Client 17
[2m[36m(launch_and_fit pid=3237948)[0m malloc_consolidate(): invalid chunk size
E0817 17:02:36.951147411 3338736 chttp2_transport.cc:1079]             ipv4:145.136.62.12:59613: Received a GOAWAY with error code ENHANCE_YOUR_CALM and debug data equal to "too_many_pings". Current keepalive time (before throttling): ∞
[2m[36m(launch_and_fit pid=3237949)[0m malloc_consolidate(): invalid chunk size
[2m[36m(launch_and_fit pid=3237946)[0m malloc_consolidate(): invalid chunk size
[2m[36m(launch_and_fit pid=3237951)[0m malloc_consolidate(): invalid chunk size
INFO flwr 2023-08-17 17:03:17,671 | fed_df.py:540 | Distillation training stopped at step number : 250
INFO flwr 2023-08-17 17:03:17,672 | fed_df.py:547 | Average fusion training loss : 0.0024609031388536096, val accuracy : 0.71776, best val accuracy : 0.7232
INFO flwr 2023-08-17 17:03:17,673 | common.py:35 | Avg. local train loss : 4.831212031468749, train acc : 0.8081138888888889
INFO flwr 2023-08-17 17:03:20,896 | server.py:116 | fit progress: (18, 1.1192660827636718, {'server_test_acc': 0.7255}, 1848.0984638826922)
INFO flwr 2023-08-17 17:03:20,897 | server.py:163 | evaluate_round 18: no clients selected, cancel
DEBUG flwr 2023-08-17 17:03:30,872 | server.py:215 | fit_round 19: strategy sampled 8 clients (out of 20)
[2m[36m(launch_and_fit pid=3387898)[0m malloc_consolidate(): invalid chunk size
DEBUG flwr 2023-08-17 17:04:21,681 | server.py:229 | fit_round 19 received 8 results and 0 failures
INFO flwr 2023-08-17 17:04:21,952 | fed_df.py:463 | Performing server side distillation training...
[W] [17:03:28.200776] # of Nearest Neighbors should be at least 3 * perplexity. Your results might be a bit strange...
[2m[36m(launch_and_fit pid=3387898)[0m Fitting Client 7
[2m[36m(launch_and_fit pid=3387899)[0m Fitting Client 17
[2m[36m(launch_and_fit pid=3387896)[0m Fitting Client 0
[2m[36m(launch_and_fit pid=3387893)[0m Fitting Client 10
[2m[36m(launch_and_fit pid=3387902)[0m Fitting Client 1
[2m[36m(launch_and_fit pid=3387900)[0m Fitting Client 16
[2m[36m(launch_and_fit pid=3387903)[0m Fitting Client 11
[2m[36m(launch_and_fit pid=3387901)[0m Fitting Client 18
[2m[36m(launch_and_fit pid=3387893)[0m malloc_consolidate(): invalid chunk size
[2m[36m(launch_and_fit pid=3387896)[0m double free or corruption (fasttop)
[2m[36m(launch_and_fit pid=3387901)[0m malloc_consolidate(): invalid chunk size
[2m[36m(launch_and_fit pid=3387903)[0m malloc_consolidate(): invalid chunk size
[2m[36m(launch_and_fit pid=3387902)[0m malloc_consolidate(): invalid chunk size
[2m[36m(launch_and_fit pid=3387899)[0m malloc_consolidate(): invalid chunk size
[2m[36m(launch_and_fit pid=3387900)[0m malloc_consolidate(): invalid chunk size
E0817 17:04:23.689100463 3339058 chttp2_transport.cc:1079]             ipv4:145.136.62.12:59613: Received a GOAWAY with error code ENHANCE_YOUR_CALM and debug data equal to "too_many_pings". Current keepalive time (before throttling): ∞
INFO flwr 2023-08-17 17:05:03,194 | fed_df.py:540 | Distillation training stopped at step number : 250
INFO flwr 2023-08-17 17:05:03,194 | fed_df.py:547 | Average fusion training loss : 0.0023536598375067117, val accuracy : 0.7094, best val accuracy : 0.7162
INFO flwr 2023-08-17 17:05:03,196 | common.py:35 | Avg. local train loss : 4.762499553710223, train acc : 0.8142944444444444
INFO flwr 2023-08-17 17:05:06,414 | server.py:116 | fit progress: (19, 1.072525732421875, {'server_test_acc': 0.7214}, 1953.616109771654)
INFO flwr 2023-08-17 17:05:06,414 | server.py:163 | evaluate_round 19: no clients selected, cancel
DEBUG flwr 2023-08-17 17:05:16,583 | server.py:215 | fit_round 20: strategy sampled 8 clients (out of 20)
[2m[36m(launch_and_fit pid=3538654)[0m double free or corruption (fasttop)
[2m[36m(launch_and_fit pid=3538682)[0m double free or corruption (fasttop)
DEBUG flwr 2023-08-17 17:06:07,833 | server.py:229 | fit_round 20 received 8 results and 0 failures
[2m[36m(launch_and_fit pid=3538681)[0m malloc_consolidate(): invalid chunk size
INFO flwr 2023-08-17 17:06:08,050 | fed_df.py:365 | Warm start at round 20
INFO flwr 2023-08-17 17:06:08,162 | fed_df.py:463 | Performing server side distillation training...
[W] [17:05:13.856884] # of Nearest Neighbors should be at least 3 * perplexity. Your results might be a bit strange...
[2m[36m(launch_and_fit pid=3538674)[0m Fitting Client 10
[2m[36m(launch_and_fit pid=3538683)[0m Fitting Client 8
[2m[36m(launch_and_fit pid=3538609)[0m Fitting Client 7
[2m[36m(launch_and_fit pid=3538577)[0m Fitting Client 2
[2m[36m(launch_and_fit pid=3538681)[0m Fitting Client 16
[2m[36m(launch_and_fit pid=3538682)[0m Fitting Client 3
[2m[36m(launch_and_fit pid=3538405)[0m Fitting Client 1
[2m[36m(launch_and_fit pid=3538654)[0m Fitting Client 19
[2m[36m(launch_and_fit pid=3538577)[0m malloc_consolidate(): invalid chunk size
[2m[36m(launch_and_fit pid=3538674)[0m malloc_consolidate(): invalid chunk size
[2m[36m(launch_and_fit pid=3538609)[0m malloc_consolidate(): invalid chunk size
E0817 17:06:09.370925289 3490660 chttp2_transport.cc:1079]             ipv4:145.136.62.12:59613: Received a GOAWAY with error code ENHANCE_YOUR_CALM and debug data equal to "too_many_pings". Current keepalive time (before throttling): ∞
[2m[36m(launch_and_fit pid=3538683)[0m malloc_consolidate(): invalid chunk size
[2m[36m(launch_and_fit pid=3538405)[0m double free or corruption (fasttop)
INFO flwr 2023-08-17 17:06:49,474 | fed_df.py:540 | Distillation training stopped at step number : 250
INFO flwr 2023-08-17 17:06:49,474 | fed_df.py:547 | Average fusion training loss : 0.009129826731979847, val accuracy : 0.72448, best val accuracy : 0.729
INFO flwr 2023-08-17 17:06:49,476 | common.py:35 | Avg. local train loss : 4.751694146916271, train acc : 0.8141916666666668
INFO flwr 2023-08-17 17:06:52,775 | server.py:116 | fit progress: (20, 1.125052655029297, {'server_test_acc': 0.7315}, 2059.9767187149264)
INFO flwr 2023-08-17 17:06:52,775 | server.py:163 | evaluate_round 20: no clients selected, cancel
DEBUG flwr 2023-08-17 17:07:03,064 | server.py:215 | fit_round 21: strategy sampled 8 clients (out of 20)
DEBUG flwr 2023-08-17 17:07:53,426 | server.py:229 | fit_round 21 received 8 results and 0 failures
INFO flwr 2023-08-17 17:07:53,756 | fed_df.py:463 | Performing server side distillation training...
[W] [17:07:00.290864] # of Nearest Neighbors should be at least 3 * perplexity. Your results might be a bit strange...
[2m[36m(launch_and_fit pid=3693221)[0m Fitting Client 6
[2m[36m(launch_and_fit pid=3693229)[0m Fitting Client 3
[2m[36m(launch_and_fit pid=3693224)[0m Fitting Client 18
[2m[36m(launch_and_fit pid=3692819)[0m Fitting Client 8
[2m[36m(launch_and_fit pid=3693231)[0m Fitting Client 7
[2m[36m(launch_and_fit pid=3693230)[0m Fitting Client 12
[2m[36m(launch_and_fit pid=3693222)[0m Fitting Client 15
[2m[36m(launch_and_fit pid=3693223)[0m Fitting Client 4
[2m[36m(launch_and_fit pid=3693231)[0m malloc_consolidate(): invalid chunk size
[2m[36m(launch_and_fit pid=3693221)[0m malloc_consolidate(): invalid chunk size
[2m[36m(launch_and_fit pid=3692819)[0m double free or corruption (fasttop)
[2m[36m(launch_and_fit pid=3693222)[0m malloc_consolidate(): invalid chunk size
[2m[36m(launch_and_fit pid=3693229)[0m malloc_consolidate(): invalid chunk size
E0817 17:07:55.063263840 3790327 chttp2_transport.cc:1079]             ipv4:145.136.62.12:59613: Received a GOAWAY with error code ENHANCE_YOUR_CALM and debug data equal to "too_many_pings". Current keepalive time (before throttling): ∞
[2m[36m(launch_and_fit pid=3693223)[0m double free or corruption (fasttop)
[2m[36m(launch_and_fit pid=3693224)[0m malloc_consolidate(): invalid chunk size
[2m[36m(launch_and_fit pid=3693230)[0m double free or corruption (fasttop)
INFO flwr 2023-08-17 17:08:40,712 | fed_df.py:540 | Distillation training stopped at step number : 250
INFO flwr 2023-08-17 17:08:40,713 | fed_df.py:547 | Average fusion training loss : 0.002057354492135346, val accuracy : 0.72596, best val accuracy : 0.7334
INFO flwr 2023-08-17 17:08:40,715 | common.py:35 | Avg. local train loss : 4.637145593762398, train acc : 0.8254333333333334
INFO flwr 2023-08-17 17:08:44,380 | server.py:116 | fit progress: (21, 1.1634284942626953, {'server_test_acc': 0.7322}, 2171.581809350755)
INFO flwr 2023-08-17 17:08:44,380 | server.py:163 | evaluate_round 21: no clients selected, cancel
DEBUG flwr 2023-08-17 17:08:54,553 | server.py:215 | fit_round 22: strategy sampled 8 clients (out of 20)
[2m[36m(launch_and_fit pid=3854301)[0m double free or corruption (fasttop)
[2m[36m(launch_and_fit pid=3854143)[0m double free or corruption (fasttop)
DEBUG flwr 2023-08-17 17:09:45,184 | server.py:229 | fit_round 22 received 8 results and 0 failures
[2m[36m(launch_and_fit pid=3854375)[0m malloc_consolidate(): invalid chunk size
[2m[36m(launch_and_fit pid=3853973)[0m double free or corruption (fasttop)
INFO flwr 2023-08-17 17:09:45,460 | fed_df.py:463 | Performing server side distillation training...
[W] [17:08:51.804482] # of Nearest Neighbors should be at least 3 * perplexity. Your results might be a bit strange...
[2m[36m(launch_and_fit pid=3854375)[0m Fitting Client 5
[2m[36m(launch_and_fit pid=3854301)[0m Fitting Client 18
[2m[36m(launch_and_fit pid=3854141)[0m Fitting Client 6
[2m[36m(launch_and_fit pid=3853973)[0m Fitting Client 13
[2m[36m(launch_and_fit pid=3854376)[0m Fitting Client 19
[2m[36m(launch_and_fit pid=3854143)[0m Fitting Client 17
[2m[36m(launch_and_fit pid=3854126)[0m Fitting Client 3
[2m[36m(launch_and_fit pid=3854374)[0m Fitting Client 15
[2m[36m(launch_and_fit pid=3854141)[0m malloc_consolidate(): invalid chunk size
[2m[36m(launch_and_fit pid=3854374)[0m malloc_consolidate(): invalid chunk size
[2m[36m(launch_and_fit pid=3854126)[0m malloc_consolidate(): invalid chunk size
[2m[36m(launch_and_fit pid=3854376)[0m malloc_consolidate(): invalid chunk size
E0817 17:09:50.302488643 3969120 chttp2_transport.cc:1079]             ipv4:145.136.62.12:59613: Received a GOAWAY with error code ENHANCE_YOUR_CALM and debug data equal to "too_many_pings". Current keepalive time (before throttling): ∞
INFO flwr 2023-08-17 17:10:27,005 | fed_df.py:540 | Distillation training stopped at step number : 250
INFO flwr 2023-08-17 17:10:27,005 | fed_df.py:547 | Average fusion training loss : 0.002187827002257109, val accuracy : 0.7316400000000001, best val accuracy : 0.742
INFO flwr 2023-08-17 17:10:27,007 | common.py:35 | Avg. local train loss : 4.636442906036973, train acc : 0.8266722222222223
INFO flwr 2023-08-17 17:10:30,567 | server.py:116 | fit progress: (22, 1.1164578338623048, {'server_test_acc': 0.7384}, 2277.7691275277175)
INFO flwr 2023-08-17 17:10:30,567 | server.py:163 | evaluate_round 22: no clients selected, cancel
DEBUG flwr 2023-08-17 17:10:40,484 | server.py:215 | fit_round 23: strategy sampled 8 clients (out of 20)
[2m[36m(launch_and_fit pid=4055735)[0m malloc_consolidate(): invalid chunk size
DEBUG flwr 2023-08-17 17:11:31,942 | server.py:229 | fit_round 23 received 8 results and 0 failures
INFO flwr 2023-08-17 17:11:32,220 | fed_df.py:463 | Performing server side distillation training...
[W] [17:10:37.751648] # of Nearest Neighbors should be at least 3 * perplexity. Your results might be a bit strange...
[2m[36m(launch_and_fit pid=4055584)[0m Fitting Client 1
[2m[36m(launch_and_fit pid=4055727)[0m Fitting Client 11
[2m[36m(launch_and_fit pid=4055724)[0m Fitting Client 12
[2m[36m(launch_and_fit pid=4055728)[0m Fitting Client 15
[2m[36m(launch_and_fit pid=4055586)[0m Fitting Client 3
[2m[36m(launch_and_fit pid=4055402)[0m Fitting Client 14
[2m[36m(launch_and_fit pid=4055583)[0m Fitting Client 18
[2m[36m(launch_and_fit pid=4055735)[0m Fitting Client 5
[2m[36m(launch_and_fit pid=4055583)[0m malloc_consolidate(): invalid chunk size
[2m[36m(launch_and_fit pid=4055584)[0m malloc_consolidate(): invalid chunk size
[2m[36m(launch_and_fit pid=4055727)[0m double free or corruption (fasttop)
[2m[36m(launch_and_fit pid=4055728)[0m malloc_consolidate(): invalid chunk size
[2m[36m(launch_and_fit pid=4055724)[0m malloc_consolidate(): invalid chunk size
E0817 17:11:33.515343027 3973842 chttp2_transport.cc:1079]             ipv4:145.136.62.12:59613: Received a GOAWAY with error code ENHANCE_YOUR_CALM and debug data equal to "too_many_pings". Current keepalive time (before throttling): ∞
[2m[36m(launch_and_fit pid=4055402)[0m malloc_consolidate(): invalid chunk size
[2m[36m(launch_and_fit pid=4055586)[0m malloc_consolidate(): invalid chunk size
INFO flwr 2023-08-17 17:12:14,038 | fed_df.py:540 | Distillation training stopped at step number : 250
INFO flwr 2023-08-17 17:12:14,038 | fed_df.py:547 | Average fusion training loss : 0.0019716819413006306, val accuracy : 0.73732, best val accuracy : 0.7474
INFO flwr 2023-08-17 17:12:14,040 | common.py:35 | Avg. local train loss : 4.685035586729646, train acc : 0.8225833333333333
INFO flwr 2023-08-17 17:12:17,468 | server.py:116 | fit progress: (23, 1.1098577728271484, {'server_test_acc': 0.7386}, 2384.670138794929)
INFO flwr 2023-08-17 17:12:17,468 | server.py:163 | evaluate_round 23: no clients selected, cancel
DEBUG flwr 2023-08-17 17:12:27,786 | server.py:215 | fit_round 24: strategy sampled 8 clients (out of 20)
DEBUG flwr 2023-08-17 17:13:18,990 | server.py:229 | fit_round 24 received 8 results and 0 failures
[2m[36m(launch_and_fit pid=22050)[0m double free or corruption (fasttop)
INFO flwr 2023-08-17 17:13:19,314 | fed_df.py:463 | Performing server side distillation training...
[W] [17:12:25.101318] # of Nearest Neighbors should be at least 3 * perplexity. Your results might be a bit strange...
[2m[36m(launch_and_fit pid=21903)[0m Fitting Client 3
[2m[36m(launch_and_fit pid=22055)[0m Fitting Client 2
[2m[36m(launch_and_fit pid=22052)[0m Fitting Client 17
[2m[36m(launch_and_fit pid=22051)[0m Fitting Client 7
[2m[36m(launch_and_fit pid=22050)[0m Fitting Client 6
[2m[36m(launch_and_fit pid=22174)[0m Fitting Client 15
[2m[36m(launch_and_fit pid=22175)[0m Fitting Client 16
[2m[36m(launch_and_fit pid=22173)[0m Fitting Client 14
[2m[36m(launch_and_fit pid=22051)[0m malloc_consolidate(): invalid chunk size
[2m[36m(launch_and_fit pid=21903)[0m malloc_consolidate(): invalid chunk size
[2m[36m(launch_and_fit pid=22052)[0m malloc_consolidate(): invalid chunk size
[2m[36m(launch_and_fit pid=22175)[0m malloc_consolidate(): invalid chunk size
[2m[36m(launch_and_fit pid=22174)[0m malloc_consolidate(): invalid chunk size
[2m[36m(launch_and_fit pid=22173)[0m malloc_consolidate(): invalid chunk size
[2m[36m(launch_and_fit pid=22055)[0m malloc_consolidate(): invalid chunk size
E0817 17:13:20.958937406 4149403 chttp2_transport.cc:1079]             ipv4:145.136.62.12:59613: Received a GOAWAY with error code ENHANCE_YOUR_CALM and debug data equal to "too_many_pings". Current keepalive time (before throttling): ∞
INFO flwr 2023-08-17 17:14:01,743 | fed_df.py:540 | Distillation training stopped at step number : 250
INFO flwr 2023-08-17 17:14:01,743 | fed_df.py:547 | Average fusion training loss : 0.00233848057128489, val accuracy : 0.7235600000000001, best val accuracy : 0.7374
INFO flwr 2023-08-17 17:14:01,745 | common.py:35 | Avg. local train loss : 4.66242958009243, train acc : 0.8240972222222223
INFO flwr 2023-08-17 17:14:05,355 | server.py:116 | fit progress: (24, 1.1023428985595702, {'server_test_acc': 0.7297}, 2492.5574439950287)
INFO flwr 2023-08-17 17:14:05,356 | server.py:163 | evaluate_round 24: no clients selected, cancel
DEBUG flwr 2023-08-17 17:14:15,595 | server.py:215 | fit_round 25: strategy sampled 8 clients (out of 20)
[2m[36m(launch_and_fit pid=170914)[0m malloc_consolidate(): invalid chunk size
[2m[36m(launch_and_fit pid=170855)[0m double free or corruption (fasttop)
DEBUG flwr 2023-08-17 17:15:06,260 | server.py:229 | fit_round 25 received 8 results and 0 failures
INFO flwr 2023-08-17 17:15:06,477 | fed_df.py:365 | Warm start at round 25
INFO flwr 2023-08-17 17:15:06,592 | fed_df.py:463 | Performing server side distillation training...
[W] [17:14:12.866770] # of Nearest Neighbors should be at least 3 * perplexity. Your results might be a bit strange...
[2m[36m(launch_and_fit pid=170854)[0m Fitting Client 7
[2m[36m(launch_and_fit pid=170855)[0m Fitting Client 2
[2m[36m(launch_and_fit pid=171029)[0m Fitting Client 12
[2m[36m(launch_and_fit pid=171031)[0m Fitting Client 19
[2m[36m(launch_and_fit pid=171030)[0m Fitting Client 13
[2m[36m(launch_and_fit pid=170471)[0m Fitting Client 8
[2m[36m(launch_and_fit pid=170486)[0m Fitting Client 14
[2m[36m(launch_and_fit pid=170914)[0m Fitting Client 18
[2m[36m(launch_and_fit pid=171030)[0m malloc_consolidate(): invalid chunk size
[2m[36m(launch_and_fit pid=170854)[0m double free or corruption (fasttop)
[2m[36m(launch_and_fit pid=170471)[0m malloc_consolidate(): invalid chunk size
E0817 17:15:08.290897512  105792 chttp2_transport.cc:1079]             ipv4:145.136.62.12:59613: Received a GOAWAY with error code ENHANCE_YOUR_CALM and debug data equal to "too_many_pings". Current keepalive time (before throttling): ∞
[2m[36m(launch_and_fit pid=171031)[0m malloc_consolidate(): invalid chunk size
[2m[36m(launch_and_fit pid=171029)[0m malloc_consolidate(): invalid chunk size
[2m[36m(launch_and_fit pid=170486)[0m malloc_consolidate(): invalid chunk size
INFO flwr 2023-08-17 17:15:47,173 | fed_df.py:540 | Distillation training stopped at step number : 250
INFO flwr 2023-08-17 17:15:47,173 | fed_df.py:547 | Average fusion training loss : 0.009538855005055667, val accuracy : 0.73228, best val accuracy : 0.741
INFO flwr 2023-08-17 17:15:47,175 | common.py:35 | Avg. local train loss : 4.611458774283528, train acc : 0.8285499999999999
INFO flwr 2023-08-17 17:15:50,977 | server.py:116 | fit progress: (25, 1.1774215026855468, {'server_test_acc': 0.734}, 2598.1790883876383)
INFO flwr 2023-08-17 17:15:50,977 | server.py:163 | evaluate_round 25: no clients selected, cancel
DEBUG flwr 2023-08-17 17:16:01,016 | server.py:215 | fit_round 26: strategy sampled 8 clients (out of 20)
DEBUG flwr 2023-08-17 17:16:50,441 | server.py:229 | fit_round 26 received 8 results and 0 failures
INFO flwr 2023-08-17 17:16:50,775 | fed_df.py:463 | Performing server side distillation training...
[W] [17:15:58.282946] # of Nearest Neighbors should be at least 3 * perplexity. Your results might be a bit strange...
[2m[36m(launch_and_fit pid=321159)[0m Fitting Client 3
[2m[36m(launch_and_fit pid=321304)[0m Fitting Client 17
[2m[36m(launch_and_fit pid=321157)[0m Fitting Client 1
[2m[36m(launch_and_fit pid=321305)[0m Fitting Client 14
[2m[36m(launch_and_fit pid=321445)[0m Fitting Client 12
[2m[36m(launch_and_fit pid=321363)[0m Fitting Client 0
[2m[36m(launch_and_fit pid=321306)[0m Fitting Client 2
[2m[36m(launch_and_fit pid=321446)[0m Fitting Client 19
[2m[36m(launch_and_fit pid=321445)[0m malloc_consolidate(): invalid chunk size
[2m[36m(launch_and_fit pid=321363)[0m malloc_consolidate(): invalid chunk size
[2m[36m(launch_and_fit pid=321306)[0m double free or corruption (fasttop)
[2m[36m(launch_and_fit pid=321304)[0m double free or corruption (fasttop)
[2m[36m(launch_and_fit pid=321446)[0m malloc_consolidate(): invalid chunk size
[2m[36m(launch_and_fit pid=321305)[0m malloc_consolidate(): invalid chunk size
[2m[36m(launch_and_fit pid=321157)[0m malloc_consolidate(): invalid chunk size
[2m[36m(launch_and_fit pid=321159)[0m malloc_consolidate(): invalid chunk size
E0817 17:16:53.596247490  255174 chttp2_transport.cc:1079]             ipv4:145.136.62.12:59613: Received a GOAWAY with error code ENHANCE_YOUR_CALM and debug data equal to "too_many_pings". Current keepalive time (before throttling): ∞
INFO flwr 2023-08-17 17:17:32,149 | fed_df.py:540 | Distillation training stopped at step number : 250
INFO flwr 2023-08-17 17:17:32,149 | fed_df.py:547 | Average fusion training loss : 0.0015114660444669427, val accuracy : 0.75208, best val accuracy : 0.7596
INFO flwr 2023-08-17 17:17:32,152 | common.py:35 | Avg. local train loss : 4.469477709755301, train acc : 0.8417166666666668
INFO flwr 2023-08-17 17:17:35,478 | server.py:116 | fit progress: (26, 1.1738194061279297, {'server_test_acc': 0.7526}, 2702.6799724409357)
INFO flwr 2023-08-17 17:17:35,478 | server.py:163 | evaluate_round 26: no clients selected, cancel
DEBUG flwr 2023-08-17 17:17:45,848 | server.py:215 | fit_round 27: strategy sampled 8 clients (out of 20)
[2m[36m(launch_and_fit pid=472356)[0m malloc_consolidate(): invalid chunk size
DEBUG flwr 2023-08-17 17:18:35,959 | server.py:229 | fit_round 27 received 8 results and 0 failures
INFO flwr 2023-08-17 17:18:36,265 | fed_df.py:463 | Performing server side distillation training...
[2m[36m(launch_and_fit pid=472635)[0m malloc_consolidate(): invalid chunk size
[W] [17:17:43.118920] # of Nearest Neighbors should be at least 3 * perplexity. Your results might be a bit strange...
[2m[36m(launch_and_fit pid=472356)[0m Fitting Client 13
[2m[36m(launch_and_fit pid=472372)[0m Fitting Client 5
[2m[36m(launch_and_fit pid=472635)[0m Fitting Client 15
[2m[36m(launch_and_fit pid=472773)[0m Fitting Client 18
[2m[36m(launch_and_fit pid=472776)[0m Fitting Client 16
[2m[36m(launch_and_fit pid=472777)[0m Fitting Client 0
[2m[36m(launch_and_fit pid=472637)[0m Fitting Client 17
[2m[36m(launch_and_fit pid=472674)[0m Fitting Client 6
[2m[36m(launch_and_fit pid=472372)[0m malloc_consolidate(): invalid chunk size
[2m[36m(launch_and_fit pid=472773)[0m malloc_consolidate(): invalid chunk size
[2m[36m(launch_and_fit pid=472777)[0m malloc_consolidate(): invalid chunk size
[2m[36m(launch_and_fit pid=472637)[0m malloc_consolidate(): invalid chunk size
[2m[36m(launch_and_fit pid=472776)[0m malloc_consolidate(): invalid chunk size
[2m[36m(launch_and_fit pid=472674)[0m malloc_consolidate(): invalid chunk size
INFO flwr 2023-08-17 17:19:18,535 | fed_df.py:540 | Distillation training stopped at step number : 250
INFO flwr 2023-08-17 17:19:18,535 | fed_df.py:547 | Average fusion training loss : 0.0016524668838828803, val accuracy : 0.74048, best val accuracy : 0.7496
INFO flwr 2023-08-17 17:19:18,537 | common.py:35 | Avg. local train loss : 4.569146195799113, train acc : 0.8347277777777777
INFO flwr 2023-08-17 17:19:22,028 | server.py:116 | fit progress: (27, 1.140017022705078, {'server_test_acc': 0.7463}, 2809.230520410929)
INFO flwr 2023-08-17 17:19:22,029 | server.py:163 | evaluate_round 27: no clients selected, cancel
DEBUG flwr 2023-08-17 17:19:32,414 | server.py:215 | fit_round 28: strategy sampled 8 clients (out of 20)
DEBUG flwr 2023-08-17 17:20:22,127 | server.py:229 | fit_round 28 received 8 results and 0 failures
INFO flwr 2023-08-17 17:20:22,458 | fed_df.py:463 | Performing server side distillation training...
[W] [17:19:29.666811] # of Nearest Neighbors should be at least 3 * perplexity. Your results might be a bit strange...
[2m[36m(launch_and_fit pid=624809)[0m Fitting Client 18
[2m[36m(launch_and_fit pid=624805)[0m Fitting Client 8
[2m[36m(launch_and_fit pid=624808)[0m Fitting Client 14
[2m[36m(launch_and_fit pid=624753)[0m Fitting Client 0
[2m[36m(launch_and_fit pid=624751)[0m Fitting Client 12
[2m[36m(launch_and_fit pid=624945)[0m Fitting Client 13
[2m[36m(launch_and_fit pid=624750)[0m Fitting Client 5
[2m[36m(launch_and_fit pid=624947)[0m Fitting Client 16
[2m[36m(launch_and_fit pid=624751)[0m malloc_consolidate(): invalid chunk size
[2m[36m(launch_and_fit pid=624809)[0m double free or corruption (fasttop)
[2m[36m(launch_and_fit pid=624805)[0m double free or corruption (fasttop)
[2m[36m(launch_and_fit pid=624945)[0m malloc_consolidate(): invalid chunk size
[2m[36m(launch_and_fit pid=624750)[0m double free or corruption (fasttop)
[2m[36m(launch_and_fit pid=624947)[0m double free or corruption (fasttop)
E0817 17:20:23.701126029  700378 chttp2_transport.cc:1079]             ipv4:145.136.62.12:59613: Received a GOAWAY with error code ENHANCE_YOUR_CALM and debug data equal to "too_many_pings". Current keepalive time (before throttling): ∞
[2m[36m(launch_and_fit pid=624808)[0m malloc_consolidate(): invalid chunk size
[2m[36m(launch_and_fit pid=624753)[0m malloc_consolidate(): invalid chunk size
INFO flwr 2023-08-17 17:21:04,445 | fed_df.py:540 | Distillation training stopped at step number : 250
INFO flwr 2023-08-17 17:21:04,445 | fed_df.py:547 | Average fusion training loss : 0.001905909551307559, val accuracy : 0.7478399999999998, best val accuracy : 0.7524
INFO flwr 2023-08-17 17:21:04,447 | common.py:35 | Avg. local train loss : 4.5392758920788765, train acc : 0.8381777777777777
INFO flwr 2023-08-17 17:21:08,041 | server.py:116 | fit progress: (28, 1.1057715026855468, {'server_test_acc': 0.7452}, 2915.2433655187488)
INFO flwr 2023-08-17 17:21:08,042 | server.py:163 | evaluate_round 28: no clients selected, cancel
DEBUG flwr 2023-08-17 17:21:18,315 | server.py:215 | fit_round 29: strategy sampled 8 clients (out of 20)
[2m[36m(launch_and_fit pid=775248)[0m malloc_consolidate(): invalid chunk size
[2m[36m(launch_and_fit pid=775179)[0m malloc_consolidate(): invalid chunk size
DEBUG flwr 2023-08-17 17:22:08,797 | server.py:229 | fit_round 29 received 8 results and 0 failures
INFO flwr 2023-08-17 17:22:09,075 | fed_df.py:463 | Performing server side distillation training...
[W] [17:21:15.535411] # of Nearest Neighbors should be at least 3 * perplexity. Your results might be a bit strange...
[2m[36m(launch_and_fit pid=775250)[0m Fitting Client 9
[2m[36m(launch_and_fit pid=775287)[0m Fitting Client 19
[2m[36m(launch_and_fit pid=775248)[0m Fitting Client 13
[2m[36m(launch_and_fit pid=775252)[0m Fitting Client 16
[2m[36m(launch_and_fit pid=775179)[0m Fitting Client 15
[2m[36m(launch_and_fit pid=775251)[0m Fitting Client 3
[2m[36m(launch_and_fit pid=775249)[0m Fitting Client 4
[2m[36m(launch_and_fit pid=775178)[0m Fitting Client 14
[2m[36m(launch_and_fit pid=775251)[0m malloc_consolidate(): invalid chunk size
[2m[36m(launch_and_fit pid=775249)[0m malloc_consolidate(): invalid chunk size
[2m[36m(launch_and_fit pid=775252)[0m malloc_consolidate(): invalid chunk size
[2m[36m(launch_and_fit pid=775178)[0m malloc_consolidate(): invalid chunk size
E0817 17:22:10.088209140  700715 chttp2_transport.cc:1079]             ipv4:145.136.62.12:59613: Received a GOAWAY with error code ENHANCE_YOUR_CALM and debug data equal to "too_many_pings". Current keepalive time (before throttling): ∞
[2m[36m(launch_and_fit pid=775250)[0m malloc_consolidate(): invalid chunk size
[2m[36m(launch_and_fit pid=775287)[0m malloc_consolidate(): invalid chunk size
E0817 17:22:15.873741133  849096 chttp2_transport.cc:1079]             ipv4:145.136.62.12:59613: Received a GOAWAY with error code ENHANCE_YOUR_CALM and debug data equal to "too_many_pings". Current keepalive time (before throttling): ∞
E0817 17:22:51.113236422  853776 chttp2_transport.cc:1079]             ipv4:145.136.62.12:59613: Received a GOAWAY with error code ENHANCE_YOUR_CALM and debug data equal to "too_many_pings". Current keepalive time (before throttling): ∞
INFO flwr 2023-08-17 17:22:51,768 | fed_df.py:540 | Distillation training stopped at step number : 250
INFO flwr 2023-08-17 17:22:51,768 | fed_df.py:547 | Average fusion training loss : 0.0021116652255877854, val accuracy : 0.7454, best val accuracy : 0.7504
INFO flwr 2023-08-17 17:22:51,771 | common.py:35 | Avg. local train loss : 4.523934883624316, train acc : 0.8380416666666667
INFO flwr 2023-08-17 17:22:55,300 | server.py:116 | fit progress: (29, 1.1237799743652344, {'server_test_acc': 0.744}, 3022.5017225639895)
INFO flwr 2023-08-17 17:22:55,300 | server.py:163 | evaluate_round 29: no clients selected, cancel
DEBUG flwr 2023-08-17 17:23:05,652 | server.py:215 | fit_round 30: strategy sampled 8 clients (out of 20)
DEBUG flwr 2023-08-17 17:23:55,785 | server.py:229 | fit_round 30 received 8 results and 0 failures
[2m[36m(launch_and_fit pid=926737)[0m double free or corruption (fasttop)
INFO flwr 2023-08-17 17:23:56,002 | fed_df.py:365 | Warm start at round 30
[2m[36m(launch_and_fit pid=926738)[0m malloc_consolidate(): invalid chunk size
[2m[36m(launch_and_fit pid=926807)[0m malloc_consolidate(): invalid chunk size
INFO flwr 2023-08-17 17:23:56,148 | fed_df.py:463 | Performing server side distillation training...
[W] [17:23:02.917814] # of Nearest Neighbors should be at least 3 * perplexity. Your results might be a bit strange...
[2m[36m(launch_and_fit pid=926807)[0m Fitting Client 9
[2m[36m(launch_and_fit pid=926737)[0m Fitting Client 18
[2m[36m(launch_and_fit pid=926597)[0m Fitting Client 1
[2m[36m(launch_and_fit pid=926808)[0m Fitting Client 14
[2m[36m(launch_and_fit pid=926738)[0m Fitting Client 10
[2m[36m(launch_and_fit pid=926669)[0m Fitting Client 19
[2m[36m(launch_and_fit pid=926806)[0m Fitting Client 0
[2m[36m(launch_and_fit pid=926667)[0m Fitting Client 17
E0817 17:23:56.866088742  997182 chttp2_transport.cc:1079]             ipv4:145.136.62.12:59613: Received a GOAWAY with error code ENHANCE_YOUR_CALM and debug data equal to "too_many_pings". Current keepalive time (before throttling): ∞
[2m[36m(launch_and_fit pid=926808)[0m malloc_consolidate(): invalid chunk size
[2m[36m(launch_and_fit pid=926669)[0m double free or corruption (fasttop)
[2m[36m(launch_and_fit pid=926667)[0m malloc_consolidate(): invalid chunk size
[2m[36m(launch_and_fit pid=926597)[0m malloc_consolidate(): invalid chunk size
[2m[36m(launch_and_fit pid=926806)[0m double free or corruption (fasttop)
INFO flwr 2023-08-17 17:24:40,284 | fed_df.py:540 | Distillation training stopped at step number : 250
INFO flwr 2023-08-17 17:24:40,284 | fed_df.py:547 | Average fusion training loss : 0.008133744560182095, val accuracy : 0.73416, best val accuracy : 0.7456
INFO flwr 2023-08-17 17:24:40,286 | common.py:35 | Avg. local train loss : 4.5217372447252275, train acc : 0.8381555555555555
INFO flwr 2023-08-17 17:24:43,564 | server.py:116 | fit progress: (30, 1.2793819915771485, {'server_test_acc': 0.7411}, 3130.766580885742)
INFO flwr 2023-08-17 17:24:43,565 | server.py:163 | evaluate_round 30: no clients selected, cancel
INFO flwr 2023-08-17 17:24:43,565 | server.py:144 | FL finished in 3130.7669837609865
INFO flwr 2023-08-17 17:24:43,565 | app.py:202 | app_fit: losses_distributed []
INFO flwr 2023-08-17 17:24:43,566 | app.py:203 | app_fit: metrics_distributed {}
INFO flwr 2023-08-17 17:24:43,566 | app.py:204 | app_fit: losses_centralized [(0, 2.3234217651367186), (1, 1.5380856048583984), (2, 1.4605092895507812), (3, 1.3770525909423827), (4, 1.3020866943359375), (5, 1.186620944213867), (6, 1.209634814453125), (7, 1.189570635986328), (8, 1.184538885498047), (9, 1.1842412658691406), (10, 1.1327090789794922), (11, 1.147517416381836), (12, 1.16433369140625), (13, 1.1532252532958984), (14, 1.1280118194580078), (15, 1.0999217651367188), (16, 1.1503205535888672), (17, 1.1278666412353515), (18, 1.1192660827636718), (19, 1.072525732421875), (20, 1.125052655029297), (21, 1.1634284942626953), (22, 1.1164578338623048), (23, 1.1098577728271484), (24, 1.1023428985595702), (25, 1.1774215026855468), (26, 1.1738194061279297), (27, 1.140017022705078), (28, 1.1057715026855468), (29, 1.1237799743652344), (30, 1.2793819915771485)]
INFO flwr 2023-08-17 17:24:43,566 | app.py:205 | app_fit: metrics_centralized {'server_test_acc': [(0, 0.108), (1, 0.4545), (2, 0.5378), (3, 0.5828), (4, 0.6098), (5, 0.6516), (6, 0.6598), (7, 0.6735), (8, 0.6632), (9, 0.6771), (10, 0.6813), (11, 0.6939), (12, 0.6985), (13, 0.6977), (14, 0.7023), (15, 0.7146), (16, 0.7205), (17, 0.7083), (18, 0.7255), (19, 0.7214), (20, 0.7315), (21, 0.7322), (22, 0.7384), (23, 0.7386), (24, 0.7297), (25, 0.734), (26, 0.7526), (27, 0.7463), (28, 0.7452), (29, 0.744), (30, 0.7411)]}
malloc_consolidate(): invalid chunk size
srun: error: gcn12: task 0: Aborted
srun: Terminating StepId=3381663.1
-----EXPERIMENT ENDS-----
-----CLEANING UP DISK------
-----END-----

JOB STATISTICS
==============
Job ID: 3381663
Cluster: snellius
User/Group: sunnys/sunnys
State: COMPLETED (exit code 0)
Nodes: 1
Cores per node: 18
CPU Utilized: 02:08:51
CPU Efficiency: 12.45% of 17:15:18 core-walltime
Job Wall-clock time: 00:57:31
Memory Utilized: 58.53 GB
Memory Efficiency: 48.77% of 120.00 GB
