-----BEGIN-----
-----SETTINGS-----
TOTAL CROPS:100000
STRATEGY:feddf
MODEL_NAME:resnet8
NUM_CLIENTS:20
NUM_ROUNDS:30
FRACTION_FIT:0.4
FRACTION_EVALUATE:0.0
DATASET_NAME:cifar100
PARTITION_ALPHA:100.0
PARTITION_VAL_RATIO:0.1
BATCH_SIZE:512
LOCAL_EPOCHS:20
LOCAL_LR:0.01
DISTILL_BATCH_SIZE:512
SERVER_LR:0.005
SERVER_STEPS:250
SERVER_EARLY_STEPS:1000
USE_EARLY_STOPPING:False
USE_ADAPTIVE_LR:False
USE_ADAPTIVE_LR_ROUND:False
SEED:84
CUDA_DETERMINISTIC:False
USE_CROPS:True
IMG_NAME:ameyoko.jpg
DISTILL_DATASET:pathmnist
DISTILL_ALPHA:1.0
NUM_DISTILL_IMAGES:10000
DISTILL_TRANSFORMS:v0
WARM_START:True
WARM_START_ROUNDS:1
WARM_START_INTERVAL:1
KMEANS_N_CLUSTER:100
KMEANS_HEURISTICS:easy
KMEANS_MIXED_FACTOR:50-50
KMEANS_BALANCING:0.1
CONFIDENCE_THRESHOLD:0.1
CONFIDENCE_STRATEGY:top
CONFIDENCE_ADAPTIVE:True
CONFIDENCE_MAX_THRESH:0.5
CLIPPING_FACTOR:2.5
FEDPROX_FACTOR:0.0
FEDPROX_ADAPTIVE:False
USE_CLIPPING:True
USE_ENTROPY:False
USE_KMEANS:True
USE_FEDPROX:False
-----SETTINGS END-----
-----EXPERIMENT BEGINS-----
---------
Generating crops for FedDF
Namespace(img_size=32, batch_size=32, num_imgs=100000, threads=18, vflip=False, deg=30, shear=30, cropfirst=True, initcrop=0.5, scale=[500, 1], randinterp=False, debug=False, imgpath='./static/single_images/ameyoko.jpg', targetpath='/scratch-local/sunnys.3347608/1692127631_245206306', seed=84, img_per_thread=5555)
will save 100000 patches in /scratch-local/sunnys.3347608/1692127631_245206306/single_img_crops/crops
100000 took 0.59min with 18 threads
---------
Simulating feddf training
INFO simulate 2023-08-15 21:28:01,939 | simulate.py:50 | Python script started : simulate.py
DEBUG simulate 2023-08-15 21:28:01,939 | simulate.py:55 | Reading args from argument parser
Downloading https://www.cs.toronto.edu/~kriz/cifar-100-python.tar.gz to /scratch-local/sunnys.3347608/1692127631_245206306/cifar-100-python.tar.gz
Extracting /scratch-local/sunnys.3347608/1692127631_245206306/cifar-100-python.tar.gz to /scratch-local/sunnys.3347608/1692127631_245206306
Generating unified cifar100 dataset
Class histogram for 0-th partition (alpha=100.0, 100 classes): [28 19 16 18 15 17 18 32 19 33 23 30 27 11 21 30 31 34 26 21 24 19 23 27
 31 25 32 16 31 24 24 22 19 25 18 21 37 27 29 22 22 23 28 21 24 21 18 32
 17 25 23 30 28 29 24 19 16 14 30 26 20 26 24 31 26 26 27 27 29 29 23 23
 23 34 29 27 31 25 22 30 16 18 24 28 32 32 20 26 23 23 25 27 30 33 33 25
 31 38 27 22]
INFO flwr 2023-08-15 21:28:30,919 | app.py:145 | Starting Flower simulation, config: ServerConfig(num_rounds=30, round_timeout=None)
2023-08-15 21:28:33,531	INFO worker.py:1529 -- Started a local Ray instance. View the dashboard at [1m[32m127.0.0.1:8265 [39m[22m
INFO flwr 2023-08-15 21:28:34,498 | app.py:179 | Flower VCE: Ray initialized with resources: {'accelerator_type:A100': 1.0, 'GPU': 1.0, 'memory': 103079215104.0, 'object_store_memory': 61847529062.0, 'CPU': 18.0, 'node:145.136.62.52': 1.0}
INFO flwr 2023-08-15 21:28:34,499 | server.py:86 | Initializing global parameters
INFO flwr 2023-08-15 21:28:34,499 | server.py:266 | Using initial parameters provided by strategy
INFO flwr 2023-08-15 21:28:34,499 | server.py:88 | Evaluating initial parameters
INFO flwr 2023-08-15 21:28:44,347 | server.py:91 | initial parameters (loss, other metrics): 4.651723132324219, {'server_test_acc': 0.0095}
INFO flwr 2023-08-15 21:28:44,347 | server.py:101 | FL starting
DEBUG flwr 2023-08-15 21:28:53,078 | server.py:215 | fit_round 1: strategy sampled 8 clients (out of 20)
[2m[36m(launch_and_fit pid=3548800)[0m malloc_consolidate(): invalid chunk size
DEBUG flwr 2023-08-15 21:29:42,646 | server.py:229 | fit_round 1 received 8 results and 0 failures
[2m[36m(launch_and_fit pid=3548804)[0m malloc_consolidate(): invalid chunk size
INFO flwr 2023-08-15 21:29:42,875 | fed_df.py:365 | Warm start at round 1
INFO flwr 2023-08-15 21:29:42,985 | fed_df.py:463 | Performing server side distillation training...
[2m[36m(launch_and_fit pid=3548798)[0m Fitting Client 4
[2m[36m(launch_and_fit pid=3548797)[0m Fitting Client 17
[2m[36m(launch_and_fit pid=3548800)[0m Fitting Client 15
[2m[36m(launch_and_fit pid=3548801)[0m Fitting Client 2
[2m[36m(launch_and_fit pid=3548802)[0m Fitting Client 6
[2m[36m(launch_and_fit pid=3548799)[0m Fitting Client 9
[2m[36m(launch_and_fit pid=3548804)[0m Fitting Client 8
[2m[36m(launch_and_fit pid=3548803)[0m Fitting Client 11
[2m[36m(launch_and_fit pid=3548801)[0m malloc_consolidate(): invalid chunk size
E0815 21:29:43.647529121 3545633 chttp2_transport.cc:1079]             ipv4:145.136.62.52:42318: Received a GOAWAY with error code ENHANCE_YOUR_CALM and debug data equal to "too_many_pings". Current keepalive time (before throttling): 60000ms
E0815 21:29:43.647739458 3545633 chttp2_transport.cc:1079]             ipv4:145.136.62.52:42318: Received a GOAWAY with error code ENHANCE_YOUR_CALM and debug data equal to "too_many_pings". Current keepalive time (before throttling): 60000ms
[2m[36m(launch_and_fit pid=3548803)[0m malloc_consolidate(): invalid chunk size
[2m[36m(launch_and_fit pid=3548798)[0m double free or corruption (fasttop)
[2m[36m(launch_and_fit pid=3548797)[0m malloc_consolidate(): invalid chunk size
[2m[36m(launch_and_fit pid=3548802)[0m double free or corruption (fasttop)
[2m[36m(launch_and_fit pid=3548799)[0m malloc_consolidate(): invalid chunk size
INFO flwr 2023-08-15 21:30:12,316 | fed_df.py:540 | Distillation training stopped at step number : 250
INFO flwr 2023-08-15 21:30:12,316 | fed_df.py:547 | Average fusion training loss : 0.4114529032707214, val accuracy : 0.06608, best val accuracy : 0.0734
INFO flwr 2023-08-15 21:30:12,318 | common.py:35 | Avg. local train loss : 21.371155828237534, train acc : 0.11433055555555556
INFO flwr 2023-08-15 21:30:14,853 | server.py:116 | fit progress: (1, 4.452590258789063, {'server_test_acc': 0.0751}, 90.50641960697249)
INFO flwr 2023-08-15 21:30:14,854 | server.py:163 | evaluate_round 1: no clients selected, cancel
DEBUG flwr 2023-08-15 21:30:24,557 | server.py:215 | fit_round 2: strategy sampled 8 clients (out of 20)
[2m[36m(launch_and_fit pid=3622217)[0m malloc_consolidate(): invalid chunk size
DEBUG flwr 2023-08-15 21:31:12,221 | server.py:229 | fit_round 2 received 8 results and 0 failures
[2m[36m(launch_and_fit pid=3622225)[0m malloc_consolidate(): invalid chunk size
INFO flwr 2023-08-15 21:31:12,460 | fed_df.py:365 | Warm start at round 2
INFO flwr 2023-08-15 21:31:12,600 | fed_df.py:463 | Performing server side distillation training...
[2m[36m(launch_and_fit pid=3622217)[0m Fitting Client 0
[2m[36m(launch_and_fit pid=3622219)[0m Fitting Client 2
[2m[36m(launch_and_fit pid=3622222)[0m Fitting Client 7
[2m[36m(launch_and_fit pid=3622221)[0m Fitting Client 15
[2m[36m(launch_and_fit pid=3622220)[0m Fitting Client 19
[2m[36m(launch_and_fit pid=3622223)[0m Fitting Client 4
[2m[36m(launch_and_fit pid=3622224)[0m Fitting Client 9
[2m[36m(launch_and_fit pid=3622225)[0m Fitting Client 1
[2m[36m(launch_and_fit pid=3622219)[0m double free or corruption (fasttop)
[2m[36m(launch_and_fit pid=3622220)[0m malloc_consolidate(): invalid chunk size
[2m[36m(launch_and_fit pid=3622224)[0m malloc_consolidate(): invalid chunk size
E0815 21:31:13.200093414 3668827 chttp2_transport.cc:1079]             ipv4:145.136.62.52:42318: Received a GOAWAY with error code ENHANCE_YOUR_CALM and debug data equal to "too_many_pings". Current keepalive time (before throttling): 120000ms
[2m[36m(launch_and_fit pid=3622221)[0m malloc_consolidate(): invalid chunk size
[2m[36m(launch_and_fit pid=3622222)[0m corrupted size vs. prev_size in fastbins
[2m[36m(launch_and_fit pid=3622223)[0m double free or corruption (fasttop)
INFO flwr 2023-08-15 21:31:45,291 | fed_df.py:540 | Distillation training stopped at step number : 250
INFO flwr 2023-08-15 21:31:45,291 | fed_df.py:547 | Average fusion training loss : 0.3679645962715149, val accuracy : 0.10628, best val accuracy : 0.113
INFO flwr 2023-08-15 21:31:45,293 | common.py:35 | Avg. local train loss : 20.611647917330266, train acc : 0.18047222222222223
INFO flwr 2023-08-15 21:31:48,072 | server.py:116 | fit progress: (2, 4.350657080078125, {'server_test_acc': 0.118}, 183.7252071229741)
INFO flwr 2023-08-15 21:31:48,072 | server.py:163 | evaluate_round 2: no clients selected, cancel
DEBUG flwr 2023-08-15 21:31:58,148 | server.py:215 | fit_round 3: strategy sampled 8 clients (out of 20)
[2m[36m(launch_and_fit pid=3695627)[0m double free or corruption (fasttop)
[2m[36m(launch_and_fit pid=3695624)[0m double free or corruption (fasttop)
DEBUG flwr 2023-08-15 21:32:45,405 | server.py:229 | fit_round 3 received 8 results and 0 failures
INFO flwr 2023-08-15 21:32:45,650 | fed_df.py:365 | Warm start at round 3
INFO flwr 2023-08-15 21:32:45,758 | fed_df.py:463 | Performing server side distillation training...
[2m[36m(launch_and_fit pid=3695629)[0m Fitting Client 12
[2m[36m(launch_and_fit pid=3695628)[0m Fitting Client 17
[2m[36m(launch_and_fit pid=3695627)[0m Fitting Client 13
[2m[36m(launch_and_fit pid=3695623)[0m Fitting Client 4
[2m[36m(launch_and_fit pid=3695624)[0m Fitting Client 16
[2m[36m(launch_and_fit pid=3695625)[0m Fitting Client 9
[2m[36m(launch_and_fit pid=3695626)[0m Fitting Client 10
[2m[36m(launch_and_fit pid=3695630)[0m Fitting Client 19
[2m[36m(launch_and_fit pid=3695630)[0m malloc_consolidate(): invalid chunk size
[2m[36m(launch_and_fit pid=3695629)[0m malloc_consolidate(): invalid chunk size
[2m[36m(launch_and_fit pid=3695628)[0m double free or corruption (fasttop)
E0815 21:32:47.689135037 3668963 chttp2_transport.cc:1079]             ipv4:145.136.62.52:42318: Received a GOAWAY with error code ENHANCE_YOUR_CALM and debug data equal to "too_many_pings". Current keepalive time (before throttling): 240000ms
E0815 21:32:47.689206292 3668963 chttp2_transport.cc:1079]             ipv4:145.136.62.52:42318: Received a GOAWAY with error code ENHANCE_YOUR_CALM and debug data equal to "too_many_pings". Current keepalive time (before throttling): 240000ms
E0815 21:32:47.689216876 3668963 chttp2_transport.cc:1079]             ipv4:145.136.62.52:42318: Received a GOAWAY with error code ENHANCE_YOUR_CALM and debug data equal to "too_many_pings". Current keepalive time (before throttling): 240000ms
[2m[36m(launch_and_fit pid=3695626)[0m malloc_consolidate(): invalid chunk size
[2m[36m(launch_and_fit pid=3695623)[0m double free or corruption (fasttop)
[2m[36m(launch_and_fit pid=3695625)[0m double free or corruption (fasttop)
INFO flwr 2023-08-15 21:33:19,448 | fed_df.py:540 | Distillation training stopped at step number : 250
INFO flwr 2023-08-15 21:33:19,448 | fed_df.py:547 | Average fusion training loss : 0.2051999836564064, val accuracy : 0.13752, best val accuracy : 0.1476
INFO flwr 2023-08-15 21:33:19,450 | common.py:35 | Avg. local train loss : 20.157725535333157, train acc : 0.23265
INFO flwr 2023-08-15 21:33:22,212 | server.py:116 | fit progress: (3, 4.3512328125, {'server_test_acc': 0.1516}, 277.8651311050635)
INFO flwr 2023-08-15 21:33:22,212 | server.py:163 | evaluate_round 3: no clients selected, cancel
DEBUG flwr 2023-08-15 21:33:32,555 | server.py:215 | fit_round 4: strategy sampled 8 clients (out of 20)
[2m[36m(launch_and_fit pid=3769211)[0m double free or corruption (fasttop)
DEBUG flwr 2023-08-15 21:34:19,697 | server.py:229 | fit_round 4 received 8 results and 0 failures
[2m[36m(launch_and_fit pid=3769213)[0m malloc_consolidate(): invalid chunk size
INFO flwr 2023-08-15 21:34:19,946 | fed_df.py:365 | Warm start at round 4
INFO flwr 2023-08-15 21:34:20,057 | fed_df.py:463 | Performing server side distillation training...
[2m[36m(launch_and_fit pid=3769211)[0m Fitting Client 19
[2m[36m(launch_and_fit pid=3769213)[0m Fitting Client 11
[2m[36m(launch_and_fit pid=3769216)[0m Fitting Client 3
[2m[36m(launch_and_fit pid=3769215)[0m Fitting Client 8
[2m[36m(launch_and_fit pid=3769217)[0m Fitting Client 4
[2m[36m(launch_and_fit pid=3769220)[0m Fitting Client 9
[2m[36m(launch_and_fit pid=3769218)[0m Fitting Client 0
[2m[36m(launch_and_fit pid=3769219)[0m Fitting Client 12
[2m[36m(launch_and_fit pid=3769215)[0m malloc_consolidate(): invalid chunk size
E0815 21:34:20.578111664 3815912 chttp2_transport.cc:1079]             ipv4:145.136.62.52:42318: Received a GOAWAY with error code ENHANCE_YOUR_CALM and debug data equal to "too_many_pings". Current keepalive time (before throttling): 480000ms
[2m[36m(launch_and_fit pid=3769217)[0m double free or corruption (fasttop)
[2m[36m(launch_and_fit pid=3769216)[0m double free or corruption (fasttop)
[2m[36m(launch_and_fit pid=3769220)[0m malloc_consolidate(): invalid chunk size
[2m[36m(launch_and_fit pid=3769218)[0m malloc_consolidate(): invalid chunk size
[2m[36m(launch_and_fit pid=3769219)[0m malloc_consolidate(): invalid chunk size
INFO flwr 2023-08-15 21:34:54,166 | fed_df.py:540 | Distillation training stopped at step number : 250
INFO flwr 2023-08-15 21:34:54,166 | fed_df.py:547 | Average fusion training loss : 0.0885400409400463, val accuracy : 0.16948000000000002, best val accuracy : 0.1864
INFO flwr 2023-08-15 21:34:54,168 | common.py:35 | Avg. local train loss : 19.703986245393754, train acc : 0.2871027777777778
INFO flwr 2023-08-15 21:34:57,032 | server.py:116 | fit progress: (4, 4.3433140625, {'server_test_acc': 0.1866}, 372.6852258509025)
INFO flwr 2023-08-15 21:34:57,032 | server.py:163 | evaluate_round 4: no clients selected, cancel
DEBUG flwr 2023-08-15 21:35:07,267 | server.py:215 | fit_round 5: strategy sampled 8 clients (out of 20)
[2m[36m(launch_and_fit pid=3842606)[0m double free or corruption (fasttop)
DEBUG flwr 2023-08-15 21:35:54,446 | server.py:229 | fit_round 5 received 8 results and 0 failures
INFO flwr 2023-08-15 21:35:54,692 | fed_df.py:365 | Warm start at round 5
INFO flwr 2023-08-15 21:35:54,832 | fed_df.py:463 | Performing server side distillation training...
[2m[36m(launch_and_fit pid=3842606)[0m Fitting Client 11
[2m[36m(launch_and_fit pid=3842610)[0m Fitting Client 17
[2m[36m(launch_and_fit pid=3842609)[0m Fitting Client 2
[2m[36m(launch_and_fit pid=3842612)[0m Fitting Client 7
[2m[36m(launch_and_fit pid=3842615)[0m Fitting Client 6
[2m[36m(launch_and_fit pid=3842613)[0m Fitting Client 14
[2m[36m(launch_and_fit pid=3842611)[0m Fitting Client 9
[2m[36m(launch_and_fit pid=3842614)[0m Fitting Client 19
[2m[36m(launch_and_fit pid=3842612)[0m malloc_consolidate(): invalid chunk size
[2m[36m(launch_and_fit pid=3842609)[0m malloc_consolidate(): invalid chunk size
[2m[36m(launch_and_fit pid=3842615)[0m malloc_consolidate(): invalid chunk size
[2m[36m(launch_and_fit pid=3842611)[0m double free or corruption (fasttop)
[2m[36m(launch_and_fit pid=3842614)[0m double free or corruption (fasttop)
E0815 21:35:56.022284461 3816047 chttp2_transport.cc:1079]             ipv4:145.136.62.52:42318: Received a GOAWAY with error code ENHANCE_YOUR_CALM and debug data equal to "too_many_pings". Current keepalive time (before throttling): 960000ms
E0815 21:35:56.022405213 3816047 chttp2_transport.cc:1079]             ipv4:145.136.62.52:42318: Received a GOAWAY with error code ENHANCE_YOUR_CALM and debug data equal to "too_many_pings". Current keepalive time (before throttling): 960000ms
E0815 21:35:56.022428320 3816047 chttp2_transport.cc:1079]             ipv4:145.136.62.52:42318: Received a GOAWAY with error code ENHANCE_YOUR_CALM and debug data equal to "too_many_pings". Current keepalive time (before throttling): 960000ms
[2m[36m(launch_and_fit pid=3842610)[0m double free or corruption (fasttop)
[2m[36m(launch_and_fit pid=3842613)[0m malloc_consolidate(): invalid chunk size
INFO flwr 2023-08-15 21:36:28,861 | fed_df.py:540 | Distillation training stopped at step number : 250
INFO flwr 2023-08-15 21:36:28,862 | fed_df.py:547 | Average fusion training loss : 0.015273291828110814, val accuracy : 0.21128, best val accuracy : 0.2196
INFO flwr 2023-08-15 21:36:28,863 | common.py:35 | Avg. local train loss : 19.4423726066947, train acc : 0.3180638888888889
INFO flwr 2023-08-15 21:36:31,699 | server.py:116 | fit progress: (5, 4.324243408203125, {'server_test_acc': 0.2145}, 467.3525416289922)
INFO flwr 2023-08-15 21:36:31,700 | server.py:163 | evaluate_round 5: no clients selected, cancel
DEBUG flwr 2023-08-15 21:36:41,992 | server.py:215 | fit_round 6: strategy sampled 8 clients (out of 20)
[2m[36m(launch_and_fit pid=3916039)[0m double free or corruption (fasttop)
[2m[36m(launch_and_fit pid=3916043)[0m double free or corruption (fasttop)
[2m[36m(launch_and_fit pid=3916044)[0m double free or corruption (fasttop)
DEBUG flwr 2023-08-15 21:37:29,036 | server.py:229 | fit_round 6 received 8 results and 0 failures
INFO flwr 2023-08-15 21:37:29,278 | fed_df.py:365 | Warm start at round 6
INFO flwr 2023-08-15 21:37:29,418 | fed_df.py:463 | Performing server side distillation training...
[2m[36m(launch_and_fit pid=3916039)[0m Fitting Client 18
[2m[36m(launch_and_fit pid=3916044)[0m Fitting Client 8
[2m[36m(launch_and_fit pid=3916045)[0m Fitting Client 15
[2m[36m(launch_and_fit pid=3916043)[0m Fitting Client 10
[2m[36m(launch_and_fit pid=3916048)[0m Fitting Client 17
[2m[36m(launch_and_fit pid=3916046)[0m Fitting Client 4
[2m[36m(launch_and_fit pid=3916041)[0m Fitting Client 19
[2m[36m(launch_and_fit pid=3916047)[0m Fitting Client 7
[2m[36m(launch_and_fit pid=3916041)[0m double free or corruption (fasttop)
[2m[36m(launch_and_fit pid=3916047)[0m malloc_consolidate(): invalid chunk size
E0815 21:37:30.516689385 3890171 chttp2_transport.cc:1079]             ipv4:145.136.62.52:42318: Received a GOAWAY with error code ENHANCE_YOUR_CALM and debug data equal to "too_many_pings". Current keepalive time (before throttling): 1920000ms
[2m[36m(launch_and_fit pid=3916045)[0m malloc_consolidate(): invalid chunk size
[2m[36m(launch_and_fit pid=3916046)[0m malloc_consolidate(): invalid chunk size
[2m[36m(launch_and_fit pid=3916048)[0m malloc_consolidate(): invalid chunk size
INFO flwr 2023-08-15 21:38:03,388 | fed_df.py:540 | Distillation training stopped at step number : 250
INFO flwr 2023-08-15 21:38:03,389 | fed_df.py:547 | Average fusion training loss : 0.0027149700194131583, val accuracy : 0.23255999999999996, best val accuracy : 0.2394
INFO flwr 2023-08-15 21:38:03,391 | common.py:35 | Avg. local train loss : 19.1653996899724, train acc : 0.3503305555555556
INFO flwr 2023-08-15 21:38:06,244 | server.py:116 | fit progress: (6, 4.349099279785157, {'server_test_acc': 0.2389}, 561.8966102381237)
INFO flwr 2023-08-15 21:38:06,244 | server.py:163 | evaluate_round 6: no clients selected, cancel
DEBUG flwr 2023-08-15 21:38:16,447 | server.py:215 | fit_round 7: strategy sampled 8 clients (out of 20)
[2m[36m(launch_and_fit pid=3989528)[0m malloc_consolidate(): invalid chunk size
[2m[36m(launch_and_fit pid=3989526)[0m malloc_consolidate(): invalid chunk size
[2m[36m(launch_and_fit pid=3989535)[0m double free or corruption (fasttop)
DEBUG flwr 2023-08-15 21:39:04,071 | server.py:229 | fit_round 7 received 8 results and 0 failures
INFO flwr 2023-08-15 21:39:04,309 | fed_df.py:365 | Warm start at round 7
INFO flwr 2023-08-15 21:39:04,452 | fed_df.py:463 | Performing server side distillation training...
[2m[36m(launch_and_fit pid=3989528)[0m Fitting Client 12
[2m[36m(launch_and_fit pid=3989526)[0m Fitting Client 0
[2m[36m(launch_and_fit pid=3989534)[0m Fitting Client 15
[2m[36m(launch_and_fit pid=3989533)[0m Fitting Client 19
[2m[36m(launch_and_fit pid=3989536)[0m Fitting Client 2
[2m[36m(launch_and_fit pid=3989537)[0m Fitting Client 3
[2m[36m(launch_and_fit pid=3989535)[0m Fitting Client 8
[2m[36m(launch_and_fit pid=3989538)[0m Fitting Client 4
E0815 21:39:04.724429715 3963604 chttp2_transport.cc:1079]             ipv4:145.136.62.52:42318: Received a GOAWAY with error code ENHANCE_YOUR_CALM and debug data equal to "too_many_pings". Current keepalive time (before throttling): 3840000ms
[2m[36m(launch_and_fit pid=3989538)[0m malloc_consolidate(): invalid chunk size
[2m[36m(launch_and_fit pid=3989533)[0m double free or corruption (fasttop)
[2m[36m(launch_and_fit pid=3989536)[0m malloc_consolidate(): invalid chunk size
[2m[36m(launch_and_fit pid=3989534)[0m malloc_consolidate(): invalid chunk size
[2m[36m(launch_and_fit pid=3989537)[0m malloc_consolidate(): invalid chunk size
INFO flwr 2023-08-15 21:39:38,421 | fed_df.py:540 | Distillation training stopped at step number : 250
INFO flwr 2023-08-15 21:39:38,422 | fed_df.py:547 | Average fusion training loss : 0.001018111107579898, val accuracy : 0.24268, best val accuracy : 0.2494
INFO flwr 2023-08-15 21:39:38,423 | common.py:35 | Avg. local train loss : 19.045878897607324, train acc : 0.36737222222222227
INFO flwr 2023-08-15 21:39:41,288 | server.py:116 | fit progress: (7, 4.3788091064453125, {'server_test_acc': 0.2536}, 656.9408473419026)
INFO flwr 2023-08-15 21:39:41,288 | server.py:163 | evaluate_round 7: no clients selected, cancel
DEBUG flwr 2023-08-15 21:39:51,529 | server.py:215 | fit_round 8: strategy sampled 8 clients (out of 20)
[2m[36m(launch_and_fit pid=4063143)[0m malloc_consolidate(): invalid chunk size
[2m[36m(launch_and_fit pid=4063145)[0m double free or corruption (fasttop)
DEBUG flwr 2023-08-15 21:40:38,868 | server.py:229 | fit_round 8 received 8 results and 0 failures
INFO flwr 2023-08-15 21:40:39,103 | fed_df.py:365 | Warm start at round 8
INFO flwr 2023-08-15 21:40:39,212 | fed_df.py:463 | Performing server side distillation training...
[2m[36m(launch_and_fit pid=4063143)[0m Fitting Client 15
[2m[36m(launch_and_fit pid=4063145)[0m Fitting Client 5
[2m[36m(launch_and_fit pid=4063161)[0m Fitting Client 7
[2m[36m(launch_and_fit pid=4063164)[0m Fitting Client 13
[2m[36m(launch_and_fit pid=4063163)[0m Fitting Client 4
[2m[36m(launch_and_fit pid=4063162)[0m Fitting Client 9
[2m[36m(launch_and_fit pid=4063160)[0m Fitting Client 14
[2m[36m(launch_and_fit pid=4063165)[0m Fitting Client 19
[2m[36m(launch_and_fit pid=4063160)[0m double free or corruption (fasttop)
[2m[36m(launch_and_fit pid=4063162)[0m malloc_consolidate(): invalid chunk size
[2m[36m(launch_and_fit pid=4063164)[0m double free or corruption (fasttop)
[2m[36m(launch_and_fit pid=4063161)[0m malloc_consolidate(): invalid chunk size
[2m[36m(launch_and_fit pid=4063163)[0m malloc_consolidate(): invalid chunk size
[2m[36m(launch_and_fit pid=4063165)[0m malloc_consolidate(): invalid chunk size
E0815 21:41:12.658656634 4131415 chttp2_transport.cc:1079]             ipv4:145.136.62.52:42318: Received a GOAWAY with error code ENHANCE_YOUR_CALM and debug data equal to "too_many_pings". Current keepalive time (before throttling): 7680000ms
E0815 21:41:12.658762884 4131415 chttp2_transport.cc:1079]             ipv4:145.136.62.52:42318: Received a GOAWAY with error code ENHANCE_YOUR_CALM and debug data equal to "too_many_pings". Current keepalive time (before throttling): 7680000ms
E0815 21:41:12.658780771 4131415 chttp2_transport.cc:1079]             ipv4:145.136.62.52:42318: Received a GOAWAY with error code ENHANCE_YOUR_CALM and debug data equal to "too_many_pings". Current keepalive time (before throttling): 7680000ms
INFO flwr 2023-08-15 21:41:13,151 | fed_df.py:540 | Distillation training stopped at step number : 250
INFO flwr 2023-08-15 21:41:13,151 | fed_df.py:547 | Average fusion training loss : 0.0010169894347782248, val accuracy : 0.25472, best val accuracy : 0.2634
INFO flwr 2023-08-15 21:41:13,153 | common.py:35 | Avg. local train loss : 19.0277735516429, train acc : 0.3767888888888889
INFO flwr 2023-08-15 21:41:16,016 | server.py:116 | fit progress: (8, 4.380412060546875, {'server_test_acc': 0.2686}, 751.6692855260335)
INFO flwr 2023-08-15 21:41:16,016 | server.py:163 | evaluate_round 8: no clients selected, cancel
DEBUG flwr 2023-08-15 21:41:26,239 | server.py:215 | fit_round 9: strategy sampled 8 clients (out of 20)
[2m[36m(launch_and_fit pid=4136595)[0m malloc_consolidate(): invalid chunk size
[2m[36m(launch_and_fit pid=4136593)[0m double free or corruption (fasttop)
DEBUG flwr 2023-08-15 21:42:13,311 | server.py:229 | fit_round 9 received 8 results and 0 failures
INFO flwr 2023-08-15 21:42:13,556 | fed_df.py:365 | Warm start at round 9
INFO flwr 2023-08-15 21:42:13,665 | fed_df.py:463 | Performing server side distillation training...
[2m[36m(launch_and_fit pid=4136595)[0m Fitting Client 3
[2m[36m(launch_and_fit pid=4136593)[0m Fitting Client 2
[2m[36m(launch_and_fit pid=4136598)[0m Fitting Client 18
[2m[36m(launch_and_fit pid=4136599)[0m Fitting Client 5
[2m[36m(launch_and_fit pid=4136600)[0m Fitting Client 4
[2m[36m(launch_and_fit pid=4136602)[0m Fitting Client 16
[2m[36m(launch_and_fit pid=4136603)[0m Fitting Client 19
[2m[36m(launch_and_fit pid=4136601)[0m Fitting Client 13
[2m[36m(launch_and_fit pid=4136602)[0m double free or corruption (fasttop)
[2m[36m(launch_and_fit pid=4136601)[0m malloc_consolidate(): invalid chunk size
[2m[36m(launch_and_fit pid=4136603)[0m malloc_consolidate(): invalid chunk size
[2m[36m(launch_and_fit pid=4136599)[0m malloc_consolidate(): invalid chunk size
[2m[36m(launch_and_fit pid=4136598)[0m malloc_consolidate(): invalid chunk size
[2m[36m(launch_and_fit pid=4136600)[0m malloc_consolidate(): invalid chunk size
E0815 21:42:16.846976585 4133620 chttp2_transport.cc:1079]             ipv4:145.136.62.52:42318: Received a GOAWAY with error code ENHANCE_YOUR_CALM and debug data equal to "too_many_pings". Current keepalive time (before throttling): 15360000ms
INFO flwr 2023-08-15 21:42:48,074 | fed_df.py:540 | Distillation training stopped at step number : 250
INFO flwr 2023-08-15 21:42:48,075 | fed_df.py:547 | Average fusion training loss : 0.0009616366189729888, val accuracy : 0.26612, best val accuracy : 0.2728
INFO flwr 2023-08-15 21:42:48,076 | common.py:35 | Avg. local train loss : 18.911754819750783, train acc : 0.38979722222222224
INFO flwr 2023-08-15 21:42:50,942 | server.py:116 | fit progress: (9, 4.405794360351562, {'server_test_acc': 0.2726}, 846.5946441029664)
INFO flwr 2023-08-15 21:42:50,942 | server.py:163 | evaluate_round 9: no clients selected, cancel
DEBUG flwr 2023-08-15 21:43:01,430 | server.py:215 | fit_round 10: strategy sampled 8 clients (out of 20)
[2m[36m(launch_and_fit pid=27069)[0m double free or corruption (fasttop)
[2m[36m(launch_and_fit pid=27072)[0m malloc_consolidate(): invalid chunk size
DEBUG flwr 2023-08-15 21:43:49,182 | server.py:229 | fit_round 10 received 8 results and 0 failures
[2m[36m(launch_and_fit pid=27073)[0m malloc_consolidate(): invalid chunk size
[2m[36m(launch_and_fit pid=27075)[0m malloc_consolidate(): invalid chunk size
INFO flwr 2023-08-15 21:43:49,424 | fed_df.py:365 | Warm start at round 10
INFO flwr 2023-08-15 21:43:49,535 | fed_df.py:463 | Performing server side distillation training...
[2m[36m(launch_and_fit pid=27069)[0m Fitting Client 13
[2m[36m(launch_and_fit pid=27072)[0m Fitting Client 5
[2m[36m(launch_and_fit pid=27075)[0m Fitting Client 10
[2m[36m(launch_and_fit pid=27073)[0m Fitting Client 1
[2m[36m(launch_and_fit pid=27079)[0m Fitting Client 7
[2m[36m(launch_and_fit pid=27078)[0m Fitting Client 19
[2m[36m(launch_and_fit pid=27080)[0m Fitting Client 9
[2m[36m(launch_and_fit pid=27077)[0m Fitting Client 0
[2m[36m(launch_and_fit pid=27078)[0m malloc_consolidate(): invalid chunk size
[2m[36m(launch_and_fit pid=27080)[0m malloc_consolidate(): invalid chunk size
[2m[36m(launch_and_fit pid=27079)[0m double free or corruption (fasttop)
[2m[36m(launch_and_fit pid=27077)[0m double free or corruption (fasttop)
E0815 21:43:51.047695960 4185489 chttp2_transport.cc:1079]             ipv4:145.136.62.52:42318: Received a GOAWAY with error code ENHANCE_YOUR_CALM and debug data equal to "too_many_pings". Current keepalive time (before throttling): 30720000ms
E0815 21:44:15.744263668  106588 chttp2_transport.cc:1079]             ipv4:145.136.62.52:42318: Received a GOAWAY with error code ENHANCE_YOUR_CALM and debug data equal to "too_many_pings". Current keepalive time (before throttling): 61440000ms
INFO flwr 2023-08-15 21:44:23,965 | fed_df.py:540 | Distillation training stopped at step number : 250
INFO flwr 2023-08-15 21:44:23,965 | fed_df.py:547 | Average fusion training loss : 0.0009104740463371854, val accuracy : 0.26567999999999997, best val accuracy : 0.2752
INFO flwr 2023-08-15 21:44:23,967 | common.py:35 | Avg. local train loss : 18.82225804775953, train acc : 0.39992222222222223
INFO flwr 2023-08-15 21:44:26,833 | server.py:116 | fit progress: (10, 4.404055419921875, {'server_test_acc': 0.2821}, 942.4857735671103)
INFO flwr 2023-08-15 21:44:26,833 | server.py:163 | evaluate_round 10: no clients selected, cancel
DEBUG flwr 2023-08-15 21:44:36,906 | server.py:215 | fit_round 11: strategy sampled 8 clients (out of 20)
[2m[36m(launch_and_fit pid=115270)[0m double free or corruption (fasttop)
DEBUG flwr 2023-08-15 21:45:24,047 | server.py:229 | fit_round 11 received 8 results and 0 failures
[2m[36m(launch_and_fit pid=115278)[0m malloc_consolidate(): invalid chunk size
INFO flwr 2023-08-15 21:45:24,286 | fed_df.py:365 | Warm start at round 11
INFO flwr 2023-08-15 21:45:24,396 | fed_df.py:463 | Performing server side distillation training...
[2m[36m(launch_and_fit pid=115270)[0m Fitting Client 3
[2m[36m(launch_and_fit pid=115276)[0m Fitting Client 5
[2m[36m(launch_and_fit pid=115275)[0m Fitting Client 6
[2m[36m(launch_and_fit pid=115274)[0m Fitting Client 13
[2m[36m(launch_and_fit pid=115273)[0m Fitting Client 11
[2m[36m(launch_and_fit pid=115279)[0m Fitting Client 14
[2m[36m(launch_and_fit pid=115277)[0m Fitting Client 16
[2m[36m(launch_and_fit pid=115278)[0m Fitting Client 0
[2m[36m(launch_and_fit pid=115277)[0m double free or corruption (fasttop)
[2m[36m(launch_and_fit pid=115279)[0m malloc_consolidate(): invalid chunk size
[2m[36m(launch_and_fit pid=115276)[0m malloc_consolidate(): invalid chunk size
[2m[36m(launch_and_fit pid=115274)[0m malloc_consolidate(): invalid chunk size
E0815 21:45:25.676105927  106924 chttp2_transport.cc:1079]             ipv4:145.136.62.52:42318: Received a GOAWAY with error code ENHANCE_YOUR_CALM and debug data equal to "too_many_pings". Current keepalive time (before throttling): 122880000ms
[2m[36m(launch_and_fit pid=115275)[0m double free or corruption (fasttop)
[2m[36m(launch_and_fit pid=115273)[0m double free or corruption (fasttop)
INFO flwr 2023-08-15 21:46:03,844 | fed_df.py:540 | Distillation training stopped at step number : 250
INFO flwr 2023-08-15 21:46:03,845 | fed_df.py:547 | Average fusion training loss : 0.0009122397152532358, val accuracy : 0.28200000000000003, best val accuracy : 0.2974
INFO flwr 2023-08-15 21:46:03,846 | common.py:35 | Avg. local train loss : 18.778188221156597, train acc : 0.40312222222222227
INFO flwr 2023-08-15 21:46:06,757 | server.py:116 | fit progress: (11, 4.4170226440429685, {'server_test_acc': 0.2936}, 1042.4097175239585)
INFO flwr 2023-08-15 21:46:06,757 | server.py:163 | evaluate_round 11: no clients selected, cancel
DEBUG flwr 2023-08-15 21:46:17,180 | server.py:215 | fit_round 12: strategy sampled 8 clients (out of 20)
[2m[36m(launch_and_fit pid=188891)[0m corrupted size vs. prev_size in fastbins
[2m[36m(launch_and_fit pid=188886)[0m double free or corruption (fasttop)
DEBUG flwr 2023-08-15 21:47:04,493 | server.py:229 | fit_round 12 received 8 results and 0 failures
[2m[36m(launch_and_fit pid=188895)[0m malloc_consolidate(): invalid chunk size
INFO flwr 2023-08-15 21:47:04,738 | fed_df.py:365 | Warm start at round 12
INFO flwr 2023-08-15 21:47:04,848 | fed_df.py:463 | Performing server side distillation training...
[2m[36m(launch_and_fit pid=188886)[0m Fitting Client 14
[2m[36m(launch_and_fit pid=188891)[0m Fitting Client 17
[2m[36m(launch_and_fit pid=188894)[0m Fitting Client 8
[2m[36m(launch_and_fit pid=188896)[0m Fitting Client 5
[2m[36m(launch_and_fit pid=188895)[0m Fitting Client 3
[2m[36m(launch_and_fit pid=188893)[0m Fitting Client 0
[2m[36m(launch_and_fit pid=188898)[0m Fitting Client 18
[2m[36m(launch_and_fit pid=188897)[0m Fitting Client 1
E0815 21:47:05.297423265  235686 chttp2_transport.cc:1079]             ipv4:145.136.62.52:42318: Received a GOAWAY with error code ENHANCE_YOUR_CALM and debug data equal to "too_many_pings". Current keepalive time (before throttling): 245760000ms
[2m[36m(launch_and_fit pid=188897)[0m malloc_consolidate(): invalid chunk size
[2m[36m(launch_and_fit pid=188898)[0m double free or corruption (fasttop)
[2m[36m(launch_and_fit pid=188896)[0m malloc_consolidate(): invalid chunk size
[2m[36m(launch_and_fit pid=188893)[0m malloc_consolidate(): invalid chunk size
INFO flwr 2023-08-15 21:47:39,409 | fed_df.py:540 | Distillation training stopped at step number : 250
INFO flwr 2023-08-15 21:47:39,409 | fed_df.py:547 | Average fusion training loss : 0.0009728081895154901, val accuracy : 0.27799999999999997, best val accuracy : 0.299
INFO flwr 2023-08-15 21:47:39,411 | common.py:35 | Avg. local train loss : 18.616132648289206, train acc : 0.42045555555555547
INFO flwr 2023-08-15 21:47:42,303 | server.py:116 | fit progress: (12, 4.427585437011719, {'server_test_acc': 0.2957}, 1137.9556629769504)
INFO flwr 2023-08-15 21:47:42,303 | server.py:163 | evaluate_round 12: no clients selected, cancel
DEBUG flwr 2023-08-15 21:47:52,701 | server.py:215 | fit_round 13: strategy sampled 8 clients (out of 20)
DEBUG flwr 2023-08-15 21:48:39,980 | server.py:229 | fit_round 13 received 8 results and 0 failures
[2m[36m(launch_and_fit pid=262900)[0m double free or corruption (fasttop)
INFO flwr 2023-08-15 21:48:40,218 | fed_df.py:365 | Warm start at round 13
INFO flwr 2023-08-15 21:48:40,328 | fed_df.py:463 | Performing server side distillation training...
[2m[36m(launch_and_fit pid=262900)[0m Fitting Client 19
[2m[36m(launch_and_fit pid=262902)[0m Fitting Client 11
[2m[36m(launch_and_fit pid=262904)[0m Fitting Client 3
[2m[36m(launch_and_fit pid=262908)[0m Fitting Client 0
[2m[36m(launch_and_fit pid=262905)[0m Fitting Client 5
[2m[36m(launch_and_fit pid=262903)[0m Fitting Client 18
[2m[36m(launch_and_fit pid=262907)[0m Fitting Client 7
[2m[36m(launch_and_fit pid=262906)[0m Fitting Client 14
[2m[36m(launch_and_fit pid=262906)[0m malloc_consolidate(): invalid chunk size
[2m[36m(launch_and_fit pid=262902)[0m malloc_consolidate(): invalid chunk size
[2m[36m(launch_and_fit pid=262904)[0m malloc_consolidate(): invalid chunk size
[2m[36m(launch_and_fit pid=262905)[0m malloc_consolidate(): invalid chunk size
[2m[36m(launch_and_fit pid=262903)[0m malloc_consolidate(): invalid chunk size
[2m[36m(launch_and_fit pid=262907)[0m malloc_consolidate(): invalid chunk size
[2m[36m(launch_and_fit pid=262908)[0m malloc_consolidate(): invalid chunk size
INFO flwr 2023-08-15 21:49:14,577 | fed_df.py:540 | Distillation training stopped at step number : 250
INFO flwr 2023-08-15 21:49:14,578 | fed_df.py:547 | Average fusion training loss : 0.0009816598524921573, val accuracy : 0.27, best val accuracy : 0.2958
INFO flwr 2023-08-15 21:49:14,579 | common.py:35 | Avg. local train loss : 18.477182573080064, train acc : 0.43282777777777776
INFO flwr 2023-08-15 21:49:17,437 | server.py:116 | fit progress: (13, 4.430136560058593, {'server_test_acc': 0.2955}, 1233.0905684561003)
INFO flwr 2023-08-15 21:49:17,438 | server.py:163 | evaluate_round 13: no clients selected, cancel
DEBUG flwr 2023-08-15 21:49:27,619 | server.py:215 | fit_round 14: strategy sampled 8 clients (out of 20)
[2m[36m(launch_and_fit pid=336451)[0m double free or corruption (fasttop)
DEBUG flwr 2023-08-15 21:50:14,872 | server.py:229 | fit_round 14 received 8 results and 0 failures
[2m[36m(launch_and_fit pid=336450)[0m malloc_consolidate(): invalid chunk size
INFO flwr 2023-08-15 21:50:15,108 | fed_df.py:365 | Warm start at round 14
INFO flwr 2023-08-15 21:50:15,217 | fed_df.py:463 | Performing server side distillation training...
[2m[36m(launch_and_fit pid=336451)[0m Fitting Client 16
[2m[36m(launch_and_fit pid=336450)[0m Fitting Client 8
[2m[36m(launch_and_fit pid=336455)[0m Fitting Client 3
[2m[36m(launch_and_fit pid=336454)[0m Fitting Client 9
[2m[36m(launch_and_fit pid=336458)[0m Fitting Client 18
[2m[36m(launch_and_fit pid=336457)[0m Fitting Client 4
[2m[36m(launch_and_fit pid=336459)[0m Fitting Client 14
[2m[36m(launch_and_fit pid=336456)[0m Fitting Client 10
[2m[36m(launch_and_fit pid=336455)[0m malloc_consolidate(): invalid chunk size
[2m[36m(launch_and_fit pid=336458)[0m malloc_consolidate(): invalid chunk size
[2m[36m(launch_and_fit pid=336457)[0m malloc_consolidate(): invalid chunk size
[2m[36m(launch_and_fit pid=336454)[0m malloc_consolidate(): invalid chunk size
[2m[36m(launch_and_fit pid=336459)[0m malloc_consolidate(): invalid chunk size
[2m[36m(launch_and_fit pid=336456)[0m malloc_consolidate(): invalid chunk size
E0815 21:50:18.266803370  383808 chttp2_transport.cc:1079]             ipv4:145.136.62.52:42318: Received a GOAWAY with error code ENHANCE_YOUR_CALM and debug data equal to "too_many_pings". Current keepalive time (before throttling): 491520000ms
INFO flwr 2023-08-15 21:50:49,595 | fed_df.py:540 | Distillation training stopped at step number : 250
INFO flwr 2023-08-15 21:50:49,596 | fed_df.py:547 | Average fusion training loss : 0.0011447707551706116, val accuracy : 0.28312, best val accuracy : 0.3068
INFO flwr 2023-08-15 21:50:49,598 | common.py:35 | Avg. local train loss : 18.472302682697773, train acc : 0.43219722222222223
INFO flwr 2023-08-15 21:50:52,467 | server.py:116 | fit progress: (14, 4.413897143554688, {'server_test_acc': 0.3022}, 1328.1199175459333)
INFO flwr 2023-08-15 21:50:52,467 | server.py:163 | evaluate_round 14: no clients selected, cancel
DEBUG flwr 2023-08-15 21:51:02,657 | server.py:215 | fit_round 15: strategy sampled 8 clients (out of 20)
[2m[36m(launch_and_fit pid=409875)[0m malloc_consolidate(): invalid chunk size
[2m[36m(launch_and_fit pid=409873)[0m malloc_consolidate(): invalid chunk size
DEBUG flwr 2023-08-15 21:51:50,043 | server.py:229 | fit_round 15 received 8 results and 0 failures
INFO flwr 2023-08-15 21:51:50,281 | fed_df.py:365 | Warm start at round 15
INFO flwr 2023-08-15 21:51:50,394 | fed_df.py:463 | Performing server side distillation training...
[2m[36m(launch_and_fit pid=409873)[0m Fitting Client 7
[2m[36m(launch_and_fit pid=409874)[0m Fitting Client 8
[2m[36m(launch_and_fit pid=409875)[0m Fitting Client 15
[2m[36m(launch_and_fit pid=409879)[0m Fitting Client 5
[2m[36m(launch_and_fit pid=409882)[0m Fitting Client 1
[2m[36m(launch_and_fit pid=409880)[0m Fitting Client 12
[2m[36m(launch_and_fit pid=409883)[0m Fitting Client 14
[2m[36m(launch_and_fit pid=409881)[0m Fitting Client 18
[2m[36m(launch_and_fit pid=409880)[0m malloc_consolidate(): invalid chunk size
[2m[36m(launch_and_fit pid=409883)[0m double free or corruption (fasttop)
E0815 21:51:50.850225867  456560 chttp2_transport.cc:1079]             ipv4:145.136.62.52:42318: Received a GOAWAY with error code ENHANCE_YOUR_CALM and debug data equal to "too_many_pings". Current keepalive time (before throttling): 983040000ms
[2m[36m(launch_and_fit pid=409874)[0m malloc_consolidate(): invalid chunk size
[2m[36m(launch_and_fit pid=409881)[0m malloc_consolidate(): invalid chunk size
[2m[36m(launch_and_fit pid=409882)[0m malloc_consolidate(): invalid chunk size
[2m[36m(launch_and_fit pid=409879)[0m malloc_consolidate(): invalid chunk size
INFO flwr 2023-08-15 21:52:24,697 | fed_df.py:540 | Distillation training stopped at step number : 250
INFO flwr 2023-08-15 21:52:24,698 | fed_df.py:547 | Average fusion training loss : 0.001088078961794963, val accuracy : 0.28496, best val accuracy : 0.3074
INFO flwr 2023-08-15 21:52:24,699 | common.py:35 | Avg. local train loss : 18.371344459056854, train acc : 0.44008333333333327
INFO flwr 2023-08-15 21:52:27,622 | server.py:116 | fit progress: (15, 4.410849450683593, {'server_test_acc': 0.3042}, 1423.2746042481158)
INFO flwr 2023-08-15 21:52:27,622 | server.py:163 | evaluate_round 15: no clients selected, cancel
DEBUG flwr 2023-08-15 21:52:37,684 | server.py:215 | fit_round 16: strategy sampled 8 clients (out of 20)
[2m[36m(launch_and_fit pid=483355)[0m malloc_consolidate(): invalid chunk size
[2m[36m(launch_and_fit pid=483362)[0m double free or corruption (fasttop)
DEBUG flwr 2023-08-15 21:53:25,155 | server.py:229 | fit_round 16 received 8 results and 0 failures
INFO flwr 2023-08-15 21:53:25,392 | fed_df.py:365 | Warm start at round 16
INFO flwr 2023-08-15 21:53:25,503 | fed_df.py:463 | Performing server side distillation training...
[2m[36m(launch_and_fit pid=483355)[0m Fitting Client 10
[2m[36m(launch_and_fit pid=483358)[0m Fitting Client 17
[2m[36m(launch_and_fit pid=483359)[0m Fitting Client 11
[2m[36m(launch_and_fit pid=483360)[0m Fitting Client 18
[2m[36m(launch_and_fit pid=483361)[0m Fitting Client 12
[2m[36m(launch_and_fit pid=483362)[0m Fitting Client 7
[2m[36m(launch_and_fit pid=483363)[0m Fitting Client 9
[2m[36m(launch_and_fit pid=483364)[0m Fitting Client 15
[2m[36m(launch_and_fit pid=483358)[0m malloc_consolidate(): invalid chunk size
[2m[36m(launch_and_fit pid=483361)[0m double free or corruption (fasttop)
[2m[36m(launch_and_fit pid=483363)[0m double free or corruption (fasttop)
E0815 21:53:26.279181964  530259 chttp2_transport.cc:1079]             ipv4:145.136.62.52:42318: Received a GOAWAY with error code ENHANCE_YOUR_CALM and debug data equal to "too_many_pings". Current keepalive time (before throttling): 1966080000ms
[2m[36m(launch_and_fit pid=483359)[0m malloc_consolidate(): invalid chunk size
[2m[36m(launch_and_fit pid=483360)[0m double free or corruption (fasttop)
[2m[36m(launch_and_fit pid=483364)[0m malloc_consolidate(): invalid chunk size
INFO flwr 2023-08-15 21:53:59,842 | fed_df.py:540 | Distillation training stopped at step number : 250
INFO flwr 2023-08-15 21:53:59,842 | fed_df.py:547 | Average fusion training loss : 0.0010645647427008952, val accuracy : 0.28576, best val accuracy : 0.3082
INFO flwr 2023-08-15 21:53:59,844 | common.py:35 | Avg. local train loss : 18.30710204988718, train acc : 0.4447527777777778
INFO flwr 2023-08-15 21:54:02,752 | server.py:116 | fit progress: (16, 4.4007257568359375, {'server_test_acc': 0.3142}, 1518.404690555064)
INFO flwr 2023-08-15 21:54:02,752 | server.py:163 | evaluate_round 16: no clients selected, cancel
DEBUG flwr 2023-08-15 21:54:12,867 | server.py:215 | fit_round 17: strategy sampled 8 clients (out of 20)
[2m[36m(launch_and_fit pid=556860)[0m double free or corruption (fasttop)
[2m[36m(launch_and_fit pid=556864)[0m double free or corruption (fasttop)
[2m[36m(launch_and_fit pid=556868)[0m double free or corruption (fasttop)
DEBUG flwr 2023-08-15 21:55:00,411 | server.py:229 | fit_round 17 received 8 results and 0 failures
INFO flwr 2023-08-15 21:55:00,648 | fed_df.py:365 | Warm start at round 17
INFO flwr 2023-08-15 21:55:00,757 | fed_df.py:463 | Performing server side distillation training...
[2m[36m(launch_and_fit pid=556860)[0m Fitting Client 1
[2m[36m(launch_and_fit pid=556864)[0m Fitting Client 17
[2m[36m(launch_and_fit pid=556866)[0m Fitting Client 15
[2m[36m(launch_and_fit pid=556865)[0m Fitting Client 9
[2m[36m(launch_and_fit pid=556867)[0m Fitting Client 0
[2m[36m(launch_and_fit pid=556870)[0m Fitting Client 11
[2m[36m(launch_and_fit pid=556868)[0m Fitting Client 14
[2m[36m(launch_and_fit pid=556869)[0m Fitting Client 16
[2m[36m(launch_and_fit pid=556866)[0m malloc_consolidate(): invalid chunk size
[2m[36m(launch_and_fit pid=556869)[0m malloc_consolidate(): invalid chunk size
E0815 21:55:02.032682145  604232 chttp2_transport.cc:1079]             ipv4:145.136.62.52:42318: Received a GOAWAY with error code ENHANCE_YOUR_CALM and debug data equal to "too_many_pings". Current keepalive time (before throttling): ∞
[2m[36m(launch_and_fit pid=556870)[0m malloc_consolidate(): invalid chunk size
[2m[36m(launch_and_fit pid=556867)[0m malloc_consolidate(): invalid chunk size
[2m[36m(launch_and_fit pid=556865)[0m double free or corruption (fasttop)
INFO flwr 2023-08-15 21:55:35,238 | fed_df.py:540 | Distillation training stopped at step number : 250
INFO flwr 2023-08-15 21:55:35,239 | fed_df.py:547 | Average fusion training loss : 0.0012543313854257575, val accuracy : 0.29668, best val accuracy : 0.3138
INFO flwr 2023-08-15 21:55:35,241 | common.py:35 | Avg. local train loss : 18.234164373576643, train acc : 0.45076111111111106
INFO flwr 2023-08-15 21:55:38,120 | server.py:116 | fit progress: (17, 4.414125341796875, {'server_test_acc': 0.3152}, 1613.7734811711125)
INFO flwr 2023-08-15 21:55:38,121 | server.py:163 | evaluate_round 17: no clients selected, cancel
DEBUG flwr 2023-08-15 21:55:48,225 | server.py:215 | fit_round 18: strategy sampled 8 clients (out of 20)
[2m[36m(launch_and_fit pid=630487)[0m double free or corruption (fasttop)
[2m[36m(launch_and_fit pid=630494)[0m double free or corruption (fasttop)
DEBUG flwr 2023-08-15 21:56:36,147 | server.py:229 | fit_round 18 received 8 results and 0 failures
[2m[36m(launch_and_fit pid=630489)[0m malloc_consolidate(): invalid chunk size
INFO flwr 2023-08-15 21:56:36,397 | fed_df.py:365 | Warm start at round 18
[2m[36m(launch_and_fit pid=630492)[0m malloc_consolidate(): invalid chunk size
[2m[36m(launch_and_fit pid=630493)[0m malloc_consolidate(): invalid chunk size
INFO flwr 2023-08-15 21:56:36,778 | fed_df.py:463 | Performing server side distillation training...
[2m[36m(launch_and_fit pid=630487)[0m Fitting Client 3
[2m[36m(launch_and_fit pid=630489)[0m Fitting Client 12
[2m[36m(launch_and_fit pid=630492)[0m Fitting Client 2
[2m[36m(launch_and_fit pid=630490)[0m Fitting Client 16
[2m[36m(launch_and_fit pid=630491)[0m Fitting Client 10
[2m[36m(launch_and_fit pid=630493)[0m Fitting Client 14
[2m[36m(launch_and_fit pid=630494)[0m Fitting Client 7
[2m[36m(launch_and_fit pid=630495)[0m Fitting Client 19
[2m[36m(launch_and_fit pid=630491)[0m malloc_consolidate(): invalid chunk size
E0815 21:56:37.158006692  604378 chttp2_transport.cc:1079]             ipv4:145.136.62.52:42318: Received a GOAWAY with error code ENHANCE_YOUR_CALM and debug data equal to "too_many_pings". Current keepalive time (before throttling): ∞
[2m[36m(launch_and_fit pid=630495)[0m double free or corruption (fasttop)
[2m[36m(launch_and_fit pid=630490)[0m double free or corruption (fasttop)
INFO flwr 2023-08-15 21:57:11,317 | fed_df.py:540 | Distillation training stopped at step number : 250
INFO flwr 2023-08-15 21:57:11,317 | fed_df.py:547 | Average fusion training loss : 0.001231724287965335, val accuracy : 0.27884, best val accuracy : 0.3026
INFO flwr 2023-08-15 21:57:11,319 | common.py:35 | Avg. local train loss : 18.185047988593578, train acc : 0.4543638888888889
INFO flwr 2023-08-15 21:57:14,197 | server.py:116 | fit progress: (18, 4.428457873535156, {'server_test_acc': 0.3124}, 1709.8501502310392)
INFO flwr 2023-08-15 21:57:14,197 | server.py:163 | evaluate_round 18: no clients selected, cancel
DEBUG flwr 2023-08-15 21:57:24,460 | server.py:215 | fit_round 19: strategy sampled 8 clients (out of 20)
[2m[36m(launch_and_fit pid=704082)[0m malloc_consolidate(): invalid chunk size
[2m[36m(launch_and_fit pid=704080)[0m malloc_consolidate(): invalid chunk size
[2m[36m(launch_and_fit pid=704088)[0m malloc_consolidate(): invalid chunk size
DEBUG flwr 2023-08-15 21:58:12,250 | server.py:229 | fit_round 19 received 8 results and 0 failures
INFO flwr 2023-08-15 21:58:12,498 | fed_df.py:365 | Warm start at round 19
[2m[36m(launch_and_fit pid=704090)[0m double free or corruption (fasttop)
INFO flwr 2023-08-15 21:58:12,640 | fed_df.py:463 | Performing server side distillation training...
[2m[36m(launch_and_fit pid=704082)[0m Fitting Client 17
[2m[36m(launch_and_fit pid=704080)[0m Fitting Client 16
[2m[36m(launch_and_fit pid=704087)[0m Fitting Client 1
[2m[36m(launch_and_fit pid=704088)[0m Fitting Client 10
[2m[36m(launch_and_fit pid=704089)[0m Fitting Client 6
[2m[36m(launch_and_fit pid=704090)[0m Fitting Client 8
[2m[36m(launch_and_fit pid=704085)[0m Fitting Client 11
[2m[36m(launch_and_fit pid=704086)[0m Fitting Client 14
[2m[36m(launch_and_fit pid=704087)[0m double free or corruption (fasttop)
[2m[36m(launch_and_fit pid=704089)[0m double free or corruption (fasttop)
[2m[36m(launch_and_fit pid=704086)[0m malloc_consolidate(): invalid chunk size
[2m[36m(launch_and_fit pid=704085)[0m double free or corruption (fasttop)
E0815 21:58:14.846783444  677165 chttp2_transport.cc:1079]             ipv4:145.136.62.52:42318: Received a GOAWAY with error code ENHANCE_YOUR_CALM and debug data equal to "too_many_pings". Current keepalive time (before throttling): ∞
INFO flwr 2023-08-15 21:58:47,817 | fed_df.py:540 | Distillation training stopped at step number : 250
INFO flwr 2023-08-15 21:58:47,818 | fed_df.py:547 | Average fusion training loss : 0.0011811330557684413, val accuracy : 0.28436000000000006, best val accuracy : 0.3108
INFO flwr 2023-08-15 21:58:47,820 | common.py:35 | Avg. local train loss : 18.085998935997488, train acc : 0.4644
INFO flwr 2023-08-15 21:58:50,747 | server.py:116 | fit progress: (19, 4.4466685546875, {'server_test_acc': 0.3113}, 1806.4005610039458)
INFO flwr 2023-08-15 21:58:50,748 | server.py:163 | evaluate_round 19: no clients selected, cancel
DEBUG flwr 2023-08-15 21:59:01,249 | server.py:215 | fit_round 20: strategy sampled 8 clients (out of 20)
[2m[36m(launch_and_fit pid=802432)[0m malloc_consolidate(): invalid chunk size
DEBUG flwr 2023-08-15 21:59:48,420 | server.py:229 | fit_round 20 received 8 results and 0 failures
INFO flwr 2023-08-15 21:59:48,663 | fed_df.py:365 | Warm start at round 20
INFO flwr 2023-08-15 21:59:48,819 | fed_df.py:463 | Performing server side distillation training...
[2m[36m(launch_and_fit pid=802432)[0m Fitting Client 12
[2m[36m(launch_and_fit pid=802436)[0m Fitting Client 10
[2m[36m(launch_and_fit pid=802439)[0m Fitting Client 11
[2m[36m(launch_and_fit pid=802429)[0m Fitting Client 7
[2m[36m(launch_and_fit pid=802437)[0m Fitting Client 9
[2m[36m(launch_and_fit pid=802438)[0m Fitting Client 0
[2m[36m(launch_and_fit pid=802440)[0m Fitting Client 5
[2m[36m(launch_and_fit pid=802441)[0m Fitting Client 16
[2m[36m(launch_and_fit pid=802437)[0m malloc_consolidate(): invalid chunk size
[2m[36m(launch_and_fit pid=802438)[0m malloc_consolidate(): invalid chunk size
[2m[36m(launch_and_fit pid=802441)[0m malloc_consolidate(): invalid chunk size
[2m[36m(launch_and_fit pid=802436)[0m malloc_consolidate(): invalid chunk size
[2m[36m(launch_and_fit pid=802440)[0m malloc_consolidate(): invalid chunk size
[2m[36m(launch_and_fit pid=802439)[0m double free or corruption (fasttop)
[2m[36m(launch_and_fit pid=802429)[0m malloc_consolidate(): invalid chunk size
E0815 22:00:04.587755982  764650 chttp2_transport.cc:1079]             ipv4:145.136.62.52:42318: Received a GOAWAY with error code ENHANCE_YOUR_CALM and debug data equal to "too_many_pings". Current keepalive time (before throttling): ∞
E0815 22:00:22.867474065  872528 chttp2_transport.cc:1079]             ipv4:145.136.62.52:42318: Received a GOAWAY with error code ENHANCE_YOUR_CALM and debug data equal to "too_many_pings". Current keepalive time (before throttling): ∞
INFO flwr 2023-08-15 22:00:23,823 | fed_df.py:540 | Distillation training stopped at step number : 250
INFO flwr 2023-08-15 22:00:23,823 | fed_df.py:547 | Average fusion training loss : 0.0015367703460506164, val accuracy : 0.30212, best val accuracy : 0.3186
INFO flwr 2023-08-15 22:00:23,825 | common.py:35 | Avg. local train loss : 18.056254468858242, train acc : 0.4647277777777778
INFO flwr 2023-08-15 22:00:26,740 | server.py:116 | fit progress: (20, 4.397906567382813, {'server_test_acc': 0.3231}, 1902.3927567780484)
INFO flwr 2023-08-15 22:00:26,740 | server.py:163 | evaluate_round 20: no clients selected, cancel
DEBUG flwr 2023-08-15 22:00:36,928 | server.py:215 | fit_round 21: strategy sampled 8 clients (out of 20)
[2m[36m(launch_and_fit pid=875930)[0m malloc_consolidate(): invalid chunk size
[2m[36m(launch_and_fit pid=875927)[0m malloc_consolidate(): invalid chunk size
DEBUG flwr 2023-08-15 22:01:24,739 | server.py:229 | fit_round 21 received 8 results and 0 failures
INFO flwr 2023-08-15 22:01:24,974 | fed_df.py:365 | Warm start at round 21
INFO flwr 2023-08-15 22:01:25,086 | fed_df.py:463 | Performing server side distillation training...
[2m[36m(launch_and_fit pid=875927)[0m Fitting Client 3
[2m[36m(launch_and_fit pid=875931)[0m Fitting Client 2
[2m[36m(launch_and_fit pid=875930)[0m Fitting Client 11
[2m[36m(launch_and_fit pid=875933)[0m Fitting Client 12
[2m[36m(launch_and_fit pid=875935)[0m Fitting Client 10
[2m[36m(launch_and_fit pid=875934)[0m Fitting Client 7
[2m[36m(launch_and_fit pid=875936)[0m Fitting Client 5
[2m[36m(launch_and_fit pid=875937)[0m Fitting Client 16
[2m[36m(launch_and_fit pid=875931)[0m double free or corruption (fasttop)
[2m[36m(launch_and_fit pid=875933)[0m double free or corruption (fasttop)
E0815 22:01:25.543737539  872931 chttp2_transport.cc:1079]             ipv4:145.136.62.52:42318: Received a GOAWAY with error code ENHANCE_YOUR_CALM and debug data equal to "too_many_pings". Current keepalive time (before throttling): ∞
[2m[36m(launch_and_fit pid=875934)[0m double free or corruption (fasttop)
[2m[36m(launch_and_fit pid=875935)[0m malloc_consolidate(): invalid chunk size
[2m[36m(launch_and_fit pid=875936)[0m corrupted size vs. prev_size in fastbins
[2m[36m(launch_and_fit pid=875937)[0m double free or corruption (fasttop)
E0815 22:01:33.211369410  922916 chttp2_transport.cc:1079]             ipv4:145.136.62.52:42318: Received a GOAWAY with error code ENHANCE_YOUR_CALM and debug data equal to "too_many_pings". Current keepalive time (before throttling): ∞
INFO flwr 2023-08-15 22:01:59,794 | fed_df.py:540 | Distillation training stopped at step number : 250
INFO flwr 2023-08-15 22:01:59,795 | fed_df.py:547 | Average fusion training loss : 0.0018770174784003757, val accuracy : 0.26564000000000004, best val accuracy : 0.3024
INFO flwr 2023-08-15 22:01:59,797 | common.py:35 | Avg. local train loss : 17.983481515944003, train acc : 0.4733805555555555
INFO flwr 2023-08-15 22:02:02,689 | server.py:116 | fit progress: (21, 4.445657531738282, {'server_test_acc': 0.3043}, 1998.3420581531245)
INFO flwr 2023-08-15 22:02:02,689 | server.py:163 | evaluate_round 21: no clients selected, cancel
DEBUG flwr 2023-08-15 22:02:12,901 | server.py:215 | fit_round 22: strategy sampled 8 clients (out of 20)
[2m[36m(launch_and_fit pid=949631)[0m malloc_consolidate(): invalid chunk size
[2m[36m(launch_and_fit pid=949636)[0m malloc_consolidate(): invalid chunk size
[2m[36m(launch_and_fit pid=949638)[0m double free or corruption (fasttop)
DEBUG flwr 2023-08-15 22:03:00,444 | server.py:229 | fit_round 22 received 8 results and 0 failures
[2m[36m(launch_and_fit pid=949639)[0m malloc_consolidate(): invalid chunk size
INFO flwr 2023-08-15 22:03:00,697 | fed_df.py:365 | Warm start at round 22
INFO flwr 2023-08-15 22:03:00,841 | fed_df.py:463 | Performing server side distillation training...
[2m[36m(launch_and_fit pid=949631)[0m Fitting Client 12
[2m[36m(launch_and_fit pid=949636)[0m Fitting Client 3
[2m[36m(launch_and_fit pid=949638)[0m Fitting Client 14
[2m[36m(launch_and_fit pid=949639)[0m Fitting Client 17
[2m[36m(launch_and_fit pid=949640)[0m Fitting Client 0
[2m[36m(launch_and_fit pid=949641)[0m Fitting Client 4
[2m[36m(launch_and_fit pid=949643)[0m Fitting Client 19
[2m[36m(launch_and_fit pid=949642)[0m Fitting Client 1
[2m[36m(launch_and_fit pid=949640)[0m malloc_consolidate(): invalid chunk size
[2m[36m(launch_and_fit pid=949642)[0m malloc_consolidate(): invalid chunk size
E0815 22:03:01.299773381  928512 chttp2_transport.cc:1079]             ipv4:145.136.62.52:42318: Received a GOAWAY with error code ENHANCE_YOUR_CALM and debug data equal to "too_many_pings". Current keepalive time (before throttling): ∞
[2m[36m(launch_and_fit pid=949643)[0m malloc_consolidate(): invalid chunk size
[2m[36m(launch_and_fit pid=949641)[0m double free or corruption (fasttop)
INFO flwr 2023-08-15 22:03:35,235 | fed_df.py:540 | Distillation training stopped at step number : 250
INFO flwr 2023-08-15 22:03:35,236 | fed_df.py:547 | Average fusion training loss : 0.0016579110411694274, val accuracy : 0.30288000000000004, best val accuracy : 0.3158
INFO flwr 2023-08-15 22:03:35,237 | common.py:35 | Avg. local train loss : 17.855121167004107, train acc : 0.47823611111111114
INFO flwr 2023-08-15 22:03:38,147 | server.py:116 | fit progress: (22, 4.430403930664062, {'server_test_acc': 0.3258}, 2093.7996172439307)
INFO flwr 2023-08-15 22:03:38,147 | server.py:163 | evaluate_round 22: no clients selected, cancel
DEBUG flwr 2023-08-15 22:03:48,360 | server.py:215 | fit_round 23: strategy sampled 8 clients (out of 20)
DEBUG flwr 2023-08-15 22:04:35,966 | server.py:229 | fit_round 23 received 8 results and 0 failures
INFO flwr 2023-08-15 22:04:36,204 | fed_df.py:365 | Warm start at round 23
INFO flwr 2023-08-15 22:04:36,317 | fed_df.py:463 | Performing server side distillation training...
[2m[36m(launch_and_fit pid=1023323)[0m Fitting Client 6
[2m[36m(launch_and_fit pid=1023325)[0m Fitting Client 9
[2m[36m(launch_and_fit pid=1023324)[0m Fitting Client 19
[2m[36m(launch_and_fit pid=1023319)[0m Fitting Client 3
[2m[36m(launch_and_fit pid=1023322)[0m Fitting Client 4
[2m[36m(launch_and_fit pid=1023328)[0m Fitting Client 16
[2m[36m(launch_and_fit pid=1023327)[0m Fitting Client 17
[2m[36m(launch_and_fit pid=1023326)[0m Fitting Client 11
[2m[36m(launch_and_fit pid=1023322)[0m malloc_consolidate(): invalid chunk size
[2m[36m(launch_and_fit pid=1023323)[0m malloc_consolidate(): invalid chunk size
[2m[36m(launch_and_fit pid=1023325)[0m malloc_consolidate(): invalid chunk size
[2m[36m(launch_and_fit pid=1023319)[0m malloc_consolidate(): invalid chunk size
[2m[36m(launch_and_fit pid=1023324)[0m malloc_consolidate(): invalid chunk size
[2m[36m(launch_and_fit pid=1023328)[0m double free or corruption (fasttop)
[2m[36m(launch_and_fit pid=1023327)[0m malloc_consolidate(): invalid chunk size
[2m[36m(launch_and_fit pid=1023326)[0m malloc_consolidate(): invalid chunk size
E0815 22:04:38.773485713 1071121 chttp2_transport.cc:1079]             ipv4:145.136.62.52:42318: Received a GOAWAY with error code ENHANCE_YOUR_CALM and debug data equal to "too_many_pings". Current keepalive time (before throttling): ∞
INFO flwr 2023-08-15 22:05:11,248 | fed_df.py:540 | Distillation training stopped at step number : 250
INFO flwr 2023-08-15 22:05:11,248 | fed_df.py:547 | Average fusion training loss : 0.0019879574667429553, val accuracy : 0.30004, best val accuracy : 0.3146
INFO flwr 2023-08-15 22:05:11,250 | common.py:35 | Avg. local train loss : 17.840383684635164, train acc : 0.4799472222222222
INFO flwr 2023-08-15 22:05:14,164 | server.py:116 | fit progress: (23, 4.4222169921875, {'server_test_acc': 0.325}, 2189.817068732111)
INFO flwr 2023-08-15 22:05:14,164 | server.py:163 | evaluate_round 23: no clients selected, cancel
DEBUG flwr 2023-08-15 22:05:24,360 | server.py:215 | fit_round 24: strategy sampled 8 clients (out of 20)
[2m[36m(launch_and_fit pid=1096836)[0m malloc_consolidate(): invalid chunk size
DEBUG flwr 2023-08-15 22:06:11,771 | server.py:229 | fit_round 24 received 8 results and 0 failures
[2m[36m(launch_and_fit pid=1096838)[0m double free or corruption (fasttop)
INFO flwr 2023-08-15 22:06:12,014 | fed_df.py:365 | Warm start at round 24
INFO flwr 2023-08-15 22:06:12,173 | fed_df.py:463 | Performing server side distillation training...
[2m[36m(launch_and_fit pid=1096836)[0m Fitting Client 8
[2m[36m(launch_and_fit pid=1096834)[0m Fitting Client 4
[2m[36m(launch_and_fit pid=1096838)[0m Fitting Client 1
[2m[36m(launch_and_fit pid=1096841)[0m Fitting Client 2
[2m[36m(launch_and_fit pid=1096839)[0m Fitting Client 5
[2m[36m(launch_and_fit pid=1096840)[0m Fitting Client 10
[2m[36m(launch_and_fit pid=1096842)[0m Fitting Client 15
[2m[36m(launch_and_fit pid=1096843)[0m Fitting Client 9
[2m[36m(launch_and_fit pid=1096843)[0m malloc_consolidate(): invalid chunk size
[2m[36m(launch_and_fit pid=1096842)[0m double free or corruption (fasttop)
[2m[36m(launch_and_fit pid=1096839)[0m malloc_consolidate(): invalid chunk size
[2m[36m(launch_and_fit pid=1096841)[0m malloc_consolidate(): invalid chunk size
[2m[36m(launch_and_fit pid=1096834)[0m malloc_consolidate(): invalid chunk size
E0815 22:06:13.502276830 1071592 chttp2_transport.cc:1079]             ipv4:145.136.62.52:42318: Received a GOAWAY with error code ENHANCE_YOUR_CALM and debug data equal to "too_many_pings". Current keepalive time (before throttling): ∞
[2m[36m(launch_and_fit pid=1096840)[0m malloc_consolidate(): invalid chunk size
INFO flwr 2023-08-15 22:06:47,034 | fed_df.py:540 | Distillation training stopped at step number : 250
INFO flwr 2023-08-15 22:06:47,034 | fed_df.py:547 | Average fusion training loss : 0.002378443274355959, val accuracy : 0.30232, best val accuracy : 0.3232
INFO flwr 2023-08-15 22:06:47,036 | common.py:35 | Avg. local train loss : 17.86595556139946, train acc : 0.4764333333333334
INFO flwr 2023-08-15 22:06:49,923 | server.py:116 | fit progress: (24, 4.427014135742188, {'server_test_acc': 0.3263}, 2285.5764433869626)
INFO flwr 2023-08-15 22:06:49,924 | server.py:163 | evaluate_round 24: no clients selected, cancel
DEBUG flwr 2023-08-15 22:07:00,628 | server.py:215 | fit_round 25: strategy sampled 8 clients (out of 20)
[2m[36m(launch_and_fit pid=1170309)[0m malloc_consolidate(): invalid chunk size
DEBUG flwr 2023-08-15 22:07:47,554 | server.py:229 | fit_round 25 received 8 results and 0 failures
[2m[36m(launch_and_fit pid=1170312)[0m double free or corruption (fasttop)
INFO flwr 2023-08-15 22:07:47,807 | fed_df.py:365 | Warm start at round 25
INFO flwr 2023-08-15 22:07:47,920 | fed_df.py:463 | Performing server side distillation training...
[2m[36m(launch_and_fit pid=1170309)[0m Fitting Client 9
[2m[36m(launch_and_fit pid=1170312)[0m Fitting Client 14
[2m[36m(launch_and_fit pid=1170313)[0m Fitting Client 17
[2m[36m(launch_and_fit pid=1170315)[0m Fitting Client 4
[2m[36m(launch_and_fit pid=1170314)[0m Fitting Client 6
[2m[36m(launch_and_fit pid=1170318)[0m Fitting Client 18
[2m[36m(launch_and_fit pid=1170316)[0m Fitting Client 0
[2m[36m(launch_and_fit pid=1170317)[0m Fitting Client 15
[2m[36m(launch_and_fit pid=1170315)[0m corrupted size vs. prev_size in fastbins
[2m[36m(launch_and_fit pid=1170313)[0m malloc_consolidate(): invalid chunk size
[2m[36m(launch_and_fit pid=1170317)[0m malloc_consolidate(): invalid chunk size
[2m[36m(launch_and_fit pid=1170318)[0m double free or corruption (fasttop)
E0815 22:07:49.138727165 1217808 chttp2_transport.cc:1079]             ipv4:145.136.62.52:42318: Received a GOAWAY with error code ENHANCE_YOUR_CALM and debug data equal to "too_many_pings". Current keepalive time (before throttling): ∞
[2m[36m(launch_and_fit pid=1170314)[0m malloc_consolidate(): invalid chunk size
[2m[36m(launch_and_fit pid=1170316)[0m malloc_consolidate(): invalid chunk size
INFO flwr 2023-08-15 22:08:22,651 | fed_df.py:540 | Distillation training stopped at step number : 250
INFO flwr 2023-08-15 22:08:22,651 | fed_df.py:547 | Average fusion training loss : 0.0034655356280272826, val accuracy : 0.31908, best val accuracy : 0.3326
INFO flwr 2023-08-15 22:08:22,653 | common.py:35 | Avg. local train loss : 17.800708924233913, train acc : 0.48069444444444437
INFO flwr 2023-08-15 22:08:25,727 | server.py:116 | fit progress: (25, 4.405605383300781, {'server_test_acc': 0.334}, 2381.3796995279845)
INFO flwr 2023-08-15 22:08:25,727 | server.py:163 | evaluate_round 25: no clients selected, cancel
DEBUG flwr 2023-08-15 22:08:36,280 | server.py:215 | fit_round 26: strategy sampled 8 clients (out of 20)
[2m[36m(launch_and_fit pid=1243830)[0m malloc_consolidate(): invalid chunk size
[2m[36m(launch_and_fit pid=1243832)[0m double free or corruption (fasttop)
DEBUG flwr 2023-08-15 22:09:23,440 | server.py:229 | fit_round 26 received 8 results and 0 failures
INFO flwr 2023-08-15 22:09:23,678 | fed_df.py:365 | Warm start at round 26
INFO flwr 2023-08-15 22:09:23,790 | fed_df.py:463 | Performing server side distillation training...
[2m[36m(launch_and_fit pid=1243830)[0m Fitting Client 12
[2m[36m(launch_and_fit pid=1243832)[0m Fitting Client 15
[2m[36m(launch_and_fit pid=1243836)[0m Fitting Client 1
[2m[36m(launch_and_fit pid=1243840)[0m Fitting Client 8
[2m[36m(launch_and_fit pid=1243838)[0m Fitting Client 5
[2m[36m(launch_and_fit pid=1243839)[0m Fitting Client 9
[2m[36m(launch_and_fit pid=1243835)[0m Fitting Client 13
[2m[36m(launch_and_fit pid=1243837)[0m Fitting Client 6
[2m[36m(launch_and_fit pid=1243839)[0m malloc_consolidate(): invalid chunk size
[2m[36m(launch_and_fit pid=1243836)[0m double free or corruption (fasttop)
[2m[36m(launch_and_fit pid=1243840)[0m malloc_consolidate(): invalid chunk size
[2m[36m(launch_and_fit pid=1243838)[0m malloc_consolidate(): invalid chunk size
[2m[36m(launch_and_fit pid=1243835)[0m malloc_consolidate(): invalid chunk size
[2m[36m(launch_and_fit pid=1243837)[0m malloc_consolidate(): invalid chunk size
INFO flwr 2023-08-15 22:09:58,777 | fed_df.py:540 | Distillation training stopped at step number : 250
INFO flwr 2023-08-15 22:09:58,777 | fed_df.py:547 | Average fusion training loss : 0.0027273944753105754, val accuracy : 0.3218, best val accuracy : 0.3348
INFO flwr 2023-08-15 22:09:58,779 | common.py:35 | Avg. local train loss : 17.77326925992966, train acc : 0.4848916666666667
INFO flwr 2023-08-15 22:10:01,695 | server.py:116 | fit progress: (26, 4.403463708496094, {'server_test_acc': 0.3401}, 2477.3481103940867)
INFO flwr 2023-08-15 22:10:01,695 | server.py:163 | evaluate_round 26: no clients selected, cancel
DEBUG flwr 2023-08-15 22:10:11,995 | server.py:215 | fit_round 27: strategy sampled 8 clients (out of 20)
[2m[36m(launch_and_fit pid=1317697)[0m malloc_consolidate(): invalid chunk size
[2m[36m(launch_and_fit pid=1317696)[0m malloc_consolidate(): invalid chunk size
DEBUG flwr 2023-08-15 22:10:59,691 | server.py:229 | fit_round 27 received 8 results and 0 failures
[2m[36m(launch_and_fit pid=1317698)[0m double free or corruption (fasttop)
[2m[36m(launch_and_fit pid=1317703)[0m malloc_consolidate(): invalid chunk size
INFO flwr 2023-08-15 22:10:59,934 | fed_df.py:365 | Warm start at round 27
INFO flwr 2023-08-15 22:11:00,092 | fed_df.py:463 | Performing server side distillation training...
[2m[36m(launch_and_fit pid=1317697)[0m Fitting Client 15
[2m[36m(launch_and_fit pid=1317696)[0m Fitting Client 8
[2m[36m(launch_and_fit pid=1317703)[0m Fitting Client 6
[2m[36m(launch_and_fit pid=1317698)[0m Fitting Client 14
[2m[36m(launch_and_fit pid=1317699)[0m Fitting Client 3
[2m[36m(launch_and_fit pid=1317700)[0m Fitting Client 13
[2m[36m(launch_and_fit pid=1317702)[0m Fitting Client 4
[2m[36m(launch_and_fit pid=1317701)[0m Fitting Client 18
[2m[36m(launch_and_fit pid=1317702)[0m malloc_consolidate(): invalid chunk size
[2m[36m(launch_and_fit pid=1317701)[0m double free or corruption (fasttop)
E0815 22:11:00.872917954 1217944 chttp2_transport.cc:1079]             ipv4:145.136.62.52:42318: Received a GOAWAY with error code ENHANCE_YOUR_CALM and debug data equal to "too_many_pings". Current keepalive time (before throttling): ∞
[2m[36m(launch_and_fit pid=1317699)[0m double free or corruption (fasttop)
[2m[36m(launch_and_fit pid=1317700)[0m double free or corruption (fasttop)
INFO flwr 2023-08-15 22:11:35,005 | fed_df.py:540 | Distillation training stopped at step number : 250
INFO flwr 2023-08-15 22:11:35,006 | fed_df.py:547 | Average fusion training loss : 0.0036663349244045094, val accuracy : 0.32888, best val accuracy : 0.3388
INFO flwr 2023-08-15 22:11:35,008 | common.py:35 | Avg. local train loss : 17.677364341914654, train acc : 0.49401666666666666
INFO flwr 2023-08-15 22:11:37,912 | server.py:116 | fit progress: (27, 4.4020691528320315, {'server_test_acc': 0.3396}, 2573.5651326400694)
INFO flwr 2023-08-15 22:11:37,912 | server.py:163 | evaluate_round 27: no clients selected, cancel
DEBUG flwr 2023-08-15 22:11:48,271 | server.py:215 | fit_round 28: strategy sampled 8 clients (out of 20)
[2m[36m(launch_and_fit pid=1391324)[0m malloc_consolidate(): invalid chunk size
DEBUG flwr 2023-08-15 22:12:35,190 | server.py:229 | fit_round 28 received 8 results and 0 failures
[2m[36m(launch_and_fit pid=1391323)[0m malloc_consolidate(): invalid chunk size
INFO flwr 2023-08-15 22:12:35,431 | fed_df.py:365 | Warm start at round 28
INFO flwr 2023-08-15 22:12:35,587 | fed_df.py:463 | Performing server side distillation training...
[2m[36m(launch_and_fit pid=1391324)[0m Fitting Client 15
[2m[36m(launch_and_fit pid=1391323)[0m Fitting Client 7
[2m[36m(launch_and_fit pid=1391330)[0m Fitting Client 9
[2m[36m(launch_and_fit pid=1391328)[0m Fitting Client 3
[2m[36m(launch_and_fit pid=1391329)[0m Fitting Client 13
[2m[36m(launch_and_fit pid=1391331)[0m Fitting Client 14
[2m[36m(launch_and_fit pid=1391333)[0m Fitting Client 11
[2m[36m(launch_and_fit pid=1391332)[0m Fitting Client 8
[2m[36m(launch_and_fit pid=1391331)[0m malloc_consolidate(): invalid chunk size
[2m[36m(launch_and_fit pid=1391328)[0m double free or corruption (fasttop)
[2m[36m(launch_and_fit pid=1391333)[0m double free or corruption (fasttop)
[2m[36m(launch_and_fit pid=1391329)[0m malloc_consolidate(): invalid chunk size
[2m[36m(launch_and_fit pid=1391332)[0m malloc_consolidate(): invalid chunk size
E0815 22:12:37.045924200 1438617 chttp2_transport.cc:1079]             ipv4:145.136.62.52:42318: Received a GOAWAY with error code ENHANCE_YOUR_CALM and debug data equal to "too_many_pings". Current keepalive time (before throttling): ∞
[2m[36m(launch_and_fit pid=1391330)[0m double free or corruption (fasttop)
E0815 22:12:59.810937807 1457635 chttp2_transport.cc:1079]             ipv4:145.136.62.52:42318: Received a GOAWAY with error code ENHANCE_YOUR_CALM and debug data equal to "too_many_pings". Current keepalive time (before throttling): ∞
INFO flwr 2023-08-15 22:13:11,218 | fed_df.py:540 | Distillation training stopped at step number : 250
INFO flwr 2023-08-15 22:13:11,219 | fed_df.py:547 | Average fusion training loss : 0.003145755487785209, val accuracy : 0.32175999999999993, best val accuracy : 0.3334
INFO flwr 2023-08-15 22:13:11,221 | common.py:35 | Avg. local train loss : 17.66200701147318, train acc : 0.4966555555555556
INFO flwr 2023-08-15 22:13:14,171 | server.py:116 | fit progress: (28, 4.40881923828125, {'server_test_acc': 0.3415}, 2669.824164531892)
INFO flwr 2023-08-15 22:13:14,171 | server.py:163 | evaluate_round 28: no clients selected, cancel
DEBUG flwr 2023-08-15 22:13:24,525 | server.py:215 | fit_round 29: strategy sampled 8 clients (out of 20)
[2m[36m(launch_and_fit pid=1479840)[0m malloc_consolidate(): invalid chunk size
DEBUG flwr 2023-08-15 22:14:12,356 | server.py:229 | fit_round 29 received 8 results and 0 failures
[2m[36m(launch_and_fit pid=1479843)[0m double free or corruption (fasttop)
[2m[36m(launch_and_fit pid=1479845)[0m double free or corruption (fasttop)
INFO flwr 2023-08-15 22:14:12,596 | fed_df.py:365 | Warm start at round 29
INFO flwr 2023-08-15 22:14:12,709 | fed_df.py:463 | Performing server side distillation training...
[2m[36m(launch_and_fit pid=1479840)[0m Fitting Client 2
[2m[36m(launch_and_fit pid=1479845)[0m Fitting Client 3
[2m[36m(launch_and_fit pid=1479844)[0m Fitting Client 15
[2m[36m(launch_and_fit pid=1479843)[0m Fitting Client 18
[2m[36m(launch_and_fit pid=1479925)[0m Fitting Client 14
[2m[36m(launch_and_fit pid=1479914)[0m Fitting Client 16
[2m[36m(launch_and_fit pid=1479846)[0m Fitting Client 13
[2m[36m(launch_and_fit pid=1479926)[0m Fitting Client 10
[2m[36m(launch_and_fit pid=1479914)[0m double free or corruption (fasttop)
[2m[36m(launch_and_fit pid=1479844)[0m malloc_consolidate(): invalid chunk size
[2m[36m(launch_and_fit pid=1479846)[0m double free or corruption (fasttop)
E0815 22:14:13.932067596 1458100 chttp2_transport.cc:1079]             ipv4:145.136.62.52:42318: Received a GOAWAY with error code ENHANCE_YOUR_CALM and debug data equal to "too_many_pings". Current keepalive time (before throttling): ∞
[2m[36m(launch_and_fit pid=1479925)[0m double free or corruption (fasttop)
[2m[36m(launch_and_fit pid=1479926)[0m double free or corruption (fasttop)
INFO flwr 2023-08-15 22:14:47,865 | fed_df.py:540 | Distillation training stopped at step number : 250
INFO flwr 2023-08-15 22:14:47,865 | fed_df.py:547 | Average fusion training loss : 0.0024107072889455595, val accuracy : 0.32419999999999993, best val accuracy : 0.3332
INFO flwr 2023-08-15 22:14:47,868 | common.py:35 | Avg. local train loss : 17.656415846943855, train acc : 0.4940444444444444
INFO flwr 2023-08-15 22:14:50,800 | server.py:116 | fit progress: (29, 4.402027172851563, {'server_test_acc': 0.3388}, 2766.453317661071)
INFO flwr 2023-08-15 22:14:50,801 | server.py:163 | evaluate_round 29: no clients selected, cancel
DEBUG flwr 2023-08-15 22:15:01,265 | server.py:215 | fit_round 30: strategy sampled 8 clients (out of 20)
[2m[36m(launch_and_fit pid=1563303)[0m malloc_consolidate(): invalid chunk size
[2m[36m(launch_and_fit pid=1563311)[0m malloc_consolidate(): invalid chunk size
DEBUG flwr 2023-08-15 22:15:48,505 | server.py:229 | fit_round 30 received 8 results and 0 failures
INFO flwr 2023-08-15 22:15:48,755 | fed_df.py:365 | Warm start at round 30
INFO flwr 2023-08-15 22:15:48,897 | fed_df.py:463 | Performing server side distillation training...
[2m[36m(launch_and_fit pid=1563303)[0m Fitting Client 14
[2m[36m(launch_and_fit pid=1563307)[0m Fitting Client 4
[2m[36m(launch_and_fit pid=1563309)[0m Fitting Client 2
[2m[36m(launch_and_fit pid=1563311)[0m Fitting Client 19
[2m[36m(launch_and_fit pid=1563312)[0m Fitting Client 18
[2m[36m(launch_and_fit pid=1563310)[0m Fitting Client 8
[2m[36m(launch_and_fit pid=1563308)[0m Fitting Client 10
[2m[36m(launch_and_fit pid=1563313)[0m Fitting Client 9
[2m[36m(launch_and_fit pid=1563309)[0m malloc_consolidate(): invalid chunk size
[2m[36m(launch_and_fit pid=1563310)[0m double free or corruption (fasttop)
[2m[36m(launch_and_fit pid=1563307)[0m double free or corruption (fasttop)
E0815 22:15:50.051664534 1610617 chttp2_transport.cc:1079]             ipv4:145.136.62.52:42318: Received a GOAWAY with error code ENHANCE_YOUR_CALM and debug data equal to "too_many_pings". Current keepalive time (before throttling): ∞
[2m[36m(launch_and_fit pid=1563313)[0m malloc_consolidate(): invalid chunk size
[2m[36m(launch_and_fit pid=1563312)[0m double free or corruption (fasttop)
INFO flwr 2023-08-15 22:16:24,349 | fed_df.py:540 | Distillation training stopped at step number : 250
INFO flwr 2023-08-15 22:16:24,350 | fed_df.py:547 | Average fusion training loss : 0.002678295132238418, val accuracy : 0.32576, best val accuracy : 0.3324
INFO flwr 2023-08-15 22:16:24,352 | common.py:35 | Avg. local train loss : 17.571391877532005, train acc : 0.5016972222222222
INFO flwr 2023-08-15 22:16:27,292 | server.py:116 | fit progress: (30, 4.40493759765625, {'server_test_acc': 0.336}, 2862.944970430108)
INFO flwr 2023-08-15 22:16:27,292 | server.py:163 | evaluate_round 30: no clients selected, cancel
INFO flwr 2023-08-15 22:16:27,292 | server.py:144 | FL finished in 2862.945346242981
INFO flwr 2023-08-15 22:16:27,292 | app.py:202 | app_fit: losses_distributed []
INFO flwr 2023-08-15 22:16:27,294 | app.py:203 | app_fit: metrics_distributed {}
INFO flwr 2023-08-15 22:16:27,294 | app.py:204 | app_fit: losses_centralized [(0, 4.651723132324219), (1, 4.452590258789063), (2, 4.350657080078125), (3, 4.3512328125), (4, 4.3433140625), (5, 4.324243408203125), (6, 4.349099279785157), (7, 4.3788091064453125), (8, 4.380412060546875), (9, 4.405794360351562), (10, 4.404055419921875), (11, 4.4170226440429685), (12, 4.427585437011719), (13, 4.430136560058593), (14, 4.413897143554688), (15, 4.410849450683593), (16, 4.4007257568359375), (17, 4.414125341796875), (18, 4.428457873535156), (19, 4.4466685546875), (20, 4.397906567382813), (21, 4.445657531738282), (22, 4.430403930664062), (23, 4.4222169921875), (24, 4.427014135742188), (25, 4.405605383300781), (26, 4.403463708496094), (27, 4.4020691528320315), (28, 4.40881923828125), (29, 4.402027172851563), (30, 4.40493759765625)]
INFO flwr 2023-08-15 22:16:27,294 | app.py:205 | app_fit: metrics_centralized {'server_test_acc': [(0, 0.0095), (1, 0.0751), (2, 0.118), (3, 0.1516), (4, 0.1866), (5, 0.2145), (6, 0.2389), (7, 0.2536), (8, 0.2686), (9, 0.2726), (10, 0.2821), (11, 0.2936), (12, 0.2957), (13, 0.2955), (14, 0.3022), (15, 0.3042), (16, 0.3142), (17, 0.3152), (18, 0.3124), (19, 0.3113), (20, 0.3231), (21, 0.3043), (22, 0.3258), (23, 0.325), (24, 0.3263), (25, 0.334), (26, 0.3401), (27, 0.3396), (28, 0.3415), (29, 0.3388), (30, 0.336)]}
double free or corruption (fasttop)
srun: error: gcn52: task 0: Aborted
srun: Terminating StepId=3347608.1
-----EXPERIMENT ENDS-----
-----CLEANING UP DISK------
-----END-----

JOB STATISTICS
==============
Job ID: 3347608
Cluster: snellius
User/Group: sunnys/sunnys
State: RUNNING
Nodes: 1
Cores per node: 18
CPU Utilized: 02:02:56
CPU Efficiency: 13.53% of 15:08:24 core-walltime
Job Wall-clock time: 00:50:28
Memory Utilized: 64.82 GB
Memory Efficiency: 54.01% of 120.00 GB
WARNING: Efficiency statistics may be misleading for RUNNING jobs.
