-----BEGIN-----
-----SETTINGS-----
TOTAL CROPS:50000
STRATEGY:feddf
MODEL_NAME:resnet8
NUM_CLIENTS:20
NUM_ROUNDS:30
FRACTION_FIT:0.4
FRACTION_EVALUATE:0.0
DATASET_NAME:organamnist
PARTITION_ALPHA:1.0
PARTITION_VAL_RATIO:0.1
BATCH_SIZE:512
LOCAL_EPOCHS:10
LOCAL_LR:0.01
DISTILL_BATCH_SIZE:512
SERVER_LR:0.005
SERVER_STEPS:250
SERVER_EARLY_STEPS:1000
USE_EARLY_STOPPING:False
USE_ADAPTIVE_LR:False
USE_ADAPTIVE_LR_ROUND:False
SEED:84
CUDA_DETERMINISTIC:False
USE_CROPS:True
IMG_NAME:ameyoko.jpg
DISTILL_DATASET:pathmnist
DISTILL_ALPHA:1.0
NUM_DISTILL_IMAGES:5000
DISTILL_TRANSFORMS:v0
WARM_START:True
WARM_START_ROUNDS:1
WARM_START_INTERVAL:5
KMEANS_N_CLUSTER:1000
KMEANS_HEURISTICS:hard
KMEANS_MIXED_FACTOR:50-50
KMEANS_BALANCING:1.0
CONFIDENCE_THRESHOLD:0.9
CONFIDENCE_STRATEGY:top
CONFIDENCE_ADAPTIVE:False
CONFIDENCE_MAX_THRESH:0.5
CLIPPING_FACTOR:2.5
FEDPROX_FACTOR:0.0
FEDPROX_ADAPTIVE:False
USE_CLIPPING:True
USE_ENTROPY:True
USE_KMEANS:False
USE_FEDPROX:False
-----SETTINGS END-----
-----EXPERIMENT BEGINS-----
---------
Generating crops for FedDF
Namespace(img_size=32, batch_size=32, num_imgs=50000, threads=18, vflip=False, deg=30, shear=30, cropfirst=True, initcrop=0.5, scale=[500, 1], randinterp=False, debug=False, imgpath='./static/single_images/ameyoko.jpg', targetpath='/scratch-local/sunnys.3426248/1692525957_384045105', seed=84, img_per_thread=2777)
will save 50000 patches in /scratch-local/sunnys.3426248/1692525957_384045105/single_img_crops/crops
50000 took 0.47min with 18 threads
---------
Simulating feddf training
INFO simulate 2023-08-20 12:06:42,711 | simulate.py:50 | Python script started : simulate.py
DEBUG simulate 2023-08-20 12:06:42,712 | simulate.py:55 | Reading args from argument parser
Downloading https://zenodo.org/record/6496656/files/organamnist.npz?download=1 to /scratch-local/sunnys.3426248/1692525957_384045105/organamnist.npz
Generating unified organamnist dataset
Class histogram for 0-th partition (alpha=1.0, 11 classes): [234  86 232 526  37 147 323  33  34  65  13]
INFO flwr 2023-08-20 12:08:54,407 | app.py:145 | Starting Flower simulation, config: ServerConfig(num_rounds=30, round_timeout=None)
2023-08-20 12:08:57,033	INFO worker.py:1529 -- Started a local Ray instance. View the dashboard at [1m[32m127.0.0.1:8265 [39m[22m
INFO flwr 2023-08-20 12:08:59,339 | app.py:179 | Flower VCE: Ray initialized with resources: {'GPU': 1.0, 'accelerator_type:A100': 1.0, 'object_store_memory': 61847529062.0, 'memory': 103079215104.0, 'node:145.136.62.28': 1.0, 'CPU': 18.0}
INFO flwr 2023-08-20 12:08:59,339 | server.py:86 | Initializing global parameters
INFO flwr 2023-08-20 12:08:59,339 | server.py:266 | Using initial parameters provided by strategy
INFO flwr 2023-08-20 12:08:59,339 | server.py:88 | Evaluating initial parameters
INFO flwr 2023-08-20 12:09:09,240 | server.py:91 | initial parameters (loss, other metrics): 2.4107075439205934, {'server_test_acc': 0.11615479806502418}
INFO flwr 2023-08-20 12:09:09,240 | server.py:101 | FL starting
DEBUG flwr 2023-08-20 12:09:15,037 | server.py:215 | fit_round 1: strategy sampled 8 clients (out of 20)
[2m[36m(launch_and_fit pid=1489832)[0m malloc_consolidate(): invalid chunk size
DEBUG flwr 2023-08-20 12:09:51,744 | server.py:229 | fit_round 1 received 8 results and 0 failures
INFO flwr 2023-08-20 12:09:51,849 | fed_df.py:365 | Warm start at round 1
INFO flwr 2023-08-20 12:09:51,927 | fed_df.py:463 | Performing server side distillation training...
[2m[36m(launch_and_fit pid=1489832)[0m Fitting Client 11
[2m[36m(launch_and_fit pid=1489828)[0m Fitting Client 15
[2m[36m(launch_and_fit pid=1489827)[0m Fitting Client 4
[2m[36m(launch_and_fit pid=1489824)[0m Fitting Client 17
[2m[36m(launch_and_fit pid=1489829)[0m Fitting Client 8
[2m[36m(launch_and_fit pid=1489831)[0m Fitting Client 6
[2m[36m(launch_and_fit pid=1489830)[0m Fitting Client 2
[2m[36m(launch_and_fit pid=1489826)[0m Fitting Client 9
[2m[36m(launch_and_fit pid=1489830)[0m malloc_consolidate(): invalid chunk size
[2m[36m(launch_and_fit pid=1489827)[0m malloc_consolidate(): invalid chunk size
[2m[36m(launch_and_fit pid=1489828)[0m malloc_consolidate(): invalid chunk size
E0820 12:09:53.206051300 1483469 chttp2_transport.cc:1079]             ipv4:145.136.62.28:37434: Received a GOAWAY with error code ENHANCE_YOUR_CALM and debug data equal to "too_many_pings". Current keepalive time (before throttling): 60000ms
E0820 12:09:53.206275540 1483469 chttp2_transport.cc:1079]             ipv4:145.136.62.28:37434: Received a GOAWAY with error code ENHANCE_YOUR_CALM and debug data equal to "too_many_pings". Current keepalive time (before throttling): 60000ms
E0820 12:09:53.206295567 1483469 chttp2_transport.cc:1079]             ipv4:145.136.62.28:37434: Received a GOAWAY with error code ENHANCE_YOUR_CALM and debug data equal to "too_many_pings". Current keepalive time (before throttling): 60000ms
E0820 12:09:53.206308850 1483469 chttp2_transport.cc:1079]             ipv4:145.136.62.28:37434: Received a GOAWAY with error code ENHANCE_YOUR_CALM and debug data equal to "too_many_pings". Current keepalive time (before throttling): 60000ms
E0820 12:09:53.206323294 1483469 chttp2_transport.cc:1079]             ipv4:145.136.62.28:37434: Received a GOAWAY with error code ENHANCE_YOUR_CALM and debug data equal to "too_many_pings". Current keepalive time (before throttling): 60000ms
E0820 12:09:53.206334451 1483469 chttp2_transport.cc:1079]             ipv4:145.136.62.28:37434: Received a GOAWAY with error code ENHANCE_YOUR_CALM and debug data equal to "too_many_pings". Current keepalive time (before throttling): 60000ms
E0820 12:09:53.206344828 1483469 chttp2_transport.cc:1079]             ipv4:145.136.62.28:37434: Received a GOAWAY with error code ENHANCE_YOUR_CALM and debug data equal to "too_many_pings". Current keepalive time (before throttling): 60000ms
E0820 12:09:53.206353650 1483469 chttp2_transport.cc:1079]             ipv4:145.136.62.28:37434: Received a GOAWAY with error code ENHANCE_YOUR_CALM and debug data equal to "too_many_pings". Current keepalive time (before throttling): 60000ms
E0820 12:09:53.206364254 1483469 chttp2_transport.cc:1079]             ipv4:145.136.62.28:37434: Received a GOAWAY with error code ENHANCE_YOUR_CALM and debug data equal to "too_many_pings". Current keepalive time (before throttling): 60000ms
E0820 12:09:53.206373282 1483469 chttp2_transport.cc:1079]             ipv4:145.136.62.28:37434: Received a GOAWAY with error code ENHANCE_YOUR_CALM and debug data equal to "too_many_pings". Current keepalive time (before throttling): 60000ms
E0820 12:09:53.206383570 1483469 chttp2_transport.cc:1079]             ipv4:145.136.62.28:37434: Received a GOAWAY with error code ENHANCE_YOUR_CALM and debug data equal to "too_many_pings". Current keepalive time (before throttling): 60000ms
[2m[36m(launch_and_fit pid=1489831)[0m malloc_consolidate(): invalid chunk size
[2m[36m(launch_and_fit pid=1489824)[0m malloc_consolidate(): invalid chunk size
[2m[36m(launch_and_fit pid=1489829)[0m malloc_consolidate(): invalid chunk size
[2m[36m(launch_and_fit pid=1489826)[0m double free or corruption (fasttop)
E0820 12:10:22.694337612 1541439 chttp2_transport.cc:1079]             ipv4:145.136.62.28:37434: Received a GOAWAY with error code ENHANCE_YOUR_CALM and debug data equal to "too_many_pings". Current keepalive time (before throttling): 120000ms
INFO flwr 2023-08-20 12:10:37,856 | fed_df.py:540 | Distillation training stopped at step number : 250
INFO flwr 2023-08-20 12:10:37,857 | fed_df.py:547 | Average fusion training loss : 0.13222982621192933, val accuracy : 0.20895088637024123, best val accuracy : 0.23132810229584422
INFO flwr 2023-08-20 12:10:37,857 | common.py:35 | Avg. local train loss : 5.413504895567894, train acc : 0.6244139370584457
INFO flwr 2023-08-20 12:10:40,794 | server.py:116 | fit progress: (1, 2.7611189108488197, {'server_test_acc': 0.20502868714141073}, 91.5533073102124)
INFO flwr 2023-08-20 12:10:40,794 | server.py:163 | evaluate_round 1: no clients selected, cancel
DEBUG flwr 2023-08-20 12:10:46,082 | server.py:215 | fit_round 2: strategy sampled 8 clients (out of 20)
DEBUG flwr 2023-08-20 12:11:19,215 | server.py:229 | fit_round 2 received 8 results and 0 failures
INFO flwr 2023-08-20 12:11:19,342 | fed_df.py:463 | Performing server side distillation training...
[2m[36m(launch_and_fit pid=1623011)[0m Fitting Client 7
[2m[36m(launch_and_fit pid=1623014)[0m Fitting Client 1
[2m[36m(launch_and_fit pid=1623010)[0m Fitting Client 15
[2m[36m(launch_and_fit pid=1623012)[0m Fitting Client 4
[2m[36m(launch_and_fit pid=1623008)[0m Fitting Client 2
[2m[36m(launch_and_fit pid=1623013)[0m Fitting Client 9
[2m[36m(launch_and_fit pid=1623009)[0m Fitting Client 19
[2m[36m(launch_and_fit pid=1623007)[0m Fitting Client 0
[2m[36m(launch_and_fit pid=1623011)[0m malloc_consolidate(): invalid chunk size
[2m[36m(launch_and_fit pid=1623007)[0m double free or corruption (fasttop)
[2m[36m(launch_and_fit pid=1623013)[0m malloc_consolidate(): invalid chunk size
[2m[36m(launch_and_fit pid=1623009)[0m double free or corruption (fasttop)
[2m[36m(launch_and_fit pid=1623010)[0m malloc_consolidate(): invalid chunk size
[2m[36m(launch_and_fit pid=1623012)[0m double free or corruption (fasttop)
[2m[36m(launch_and_fit pid=1623014)[0m malloc_consolidate(): invalid chunk size
E0820 12:11:21.634172633 1591697 chttp2_transport.cc:1079]             ipv4:145.136.62.28:37434: Received a GOAWAY with error code ENHANCE_YOUR_CALM and debug data equal to "too_many_pings". Current keepalive time (before throttling): 240000ms
[2m[36m(launch_and_fit pid=1623008)[0m double free or corruption (fasttop)
E0820 12:12:02.993150909 1676627 chttp2_transport.cc:1079]             ipv4:145.136.62.28:37434: Received a GOAWAY with error code ENHANCE_YOUR_CALM and debug data equal to "too_many_pings". Current keepalive time (before throttling): 480000ms
INFO flwr 2023-08-20 12:12:05,207 | fed_df.py:540 | Distillation training stopped at step number : 250
INFO flwr 2023-08-20 12:12:05,208 | fed_df.py:547 | Average fusion training loss : 0.0712176910340786, val accuracy : 0.43493170589944785, best val accuracy : 0.46498111014240046
INFO flwr 2023-08-20 12:12:05,208 | common.py:35 | Avg. local train loss : 5.157778048515319, train acc : 0.6617212588310853
INFO flwr 2023-08-20 12:12:08,214 | server.py:116 | fit progress: (2, 2.672668697354174, {'server_test_acc': 0.43306333670829117}, 178.97335387719795)
INFO flwr 2023-08-20 12:12:08,214 | server.py:163 | evaluate_round 2: no clients selected, cancel
DEBUG flwr 2023-08-20 12:12:13,555 | server.py:215 | fit_round 3: strategy sampled 8 clients (out of 20)
[2m[36m(launch_and_fit pid=1754897)[0m malloc_consolidate(): invalid chunk size
DEBUG flwr 2023-08-20 12:12:45,915 | server.py:229 | fit_round 3 received 8 results and 0 failures
INFO flwr 2023-08-20 12:12:46,041 | fed_df.py:463 | Performing server side distillation training...
[2m[36m(launch_and_fit pid=1754899)[0m Fitting Client 17
[2m[36m(launch_and_fit pid=1754897)[0m Fitting Client 16
[2m[36m(launch_and_fit pid=1754892)[0m Fitting Client 13
[2m[36m(launch_and_fit pid=1754901)[0m Fitting Client 9
[2m[36m(launch_and_fit pid=1754898)[0m Fitting Client 12
[2m[36m(launch_and_fit pid=1754896)[0m Fitting Client 4
[2m[36m(launch_and_fit pid=1754902)[0m Fitting Client 19
[2m[36m(launch_and_fit pid=1754900)[0m Fitting Client 10
[2m[36m(launch_and_fit pid=1754901)[0m malloc_consolidate(): invalid chunk size
[2m[36m(launch_and_fit pid=1754896)[0m double free or corruption (fasttop)
[2m[36m(launch_and_fit pid=1754900)[0m double free or corruption (fasttop)
[2m[36m(launch_and_fit pid=1754902)[0m double free or corruption (fasttop)
[2m[36m(launch_and_fit pid=1754892)[0m malloc_consolidate(): invalid chunk size
[2m[36m(launch_and_fit pid=1754899)[0m malloc_consolidate(): invalid chunk size
[2m[36m(launch_and_fit pid=1754898)[0m double free or corruption (fasttop)
E0820 12:12:48.165128737 1743977 chttp2_transport.cc:1079]             ipv4:145.136.62.28:37434: Received a GOAWAY with error code ENHANCE_YOUR_CALM and debug data equal to "too_many_pings". Current keepalive time (before throttling): 960000ms
INFO flwr 2023-08-20 12:13:32,394 | fed_df.py:540 | Distillation training stopped at step number : 250
INFO flwr 2023-08-20 12:13:32,394 | fed_df.py:547 | Average fusion training loss : 0.29490926522016525, val accuracy : 0.1170008718395815, best val accuracy : 0.12321999418773612
INFO flwr 2023-08-20 12:13:32,395 | common.py:35 | Avg. local train loss : 4.791267125308514, train acc : 0.6819203596660243
INFO flwr 2023-08-20 12:13:35,331 | server.py:116 | fit progress: (3, 4.664606549901037, {'server_test_acc': 0.13167960400494994}, 266.0906334100291)
INFO flwr 2023-08-20 12:13:35,331 | server.py:163 | evaluate_round 3: no clients selected, cancel
DEBUG flwr 2023-08-20 12:13:40,646 | server.py:215 | fit_round 4: strategy sampled 8 clients (out of 20)
[2m[36m(launch_and_fit pid=1887520)[0m malloc_consolidate(): invalid chunk size
DEBUG flwr 2023-08-20 12:14:14,216 | server.py:229 | fit_round 4 received 8 results and 0 failures
INFO flwr 2023-08-20 12:14:14,344 | fed_df.py:463 | Performing server side distillation training...
[2m[36m(launch_and_fit pid=1887526)[0m Fitting Client 4
[2m[36m(launch_and_fit pid=1887523)[0m Fitting Client 3
[2m[36m(launch_and_fit pid=1887520)[0m Fitting Client 19
[2m[36m(launch_and_fit pid=1887524)[0m Fitting Client 12
[2m[36m(launch_and_fit pid=1887525)[0m Fitting Client 0
[2m[36m(launch_and_fit pid=1887527)[0m Fitting Client 9
[2m[36m(launch_and_fit pid=1887518)[0m Fitting Client 11
[2m[36m(launch_and_fit pid=1887521)[0m Fitting Client 8
[2m[36m(launch_and_fit pid=1887525)[0m malloc_consolidate(): invalid chunk size
[2m[36m(launch_and_fit pid=1887518)[0m malloc_consolidate(): invalid chunk size
E0820 12:14:15.531535555 1937907 chttp2_transport.cc:1079]             ipv4:145.136.62.28:37434: Received a GOAWAY with error code ENHANCE_YOUR_CALM and debug data equal to "too_many_pings". Current keepalive time (before throttling): 1920000ms
[2m[36m(launch_and_fit pid=1887523)[0m double free or corruption (fasttop)
[2m[36m(launch_and_fit pid=1887524)[0m malloc_consolidate(): invalid chunk size
[2m[36m(launch_and_fit pid=1887526)[0m malloc_consolidate(): invalid chunk size
[2m[36m(launch_and_fit pid=1887527)[0m malloc_consolidate(): invalid chunk size
[2m[36m(launch_and_fit pid=1887521)[0m malloc_consolidate(): invalid chunk size
INFO flwr 2023-08-20 12:15:01,208 | fed_df.py:540 | Distillation training stopped at step number : 250
INFO flwr 2023-08-20 12:15:01,209 | fed_df.py:547 | Average fusion training loss : 0.472545294880867, val accuracy : 0.18081952920662597, best val accuracy : 0.18337692531240918
INFO flwr 2023-08-20 12:15:01,210 | common.py:35 | Avg. local train loss : 5.739222794026137, train acc : 0.5726637764932563
E0820 12:15:03.807979879 1938579 chttp2_transport.cc:1079]             ipv4:145.136.62.28:37434: Received a GOAWAY with error code ENHANCE_YOUR_CALM and debug data equal to "too_many_pings". Current keepalive time (before throttling): 3840000ms
INFO flwr 2023-08-20 12:15:04,234 | server.py:116 | fit progress: (4, 4.911127703921279, {'server_test_acc': 0.17763527955900552}, 354.99336430523545)
INFO flwr 2023-08-20 12:15:04,234 | server.py:163 | evaluate_round 4: no clients selected, cancel
DEBUG flwr 2023-08-20 12:15:09,554 | server.py:215 | fit_round 5: strategy sampled 8 clients (out of 20)
DEBUG flwr 2023-08-20 12:15:43,127 | server.py:229 | fit_round 5 received 8 results and 0 failures
INFO flwr 2023-08-20 12:15:43,233 | fed_df.py:365 | Warm start at round 5
[2m[36m(launch_and_fit pid=2020660)[0m double free or corruption (fasttop)
INFO flwr 2023-08-20 12:15:43,313 | fed_df.py:463 | Performing server side distillation training...
[2m[36m(launch_and_fit pid=2020651)[0m Fitting Client 17
[2m[36m(launch_and_fit pid=2020661)[0m Fitting Client 14
[2m[36m(launch_and_fit pid=2020657)[0m Fitting Client 2
[2m[36m(launch_and_fit pid=2020659)[0m Fitting Client 19
[2m[36m(launch_and_fit pid=2020660)[0m Fitting Client 6
[2m[36m(launch_and_fit pid=2020653)[0m Fitting Client 11
[2m[36m(launch_and_fit pid=2020658)[0m Fitting Client 7
[2m[36m(launch_and_fit pid=2020656)[0m Fitting Client 9
[2m[36m(launch_and_fit pid=2020651)[0m double free or corruption (fasttop)
[2m[36m(launch_and_fit pid=2020661)[0m malloc_consolidate(): invalid chunk size
[2m[36m(launch_and_fit pid=2020659)[0m malloc_consolidate(): invalid chunk size
[2m[36m(launch_and_fit pid=2020653)[0m double free or corruption (fasttop)
[2m[36m(launch_and_fit pid=2020656)[0m corrupted size vs. prev_size in fastbins
[2m[36m(launch_and_fit pid=2020658)[0m malloc_consolidate(): invalid chunk size
[2m[36m(launch_and_fit pid=2020657)[0m double free or corruption (fasttop)
E0820 12:15:45.678250485 2074244 chttp2_transport.cc:1079]             ipv4:145.136.62.28:37434: Received a GOAWAY with error code ENHANCE_YOUR_CALM and debug data equal to "too_many_pings". Current keepalive time (before throttling): 7680000ms
INFO flwr 2023-08-20 12:16:30,149 | fed_df.py:540 | Distillation training stopped at step number : 250
INFO flwr 2023-08-20 12:16:30,149 | fed_df.py:547 | Average fusion training loss : 0.3013559536933899, val accuracy : 0.25300784655623365, best val accuracy : 0.3150247021214763
INFO flwr 2023-08-20 12:16:30,150 | common.py:35 | Avg. local train loss : 5.505046785622835, train acc : 0.6094813744380219
INFO flwr 2023-08-20 12:16:33,293 | server.py:116 | fit progress: (5, 5.360919486766914, {'server_test_acc': 0.2815277309033637}, 444.0526168672368)
INFO flwr 2023-08-20 12:16:33,293 | server.py:163 | evaluate_round 5: no clients selected, cancel
DEBUG flwr 2023-08-20 12:16:38,620 | server.py:215 | fit_round 6: strategy sampled 8 clients (out of 20)
DEBUG flwr 2023-08-20 12:17:10,994 | server.py:229 | fit_round 6 received 8 results and 0 failures
INFO flwr 2023-08-20 12:17:11,128 | fed_df.py:463 | Performing server side distillation training...
[2m[36m(launch_and_fit pid=2153231)[0m Fitting Client 8
[2m[36m(launch_and_fit pid=2153233)[0m Fitting Client 10
[2m[36m(launch_and_fit pid=2153228)[0m Fitting Client 19
[2m[36m(launch_and_fit pid=2153236)[0m Fitting Client 15
[2m[36m(launch_and_fit pid=2153235)[0m Fitting Client 17
[2m[36m(launch_and_fit pid=2153238)[0m Fitting Client 7
[2m[36m(launch_and_fit pid=2153237)[0m Fitting Client 4
[2m[36m(launch_and_fit pid=2153226)[0m Fitting Client 18
[2m[36m(launch_and_fit pid=2153235)[0m malloc_consolidate(): invalid chunk size
[2m[36m(launch_and_fit pid=2153236)[0m double free or corruption (fasttop)
[2m[36m(launch_and_fit pid=2153237)[0m double free or corruption (fasttop)
[2m[36m(launch_and_fit pid=2153231)[0m malloc_consolidate(): invalid chunk size
[2m[36m(launch_and_fit pid=2153238)[0m malloc_consolidate(): invalid chunk size
[2m[36m(launch_and_fit pid=2153233)[0m malloc_consolidate(): invalid chunk size
[2m[36m(launch_and_fit pid=2153226)[0m malloc_consolidate(): invalid chunk size
[2m[36m(launch_and_fit pid=2153228)[0m corrupted size vs. prev_size in fastbins
E0820 12:17:14.816212334 2074814 chttp2_transport.cc:1079]             ipv4:145.136.62.28:37434: Received a GOAWAY with error code ENHANCE_YOUR_CALM and debug data equal to "too_many_pings". Current keepalive time (before throttling): 15360000ms
E0820 12:17:38.711286527 2250161 chttp2_transport.cc:1079]             ipv4:145.136.62.28:37434: Received a GOAWAY with error code ENHANCE_YOUR_CALM and debug data equal to "too_many_pings". Current keepalive time (before throttling): 30720000ms
INFO flwr 2023-08-20 12:17:58,104 | fed_df.py:540 | Distillation training stopped at step number : 250
INFO flwr 2023-08-20 12:17:58,104 | fed_df.py:547 | Average fusion training loss : 0.2826928367614746, val accuracy : 0.2538215634989828, best val accuracy : 0.2673641383318803
INFO flwr 2023-08-20 12:17:58,105 | common.py:35 | Avg. local train loss : 4.964312813431025, train acc : 0.6744701348747592
INFO flwr 2023-08-20 12:18:01,065 | server.py:116 | fit progress: (6, 4.320425554769677, {'server_test_acc': 0.2525593430082124}, 531.8241986953653)
INFO flwr 2023-08-20 12:18:01,065 | server.py:163 | evaluate_round 6: no clients selected, cancel
DEBUG flwr 2023-08-20 12:18:06,436 | server.py:215 | fit_round 7: strategy sampled 8 clients (out of 20)
[2m[36m(launch_and_fit pid=2286121)[0m double free or corruption (fasttop)
DEBUG flwr 2023-08-20 12:18:38,907 | server.py:229 | fit_round 7 received 8 results and 0 failures
INFO flwr 2023-08-20 12:18:39,036 | fed_df.py:463 | Performing server side distillation training...
[2m[36m(launch_and_fit pid=2286127)[0m Fitting Client 3
[2m[36m(launch_and_fit pid=2286121)[0m Fitting Client 0
[2m[36m(launch_and_fit pid=2286123)[0m Fitting Client 12
[2m[36m(launch_and_fit pid=2286126)[0m Fitting Client 19
[2m[36m(launch_and_fit pid=2286128)[0m Fitting Client 2
[2m[36m(launch_and_fit pid=2286130)[0m Fitting Client 4
[2m[36m(launch_and_fit pid=2286129)[0m Fitting Client 15
[2m[36m(launch_and_fit pid=2286125)[0m Fitting Client 8
[2m[36m(launch_and_fit pid=2286127)[0m malloc_consolidate(): invalid chunk size
E0820 12:18:39.607274307 2251060 chttp2_transport.cc:1079]             ipv4:145.136.62.28:37434: Received a GOAWAY with error code ENHANCE_YOUR_CALM and debug data equal to "too_many_pings". Current keepalive time (before throttling): 61440000ms
[2m[36m(launch_and_fit pid=2286123)[0m malloc_consolidate(): invalid chunk size
[2m[36m(launch_and_fit pid=2286126)[0m double free or corruption (fasttop)
[2m[36m(launch_and_fit pid=2286125)[0m malloc_consolidate(): invalid chunk size
[2m[36m(launch_and_fit pid=2286128)[0m double free or corruption (fasttop)
[2m[36m(launch_and_fit pid=2286130)[0m double free or corruption (fasttop)
[2m[36m(launch_and_fit pid=2286129)[0m double free or corruption (fasttop)
E0820 12:18:41.135036698 2339054 chttp2_transport.cc:1079]             ipv4:145.136.62.28:37434: Received a GOAWAY with error code ENHANCE_YOUR_CALM and debug data equal to "too_many_pings". Current keepalive time (before throttling): 122880000ms
INFO flwr 2023-08-20 12:19:26,346 | fed_df.py:540 | Distillation training stopped at step number : 250
INFO flwr 2023-08-20 12:19:26,346 | fed_df.py:547 | Average fusion training loss : 0.22612590897083282, val accuracy : 0.26027317640220865, best val accuracy : 0.3263586166811973
INFO flwr 2023-08-20 12:19:26,347 | common.py:35 | Avg. local train loss : 5.604574009031057, train acc : 0.6132225433526012
INFO flwr 2023-08-20 12:19:29,294 | server.py:116 | fit progress: (7, 3.360337252986486, {'server_test_acc': 0.3089773877826527}, 620.053275202401)
INFO flwr 2023-08-20 12:19:29,294 | server.py:163 | evaluate_round 7: no clients selected, cancel
DEBUG flwr 2023-08-20 12:19:34,752 | server.py:215 | fit_round 8: strategy sampled 8 clients (out of 20)
DEBUG flwr 2023-08-20 12:20:06,500 | server.py:229 | fit_round 8 received 8 results and 0 failures
INFO flwr 2023-08-20 12:20:06,628 | fed_df.py:463 | Performing server side distillation training...
[2m[36m(launch_and_fit pid=2418768)[0m Fitting Client 14
[2m[36m(launch_and_fit pid=2418775)[0m Fitting Client 19
[2m[36m(launch_and_fit pid=2418778)[0m Fitting Client 4
[2m[36m(launch_and_fit pid=2418769)[0m Fitting Client 5
[2m[36m(launch_and_fit pid=2418774)[0m Fitting Client 7
[2m[36m(launch_and_fit pid=2418776)[0m Fitting Client 13
[2m[36m(launch_and_fit pid=2418771)[0m Fitting Client 15
[2m[36m(launch_and_fit pid=2418777)[0m Fitting Client 9
[2m[36m(launch_and_fit pid=2418768)[0m malloc_consolidate(): invalid chunk size
[2m[36m(launch_and_fit pid=2418769)[0m double free or corruption (fasttop)
[2m[36m(launch_and_fit pid=2418778)[0m malloc_consolidate(): invalid chunk size
[2m[36m(launch_and_fit pid=2418771)[0m malloc_consolidate(): invalid chunk size
[2m[36m(launch_and_fit pid=2418774)[0m double free or corruption (fasttop)
[2m[36m(launch_and_fit pid=2418777)[0m malloc_consolidate(): invalid chunk size
[2m[36m(launch_and_fit pid=2418776)[0m double free or corruption (fasttop)
[2m[36m(launch_and_fit pid=2418775)[0m malloc_consolidate(): invalid chunk size
E0820 12:20:08.990291416 2474351 chttp2_transport.cc:1079]             ipv4:145.136.62.28:37434: Received a GOAWAY with error code ENHANCE_YOUR_CALM and debug data equal to "too_many_pings". Current keepalive time (before throttling): 245760000ms
INFO flwr 2023-08-20 12:20:53,882 | fed_df.py:540 | Distillation training stopped at step number : 250
INFO flwr 2023-08-20 12:20:53,882 | fed_df.py:547 | Average fusion training loss : 0.2649673776626587, val accuracy : 0.3800058122638768, best val accuracy : 0.3929090380703284
INFO flwr 2023-08-20 12:20:53,883 | common.py:35 | Avg. local train loss : 5.640735210478305, train acc : 0.5872109826589595
INFO flwr 2023-08-20 12:20:56,880 | server.py:116 | fit progress: (8, 4.515947101381448, {'server_test_acc': 0.36893913826077174}, 707.6393607961945)
INFO flwr 2023-08-20 12:20:56,880 | server.py:163 | evaluate_round 8: no clients selected, cancel
DEBUG flwr 2023-08-20 12:21:02,356 | server.py:215 | fit_round 9: strategy sampled 8 clients (out of 20)
[2m[36m(launch_and_fit pid=2551405)[0m double free or corruption (fasttop)
[2m[36m(launch_and_fit pid=2551413)[0m malloc_consolidate(): invalid chunk size
DEBUG flwr 2023-08-20 12:21:35,818 | server.py:229 | fit_round 9 received 8 results and 0 failures
INFO flwr 2023-08-20 12:21:35,947 | fed_df.py:463 | Performing server side distillation training...
[2m[36m(launch_and_fit pid=2551409)[0m Fitting Client 18
[2m[36m(launch_and_fit pid=2551410)[0m Fitting Client 2
[2m[36m(launch_and_fit pid=2551414)[0m Fitting Client 19
[2m[36m(launch_and_fit pid=2551413)[0m Fitting Client 4
[2m[36m(launch_and_fit pid=2551405)[0m Fitting Client 3
[2m[36m(launch_and_fit pid=2551412)[0m Fitting Client 13
[2m[36m(launch_and_fit pid=2551415)[0m Fitting Client 16
[2m[36m(launch_and_fit pid=2551411)[0m Fitting Client 5
[2m[36m(launch_and_fit pid=2551415)[0m malloc_consolidate(): invalid chunk size
[2m[36m(launch_and_fit pid=2551414)[0m malloc_consolidate(): invalid chunk size
[2m[36m(launch_and_fit pid=2551412)[0m double free or corruption (fasttop)
[2m[36m(launch_and_fit pid=2551409)[0m double free or corruption (fasttop)
[2m[36m(launch_and_fit pid=2551410)[0m malloc_consolidate(): invalid chunk size
[2m[36m(launch_and_fit pid=2551411)[0m malloc_consolidate(): invalid chunk size
E0820 12:22:21.716846488 2676430 chttp2_transport.cc:1079]             ipv4:145.136.62.28:37434: Received a GOAWAY with error code ENHANCE_YOUR_CALM and debug data equal to "too_many_pings". Current keepalive time (before throttling): 491520000ms
INFO flwr 2023-08-20 12:22:23,124 | fed_df.py:540 | Distillation training stopped at step number : 250
INFO flwr 2023-08-20 12:22:23,124 | fed_df.py:547 | Average fusion training loss : 0.19095970958471298, val accuracy : 0.399128160418483, best val accuracy : 0.46236559139784944
INFO flwr 2023-08-20 12:22:23,125 | common.py:35 | Avg. local train loss : 5.079834794253111, train acc : 0.6662251123956326
INFO flwr 2023-08-20 12:22:26,102 | server.py:116 | fit progress: (9, 3.29196505160873, {'server_test_acc': 0.4287321408482394}, 796.8611575253308)
INFO flwr 2023-08-20 12:22:26,102 | server.py:163 | evaluate_round 9: no clients selected, cancel
DEBUG flwr 2023-08-20 12:22:31,693 | server.py:215 | fit_round 10: strategy sampled 8 clients (out of 20)
[2m[36m(launch_and_fit pid=2684085)[0m malloc_consolidate(): invalid chunk size
[2m[36m(launch_and_fit pid=2684089)[0m malloc_consolidate(): invalid chunk size
DEBUG flwr 2023-08-20 12:23:03,205 | server.py:229 | fit_round 10 received 8 results and 0 failures
INFO flwr 2023-08-20 12:23:03,314 | fed_df.py:365 | Warm start at round 10
INFO flwr 2023-08-20 12:23:03,393 | fed_df.py:463 | Performing server side distillation training...
[2m[36m(launch_and_fit pid=2684085)[0m Fitting Client 13
[2m[36m(launch_and_fit pid=2684090)[0m Fitting Client 10
[2m[36m(launch_and_fit pid=2684092)[0m Fitting Client 0
[2m[36m(launch_and_fit pid=2684089)[0m Fitting Client 5
[2m[36m(launch_and_fit pid=2684095)[0m Fitting Client 19
[2m[36m(launch_and_fit pid=2684093)[0m Fitting Client 9
[2m[36m(launch_and_fit pid=2684094)[0m Fitting Client 7
[2m[36m(launch_and_fit pid=2684091)[0m Fitting Client 1
[2m[36m(launch_and_fit pid=2684094)[0m malloc_consolidate(): invalid chunk size
[2m[36m(launch_and_fit pid=2684092)[0m double free or corruption (fasttop)
[2m[36m(launch_and_fit pid=2684093)[0m double free or corruption (fasttop)
E0820 12:23:04.272122978 2679438 chttp2_transport.cc:1079]             ipv4:145.136.62.28:37434: Received a GOAWAY with error code ENHANCE_YOUR_CALM and debug data equal to "too_many_pings". Current keepalive time (before throttling): 983040000ms
[2m[36m(launch_and_fit pid=2684095)[0m malloc_consolidate(): invalid chunk size
[2m[36m(launch_and_fit pid=2684090)[0m double free or corruption (fasttop)
[2m[36m(launch_and_fit pid=2684091)[0m malloc_consolidate(): invalid chunk size
E0820 12:23:09.973054108 2743129 chttp2_transport.cc:1079]             ipv4:145.136.62.28:37434: Received a GOAWAY with error code ENHANCE_YOUR_CALM and debug data equal to "too_many_pings". Current keepalive time (before throttling): 1966080000ms
INFO flwr 2023-08-20 12:23:51,370 | fed_df.py:540 | Distillation training stopped at step number : 250
INFO flwr 2023-08-20 12:23:51,370 | fed_df.py:547 | Average fusion training loss : 0.12378677201271057, val accuracy : 0.5174077303109562, best val accuracy : 0.5347282766637605
INFO flwr 2023-08-20 12:23:51,371 | common.py:35 | Avg. local train loss : 5.0206684865057465, train acc : 0.6692919075144509
INFO flwr 2023-08-20 12:23:54,383 | server.py:116 | fit progress: (10, 3.557588561606603, {'server_test_acc': 0.48655641804477445}, 885.1421713773161)
INFO flwr 2023-08-20 12:23:54,383 | server.py:163 | evaluate_round 10: no clients selected, cancel
DEBUG flwr 2023-08-20 12:24:00,177 | server.py:215 | fit_round 11: strategy sampled 8 clients (out of 20)
DEBUG flwr 2023-08-20 12:24:31,779 | server.py:229 | fit_round 11 received 8 results and 0 failures
INFO flwr 2023-08-20 12:24:31,909 | fed_df.py:463 | Performing server side distillation training...
[2m[36m(launch_and_fit pid=2844456)[0m Fitting Client 3
[2m[36m(launch_and_fit pid=2844450)[0m Fitting Client 13
[2m[36m(launch_and_fit pid=2844465)[0m Fitting Client 0
[2m[36m(launch_and_fit pid=2844459)[0m Fitting Client 16
[2m[36m(launch_and_fit pid=2844458)[0m Fitting Client 6
[2m[36m(launch_and_fit pid=2844464)[0m Fitting Client 5
[2m[36m(launch_and_fit pid=2844457)[0m Fitting Client 11
[2m[36m(launch_and_fit pid=2844463)[0m Fitting Client 14
[2m[36m(launch_and_fit pid=2844464)[0m malloc_consolidate(): invalid chunk size
[2m[36m(launch_and_fit pid=2844456)[0m malloc_consolidate(): invalid chunk size
[2m[36m(launch_and_fit pid=2844450)[0m double free or corruption (fasttop)
[2m[36m(launch_and_fit pid=2844458)[0m malloc_consolidate(): invalid chunk size
[2m[36m(launch_and_fit pid=2844459)[0m malloc_consolidate(): invalid chunk size
[2m[36m(launch_and_fit pid=2844465)[0m double free or corruption (fasttop)
[2m[36m(launch_and_fit pid=2844457)[0m double free or corruption (fasttop)
[2m[36m(launch_and_fit pid=2844463)[0m malloc_consolidate(): invalid chunk size
E0820 12:24:34.213257040 2754413 chttp2_transport.cc:1079]             ipv4:145.136.62.28:37434: Received a GOAWAY with error code ENHANCE_YOUR_CALM and debug data equal to "too_many_pings". Current keepalive time (before throttling): ∞
E0820 12:25:15.590687958 2970142 chttp2_transport.cc:1079]             ipv4:145.136.62.28:37434: Received a GOAWAY with error code ENHANCE_YOUR_CALM and debug data equal to "too_many_pings". Current keepalive time (before throttling): ∞
INFO flwr 2023-08-20 12:25:19,462 | fed_df.py:540 | Distillation training stopped at step number : 250
INFO flwr 2023-08-20 12:25:19,462 | fed_df.py:547 | Average fusion training loss : 0.14493586301803588, val accuracy : 0.5185701830863122, best val accuracy : 0.5469340308049986
INFO flwr 2023-08-20 12:25:19,463 | common.py:35 | Avg. local train loss : 5.012291388213635, train acc : 0.6667870905587668
INFO flwr 2023-08-20 12:25:22,477 | server.py:116 | fit progress: (11, 2.3101967931638647, {'server_test_acc': 0.47615029812127346}, 973.2364006503485)
INFO flwr 2023-08-20 12:25:22,477 | server.py:163 | evaluate_round 11: no clients selected, cancel
DEBUG flwr 2023-08-20 12:25:27,889 | server.py:215 | fit_round 12: strategy sampled 8 clients (out of 20)
[2m[36m(launch_and_fit pid=2978150)[0m malloc_consolidate(): invalid chunk size
[2m[36m(launch_and_fit pid=2978143)[0m malloc_consolidate(): invalid chunk size
DEBUG flwr 2023-08-20 12:25:59,178 | server.py:229 | fit_round 12 received 8 results and 0 failures
INFO flwr 2023-08-20 12:25:59,309 | fed_df.py:463 | Performing server side distillation training...
[2m[36m(launch_and_fit pid=2978147)[0m Fitting Client 5
[2m[36m(launch_and_fit pid=2978150)[0m Fitting Client 18
[2m[36m(launch_and_fit pid=2978143)[0m Fitting Client 0
[2m[36m(launch_and_fit pid=2978145)[0m Fitting Client 3
[2m[36m(launch_and_fit pid=2978142)[0m Fitting Client 14
[2m[36m(launch_and_fit pid=2978149)[0m Fitting Client 1
[2m[36m(launch_and_fit pid=2978148)[0m Fitting Client 8
[2m[36m(launch_and_fit pid=2978146)[0m Fitting Client 17
[2m[36m(launch_and_fit pid=2978147)[0m double free or corruption (fasttop)
E0820 12:25:59.939830266 2971084 chttp2_transport.cc:1079]             ipv4:145.136.62.28:37434: Received a GOAWAY with error code ENHANCE_YOUR_CALM and debug data equal to "too_many_pings". Current keepalive time (before throttling): ∞
[2m[36m(launch_and_fit pid=2978149)[0m malloc_consolidate(): invalid chunk size
[2m[36m(launch_and_fit pid=2978148)[0m malloc_consolidate(): invalid chunk size
[2m[36m(launch_and_fit pid=2978145)[0m malloc_consolidate(): invalid chunk size
[2m[36m(launch_and_fit pid=2978142)[0m double free or corruption (fasttop)
[2m[36m(launch_and_fit pid=2978146)[0m malloc_consolidate(): invalid chunk size
INFO flwr 2023-08-20 12:26:46,931 | fed_df.py:540 | Distillation training stopped at step number : 250
INFO flwr 2023-08-20 12:26:46,931 | fed_df.py:547 | Average fusion training loss : 0.15511076390743256, val accuracy : 0.4284219703574542, best val accuracy : 0.4455100261551874
INFO flwr 2023-08-20 12:26:46,932 | common.py:35 | Avg. local train loss : 4.631413388252258, train acc : 0.7217084136159281
INFO flwr 2023-08-20 12:26:50,000 | server.py:116 | fit progress: (12, 3.1424606345557886, {'server_test_acc': 0.4058386770165373}, 1060.759924007114)
INFO flwr 2023-08-20 12:26:50,001 | server.py:163 | evaluate_round 12: no clients selected, cancel
DEBUG flwr 2023-08-20 12:26:55,462 | server.py:215 | fit_round 13: strategy sampled 8 clients (out of 20)
[2m[36m(launch_and_fit pid=3110689)[0m malloc_consolidate(): invalid chunk size
[2m[36m(launch_and_fit pid=3110690)[0m double free or corruption (fasttop)
DEBUG flwr 2023-08-20 12:27:27,341 | server.py:229 | fit_round 13 received 8 results and 0 failures
INFO flwr 2023-08-20 12:27:27,469 | fed_df.py:463 | Performing server side distillation training...
[2m[36m(launch_and_fit pid=3110689)[0m Fitting Client 7
[2m[36m(launch_and_fit pid=3110690)[0m Fitting Client 14
[2m[36m(launch_and_fit pid=3110683)[0m Fitting Client 19
[2m[36m(launch_and_fit pid=3110685)[0m Fitting Client 11
[2m[36m(launch_and_fit pid=3110686)[0m Fitting Client 18
[2m[36m(launch_and_fit pid=3110688)[0m Fitting Client 0
[2m[36m(launch_and_fit pid=3110691)[0m Fitting Client 5
[2m[36m(launch_and_fit pid=3110687)[0m Fitting Client 3
[2m[36m(launch_and_fit pid=3110687)[0m malloc_consolidate(): invalid chunk size
[2m[36m(launch_and_fit pid=3110685)[0m malloc_consolidate(): invalid chunk size
[2m[36m(launch_and_fit pid=3110686)[0m malloc_consolidate(): invalid chunk size
[2m[36m(launch_and_fit pid=3110688)[0m malloc_consolidate(): invalid chunk size
[2m[36m(launch_and_fit pid=3110683)[0m malloc_consolidate(): invalid chunk size
[2m[36m(launch_and_fit pid=3110691)[0m double free or corruption (fasttop)
E0820 12:27:30.929993445 3034301 chttp2_transport.cc:1079]             ipv4:145.136.62.28:37434: Received a GOAWAY with error code ENHANCE_YOUR_CALM and debug data equal to "too_many_pings". Current keepalive time (before throttling): ∞
INFO flwr 2023-08-20 12:28:15,007 | fed_df.py:540 | Distillation training stopped at step number : 250
INFO flwr 2023-08-20 12:28:15,007 | fed_df.py:547 | Average fusion training loss : 0.22233930492401124, val accuracy : 0.4352223190932868, best val accuracy : 0.4455100261551874
INFO flwr 2023-08-20 12:28:15,008 | common.py:35 | Avg. local train loss : 4.692509939521551, train acc : 0.709625883108542
INFO flwr 2023-08-20 12:28:18,026 | server.py:116 | fit progress: (13, 3.3549846435025032, {'server_test_acc': 0.4116323545955676}, 1148.7855061721057)
INFO flwr 2023-08-20 12:28:18,026 | server.py:163 | evaluate_round 13: no clients selected, cancel
DEBUG flwr 2023-08-20 12:28:23,442 | server.py:215 | fit_round 14: strategy sampled 8 clients (out of 20)
[2m[36m(launch_and_fit pid=3243251)[0m double free or corruption (fasttop)
DEBUG flwr 2023-08-20 12:28:54,959 | server.py:229 | fit_round 14 received 8 results and 0 failures
INFO flwr 2023-08-20 12:28:55,089 | fed_df.py:463 | Performing server side distillation training...
[2m[36m(launch_and_fit pid=3243251)[0m Fitting Client 4
[2m[36m(launch_and_fit pid=3243246)[0m Fitting Client 9
[2m[36m(launch_and_fit pid=3243247)[0m Fitting Client 16
[2m[36m(launch_and_fit pid=3243253)[0m Fitting Client 14
[2m[36m(launch_and_fit pid=3243249)[0m Fitting Client 3
[2m[36m(launch_and_fit pid=3243250)[0m Fitting Client 10
[2m[36m(launch_and_fit pid=3243248)[0m Fitting Client 8
[2m[36m(launch_and_fit pid=3243254)[0m Fitting Client 18
[2m[36m(launch_and_fit pid=3243253)[0m double free or corruption (fasttop)
[2m[36m(launch_and_fit pid=3243249)[0m malloc_consolidate(): invalid chunk size
[2m[36m(launch_and_fit pid=3243254)[0m malloc_consolidate(): invalid chunk size
[2m[36m(launch_and_fit pid=3243246)[0m double free or corruption (fasttop)
[2m[36m(launch_and_fit pid=3243250)[0m malloc_consolidate(): invalid chunk size
[2m[36m(launch_and_fit pid=3243248)[0m double free or corruption (fasttop)
[2m[36m(launch_and_fit pid=3243247)[0m double free or corruption (fasttop)
E0820 12:28:57.092999626 3172132 chttp2_transport.cc:1079]             ipv4:145.136.62.28:37434: Received a GOAWAY with error code ENHANCE_YOUR_CALM and debug data equal to "too_many_pings". Current keepalive time (before throttling): ∞
INFO flwr 2023-08-20 12:29:42,886 | fed_df.py:540 | Distillation training stopped at step number : 250
INFO flwr 2023-08-20 12:29:42,886 | fed_df.py:547 | Average fusion training loss : 0.2573298149108887, val accuracy : 0.3329845975007265, best val accuracy : 0.36239465271723337
INFO flwr 2023-08-20 12:29:42,887 | common.py:35 | Avg. local train loss : 4.905868129432202, train acc : 0.6853403982016697
INFO flwr 2023-08-20 12:29:45,898 | server.py:116 | fit progress: (14, 3.2363926620045667, {'server_test_acc': 0.3591517606029925}, 1236.6576553289779)
INFO flwr 2023-08-20 12:29:45,898 | server.py:163 | evaluate_round 14: no clients selected, cancel
DEBUG flwr 2023-08-20 12:29:51,335 | server.py:215 | fit_round 15: strategy sampled 8 clients (out of 20)
DEBUG flwr 2023-08-20 12:30:22,296 | server.py:229 | fit_round 15 received 8 results and 0 failures
INFO flwr 2023-08-20 12:30:22,404 | fed_df.py:365 | Warm start at round 15
INFO flwr 2023-08-20 12:30:22,483 | fed_df.py:463 | Performing server side distillation training...
[2m[36m(launch_and_fit pid=3375668)[0m Fitting Client 15
[2m[36m(launch_and_fit pid=3375672)[0m Fitting Client 1
[2m[36m(launch_and_fit pid=3375670)[0m Fitting Client 12
[2m[36m(launch_and_fit pid=3375667)[0m Fitting Client 7
[2m[36m(launch_and_fit pid=3375664)[0m Fitting Client 8
[2m[36m(launch_and_fit pid=3375673)[0m Fitting Client 14
[2m[36m(launch_and_fit pid=3375669)[0m Fitting Client 5
[2m[36m(launch_and_fit pid=3375671)[0m Fitting Client 18
[2m[36m(launch_and_fit pid=3375664)[0m double free or corruption (fasttop)
[2m[36m(launch_and_fit pid=3375667)[0m double free or corruption (fasttop)
[2m[36m(launch_and_fit pid=3375668)[0m corrupted size vs. prev_size in fastbins
[2m[36m(launch_and_fit pid=3375670)[0m double free or corruption (fasttop)
[2m[36m(launch_and_fit pid=3375673)[0m malloc_consolidate(): invalid chunk size
[2m[36m(launch_and_fit pid=3375671)[0m malloc_consolidate(): invalid chunk size
[2m[36m(launch_and_fit pid=3375672)[0m double free or corruption (fasttop)
[2m[36m(launch_and_fit pid=3375669)[0m malloc_consolidate(): invalid chunk size
INFO flwr 2023-08-20 12:31:10,144 | fed_df.py:540 | Distillation training stopped at step number : 250
INFO flwr 2023-08-20 12:31:10,145 | fed_df.py:547 | Average fusion training loss : 0.1560344781279564, val accuracy : 0.5707643126997965, best val accuracy : 0.5928509154315605
INFO flwr 2023-08-20 12:31:10,145 | common.py:35 | Avg. local train loss : 5.139590702205895, train acc : 0.6513648041104688
INFO flwr 2023-08-20 12:31:13,217 | server.py:116 | fit progress: (15, 2.344803761089461, {'server_test_acc': 0.5340870739115761}, 1323.9761073039845)
INFO flwr 2023-08-20 12:31:13,217 | server.py:163 | evaluate_round 15: no clients selected, cancel
DEBUG flwr 2023-08-20 12:31:18,733 | server.py:215 | fit_round 16: strategy sampled 8 clients (out of 20)
[2m[36m(launch_and_fit pid=3508436)[0m double free or corruption (fasttop)
DEBUG flwr 2023-08-20 12:31:50,577 | server.py:229 | fit_round 16 received 8 results and 0 failures
INFO flwr 2023-08-20 12:31:50,707 | fed_df.py:463 | Performing server side distillation training...
[2m[36m(launch_and_fit pid=3508437)[0m Fitting Client 9
[2m[36m(launch_and_fit pid=3508435)[0m Fitting Client 18
[2m[36m(launch_and_fit pid=3508430)[0m Fitting Client 11
[2m[36m(launch_and_fit pid=3508434)[0m Fitting Client 12
[2m[36m(launch_and_fit pid=3508436)[0m Fitting Client 7
[2m[36m(launch_and_fit pid=3508431)[0m Fitting Client 17
[2m[36m(launch_and_fit pid=3508438)[0m Fitting Client 15
[2m[36m(launch_and_fit pid=3508428)[0m Fitting Client 10
[2m[36m(launch_and_fit pid=3508431)[0m malloc_consolidate(): invalid chunk size
[2m[36m(launch_and_fit pid=3508438)[0m double free or corruption (fasttop)
[2m[36m(launch_and_fit pid=3508437)[0m malloc_consolidate(): invalid chunk size
[2m[36m(launch_and_fit pid=3508434)[0m double free or corruption (fasttop)
[2m[36m(launch_and_fit pid=3508430)[0m malloc_consolidate(): invalid chunk size
[2m[36m(launch_and_fit pid=3508428)[0m malloc_consolidate(): invalid chunk size
[2m[36m(launch_and_fit pid=3508435)[0m double free or corruption (fasttop)
INFO flwr 2023-08-20 12:32:43,273 | fed_df.py:540 | Distillation training stopped at step number : 250
INFO flwr 2023-08-20 12:32:43,274 | fed_df.py:547 | Average fusion training loss : 0.39318922626972197, val accuracy : 0.18482999128160418, best val accuracy : 0.3010752688172043
INFO flwr 2023-08-20 12:32:43,274 | common.py:35 | Avg. local train loss : 4.394601783156395, train acc : 0.7578195247270392
INFO flwr 2023-08-20 12:32:46,325 | server.py:116 | fit progress: (16, 3.2494738232581173, {'server_test_acc': 0.28546518168522894}, 1417.0843451903202)
INFO flwr 2023-08-20 12:32:46,325 | server.py:163 | evaluate_round 16: no clients selected, cancel
DEBUG flwr 2023-08-20 12:32:51,916 | server.py:215 | fit_round 17: strategy sampled 8 clients (out of 20)
[2m[36m(launch_and_fit pid=3644862)[0m double free or corruption (fasttop)
DEBUG flwr 2023-08-20 12:33:23,372 | server.py:229 | fit_round 17 received 8 results and 0 failures
INFO flwr 2023-08-20 12:33:23,501 | fed_df.py:463 | Performing server side distillation training...
[2m[36m(launch_and_fit pid=3644859)[0m Fitting Client 17
[2m[36m(launch_and_fit pid=3644853)[0m Fitting Client 15
[2m[36m(launch_and_fit pid=3644862)[0m Fitting Client 14
[2m[36m(launch_and_fit pid=3644860)[0m Fitting Client 0
[2m[36m(launch_and_fit pid=3644855)[0m Fitting Client 1
[2m[36m(launch_and_fit pid=3644858)[0m Fitting Client 9
[2m[36m(launch_and_fit pid=3644863)[0m Fitting Client 11
[2m[36m(launch_and_fit pid=3644861)[0m Fitting Client 16
[2m[36m(launch_and_fit pid=3644860)[0m double free or corruption (fasttop)
[2m[36m(launch_and_fit pid=3644853)[0m malloc_consolidate(): invalid chunk size
[2m[36m(launch_and_fit pid=3644859)[0m malloc_consolidate(): invalid chunk size
[2m[36m(launch_and_fit pid=3644858)[0m malloc_consolidate(): invalid chunk size
[2m[36m(launch_and_fit pid=3644863)[0m malloc_consolidate(): invalid chunk size
[2m[36m(launch_and_fit pid=3644855)[0m double free or corruption (fasttop)
[2m[36m(launch_and_fit pid=3644861)[0m double free or corruption (fasttop)
E0820 12:33:25.584989820 3302324 chttp2_transport.cc:1079]             ipv4:145.136.62.28:37434: Received a GOAWAY with error code ENHANCE_YOUR_CALM and debug data equal to "too_many_pings". Current keepalive time (before throttling): ∞
E0820 12:33:46.639391067 3707504 chttp2_transport.cc:1079]             ipv4:145.136.62.28:37434: Received a GOAWAY with error code ENHANCE_YOUR_CALM and debug data equal to "too_many_pings". Current keepalive time (before throttling): ∞
INFO flwr 2023-08-20 12:34:11,028 | fed_df.py:540 | Distillation training stopped at step number : 250
INFO flwr 2023-08-20 12:34:11,028 | fed_df.py:547 | Average fusion training loss : 0.2226104741692543, val accuracy : 0.47579192095321127, best val accuracy : 0.5143853530950305
INFO flwr 2023-08-20 12:34:11,029 | common.py:35 | Avg. local train loss : 5.05294661745429, train acc : 0.6746949261400129
INFO flwr 2023-08-20 12:34:14,343 | server.py:116 | fit progress: (17, 3.3213769451600115, {'server_test_acc': 0.4660254246821915}, 1505.1021523131058)
INFO flwr 2023-08-20 12:34:14,343 | server.py:163 | evaluate_round 17: no clients selected, cancel
DEBUG flwr 2023-08-20 12:34:19,889 | server.py:215 | fit_round 18: strategy sampled 8 clients (out of 20)
DEBUG flwr 2023-08-20 12:34:51,337 | server.py:229 | fit_round 18 received 8 results and 0 failures
INFO flwr 2023-08-20 12:34:51,468 | fed_df.py:463 | Performing server side distillation training...
[2m[36m(launch_and_fit pid=3780716)[0m Fitting Client 10
[2m[36m(launch_and_fit pid=3780719)[0m Fitting Client 14
[2m[36m(launch_and_fit pid=3780717)[0m Fitting Client 7
[2m[36m(launch_and_fit pid=3780712)[0m Fitting Client 12
[2m[36m(launch_and_fit pid=3780718)[0m Fitting Client 2
[2m[36m(launch_and_fit pid=3780715)[0m Fitting Client 19
[2m[36m(launch_and_fit pid=3780714)[0m Fitting Client 16
[2m[36m(launch_and_fit pid=3780711)[0m Fitting Client 3
[2m[36m(launch_and_fit pid=3780716)[0m malloc_consolidate(): invalid chunk size
[2m[36m(launch_and_fit pid=3780718)[0m malloc_consolidate(): invalid chunk size
[2m[36m(launch_and_fit pid=3780714)[0m malloc_consolidate(): invalid chunk size
[2m[36m(launch_and_fit pid=3780717)[0m double free or corruption (fasttop)
[2m[36m(launch_and_fit pid=3780711)[0m double free or corruption (fasttop)
[2m[36m(launch_and_fit pid=3780715)[0m malloc_consolidate(): invalid chunk size
[2m[36m(launch_and_fit pid=3780719)[0m malloc_consolidate(): invalid chunk size
[2m[36m(launch_and_fit pid=3780712)[0m malloc_consolidate(): invalid chunk size
E0820 12:35:08.140298411 3741993 chttp2_transport.cc:1079]             ipv4:145.136.62.28:37434: Received a GOAWAY with error code ENHANCE_YOUR_CALM and debug data equal to "too_many_pings". Current keepalive time (before throttling): ∞
E0820 12:35:08.140427132 3741993 chttp2_transport.cc:1079]             ipv4:145.136.62.28:37434: Received a GOAWAY with error code ENHANCE_YOUR_CALM and debug data equal to "too_many_pings". Current keepalive time (before throttling): ∞
INFO flwr 2023-08-20 12:35:44,308 | fed_df.py:540 | Distillation training stopped at step number : 250
INFO flwr 2023-08-20 12:35:44,309 | fed_df.py:547 | Average fusion training loss : 0.10357377469539643, val accuracy : 0.5415286253995932, best val accuracy : 0.5687300203429235
INFO flwr 2023-08-20 12:35:44,310 | common.py:35 | Avg. local train loss : 4.476159820705653, train acc : 0.7485789980732177
INFO flwr 2023-08-20 12:35:47,575 | server.py:116 | fit progress: (18, 5.0881982177432254, {'server_test_acc': 0.5071436607042412}, 1598.3346738461405)
INFO flwr 2023-08-20 12:35:47,575 | server.py:163 | evaluate_round 18: no clients selected, cancel
DEBUG flwr 2023-08-20 12:35:53,236 | server.py:215 | fit_round 19: strategy sampled 8 clients (out of 20)
DEBUG flwr 2023-08-20 12:36:25,230 | server.py:229 | fit_round 19 received 8 results and 0 failures
INFO flwr 2023-08-20 12:36:25,361 | fed_df.py:463 | Performing server side distillation training...
[2m[36m(launch_and_fit pid=3924589)[0m Fitting Client 8
[2m[36m(launch_and_fit pid=3924585)[0m Fitting Client 14
[2m[36m(launch_and_fit pid=3924590)[0m Fitting Client 6
[2m[36m(launch_and_fit pid=3924587)[0m Fitting Client 1
[2m[36m(launch_and_fit pid=3924588)[0m Fitting Client 10
[2m[36m(launch_and_fit pid=3924584)[0m Fitting Client 11
[2m[36m(launch_and_fit pid=3924586)[0m Fitting Client 17
[2m[36m(launch_and_fit pid=3924580)[0m Fitting Client 16
[2m[36m(launch_and_fit pid=3924584)[0m malloc_consolidate(): invalid chunk size
[2m[36m(launch_and_fit pid=3924588)[0m double free or corruption (fasttop)
[2m[36m(launch_and_fit pid=3924589)[0m malloc_consolidate(): invalid chunk size
[2m[36m(launch_and_fit pid=3924590)[0m malloc_consolidate(): invalid chunk size
[2m[36m(launch_and_fit pid=3924580)[0m malloc_consolidate(): invalid chunk size
[2m[36m(launch_and_fit pid=3924587)[0m malloc_consolidate(): invalid chunk size
E0820 12:36:26.612626724 3861965 chttp2_transport.cc:1079]             ipv4:145.136.62.28:37434: Received a GOAWAY with error code ENHANCE_YOUR_CALM and debug data equal to "too_many_pings". Current keepalive time (before throttling): ∞
E0820 12:36:26.612772014 3861965 chttp2_transport.cc:1079]             ipv4:145.136.62.28:37434: Received a GOAWAY with error code ENHANCE_YOUR_CALM and debug data equal to "too_many_pings". Current keepalive time (before throttling): ∞
[2m[36m(launch_and_fit pid=3924585)[0m malloc_consolidate(): invalid chunk size
[2m[36m(launch_and_fit pid=3924586)[0m malloc_consolidate(): invalid chunk size
INFO flwr 2023-08-20 12:37:13,488 | fed_df.py:540 | Distillation training stopped at step number : 250
INFO flwr 2023-08-20 12:37:13,488 | fed_df.py:547 | Average fusion training loss : 0.34169491529464724, val accuracy : 0.4551002615518745, best val accuracy : 0.5094449287997675
INFO flwr 2023-08-20 12:37:13,489 | common.py:35 | Avg. local train loss : 4.527335350215435, train acc : 0.7362475915221581
INFO flwr 2023-08-20 12:37:16,657 | server.py:116 | fit progress: (19, 3.405306952248302, {'server_test_acc': 0.47283158960512994}, 1687.4167520431802)
INFO flwr 2023-08-20 12:37:16,658 | server.py:163 | evaluate_round 19: no clients selected, cancel
DEBUG flwr 2023-08-20 12:37:22,204 | server.py:215 | fit_round 20: strategy sampled 8 clients (out of 20)
DEBUG flwr 2023-08-20 12:37:52,762 | server.py:229 | fit_round 20 received 8 results and 0 failures
INFO flwr 2023-08-20 12:37:52,871 | fed_df.py:365 | Warm start at round 20
INFO flwr 2023-08-20 12:37:52,951 | fed_df.py:463 | Performing server side distillation training...
[2m[36m(launch_and_fit pid=4060572)[0m Fitting Client 9
[2m[36m(launch_and_fit pid=4060573)[0m Fitting Client 12
[2m[36m(launch_and_fit pid=4060705)[0m Fitting Client 11
[2m[36m(launch_and_fit pid=4060707)[0m Fitting Client 5
[2m[36m(launch_and_fit pid=4060571)[0m Fitting Client 7
[2m[36m(launch_and_fit pid=4060704)[0m Fitting Client 10
[2m[36m(launch_and_fit pid=4060706)[0m Fitting Client 16
[2m[36m(launch_and_fit pid=4060708)[0m Fitting Client 0
[2m[36m(launch_and_fit pid=4060572)[0m malloc_consolidate(): invalid chunk size
[2m[36m(launch_and_fit pid=4060704)[0m malloc_consolidate(): invalid chunk size
E0820 12:37:54.081455034 3979615 chttp2_transport.cc:1079]             ipv4:145.136.62.28:37434: Received a GOAWAY with error code ENHANCE_YOUR_CALM and debug data equal to "too_many_pings". Current keepalive time (before throttling): ∞
[2m[36m(launch_and_fit pid=4060573)[0m double free or corruption (fasttop)
[2m[36m(launch_and_fit pid=4060571)[0m malloc_consolidate(): invalid chunk size
[2m[36m(launch_and_fit pid=4060706)[0m malloc_consolidate(): invalid chunk size
[2m[36m(launch_and_fit pid=4060705)[0m malloc_consolidate(): invalid chunk size
[2m[36m(launch_and_fit pid=4060707)[0m malloc_consolidate(): invalid chunk size
[2m[36m(launch_and_fit pid=4060708)[0m malloc_consolidate(): invalid chunk size
E0820 12:38:02.801148089 4129711 chttp2_transport.cc:1079]             ipv4:145.136.62.28:37434: Received a GOAWAY with error code ENHANCE_YOUR_CALM and debug data equal to "too_many_pings". Current keepalive time (before throttling): ∞
INFO flwr 2023-08-20 12:38:42,509 | fed_df.py:540 | Distillation training stopped at step number : 250
INFO flwr 2023-08-20 12:38:42,509 | fed_df.py:547 | Average fusion training loss : 0.32970259082317355, val accuracy : 0.4817204301075269, best val accuracy : 0.5210694565533275
INFO flwr 2023-08-20 12:38:42,510 | common.py:35 | Avg. local train loss : 4.944252260029316, train acc : 0.6903901734104045
INFO flwr 2023-08-20 12:38:45,727 | server.py:116 | fit progress: (20, 3.510356407410142, {'server_test_acc': 0.48188772640342}, 1776.48672718741)
INFO flwr 2023-08-20 12:38:45,727 | server.py:163 | evaluate_round 20: no clients selected, cancel
DEBUG flwr 2023-08-20 12:38:51,374 | server.py:215 | fit_round 21: strategy sampled 8 clients (out of 20)
DEBUG flwr 2023-08-20 12:39:21,485 | server.py:229 | fit_round 21 received 8 results and 0 failures
INFO flwr 2023-08-20 12:39:21,614 | fed_df.py:463 | Performing server side distillation training...
[2m[36m(launch_and_fit pid=26871)[0m Fitting Client 5
[2m[36m(launch_and_fit pid=26866)[0m Fitting Client 3
[2m[36m(launch_and_fit pid=26872)[0m Fitting Client 16
[2m[36m(launch_and_fit pid=26867)[0m Fitting Client 11
[2m[36m(launch_and_fit pid=26868)[0m Fitting Client 12
[2m[36m(launch_and_fit pid=26869)[0m Fitting Client 10
[2m[36m(launch_and_fit pid=26870)[0m Fitting Client 7
[2m[36m(launch_and_fit pid=26865)[0m Fitting Client 2
[2m[36m(launch_and_fit pid=26866)[0m malloc_consolidate(): invalid chunk size
[2m[36m(launch_and_fit pid=26872)[0m double free or corruption (fasttop)
[2m[36m(launch_and_fit pid=26871)[0m malloc_consolidate(): invalid chunk size
[2m[36m(launch_and_fit pid=26868)[0m double free or corruption (fasttop)
[2m[36m(launch_and_fit pid=26865)[0m malloc_consolidate(): invalid chunk size
[2m[36m(launch_and_fit pid=26870)[0m malloc_consolidate(): invalid chunk size
[2m[36m(launch_and_fit pid=26867)[0m malloc_consolidate(): invalid chunk size
[2m[36m(launch_and_fit pid=26869)[0m malloc_consolidate(): invalid chunk size
E0820 12:39:24.674761291   80601 chttp2_transport.cc:1079]             ipv4:145.136.62.28:37434: Received a GOAWAY with error code ENHANCE_YOUR_CALM and debug data equal to "too_many_pings". Current keepalive time (before throttling): ∞
INFO flwr 2023-08-20 12:40:09,879 | fed_df.py:540 | Distillation training stopped at step number : 250
INFO flwr 2023-08-20 12:40:09,879 | fed_df.py:547 | Average fusion training loss : 0.0664004975259304, val accuracy : 0.5159546643417612, best val accuracy : 0.6899157221737867
INFO flwr 2023-08-20 12:40:09,880 | common.py:35 | Avg. local train loss : 4.646774347126484, train acc : 0.7268705844572896
INFO flwr 2023-08-20 12:40:13,059 | server.py:116 | fit progress: (21, 3.076496839657424, {'server_test_acc': 0.6226797165035437}, 1863.818065392319)
INFO flwr 2023-08-20 12:40:13,059 | server.py:163 | evaluate_round 21: no clients selected, cancel
DEBUG flwr 2023-08-20 12:40:18,653 | server.py:215 | fit_round 22: strategy sampled 8 clients (out of 20)
DEBUG flwr 2023-08-20 12:40:49,515 | server.py:229 | fit_round 22 received 8 results and 0 failures
INFO flwr 2023-08-20 12:40:49,649 | fed_df.py:463 | Performing server side distillation training...
[2m[36m(launch_and_fit pid=159333)[0m Fitting Client 4
[2m[36m(launch_and_fit pid=159326)[0m Fitting Client 3
[2m[36m(launch_and_fit pid=159332)[0m Fitting Client 0
[2m[36m(launch_and_fit pid=159331)[0m Fitting Client 17
[2m[36m(launch_and_fit pid=159334)[0m Fitting Client 14
[2m[36m(launch_and_fit pid=159330)[0m Fitting Client 12
[2m[36m(launch_and_fit pid=159336)[0m Fitting Client 19
[2m[36m(launch_and_fit pid=159337)[0m Fitting Client 1
[2m[36m(launch_and_fit pid=159336)[0m malloc_consolidate(): invalid chunk size
[2m[36m(launch_and_fit pid=159333)[0m malloc_consolidate(): invalid chunk size
[2m[36m(launch_and_fit pid=159326)[0m malloc_consolidate(): invalid chunk size
[2m[36m(launch_and_fit pid=159330)[0m double free or corruption (fasttop)
[2m[36m(launch_and_fit pid=159332)[0m double free or corruption (fasttop)
[2m[36m(launch_and_fit pid=159331)[0m malloc_consolidate(): invalid chunk size
[2m[36m(launch_and_fit pid=159337)[0m malloc_consolidate(): invalid chunk size
[2m[36m(launch_and_fit pid=159334)[0m malloc_consolidate(): invalid chunk size
E0820 12:40:53.247600184  215881 chttp2_transport.cc:1079]             ipv4:145.136.62.28:37434: Received a GOAWAY with error code ENHANCE_YOUR_CALM and debug data equal to "too_many_pings". Current keepalive time (before throttling): ∞
INFO flwr 2023-08-20 12:41:38,090 | fed_df.py:540 | Distillation training stopped at step number : 250
INFO flwr 2023-08-20 12:41:38,091 | fed_df.py:547 | Average fusion training loss : 0.12763034120202066, val accuracy : 0.4971229293809939, best val accuracy : 0.5170008718395815
INFO flwr 2023-08-20 12:41:38,091 | common.py:35 | Avg. local train loss : 4.59847190529108, train acc : 0.7420118818240206
INFO flwr 2023-08-20 12:41:41,456 | server.py:116 | fit progress: (22, 5.792952462972143, {'server_test_acc': 0.4770502868714141}, 1952.2150082653388)
INFO flwr 2023-08-20 12:41:41,456 | server.py:163 | evaluate_round 22: no clients selected, cancel
DEBUG flwr 2023-08-20 12:41:47,245 | server.py:215 | fit_round 23: strategy sampled 8 clients (out of 20)
[2m[36m(launch_and_fit pid=295303)[0m malloc_consolidate(): invalid chunk size
DEBUG flwr 2023-08-20 12:42:17,869 | server.py:229 | fit_round 23 received 8 results and 0 failures
[2m[36m(launch_and_fit pid=295301)[0m malloc_consolidate(): invalid chunk size
[2m[36m(launch_and_fit pid=295306)[0m double free or corruption (fasttop)
INFO flwr 2023-08-20 12:42:18,000 | fed_df.py:463 | Performing server side distillation training...
[2m[36m(launch_and_fit pid=295304)[0m Fitting Client 17
[2m[36m(launch_and_fit pid=295306)[0m Fitting Client 11
[2m[36m(launch_and_fit pid=295303)[0m Fitting Client 16
[2m[36m(launch_and_fit pid=295305)[0m Fitting Client 9
[2m[36m(launch_and_fit pid=295297)[0m Fitting Client 4
[2m[36m(launch_and_fit pid=295301)[0m Fitting Client 6
[2m[36m(launch_and_fit pid=295299)[0m Fitting Client 3
[2m[36m(launch_and_fit pid=295298)[0m Fitting Client 19
[2m[36m(launch_and_fit pid=295298)[0m double free or corruption (fasttop)
E0820 12:42:18.858996594  216689 chttp2_transport.cc:1079]             ipv4:145.136.62.28:37434: Received a GOAWAY with error code ENHANCE_YOUR_CALM and debug data equal to "too_many_pings". Current keepalive time (before throttling): ∞
[2m[36m(launch_and_fit pid=295304)[0m malloc_consolidate(): invalid chunk size
[2m[36m(launch_and_fit pid=295305)[0m malloc_consolidate(): invalid chunk size
[2m[36m(launch_and_fit pid=295297)[0m double free or corruption (fasttop)
[2m[36m(launch_and_fit pid=295299)[0m malloc_consolidate(): invalid chunk size
E0820 12:42:43.849858608  342443 chttp2_transport.cc:1079]             ipv4:145.136.62.28:37434: Received a GOAWAY with error code ENHANCE_YOUR_CALM and debug data equal to "too_many_pings". Current keepalive time (before throttling): ∞
INFO flwr 2023-08-20 12:43:06,041 | fed_df.py:540 | Distillation training stopped at step number : 250
INFO flwr 2023-08-20 12:43:06,041 | fed_df.py:547 | Average fusion training loss : 0.07823168706893921, val accuracy : 0.5415867480383609, best val accuracy : 0.5457715780296426
INFO flwr 2023-08-20 12:43:06,042 | common.py:35 | Avg. local train loss : 4.28449248149991, train acc : 0.7650770712909442
INFO flwr 2023-08-20 12:43:09,226 | server.py:116 | fit progress: (23, 4.235756527225538, {'server_test_acc': 0.486668916638542}, 2039.9855808611028)
INFO flwr 2023-08-20 12:43:09,226 | server.py:163 | evaluate_round 23: no clients selected, cancel
DEBUG flwr 2023-08-20 12:43:14,731 | server.py:215 | fit_round 24: strategy sampled 8 clients (out of 20)
[2m[36m(launch_and_fit pid=421751)[0m malloc_consolidate(): invalid chunk size
DEBUG flwr 2023-08-20 12:43:45,854 | server.py:229 | fit_round 24 received 8 results and 0 failures
INFO flwr 2023-08-20 12:43:45,989 | fed_df.py:463 | Performing server side distillation training...
[2m[36m(launch_and_fit pid=421752)[0m Fitting Client 9
[2m[36m(launch_and_fit pid=421747)[0m Fitting Client 4
[2m[36m(launch_and_fit pid=421745)[0m Fitting Client 1
[2m[36m(launch_and_fit pid=421750)[0m Fitting Client 2
[2m[36m(launch_and_fit pid=421543)[0m Fitting Client 8
[2m[36m(launch_and_fit pid=421748)[0m Fitting Client 5
[2m[36m(launch_and_fit pid=421749)[0m Fitting Client 10
[2m[36m(launch_and_fit pid=421751)[0m Fitting Client 15
[2m[36m(launch_and_fit pid=421752)[0m malloc_consolidate(): invalid chunk size
E0820 12:43:46.711533594  474583 chttp2_transport.cc:1079]             ipv4:145.136.62.28:37434: Received a GOAWAY with error code ENHANCE_YOUR_CALM and debug data equal to "too_many_pings". Current keepalive time (before throttling): ∞
[2m[36m(launch_and_fit pid=421750)[0m malloc_consolidate(): invalid chunk size
[2m[36m(launch_and_fit pid=421749)[0m malloc_consolidate(): invalid chunk size
[2m[36m(launch_and_fit pid=421747)[0m double free or corruption (fasttop)
[2m[36m(launch_and_fit pid=421543)[0m malloc_consolidate(): invalid chunk size
[2m[36m(launch_and_fit pid=421745)[0m double free or corruption (fasttop)
[2m[36m(launch_and_fit pid=421748)[0m double free or corruption (fasttop)
E0820 12:44:04.340506689  502752 chttp2_transport.cc:1079]             ipv4:145.136.62.28:37434: Received a GOAWAY with error code ENHANCE_YOUR_CALM and debug data equal to "too_many_pings". Current keepalive time (before throttling): ∞
INFO flwr 2023-08-20 12:44:34,109 | fed_df.py:540 | Distillation training stopped at step number : 250
INFO flwr 2023-08-20 12:44:34,109 | fed_df.py:547 | Average fusion training loss : 0.10937308156490326, val accuracy : 0.6492298750363267, best val accuracy : 0.6835222319093287
INFO flwr 2023-08-20 12:44:34,110 | common.py:35 | Avg. local train loss : 4.649297721683979, train acc : 0.7372109826589596
INFO flwr 2023-08-20 12:44:37,309 | server.py:116 | fit progress: (24, 2.2017111287421165, {'server_test_acc': 0.6029924625942176}, 2128.0688044070266)
INFO flwr 2023-08-20 12:44:37,310 | server.py:163 | evaluate_round 24: no clients selected, cancel
DEBUG flwr 2023-08-20 12:44:42,839 | server.py:215 | fit_round 25: strategy sampled 8 clients (out of 20)
[2m[36m(launch_and_fit pid=556082)[0m corrupted size vs. prev_size in fastbins
[2m[36m(launch_and_fit pid=556003)[0m malloc_consolidate(): invalid chunk size
DEBUG flwr 2023-08-20 12:45:13,730 | server.py:229 | fit_round 25 received 8 results and 0 failures
INFO flwr 2023-08-20 12:45:13,839 | fed_df.py:365 | Warm start at round 25
INFO flwr 2023-08-20 12:45:13,917 | fed_df.py:463 | Performing server side distillation training...
[2m[36m(launch_and_fit pid=556082)[0m Fitting Client 17
[2m[36m(launch_and_fit pid=556003)[0m Fitting Client 14
[2m[36m(launch_and_fit pid=556117)[0m Fitting Client 4
[2m[36m(launch_and_fit pid=555966)[0m Fitting Client 9
[2m[36m(launch_and_fit pid=556120)[0m Fitting Client 0
[2m[36m(launch_and_fit pid=556119)[0m Fitting Client 18
[2m[36m(launch_and_fit pid=556118)[0m Fitting Client 15
[2m[36m(launch_and_fit pid=556050)[0m Fitting Client 6
[2m[36m(launch_and_fit pid=556118)[0m malloc_consolidate(): invalid chunk size
[2m[36m(launch_and_fit pid=556117)[0m malloc_consolidate(): invalid chunk size
[2m[36m(launch_and_fit pid=556120)[0m malloc_consolidate(): invalid chunk size
E0820 12:45:15.018274997  504026 chttp2_transport.cc:1079]             ipv4:145.136.62.28:37434: Received a GOAWAY with error code ENHANCE_YOUR_CALM and debug data equal to "too_many_pings". Current keepalive time (before throttling): ∞
[2m[36m(launch_and_fit pid=555966)[0m double free or corruption (fasttop)
[2m[36m(launch_and_fit pid=556119)[0m double free or corruption (fasttop)
[2m[36m(launch_and_fit pid=556050)[0m double free or corruption (fasttop)
E0820 12:45:44.504035890  609996 chttp2_transport.cc:1079]             ipv4:145.136.62.28:37434: Received a GOAWAY with error code ENHANCE_YOUR_CALM and debug data equal to "too_many_pings". Current keepalive time (before throttling): ∞
INFO flwr 2023-08-20 12:46:03,087 | fed_df.py:540 | Distillation training stopped at step number : 250
INFO flwr 2023-08-20 12:46:03,088 | fed_df.py:547 | Average fusion training loss : 0.20863811373710633, val accuracy : 0.5540249927346701, best val accuracy : 0.5693112467306015
INFO flwr 2023-08-20 12:46:03,089 | common.py:35 | Avg. local train loss : 4.377734404057264, train acc : 0.7583574181117533
INFO flwr 2023-08-20 12:46:06,465 | server.py:116 | fit progress: (25, 4.499358845905051, {'server_test_acc': 0.512262346720666}, 2217.2245921152644)
INFO flwr 2023-08-20 12:46:06,465 | server.py:163 | evaluate_round 25: no clients selected, cancel
DEBUG flwr 2023-08-20 12:46:12,017 | server.py:215 | fit_round 26: strategy sampled 8 clients (out of 20)
DEBUG flwr 2023-08-20 12:46:42,375 | server.py:229 | fit_round 26 received 8 results and 0 failures
[2m[36m(launch_and_fit pid=693371)[0m double free or corruption (fasttop)
INFO flwr 2023-08-20 12:46:42,506 | fed_df.py:463 | Performing server side distillation training...
[2m[36m(launch_and_fit pid=693368)[0m Fitting Client 8
[2m[36m(launch_and_fit pid=693371)[0m Fitting Client 5
[2m[36m(launch_and_fit pid=693367)[0m Fitting Client 1
[2m[36m(launch_and_fit pid=693356)[0m Fitting Client 15
[2m[36m(launch_and_fit pid=693365)[0m Fitting Client 12
[2m[36m(launch_and_fit pid=693370)[0m Fitting Client 9
[2m[36m(launch_and_fit pid=693366)[0m Fitting Client 13
[2m[36m(launch_and_fit pid=693369)[0m Fitting Client 6
[2m[36m(launch_and_fit pid=693365)[0m double free or corruption (fasttop)
[2m[36m(launch_and_fit pid=693369)[0m double free or corruption (fasttop)
E0820 12:46:43.615552787  653227 chttp2_transport.cc:1079]             ipv4:145.136.62.28:37434: Received a GOAWAY with error code ENHANCE_YOUR_CALM and debug data equal to "too_many_pings". Current keepalive time (before throttling): ∞
[2m[36m(launch_and_fit pid=693367)[0m malloc_consolidate(): invalid chunk size
[2m[36m(launch_and_fit pid=693366)[0m double free or corruption (fasttop)
[2m[36m(launch_and_fit pid=693356)[0m double free or corruption (fasttop)
[2m[36m(launch_and_fit pid=693368)[0m corrupted size vs. prev_size in fastbins
E0820 12:46:44.587752460  745243 chttp2_transport.cc:1079]             ipv4:145.136.62.28:37434: Received a GOAWAY with error code ENHANCE_YOUR_CALM and debug data equal to "too_many_pings". Current keepalive time (before throttling): ∞
[2m[36m(launch_and_fit pid=693370)[0m malloc_consolidate(): invalid chunk size
INFO flwr 2023-08-20 12:47:31,374 | fed_df.py:540 | Distillation training stopped at step number : 250
INFO flwr 2023-08-20 12:47:31,375 | fed_df.py:547 | Average fusion training loss : 0.13071177363395692, val accuracy : 0.6538215634989829, best val accuracy : 0.6573670444638187
INFO flwr 2023-08-20 12:47:31,375 | common.py:35 | Avg. local train loss : 4.484727343171834, train acc : 0.7496066152858059
INFO flwr 2023-08-20 12:47:34,527 | server.py:116 | fit progress: (26, 3.1327002005309406, {'server_test_acc': 0.59753628079649}, 2305.2862601042725)
INFO flwr 2023-08-20 12:47:34,527 | server.py:163 | evaluate_round 26: no clients selected, cancel
DEBUG flwr 2023-08-20 12:47:40,272 | server.py:215 | fit_round 27: strategy sampled 8 clients (out of 20)
[2m[36m(launch_and_fit pid=827282)[0m malloc_consolidate(): invalid chunk size
DEBUG flwr 2023-08-20 12:48:10,256 | server.py:229 | fit_round 27 received 8 results and 0 failures
INFO flwr 2023-08-20 12:48:10,387 | fed_df.py:463 | Performing server side distillation training...
[2m[36m(launch_and_fit pid=827279)[0m Fitting Client 15
[2m[36m(launch_and_fit pid=827282)[0m Fitting Client 18
[2m[36m(launch_and_fit pid=827276)[0m Fitting Client 3
[2m[36m(launch_and_fit pid=827278)[0m Fitting Client 14
[2m[36m(launch_and_fit pid=827284)[0m Fitting Client 6
[2m[36m(launch_and_fit pid=827281)[0m Fitting Client 13
[2m[36m(launch_and_fit pid=827280)[0m Fitting Client 8
[2m[36m(launch_and_fit pid=827283)[0m Fitting Client 4
[2m[36m(launch_and_fit pid=827276)[0m malloc_consolidate(): invalid chunk size
E0820 12:48:11.092240709  745848 chttp2_transport.cc:1079]             ipv4:145.136.62.28:37434: Received a GOAWAY with error code ENHANCE_YOUR_CALM and debug data equal to "too_many_pings". Current keepalive time (before throttling): ∞
[2m[36m(launch_and_fit pid=827279)[0m malloc_consolidate(): invalid chunk size
[2m[36m(launch_and_fit pid=827284)[0m malloc_consolidate(): invalid chunk size
[2m[36m(launch_and_fit pid=827278)[0m malloc_consolidate(): invalid chunk size
[2m[36m(launch_and_fit pid=827280)[0m double free or corruption (fasttop)
[2m[36m(launch_and_fit pid=827281)[0m malloc_consolidate(): invalid chunk size
[2m[36m(launch_and_fit pid=827283)[0m double free or corruption (fasttop)
E0820 12:48:12.766152014  877073 chttp2_transport.cc:1079]             ipv4:145.136.62.28:37434: Received a GOAWAY with error code ENHANCE_YOUR_CALM and debug data equal to "too_many_pings". Current keepalive time (before throttling): ∞
INFO flwr 2023-08-20 12:48:59,490 | fed_df.py:540 | Distillation training stopped at step number : 250
INFO flwr 2023-08-20 12:48:59,490 | fed_df.py:547 | Average fusion training loss : 0.10264703887701035, val accuracy : 0.5362975879104911, best val accuracy : 0.5507120023249056
INFO flwr 2023-08-20 12:48:59,491 | common.py:35 | Avg. local train loss : 4.352478855848313, train acc : 0.7599309569685292
INFO flwr 2023-08-20 12:49:02,824 | server.py:116 | fit progress: (27, 2.540090615200318, {'server_test_acc': 0.5145123185960175}, 2393.5836531543173)
INFO flwr 2023-08-20 12:49:02,824 | server.py:163 | evaluate_round 27: no clients selected, cancel
DEBUG flwr 2023-08-20 12:49:08,381 | server.py:215 | fit_round 28: strategy sampled 8 clients (out of 20)
DEBUG flwr 2023-08-20 12:49:38,376 | server.py:229 | fit_round 28 received 8 results and 0 failures
INFO flwr 2023-08-20 12:49:38,505 | fed_df.py:463 | Performing server side distillation training...
[2m[36m(launch_and_fit pid=960917)[0m Fitting Client 3
[2m[36m(launch_and_fit pid=960991)[0m Fitting Client 11
[2m[36m(launch_and_fit pid=960990)[0m Fitting Client 8
[2m[36m(launch_and_fit pid=960918)[0m Fitting Client 13
[2m[36m(launch_and_fit pid=960920)[0m Fitting Client 9
[2m[36m(launch_and_fit pid=960919)[0m Fitting Client 15
[2m[36m(launch_and_fit pid=960989)[0m Fitting Client 14
[2m[36m(launch_and_fit pid=960915)[0m Fitting Client 7
[2m[36m(launch_and_fit pid=960991)[0m malloc_consolidate(): invalid chunk size
[2m[36m(launch_and_fit pid=960917)[0m malloc_consolidate(): invalid chunk size
[2m[36m(launch_and_fit pid=960918)[0m double free or corruption (fasttop)
[2m[36m(launch_and_fit pid=960989)[0m malloc_consolidate(): invalid chunk size
[2m[36m(launch_and_fit pid=960920)[0m malloc_consolidate(): invalid chunk size
[2m[36m(launch_and_fit pid=960915)[0m malloc_consolidate(): invalid chunk size
E0820 12:49:40.489777925  879815 chttp2_transport.cc:1079]             ipv4:145.136.62.28:37434: Received a GOAWAY with error code ENHANCE_YOUR_CALM and debug data equal to "too_many_pings". Current keepalive time (before throttling): ∞
[2m[36m(launch_and_fit pid=960919)[0m malloc_consolidate(): invalid chunk size
E0820 12:50:00.247304685 1013053 chttp2_transport.cc:1079]             ipv4:145.136.62.28:37434: Received a GOAWAY with error code ENHANCE_YOUR_CALM and debug data equal to "too_many_pings". Current keepalive time (before throttling): ∞
INFO flwr 2023-08-20 12:50:28,495 | fed_df.py:540 | Distillation training stopped at step number : 250
INFO flwr 2023-08-20 12:50:28,496 | fed_df.py:547 | Average fusion training loss : 0.14265077021718026, val accuracy : 0.6914269107817494, best val accuracy : 0.7096774193548387
INFO flwr 2023-08-20 12:50:28,496 | common.py:35 | Avg. local train loss : 4.2389819793403145, train acc : 0.780772318561336
INFO flwr 2023-08-20 12:50:31,870 | server.py:116 | fit progress: (28, 2.482159102482044, {'server_test_acc': 0.646866914163573}, 2482.629491688218)
INFO flwr 2023-08-20 12:50:31,870 | server.py:163 | evaluate_round 28: no clients selected, cancel
DEBUG flwr 2023-08-20 12:50:37,500 | server.py:215 | fit_round 29: strategy sampled 8 clients (out of 20)
DEBUG flwr 2023-08-20 12:51:07,767 | server.py:229 | fit_round 29 received 8 results and 0 failures
INFO flwr 2023-08-20 12:51:07,897 | fed_df.py:463 | Performing server side distillation training...
[2m[36m(launch_and_fit pid=1094966)[0m Fitting Client 15
[2m[36m(launch_and_fit pid=1094964)[0m Fitting Client 2
[2m[36m(launch_and_fit pid=1094962)[0m Fitting Client 16
[2m[36m(launch_and_fit pid=1094969)[0m Fitting Client 14
[2m[36m(launch_and_fit pid=1094963)[0m Fitting Client 18
[2m[36m(launch_and_fit pid=1094967)[0m Fitting Client 3
[2m[36m(launch_and_fit pid=1094968)[0m Fitting Client 10
[2m[36m(launch_and_fit pid=1094965)[0m Fitting Client 13
[2m[36m(launch_and_fit pid=1094962)[0m double free or corruption (fasttop)
[2m[36m(launch_and_fit pid=1094963)[0m corrupted size vs. prev_size in fastbins
[2m[36m(launch_and_fit pid=1094966)[0m malloc_consolidate(): invalid chunk size
[2m[36m(launch_and_fit pid=1094969)[0m malloc_consolidate(): invalid chunk size
[2m[36m(launch_and_fit pid=1094964)[0m malloc_consolidate(): invalid chunk size
[2m[36m(launch_and_fit pid=1094967)[0m malloc_consolidate(): invalid chunk size
E0820 12:51:09.326037570 1043710 chttp2_transport.cc:1079]             ipv4:145.136.62.28:37434: Received a GOAWAY with error code ENHANCE_YOUR_CALM and debug data equal to "too_many_pings". Current keepalive time (before throttling): ∞
[2m[36m(launch_and_fit pid=1094965)[0m malloc_consolidate(): invalid chunk size
[2m[36m(launch_and_fit pid=1094968)[0m double free or corruption (fasttop)
INFO flwr 2023-08-20 12:51:56,894 | fed_df.py:540 | Distillation training stopped at step number : 250
INFO flwr 2023-08-20 12:51:56,895 | fed_df.py:547 | Average fusion training loss : 0.11580424600839614, val accuracy : 0.7062481836675385, best val accuracy : 0.7108398721301947
INFO flwr 2023-08-20 12:51:56,896 | common.py:35 | Avg. local train loss : 4.262854307144881, train acc : 0.7742453436095056
INFO flwr 2023-08-20 12:52:00,059 | server.py:116 | fit progress: (29, 2.7183061372926685, {'server_test_acc': 0.643660704241197}, 2570.818234652281)
INFO flwr 2023-08-20 12:52:00,059 | server.py:163 | evaluate_round 29: no clients selected, cancel
DEBUG flwr 2023-08-20 12:52:05,896 | server.py:215 | fit_round 30: strategy sampled 8 clients (out of 20)
[2m[36m(launch_and_fit pid=1228264)[0m malloc_consolidate(): invalid chunk size
DEBUG flwr 2023-08-20 12:52:36,163 | server.py:229 | fit_round 30 received 8 results and 0 failures
INFO flwr 2023-08-20 12:52:36,272 | fed_df.py:365 | Warm start at round 30
INFO flwr 2023-08-20 12:52:36,349 | fed_df.py:463 | Performing server side distillation training...
[2m[36m(launch_and_fit pid=1228263)[0m Fitting Client 8
[2m[36m(launch_and_fit pid=1228192)[0m Fitting Client 2
[2m[36m(launch_and_fit pid=1228228)[0m Fitting Client 10
[2m[36m(launch_and_fit pid=1228262)[0m Fitting Client 19
[2m[36m(launch_and_fit pid=1228265)[0m Fitting Client 9
[2m[36m(launch_and_fit pid=1228264)[0m Fitting Client 18
[2m[36m(launch_and_fit pid=1228189)[0m Fitting Client 4
[2m[36m(launch_and_fit pid=1228190)[0m Fitting Client 14
[2m[36m(launch_and_fit pid=1228228)[0m double free or corruption (fasttop)
[2m[36m(launch_and_fit pid=1228265)[0m malloc_consolidate(): invalid chunk size
E0820 12:52:37.159720252 1145891 chttp2_transport.cc:1079]             ipv4:145.136.62.28:37434: Received a GOAWAY with error code ENHANCE_YOUR_CALM and debug data equal to "too_many_pings". Current keepalive time (before throttling): ∞
[2m[36m(launch_and_fit pid=1228190)[0m malloc_consolidate(): invalid chunk size
[2m[36m(launch_and_fit pid=1228262)[0m malloc_consolidate(): invalid chunk size
[2m[36m(launch_and_fit pid=1228192)[0m malloc_consolidate(): invalid chunk size
E0820 12:52:37.785208536 1279699 chttp2_transport.cc:1079]             ipv4:145.136.62.28:37434: Received a GOAWAY with error code ENHANCE_YOUR_CALM and debug data equal to "too_many_pings". Current keepalive time (before throttling): ∞
[2m[36m(launch_and_fit pid=1228263)[0m malloc_consolidate(): invalid chunk size
[2m[36m(launch_and_fit pid=1228189)[0m malloc_consolidate(): invalid chunk size
INFO flwr 2023-08-20 12:53:23,756 | fed_df.py:540 | Distillation training stopped at step number : 250
INFO flwr 2023-08-20 12:53:23,757 | fed_df.py:547 | Average fusion training loss : 0.198009297311306, val accuracy : 0.49218250508573086, best val accuracy : 0.5091543156059285
INFO flwr 2023-08-20 12:53:23,758 | common.py:35 | Avg. local train loss : 4.235385829210282, train acc : 0.7788696210661529
INFO flwr 2023-08-20 12:53:26,792 | server.py:116 | fit progress: (30, 4.415847680474551, {'server_test_acc': 0.4598380020249747}, 2657.5512303831056)
INFO flwr 2023-08-20 12:53:26,792 | server.py:163 | evaluate_round 30: no clients selected, cancel
INFO flwr 2023-08-20 12:53:26,792 | server.py:144 | FL finished in 2657.5516281062737
INFO flwr 2023-08-20 12:53:26,792 | app.py:202 | app_fit: losses_distributed []
INFO flwr 2023-08-20 12:53:26,793 | app.py:203 | app_fit: metrics_distributed {}
INFO flwr 2023-08-20 12:53:26,793 | app.py:204 | app_fit: losses_centralized [(0, 2.4107075439205934), (1, 2.7611189108488197), (2, 2.672668697354174), (3, 4.664606549901037), (4, 4.911127703921279), (5, 5.360919486766914), (6, 4.320425554769677), (7, 3.360337252986486), (8, 4.515947101381448), (9, 3.29196505160873), (10, 3.557588561606603), (11, 2.3101967931638647), (12, 3.1424606345557886), (13, 3.3549846435025032), (14, 3.2363926620045667), (15, 2.344803761089461), (16, 3.2494738232581173), (17, 3.3213769451600115), (18, 5.0881982177432254), (19, 3.405306952248302), (20, 3.510356407410142), (21, 3.076496839657424), (22, 5.792952462972143), (23, 4.235756527225538), (24, 2.2017111287421165), (25, 4.499358845905051), (26, 3.1327002005309406), (27, 2.540090615200318), (28, 2.482159102482044), (29, 2.7183061372926685), (30, 4.415847680474551)]
INFO flwr 2023-08-20 12:53:26,793 | app.py:205 | app_fit: metrics_centralized {'server_test_acc': [(0, 0.11615479806502418), (1, 0.20502868714141073), (2, 0.43306333670829117), (3, 0.13167960400494994), (4, 0.17763527955900552), (5, 0.2815277309033637), (6, 0.2525593430082124), (7, 0.3089773877826527), (8, 0.36893913826077174), (9, 0.4287321408482394), (10, 0.48655641804477445), (11, 0.47615029812127346), (12, 0.4058386770165373), (13, 0.4116323545955676), (14, 0.3591517606029925), (15, 0.5340870739115761), (16, 0.28546518168522894), (17, 0.4660254246821915), (18, 0.5071436607042412), (19, 0.47283158960512994), (20, 0.48188772640342), (21, 0.6226797165035437), (22, 0.4770502868714141), (23, 0.486668916638542), (24, 0.6029924625942176), (25, 0.512262346720666), (26, 0.59753628079649), (27, 0.5145123185960175), (28, 0.646866914163573), (29, 0.643660704241197), (30, 0.4598380020249747)]}
malloc_consolidate(): invalid chunk size
srun: error: gcn28: task 0: Aborted
srun: Terminating StepId=3426248.1
-----EXPERIMENT ENDS-----
-----CLEANING UP DISK------
-----END-----

JOB STATISTICS
==============
Job ID: 3426248
Cluster: snellius
User/Group: sunnys/sunnys
State: RUNNING
Nodes: 1
Cores per node: 18
CPU Utilized: 01:52:50
CPU Efficiency: 12.52% of 15:00:54 core-walltime
Job Wall-clock time: 00:50:03
Memory Utilized: 46.54 GB
Memory Efficiency: 38.78% of 120.00 GB
WARNING: Efficiency statistics may be misleading for RUNNING jobs.
