-----BEGIN-----
-----SETTINGS-----
TOTAL CROPS:50000
STRATEGY:feddf
MODEL_NAME:resnet8
MODEL_LIST:{'resnet8':7,'wresnet-16-4':7,'resnet20':6}
NUM_CLIENTS:20
NUM_ROUNDS:30
FRACTION_FIT:0.4
FRACTION_EVALUATE:0.0
DATASET_NAME:cifar10
PARTITION_ALPHA:1.0
PARTITION_VAL_RATIO:0.1
BATCH_SIZE:512
LOCAL_EPOCHS:40
LOCAL_LR:0.01
DISTILL_BATCH_SIZE:32
SERVER_LR:0.005
USE_ADAPTIVE_LR:False
USE_ADAPTIVE_LR_ROUND:False
SERVER_STEPS:500
SERVER_EARLY_STEPS:1000
USE_EARLY_STOPPING:False
SERVER_STEPS_ADAPTIVE:False
SERVER_STEPS_ADAPTIVE_MIN:100
SERVER_STEPS_ADAPTIVE_INTERVAL:5
SEED:84
CUDA_DETERMINISTIC:False
USE_CROPS:False
IMG_NAME:ameyoko_small.jpg
DISTILL_DATASET:cifar100
DISTILL_ALPHA:1.0
NUM_DISTILL_IMAGES:5000
DISTILL_TRANSFORMS:v0
WARM_START:True
WARM_START_ROUNDS:1
WARM_START_INTERVAL:2
KMEANS_N_CLUSTER:1000
KMEANS_HEURISTICS:hard
KMEANS_MIXED_FACTOR:50-50
KMEANS_BALANCING:1.0
CONFIDENCE_THRESHOLD:0.9
CONFIDENCE_STRATEGY:top
CONFIDENCE_ADAPTIVE:False
CONFIDENCE_MAX_THRESH:0.5
CLIPPING_FACTOR:2.5
FEDPROX_FACTOR:2.0
FEDPROX_ADAPTIVE:False
USE_CLIPPING:True
USE_ENTROPY:True
USE_KMEANS:True
USE_FEDPROX:False
-----SETTINGS END-----
-----EXPERIMENT BEGINS-----
Simulating feddf training
INFO simulate 2023-09-27 03:40:10,083 | simulate.py:51 | Python script started : simulate.py
DEBUG simulate 2023-09-27 03:40:10,083 | simulate.py:56 | Reading args from argument parser
INFO flwr 2023-09-27 03:40:33,229 | app.py:145 | Starting Flower simulation, config: ServerConfig(num_rounds=30, round_timeout=None)
2023-09-27 03:40:35,480	INFO worker.py:1529 -- Started a local Ray instance. View the dashboard at [1m[32m127.0.0.1:8265 [39m[22m
INFO flwr 2023-09-27 03:40:36,553 | app.py:179 | Flower VCE: Ray initialized with resources: {'CPU': 18.0, 'object_store_memory': 61847529062.0, 'accelerator_type:A100': 1.0, 'memory': 103079215104.0, 'GPU': 1.0, 'node:145.136.62.8': 1.0}
INFO flwr 2023-09-27 03:40:36,553 | server.py:86 | Initializing global parameters
INFO flwr 2023-09-27 03:40:36,553 | server.py:266 | Using initial parameters provided by strategy
INFO flwr 2023-09-27 03:40:36,553 | server.py:88 | Evaluating initial parameters
Downloading https://www.cs.toronto.edu/~kriz/cifar-10-python.tar.gz to /scratch-local/sunnys.3935209/1695778804_075255087/cifar-10-python.tar.gz
Extracting /scratch-local/sunnys.3935209/1695778804_075255087/cifar-10-python.tar.gz to /scratch-local/sunnys.3935209/1695778804_075255087
Generating unified cifar10 dataset
Class histogram for 0-th partition (alpha=1.0, 10 classes): [342 114 363 765  49 204 467  25  55 116]
Downloading https://www.cs.toronto.edu/~kriz/cifar-100-python.tar.gz to /scratch-local/sunnys.3935209/1695778804_075255087/cifar-100-python.tar.gz
Extracting /scratch-local/sunnys.3935209/1695778804_075255087/cifar-100-python.tar.gz to /scratch-local/sunnys.3935209/1695778804_075255087
INFO flwr 2023-09-27 03:40:39,701 | server.py:91 | initial parameters (loss, other metrics): 2.319245477294922, {'server_test_acc': 0.0811}
INFO flwr 2023-09-27 03:40:39,702 | server.py:101 | FL starting
DEBUG flwr 2023-09-27 03:40:52,073 | server.py:215 | fit_round 1: strategy sampled 8 clients (out of 20)
DEBUG flwr 2023-09-27 03:42:02,060 | server.py:229 | fit_round 1 received 8 results and 0 failures
[2m[36m(launch_and_fit pid=805566)[0m malloc_consolidate(): invalid chunk size
INFO flwr 2023-09-27 03:42:02,171 | fed_df.py:367 | Warm start at round 1
INFO flwr 2023-09-27 03:42:02,271 | fed_df.py:465 | Performing server side distillation training...
[2m[36m(launch_and_fit pid=805559)[0m Fitting Client 17
[2m[36m(launch_and_fit pid=805565)[0m Fitting Client 8
[2m[36m(launch_and_fit pid=805564)[0m Fitting Client 15
[2m[36m(launch_and_fit pid=805562)[0m Fitting Client 9
[2m[36m(launch_and_fit pid=805566)[0m Fitting Client 2
[2m[36m(launch_and_fit pid=805560)[0m Fitting Client 6
[2m[36m(launch_and_fit pid=805561)[0m Fitting Client 4
[2m[36m(launch_and_fit pid=805563)[0m Fitting Client 11
[2m[36m(launch_and_fit pid=805559)[0m double free or corruption (fasttop)
[2m[36m(launch_and_fit pid=805562)[0m malloc_consolidate(): invalid chunk size
[2m[36m(launch_and_fit pid=805561)[0m malloc_consolidate(): invalid chunk size
[2m[36m(launch_and_fit pid=805560)[0m malloc_consolidate(): invalid chunk size
[2m[36m(launch_and_fit pid=805563)[0m double free or corruption (fasttop)
[2m[36m(launch_and_fit pid=805565)[0m malloc_consolidate(): invalid chunk size
[2m[36m(launch_and_fit pid=805564)[0m double free or corruption (fasttop)
E0927 03:42:05.171350744  803046 chttp2_transport.cc:1079]             ipv4:145.136.62.8:37410: Received a GOAWAY with error code ENHANCE_YOUR_CALM and debug data equal to "too_many_pings". Current keepalive time (before throttling): 60000ms
INFO flwr 2023-09-27 03:42:26,048 | fed_df.py:545 | Distillation training stopped at step number : 500
INFO flwr 2023-09-27 03:42:26,048 | fed_df.py:552 | Average fusion training loss : 0.035055259367451075, val accuracy : 0.3695272727272727, best val accuracy : 0.4556
INFO flwr 2023-09-27 03:42:26,049 | common.py:35 | Avg. local train loss : 6.904081425257028, train acc : 0.5795694444444445
INFO flwr 2023-09-27 03:42:29,049 | server.py:116 | fit progress: (1, 1.5855567352294921, {'server_test_acc': 0.4478}, 109.34756144901621)
INFO flwr 2023-09-27 03:42:29,050 | server.py:163 | evaluate_round 1: no clients selected, cancel
DEBUG flwr 2023-09-27 03:42:41,619 | server.py:215 | fit_round 2: strategy sampled 8 clients (out of 20)
[2m[36m(launch_and_fit pid=944200)[0m double free or corruption (fasttop)
[2m[36m(launch_and_fit pid=944206)[0m double free or corruption (fasttop)
[2m[36m(launch_and_fit pid=944207)[0m double free or corruption (fasttop)
[2m[36m(launch_and_fit pid=944205)[0m double free or corruption (fasttop)
DEBUG flwr 2023-09-27 03:43:52,039 | server.py:229 | fit_round 2 received 8 results and 0 failures
INFO flwr 2023-09-27 03:43:52,147 | fed_df.py:367 | Warm start at round 2
[2m[36m(launch_and_fit pid=944204)[0m malloc_consolidate(): invalid chunk size
INFO flwr 2023-09-27 03:43:52,239 | fed_df.py:465 | Performing server side distillation training...
[2m[36m(launch_and_fit pid=944200)[0m Fitting Client 2
[2m[36m(launch_and_fit pid=944205)[0m Fitting Client 7
[2m[36m(launch_and_fit pid=944208)[0m Fitting Client 9
[2m[36m(launch_and_fit pid=944209)[0m Fitting Client 1
[2m[36m(launch_and_fit pid=944206)[0m Fitting Client 15
[2m[36m(launch_and_fit pid=944207)[0m Fitting Client 4
[2m[36m(launch_and_fit pid=944203)[0m Fitting Client 19
[2m[36m(launch_and_fit pid=944204)[0m Fitting Client 0
[2m[36m(launch_and_fit pid=944208)[0m malloc_consolidate(): invalid chunk size
E0927 03:43:52.772958107 1057314 chttp2_transport.cc:1079]             ipv4:145.136.62.8:37410: Received a GOAWAY with error code ENHANCE_YOUR_CALM and debug data equal to "too_many_pings". Current keepalive time (before throttling): 120000ms
[2m[36m(launch_and_fit pid=944209)[0m malloc_consolidate(): invalid chunk size
[2m[36m(launch_and_fit pid=944203)[0m malloc_consolidate(): invalid chunk size
INFO flwr 2023-09-27 03:44:17,529 | fed_df.py:545 | Distillation training stopped at step number : 500
INFO flwr 2023-09-27 03:44:17,530 | fed_df.py:552 | Average fusion training loss : 0.015116536201909184, val accuracy : 0.4320363636363637, best val accuracy : 0.492
INFO flwr 2023-09-27 03:44:17,531 | common.py:35 | Avg. local train loss : 5.253940372914076, train acc : 0.750088888888889
INFO flwr 2023-09-27 03:44:21,123 | server.py:116 | fit progress: (2, 1.5427570526123047, {'server_test_acc': 0.4834}, 221.4214570769982)
INFO flwr 2023-09-27 03:44:21,123 | server.py:163 | evaluate_round 2: no clients selected, cancel
DEBUG flwr 2023-09-27 03:44:33,542 | server.py:215 | fit_round 3: strategy sampled 8 clients (out of 20)
[2m[36m(launch_and_fit pid=1075360)[0m double free or corruption (fasttop)
DEBUG flwr 2023-09-27 03:45:43,411 | server.py:229 | fit_round 3 received 8 results and 0 failures
[2m[36m(launch_and_fit pid=1075361)[0m malloc_consolidate(): invalid chunk size
[2m[36m(launch_and_fit pid=1075367)[0m malloc_consolidate(): invalid chunk size
INFO flwr 2023-09-27 03:45:43,554 | fed_df.py:465 | Performing server side distillation training...
[2m[36m(launch_and_fit pid=1075360)[0m Fitting Client 16
[2m[36m(launch_and_fit pid=1075364)[0m Fitting Client 17
[2m[36m(launch_and_fit pid=1075363)[0m Fitting Client 12
[2m[36m(launch_and_fit pid=1075362)[0m Fitting Client 4
[2m[36m(launch_and_fit pid=1075367)[0m Fitting Client 19
[2m[36m(launch_and_fit pid=1075366)[0m Fitting Client 9
[2m[36m(launch_and_fit pid=1075361)[0m Fitting Client 13
[2m[36m(launch_and_fit pid=1075365)[0m Fitting Client 10
[2m[36m(launch_and_fit pid=1075364)[0m malloc_consolidate(): invalid chunk size
[2m[36m(launch_and_fit pid=1075366)[0m double free or corruption (fasttop)
[2m[36m(launch_and_fit pid=1075363)[0m double free or corruption (fasttop)
E0927 03:45:44.860103921 1057841 chttp2_transport.cc:1079]             ipv4:145.136.62.8:37410: Received a GOAWAY with error code ENHANCE_YOUR_CALM and debug data equal to "too_many_pings". Current keepalive time (before throttling): 240000ms
[2m[36m(launch_and_fit pid=1075362)[0m malloc_consolidate(): invalid chunk size
[2m[36m(launch_and_fit pid=1075365)[0m malloc_consolidate(): invalid chunk size
INFO flwr 2023-09-27 03:46:07,782 | fed_df.py:545 | Distillation training stopped at step number : 500
INFO flwr 2023-09-27 03:46:07,782 | fed_df.py:552 | Average fusion training loss : 0.0065924817323684696, val accuracy : 0.42174545454545453, best val accuracy : 0.4926
INFO flwr 2023-09-27 03:46:07,783 | common.py:35 | Avg. local train loss : 4.577838646620512, train acc : 0.822873611111111
INFO flwr 2023-09-27 03:46:10,815 | server.py:116 | fit progress: (3, 1.5427607177734375, {'server_test_acc': 0.4834}, 331.1134689699975)
INFO flwr 2023-09-27 03:46:10,815 | server.py:163 | evaluate_round 3: no clients selected, cancel
DEBUG flwr 2023-09-27 03:46:23,050 | server.py:215 | fit_round 4: strategy sampled 8 clients (out of 20)
[2m[36m(launch_and_fit pid=1189681)[0m malloc_consolidate(): invalid chunk size
[2m[36m(launch_and_fit pid=1189689)[0m malloc_consolidate(): invalid chunk size
DEBUG flwr 2023-09-27 03:47:32,526 | server.py:229 | fit_round 4 received 8 results and 0 failures
INFO flwr 2023-09-27 03:47:32,635 | fed_df.py:367 | Warm start at round 4
[2m[36m(launch_and_fit pid=1189687)[0m corrupted size vs. prev_size in fastbins
INFO flwr 2023-09-27 03:47:32,733 | fed_df.py:465 | Performing server side distillation training...
[2m[36m(launch_and_fit pid=1189681)[0m Fitting Client 11
[2m[36m(launch_and_fit pid=1189686)[0m Fitting Client 8
[2m[36m(launch_and_fit pid=1189688)[0m Fitting Client 12
[2m[36m(launch_and_fit pid=1189685)[0m Fitting Client 19
[2m[36m(launch_and_fit pid=1189689)[0m Fitting Client 0
[2m[36m(launch_and_fit pid=1189687)[0m Fitting Client 3
[2m[36m(launch_and_fit pid=1189690)[0m Fitting Client 9
[2m[36m(launch_and_fit pid=1189691)[0m Fitting Client 4
E0927 03:47:33.237079920 1174131 chttp2_transport.cc:1079]             ipv4:145.136.62.8:37410: Received a GOAWAY with error code ENHANCE_YOUR_CALM and debug data equal to "too_many_pings". Current keepalive time (before throttling): 480000ms
[2m[36m(launch_and_fit pid=1189685)[0m malloc_consolidate(): invalid chunk size
[2m[36m(launch_and_fit pid=1189688)[0m malloc_consolidate(): invalid chunk size
[2m[36m(launch_and_fit pid=1189686)[0m corrupted size vs. prev_size in fastbins
[2m[36m(launch_and_fit pid=1189691)[0m malloc_consolidate(): invalid chunk size
[2m[36m(launch_and_fit pid=1189690)[0m malloc_consolidate(): invalid chunk size
E0927 03:47:34.570434731 1288295 chttp2_transport.cc:1079]             ipv4:145.136.62.8:37410: Received a GOAWAY with error code ENHANCE_YOUR_CALM and debug data equal to "too_many_pings". Current keepalive time (before throttling): 960000ms
INFO flwr 2023-09-27 03:47:57,064 | fed_df.py:545 | Distillation training stopped at step number : 500
INFO flwr 2023-09-27 03:47:57,065 | fed_df.py:552 | Average fusion training loss : 0.013600343367550522, val accuracy : 0.5681090909090909, best val accuracy : 0.6068
INFO flwr 2023-09-27 03:47:57,066 | common.py:35 | Avg. local train loss : 4.576970110461115, train acc : 0.8238
INFO flwr 2023-09-27 03:48:00,051 | server.py:116 | fit progress: (4, 1.4866159271240234, {'server_test_acc': 0.6015}, 440.3492644910002)
INFO flwr 2023-09-27 03:48:00,051 | server.py:163 | evaluate_round 4: no clients selected, cancel
DEBUG flwr 2023-09-27 03:48:12,345 | server.py:215 | fit_round 5: strategy sampled 8 clients (out of 20)
[2m[36m(launch_and_fit pid=1304847)[0m malloc_consolidate(): invalid chunk size
[2m[36m(launch_and_fit pid=1304845)[0m malloc_consolidate(): invalid chunk size
DEBUG flwr 2023-09-27 03:49:22,208 | server.py:229 | fit_round 5 received 8 results and 0 failures
INFO flwr 2023-09-27 03:49:22,364 | fed_df.py:465 | Performing server side distillation training...
[2m[36m(launch_and_fit pid=1304841)[0m Fitting Client 17
[2m[36m(launch_and_fit pid=1304843)[0m Fitting Client 9
[2m[36m(launch_and_fit pid=1304847)[0m Fitting Client 6
[2m[36m(launch_and_fit pid=1304845)[0m Fitting Client 2
[2m[36m(launch_and_fit pid=1304849)[0m Fitting Client 14
[2m[36m(launch_and_fit pid=1304840)[0m Fitting Client 11
[2m[36m(launch_and_fit pid=1304846)[0m Fitting Client 7
[2m[36m(launch_and_fit pid=1304848)[0m Fitting Client 19
[2m[36m(launch_and_fit pid=1304843)[0m double free or corruption (fasttop)
E0927 03:49:22.908097603 1288691 chttp2_transport.cc:1079]             ipv4:145.136.62.8:37410: Received a GOAWAY with error code ENHANCE_YOUR_CALM and debug data equal to "too_many_pings". Current keepalive time (before throttling): 1920000ms
[2m[36m(launch_and_fit pid=1304840)[0m malloc_consolidate(): invalid chunk size
[2m[36m(launch_and_fit pid=1304846)[0m malloc_consolidate(): invalid chunk size
[2m[36m(launch_and_fit pid=1304849)[0m malloc_consolidate(): invalid chunk size
[2m[36m(launch_and_fit pid=1304848)[0m malloc_consolidate(): invalid chunk size
INFO flwr 2023-09-27 03:49:46,537 | fed_df.py:545 | Distillation training stopped at step number : 500
INFO flwr 2023-09-27 03:49:46,538 | fed_df.py:552 | Average fusion training loss : 0.0029702731156721713, val accuracy : 0.5361818181818182, best val accuracy : 0.5836
INFO flwr 2023-09-27 03:49:46,539 | common.py:35 | Avg. local train loss : 4.346186235174537, train acc : 0.8550194444444444
INFO flwr 2023-09-27 03:49:49,546 | server.py:116 | fit progress: (5, 1.512022637939453, {'server_test_acc': 0.5788}, 549.8440016249951)
INFO flwr 2023-09-27 03:49:49,546 | server.py:163 | evaluate_round 5: no clients selected, cancel
DEBUG flwr 2023-09-27 03:50:01,871 | server.py:215 | fit_round 6: strategy sampled 8 clients (out of 20)
[2m[36m(launch_and_fit pid=1419174)[0m malloc_consolidate(): invalid chunk size
[2m[36m(launch_and_fit pid=1419171)[0m malloc_consolidate(): invalid chunk size
DEBUG flwr 2023-09-27 03:51:11,922 | server.py:229 | fit_round 6 received 8 results and 0 failures
INFO flwr 2023-09-27 03:51:12,038 | fed_df.py:367 | Warm start at round 6
[2m[36m(launch_and_fit pid=1419176)[0m malloc_consolidate(): invalid chunk size
INFO flwr 2023-09-27 03:51:12,136 | fed_df.py:465 | Performing server side distillation training...
[2m[36m(launch_and_fit pid=1419171)[0m Fitting Client 8
[2m[36m(launch_and_fit pid=1419175)[0m Fitting Client 17
[2m[36m(launch_and_fit pid=1419174)[0m Fitting Client 15
[2m[36m(launch_and_fit pid=1419172)[0m Fitting Client 19
[2m[36m(launch_and_fit pid=1419178)[0m Fitting Client 7
[2m[36m(launch_and_fit pid=1419173)[0m Fitting Client 4
[2m[36m(launch_and_fit pid=1419176)[0m Fitting Client 18
[2m[36m(launch_and_fit pid=1419177)[0m Fitting Client 10
[2m[36m(launch_and_fit pid=1419173)[0m double free or corruption (fasttop)
[2m[36m(launch_and_fit pid=1419177)[0m malloc_consolidate(): invalid chunk size
[2m[36m(launch_and_fit pid=1419172)[0m malloc_consolidate(): invalid chunk size
[2m[36m(launch_and_fit pid=1419178)[0m double free or corruption (fasttop)
E0927 03:51:13.913719285 1402245 chttp2_transport.cc:1079]             ipv4:145.136.62.8:37410: Received a GOAWAY with error code ENHANCE_YOUR_CALM and debug data equal to "too_many_pings". Current keepalive time (before throttling): 3840000ms
[2m[36m(launch_and_fit pid=1419175)[0m malloc_consolidate(): invalid chunk size
INFO flwr 2023-09-27 03:51:36,377 | fed_df.py:545 | Distillation training stopped at step number : 500
INFO flwr 2023-09-27 03:51:36,377 | fed_df.py:552 | Average fusion training loss : 0.011285898881033063, val accuracy : 0.4476363636363638, best val accuracy : 0.53
INFO flwr 2023-09-27 03:51:36,379 | common.py:35 | Avg. local train loss : 4.213088569417596, train acc : 0.8671305555555556
INFO flwr 2023-09-27 03:51:39,390 | server.py:116 | fit progress: (6, 1.5991947540283202, {'server_test_acc': 0.5228}, 659.6883265479992)
INFO flwr 2023-09-27 03:51:39,390 | server.py:163 | evaluate_round 6: no clients selected, cancel
DEBUG flwr 2023-09-27 03:51:51,984 | server.py:215 | fit_round 7: strategy sampled 8 clients (out of 20)
DEBUG flwr 2023-09-27 03:53:01,859 | server.py:229 | fit_round 7 received 8 results and 0 failures
[2m[36m(launch_and_fit pid=1533225)[0m malloc_consolidate(): invalid chunk size
INFO flwr 2023-09-27 03:53:02,016 | fed_df.py:465 | Performing server side distillation training...
[2m[36m(launch_and_fit pid=1533225)[0m Fitting Client 0
[2m[36m(launch_and_fit pid=1533229)[0m Fitting Client 12
[2m[36m(launch_and_fit pid=1533232)[0m Fitting Client 2
[2m[36m(launch_and_fit pid=1533231)[0m Fitting Client 3
[2m[36m(launch_and_fit pid=1533230)[0m Fitting Client 8
[2m[36m(launch_and_fit pid=1533233)[0m Fitting Client 19
[2m[36m(launch_and_fit pid=1533235)[0m Fitting Client 4
[2m[36m(launch_and_fit pid=1533234)[0m Fitting Client 15
[2m[36m(launch_and_fit pid=1533231)[0m malloc_consolidate(): invalid chunk size
[2m[36m(launch_and_fit pid=1533234)[0m double free or corruption (fasttop)
[2m[36m(launch_and_fit pid=1533233)[0m double free or corruption (fasttop)
[2m[36m(launch_and_fit pid=1533235)[0m malloc_consolidate(): invalid chunk size
[2m[36m(launch_and_fit pid=1533229)[0m malloc_consolidate(): invalid chunk size
[2m[36m(launch_and_fit pid=1533232)[0m malloc_consolidate(): invalid chunk size
E0927 03:53:03.834999514 1518025 chttp2_transport.cc:1079]             ipv4:145.136.62.8:37410: Received a GOAWAY with error code ENHANCE_YOUR_CALM and debug data equal to "too_many_pings". Current keepalive time (before throttling): 7680000ms
E0927 03:53:03.835100067 1518025 chttp2_transport.cc:1079]             ipv4:145.136.62.8:37410: Received a GOAWAY with error code ENHANCE_YOUR_CALM and debug data equal to "too_many_pings". Current keepalive time (before throttling): 7680000ms
[2m[36m(launch_and_fit pid=1533230)[0m double free or corruption (fasttop)
INFO flwr 2023-09-27 03:53:30,998 | fed_df.py:545 | Distillation training stopped at step number : 500
INFO flwr 2023-09-27 03:53:30,998 | fed_df.py:552 | Average fusion training loss : 0.0033484115875326097, val accuracy : 0.5435090909090909, best val accuracy : 0.6212
INFO flwr 2023-09-27 03:53:31,000 | common.py:35 | Avg. local train loss : 4.385516577214002, train acc : 0.8606652777777778
INFO flwr 2023-09-27 03:53:34,091 | server.py:116 | fit progress: (7, 1.4424895782470704, {'server_test_acc': 0.602}, 774.3887982410088)
INFO flwr 2023-09-27 03:53:34,091 | server.py:163 | evaluate_round 7: no clients selected, cancel
DEBUG flwr 2023-09-27 03:53:46,351 | server.py:215 | fit_round 8: strategy sampled 8 clients (out of 20)
[2m[36m(launch_and_fit pid=1648823)[0m malloc_consolidate(): invalid chunk size
[2m[36m(launch_and_fit pid=1648818)[0m malloc_consolidate(): invalid chunk size
[2m[36m(launch_and_fit pid=1648816)[0m double free or corruption (fasttop)
[2m[36m(launch_and_fit pid=1648825)[0m malloc_consolidate(): invalid chunk size
[2m[36m(launch_and_fit pid=1648826)[0m malloc_consolidate(): invalid chunk size
DEBUG flwr 2023-09-27 03:54:56,780 | server.py:229 | fit_round 8 received 8 results and 0 failures
[2m[36m(launch_and_fit pid=1648822)[0m double free or corruption (fasttop)
INFO flwr 2023-09-27 03:54:56,891 | fed_df.py:367 | Warm start at round 8
INFO flwr 2023-09-27 03:54:56,990 | fed_df.py:465 | Performing server side distillation training...
[2m[36m(launch_and_fit pid=1648816)[0m Fitting Client 14
[2m[36m(launch_and_fit pid=1648819)[0m Fitting Client 15
[2m[36m(launch_and_fit pid=1648818)[0m Fitting Client 5
[2m[36m(launch_and_fit pid=1648823)[0m Fitting Client 19
[2m[36m(launch_and_fit pid=1648822)[0m Fitting Client 7
[2m[36m(launch_and_fit pid=1648824)[0m Fitting Client 9
[2m[36m(launch_and_fit pid=1648825)[0m Fitting Client 13
[2m[36m(launch_and_fit pid=1648826)[0m Fitting Client 4
[2m[36m(launch_and_fit pid=1648824)[0m malloc_consolidate(): invalid chunk size
E0927 03:54:57.810423812 1633242 chttp2_transport.cc:1079]             ipv4:145.136.62.8:37410: Received a GOAWAY with error code ENHANCE_YOUR_CALM and debug data equal to "too_many_pings". Current keepalive time (before throttling): 15360000ms
E0927 03:54:57.810523273 1633242 chttp2_transport.cc:1079]             ipv4:145.136.62.8:37410: Received a GOAWAY with error code ENHANCE_YOUR_CALM and debug data equal to "too_many_pings". Current keepalive time (before throttling): 15360000ms
[2m[36m(launch_and_fit pid=1648819)[0m malloc_consolidate(): invalid chunk size
INFO flwr 2023-09-27 03:55:20,900 | fed_df.py:545 | Distillation training stopped at step number : 500
INFO flwr 2023-09-27 03:55:20,901 | fed_df.py:552 | Average fusion training loss : 0.0081590143321082, val accuracy : 0.6284181818181819, best val accuracy : 0.661
INFO flwr 2023-09-27 03:55:20,902 | common.py:35 | Avg. local train loss : 4.45973321273923, train acc : 0.8539777777777777
INFO flwr 2023-09-27 03:55:23,955 | server.py:116 | fit progress: (8, 1.4476318511962891, {'server_test_acc': 0.6563}, 884.2528207630094)
INFO flwr 2023-09-27 03:55:23,955 | server.py:163 | evaluate_round 8: no clients selected, cancel
DEBUG flwr 2023-09-27 03:55:36,284 | server.py:215 | fit_round 9: strategy sampled 8 clients (out of 20)
[2m[36m(launch_and_fit pid=1763663)[0m malloc_consolidate(): invalid chunk size
[2m[36m(launch_and_fit pid=1763658)[0m malloc_consolidate(): invalid chunk size
DEBUG flwr 2023-09-27 03:56:45,867 | server.py:229 | fit_round 9 received 8 results and 0 failures
INFO flwr 2023-09-27 03:56:46,019 | fed_df.py:465 | Performing server side distillation training...
[2m[36m(launch_and_fit pid=1763658)[0m Fitting Client 2
[2m[36m(launch_and_fit pid=1763663)[0m Fitting Client 18
[2m[36m(launch_and_fit pid=1763664)[0m Fitting Client 4
[2m[36m(launch_and_fit pid=1763665)[0m Fitting Client 5
[2m[36m(launch_and_fit pid=1763668)[0m Fitting Client 16
[2m[36m(launch_and_fit pid=1763666)[0m Fitting Client 13
[2m[36m(launch_and_fit pid=1763659)[0m Fitting Client 3
[2m[36m(launch_and_fit pid=1763667)[0m Fitting Client 19
[2m[36m(launch_and_fit pid=1763665)[0m double free or corruption (fasttop)
[2m[36m(launch_and_fit pid=1763667)[0m double free or corruption (fasttop)
[2m[36m(launch_and_fit pid=1763668)[0m double free or corruption (fasttop)
[2m[36m(launch_and_fit pid=1763666)[0m double free or corruption (fasttop)
E0927 03:56:47.494940856 1747219 chttp2_transport.cc:1079]             ipv4:145.136.62.8:37410: Received a GOAWAY with error code ENHANCE_YOUR_CALM and debug data equal to "too_many_pings". Current keepalive time (before throttling): 30720000ms
[2m[36m(launch_and_fit pid=1763659)[0m double free or corruption (fasttop)
[2m[36m(launch_and_fit pid=1763664)[0m double free or corruption (fasttop)
INFO flwr 2023-09-27 03:57:10,272 | fed_df.py:545 | Distillation training stopped at step number : 500
INFO flwr 2023-09-27 03:57:10,272 | fed_df.py:552 | Average fusion training loss : 0.002352965080877766, val accuracy : 0.5989818181818183, best val accuracy : 0.6546
INFO flwr 2023-09-27 03:57:10,273 | common.py:35 | Avg. local train loss : 4.1263737348839635, train acc : 0.8844166666666666
INFO flwr 2023-09-27 03:57:13,289 | server.py:116 | fit progress: (9, 1.4759429656982421, {'server_test_acc': 0.6496}, 993.587431404012)
INFO flwr 2023-09-27 03:57:13,290 | server.py:163 | evaluate_round 9: no clients selected, cancel
DEBUG flwr 2023-09-27 03:57:25,414 | server.py:215 | fit_round 10: strategy sampled 8 clients (out of 20)
[2m[36m(launch_and_fit pid=1878087)[0m malloc_consolidate(): invalid chunk size
[2m[36m(launch_and_fit pid=1878092)[0m malloc_consolidate(): invalid chunk size
[2m[36m(launch_and_fit pid=1878097)[0m malloc_consolidate(): invalid chunk size
DEBUG flwr 2023-09-27 03:58:36,619 | server.py:229 | fit_round 10 received 8 results and 0 failures
INFO flwr 2023-09-27 03:58:36,731 | fed_df.py:367 | Warm start at round 10
INFO flwr 2023-09-27 03:58:36,831 | fed_df.py:465 | Performing server side distillation training...
[2m[36m(launch_and_fit pid=1878094)[0m Fitting Client 0
[2m[36m(launch_and_fit pid=1878087)[0m Fitting Client 13
[2m[36m(launch_and_fit pid=1878090)[0m Fitting Client 5
[2m[36m(launch_and_fit pid=1878097)[0m Fitting Client 7
[2m[36m(launch_and_fit pid=1878093)[0m Fitting Client 1
[2m[36m(launch_and_fit pid=1878092)[0m Fitting Client 10
[2m[36m(launch_and_fit pid=1878096)[0m Fitting Client 9
[2m[36m(launch_and_fit pid=1878095)[0m Fitting Client 19
[2m[36m(launch_and_fit pid=1878095)[0m malloc_consolidate(): invalid chunk size
[2m[36m(launch_and_fit pid=1878090)[0m malloc_consolidate(): invalid chunk size
[2m[36m(launch_and_fit pid=1878096)[0m malloc_consolidate(): invalid chunk size
E0927 03:58:37.822864699 1999717 chttp2_transport.cc:1079]             ipv4:145.136.62.8:37410: Received a GOAWAY with error code ENHANCE_YOUR_CALM and debug data equal to "too_many_pings". Current keepalive time (before throttling): 61440000ms
[2m[36m(launch_and_fit pid=1878093)[0m double free or corruption (fasttop)
[2m[36m(launch_and_fit pid=1878094)[0m double free or corruption (fasttop)
E0927 03:58:58.967184920 1999981 chttp2_transport.cc:1079]             ipv4:145.136.62.8:37410: Received a GOAWAY with error code ENHANCE_YOUR_CALM and debug data equal to "too_many_pings". Current keepalive time (before throttling): 122880000ms
INFO flwr 2023-09-27 03:59:01,082 | fed_df.py:545 | Distillation training stopped at step number : 500
INFO flwr 2023-09-27 03:59:01,082 | fed_df.py:552 | Average fusion training loss : 0.00941467998176813, val accuracy : 0.5893454545454545, best val accuracy : 0.6524
INFO flwr 2023-09-27 03:59:01,084 | common.py:35 | Avg. local train loss : 4.248572813533246, train acc : 0.8727222222222223
INFO flwr 2023-09-27 03:59:04,089 | server.py:116 | fit progress: (10, 1.620061703491211, {'server_test_acc': 0.646}, 1104.387490971014)
INFO flwr 2023-09-27 03:59:04,089 | server.py:163 | evaluate_round 10: no clients selected, cancel
DEBUG flwr 2023-09-27 03:59:16,583 | server.py:215 | fit_round 11: strategy sampled 8 clients (out of 20)
[2m[36m(launch_and_fit pid=2032188)[0m malloc_consolidate(): invalid chunk size
DEBUG flwr 2023-09-27 04:00:26,132 | server.py:229 | fit_round 11 received 8 results and 0 failures
INFO flwr 2023-09-27 04:00:26,297 | fed_df.py:465 | Performing server side distillation training...
[2m[36m(launch_and_fit pid=2032190)[0m Fitting Client 3
[2m[36m(launch_and_fit pid=2032188)[0m Fitting Client 13
[2m[36m(launch_and_fit pid=2032193)[0m Fitting Client 6
[2m[36m(launch_and_fit pid=2032195)[0m Fitting Client 11
[2m[36m(launch_and_fit pid=2032196)[0m Fitting Client 16
[2m[36m(launch_and_fit pid=2032197)[0m Fitting Client 5
[2m[36m(launch_and_fit pid=2032199)[0m Fitting Client 0
[2m[36m(launch_and_fit pid=2032198)[0m Fitting Client 14
[2m[36m(launch_and_fit pid=2032193)[0m malloc_consolidate(): invalid chunk size
[2m[36m(launch_and_fit pid=2032199)[0m malloc_consolidate(): invalid chunk size
[2m[36m(launch_and_fit pid=2032196)[0m double free or corruption (fasttop)
E0927 04:00:27.134369896 2022917 chttp2_transport.cc:1079]             ipv4:145.136.62.8:37410: Received a GOAWAY with error code ENHANCE_YOUR_CALM and debug data equal to "too_many_pings". Current keepalive time (before throttling): 245760000ms
[2m[36m(launch_and_fit pid=2032190)[0m double free or corruption (fasttop)
[2m[36m(launch_and_fit pid=2032198)[0m malloc_consolidate(): invalid chunk size
[2m[36m(launch_and_fit pid=2032195)[0m malloc_consolidate(): invalid chunk size
[2m[36m(launch_and_fit pid=2032197)[0m double free or corruption (fasttop)
INFO flwr 2023-09-27 04:00:50,705 | fed_df.py:545 | Distillation training stopped at step number : 500
INFO flwr 2023-09-27 04:00:50,706 | fed_df.py:552 | Average fusion training loss : 0.003102031166665256, val accuracy : 0.6357090909090909, best val accuracy : 0.6754
INFO flwr 2023-09-27 04:00:50,707 | common.py:35 | Avg. local train loss : 4.352905499190092, train acc : 0.8681083333333334
INFO flwr 2023-09-27 04:00:53,688 | server.py:116 | fit progress: (11, 1.3399148193359376, {'server_test_acc': 0.6568}, 1213.9865513069963)
INFO flwr 2023-09-27 04:00:53,689 | server.py:163 | evaluate_round 11: no clients selected, cancel
DEBUG flwr 2023-09-27 04:01:06,255 | server.py:215 | fit_round 12: strategy sampled 8 clients (out of 20)
[2m[36m(launch_and_fit pid=2146821)[0m malloc_consolidate(): invalid chunk size
[2m[36m(launch_and_fit pid=2146822)[0m double free or corruption (fasttop)
DEBUG flwr 2023-09-27 04:02:16,341 | server.py:229 | fit_round 12 received 8 results and 0 failures
[2m[36m(launch_and_fit pid=2146831)[0m malloc_consolidate(): invalid chunk size
INFO flwr 2023-09-27 04:02:16,453 | fed_df.py:367 | Warm start at round 12
INFO flwr 2023-09-27 04:02:16,551 | fed_df.py:465 | Performing server side distillation training...
[2m[36m(launch_and_fit pid=2146821)[0m Fitting Client 17
[2m[36m(launch_and_fit pid=2146822)[0m Fitting Client 14
[2m[36m(launch_and_fit pid=2146829)[0m Fitting Client 8
[2m[36m(launch_and_fit pid=2146828)[0m Fitting Client 0
[2m[36m(launch_and_fit pid=2146830)[0m Fitting Client 3
[2m[36m(launch_and_fit pid=2146831)[0m Fitting Client 5
[2m[36m(launch_and_fit pid=2146832)[0m Fitting Client 18
[2m[36m(launch_and_fit pid=2146833)[0m Fitting Client 1
[2m[36m(launch_and_fit pid=2146830)[0m malloc_consolidate(): invalid chunk size
[2m[36m(launch_and_fit pid=2146833)[0m double free or corruption (fasttop)
[2m[36m(launch_and_fit pid=2146828)[0m double free or corruption (fasttop)
[2m[36m(launch_and_fit pid=2146832)[0m malloc_consolidate(): invalid chunk size
E0927 04:02:18.024199724 2130135 chttp2_transport.cc:1079]             ipv4:145.136.62.8:37410: Received a GOAWAY with error code ENHANCE_YOUR_CALM and debug data equal to "too_many_pings". Current keepalive time (before throttling): 491520000ms
[2m[36m(launch_and_fit pid=2146829)[0m malloc_consolidate(): invalid chunk size
INFO flwr 2023-09-27 04:02:41,196 | fed_df.py:545 | Distillation training stopped at step number : 500
INFO flwr 2023-09-27 04:02:41,196 | fed_df.py:552 | Average fusion training loss : 0.007830105098895729, val accuracy : 0.6105818181818182, best val accuracy : 0.6582
INFO flwr 2023-09-27 04:02:41,198 | common.py:35 | Avg. local train loss : 4.188467669300735, train acc : 0.87855
INFO flwr 2023-09-27 04:02:44,312 | server.py:116 | fit progress: (12, 1.48398115234375, {'server_test_acc': 0.6432}, 1324.6106109950051)
INFO flwr 2023-09-27 04:02:44,313 | server.py:163 | evaluate_round 12: no clients selected, cancel
DEBUG flwr 2023-09-27 04:02:56,620 | server.py:215 | fit_round 13: strategy sampled 8 clients (out of 20)
[2m[36m(launch_and_fit pid=2261483)[0m malloc_consolidate(): invalid chunk size
DEBUG flwr 2023-09-27 04:04:06,102 | server.py:229 | fit_round 13 received 8 results and 0 failures
INFO flwr 2023-09-27 04:04:06,253 | fed_df.py:465 | Performing server side distillation training...
[2m[36m(launch_and_fit pid=2261483)[0m Fitting Client 14
[2m[36m(launch_and_fit pid=2261480)[0m Fitting Client 3
[2m[36m(launch_and_fit pid=2261481)[0m Fitting Client 5
[2m[36m(launch_and_fit pid=2261479)[0m Fitting Client 0
[2m[36m(launch_and_fit pid=2261482)[0m Fitting Client 7
[2m[36m(launch_and_fit pid=2261473)[0m Fitting Client 19
[2m[36m(launch_and_fit pid=2261475)[0m Fitting Client 11
[2m[36m(launch_and_fit pid=2261478)[0m Fitting Client 18
[2m[36m(launch_and_fit pid=2261481)[0m malloc_consolidate(): invalid chunk size
[2m[36m(launch_and_fit pid=2261479)[0m malloc_consolidate(): invalid chunk size
[2m[36m(launch_and_fit pid=2261482)[0m double free or corruption (fasttop)
[2m[36m(launch_and_fit pid=2261475)[0m double free or corruption (fasttop)
[2m[36m(launch_and_fit pid=2261473)[0m malloc_consolidate(): invalid chunk size
E0927 04:04:07.732519236 2245535 chttp2_transport.cc:1079]             ipv4:145.136.62.8:37410: Received a GOAWAY with error code ENHANCE_YOUR_CALM and debug data equal to "too_many_pings". Current keepalive time (before throttling): 983040000ms
E0927 04:04:07.732614559 2245535 chttp2_transport.cc:1079]             ipv4:145.136.62.8:37410: Received a GOAWAY with error code ENHANCE_YOUR_CALM and debug data equal to "too_many_pings". Current keepalive time (before throttling): 983040000ms
E0927 04:04:07.732626681 2245535 chttp2_transport.cc:1079]             ipv4:145.136.62.8:37410: Received a GOAWAY with error code ENHANCE_YOUR_CALM and debug data equal to "too_many_pings". Current keepalive time (before throttling): 983040000ms
[2m[36m(launch_and_fit pid=2261480)[0m double free or corruption (fasttop)
[2m[36m(launch_and_fit pid=2261478)[0m double free or corruption (fasttop)
INFO flwr 2023-09-27 04:04:30,844 | fed_df.py:545 | Distillation training stopped at step number : 500
INFO flwr 2023-09-27 04:04:30,845 | fed_df.py:552 | Average fusion training loss : 0.002826803958043456, val accuracy : 0.5906545454545455, best val accuracy : 0.697
INFO flwr 2023-09-27 04:04:30,846 | common.py:35 | Avg. local train loss : 3.8930962705984706, train acc : 0.9046111111111111
INFO flwr 2023-09-27 04:04:33,943 | server.py:116 | fit progress: (13, 1.4733891052246093, {'server_test_acc': 0.6814}, 1434.2415036910097)
INFO flwr 2023-09-27 04:04:33,944 | server.py:163 | evaluate_round 13: no clients selected, cancel
DEBUG flwr 2023-09-27 04:04:46,288 | server.py:215 | fit_round 14: strategy sampled 8 clients (out of 20)
[2m[36m(launch_and_fit pid=2376799)[0m malloc_consolidate(): invalid chunk size
[2m[36m(launch_and_fit pid=2376796)[0m malloc_consolidate(): invalid chunk size
DEBUG flwr 2023-09-27 04:05:56,019 | server.py:229 | fit_round 14 received 8 results and 0 failures
INFO flwr 2023-09-27 04:05:56,130 | fed_df.py:367 | Warm start at round 14
INFO flwr 2023-09-27 04:05:56,230 | fed_df.py:465 | Performing server side distillation training...
[2m[36m(launch_and_fit pid=2376796)[0m Fitting Client 8
[2m[36m(launch_and_fit pid=2376799)[0m Fitting Client 16
[2m[36m(launch_and_fit pid=2376803)[0m Fitting Client 10
[2m[36m(launch_and_fit pid=2376802)[0m Fitting Client 3
[2m[36m(launch_and_fit pid=2376805)[0m Fitting Client 18
[2m[36m(launch_and_fit pid=2376800)[0m Fitting Client 9
[2m[36m(launch_and_fit pid=2376806)[0m Fitting Client 14
[2m[36m(launch_and_fit pid=2376804)[0m Fitting Client 4
[2m[36m(launch_and_fit pid=2376806)[0m malloc_consolidate(): invalid chunk size
[2m[36m(launch_and_fit pid=2376800)[0m malloc_consolidate(): invalid chunk size
[2m[36m(launch_and_fit pid=2376803)[0m double free or corruption (fasttop)
[2m[36m(launch_and_fit pid=2376804)[0m malloc_consolidate(): invalid chunk size
[2m[36m(launch_and_fit pid=2376802)[0m double free or corruption (fasttop)
[2m[36m(launch_and_fit pid=2376805)[0m malloc_consolidate(): invalid chunk size
E0927 04:06:00.555774414 2360640 chttp2_transport.cc:1079]             ipv4:145.136.62.8:37410: Received a GOAWAY with error code ENHANCE_YOUR_CALM and debug data equal to "too_many_pings". Current keepalive time (before throttling): 1966080000ms
INFO flwr 2023-09-27 04:06:20,860 | fed_df.py:545 | Distillation training stopped at step number : 500
INFO flwr 2023-09-27 04:06:20,860 | fed_df.py:552 | Average fusion training loss : 0.006911336733959615, val accuracy : 0.6758181818181819, best val accuracy : 0.7186
INFO flwr 2023-09-27 04:06:20,861 | common.py:35 | Avg. local train loss : 3.9734532158821825, train acc : 0.8992458333333333
INFO flwr 2023-09-27 04:06:23,914 | server.py:116 | fit progress: (14, 1.402501446533203, {'server_test_acc': 0.7026}, 1544.2120412570075)
INFO flwr 2023-09-27 04:06:23,914 | server.py:163 | evaluate_round 14: no clients selected, cancel
DEBUG flwr 2023-09-27 04:06:36,228 | server.py:215 | fit_round 15: strategy sampled 8 clients (out of 20)
[2m[36m(launch_and_fit pid=2491350)[0m malloc_consolidate(): invalid chunk size
DEBUG flwr 2023-09-27 04:07:46,009 | server.py:229 | fit_round 15 received 8 results and 0 failures
[2m[36m(launch_and_fit pid=2491356)[0m malloc_consolidate(): invalid chunk size
[2m[36m(launch_and_fit pid=2491361)[0m double free or corruption (fasttop)
INFO flwr 2023-09-27 04:07:46,163 | fed_df.py:465 | Performing server side distillation training...
[2m[36m(launch_and_fit pid=2491350)[0m Fitting Client 7
[2m[36m(launch_and_fit pid=2491351)[0m Fitting Client 8
[2m[36m(launch_and_fit pid=2491356)[0m Fitting Client 15
[2m[36m(launch_and_fit pid=2491357)[0m Fitting Client 12
[2m[36m(launch_and_fit pid=2491359)[0m Fitting Client 1
[2m[36m(launch_and_fit pid=2491361)[0m Fitting Client 14
[2m[36m(launch_and_fit pid=2491358)[0m Fitting Client 5
[2m[36m(launch_and_fit pid=2491360)[0m Fitting Client 18
[2m[36m(launch_and_fit pid=2491360)[0m double free or corruption (fasttop)
E0927 04:07:46.766469404 2479204 chttp2_transport.cc:1079]             ipv4:145.136.62.8:37410: Received a GOAWAY with error code ENHANCE_YOUR_CALM and debug data equal to "too_many_pings". Current keepalive time (before throttling): ∞
[2m[36m(launch_and_fit pid=2491359)[0m double free or corruption (fasttop)
[2m[36m(launch_and_fit pid=2491351)[0m malloc_consolidate(): invalid chunk size
[2m[36m(launch_and_fit pid=2491357)[0m double free or corruption (fasttop)
INFO flwr 2023-09-27 04:08:10,765 | fed_df.py:545 | Distillation training stopped at step number : 500
INFO flwr 2023-09-27 04:08:10,766 | fed_df.py:552 | Average fusion training loss : 0.003934976458083838, val accuracy : 0.6583636363636363, best val accuracy : 0.6922
INFO flwr 2023-09-27 04:08:10,767 | common.py:35 | Avg. local train loss : 3.880034587718547, train acc : 0.9073333333333334
INFO flwr 2023-09-27 04:08:13,772 | server.py:116 | fit progress: (15, 1.4117160217285156, {'server_test_acc': 0.6812}, 1654.0701927670161)
INFO flwr 2023-09-27 04:08:13,772 | server.py:163 | evaluate_round 15: no clients selected, cancel
DEBUG flwr 2023-09-27 04:08:26,013 | server.py:215 | fit_round 16: strategy sampled 8 clients (out of 20)
[2m[36m(launch_and_fit pid=2606217)[0m double free or corruption (fasttop)
[2m[36m(launch_and_fit pid=2606209)[0m double free or corruption (fasttop)
[2m[36m(launch_and_fit pid=2606215)[0m double free or corruption (fasttop)
[2m[36m(launch_and_fit pid=2606219)[0m double free or corruption (fasttop)
[2m[36m(launch_and_fit pid=2606216)[0m malloc_consolidate(): invalid chunk size
[2m[36m(launch_and_fit pid=2606211)[0m double free or corruption (fasttop)
DEBUG flwr 2023-09-27 04:09:37,161 | server.py:229 | fit_round 16 received 8 results and 0 failures
INFO flwr 2023-09-27 04:09:37,271 | fed_df.py:367 | Warm start at round 16
[2m[36m(launch_and_fit pid=2606214)[0m double free or corruption (fasttop)
INFO flwr 2023-09-27 04:09:37,368 | fed_df.py:465 | Performing server side distillation training...
[2m[36m(launch_and_fit pid=2606209)[0m Fitting Client 17
[2m[36m(launch_and_fit pid=2606211)[0m Fitting Client 10
[2m[36m(launch_and_fit pid=2606216)[0m Fitting Client 18
[2m[36m(launch_and_fit pid=2606214)[0m Fitting Client 12
[2m[36m(launch_and_fit pid=2606215)[0m Fitting Client 11
[2m[36m(launch_and_fit pid=2606218)[0m Fitting Client 15
[2m[36m(launch_and_fit pid=2606217)[0m Fitting Client 7
[2m[36m(launch_and_fit pid=2606219)[0m Fitting Client 9
E0927 04:09:37.903098117 2703183 chttp2_transport.cc:1079]             ipv4:145.136.62.8:37410: Received a GOAWAY with error code ENHANCE_YOUR_CALM and debug data equal to "too_many_pings". Current keepalive time (before throttling): ∞
[2m[36m(launch_and_fit pid=2606218)[0m malloc_consolidate(): invalid chunk size
INFO flwr 2023-09-27 04:10:01,458 | fed_df.py:545 | Distillation training stopped at step number : 500
INFO flwr 2023-09-27 04:10:01,458 | fed_df.py:552 | Average fusion training loss : 0.009342977106571197, val accuracy : 0.6043636363636365, best val accuracy : 0.648
INFO flwr 2023-09-27 04:10:01,460 | common.py:35 | Avg. local train loss : 3.8946319825947286, train acc : 0.906525
INFO flwr 2023-09-27 04:10:04,491 | server.py:116 | fit progress: (16, 1.562063980102539, {'server_test_acc': 0.6396}, 1764.789508396003)
INFO flwr 2023-09-27 04:10:04,491 | server.py:163 | evaluate_round 16: no clients selected, cancel
DEBUG flwr 2023-09-27 04:10:16,968 | server.py:215 | fit_round 17: strategy sampled 8 clients (out of 20)
[2m[36m(launch_and_fit pid=2721073)[0m double free or corruption (fasttop)
[2m[36m(launch_and_fit pid=2721071)[0m malloc_consolidate(): invalid chunk size
[2m[36m(launch_and_fit pid=2721075)[0m malloc_consolidate(): invalid chunk size
DEBUG flwr 2023-09-27 04:11:27,194 | server.py:229 | fit_round 17 received 8 results and 0 failures
[2m[36m(launch_and_fit pid=2721076)[0m double free or corruption (fasttop)
INFO flwr 2023-09-27 04:11:27,348 | fed_df.py:465 | Performing server side distillation training...
[2m[36m(launch_and_fit pid=2721073)[0m Fitting Client 9
[2m[36m(launch_and_fit pid=2721074)[0m Fitting Client 15
[2m[36m(launch_and_fit pid=2721079)[0m Fitting Client 11
[2m[36m(launch_and_fit pid=2721077)[0m Fitting Client 14
[2m[36m(launch_and_fit pid=2721075)[0m Fitting Client 17
[2m[36m(launch_and_fit pid=2721071)[0m Fitting Client 1
[2m[36m(launch_and_fit pid=2721076)[0m Fitting Client 0
[2m[36m(launch_and_fit pid=2721078)[0m Fitting Client 16
[2m[36m(launch_and_fit pid=2721074)[0m malloc_consolidate(): invalid chunk size
[2m[36m(launch_and_fit pid=2721079)[0m malloc_consolidate(): invalid chunk size
[2m[36m(launch_and_fit pid=2721078)[0m double free or corruption (fasttop)
[2m[36m(launch_and_fit pid=2721077)[0m malloc_consolidate(): invalid chunk size
INFO flwr 2023-09-27 04:11:51,491 | fed_df.py:545 | Distillation training stopped at step number : 500
INFO flwr 2023-09-27 04:11:51,492 | fed_df.py:552 | Average fusion training loss : 0.003641489701345563, val accuracy : 0.6220909090909091, best val accuracy : 0.6972
INFO flwr 2023-09-27 04:11:51,493 | common.py:35 | Avg. local train loss : 3.895596629008651, train acc : 0.9091361111111111
INFO flwr 2023-09-27 04:11:54,500 | server.py:116 | fit progress: (17, 1.2939063720703126, {'server_test_acc': 0.6868}, 1874.798457722005)
INFO flwr 2023-09-27 04:11:54,501 | server.py:163 | evaluate_round 17: no clients selected, cancel
DEBUG flwr 2023-09-27 04:12:07,033 | server.py:215 | fit_round 18: strategy sampled 8 clients (out of 20)
[2m[36m(launch_and_fit pid=2835685)[0m malloc_consolidate(): invalid chunk size
[2m[36m(launch_and_fit pid=2835686)[0m double free or corruption (fasttop)
[2m[36m(launch_and_fit pid=2835682)[0m double free or corruption (fasttop)
[2m[36m(launch_and_fit pid=2835678)[0m malloc_consolidate(): invalid chunk size
[2m[36m(launch_and_fit pid=2835683)[0m malloc_consolidate(): invalid chunk size
DEBUG flwr 2023-09-27 04:13:17,561 | server.py:229 | fit_round 18 received 8 results and 0 failures
INFO flwr 2023-09-27 04:13:17,671 | fed_df.py:367 | Warm start at round 18
INFO flwr 2023-09-27 04:13:17,774 | fed_df.py:465 | Performing server side distillation training...
[2m[36m(launch_and_fit pid=2835679)[0m Fitting Client 12
[2m[36m(launch_and_fit pid=2835678)[0m Fitting Client 3
[2m[36m(launch_and_fit pid=2835681)[0m Fitting Client 16
[2m[36m(launch_and_fit pid=2835682)[0m Fitting Client 2
[2m[36m(launch_and_fit pid=2835685)[0m Fitting Client 19
[2m[36m(launch_and_fit pid=2835683)[0m Fitting Client 10
[2m[36m(launch_and_fit pid=2835684)[0m Fitting Client 7
[2m[36m(launch_and_fit pid=2835686)[0m Fitting Client 14
[2m[36m(launch_and_fit pid=2835684)[0m double free or corruption (fasttop)
[2m[36m(launch_and_fit pid=2835681)[0m double free or corruption (fasttop)
[2m[36m(launch_and_fit pid=2835679)[0m malloc_consolidate(): invalid chunk size
E0927 04:13:19.602427752 2703919 chttp2_transport.cc:1079]             ipv4:145.136.62.8:37410: Received a GOAWAY with error code ENHANCE_YOUR_CALM and debug data equal to "too_many_pings". Current keepalive time (before throttling): ∞
E0927 04:13:19.602479710 2703919 chttp2_transport.cc:1079]             ipv4:145.136.62.8:37410: Received a GOAWAY with error code ENHANCE_YOUR_CALM and debug data equal to "too_many_pings". Current keepalive time (before throttling): ∞
INFO flwr 2023-09-27 04:13:41,915 | fed_df.py:545 | Distillation training stopped at step number : 500
INFO flwr 2023-09-27 04:13:41,916 | fed_df.py:552 | Average fusion training loss : 0.007069853479741141, val accuracy : 0.5802909090909091, best val accuracy : 0.6776
INFO flwr 2023-09-27 04:13:41,917 | common.py:35 | Avg. local train loss : 3.878503165394068, train acc : 0.9077249999999999
INFO flwr 2023-09-27 04:13:45,123 | server.py:116 | fit progress: (18, 1.6895792388916016, {'server_test_acc': 0.6748}, 1985.421293773019)
INFO flwr 2023-09-27 04:13:45,123 | server.py:163 | evaluate_round 18: no clients selected, cancel
DEBUG flwr 2023-09-27 04:13:57,550 | server.py:215 | fit_round 19: strategy sampled 8 clients (out of 20)
[2m[36m(launch_and_fit pid=2980462)[0m double free or corruption (fasttop)
[2m[36m(launch_and_fit pid=2980461)[0m double free or corruption (fasttop)
DEBUG flwr 2023-09-27 04:15:07,290 | server.py:229 | fit_round 19 received 8 results and 0 failures
INFO flwr 2023-09-27 04:15:07,442 | fed_df.py:465 | Performing server side distillation training...
[2m[36m(launch_and_fit pid=2980453)[0m Fitting Client 16
[2m[36m(launch_and_fit pid=2980455)[0m Fitting Client 11
[2m[36m(launch_and_fit pid=2980458)[0m Fitting Client 14
[2m[36m(launch_and_fit pid=2980456)[0m Fitting Client 17
[2m[36m(launch_and_fit pid=2980459)[0m Fitting Client 1
[2m[36m(launch_and_fit pid=2980462)[0m Fitting Client 8
[2m[36m(launch_and_fit pid=2980461)[0m Fitting Client 6
[2m[36m(launch_and_fit pid=2980460)[0m Fitting Client 10
[2m[36m(launch_and_fit pid=2980459)[0m malloc_consolidate(): invalid chunk size
[2m[36m(launch_and_fit pid=2980455)[0m malloc_consolidate(): invalid chunk size
[2m[36m(launch_and_fit pid=2980456)[0m malloc_consolidate(): invalid chunk size
[2m[36m(launch_and_fit pid=2980453)[0m malloc_consolidate(): invalid chunk size
[2m[36m(launch_and_fit pid=2980458)[0m malloc_consolidate(): invalid chunk size
[2m[36m(launch_and_fit pid=2980460)[0m malloc_consolidate(): invalid chunk size
INFO flwr 2023-09-27 04:15:31,952 | fed_df.py:545 | Distillation training stopped at step number : 500
INFO flwr 2023-09-27 04:15:31,952 | fed_df.py:552 | Average fusion training loss : 0.007095770580694079, val accuracy : 0.6328363636363638, best val accuracy : 0.6986
INFO flwr 2023-09-27 04:15:31,954 | common.py:35 | Avg. local train loss : 3.7217016145586967, train acc : 0.9223555555555556
INFO flwr 2023-09-27 04:15:35,017 | server.py:116 | fit progress: (19, 1.4852642791748047, {'server_test_acc': 0.691}, 2095.3153217569925)
INFO flwr 2023-09-27 04:15:35,017 | server.py:163 | evaluate_round 19: no clients selected, cancel
DEBUG flwr 2023-09-27 04:15:47,439 | server.py:215 | fit_round 20: strategy sampled 8 clients (out of 20)
[2m[36m(launch_and_fit pid=3104243)[0m double free or corruption (fasttop)
[2m[36m(launch_and_fit pid=3104253)[0m malloc_consolidate(): invalid chunk size
[2m[36m(launch_and_fit pid=3104249)[0m malloc_consolidate(): invalid chunk size
DEBUG flwr 2023-09-27 04:16:56,958 | server.py:229 | fit_round 20 received 8 results and 0 failures
INFO flwr 2023-09-27 04:16:57,071 | fed_df.py:367 | Warm start at round 20
INFO flwr 2023-09-27 04:16:57,171 | fed_df.py:465 | Performing server side distillation training...
[2m[36m(launch_and_fit pid=3104243)[0m Fitting Client 7
[2m[36m(launch_and_fit pid=3104244)[0m Fitting Client 12
[2m[36m(launch_and_fit pid=3104251)[0m Fitting Client 5
[2m[36m(launch_and_fit pid=3104249)[0m Fitting Client 10
[2m[36m(launch_and_fit pid=3104248)[0m Fitting Client 9
[2m[36m(launch_and_fit pid=3104250)[0m Fitting Client 11
[2m[36m(launch_and_fit pid=3104252)[0m Fitting Client 0
[2m[36m(launch_and_fit pid=3104253)[0m Fitting Client 16
[2m[36m(launch_and_fit pid=3104252)[0m double free or corruption (fasttop)
[2m[36m(launch_and_fit pid=3104244)[0m double free or corruption (fasttop)
[2m[36m(launch_and_fit pid=3104251)[0m double free or corruption (fasttop)
[2m[36m(launch_and_fit pid=3104248)[0m malloc_consolidate(): invalid chunk size
[2m[36m(launch_and_fit pid=3104250)[0m double free or corruption (fasttop)
E0927 04:16:59.910024937 3204100 chttp2_transport.cc:1079]             ipv4:145.136.62.8:37410: Received a GOAWAY with error code ENHANCE_YOUR_CALM and debug data equal to "too_many_pings". Current keepalive time (before throttling): ∞
INFO flwr 2023-09-27 04:17:21,699 | fed_df.py:545 | Distillation training stopped at step number : 500
INFO flwr 2023-09-27 04:17:21,699 | fed_df.py:552 | Average fusion training loss : 0.008200151545461267, val accuracy : 0.6782727272727272, best val accuracy : 0.7428
INFO flwr 2023-09-27 04:17:21,700 | common.py:35 | Avg. local train loss : 3.9195087635889654, train acc : 0.9073361111111111
INFO flwr 2023-09-27 04:17:24,781 | server.py:116 | fit progress: (20, 1.3531306213378906, {'server_test_acc': 0.7337}, 2205.079118794005)
INFO flwr 2023-09-27 04:17:24,781 | server.py:163 | evaluate_round 20: no clients selected, cancel
DEBUG flwr 2023-09-27 04:17:37,229 | server.py:215 | fit_round 21: strategy sampled 8 clients (out of 20)
[2m[36m(launch_and_fit pid=3219427)[0m double free or corruption (fasttop)
[2m[36m(launch_and_fit pid=3219432)[0m malloc_consolidate(): invalid chunk size
[2m[36m(launch_and_fit pid=3219431)[0m malloc_consolidate(): invalid chunk size
[2m[36m(launch_and_fit pid=3219430)[0m malloc_consolidate(): invalid chunk size
DEBUG flwr 2023-09-27 04:18:47,393 | server.py:229 | fit_round 21 received 8 results and 0 failures
[2m[36m(launch_and_fit pid=3219429)[0m malloc_consolidate(): invalid chunk size
INFO flwr 2023-09-27 04:18:47,559 | fed_df.py:465 | Performing server side distillation training...
[2m[36m(launch_and_fit pid=3219427)[0m Fitting Client 3
[2m[36m(launch_and_fit pid=3219429)[0m Fitting Client 2
[2m[36m(launch_and_fit pid=3219433)[0m Fitting Client 7
[2m[36m(launch_and_fit pid=3219432)[0m Fitting Client 11
[2m[36m(launch_and_fit pid=3219430)[0m Fitting Client 10
[2m[36m(launch_and_fit pid=3219435)[0m Fitting Client 5
[2m[36m(launch_and_fit pid=3219431)[0m Fitting Client 12
[2m[36m(launch_and_fit pid=3219434)[0m Fitting Client 16
[2m[36m(launch_and_fit pid=3219434)[0m double free or corruption (fasttop)
E0927 04:18:48.691005877 3317061 chttp2_transport.cc:1079]             ipv4:145.136.62.8:37410: Received a GOAWAY with error code ENHANCE_YOUR_CALM and debug data equal to "too_many_pings". Current keepalive time (before throttling): ∞
[2m[36m(launch_and_fit pid=3219435)[0m malloc_consolidate(): invalid chunk size
INFO flwr 2023-09-27 04:19:11,999 | fed_df.py:545 | Distillation training stopped at step number : 500
INFO flwr 2023-09-27 04:19:12,000 | fed_df.py:552 | Average fusion training loss : 0.0031781824892386794, val accuracy : 0.7114181818181818, best val accuracy : 0.7376
INFO flwr 2023-09-27 04:19:12,002 | common.py:35 | Avg. local train loss : 3.8226851267740134, train acc : 0.9172430555555556
INFO flwr 2023-09-27 04:19:15,026 | server.py:116 | fit progress: (21, 1.3575848510742188, {'server_test_acc': 0.7282}, 2315.3246114850044)
INFO flwr 2023-09-27 04:19:15,027 | server.py:163 | evaluate_round 21: no clients selected, cancel
DEBUG flwr 2023-09-27 04:19:27,407 | server.py:215 | fit_round 22: strategy sampled 8 clients (out of 20)
[2m[36m(launch_and_fit pid=3333746)[0m malloc_consolidate(): invalid chunk size
[2m[36m(launch_and_fit pid=3333745)[0m malloc_consolidate(): invalid chunk size
DEBUG flwr 2023-09-27 04:20:37,421 | server.py:229 | fit_round 22 received 8 results and 0 failures
INFO flwr 2023-09-27 04:20:37,533 | fed_df.py:367 | Warm start at round 22
INFO flwr 2023-09-27 04:20:37,631 | fed_df.py:465 | Performing server side distillation training...
[2m[36m(launch_and_fit pid=3333741)[0m Fitting Client 3
[2m[36m(launch_and_fit pid=3333743)[0m Fitting Client 17
[2m[36m(launch_and_fit pid=3333745)[0m Fitting Client 14
[2m[36m(launch_and_fit pid=3333744)[0m Fitting Client 0
[2m[36m(launch_and_fit pid=3333748)[0m Fitting Client 1
[2m[36m(launch_and_fit pid=3333747)[0m Fitting Client 4
[2m[36m(launch_and_fit pid=3333738)[0m Fitting Client 12
[2m[36m(launch_and_fit pid=3333746)[0m Fitting Client 19
[2m[36m(launch_and_fit pid=3333741)[0m malloc_consolidate(): invalid chunk size
[2m[36m(launch_and_fit pid=3333748)[0m malloc_consolidate(): invalid chunk size
[2m[36m(launch_and_fit pid=3333747)[0m malloc_consolidate(): invalid chunk size
E0927 04:20:39.365988478 3317843 chttp2_transport.cc:1079]             ipv4:145.136.62.8:37410: Received a GOAWAY with error code ENHANCE_YOUR_CALM and debug data equal to "too_many_pings". Current keepalive time (before throttling): ∞
E0927 04:20:39.366175159 3317843 chttp2_transport.cc:1079]             ipv4:145.136.62.8:37410: Received a GOAWAY with error code ENHANCE_YOUR_CALM and debug data equal to "too_many_pings". Current keepalive time (before throttling): ∞
E0927 04:20:39.366188211 3317843 chttp2_transport.cc:1079]             ipv4:145.136.62.8:37410: Received a GOAWAY with error code ENHANCE_YOUR_CALM and debug data equal to "too_many_pings". Current keepalive time (before throttling): ∞
E0927 04:20:39.366198117 3317843 chttp2_transport.cc:1079]             ipv4:145.136.62.8:37410: Received a GOAWAY with error code ENHANCE_YOUR_CALM and debug data equal to "too_many_pings". Current keepalive time (before throttling): ∞
E0927 04:20:39.366208441 3317843 chttp2_transport.cc:1079]             ipv4:145.136.62.8:37410: Received a GOAWAY with error code ENHANCE_YOUR_CALM and debug data equal to "too_many_pings". Current keepalive time (before throttling): ∞
E0927 04:20:39.366219452 3317843 chttp2_transport.cc:1079]             ipv4:145.136.62.8:37410: Received a GOAWAY with error code ENHANCE_YOUR_CALM and debug data equal to "too_many_pings". Current keepalive time (before throttling): ∞
E0927 04:20:39.366230516 3317843 chttp2_transport.cc:1079]             ipv4:145.136.62.8:37410: Received a GOAWAY with error code ENHANCE_YOUR_CALM and debug data equal to "too_many_pings". Current keepalive time (before throttling): ∞
[2m[36m(launch_and_fit pid=3333744)[0m malloc_consolidate(): invalid chunk size
[2m[36m(launch_and_fit pid=3333738)[0m double free or corruption (fasttop)
[2m[36m(launch_and_fit pid=3333743)[0m malloc_consolidate(): invalid chunk size
E0927 04:20:40.299718155 3434252 chttp2_transport.cc:1079]             ipv4:145.136.62.8:37410: Received a GOAWAY with error code ENHANCE_YOUR_CALM and debug data equal to "too_many_pings". Current keepalive time (before throttling): ∞
INFO flwr 2023-09-27 04:21:01,936 | fed_df.py:545 | Distillation training stopped at step number : 500
INFO flwr 2023-09-27 04:21:01,936 | fed_df.py:552 | Average fusion training loss : 0.008834859234280885, val accuracy : 0.5742000000000002, best val accuracy : 0.6428
INFO flwr 2023-09-27 04:21:01,938 | common.py:35 | Avg. local train loss : 3.7214635305106643, train acc : 0.9228388888888889
INFO flwr 2023-09-27 04:21:04,999 | server.py:116 | fit progress: (22, 1.6231218322753906, {'server_test_acc': 0.6318}, 2425.2969056479924)
INFO flwr 2023-09-27 04:21:04,999 | server.py:163 | evaluate_round 22: no clients selected, cancel
DEBUG flwr 2023-09-27 04:21:17,563 | server.py:215 | fit_round 23: strategy sampled 8 clients (out of 20)
[2m[36m(launch_and_fit pid=3449234)[0m double free or corruption (fasttop)
[2m[36m(launch_and_fit pid=3449230)[0m malloc_consolidate(): invalid chunk size
DEBUG flwr 2023-09-27 04:22:27,265 | server.py:229 | fit_round 23 received 8 results and 0 failures
INFO flwr 2023-09-27 04:22:27,427 | fed_df.py:465 | Performing server side distillation training...
[2m[36m(launch_and_fit pid=3449223)[0m Fitting Client 19
[2m[36m(launch_and_fit pid=3449225)[0m Fitting Client 4
[2m[36m(launch_and_fit pid=3449229)[0m Fitting Client 3
[2m[36m(launch_and_fit pid=3449232)[0m Fitting Client 11
[2m[36m(launch_and_fit pid=3449230)[0m Fitting Client 9
[2m[36m(launch_and_fit pid=3449233)[0m Fitting Client 6
[2m[36m(launch_and_fit pid=3449231)[0m Fitting Client 17
[2m[36m(launch_and_fit pid=3449234)[0m Fitting Client 16
[2m[36m(launch_and_fit pid=3449233)[0m malloc_consolidate(): invalid chunk size
[2m[36m(launch_and_fit pid=3449232)[0m malloc_consolidate(): invalid chunk size
[2m[36m(launch_and_fit pid=3449223)[0m double free or corruption (fasttop)
[2m[36m(launch_and_fit pid=3449225)[0m double free or corruption (fasttop)
E0927 04:22:28.553837317 3434654 chttp2_transport.cc:1079]             ipv4:145.136.62.8:37410: Received a GOAWAY with error code ENHANCE_YOUR_CALM and debug data equal to "too_many_pings". Current keepalive time (before throttling): ∞
E0927 04:22:28.553958363 3434654 chttp2_transport.cc:1079]             ipv4:145.136.62.8:37410: Received a GOAWAY with error code ENHANCE_YOUR_CALM and debug data equal to "too_many_pings". Current keepalive time (before throttling): ∞
E0927 04:22:28.553978750 3434654 chttp2_transport.cc:1079]             ipv4:145.136.62.8:37410: Received a GOAWAY with error code ENHANCE_YOUR_CALM and debug data equal to "too_many_pings". Current keepalive time (before throttling): ∞
[2m[36m(launch_and_fit pid=3449231)[0m malloc_consolidate(): invalid chunk size
[2m[36m(launch_and_fit pid=3449229)[0m double free or corruption (fasttop)
INFO flwr 2023-09-27 04:22:51,609 | fed_df.py:545 | Distillation training stopped at step number : 500
INFO flwr 2023-09-27 04:22:51,609 | fed_df.py:552 | Average fusion training loss : 0.008509403279982506, val accuracy : 0.6806727272727273, best val accuracy : 0.7164
INFO flwr 2023-09-27 04:22:51,610 | common.py:35 | Avg. local train loss : 3.5893121741712095, train acc : 0.933575
INFO flwr 2023-09-27 04:22:54,642 | server.py:116 | fit progress: (23, 1.3935294219970704, {'server_test_acc': 0.6993}, 2534.9399570480164)
INFO flwr 2023-09-27 04:22:54,642 | server.py:163 | evaluate_round 23: no clients selected, cancel
DEBUG flwr 2023-09-27 04:23:07,403 | server.py:215 | fit_round 24: strategy sampled 8 clients (out of 20)
DEBUG flwr 2023-09-27 04:24:16,886 | server.py:229 | fit_round 24 received 8 results and 0 failures
INFO flwr 2023-09-27 04:24:16,997 | fed_df.py:367 | Warm start at round 24
[2m[36m(launch_and_fit pid=3563134)[0m malloc_consolidate(): invalid chunk size
INFO flwr 2023-09-27 04:24:17,097 | fed_df.py:465 | Performing server side distillation training...
[2m[36m(launch_and_fit pid=3563134)[0m Fitting Client 8
[2m[36m(launch_and_fit pid=3563138)[0m Fitting Client 4
[2m[36m(launch_and_fit pid=3563140)[0m Fitting Client 5
[2m[36m(launch_and_fit pid=3563139)[0m Fitting Client 1
[2m[36m(launch_and_fit pid=3563142)[0m Fitting Client 2
[2m[36m(launch_and_fit pid=3563143)[0m Fitting Client 9
[2m[36m(launch_and_fit pid=3563141)[0m Fitting Client 10
[2m[36m(launch_and_fit pid=3563144)[0m Fitting Client 15
[2m[36m(launch_and_fit pid=3563139)[0m double free or corruption (fasttop)
[2m[36m(launch_and_fit pid=3563143)[0m malloc_consolidate(): invalid chunk size
[2m[36m(launch_and_fit pid=3563140)[0m malloc_consolidate(): invalid chunk size
[2m[36m(launch_and_fit pid=3563138)[0m malloc_consolidate(): invalid chunk size
[2m[36m(launch_and_fit pid=3563144)[0m double free or corruption (fasttop)
[2m[36m(launch_and_fit pid=3563142)[0m malloc_consolidate(): invalid chunk size
E0927 04:24:18.996206805 3547169 chttp2_transport.cc:1079]             ipv4:145.136.62.8:37410: Received a GOAWAY with error code ENHANCE_YOUR_CALM and debug data equal to "too_many_pings". Current keepalive time (before throttling): ∞
[2m[36m(launch_and_fit pid=3563141)[0m double free or corruption (fasttop)
INFO flwr 2023-09-27 04:24:41,579 | fed_df.py:545 | Distillation training stopped at step number : 500
INFO flwr 2023-09-27 04:24:41,579 | fed_df.py:552 | Average fusion training loss : 0.00828421896090731, val accuracy : 0.6928363636363636, best val accuracy : 0.7472
INFO flwr 2023-09-27 04:24:41,581 | common.py:35 | Avg. local train loss : 3.812569389119744, train acc : 0.9157513888888889
INFO flwr 2023-09-27 04:24:44,697 | server.py:116 | fit progress: (24, 1.2354422546386719, {'server_test_acc': 0.7445}, 2644.9954109700047)
INFO flwr 2023-09-27 04:24:44,697 | server.py:163 | evaluate_round 24: no clients selected, cancel
DEBUG flwr 2023-09-27 04:24:57,077 | server.py:215 | fit_round 25: strategy sampled 8 clients (out of 20)
[2m[36m(launch_and_fit pid=3678527)[0m malloc_consolidate(): invalid chunk size
[2m[36m(launch_and_fit pid=3678392)[0m malloc_consolidate(): invalid chunk size
[2m[36m(launch_and_fit pid=3678459)[0m malloc_consolidate(): invalid chunk size
DEBUG flwr 2023-09-27 04:26:06,739 | server.py:229 | fit_round 25 received 8 results and 0 failures
INFO flwr 2023-09-27 04:26:06,892 | fed_df.py:465 | Performing server side distillation training...
[2m[36m(launch_and_fit pid=3678460)[0m Fitting Client 14
[2m[36m(launch_and_fit pid=3678529)[0m Fitting Client 15
[2m[36m(launch_and_fit pid=3678525)[0m Fitting Client 6
[2m[36m(launch_and_fit pid=3678593)[0m Fitting Client 18
[2m[36m(launch_and_fit pid=3678392)[0m Fitting Client 9
[2m[36m(launch_and_fit pid=3678459)[0m Fitting Client 17
[2m[36m(launch_and_fit pid=3678527)[0m Fitting Client 0
[2m[36m(launch_and_fit pid=3678526)[0m Fitting Client 4
[2m[36m(launch_and_fit pid=3678593)[0m malloc_consolidate(): invalid chunk size
E0927 04:26:07.794856606 3775771 chttp2_transport.cc:1079]             ipv4:145.136.62.8:37410: Received a GOAWAY with error code ENHANCE_YOUR_CALM and debug data equal to "too_many_pings". Current keepalive time (before throttling): ∞
[2m[36m(launch_and_fit pid=3678525)[0m malloc_consolidate(): invalid chunk size
[2m[36m(launch_and_fit pid=3678460)[0m double free or corruption (fasttop)
[2m[36m(launch_and_fit pid=3678526)[0m malloc_consolidate(): invalid chunk size
INFO flwr 2023-09-27 04:26:31,318 | fed_df.py:545 | Distillation training stopped at step number : 500
INFO flwr 2023-09-27 04:26:31,318 | fed_df.py:552 | Average fusion training loss : 0.002891981873428449, val accuracy : 0.6965454545454546, best val accuracy : 0.7468
INFO flwr 2023-09-27 04:26:31,320 | common.py:35 | Avg. local train loss : 3.6492730611935262, train acc : 0.928797222222222
INFO flwr 2023-09-27 04:26:34,376 | server.py:116 | fit progress: (25, 1.2089828033447265, {'server_test_acc': 0.7368}, 2754.673975092999)
INFO flwr 2023-09-27 04:26:34,376 | server.py:163 | evaluate_round 25: no clients selected, cancel
DEBUG flwr 2023-09-27 04:26:46,639 | server.py:215 | fit_round 26: strategy sampled 8 clients (out of 20)
[2m[36m(launch_and_fit pid=3792534)[0m double free or corruption (fasttop)
[2m[36m(launch_and_fit pid=3792536)[0m double free or corruption (fasttop)
[2m[36m(launch_and_fit pid=3792533)[0m double free or corruption (fasttop)
[2m[36m(launch_and_fit pid=3792538)[0m double free or corruption (fasttop)
DEBUG flwr 2023-09-27 04:27:56,560 | server.py:229 | fit_round 26 received 8 results and 0 failures
INFO flwr 2023-09-27 04:27:56,672 | fed_df.py:367 | Warm start at round 26
INFO flwr 2023-09-27 04:27:56,779 | fed_df.py:465 | Performing server side distillation training...
[2m[36m(launch_and_fit pid=3792530)[0m Fitting Client 15
[2m[36m(launch_and_fit pid=3792532)[0m Fitting Client 13
[2m[36m(launch_and_fit pid=3792533)[0m Fitting Client 12
[2m[36m(launch_and_fit pid=3792536)[0m Fitting Client 9
[2m[36m(launch_and_fit pid=3792538)[0m Fitting Client 5
[2m[36m(launch_and_fit pid=3792534)[0m Fitting Client 8
[2m[36m(launch_and_fit pid=3792537)[0m Fitting Client 6
[2m[36m(launch_and_fit pid=3792535)[0m Fitting Client 1
[2m[36m(launch_and_fit pid=3792535)[0m corrupted size vs. prev_size in fastbins
[2m[36m(launch_and_fit pid=3792530)[0m malloc_consolidate(): invalid chunk size
[2m[36m(launch_and_fit pid=3792537)[0m double free or corruption (fasttop)
E0927 04:27:58.494859330 3776339 chttp2_transport.cc:1079]             ipv4:145.136.62.8:37410: Received a GOAWAY with error code ENHANCE_YOUR_CALM and debug data equal to "too_many_pings". Current keepalive time (before throttling): ∞
[2m[36m(launch_and_fit pid=3792532)[0m malloc_consolidate(): invalid chunk size
INFO flwr 2023-09-27 04:28:21,273 | fed_df.py:545 | Distillation training stopped at step number : 500
INFO flwr 2023-09-27 04:28:21,273 | fed_df.py:552 | Average fusion training loss : 0.007156909407116473, val accuracy : 0.6996545454545454, best val accuracy : 0.7628
INFO flwr 2023-09-27 04:28:21,275 | common.py:35 | Avg. local train loss : 3.7743830563500524, train acc : 0.9197305555555556
INFO flwr 2023-09-27 04:28:24,287 | server.py:116 | fit progress: (26, 1.3047173889160155, {'server_test_acc': 0.7561}, 2864.584989613999)
INFO flwr 2023-09-27 04:28:24,287 | server.py:163 | evaluate_round 26: no clients selected, cancel
DEBUG flwr 2023-09-27 04:28:36,717 | server.py:215 | fit_round 27: strategy sampled 8 clients (out of 20)
[2m[36m(launch_and_fit pid=3907384)[0m malloc_consolidate(): invalid chunk size
DEBUG flwr 2023-09-27 04:29:46,362 | server.py:229 | fit_round 27 received 8 results and 0 failures
INFO flwr 2023-09-27 04:29:46,514 | fed_df.py:465 | Performing server side distillation training...
[2m[36m(launch_and_fit pid=3907252)[0m Fitting Client 3
[2m[36m(launch_and_fit pid=3907317)[0m Fitting Client 14
[2m[36m(launch_and_fit pid=3907385)[0m Fitting Client 8
[2m[36m(launch_and_fit pid=3907452)[0m Fitting Client 18
[2m[36m(launch_and_fit pid=3907386)[0m Fitting Client 13
[2m[36m(launch_and_fit pid=3907453)[0m Fitting Client 4
[2m[36m(launch_and_fit pid=3907451)[0m Fitting Client 6
[2m[36m(launch_and_fit pid=3907384)[0m Fitting Client 15
[2m[36m(launch_and_fit pid=3907252)[0m double free or corruption (fasttop)
[2m[36m(launch_and_fit pid=3907386)[0m malloc_consolidate(): invalid chunk size
E0927 04:29:47.763931129 3891572 chttp2_transport.cc:1079]             ipv4:145.136.62.8:37410: Received a GOAWAY with error code ENHANCE_YOUR_CALM and debug data equal to "too_many_pings". Current keepalive time (before throttling): ∞
[2m[36m(launch_and_fit pid=3907451)[0m double free or corruption (fasttop)
[2m[36m(launch_and_fit pid=3907453)[0m double free or corruption (fasttop)
[2m[36m(launch_and_fit pid=3907385)[0m malloc_consolidate(): invalid chunk size
[2m[36m(launch_and_fit pid=3907317)[0m double free or corruption (fasttop)
[2m[36m(launch_and_fit pid=3907452)[0m double free or corruption (fasttop)
INFO flwr 2023-09-27 04:30:10,962 | fed_df.py:545 | Distillation training stopped at step number : 500
INFO flwr 2023-09-27 04:30:10,962 | fed_df.py:552 | Average fusion training loss : 0.007772789794020355, val accuracy : 0.6144727272727274, best val accuracy : 0.7258
INFO flwr 2023-09-27 04:30:10,964 | common.py:35 | Avg. local train loss : 3.5885676093399526, train acc : 0.9345277777777777
INFO flwr 2023-09-27 04:30:13,987 | server.py:116 | fit progress: (27, 1.2915759368896484, {'server_test_acc': 0.7269}, 2974.2850494440063)
INFO flwr 2023-09-27 04:30:13,987 | server.py:163 | evaluate_round 27: no clients selected, cancel
DEBUG flwr 2023-09-27 04:30:26,408 | server.py:215 | fit_round 28: strategy sampled 8 clients (out of 20)
[2m[36m(launch_and_fit pid=4059743)[0m double free or corruption (fasttop)
DEBUG flwr 2023-09-27 04:31:36,197 | server.py:229 | fit_round 28 received 8 results and 0 failures
[2m[36m(launch_and_fit pid=4059680)[0m malloc_consolidate(): invalid chunk size
INFO flwr 2023-09-27 04:31:36,316 | fed_df.py:367 | Warm start at round 28
INFO flwr 2023-09-27 04:31:36,427 | fed_df.py:465 | Performing server side distillation training...
[2m[36m(launch_and_fit pid=4059546)[0m Fitting Client 15
[2m[36m(launch_and_fit pid=4059621)[0m Fitting Client 3
[2m[36m(launch_and_fit pid=4059710)[0m Fitting Client 8
[2m[36m(launch_and_fit pid=4059680)[0m Fitting Client 13
[2m[36m(launch_and_fit pid=4059743)[0m Fitting Client 14
[2m[36m(launch_and_fit pid=4059548)[0m Fitting Client 7
[2m[36m(launch_and_fit pid=4059708)[0m Fitting Client 9
[2m[36m(launch_and_fit pid=4059745)[0m Fitting Client 11
[2m[36m(launch_and_fit pid=4059546)[0m double free or corruption (fasttop)
[2m[36m(launch_and_fit pid=4059621)[0m double free or corruption (fasttop)
[2m[36m(launch_and_fit pid=4059745)[0m malloc_consolidate(): invalid chunk size
[2m[36m(launch_and_fit pid=4059710)[0m double free or corruption (fasttop)
E0927 04:31:38.197453984 4025881 chttp2_transport.cc:1079]             ipv4:145.136.62.8:37410: Received a GOAWAY with error code ENHANCE_YOUR_CALM and debug data equal to "too_many_pings". Current keepalive time (before throttling): ∞
[2m[36m(launch_and_fit pid=4059548)[0m malloc_consolidate(): invalid chunk size
[2m[36m(launch_and_fit pid=4059708)[0m malloc_consolidate(): invalid chunk size
INFO flwr 2023-09-27 04:32:00,921 | fed_df.py:545 | Distillation training stopped at step number : 500
INFO flwr 2023-09-27 04:32:00,921 | fed_df.py:552 | Average fusion training loss : 0.014281819877214729, val accuracy : 0.6847090909090909, best val accuracy : 0.7494
INFO flwr 2023-09-27 04:32:00,922 | common.py:35 | Avg. local train loss : 3.631454536691308, train acc : 0.9316555555555556
INFO flwr 2023-09-27 04:32:03,938 | server.py:116 | fit progress: (28, 1.2823155334472656, {'server_test_acc': 0.7501}, 3084.2361756470054)
INFO flwr 2023-09-27 04:32:03,938 | server.py:163 | evaluate_round 28: no clients selected, cancel
DEBUG flwr 2023-09-27 04:32:16,600 | server.py:215 | fit_round 29: strategy sampled 8 clients (out of 20)
[2m[36m(launch_and_fit pid=4175757)[0m malloc_consolidate(): invalid chunk size
[2m[36m(launch_and_fit pid=4175761)[0m malloc_consolidate(): invalid chunk size
DEBUG flwr 2023-09-27 04:33:25,785 | server.py:229 | fit_round 29 received 8 results and 0 failures
INFO flwr 2023-09-27 04:33:25,938 | fed_df.py:465 | Performing server side distillation training...
[2m[36m(launch_and_fit pid=4175755)[0m Fitting Client 2
[2m[36m(launch_and_fit pid=4175757)[0m Fitting Client 18
[2m[36m(launch_and_fit pid=4175761)[0m Fitting Client 13
[2m[36m(launch_and_fit pid=4175762)[0m Fitting Client 15
[2m[36m(launch_and_fit pid=4175764)[0m Fitting Client 3
[2m[36m(launch_and_fit pid=4175766)[0m Fitting Client 10
[2m[36m(launch_and_fit pid=4175765)[0m Fitting Client 14
[2m[36m(launch_and_fit pid=4175763)[0m Fitting Client 16
[2m[36m(launch_and_fit pid=4175762)[0m malloc_consolidate(): invalid chunk size
[2m[36m(launch_and_fit pid=4175765)[0m double free or corruption (fasttop)
[2m[36m(launch_and_fit pid=4175766)[0m double free or corruption (fasttop)
[2m[36m(launch_and_fit pid=4175755)[0m double free or corruption (fasttop)
E0927 04:33:26.494139878 4160136 chttp2_transport.cc:1079]             ipv4:145.136.62.8:37410: Received a GOAWAY with error code ENHANCE_YOUR_CALM and debug data equal to "too_many_pings". Current keepalive time (before throttling): ∞
[2m[36m(launch_and_fit pid=4175763)[0m double free or corruption (fasttop)
[2m[36m(launch_and_fit pid=4175764)[0m malloc_consolidate(): invalid chunk size
INFO flwr 2023-09-27 04:33:50,166 | fed_df.py:545 | Distillation training stopped at step number : 500
INFO flwr 2023-09-27 04:33:50,166 | fed_df.py:552 | Average fusion training loss : 0.013848796903155745, val accuracy : 0.6138363636363637, best val accuracy : 0.7144
INFO flwr 2023-09-27 04:33:50,168 | common.py:35 | Avg. local train loss : 3.550731036253273, train acc : 0.9382944444444445
INFO flwr 2023-09-27 04:33:53,217 | server.py:116 | fit progress: (29, 1.2979478332519532, {'server_test_acc': 0.7108}, 3193.5154664120055)
INFO flwr 2023-09-27 04:33:53,217 | server.py:163 | evaluate_round 29: no clients selected, cancel
DEBUG flwr 2023-09-27 04:34:05,827 | server.py:215 | fit_round 30: strategy sampled 8 clients (out of 20)
[2m[36m(launch_and_fit pid=97475)[0m malloc_consolidate(): invalid chunk size
[2m[36m(launch_and_fit pid=97470)[0m malloc_consolidate(): invalid chunk size
DEBUG flwr 2023-09-27 04:35:15,805 | server.py:229 | fit_round 30 received 8 results and 0 failures
[2m[36m(launch_and_fit pid=97471)[0m malloc_consolidate(): invalid chunk size
INFO flwr 2023-09-27 04:35:15,918 | fed_df.py:367 | Warm start at round 30
[2m[36m(launch_and_fit pid=97465)[0m double free or corruption (fasttop)
INFO flwr 2023-09-27 04:35:16,017 | fed_df.py:465 | Performing server side distillation training...
[2m[36m(launch_and_fit pid=97466)[0m Fitting Client 4
[2m[36m(launch_and_fit pid=97475)[0m Fitting Client 9
[2m[36m(launch_and_fit pid=97465)[0m Fitting Client 14
[2m[36m(launch_and_fit pid=97471)[0m Fitting Client 10
[2m[36m(launch_and_fit pid=97473)[0m Fitting Client 19
[2m[36m(launch_and_fit pid=97470)[0m Fitting Client 2
[2m[36m(launch_and_fit pid=97474)[0m Fitting Client 18
[2m[36m(launch_and_fit pid=97472)[0m Fitting Client 8
[2m[36m(launch_and_fit pid=97466)[0m double free or corruption (fasttop)
[2m[36m(launch_and_fit pid=97474)[0m double free or corruption (fasttop)
E0927 04:35:16.762705154   80233 chttp2_transport.cc:1079]             ipv4:145.136.62.8:37410: Received a GOAWAY with error code ENHANCE_YOUR_CALM and debug data equal to "too_many_pings". Current keepalive time (before throttling): ∞
[2m[36m(launch_and_fit pid=97472)[0m malloc_consolidate(): invalid chunk size
[2m[36m(launch_and_fit pid=97473)[0m double free or corruption (fasttop)
INFO flwr 2023-09-27 04:35:40,461 | fed_df.py:545 | Distillation training stopped at step number : 500
INFO flwr 2023-09-27 04:35:40,462 | fed_df.py:552 | Average fusion training loss : 0.01732741502393037, val accuracy : 0.6125636363636363, best val accuracy : 0.692
INFO flwr 2023-09-27 04:35:40,463 | common.py:35 | Avg. local train loss : 3.3474106110632422, train acc : 0.9507763888888889
INFO flwr 2023-09-27 04:35:43,589 | server.py:116 | fit progress: (30, 1.6069655670166016, {'server_test_acc': 0.6879}, 3303.887458111014)
INFO flwr 2023-09-27 04:35:43,589 | server.py:163 | evaluate_round 30: no clients selected, cancel
INFO flwr 2023-09-27 04:35:43,590 | server.py:144 | FL finished in 3303.8878513750096
INFO flwr 2023-09-27 04:35:43,590 | app.py:202 | app_fit: losses_distributed []
INFO flwr 2023-09-27 04:35:43,591 | app.py:203 | app_fit: metrics_distributed {}
INFO flwr 2023-09-27 04:35:43,591 | app.py:204 | app_fit: losses_centralized [(0, 2.319245477294922), (1, 1.5855567352294921), (2, 1.5427570526123047), (3, 1.5427607177734375), (4, 1.4866159271240234), (5, 1.512022637939453), (6, 1.5991947540283202), (7, 1.4424895782470704), (8, 1.4476318511962891), (9, 1.4759429656982421), (10, 1.620061703491211), (11, 1.3399148193359376), (12, 1.48398115234375), (13, 1.4733891052246093), (14, 1.402501446533203), (15, 1.4117160217285156), (16, 1.562063980102539), (17, 1.2939063720703126), (18, 1.6895792388916016), (19, 1.4852642791748047), (20, 1.3531306213378906), (21, 1.3575848510742188), (22, 1.6231218322753906), (23, 1.3935294219970704), (24, 1.2354422546386719), (25, 1.2089828033447265), (26, 1.3047173889160155), (27, 1.2915759368896484), (28, 1.2823155334472656), (29, 1.2979478332519532), (30, 1.6069655670166016)]
INFO flwr 2023-09-27 04:35:43,591 | app.py:205 | app_fit: metrics_centralized {'server_test_acc': [(0, 0.0811), (1, 0.4478), (2, 0.4834), (3, 0.4834), (4, 0.6015), (5, 0.5788), (6, 0.5228), (7, 0.602), (8, 0.6563), (9, 0.6496), (10, 0.646), (11, 0.6568), (12, 0.6432), (13, 0.6814), (14, 0.7026), (15, 0.6812), (16, 0.6396), (17, 0.6868), (18, 0.6748), (19, 0.691), (20, 0.7337), (21, 0.7282), (22, 0.6318), (23, 0.6993), (24, 0.7445), (25, 0.7368), (26, 0.7561), (27, 0.7269), (28, 0.7501), (29, 0.7108), (30, 0.6879)]}
malloc_consolidate(): invalid chunk size
srun: error: gcn8: task 0: Aborted
srun: Terminating StepId=3935209.0
-----EXPERIMENT ENDS-----
-----CLEANING UP DISK------
-----END-----

JOB STATISTICS
==============
Job ID: 3935209
Cluster: snellius
User/Group: sunnys/sunnys
State: RUNNING
Nodes: 1
Cores per node: 18
CPU Utilized: 00:00:00
CPU Efficiency: 0.00% of 16:46:30 core-walltime
Job Wall-clock time: 00:55:55
Memory Utilized: 0.00 MB (estimated maximum)
Memory Efficiency: 0.00% of 120.00 GB (120.00 GB/node)
WARNING: Efficiency statistics may be misleading for RUNNING jobs.
