-----BEGIN-----
-----SETTINGS-----
STRATEGY:feddf
MODEL_NAME:resnet8
NUM_CLIENTS:20
NUM_ROUNDS:30
FRACTION_FIT:0.4
FRACTION_EVALUATE:0.0
DATASET_NAME:cifar10
PARTITION_ALPHA:1.0
PARTITION_VAL_RATIO:0.1
BATCH_SIZE:1024
LOCAL_EPOCHS:80
LOCAL_LR:0.05
SERVER_LR:0.005
SERVER_STEPS:500
SERVER_EARLY_STEPS:1000
USE_EARLY_STOPPING:False
USE_ADAPTIVE_LR:False
SEED:42
CUDA_DETERMINISTIC:False
USE_CROPS:False
IMG_NAME:ameyoko.jpg
DISTILL_DATASET:cifar100
DISTILL_ALPHA:1.0
NUM_DISTILL_IMAGES:2250
WARM_START:True
-----SETTINGS END-----
-----EXPERIMENT BEGINS-----
Simulating feddf training
Downloading https://www.cs.toronto.edu/~kriz/cifar-10-python.tar.gz to /scratch-local/sunnys.2794262/cifar-10-python.tar.gz
Extracting /scratch-local/sunnys.2794262/cifar-10-python.tar.gz to /scratch-local/sunnys.2794262
Generating unified cifar10 dataset
Class histogram for 0-th partition (alpha=1.0, 10 classes): [440 381 415  39  10 257 227 532  17 182]
Downloading https://www.cs.toronto.edu/~kriz/cifar-100-python.tar.gz to /scratch-local/sunnys.2794262/cifar-100-python.tar.gz
Extracting /scratch-local/sunnys.2794262/cifar-100-python.tar.gz to /scratch-local/sunnys.2794262
INFO flwr 2023-05-24 15:34:55,614 | app.py:145 | Starting Flower simulation, config: ServerConfig(num_rounds=30, round_timeout=None)
2023-05-24 15:34:57,913	INFO worker.py:1529 -- Started a local Ray instance. View the dashboard at [1m[32m127.0.0.1:8265 [39m[22m
INFO flwr 2023-05-24 15:35:01,939 | app.py:179 | Flower VCE: Ray initialized with resources: {'node:145.136.62.27': 1.0, 'accelerator_type:A100': 1.0, 'memory': 349870976820.0, 'GPU': 1.0, 'object_store_memory': 154230418636.0, 'CPU': 72.0}
INFO flwr 2023-05-24 15:35:01,939 | server.py:86 | Initializing global parameters
INFO flwr 2023-05-24 15:35:01,939 | server.py:266 | Using initial parameters provided by strategy
INFO flwr 2023-05-24 15:35:01,939 | server.py:88 | Evaluating initial parameters
INFO flwr 2023-05-24 15:35:06,732 | server.py:91 | initial parameters (loss, other metrics): 2.369325817871094, {'server_test_acc': 0.1096}
INFO flwr 2023-05-24 15:35:06,732 | server.py:101 | FL starting
DEBUG flwr 2023-05-24 15:35:06,733 | server.py:215 | fit_round 1: strategy sampled 8 clients (out of 20)
DEBUG flwr 2023-05-24 15:36:03,420 | server.py:229 | fit_round 1 received 8 results and 0 failures
[2m[36m(launch_and_fit pid=2085986)[0m Fitting Client 13
[2m[36m(launch_and_fit pid=2085991)[0m Fitting Client 5
[2m[36m(launch_and_fit pid=2085988)[0m Fitting Client 12
[2m[36m(launch_and_fit pid=2085984)[0m Fitting Client 8
[2m[36m(launch_and_fit pid=2085990)[0m Fitting Client 7
[2m[36m(launch_and_fit pid=2085989)[0m Fitting Client 14
[2m[36m(launch_and_fit pid=2085987)[0m Fitting Client 10
[2m[36m(launch_and_fit pid=2085985)[0m Fitting Client 3
Performing server side distillation training...
Distillation training stopped at step number : 500
Average fusion training loss : 0.06864834450371564, val accuracy : 0.43220000000000003
Average local training loss : 3.687484330683947
Average local training accuracy : 0.5662527777777777
INFO flwr 2023-05-24 15:36:46,837 | server.py:116 | fit progress: (1, 1.4854690185546875, {'server_test_acc': 0.4604}, 100.10447284199472)
INFO flwr 2023-05-24 15:36:46,837 | server.py:163 | evaluate_round 1: no clients selected, cancel
DEBUG flwr 2023-05-24 15:36:46,837 | server.py:215 | fit_round 2: strategy sampled 8 clients (out of 20)
DEBUG flwr 2023-05-24 15:37:42,447 | server.py:229 | fit_round 2 received 8 results and 0 failures
[2m[36m(launch_and_fit pid=2234229)[0m Fitting Client 18
[2m[36m(launch_and_fit pid=2234230)[0m Fitting Client 6
[2m[36m(launch_and_fit pid=2234231)[0m Fitting Client 5
[2m[36m(launch_and_fit pid=2234232)[0m Fitting Client 11
[2m[36m(launch_and_fit pid=2234236)[0m Fitting Client 13
[2m[36m(launch_and_fit pid=2234235)[0m Fitting Client 10
[2m[36m(launch_and_fit pid=2234234)[0m Fitting Client 17
[2m[36m(launch_and_fit pid=2234233)[0m Fitting Client 8
Performing server side distillation training...
Distillation training stopped at step number : 500
Average fusion training loss : 0.0658694800697267, val accuracy : 0.41723999999999994
Average local training loss : 2.699411166971549
Average local training accuracy : 0.6798694444444444
INFO flwr 2023-05-24 15:38:26,980 | server.py:116 | fit progress: (2, 2.11419775390625, {'server_test_acc': 0.4295}, 200.24717463699926)
INFO flwr 2023-05-24 15:38:26,980 | server.py:163 | evaluate_round 2: no clients selected, cancel
DEBUG flwr 2023-05-24 15:38:26,980 | server.py:215 | fit_round 3: strategy sampled 8 clients (out of 20)
DEBUG flwr 2023-05-24 15:39:22,101 | server.py:229 | fit_round 3 received 8 results and 0 failures
[2m[36m(launch_and_fit pid=2381195)[0m Fitting Client 18
[2m[36m(launch_and_fit pid=2381194)[0m Fitting Client 5
[2m[36m(launch_and_fit pid=2381196)[0m Fitting Client 2
[2m[36m(launch_and_fit pid=2381197)[0m Fitting Client 16
[2m[36m(launch_and_fit pid=2381200)[0m Fitting Client 7
[2m[36m(launch_and_fit pid=2381201)[0m Fitting Client 4
[2m[36m(launch_and_fit pid=2381199)[0m Fitting Client 17
[2m[36m(launch_and_fit pid=2381198)[0m Fitting Client 6
Performing server side distillation training...
E0524 15:39:32.829098563 2489774 chttp2_transport.cc:1079]             ipv4:145.136.62.27:47823: Received a GOAWAY with error code ENHANCE_YOUR_CALM and debug data equal to "too_many_pings". Current keepalive time (before throttling): 60000ms
Distillation training stopped at step number : 500
Average fusion training loss : 0.06641737625002861, val accuracy : 0.4711600000000001
Average local training loss : 1.9525168478256094
Average local training accuracy : 0.7692152777777778
INFO flwr 2023-05-24 15:40:06,833 | server.py:116 | fit progress: (3, 2.603912353515625, {'server_test_acc': 0.4749}, 300.1007174319966)
INFO flwr 2023-05-24 15:40:06,833 | server.py:163 | evaluate_round 3: no clients selected, cancel
DEBUG flwr 2023-05-24 15:40:06,834 | server.py:215 | fit_round 4: strategy sampled 8 clients (out of 20)
DEBUG flwr 2023-05-24 15:41:02,213 | server.py:229 | fit_round 4 received 8 results and 0 failures
[2m[36m(launch_and_fit pid=2527300)[0m Fitting Client 0
[2m[36m(launch_and_fit pid=2527305)[0m Fitting Client 7
[2m[36m(launch_and_fit pid=2527304)[0m Fitting Client 12
[2m[36m(launch_and_fit pid=2527299)[0m Fitting Client 17
[2m[36m(launch_and_fit pid=2527301)[0m Fitting Client 13
[2m[36m(launch_and_fit pid=2527298)[0m Fitting Client 1
[2m[36m(launch_and_fit pid=2527303)[0m Fitting Client 18
[2m[36m(launch_and_fit pid=2527302)[0m Fitting Client 10
Performing server side distillation training...
Distillation training stopped at step number : 500
Average fusion training loss : 0.07758423094451428, val accuracy : 0.50432
Average local training loss : 1.3308026923215948
Average local training accuracy : 0.8488618055555557
INFO flwr 2023-05-24 15:41:47,350 | server.py:116 | fit progress: (4, 2.363110791015625, {'server_test_acc': 0.5094}, 400.61765956599265)
INFO flwr 2023-05-24 15:41:47,350 | server.py:163 | evaluate_round 4: no clients selected, cancel
DEBUG flwr 2023-05-24 15:41:47,351 | server.py:215 | fit_round 5: strategy sampled 8 clients (out of 20)
DEBUG flwr 2023-05-24 15:42:40,883 | server.py:229 | fit_round 5 received 8 results and 0 failures
[2m[36m(launch_and_fit pid=2674192)[0m Fitting Client 12
[2m[36m(launch_and_fit pid=2674193)[0m Fitting Client 2
[2m[36m(launch_and_fit pid=2674198)[0m Fitting Client 9
[2m[36m(launch_and_fit pid=2674199)[0m Fitting Client 11
[2m[36m(launch_and_fit pid=2674196)[0m Fitting Client 14
[2m[36m(launch_and_fit pid=2674195)[0m Fitting Client 8
[2m[36m(launch_and_fit pid=2674197)[0m Fitting Client 6
[2m[36m(launch_and_fit pid=2674194)[0m Fitting Client 10
Performing server side distillation training...
E0524 15:43:21.626546587 2812063 chttp2_transport.cc:1079]             ipv4:145.136.62.27:47823: Received a GOAWAY with error code ENHANCE_YOUR_CALM and debug data equal to "too_many_pings". Current keepalive time (before throttling): 120000ms
Distillation training stopped at step number : 500
Average fusion training loss : 0.08091384232789278, val accuracy : 0.66912
Average local training loss : 1.1843706522660797
Average local training accuracy : 0.8647305555555556
INFO flwr 2023-05-24 15:43:28,232 | server.py:116 | fit progress: (5, 1.3215520385742188, {'server_test_acc': 0.6644}, 501.49918086499383)
INFO flwr 2023-05-24 15:43:28,232 | server.py:163 | evaluate_round 5: no clients selected, cancel
DEBUG flwr 2023-05-24 15:43:28,232 | server.py:215 | fit_round 6: strategy sampled 8 clients (out of 20)
DEBUG flwr 2023-05-24 15:44:23,277 | server.py:229 | fit_round 6 received 8 results and 0 failures
[2m[36m(launch_and_fit pid=2822269)[0m Fitting Client 10
[2m[36m(launch_and_fit pid=2822320)[0m Fitting Client 17
[2m[36m(launch_and_fit pid=2822316)[0m Fitting Client 2
[2m[36m(launch_and_fit pid=2822307)[0m Fitting Client 15
[2m[36m(launch_and_fit pid=2822309)[0m Fitting Client 12
[2m[36m(launch_and_fit pid=2822310)[0m Fitting Client 14
[2m[36m(launch_and_fit pid=2822308)[0m Fitting Client 6
[2m[36m(launch_and_fit pid=2822311)[0m Fitting Client 4
Performing server side distillation training...
Distillation training stopped at step number : 500
Average fusion training loss : 0.07080065436102449, val accuracy : 0.65308
Average local training loss : 0.8623472135222982
Average local training accuracy : 0.9026888888888888
INFO flwr 2023-05-24 15:45:10,873 | server.py:116 | fit progress: (6, 1.4639804077148437, {'server_test_acc': 0.6566}, 604.1407998349896)
INFO flwr 2023-05-24 15:45:10,874 | server.py:163 | evaluate_round 6: no clients selected, cancel
DEBUG flwr 2023-05-24 15:45:10,874 | server.py:215 | fit_round 7: strategy sampled 8 clients (out of 20)
DEBUG flwr 2023-05-24 15:46:06,298 | server.py:229 | fit_round 7 received 8 results and 0 failures
[2m[36m(launch_and_fit pid=2971152)[0m Fitting Client 6
[2m[36m(launch_and_fit pid=2971151)[0m Fitting Client 18
[2m[36m(launch_and_fit pid=2971142)[0m Fitting Client 8
[2m[36m(launch_and_fit pid=2971153)[0m Fitting Client 9
[2m[36m(launch_and_fit pid=2971150)[0m Fitting Client 14
[2m[36m(launch_and_fit pid=2971149)[0m Fitting Client 7
[2m[36m(launch_and_fit pid=2971148)[0m Fitting Client 17
[2m[36m(launch_and_fit pid=2971154)[0m Fitting Client 13
Performing server side distillation training...
E0524 15:46:29.645571881 2815787 chttp2_transport.cc:1079]             ipv4:145.136.62.27:47823: Received a GOAWAY with error code ENHANCE_YOUR_CALM and debug data equal to "too_many_pings". Current keepalive time (before throttling): 240000ms
Distillation training stopped at step number : 500
Average fusion training loss : 0.07469579013437033, val accuracy : 0.6792400000000001
Average local training loss : 0.7092225393746048
Average local training accuracy : 0.9225645833333334
INFO flwr 2023-05-24 15:46:54,742 | server.py:116 | fit progress: (7, 1.3607378173828124, {'server_test_acc': 0.6711}, 708.0090924859978)
INFO flwr 2023-05-24 15:46:54,742 | server.py:163 | evaluate_round 7: no clients selected, cancel
DEBUG flwr 2023-05-24 15:46:54,742 | server.py:215 | fit_round 8: strategy sampled 8 clients (out of 20)
DEBUG flwr 2023-05-24 15:47:47,351 | server.py:229 | fit_round 8 received 8 results and 0 failures
[2m[36m(launch_and_fit pid=3119486)[0m Fitting Client 15
[2m[36m(launch_and_fit pid=3119485)[0m Fitting Client 4
[2m[36m(launch_and_fit pid=3119490)[0m Fitting Client 16
[2m[36m(launch_and_fit pid=3119489)[0m Fitting Client 11
[2m[36m(launch_and_fit pid=3119484)[0m Fitting Client 7
[2m[36m(launch_and_fit pid=3119488)[0m Fitting Client 1
[2m[36m(launch_and_fit pid=3119491)[0m Fitting Client 0
[2m[36m(launch_and_fit pid=3119487)[0m Fitting Client 12
Performing server side distillation training...
Distillation training stopped at step number : 500
Average fusion training loss : 0.07095398056134582, val accuracy : 0.7058
Average local training loss : 0.6500901553314179
Average local training accuracy : 0.92735
INFO flwr 2023-05-24 15:48:35,656 | server.py:116 | fit progress: (8, 1.2721589599609375, {'server_test_acc': 0.7033}, 808.9231585599919)
INFO flwr 2023-05-24 15:48:35,656 | server.py:163 | evaluate_round 8: no clients selected, cancel
DEBUG flwr 2023-05-24 15:48:35,656 | server.py:215 | fit_round 9: strategy sampled 8 clients (out of 20)
DEBUG flwr 2023-05-24 15:49:31,916 | server.py:229 | fit_round 9 received 8 results and 0 failures
[2m[36m(launch_and_fit pid=3291522)[0m Fitting Client 2
[2m[36m(launch_and_fit pid=3291518)[0m Fitting Client 4
[2m[36m(launch_and_fit pid=3291517)[0m Fitting Client 13
[2m[36m(launch_and_fit pid=3291520)[0m Fitting Client 3
[2m[36m(launch_and_fit pid=3291521)[0m Fitting Client 14
[2m[36m(launch_and_fit pid=3291524)[0m Fitting Client 9
[2m[36m(launch_and_fit pid=3291523)[0m Fitting Client 6
[2m[36m(launch_and_fit pid=3291519)[0m Fitting Client 5
Performing server side distillation training...
Distillation training stopped at step number : 500
Average fusion training loss : 0.0679739771503955, val accuracy : 0.74748
Average local training loss : 0.6473257376841501
Average local training accuracy : 0.9281486111111112
INFO flwr 2023-05-24 15:50:20,004 | server.py:116 | fit progress: (9, 1.1501676879882812, {'server_test_acc': 0.7403}, 913.2711827629973)
INFO flwr 2023-05-24 15:50:20,004 | server.py:163 | evaluate_round 9: no clients selected, cancel
DEBUG flwr 2023-05-24 15:50:20,004 | server.py:215 | fit_round 10: strategy sampled 8 clients (out of 20)
DEBUG flwr 2023-05-24 15:51:14,558 | server.py:229 | fit_round 10 received 8 results and 0 failures
[2m[36m(launch_and_fit pid=3476145)[0m Fitting Client 17
[2m[36m(launch_and_fit pid=3476143)[0m Fitting Client 0
[2m[36m(launch_and_fit pid=3476139)[0m Fitting Client 14
[2m[36m(launch_and_fit pid=3476142)[0m Fitting Client 16
[2m[36m(launch_and_fit pid=3476144)[0m Fitting Client 10
[2m[36m(launch_and_fit pid=3476146)[0m Fitting Client 12
[2m[36m(launch_and_fit pid=3476140)[0m Fitting Client 8
[2m[36m(launch_and_fit pid=3476141)[0m Fitting Client 3
Performing server side distillation training...
E0524 15:51:59.278626407 3093721 chttp2_transport.cc:1079]             ipv4:145.136.62.27:47823: Received a GOAWAY with error code ENHANCE_YOUR_CALM and debug data equal to "too_many_pings". Current keepalive time (before throttling): 480000ms
Distillation training stopped at step number : 500
Average fusion training loss : 0.07253283433057368, val accuracy : 0.74684
Average local training loss : 0.5151782470813487
Average local training accuracy : 0.9439534722222223
INFO flwr 2023-05-24 15:52:02,727 | server.py:116 | fit progress: (10, 1.0744013366699219, {'server_test_acc': 0.7434}, 1015.994959876989)
INFO flwr 2023-05-24 15:52:02,728 | server.py:163 | evaluate_round 10: no clients selected, cancel
DEBUG flwr 2023-05-24 15:52:02,728 | server.py:215 | fit_round 11: strategy sampled 8 clients (out of 20)
DEBUG flwr 2023-05-24 15:52:55,751 | server.py:229 | fit_round 11 received 8 results and 0 failures
[2m[36m(launch_and_fit pid=3648102)[0m Fitting Client 8
[2m[36m(launch_and_fit pid=3648103)[0m Fitting Client 13
[2m[36m(launch_and_fit pid=3648104)[0m Fitting Client 9
[2m[36m(launch_and_fit pid=3648105)[0m Fitting Client 2
[2m[36m(launch_and_fit pid=3648108)[0m Fitting Client 7
[2m[36m(launch_and_fit pid=3648107)[0m Fitting Client 10
[2m[36m(launch_and_fit pid=3648106)[0m Fitting Client 3
[2m[36m(launch_and_fit pid=3648109)[0m Fitting Client 0
Performing server side distillation training...
Distillation training stopped at step number : 500
Average fusion training loss : 0.07157512484490872, val accuracy : 0.74696
Average local training loss : 0.4370086061549954
Average local training accuracy : 0.9526680555555556
INFO flwr 2023-05-24 15:53:44,565 | server.py:116 | fit progress: (11, 1.2016003784179687, {'server_test_acc': 0.7434}, 1117.831961620992)
INFO flwr 2023-05-24 15:53:44,565 | server.py:163 | evaluate_round 11: no clients selected, cancel
DEBUG flwr 2023-05-24 15:53:44,565 | server.py:215 | fit_round 12: strategy sampled 8 clients (out of 20)
DEBUG flwr 2023-05-24 15:54:38,159 | server.py:229 | fit_round 12 received 8 results and 0 failures
[2m[36m(launch_and_fit pid=3822656)[0m Fitting Client 4
[2m[36m(launch_and_fit pid=3822655)[0m Fitting Client 10
[2m[36m(launch_and_fit pid=3822651)[0m Fitting Client 13
[2m[36m(launch_and_fit pid=3822650)[0m Fitting Client 16
[2m[36m(launch_and_fit pid=3822652)[0m Fitting Client 3
[2m[36m(launch_and_fit pid=3822653)[0m Fitting Client 5
[2m[36m(launch_and_fit pid=3822649)[0m Fitting Client 18
[2m[36m(launch_and_fit pid=3822654)[0m Fitting Client 8
Performing server side distillation training...
E0524 15:55:02.815576343 3645391 chttp2_transport.cc:1079]             ipv4:145.136.62.27:47823: Received a GOAWAY with error code ENHANCE_YOUR_CALM and debug data equal to "too_many_pings". Current keepalive time (before throttling): 960000ms
Distillation training stopped at step number : 500
Average fusion training loss : 0.059445305151864886, val accuracy : 0.7391599999999999
Average local training loss : 0.42431868531566574
Average local training accuracy : 0.9537347222222222
INFO flwr 2023-05-24 15:55:27,218 | server.py:116 | fit progress: (12, 1.2562940856933593, {'server_test_acc': 0.7333}, 1220.4859134489961)
INFO flwr 2023-05-24 15:55:27,219 | server.py:163 | evaluate_round 12: no clients selected, cancel
DEBUG flwr 2023-05-24 15:55:27,219 | server.py:215 | fit_round 13: strategy sampled 8 clients (out of 20)
DEBUG flwr 2023-05-24 15:56:22,697 | server.py:229 | fit_round 13 received 8 results and 0 failures
[2m[36m(launch_and_fit pid=3992351)[0m Fitting Client 4
[2m[36m(launch_and_fit pid=3992355)[0m Fitting Client 14
[2m[36m(launch_and_fit pid=3992354)[0m Fitting Client 5
[2m[36m(launch_and_fit pid=3992352)[0m Fitting Client 16
[2m[36m(launch_and_fit pid=3992349)[0m Fitting Client 8
[2m[36m(launch_and_fit pid=3992348)[0m Fitting Client 6
[2m[36m(launch_and_fit pid=3992353)[0m Fitting Client 11
[2m[36m(launch_and_fit pid=3992350)[0m Fitting Client 12
Performing server side distillation training...
E0524 15:56:41.269569617 3968045 chttp2_transport.cc:1079]             ipv4:145.136.62.27:47823: Received a GOAWAY with error code ENHANCE_YOUR_CALM and debug data equal to "too_many_pings". Current keepalive time (before throttling): 1920000ms
Distillation training stopped at step number : 500
Average fusion training loss : 0.053245406623929736, val accuracy : 0.7756000000000001
Average local training loss : 0.4173057239648188
Average local training accuracy : 0.9538375
INFO flwr 2023-05-24 15:57:11,223 | server.py:116 | fit progress: (13, 1.0599885437011718, {'server_test_acc': 0.7704}, 1324.4905332209892)
INFO flwr 2023-05-24 15:57:11,223 | server.py:163 | evaluate_round 13: no clients selected, cancel
DEBUG flwr 2023-05-24 15:57:11,223 | server.py:215 | fit_round 14: strategy sampled 8 clients (out of 20)
DEBUG flwr 2023-05-24 15:58:04,513 | server.py:229 | fit_round 14 received 8 results and 0 failures
[2m[36m(launch_and_fit pid=4157857)[0m Fitting Client 12
[2m[36m(launch_and_fit pid=4157856)[0m Fitting Client 0
[2m[36m(launch_and_fit pid=4157853)[0m Fitting Client 3
[2m[36m(launch_and_fit pid=4157859)[0m Fitting Client 19
[2m[36m(launch_and_fit pid=4157860)[0m Fitting Client 10
[2m[36m(launch_and_fit pid=4157861)[0m Fitting Client 5
[2m[36m(launch_and_fit pid=4157858)[0m Fitting Client 15
[2m[36m(launch_and_fit pid=4157862)[0m Fitting Client 14
Performing server side distillation training...
Distillation training stopped at step number : 500
Average fusion training loss : 0.06316375930048525, val accuracy : 0.7496
Average local training loss : 0.3857487595552811
Average local training accuracy : 0.9579319444444445
INFO flwr 2023-05-24 15:58:56,446 | server.py:116 | fit progress: (14, 1.209294757080078, {'server_test_acc': 0.7456}, 1429.713949551995)
INFO flwr 2023-05-24 15:58:56,447 | server.py:163 | evaluate_round 14: no clients selected, cancel
DEBUG flwr 2023-05-24 15:58:56,447 | server.py:215 | fit_round 15: strategy sampled 8 clients (out of 20)
DEBUG flwr 2023-05-24 15:59:53,455 | server.py:229 | fit_round 15 received 8 results and 0 failures
[2m[36m(launch_and_fit pid=115849)[0m Fitting Client 9
[2m[36m(launch_and_fit pid=115855)[0m Fitting Client 16
[2m[36m(launch_and_fit pid=115854)[0m Fitting Client 17
[2m[36m(launch_and_fit pid=115853)[0m Fitting Client 2
[2m[36m(launch_and_fit pid=115852)[0m Fitting Client 7
[2m[36m(launch_and_fit pid=115850)[0m Fitting Client 1
[2m[36m(launch_and_fit pid=115851)[0m Fitting Client 11
[2m[36m(launch_and_fit pid=115848)[0m Fitting Client 18
Performing server side distillation training...
E0524 16:00:44.361642543 4119400 chttp2_transport.cc:1079]             ipv4:145.136.62.27:47823: Received a GOAWAY with error code ENHANCE_YOUR_CALM and debug data equal to "too_many_pings". Current keepalive time (before throttling): 3840000ms
Distillation training stopped at step number : 500
Average fusion training loss : 0.059717664979398254, val accuracy : 0.7327600000000001
Average local training loss : 0.39662552218505875
Average local training accuracy : 0.9568229166666667
INFO flwr 2023-05-24 16:00:45,838 | server.py:116 | fit progress: (15, 1.2828568969726561, {'server_test_acc': 0.7249}, 1539.1056111259968)
INFO flwr 2023-05-24 16:00:45,838 | server.py:163 | evaluate_round 15: no clients selected, cancel
DEBUG flwr 2023-05-24 16:00:45,838 | server.py:215 | fit_round 16: strategy sampled 8 clients (out of 20)
DEBUG flwr 2023-05-24 16:01:40,340 | server.py:229 | fit_round 16 received 8 results and 0 failures
[2m[36m(launch_and_fit pid=262119)[0m Fitting Client 2
[2m[36m(launch_and_fit pid=262120)[0m Fitting Client 4
[2m[36m(launch_and_fit pid=262121)[0m Fitting Client 17
[2m[36m(launch_and_fit pid=262122)[0m Fitting Client 18
[2m[36m(launch_and_fit pid=262124)[0m Fitting Client 15
[2m[36m(launch_and_fit pid=262126)[0m Fitting Client 16
[2m[36m(launch_and_fit pid=262123)[0m Fitting Client 19
[2m[36m(launch_and_fit pid=262125)[0m Fitting Client 8
Performing server side distillation training...
E0524 16:01:57.091582846  261663 chttp2_transport.cc:1079]             ipv4:145.136.62.27:47823: Received a GOAWAY with error code ENHANCE_YOUR_CALM and debug data equal to "too_many_pings". Current keepalive time (before throttling): 7680000ms
Distillation training stopped at step number : 500
Average fusion training loss : 0.056513869347050785, val accuracy : 0.64824
Average local training loss : 0.3374574042602035
Average local training accuracy : 0.9631145833333332
INFO flwr 2023-05-24 16:02:32,232 | server.py:116 | fit progress: (16, 2.2126693725585938, {'server_test_acc': 0.643}, 1645.4992772989935)
INFO flwr 2023-05-24 16:02:32,232 | server.py:163 | evaluate_round 16: no clients selected, cancel
DEBUG flwr 2023-05-24 16:02:32,232 | server.py:215 | fit_round 17: strategy sampled 8 clients (out of 20)
DEBUG flwr 2023-05-24 16:03:26,516 | server.py:229 | fit_round 17 received 8 results and 0 failures
[2m[36m(launch_and_fit pid=408237)[0m Fitting Client 13
[2m[36m(launch_and_fit pid=408238)[0m Fitting Client 16
[2m[36m(launch_and_fit pid=408239)[0m Fitting Client 6
[2m[36m(launch_and_fit pid=408243)[0m Fitting Client 17
[2m[36m(launch_and_fit pid=408244)[0m Fitting Client 19
[2m[36m(launch_and_fit pid=408242)[0m Fitting Client 9
[2m[36m(launch_and_fit pid=408240)[0m Fitting Client 18
[2m[36m(launch_and_fit pid=408241)[0m Fitting Client 10
Performing server side distillation training...
Distillation training stopped at step number : 500
Average fusion training loss : 0.056961516238749024, val accuracy : 0.6631199999999999
Average local training loss : 0.35743929118943923
Average local training accuracy : 0.9615597222222222
INFO flwr 2023-05-24 16:04:18,535 | server.py:116 | fit progress: (17, 2.001605810546875, {'server_test_acc': 0.6687}, 1751.8029183219915)
INFO flwr 2023-05-24 16:04:18,536 | server.py:163 | evaluate_round 17: no clients selected, cancel
DEBUG flwr 2023-05-24 16:04:18,536 | server.py:215 | fit_round 18: strategy sampled 8 clients (out of 20)
DEBUG flwr 2023-05-24 16:05:15,141 | server.py:229 | fit_round 18 received 8 results and 0 failures
[2m[36m(launch_and_fit pid=554293)[0m Fitting Client 16
[2m[36m(launch_and_fit pid=554290)[0m Fitting Client 3
[2m[36m(launch_and_fit pid=554291)[0m Fitting Client 17
[2m[36m(launch_and_fit pid=554287)[0m Fitting Client 11
[2m[36m(launch_and_fit pid=554289)[0m Fitting Client 14
[2m[36m(launch_and_fit pid=554288)[0m Fitting Client 18
[2m[36m(launch_and_fit pid=554292)[0m Fitting Client 15
[2m[36m(launch_and_fit pid=554294)[0m Fitting Client 1
Performing server side distillation training...
Distillation training stopped at step number : 500
Average fusion training loss : 0.05056473158858717, val accuracy : 0.6760800000000001
Average local training loss : 0.35385803202443644
Average local training accuracy : 0.9618972222222223
INFO flwr 2023-05-24 16:06:08,117 | server.py:116 | fit progress: (18, 2.2318692626953127, {'server_test_acc': 0.6718}, 1861.3843380049948)
INFO flwr 2023-05-24 16:06:08,117 | server.py:163 | evaluate_round 18: no clients selected, cancel
DEBUG flwr 2023-05-24 16:06:08,117 | server.py:215 | fit_round 19: strategy sampled 8 clients (out of 20)
DEBUG flwr 2023-05-24 16:07:02,772 | server.py:229 | fit_round 19 received 8 results and 0 failures
[2m[36m(launch_and_fit pid=730243)[0m Fitting Client 16
[2m[36m(launch_and_fit pid=730245)[0m Fitting Client 18
[2m[36m(launch_and_fit pid=730248)[0m Fitting Client 1
[2m[36m(launch_and_fit pid=730244)[0m Fitting Client 7
[2m[36m(launch_and_fit pid=730242)[0m Fitting Client 0
[2m[36m(launch_and_fit pid=730246)[0m Fitting Client 10
[2m[36m(launch_and_fit pid=730241)[0m Fitting Client 17
[2m[36m(launch_and_fit pid=730247)[0m Fitting Client 11
Performing server side distillation training...
E0524 16:07:31.699500604  853864 chttp2_transport.cc:1079]             ipv4:145.136.62.27:47823: Received a GOAWAY with error code ENHANCE_YOUR_CALM and debug data equal to "too_many_pings". Current keepalive time (before throttling): 15360000ms
Distillation training stopped at step number : 500
Average fusion training loss : 0.0583483231049031, val accuracy : 0.70264
Average local training loss : 0.3438060440552363
Average local training accuracy : 0.9641111111111111
INFO flwr 2023-05-24 16:07:56,131 | server.py:116 | fit progress: (19, 1.69172080078125, {'server_test_acc': 0.7041}, 1969.3982928729965)
INFO flwr 2023-05-24 16:07:56,131 | server.py:163 | evaluate_round 19: no clients selected, cancel
DEBUG flwr 2023-05-24 16:07:56,131 | server.py:215 | fit_round 20: strategy sampled 8 clients (out of 20)
DEBUG flwr 2023-05-24 16:08:53,524 | server.py:229 | fit_round 20 received 8 results and 0 failures
[2m[36m(launch_and_fit pid=876169)[0m Fitting Client 19
[2m[36m(launch_and_fit pid=876170)[0m Fitting Client 16
[2m[36m(launch_and_fit pid=876173)[0m Fitting Client 10
[2m[36m(launch_and_fit pid=876174)[0m Fitting Client 7
[2m[36m(launch_and_fit pid=876176)[0m Fitting Client 3
[2m[36m(launch_and_fit pid=876172)[0m Fitting Client 8
[2m[36m(launch_and_fit pid=876171)[0m Fitting Client 1
[2m[36m(launch_and_fit pid=876175)[0m Fitting Client 2
Performing server side distillation training...
Distillation training stopped at step number : 500
Average fusion training loss : 0.06132072543539107, val accuracy : 0.7558
Average local training loss : 0.31671233689012296
Average local training accuracy : 0.9664263888888889
INFO flwr 2023-05-24 16:09:53,772 | server.py:116 | fit progress: (20, 1.2266871887207031, {'server_test_acc': 0.7467}, 2087.0394809489953)
INFO flwr 2023-05-24 16:09:53,772 | server.py:163 | evaluate_round 20: no clients selected, cancel
DEBUG flwr 2023-05-24 16:09:53,772 | server.py:215 | fit_round 21: strategy sampled 8 clients (out of 20)
DEBUG flwr 2023-05-24 16:10:50,302 | server.py:229 | fit_round 21 received 8 results and 0 failures
[2m[36m(launch_and_fit pid=1022368)[0m Fitting Client 8
[2m[36m(launch_and_fit pid=1022369)[0m Fitting Client 6
[2m[36m(launch_and_fit pid=1022370)[0m Fitting Client 3
[2m[36m(launch_and_fit pid=1022379)[0m Fitting Client 12
[2m[36m(launch_and_fit pid=1022372)[0m Fitting Client 18
[2m[36m(launch_and_fit pid=1022373)[0m Fitting Client 15
[2m[36m(launch_and_fit pid=1022380)[0m Fitting Client 7
[2m[36m(launch_and_fit pid=1022371)[0m Fitting Client 4
Performing server side distillation training...
Distillation training stopped at step number : 500
Average fusion training loss : 0.060046006673946974, val accuracy : 0.77964
Average local training loss : 0.3114381202911318
Average local training accuracy : 0.9667944444444444
INFO flwr 2023-05-24 16:11:44,775 | server.py:116 | fit progress: (21, 1.128383563232422, {'server_test_acc': 0.7717}, 2198.0420690589963)
INFO flwr 2023-05-24 16:11:44,775 | server.py:163 | evaluate_round 21: no clients selected, cancel
DEBUG flwr 2023-05-24 16:11:44,775 | server.py:215 | fit_round 22: strategy sampled 8 clients (out of 20)
DEBUG flwr 2023-05-24 16:12:39,381 | server.py:229 | fit_round 22 received 8 results and 0 failures
[2m[36m(launch_and_fit pid=1168517)[0m Fitting Client 3
[2m[36m(launch_and_fit pid=1168518)[0m Fitting Client 13
[2m[36m(launch_and_fit pid=1168520)[0m Fitting Client 6
[2m[36m(launch_and_fit pid=1168524)[0m Fitting Client 15
[2m[36m(launch_and_fit pid=1168519)[0m Fitting Client 5
[2m[36m(launch_and_fit pid=1168521)[0m Fitting Client 19
[2m[36m(launch_and_fit pid=1168522)[0m Fitting Client 17
[2m[36m(launch_and_fit pid=1168523)[0m Fitting Client 18
Performing server side distillation training...
E0524 16:12:52.138201549 1277187 chttp2_transport.cc:1079]             ipv4:145.136.62.27:47823: Received a GOAWAY with error code ENHANCE_YOUR_CALM and debug data equal to "too_many_pings". Current keepalive time (before throttling): 30720000ms
Distillation training stopped at step number : 500
Average fusion training loss : 0.05025928055308759, val accuracy : 0.71336
Average local training loss : 0.29402435767042334
Average local training accuracy : 0.968301388888889
INFO flwr 2023-05-24 16:13:32,975 | server.py:116 | fit progress: (22, 1.5096806762695312, {'server_test_acc': 0.713}, 2306.2420719559886)
INFO flwr 2023-05-24 16:13:32,975 | server.py:163 | evaluate_round 22: no clients selected, cancel
DEBUG flwr 2023-05-24 16:13:32,975 | server.py:215 | fit_round 23: strategy sampled 8 clients (out of 20)
DEBUG flwr 2023-05-24 16:14:27,752 | server.py:229 | fit_round 23 received 8 results and 0 failures
[2m[36m(launch_and_fit pid=1314613)[0m Fitting Client 11
[2m[36m(launch_and_fit pid=1314618)[0m Fitting Client 5
[2m[36m(launch_and_fit pid=1314614)[0m Fitting Client 12
[2m[36m(launch_and_fit pid=1314615)[0m Fitting Client 1
[2m[36m(launch_and_fit pid=1314620)[0m Fitting Client 15
[2m[36m(launch_and_fit pid=1314617)[0m Fitting Client 14
[2m[36m(launch_and_fit pid=1314616)[0m Fitting Client 3
[2m[36m(launch_and_fit pid=1314619)[0m Fitting Client 18
Performing server side distillation training...
Distillation training stopped at step number : 500
Average fusion training loss : 0.04683654041029513, val accuracy : 0.75556
Average local training loss : 0.2984221306971449
Average local training accuracy : 0.9684284722222222
INFO flwr 2023-05-24 16:15:21,783 | server.py:116 | fit progress: (23, 1.172387744140625, {'server_test_acc': 0.7594}, 2415.050285049001)
INFO flwr 2023-05-24 16:15:21,783 | server.py:163 | evaluate_round 23: no clients selected, cancel
DEBUG flwr 2023-05-24 16:15:21,783 | server.py:215 | fit_round 24: strategy sampled 8 clients (out of 20)
DEBUG flwr 2023-05-24 16:16:16,524 | server.py:229 | fit_round 24 received 8 results and 0 failures
[2m[36m(launch_and_fit pid=1460824)[0m Fitting Client 7
[2m[36m(launch_and_fit pid=1460825)[0m Fitting Client 2
[2m[36m(launch_and_fit pid=1460828)[0m Fitting Client 15
[2m[36m(launch_and_fit pid=1460831)[0m Fitting Client 17
[2m[36m(launch_and_fit pid=1460830)[0m Fitting Client 6
[2m[36m(launch_and_fit pid=1460829)[0m Fitting Client 3
[2m[36m(launch_and_fit pid=1460826)[0m Fitting Client 16
[2m[36m(launch_and_fit pid=1460827)[0m Fitting Client 14
Performing server side distillation training...
E0524 16:16:59.182892876 1595264 chttp2_transport.cc:1079]             ipv4:145.136.62.27:47823: Received a GOAWAY with error code ENHANCE_YOUR_CALM and debug data equal to "too_many_pings". Current keepalive time (before throttling): 61440000ms
Distillation training stopped at step number : 500
Average fusion training loss : 0.049225328681990504, val accuracy : 0.73864
Average local training loss : 0.279046904828283
Average local training accuracy : 0.9696361111111111
INFO flwr 2023-05-24 16:17:10,748 | server.py:116 | fit progress: (24, 1.3228095703125, {'server_test_acc': 0.7401}, 2524.0150055849954)
INFO flwr 2023-05-24 16:17:10,748 | server.py:163 | evaluate_round 24: no clients selected, cancel
DEBUG flwr 2023-05-24 16:17:10,748 | server.py:215 | fit_round 25: strategy sampled 8 clients (out of 20)
DEBUG flwr 2023-05-24 16:18:05,108 | server.py:229 | fit_round 25 received 8 results and 0 failures
[2m[36m(launch_and_fit pid=1606902)[0m Fitting Client 8
[2m[36m(launch_and_fit pid=1606913)[0m Fitting Client 19
[2m[36m(launch_and_fit pid=1606911)[0m Fitting Client 7
[2m[36m(launch_and_fit pid=1606908)[0m Fitting Client 14
[2m[36m(launch_and_fit pid=1606909)[0m Fitting Client 2
[2m[36m(launch_and_fit pid=1606912)[0m Fitting Client 13
[2m[36m(launch_and_fit pid=1606910)[0m Fitting Client 18
[2m[36m(launch_and_fit pid=1606914)[0m Fitting Client 12
Performing server side distillation training...
Distillation training stopped at step number : 500
Average fusion training loss : 0.05378299538977444, val accuracy : 0.7727999999999999
Average local training loss : 0.28965621373099565
Average local training accuracy : 0.9702375000000001
INFO flwr 2023-05-24 16:18:57,107 | server.py:116 | fit progress: (25, 1.1001724609375, {'server_test_acc': 0.7684}, 2630.374069233003)
INFO flwr 2023-05-24 16:18:57,107 | server.py:163 | evaluate_round 25: no clients selected, cancel
DEBUG flwr 2023-05-24 16:18:57,107 | server.py:215 | fit_round 26: strategy sampled 8 clients (out of 20)
DEBUG flwr 2023-05-24 16:19:52,449 | server.py:229 | fit_round 26 received 8 results and 0 failures
[2m[36m(launch_and_fit pid=1752737)[0m Fitting Client 0
[2m[36m(launch_and_fit pid=1752733)[0m Fitting Client 2
[2m[36m(launch_and_fit pid=1752735)[0m Fitting Client 19
[2m[36m(launch_and_fit pid=1752734)[0m Fitting Client 1
[2m[36m(launch_and_fit pid=1752731)[0m Fitting Client 12
[2m[36m(launch_and_fit pid=1752736)[0m Fitting Client 14
[2m[36m(launch_and_fit pid=1752730)[0m Fitting Client 3
[2m[36m(launch_and_fit pid=1752732)[0m Fitting Client 17
Performing server side distillation training...
Distillation training stopped at step number : 500
Average fusion training loss : 0.05173855151422322, val accuracy : 0.7738400000000001
Average local training loss : 0.23921140896818543
Average local training accuracy : 0.9743479166666666
INFO flwr 2023-05-24 16:20:43,596 | server.py:116 | fit progress: (26, 1.1613284912109374, {'server_test_acc': 0.7684}, 2736.8637767359905)
INFO flwr 2023-05-24 16:20:43,597 | server.py:163 | evaluate_round 26: no clients selected, cancel
DEBUG flwr 2023-05-24 16:20:43,597 | server.py:215 | fit_round 27: strategy sampled 8 clients (out of 20)
DEBUG flwr 2023-05-24 16:21:39,759 | server.py:229 | fit_round 27 received 8 results and 0 failures
[2m[36m(launch_and_fit pid=1928241)[0m Fitting Client 5
[2m[36m(launch_and_fit pid=1928244)[0m Fitting Client 0
[2m[36m(launch_and_fit pid=1928242)[0m Fitting Client 17
[2m[36m(launch_and_fit pid=1928247)[0m Fitting Client 6
[2m[36m(launch_and_fit pid=1928248)[0m Fitting Client 16
[2m[36m(launch_and_fit pid=1928243)[0m Fitting Client 18
[2m[36m(launch_and_fit pid=1928245)[0m Fitting Client 15
[2m[36m(launch_and_fit pid=1928246)[0m Fitting Client 13
Performing server side distillation training...
E0524 16:21:53.621568119 2038439 chttp2_transport.cc:1079]             ipv4:145.136.62.27:47823: Received a GOAWAY with error code ENHANCE_YOUR_CALM and debug data equal to "too_many_pings". Current keepalive time (before throttling): 122880000ms
Distillation training stopped at step number : 500
Average fusion training loss : 0.04433163943141699, val accuracy : 0.7223200000000001
Average local training loss : 0.2671042888101511
Average local training accuracy : 0.9711652777777778
INFO flwr 2023-05-24 16:22:31,390 | server.py:116 | fit progress: (27, 1.4723065063476561, {'server_test_acc': 0.7212}, 2844.657366247993)
INFO flwr 2023-05-24 16:22:31,390 | server.py:163 | evaluate_round 27: no clients selected, cancel
DEBUG flwr 2023-05-24 16:22:31,390 | server.py:215 | fit_round 28: strategy sampled 8 clients (out of 20)
DEBUG flwr 2023-05-24 16:23:28,833 | server.py:229 | fit_round 28 received 8 results and 0 failures
[2m[36m(launch_and_fit pid=2074798)[0m Fitting Client 8
[2m[36m(launch_and_fit pid=2074811)[0m Fitting Client 16
[2m[36m(launch_and_fit pid=2074810)[0m Fitting Client 12
[2m[36m(launch_and_fit pid=2074812)[0m Fitting Client 5
[2m[36m(launch_and_fit pid=2074808)[0m Fitting Client 18
[2m[36m(launch_and_fit pid=2074813)[0m Fitting Client 13
[2m[36m(launch_and_fit pid=2074807)[0m Fitting Client 14
[2m[36m(launch_and_fit pid=2074809)[0m Fitting Client 0
Performing server side distillation training...
Distillation training stopped at step number : 500
Average fusion training loss : 0.045835392689332365, val accuracy : 0.77832
Average local training loss : 0.25648297476363946
Average local training accuracy : 0.9730861111111113
INFO flwr 2023-05-24 16:24:20,346 | server.py:116 | fit progress: (28, 1.118478955078125, {'server_test_acc': 0.7728}, 2953.6130973120016)
INFO flwr 2023-05-24 16:24:20,346 | server.py:163 | evaluate_round 28: no clients selected, cancel
DEBUG flwr 2023-05-24 16:24:20,346 | server.py:215 | fit_round 29: strategy sampled 8 clients (out of 20)
DEBUG flwr 2023-05-24 16:25:15,973 | server.py:229 | fit_round 29 received 8 results and 0 failures
[2m[36m(launch_and_fit pid=2224134)[0m Fitting Client 9
[2m[36m(launch_and_fit pid=2224135)[0m Fitting Client 4
[2m[36m(launch_and_fit pid=2224136)[0m Fitting Client 13
[2m[36m(launch_and_fit pid=2224137)[0m Fitting Client 14
[2m[36m(launch_and_fit pid=2224141)[0m Fitting Client 15
[2m[36m(launch_and_fit pid=2224139)[0m Fitting Client 16
[2m[36m(launch_and_fit pid=2224140)[0m Fitting Client 19
[2m[36m(launch_and_fit pid=2224138)[0m Fitting Client 3
Performing server side distillation training...
Distillation training stopped at step number : 500
Average fusion training loss : 0.05398456842638552, val accuracy : 0.78416
Average local training loss : 0.25118766359155414
Average local training accuracy : 0.9731423611111111
INFO flwr 2023-05-24 16:26:08,384 | server.py:116 | fit progress: (29, 1.1298523986816407, {'server_test_acc': 0.7763}, 3061.6518222209997)
INFO flwr 2023-05-24 16:26:08,385 | server.py:163 | evaluate_round 29: no clients selected, cancel
DEBUG flwr 2023-05-24 16:26:08,385 | server.py:215 | fit_round 30: strategy sampled 8 clients (out of 20)
DEBUG flwr 2023-05-24 16:27:02,851 | server.py:229 | fit_round 30 received 8 results and 0 failures
[2m[36m(launch_and_fit pid=2370373)[0m Fitting Client 17
[2m[36m(launch_and_fit pid=2370378)[0m Fitting Client 10
[2m[36m(launch_and_fit pid=2370376)[0m Fitting Client 18
[2m[36m(launch_and_fit pid=2370375)[0m Fitting Client 0
[2m[36m(launch_and_fit pid=2370379)[0m Fitting Client 19
[2m[36m(launch_and_fit pid=2370380)[0m Fitting Client 9
[2m[36m(launch_and_fit pid=2370377)[0m Fitting Client 14
[2m[36m(launch_and_fit pid=2370374)[0m Fitting Client 1
Performing server side distillation training...
E0524 16:27:32.688051548 2492747 chttp2_transport.cc:1079]             ipv4:145.136.62.27:47823: Received a GOAWAY with error code ENHANCE_YOUR_CALM and debug data equal to "too_many_pings". Current keepalive time (before throttling): 245760000ms
Distillation training stopped at step number : 500
Average fusion training loss : 0.05427528491616249, val accuracy : 0.76564
Average local training loss : 0.22855795770556142
Average local training accuracy : 0.9756256944444444
INFO flwr 2023-05-24 16:27:54,513 | server.py:116 | fit progress: (30, 1.2224643737792968, {'server_test_acc': 0.7572}, 3167.7803997259907)
INFO flwr 2023-05-24 16:27:54,513 | server.py:163 | evaluate_round 30: no clients selected, cancel
INFO flwr 2023-05-24 16:27:54,513 | server.py:144 | FL finished in 3167.780668610998
INFO flwr 2023-05-24 16:27:54,514 | app.py:202 | app_fit: losses_distributed []
INFO flwr 2023-05-24 16:27:54,514 | app.py:203 | app_fit: metrics_distributed {}
INFO flwr 2023-05-24 16:27:54,514 | app.py:204 | app_fit: losses_centralized [(0, 2.369325817871094), (1, 1.4854690185546875), (2, 2.11419775390625), (3, 2.603912353515625), (4, 2.363110791015625), (5, 1.3215520385742188), (6, 1.4639804077148437), (7, 1.3607378173828124), (8, 1.2721589599609375), (9, 1.1501676879882812), (10, 1.0744013366699219), (11, 1.2016003784179687), (12, 1.2562940856933593), (13, 1.0599885437011718), (14, 1.209294757080078), (15, 1.2828568969726561), (16, 2.2126693725585938), (17, 2.001605810546875), (18, 2.2318692626953127), (19, 1.69172080078125), (20, 1.2266871887207031), (21, 1.128383563232422), (22, 1.5096806762695312), (23, 1.172387744140625), (24, 1.3228095703125), (25, 1.1001724609375), (26, 1.1613284912109374), (27, 1.4723065063476561), (28, 1.118478955078125), (29, 1.1298523986816407), (30, 1.2224643737792968)]
INFO flwr 2023-05-24 16:27:54,514 | app.py:205 | app_fit: metrics_centralized {'server_test_acc': [(0, 0.1096), (1, 0.4604), (2, 0.4295), (3, 0.4749), (4, 0.5094), (5, 0.6644), (6, 0.6566), (7, 0.6711), (8, 0.7033), (9, 0.7403), (10, 0.7434), (11, 0.7434), (12, 0.7333), (13, 0.7704), (14, 0.7456), (15, 0.7249), (16, 0.643), (17, 0.6687), (18, 0.6718), (19, 0.7041), (20, 0.7467), (21, 0.7717), (22, 0.713), (23, 0.7594), (24, 0.7401), (25, 0.7684), (26, 0.7684), (27, 0.7212), (28, 0.7728), (29, 0.7763), (30, 0.7572)]}
-----EXPERIMENT ENDS-----
-----END-----

JOB STATISTICS
==============
Job ID: 2794262
Cluster: snellius
User/Group: sunnys/sunnys
State: COMPLETED (exit code 0)
Nodes: 1
Cores per node: 18
CPU Utilized: 01:56:42
CPU Efficiency: 12.06% of 16:07:30 core-walltime
Job Wall-clock time: 00:53:45
Memory Utilized: 30.52 GB
Memory Efficiency: 0.00% of 0.00 MB
