-----BEGIN-----
-----SETTINGS-----
TOTAL CROPS:25000
STRATEGY:feddf
MODEL_NAME:resnet8
NUM_CLIENTS:20
NUM_ROUNDS:30
FRACTION_FIT:0.4
FRACTION_EVALUATE:0.0
DATASET_NAME:cifar10
PARTITION_ALPHA:1.0
PARTITION_VAL_RATIO:0.1
BATCH_SIZE:512
LOCAL_EPOCHS:10
LOCAL_LR:0.01
DISTILL_BATCH_SIZE:512
SERVER_LR:0.005
SERVER_STEPS:250
SERVER_EARLY_STEPS:1000
USE_EARLY_STOPPING:False
USE_ADAPTIVE_LR:False
USE_ADAPTIVE_LR_ROUND:False
SEED:42
CUDA_DETERMINISTIC:False
USE_CROPS:True
IMG_NAME:ameyoko.jpg
DISTILL_DATASET:organamnist
DISTILL_ALPHA:1.0
NUM_DISTILL_IMAGES:5000
DISTILL_TRANSFORMS:v0
WARM_START:True
WARM_START_ROUNDS:1
WARM_START_INTERVAL:5
KMEANS_N_CLUSTER:1000
KMEANS_HEURISTICS:easy
KMEANS_MIXED_FACTOR:50-50
KMEANS_BALANCING:0.1
CONFIDENCE_THRESHOLD:0.5
CONFIDENCE_STRATEGY:top
CONFIDENCE_ADAPTIVE:False
CONFIDENCE_MAX_THRESH:0.5
CLIPPING_FACTOR:2.5
FEDPROX_FACTOR:0.0
FEDPROX_ADAPTIVE:False
USE_CLIPPING:True
USE_ENTROPY:False
USE_KMEANS:True
USE_FEDPROX:False
-----SETTINGS END-----
-----EXPERIMENT BEGINS-----
---------
Generating crops for FedDF
Namespace(img_size=32, batch_size=32, num_imgs=25000, threads=18, vflip=False, deg=30, shear=30, cropfirst=True, initcrop=0.5, scale=[500, 1], randinterp=False, debug=False, imgpath='./static/single_images/ameyoko.jpg', targetpath='/scratch-local/sunnys.3422100/1692449377_799033596', seed=42, img_per_thread=1388)
will save 25000 patches in /scratch-local/sunnys.3422100/1692449377_799033596/single_img_crops/crops
25000 took 0.40min with 18 threads
---------
Simulating feddf training
INFO simulate 2023-08-19 14:50:18,939 | simulate.py:50 | Python script started : simulate.py
DEBUG simulate 2023-08-19 14:50:18,939 | simulate.py:55 | Reading args from argument parser
Downloading https://www.cs.toronto.edu/~kriz/cifar-10-python.tar.gz to /scratch-local/sunnys.3422100/1692449377_799033596/cifar-10-python.tar.gz
Extracting /scratch-local/sunnys.3422100/1692449377_799033596/cifar-10-python.tar.gz to /scratch-local/sunnys.3422100/1692449377_799033596
Generating unified cifar10 dataset
Class histogram for 0-th partition (alpha=1.0, 10 classes): [440 381 415  39  10 257 227 532  17 182]
INFO flwr 2023-08-19 14:50:46,110 | app.py:145 | Starting Flower simulation, config: ServerConfig(num_rounds=30, round_timeout=None)
2023-08-19 14:50:48,870	INFO worker.py:1529 -- Started a local Ray instance. View the dashboard at [1m[32m127.0.0.1:8266 [39m[22m
INFO flwr 2023-08-19 14:50:49,948 | app.py:179 | Flower VCE: Ray initialized with resources: {'memory': 103079215104.0, 'object_store_memory': 61847529062.0, 'CPU': 18.0, 'node:145.136.62.14': 1.0, 'GPU': 1.0, 'accelerator_type:A100': 1.0}
INFO flwr 2023-08-19 14:50:49,948 | server.py:86 | Initializing global parameters
INFO flwr 2023-08-19 14:50:49,949 | server.py:266 | Using initial parameters provided by strategy
INFO flwr 2023-08-19 14:50:49,949 | server.py:88 | Evaluating initial parameters
INFO flwr 2023-08-19 14:50:58,607 | server.py:91 | initial parameters (loss, other metrics): 2.3234217651367186, {'server_test_acc': 0.108}
INFO flwr 2023-08-19 14:50:58,607 | server.py:101 | FL starting
DEBUG flwr 2023-08-19 14:51:03,321 | server.py:215 | fit_round 1: strategy sampled 8 clients (out of 20)
DEBUG flwr 2023-08-19 14:51:42,033 | server.py:229 | fit_round 1 received 8 results and 0 failures
INFO flwr 2023-08-19 14:51:42,139 | fed_df.py:365 | Warm start at round 1
INFO flwr 2023-08-19 14:51:42,236 | fed_df.py:463 | Performing server side distillation training...
[2m[36m(launch_and_fit pid=2265319)[0m Fitting Client 2
[2m[36m(launch_and_fit pid=2265309)[0m Fitting Client 11
[2m[36m(launch_and_fit pid=2265305)[0m Fitting Client 14
[2m[36m(launch_and_fit pid=2265315)[0m Fitting Client 5
[2m[36m(launch_and_fit pid=2265310)[0m Fitting Client 3
[2m[36m(launch_and_fit pid=2265317)[0m Fitting Client 13
[2m[36m(launch_and_fit pid=2265311)[0m Fitting Client 12
[2m[36m(launch_and_fit pid=2265320)[0m Fitting Client 8
[2m[36m(launch_and_fit pid=2265305)[0m malloc_consolidate(): invalid chunk size
[2m[36m(launch_and_fit pid=2265310)[0m double free or corruption (fasttop)
[2m[36m(launch_and_fit pid=2265311)[0m double free or corruption (fasttop)
[2m[36m(launch_and_fit pid=2265309)[0m malloc_consolidate(): invalid chunk size
E0819 14:51:44.039565798 2259432 chttp2_transport.cc:1079]             ipv4:145.136.62.14:45363: Received a GOAWAY with error code ENHANCE_YOUR_CALM and debug data equal to "too_many_pings". Current keepalive time (before throttling): 60000ms
[2m[36m(launch_and_fit pid=2265319)[0m double free or corruption (fasttop)
[2m[36m(launch_and_fit pid=2265315)[0m malloc_consolidate(): invalid chunk size
[2m[36m(launch_and_fit pid=2265317)[0m malloc_consolidate(): invalid chunk size
INFO flwr 2023-08-19 14:52:28,238 | fed_df.py:540 | Distillation training stopped at step number : 250
INFO flwr 2023-08-19 14:52:28,238 | fed_df.py:547 | Average fusion training loss : 0.05079733616113663, val accuracy : 0.28652, best val accuracy : 0.3062
INFO flwr 2023-08-19 14:52:28,239 | common.py:35 | Avg. local train loss : 8.100896176695825, train acc : 0.47128333333333333
INFO flwr 2023-08-19 14:52:30,841 | server.py:116 | fit progress: (1, 1.8309326049804688, {'server_test_acc': 0.3164}, 92.23401794536039)
INFO flwr 2023-08-19 14:52:30,841 | server.py:163 | evaluate_round 1: no clients selected, cancel
DEBUG flwr 2023-08-19 14:52:35,510 | server.py:215 | fit_round 2: strategy sampled 8 clients (out of 20)
DEBUG flwr 2023-08-19 14:53:10,508 | server.py:229 | fit_round 2 received 8 results and 0 failures
INFO flwr 2023-08-19 14:53:10,654 | fed_df.py:463 | Performing server side distillation training...
[2m[36m(launch_and_fit pid=2401710)[0m Fitting Client 5
[2m[36m(launch_and_fit pid=2401731)[0m Fitting Client 2
[2m[36m(launch_and_fit pid=2401732)[0m Fitting Client 8
[2m[36m(launch_and_fit pid=2401730)[0m Fitting Client 6
[2m[36m(launch_and_fit pid=2401771)[0m Fitting Client 7
[2m[36m(launch_and_fit pid=2401778)[0m Fitting Client 19
[2m[36m(launch_and_fit pid=2401780)[0m Fitting Client 17
[2m[36m(launch_and_fit pid=2401770)[0m Fitting Client 15
[2m[36m(launch_and_fit pid=2401710)[0m malloc_consolidate(): invalid chunk size
[2m[36m(launch_and_fit pid=2401780)[0m malloc_consolidate(): invalid chunk size
[2m[36m(launch_and_fit pid=2401771)[0m double free or corruption (fasttop)
[2m[36m(launch_and_fit pid=2401731)[0m double free or corruption (fasttop)
[2m[36m(launch_and_fit pid=2401732)[0m malloc_consolidate(): invalid chunk size
[2m[36m(launch_and_fit pid=2401730)[0m double free or corruption (fasttop)
[2m[36m(launch_and_fit pid=2401778)[0m malloc_consolidate(): invalid chunk size
[2m[36m(launch_and_fit pid=2401770)[0m double free or corruption (fasttop)
E0819 14:53:12.920064191 2318245 chttp2_transport.cc:1079]             ipv4:145.136.62.14:45363: Received a GOAWAY with error code ENHANCE_YOUR_CALM and debug data equal to "too_many_pings". Current keepalive time (before throttling): 120000ms
INFO flwr 2023-08-19 14:53:57,927 | fed_df.py:540 | Distillation training stopped at step number : 250
INFO flwr 2023-08-19 14:53:57,928 | fed_df.py:547 | Average fusion training loss : 0.04730372339487076, val accuracy : 0.35059999999999997, best val accuracy : 0.3674
INFO flwr 2023-08-19 14:53:57,929 | common.py:35 | Avg. local train loss : 7.024144014716149, train acc : 0.5641222222222222
INFO flwr 2023-08-19 14:54:00,608 | server.py:116 | fit progress: (2, 1.7305515228271484, {'server_test_acc': 0.3716}, 182.00104848109186)
INFO flwr 2023-08-19 14:54:00,608 | server.py:163 | evaluate_round 2: no clients selected, cancel
DEBUG flwr 2023-08-19 14:54:05,214 | server.py:215 | fit_round 3: strategy sampled 8 clients (out of 20)
DEBUG flwr 2023-08-19 14:54:39,516 | server.py:229 | fit_round 3 received 8 results and 0 failures
INFO flwr 2023-08-19 14:54:39,656 | fed_df.py:463 | Performing server side distillation training...
[2m[36m(launch_and_fit pid=2560622)[0m Fitting Client 10
[2m[36m(launch_and_fit pid=2560619)[0m Fitting Client 8
[2m[36m(launch_and_fit pid=2560620)[0m Fitting Client 7
[2m[36m(launch_and_fit pid=2560621)[0m Fitting Client 17
[2m[36m(launch_and_fit pid=2560623)[0m Fitting Client 3
[2m[36m(launch_and_fit pid=2560625)[0m Fitting Client 1
[2m[36m(launch_and_fit pid=2560624)[0m Fitting Client 13
[2m[36m(launch_and_fit pid=2560626)[0m Fitting Client 0
[2m[36m(launch_and_fit pid=2560623)[0m malloc_consolidate(): invalid chunk size
[2m[36m(launch_and_fit pid=2560619)[0m malloc_consolidate(): invalid chunk size
[2m[36m(launch_and_fit pid=2560620)[0m double free or corruption (fasttop)
[2m[36m(launch_and_fit pid=2560625)[0m malloc_consolidate(): invalid chunk size
[2m[36m(launch_and_fit pid=2560621)[0m double free or corruption (fasttop)
[2m[36m(launch_and_fit pid=2560622)[0m malloc_consolidate(): invalid chunk size
[2m[36m(launch_and_fit pid=2560624)[0m double free or corruption (fasttop)
[2m[36m(launch_and_fit pid=2560626)[0m double free or corruption (fasttop)
E0819 14:54:41.678324208 2465109 chttp2_transport.cc:1079]             ipv4:145.136.62.14:45363: Received a GOAWAY with error code ENHANCE_YOUR_CALM and debug data equal to "too_many_pings". Current keepalive time (before throttling): 240000ms
INFO flwr 2023-08-19 14:55:26,852 | fed_df.py:540 | Distillation training stopped at step number : 250
INFO flwr 2023-08-19 14:55:26,853 | fed_df.py:547 | Average fusion training loss : 0.057992475718259814, val accuracy : 0.42912, best val accuracy : 0.4504
INFO flwr 2023-08-19 14:55:26,854 | common.py:35 | Avg. local train loss : 6.931466844677925, train acc : 0.5767499999999999
INFO flwr 2023-08-19 14:55:29,566 | server.py:116 | fit progress: (3, 1.5635561645507812, {'server_test_acc': 0.4407}, 270.9588531330228)
INFO flwr 2023-08-19 14:55:29,566 | server.py:163 | evaluate_round 3: no clients selected, cancel
DEBUG flwr 2023-08-19 14:55:34,233 | server.py:215 | fit_round 4: strategy sampled 8 clients (out of 20)
DEBUG flwr 2023-08-19 14:56:08,674 | server.py:229 | fit_round 4 received 8 results and 0 failures
[2m[36m(launch_and_fit pid=2693468)[0m malloc_consolidate(): invalid chunk size
INFO flwr 2023-08-19 14:56:08,813 | fed_df.py:463 | Performing server side distillation training...
[2m[36m(launch_and_fit pid=2693468)[0m Fitting Client 8
[2m[36m(launch_and_fit pid=2693471)[0m Fitting Client 10
[2m[36m(launch_and_fit pid=2693473)[0m Fitting Client 9
[2m[36m(launch_and_fit pid=2693470)[0m Fitting Client 12
[2m[36m(launch_and_fit pid=2693474)[0m Fitting Client 11
[2m[36m(launch_and_fit pid=2693475)[0m Fitting Client 6
[2m[36m(launch_and_fit pid=2693472)[0m Fitting Client 2
[2m[36m(launch_and_fit pid=2693476)[0m Fitting Client 14
[2m[36m(launch_and_fit pid=2693473)[0m malloc_consolidate(): invalid chunk size
[2m[36m(launch_and_fit pid=2693470)[0m malloc_consolidate(): invalid chunk size
[2m[36m(launch_and_fit pid=2693475)[0m malloc_consolidate(): invalid chunk size
[2m[36m(launch_and_fit pid=2693471)[0m double free or corruption (fasttop)
[2m[36m(launch_and_fit pid=2693472)[0m malloc_consolidate(): invalid chunk size
[2m[36m(launch_and_fit pid=2693474)[0m malloc_consolidate(): invalid chunk size
[2m[36m(launch_and_fit pid=2693476)[0m double free or corruption (fasttop)
INFO flwr 2023-08-19 14:57:00,799 | fed_df.py:540 | Distillation training stopped at step number : 250
INFO flwr 2023-08-19 14:57:00,799 | fed_df.py:547 | Average fusion training loss : 0.05533383798599243, val accuracy : 0.4062, best val accuracy : 0.4286
INFO flwr 2023-08-19 14:57:00,800 | common.py:35 | Avg. local train loss : 6.888829170167446, train acc : 0.5811222222222223
INFO flwr 2023-08-19 14:57:03,437 | server.py:116 | fit progress: (4, 1.573330712890625, {'server_test_acc': 0.4278}, 364.82954313606024)
INFO flwr 2023-08-19 14:57:03,437 | server.py:163 | evaluate_round 4: no clients selected, cancel
DEBUG flwr 2023-08-19 14:57:08,253 | server.py:215 | fit_round 5: strategy sampled 8 clients (out of 20)
DEBUG flwr 2023-08-19 14:57:41,857 | server.py:229 | fit_round 5 received 8 results and 0 failures
INFO flwr 2023-08-19 14:57:41,966 | fed_df.py:365 | Warm start at round 5
INFO flwr 2023-08-19 14:57:42,056 | fed_df.py:463 | Performing server side distillation training...
[2m[36m(launch_and_fit pid=2826381)[0m Fitting Client 6
[2m[36m(launch_and_fit pid=2826383)[0m Fitting Client 10
[2m[36m(launch_and_fit pid=2826385)[0m Fitting Client 12
[2m[36m(launch_and_fit pid=2826386)[0m Fitting Client 2
[2m[36m(launch_and_fit pid=2826384)[0m Fitting Client 15
[2m[36m(launch_and_fit pid=2826387)[0m Fitting Client 14
[2m[36m(launch_and_fit pid=2826388)[0m Fitting Client 4
[2m[36m(launch_and_fit pid=2826389)[0m Fitting Client 17
[2m[36m(launch_and_fit pid=2826389)[0m malloc_consolidate(): invalid chunk size
[2m[36m(launch_and_fit pid=2826384)[0m malloc_consolidate(): invalid chunk size
[2m[36m(launch_and_fit pid=2826387)[0m double free or corruption (fasttop)
[2m[36m(launch_and_fit pid=2826381)[0m double free or corruption (fasttop)
[2m[36m(launch_and_fit pid=2826383)[0m malloc_consolidate(): invalid chunk size
[2m[36m(launch_and_fit pid=2826385)[0m double free or corruption (fasttop)
[2m[36m(launch_and_fit pid=2826388)[0m malloc_consolidate(): invalid chunk size
[2m[36m(launch_and_fit pid=2826386)[0m double free or corruption (fasttop)
E0819 14:58:05.971407849 2913880 chttp2_transport.cc:1079]             ipv4:145.136.62.14:45363: Received a GOAWAY with error code ENHANCE_YOUR_CALM and debug data equal to "too_many_pings". Current keepalive time (before throttling): 480000ms
INFO flwr 2023-08-19 14:58:34,103 | fed_df.py:540 | Distillation training stopped at step number : 250
INFO flwr 2023-08-19 14:58:34,104 | fed_df.py:547 | Average fusion training loss : 0.04374221667647362, val accuracy : 0.42964, best val accuracy : 0.4514
INFO flwr 2023-08-19 14:58:34,105 | common.py:35 | Avg. local train loss : 6.749882271140813, train acc : 0.5914166666666667
INFO flwr 2023-08-19 14:58:36,760 | server.py:116 | fit progress: (5, 1.5815386535644531, {'server_test_acc': 0.4405}, 458.15322545403615)
INFO flwr 2023-08-19 14:58:36,760 | server.py:163 | evaluate_round 5: no clients selected, cancel
DEBUG flwr 2023-08-19 14:58:41,561 | server.py:215 | fit_round 6: strategy sampled 8 clients (out of 20)
[2m[36m(launch_and_fit pid=2961436)[0m malloc_consolidate(): invalid chunk size
DEBUG flwr 2023-08-19 14:59:14,554 | server.py:229 | fit_round 6 received 8 results and 0 failures
[2m[36m(launch_and_fit pid=2961441)[0m malloc_consolidate(): invalid chunk size
INFO flwr 2023-08-19 14:59:14,694 | fed_df.py:463 | Performing server side distillation training...
[2m[36m(launch_and_fit pid=2961436)[0m Fitting Client 7
[2m[36m(launch_and_fit pid=2961437)[0m Fitting Client 18
[2m[36m(launch_and_fit pid=2961443)[0m Fitting Client 9
[2m[36m(launch_and_fit pid=2961439)[0m Fitting Client 17
[2m[36m(launch_and_fit pid=2961441)[0m Fitting Client 8
[2m[36m(launch_and_fit pid=2961442)[0m Fitting Client 14
[2m[36m(launch_and_fit pid=2961440)[0m Fitting Client 13
[2m[36m(launch_and_fit pid=2961444)[0m Fitting Client 6
[2m[36m(launch_and_fit pid=2961443)[0m malloc_consolidate(): invalid chunk size
[2m[36m(launch_and_fit pid=2961442)[0m double free or corruption (fasttop)
E0819 14:59:15.367144354 2917568 chttp2_transport.cc:1079]             ipv4:145.136.62.14:45363: Received a GOAWAY with error code ENHANCE_YOUR_CALM and debug data equal to "too_many_pings". Current keepalive time (before throttling): 960000ms
E0819 14:59:15.367308899 2917568 chttp2_transport.cc:1079]             ipv4:145.136.62.14:45363: Received a GOAWAY with error code ENHANCE_YOUR_CALM and debug data equal to "too_many_pings". Current keepalive time (before throttling): 960000ms
[2m[36m(launch_and_fit pid=2961437)[0m malloc_consolidate(): invalid chunk size
[2m[36m(launch_and_fit pid=2961444)[0m malloc_consolidate(): invalid chunk size
[2m[36m(launch_and_fit pid=2961439)[0m malloc_consolidate(): invalid chunk size
[2m[36m(launch_and_fit pid=2961440)[0m double free or corruption (fasttop)
E0819 14:59:16.881475463 3022101 chttp2_transport.cc:1079]             ipv4:145.136.62.14:45363: Received a GOAWAY with error code ENHANCE_YOUR_CALM and debug data equal to "too_many_pings". Current keepalive time (before throttling): 1920000ms
E0819 14:59:24.268488117 3034433 chttp2_transport.cc:1079]             ipv4:145.136.62.14:45363: Received a GOAWAY with error code ENHANCE_YOUR_CALM and debug data equal to "too_many_pings". Current keepalive time (before throttling): 3840000ms
INFO flwr 2023-08-19 15:00:01,526 | fed_df.py:540 | Distillation training stopped at step number : 250
INFO flwr 2023-08-19 15:00:01,527 | fed_df.py:547 | Average fusion training loss : 0.03792243455350399, val accuracy : 0.5131600000000001, best val accuracy : 0.528
INFO flwr 2023-08-19 15:00:01,528 | common.py:35 | Avg. local train loss : 6.1552123777568335, train acc : 0.6579944444444444
INFO flwr 2023-08-19 15:00:04,184 | server.py:116 | fit progress: (6, 1.4418718078613282, {'server_test_acc': 0.5133}, 545.5767431193963)
INFO flwr 2023-08-19 15:00:04,184 | server.py:163 | evaluate_round 6: no clients selected, cancel
DEBUG flwr 2023-08-19 15:00:08,980 | server.py:215 | fit_round 7: strategy sampled 8 clients (out of 20)
[2m[36m(launch_and_fit pid=3094305)[0m double free or corruption (fasttop)
[2m[36m(launch_and_fit pid=3094313)[0m double free or corruption (fasttop)
[2m[36m(launch_and_fit pid=3094310)[0m double free or corruption (fasttop)
DEBUG flwr 2023-08-19 15:00:41,896 | server.py:229 | fit_round 7 received 8 results and 0 failures
INFO flwr 2023-08-19 15:00:42,044 | fed_df.py:463 | Performing server side distillation training...
[2m[36m(launch_and_fit pid=3094302)[0m Fitting Client 11
[2m[36m(launch_and_fit pid=3094310)[0m Fitting Client 15
[2m[36m(launch_and_fit pid=3094313)[0m Fitting Client 0
[2m[36m(launch_and_fit pid=3094305)[0m Fitting Client 4
[2m[36m(launch_and_fit pid=3094312)[0m Fitting Client 12
[2m[36m(launch_and_fit pid=3094314)[0m Fitting Client 1
[2m[36m(launch_and_fit pid=3094307)[0m Fitting Client 7
[2m[36m(launch_and_fit pid=3094311)[0m Fitting Client 16
[2m[36m(launch_and_fit pid=3094314)[0m double free or corruption (fasttop)
[2m[36m(launch_and_fit pid=3094302)[0m malloc_consolidate(): invalid chunk size
E0819 15:00:42.749041628 3035104 chttp2_transport.cc:1079]             ipv4:145.136.62.14:45363: Received a GOAWAY with error code ENHANCE_YOUR_CALM and debug data equal to "too_many_pings". Current keepalive time (before throttling): 7680000ms
[2m[36m(launch_and_fit pid=3094312)[0m double free or corruption (fasttop)
[2m[36m(launch_and_fit pid=3094311)[0m double free or corruption (fasttop)
[2m[36m(launch_and_fit pid=3094307)[0m malloc_consolidate(): invalid chunk size
INFO flwr 2023-08-19 15:01:29,688 | fed_df.py:540 | Distillation training stopped at step number : 250
INFO flwr 2023-08-19 15:01:29,688 | fed_df.py:547 | Average fusion training loss : 0.07280954939126968, val accuracy : 0.54892, best val accuracy : 0.56
INFO flwr 2023-08-19 15:01:29,689 | common.py:35 | Avg. local train loss : 6.044842959195376, train acc : 0.6671555555555556
INFO flwr 2023-08-19 15:01:32,357 | server.py:116 | fit progress: (7, 1.3818774841308594, {'server_test_acc': 0.5438}, 633.7504239124246)
INFO flwr 2023-08-19 15:01:32,358 | server.py:163 | evaluate_round 7: no clients selected, cancel
DEBUG flwr 2023-08-19 15:01:37,235 | server.py:215 | fit_round 8: strategy sampled 8 clients (out of 20)
[2m[36m(launch_and_fit pid=3227143)[0m double free or corruption (fasttop)
DEBUG flwr 2023-08-19 15:02:09,500 | server.py:229 | fit_round 8 received 8 results and 0 failures
INFO flwr 2023-08-19 15:02:09,642 | fed_df.py:463 | Performing server side distillation training...
[2m[36m(launch_and_fit pid=3227143)[0m Fitting Client 3
[2m[36m(launch_and_fit pid=3227148)[0m Fitting Client 13
[2m[36m(launch_and_fit pid=3227146)[0m Fitting Client 4
[2m[36m(launch_and_fit pid=3227151)[0m Fitting Client 2
[2m[36m(launch_and_fit pid=3227152)[0m Fitting Client 14
[2m[36m(launch_and_fit pid=3227153)[0m Fitting Client 9
[2m[36m(launch_and_fit pid=3227149)[0m Fitting Client 5
[2m[36m(launch_and_fit pid=3227150)[0m Fitting Client 6
[2m[36m(launch_and_fit pid=3227148)[0m double free or corruption (fasttop)
[2m[36m(launch_and_fit pid=3227152)[0m double free or corruption (fasttop)
[2m[36m(launch_and_fit pid=3227151)[0m double free or corruption (fasttop)
[2m[36m(launch_and_fit pid=3227146)[0m malloc_consolidate(): invalid chunk size
E0819 15:02:10.722005804 3153296 chttp2_transport.cc:1079]             ipv4:145.136.62.14:45363: Received a GOAWAY with error code ENHANCE_YOUR_CALM and debug data equal to "too_many_pings". Current keepalive time (before throttling): 15360000ms
[2m[36m(launch_and_fit pid=3227149)[0m malloc_consolidate(): invalid chunk size
[2m[36m(launch_and_fit pid=3227153)[0m malloc_consolidate(): invalid chunk size
[2m[36m(launch_and_fit pid=3227150)[0m malloc_consolidate(): invalid chunk size
INFO flwr 2023-08-19 15:02:56,908 | fed_df.py:540 | Distillation training stopped at step number : 250
INFO flwr 2023-08-19 15:02:56,908 | fed_df.py:547 | Average fusion training loss : 0.03534110336750746, val accuracy : 0.53344, best val accuracy : 0.5466
INFO flwr 2023-08-19 15:02:56,909 | common.py:35 | Avg. local train loss : 6.318019256740809, train acc : 0.6418111111111111
INFO flwr 2023-08-19 15:02:59,562 | server.py:116 | fit progress: (8, 1.374837905883789, {'server_test_acc': 0.5376}, 720.9551206342876)
INFO flwr 2023-08-19 15:02:59,562 | server.py:163 | evaluate_round 8: no clients selected, cancel
DEBUG flwr 2023-08-19 15:03:04,370 | server.py:215 | fit_round 9: strategy sampled 8 clients (out of 20)
[2m[36m(launch_and_fit pid=3359713)[0m double free or corruption (fasttop)
DEBUG flwr 2023-08-19 15:03:36,910 | server.py:229 | fit_round 9 received 8 results and 0 failures
INFO flwr 2023-08-19 15:03:37,049 | fed_df.py:463 | Performing server side distillation training...
[2m[36m(launch_and_fit pid=3359713)[0m Fitting Client 16
[2m[36m(launch_and_fit pid=3359852)[0m Fitting Client 3
[2m[36m(launch_and_fit pid=3359849)[0m Fitting Client 0
[2m[36m(launch_and_fit pid=3359848)[0m Fitting Client 14
[2m[36m(launch_and_fit pid=3359853)[0m Fitting Client 17
[2m[36m(launch_and_fit pid=3359854)[0m Fitting Client 10
[2m[36m(launch_and_fit pid=3359855)[0m Fitting Client 12
[2m[36m(launch_and_fit pid=3359851)[0m Fitting Client 8
[2m[36m(launch_and_fit pid=3359851)[0m double free or corruption (fasttop)
[2m[36m(launch_and_fit pid=3359855)[0m double free or corruption (fasttop)
[2m[36m(launch_and_fit pid=3359848)[0m malloc_consolidate(): invalid chunk size
[2m[36m(launch_and_fit pid=3359852)[0m malloc_consolidate(): invalid chunk size
[2m[36m(launch_and_fit pid=3359854)[0m malloc_consolidate(): invalid chunk size
[2m[36m(launch_and_fit pid=3359853)[0m malloc_consolidate(): invalid chunk size
[2m[36m(launch_and_fit pid=3359849)[0m malloc_consolidate(): invalid chunk size
E0819 15:03:39.529503264 3287463 chttp2_transport.cc:1079]             ipv4:145.136.62.14:45363: Received a GOAWAY with error code ENHANCE_YOUR_CALM and debug data equal to "too_many_pings". Current keepalive time (before throttling): 30720000ms
INFO flwr 2023-08-19 15:04:24,173 | fed_df.py:540 | Distillation training stopped at step number : 250
INFO flwr 2023-08-19 15:04:24,174 | fed_df.py:547 | Average fusion training loss : 0.027056205548346042, val accuracy : 0.5956400000000001, best val accuracy : 0.6024
INFO flwr 2023-08-19 15:04:24,175 | common.py:35 | Avg. local train loss : 5.880781120806932, train acc : 0.6877222222222222
INFO flwr 2023-08-19 15:04:26,828 | server.py:116 | fit progress: (9, 1.2943472839355468, {'server_test_acc': 0.5878}, 808.2209949041717)
INFO flwr 2023-08-19 15:04:26,828 | server.py:163 | evaluate_round 9: no clients selected, cancel
DEBUG flwr 2023-08-19 15:04:31,626 | server.py:215 | fit_round 10: strategy sampled 8 clients (out of 20)
[2m[36m(launch_and_fit pid=3493152)[0m malloc_consolidate(): invalid chunk size
[2m[36m(launch_and_fit pid=3493015)[0m malloc_consolidate(): invalid chunk size
DEBUG flwr 2023-08-19 15:05:04,738 | server.py:229 | fit_round 10 received 8 results and 0 failures
INFO flwr 2023-08-19 15:05:04,844 | fed_df.py:365 | Warm start at round 10
INFO flwr 2023-08-19 15:05:04,940 | fed_df.py:463 | Performing server side distillation training...
[2m[36m(launch_and_fit pid=3493013)[0m Fitting Client 9
[2m[36m(launch_and_fit pid=3493019)[0m Fitting Client 2
[2m[36m(launch_and_fit pid=3493012)[0m Fitting Client 10
[2m[36m(launch_and_fit pid=3493018)[0m Fitting Client 8
[2m[36m(launch_and_fit pid=3493015)[0m Fitting Client 3
[2m[36m(launch_and_fit pid=3493152)[0m Fitting Client 0
[2m[36m(launch_and_fit pid=3493151)[0m Fitting Client 7
[2m[36m(launch_and_fit pid=3493150)[0m Fitting Client 13
[2m[36m(launch_and_fit pid=3493018)[0m double free or corruption (fasttop)
[2m[36m(launch_and_fit pid=3493013)[0m malloc_consolidate(): invalid chunk size
[2m[36m(launch_and_fit pid=3493012)[0m malloc_consolidate(): invalid chunk size
[2m[36m(launch_and_fit pid=3493019)[0m double free or corruption (fasttop)
[2m[36m(launch_and_fit pid=3493151)[0m double free or corruption (fasttop)
[2m[36m(launch_and_fit pid=3493150)[0m malloc_consolidate(): invalid chunk size
INFO flwr 2023-08-19 15:05:56,850 | fed_df.py:540 | Distillation training stopped at step number : 250
INFO flwr 2023-08-19 15:05:56,851 | fed_df.py:547 | Average fusion training loss : 0.04178253893554211, val accuracy : 0.5957600000000001, best val accuracy : 0.6004
INFO flwr 2023-08-19 15:05:56,852 | common.py:35 | Avg. local train loss : 5.693052633106708, train acc : 0.7081
INFO flwr 2023-08-19 15:05:59,755 | server.py:116 | fit progress: (10, 1.315850082397461, {'server_test_acc': 0.5816}, 901.1480146390386)
INFO flwr 2023-08-19 15:05:59,755 | server.py:163 | evaluate_round 10: no clients selected, cancel
DEBUG flwr 2023-08-19 15:06:04,614 | server.py:215 | fit_round 11: strategy sampled 8 clients (out of 20)
[2m[36m(launch_and_fit pid=3634138)[0m malloc_consolidate(): invalid chunk size
DEBUG flwr 2023-08-19 15:06:38,020 | server.py:229 | fit_round 11 received 8 results and 0 failures
[2m[36m(launch_and_fit pid=3634139)[0m malloc_consolidate(): invalid chunk size
[2m[36m(launch_and_fit pid=3634142)[0m malloc_consolidate(): invalid chunk size
INFO flwr 2023-08-19 15:06:38,171 | fed_df.py:463 | Performing server side distillation training...
[2m[36m(launch_and_fit pid=3634160)[0m Fitting Client 13
[2m[36m(launch_and_fit pid=3634138)[0m Fitting Client 18
[2m[36m(launch_and_fit pid=3634136)[0m Fitting Client 16
[2m[36m(launch_and_fit pid=3634139)[0m Fitting Client 8
[2m[36m(launch_and_fit pid=3634142)[0m Fitting Client 5
[2m[36m(launch_and_fit pid=3634158)[0m Fitting Client 10
[2m[36m(launch_and_fit pid=3634159)[0m Fitting Client 4
[2m[36m(launch_and_fit pid=3634140)[0m Fitting Client 3
[2m[36m(launch_and_fit pid=3634158)[0m malloc_consolidate(): invalid chunk size
E0819 15:06:38.864379439 3554801 chttp2_transport.cc:1079]             ipv4:145.136.62.14:45363: Received a GOAWAY with error code ENHANCE_YOUR_CALM and debug data equal to "too_many_pings". Current keepalive time (before throttling): 61440000ms
[2m[36m(launch_and_fit pid=3634160)[0m double free or corruption (fasttop)
[2m[36m(launch_and_fit pid=3634136)[0m double free or corruption (fasttop)
[2m[36m(launch_and_fit pid=3634140)[0m malloc_consolidate(): invalid chunk size
[2m[36m(launch_and_fit pid=3634159)[0m malloc_consolidate(): invalid chunk size
INFO flwr 2023-08-19 15:07:25,675 | fed_df.py:540 | Distillation training stopped at step number : 250
INFO flwr 2023-08-19 15:07:25,675 | fed_df.py:547 | Average fusion training loss : 0.024591607205569743, val accuracy : 0.5948, best val accuracy : 0.6022
INFO flwr 2023-08-19 15:07:25,676 | common.py:35 | Avg. local train loss : 5.5920616194605826, train acc : 0.7150333333333334
INFO flwr 2023-08-19 15:07:28,374 | server.py:116 | fit progress: (11, 1.2741052276611329, {'server_test_acc': 0.5886}, 989.767208666075)
INFO flwr 2023-08-19 15:07:28,374 | server.py:163 | evaluate_round 11: no clients selected, cancel
DEBUG flwr 2023-08-19 15:07:33,485 | server.py:215 | fit_round 12: strategy sampled 8 clients (out of 20)
[2m[36m(launch_and_fit pid=3769226)[0m malloc_consolidate(): invalid chunk size
[2m[36m(launch_and_fit pid=3769229)[0m malloc_consolidate(): invalid chunk size
DEBUG flwr 2023-08-19 15:08:07,369 | server.py:229 | fit_round 12 received 8 results and 0 failures
INFO flwr 2023-08-19 15:08:07,519 | fed_df.py:463 | Performing server side distillation training...
[2m[36m(launch_and_fit pid=3769226)[0m Fitting Client 16
[2m[36m(launch_and_fit pid=3769460)[0m Fitting Client 12
[2m[36m(launch_and_fit pid=3769228)[0m Fitting Client 6
[2m[36m(launch_and_fit pid=3769230)[0m Fitting Client 5
[2m[36m(launch_and_fit pid=3769227)[0m Fitting Client 4
[2m[36m(launch_and_fit pid=3769398)[0m Fitting Client 8
[2m[36m(launch_and_fit pid=3769459)[0m Fitting Client 14
[2m[36m(launch_and_fit pid=3769229)[0m Fitting Client 11
[2m[36m(launch_and_fit pid=3769230)[0m malloc_consolidate(): invalid chunk size
[2m[36m(launch_and_fit pid=3769228)[0m malloc_consolidate(): invalid chunk size
[2m[36m(launch_and_fit pid=3769459)[0m double free or corruption (fasttop)
[2m[36m(launch_and_fit pid=3769398)[0m malloc_consolidate(): invalid chunk size
[2m[36m(launch_and_fit pid=3769227)[0m malloc_consolidate(): invalid chunk size
[2m[36m(launch_and_fit pid=3769460)[0m malloc_consolidate(): invalid chunk size
E0819 15:08:11.182655982 3691460 chttp2_transport.cc:1079]             ipv4:145.136.62.14:45363: Received a GOAWAY with error code ENHANCE_YOUR_CALM and debug data equal to "too_many_pings". Current keepalive time (before throttling): 122880000ms
INFO flwr 2023-08-19 15:08:55,060 | fed_df.py:540 | Distillation training stopped at step number : 250
INFO flwr 2023-08-19 15:08:55,061 | fed_df.py:547 | Average fusion training loss : 0.017839566521346568, val accuracy : 0.59964, best val accuracy : 0.6094
INFO flwr 2023-08-19 15:08:55,062 | common.py:35 | Avg. local train loss : 5.739307438582181, train acc : 0.6995166666666667
INFO flwr 2023-08-19 15:08:57,806 | server.py:116 | fit progress: (12, 1.2850007690429688, {'server_test_acc': 0.5931}, 1079.1988842063583)
INFO flwr 2023-08-19 15:08:57,806 | server.py:163 | evaluate_round 12: no clients selected, cancel
DEBUG flwr 2023-08-19 15:09:02,829 | server.py:215 | fit_round 13: strategy sampled 8 clients (out of 20)
[2m[36m(launch_and_fit pid=3916335)[0m malloc_consolidate(): invalid chunk size
[2m[36m(launch_and_fit pid=3916357)[0m malloc_consolidate(): invalid chunk size
DEBUG flwr 2023-08-19 15:09:36,002 | server.py:229 | fit_round 13 received 8 results and 0 failures
INFO flwr 2023-08-19 15:09:36,149 | fed_df.py:463 | Performing server side distillation training...
[2m[36m(launch_and_fit pid=3916335)[0m Fitting Client 0
[2m[36m(launch_and_fit pid=3916352)[0m Fitting Client 14
[2m[36m(launch_and_fit pid=3916357)[0m Fitting Client 3
[2m[36m(launch_and_fit pid=3916358)[0m Fitting Client 5
[2m[36m(launch_and_fit pid=3916355)[0m Fitting Client 19
[2m[36m(launch_and_fit pid=3916356)[0m Fitting Client 15
[2m[36m(launch_and_fit pid=3916353)[0m Fitting Client 12
[2m[36m(launch_and_fit pid=3916350)[0m Fitting Client 10
E0819 15:09:36.546966044 3980091 chttp2_transport.cc:1079]             ipv4:145.136.62.14:45363: Received a GOAWAY with error code ENHANCE_YOUR_CALM and debug data equal to "too_many_pings". Current keepalive time (before throttling): 245760000ms
[2m[36m(launch_and_fit pid=3916353)[0m malloc_consolidate(): invalid chunk size
[2m[36m(launch_and_fit pid=3916358)[0m malloc_consolidate(): invalid chunk size
[2m[36m(launch_and_fit pid=3916352)[0m double free or corruption (fasttop)
E0819 15:09:37.422826788 3981316 chttp2_transport.cc:1079]             ipv4:145.136.62.14:45363: Received a GOAWAY with error code ENHANCE_YOUR_CALM and debug data equal to "too_many_pings". Current keepalive time (before throttling): 491520000ms
[2m[36m(launch_and_fit pid=3916356)[0m malloc_consolidate(): invalid chunk size
[2m[36m(launch_and_fit pid=3916355)[0m double free or corruption (fasttop)
INFO flwr 2023-08-19 15:10:23,873 | fed_df.py:540 | Distillation training stopped at step number : 250
INFO flwr 2023-08-19 15:10:23,873 | fed_df.py:547 | Average fusion training loss : 0.019590392161160708, val accuracy : 0.6076400000000001, best val accuracy : 0.617
INFO flwr 2023-08-19 15:10:23,875 | common.py:35 | Avg. local train loss : 5.510666462033986, train acc : 0.7218333333333334
INFO flwr 2023-08-19 15:10:26,712 | server.py:116 | fit progress: (13, 1.2531610321044921, {'server_test_acc': 0.598}, 1168.1052019014023)
INFO flwr 2023-08-19 15:10:26,712 | server.py:163 | evaluate_round 13: no clients selected, cancel
DEBUG flwr 2023-08-19 15:10:31,506 | server.py:215 | fit_round 14: strategy sampled 8 clients (out of 20)
DEBUG flwr 2023-08-19 15:11:04,435 | server.py:229 | fit_round 14 received 8 results and 0 failures
[2m[36m(launch_and_fit pid=4060327)[0m malloc_consolidate(): invalid chunk size
INFO flwr 2023-08-19 15:11:04,582 | fed_df.py:463 | Performing server side distillation training...
[2m[36m(launch_and_fit pid=4060465)[0m Fitting Client 2
[2m[36m(launch_and_fit pid=4060466)[0m Fitting Client 17
[2m[36m(launch_and_fit pid=4060464)[0m Fitting Client 18
[2m[36m(launch_and_fit pid=4060327)[0m Fitting Client 9
[2m[36m(launch_and_fit pid=4060330)[0m Fitting Client 7
[2m[36m(launch_and_fit pid=4060468)[0m Fitting Client 11
[2m[36m(launch_and_fit pid=4060469)[0m Fitting Client 16
[2m[36m(launch_and_fit pid=4060463)[0m Fitting Client 1
[2m[36m(launch_and_fit pid=4060465)[0m malloc_consolidate(): invalid chunk size
[2m[36m(launch_and_fit pid=4060466)[0m double free or corruption (fasttop)
[2m[36m(launch_and_fit pid=4060330)[0m double free or corruption (fasttop)
[2m[36m(launch_and_fit pid=4060468)[0m malloc_consolidate(): invalid chunk size
[2m[36m(launch_and_fit pid=4060464)[0m malloc_consolidate(): invalid chunk size
[2m[36m(launch_and_fit pid=4060463)[0m malloc_consolidate(): invalid chunk size
[2m[36m(launch_and_fit pid=4060469)[0m double free or corruption (fasttop)
E0819 15:11:08.151031288 2258246 chttp2_transport.cc:1079]             ipv4:145.136.62.14:45363: Received a GOAWAY with error code ENHANCE_YOUR_CALM and debug data equal to "too_many_pings". Current keepalive time (before throttling): 983040000ms
INFO flwr 2023-08-19 15:11:52,591 | fed_df.py:540 | Distillation training stopped at step number : 250
INFO flwr 2023-08-19 15:11:52,592 | fed_df.py:547 | Average fusion training loss : 0.02445891710743308, val accuracy : 0.58572, best val accuracy : 0.604
INFO flwr 2023-08-19 15:11:52,593 | common.py:35 | Avg. local train loss : 5.47340670824051, train acc : 0.7282777777777778
INFO flwr 2023-08-19 15:11:55,590 | server.py:116 | fit progress: (14, 1.275671908569336, {'server_test_acc': 0.5957}, 1256.9831163962372)
INFO flwr 2023-08-19 15:11:55,590 | server.py:163 | evaluate_round 14: no clients selected, cancel
DEBUG flwr 2023-08-19 15:12:00,471 | server.py:215 | fit_round 15: strategy sampled 8 clients (out of 20)
[2m[36m(launch_and_fit pid=4194026)[0m double free or corruption (fasttop)
DEBUG flwr 2023-08-19 15:12:33,566 | server.py:229 | fit_round 15 received 8 results and 0 failures
[2m[36m(launch_and_fit pid=4194231)[0m malloc_consolidate(): invalid chunk size
INFO flwr 2023-08-19 15:12:33,674 | fed_df.py:365 | Warm start at round 15
INFO flwr 2023-08-19 15:12:33,772 | fed_df.py:463 | Performing server side distillation training...
[2m[36m(launch_and_fit pid=4194026)[0m Fitting Client 2
[2m[36m(launch_and_fit pid=4194231)[0m Fitting Client 15
[2m[36m(launch_and_fit pid=4194218)[0m Fitting Client 4
[2m[36m(launch_and_fit pid=4194241)[0m Fitting Client 19
[2m[36m(launch_and_fit pid=4194217)[0m Fitting Client 17
[2m[36m(launch_and_fit pid=4194232)[0m Fitting Client 18
[2m[36m(launch_and_fit pid=4194234)[0m Fitting Client 8
[2m[36m(launch_and_fit pid=4194240)[0m Fitting Client 16
[2m[36m(launch_and_fit pid=4194241)[0m malloc_consolidate(): invalid chunk size
[2m[36m(launch_and_fit pid=4194218)[0m malloc_consolidate(): invalid chunk size
[2m[36m(launch_and_fit pid=4194234)[0m malloc_consolidate(): invalid chunk size
[2m[36m(launch_and_fit pid=4194232)[0m malloc_consolidate(): invalid chunk size
[2m[36m(launch_and_fit pid=4194240)[0m malloc_consolidate(): invalid chunk size
[2m[36m(launch_and_fit pid=4194217)[0m double free or corruption (fasttop)
E0819 15:12:37.217451128 4121478 chttp2_transport.cc:1079]             ipv4:145.136.62.14:45363: Received a GOAWAY with error code ENHANCE_YOUR_CALM and debug data equal to "too_many_pings". Current keepalive time (before throttling): 1966080000ms
INFO flwr 2023-08-19 15:13:21,032 | fed_df.py:540 | Distillation training stopped at step number : 250
INFO flwr 2023-08-19 15:13:21,033 | fed_df.py:547 | Average fusion training loss : 0.020965651489794256, val accuracy : 0.5862399999999999, best val accuracy : 0.5942
INFO flwr 2023-08-19 15:13:21,034 | common.py:35 | Avg. local train loss : 5.2945033490657805, train acc : 0.7437777777777776
INFO flwr 2023-08-19 15:13:23,742 | server.py:116 | fit progress: (15, 1.2802856597900392, {'server_test_acc': 0.5847}, 1345.134886853397)
INFO flwr 2023-08-19 15:13:23,742 | server.py:163 | evaluate_round 15: no clients selected, cancel
DEBUG flwr 2023-08-19 15:13:28,602 | server.py:215 | fit_round 16: strategy sampled 8 clients (out of 20)
[2m[36m(launch_and_fit pid=136299)[0m malloc_consolidate(): invalid chunk size
DEBUG flwr 2023-08-19 15:14:01,482 | server.py:229 | fit_round 16 received 8 results and 0 failures
INFO flwr 2023-08-19 15:14:01,629 | fed_df.py:463 | Performing server side distillation training...
[2m[36m(launch_and_fit pid=136299)[0m Fitting Client 17
[2m[36m(launch_and_fit pid=136298)[0m Fitting Client 6
[2m[36m(launch_and_fit pid=136305)[0m Fitting Client 19
[2m[36m(launch_and_fit pid=136301)[0m Fitting Client 9
[2m[36m(launch_and_fit pid=136303)[0m Fitting Client 10
[2m[36m(launch_and_fit pid=136300)[0m Fitting Client 13
[2m[36m(launch_and_fit pid=136265)[0m Fitting Client 16
[2m[36m(launch_and_fit pid=136304)[0m Fitting Client 18
[2m[36m(launch_and_fit pid=136303)[0m double free or corruption (fasttop)
[2m[36m(launch_and_fit pid=136300)[0m corrupted size vs. prev_size in fastbins
[2m[36m(launch_and_fit pid=136304)[0m double free or corruption (fasttop)
[2m[36m(launch_and_fit pid=136298)[0m malloc_consolidate(): invalid chunk size
[2m[36m(launch_and_fit pid=136305)[0m malloc_consolidate(): invalid chunk size
[2m[36m(launch_and_fit pid=136301)[0m double free or corruption (fasttop)
[2m[36m(launch_and_fit pid=136265)[0m malloc_consolidate(): invalid chunk size
E0819 15:14:04.282669911  194022 chttp2_transport.cc:1079]             ipv4:145.136.62.14:45363: Received a GOAWAY with error code ENHANCE_YOUR_CALM and debug data equal to "too_many_pings". Current keepalive time (before throttling): ∞
INFO flwr 2023-08-19 15:14:49,909 | fed_df.py:540 | Distillation training stopped at step number : 250
INFO flwr 2023-08-19 15:14:49,910 | fed_df.py:547 | Average fusion training loss : 0.016762013070285322, val accuracy : 0.586, best val accuracy : 0.613
INFO flwr 2023-08-19 15:14:49,911 | common.py:35 | Avg. local train loss : 5.201247451454401, train acc : 0.7546722222222223
INFO flwr 2023-08-19 15:14:52,670 | server.py:116 | fit progress: (16, 1.2453509307861328, {'server_test_acc': 0.6052}, 1434.0627326890826)
INFO flwr 2023-08-19 15:14:52,670 | server.py:163 | evaluate_round 16: no clients selected, cancel
DEBUG flwr 2023-08-19 15:14:57,408 | server.py:215 | fit_round 17: strategy sampled 8 clients (out of 20)
DEBUG flwr 2023-08-19 15:15:30,480 | server.py:229 | fit_round 17 received 8 results and 0 failures
INFO flwr 2023-08-19 15:15:30,629 | fed_df.py:463 | Performing server side distillation training...
[2m[36m(launch_and_fit pid=270928)[0m Fitting Client 1
[2m[36m(launch_and_fit pid=270926)[0m Fitting Client 15
[2m[36m(launch_and_fit pid=270805)[0m Fitting Client 3
[2m[36m(launch_and_fit pid=270790)[0m Fitting Client 16
[2m[36m(launch_and_fit pid=270927)[0m Fitting Client 17
[2m[36m(launch_and_fit pid=270807)[0m Fitting Client 11
[2m[36m(launch_and_fit pid=270788)[0m Fitting Client 14
[2m[36m(launch_and_fit pid=270806)[0m Fitting Client 18
[2m[36m(launch_and_fit pid=270927)[0m malloc_consolidate(): invalid chunk size
[2m[36m(launch_and_fit pid=270926)[0m malloc_consolidate(): invalid chunk size
[2m[36m(launch_and_fit pid=270788)[0m malloc_consolidate(): invalid chunk size
[2m[36m(launch_and_fit pid=270807)[0m double free or corruption (fasttop)
[2m[36m(launch_and_fit pid=270790)[0m double free or corruption (fasttop)
[2m[36m(launch_and_fit pid=270805)[0m malloc_consolidate(): invalid chunk size
[2m[36m(launch_and_fit pid=270928)[0m malloc_consolidate(): invalid chunk size
[2m[36m(launch_and_fit pid=270806)[0m malloc_consolidate(): invalid chunk size
E0819 15:15:34.129022282  328741 chttp2_transport.cc:1079]             ipv4:145.136.62.14:45363: Received a GOAWAY with error code ENHANCE_YOUR_CALM and debug data equal to "too_many_pings". Current keepalive time (before throttling): ∞
INFO flwr 2023-08-19 15:16:19,189 | fed_df.py:540 | Distillation training stopped at step number : 250
INFO flwr 2023-08-19 15:16:19,190 | fed_df.py:547 | Average fusion training loss : 0.025868990547955037, val accuracy : 0.5846399999999999, best val accuracy : 0.5974
INFO flwr 2023-08-19 15:16:19,191 | common.py:35 | Avg. local train loss : 5.340297464281321, train acc : 0.7423555555555557
INFO flwr 2023-08-19 15:16:22,020 | server.py:116 | fit progress: (17, 1.284033856201172, {'server_test_acc': 0.586}, 1523.4134947462007)
INFO flwr 2023-08-19 15:16:22,021 | server.py:163 | evaluate_round 17: no clients selected, cancel
DEBUG flwr 2023-08-19 15:16:26,803 | server.py:215 | fit_round 18: strategy sampled 8 clients (out of 20)
DEBUG flwr 2023-08-19 15:16:59,081 | server.py:229 | fit_round 18 received 8 results and 0 failures
INFO flwr 2023-08-19 15:16:59,229 | fed_df.py:463 | Performing server side distillation training...
[2m[36m(launch_and_fit pid=407464)[0m Fitting Client 1
[2m[36m(launch_and_fit pid=407465)[0m Fitting Client 18
[2m[36m(launch_and_fit pid=407456)[0m Fitting Client 17
[2m[36m(launch_and_fit pid=407458)[0m Fitting Client 0
[2m[36m(launch_and_fit pid=407461)[0m Fitting Client 16
[2m[36m(launch_and_fit pid=407457)[0m Fitting Client 7
[2m[36m(launch_and_fit pid=407455)[0m Fitting Client 10
[2m[36m(launch_and_fit pid=407466)[0m Fitting Client 11
[2m[36m(launch_and_fit pid=407465)[0m malloc_consolidate(): invalid chunk size
[2m[36m(launch_and_fit pid=407464)[0m double free or corruption (fasttop)
[2m[36m(launch_and_fit pid=407457)[0m double free or corruption (fasttop)
[2m[36m(launch_and_fit pid=407461)[0m malloc_consolidate(): invalid chunk size
[2m[36m(launch_and_fit pid=407456)[0m malloc_consolidate(): invalid chunk size
[2m[36m(launch_and_fit pid=407458)[0m malloc_consolidate(): invalid chunk size
[2m[36m(launch_and_fit pid=407455)[0m malloc_consolidate(): invalid chunk size
[2m[36m(launch_and_fit pid=407466)[0m double free or corruption (fasttop)
INFO flwr 2023-08-19 15:17:47,945 | fed_df.py:540 | Distillation training stopped at step number : 250
INFO flwr 2023-08-19 15:17:47,945 | fed_df.py:547 | Average fusion training loss : 0.017811465766280888, val accuracy : 0.62176, best val accuracy : 0.6266
INFO flwr 2023-08-19 15:17:47,946 | common.py:35 | Avg. local train loss : 5.212270927429199, train acc : 0.7560222222222222
INFO flwr 2023-08-19 15:17:50,915 | server.py:116 | fit progress: (18, 1.209896939086914, {'server_test_acc': 0.6234}, 1612.3077096790075)
INFO flwr 2023-08-19 15:17:50,915 | server.py:163 | evaluate_round 18: no clients selected, cancel
DEBUG flwr 2023-08-19 15:17:55,948 | server.py:215 | fit_round 19: strategy sampled 8 clients (out of 20)
[2m[36m(launch_and_fit pid=543034)[0m malloc_consolidate(): invalid chunk size
DEBUG flwr 2023-08-19 15:18:27,811 | server.py:229 | fit_round 19 received 8 results and 0 failures
INFO flwr 2023-08-19 15:18:27,960 | fed_df.py:463 | Performing server side distillation training...
[2m[36m(launch_and_fit pid=543028)[0m Fitting Client 7
[2m[36m(launch_and_fit pid=543034)[0m Fitting Client 16
[2m[36m(launch_and_fit pid=543032)[0m Fitting Client 8
[2m[36m(launch_and_fit pid=543030)[0m Fitting Client 10
[2m[36m(launch_and_fit pid=543029)[0m Fitting Client 19
[2m[36m(launch_and_fit pid=543026)[0m Fitting Client 2
[2m[36m(launch_and_fit pid=542928)[0m Fitting Client 1
[2m[36m(launch_and_fit pid=543033)[0m Fitting Client 3
[2m[36m(launch_and_fit pid=543026)[0m corrupted size vs. prev_size in fastbins
[2m[36m(launch_and_fit pid=543029)[0m malloc_consolidate(): invalid chunk size
[2m[36m(launch_and_fit pid=543030)[0m corrupted size vs. prev_size in fastbins
[2m[36m(launch_and_fit pid=543033)[0m double free or corruption (fasttop)
E0819 15:18:29.181134119  331022 chttp2_transport.cc:1079]             ipv4:145.136.62.14:45363: Received a GOAWAY with error code ENHANCE_YOUR_CALM and debug data equal to "too_many_pings". Current keepalive time (before throttling): ∞
[2m[36m(launch_and_fit pid=542928)[0m malloc_consolidate(): invalid chunk size
[2m[36m(launch_and_fit pid=543028)[0m double free or corruption (fasttop)
[2m[36m(launch_and_fit pid=543032)[0m double free or corruption (fasttop)
INFO flwr 2023-08-19 15:19:16,094 | fed_df.py:540 | Distillation training stopped at step number : 250
INFO flwr 2023-08-19 15:19:16,095 | fed_df.py:547 | Average fusion training loss : 0.017685406398028135, val accuracy : 0.64196, best val accuracy : 0.6534
INFO flwr 2023-08-19 15:19:16,096 | common.py:35 | Avg. local train loss : 5.257293024659157, train acc : 0.7521444444444444
INFO flwr 2023-08-19 15:19:18,994 | server.py:116 | fit progress: (19, 1.1869742004394532, {'server_test_acc': 0.6418}, 1700.3866679780185)
INFO flwr 2023-08-19 15:19:18,994 | server.py:163 | evaluate_round 19: no clients selected, cancel
DEBUG flwr 2023-08-19 15:19:23,789 | server.py:215 | fit_round 20: strategy sampled 8 clients (out of 20)
[2m[36m(launch_and_fit pid=670188)[0m malloc_consolidate(): invalid chunk size
DEBUG flwr 2023-08-19 15:19:56,256 | server.py:229 | fit_round 20 received 8 results and 0 failures
INFO flwr 2023-08-19 15:19:56,366 | fed_df.py:365 | Warm start at round 20
INFO flwr 2023-08-19 15:19:56,463 | fed_df.py:463 | Performing server side distillation training...
[2m[36m(launch_and_fit pid=670188)[0m Fitting Client 8
[2m[36m(launch_and_fit pid=670194)[0m Fitting Client 12
[2m[36m(launch_and_fit pid=670181)[0m Fitting Client 6
[2m[36m(launch_and_fit pid=670191)[0m Fitting Client 3
[2m[36m(launch_and_fit pid=670198)[0m Fitting Client 7
[2m[36m(launch_and_fit pid=670183)[0m Fitting Client 15
[2m[36m(launch_and_fit pid=670190)[0m Fitting Client 18
[2m[36m(launch_and_fit pid=670189)[0m Fitting Client 4
[2m[36m(launch_and_fit pid=670194)[0m double free or corruption (fasttop)
[2m[36m(launch_and_fit pid=670183)[0m double free or corruption (fasttop)
[2m[36m(launch_and_fit pid=670191)[0m malloc_consolidate(): invalid chunk size
[2m[36m(launch_and_fit pid=670189)[0m malloc_consolidate(): invalid chunk size
[2m[36m(launch_and_fit pid=670181)[0m double free or corruption (fasttop)
[2m[36m(launch_and_fit pid=670190)[0m double free or corruption (fasttop)
[2m[36m(launch_and_fit pid=670198)[0m double free or corruption (fasttop)
E0819 15:20:00.137549219  591455 chttp2_transport.cc:1079]             ipv4:145.136.62.14:45363: Received a GOAWAY with error code ENHANCE_YOUR_CALM and debug data equal to "too_many_pings". Current keepalive time (before throttling): ∞
INFO flwr 2023-08-19 15:20:45,579 | fed_df.py:540 | Distillation training stopped at step number : 250
INFO flwr 2023-08-19 15:20:45,580 | fed_df.py:547 | Average fusion training loss : 0.02329008585959673, val accuracy : 0.6589600000000001, best val accuracy : 0.6676
INFO flwr 2023-08-19 15:20:45,581 | common.py:35 | Avg. local train loss : 5.1886842340230945, train acc : 0.7593333333333333
INFO flwr 2023-08-19 15:20:48,369 | server.py:116 | fit progress: (20, 1.1470969665527344, {'server_test_acc': 0.6546}, 1789.7624985640869)
INFO flwr 2023-08-19 15:20:48,370 | server.py:163 | evaluate_round 20: no clients selected, cancel
DEBUG flwr 2023-08-19 15:20:53,461 | server.py:215 | fit_round 21: strategy sampled 8 clients (out of 20)
DEBUG flwr 2023-08-19 15:21:25,787 | server.py:229 | fit_round 21 received 8 results and 0 failures
INFO flwr 2023-08-19 15:21:25,935 | fed_df.py:463 | Performing server side distillation training...
[2m[36m(launch_and_fit pid=806554)[0m Fitting Client 17
[2m[36m(launch_and_fit pid=806569)[0m Fitting Client 5
[2m[36m(launch_and_fit pid=806299)[0m Fitting Client 6
[2m[36m(launch_and_fit pid=806551)[0m Fitting Client 3
[2m[36m(launch_and_fit pid=806571)[0m Fitting Client 15
[2m[36m(launch_and_fit pid=806553)[0m Fitting Client 13
[2m[36m(launch_and_fit pid=806555)[0m Fitting Client 19
[2m[36m(launch_and_fit pid=806570)[0m Fitting Client 18
[2m[36m(launch_and_fit pid=806554)[0m malloc_consolidate(): invalid chunk size
[2m[36m(launch_and_fit pid=806570)[0m double free or corruption (fasttop)
[2m[36m(launch_and_fit pid=806299)[0m double free or corruption (fasttop)
[2m[36m(launch_and_fit pid=806553)[0m malloc_consolidate(): invalid chunk size
[2m[36m(launch_and_fit pid=806569)[0m malloc_consolidate(): invalid chunk size
[2m[36m(launch_and_fit pid=806571)[0m malloc_consolidate(): invalid chunk size
[2m[36m(launch_and_fit pid=806551)[0m double free or corruption (fasttop)
[2m[36m(launch_and_fit pid=806555)[0m double free or corruption (fasttop)
INFO flwr 2023-08-19 15:22:14,597 | fed_df.py:540 | Distillation training stopped at step number : 250
INFO flwr 2023-08-19 15:22:14,598 | fed_df.py:547 | Average fusion training loss : 0.016079066969454287, val accuracy : 0.5945199999999999, best val accuracy : 0.6012
INFO flwr 2023-08-19 15:22:14,599 | common.py:35 | Avg. local train loss : 5.072756992280484, train acc : 0.7674555555555556
INFO flwr 2023-08-19 15:22:17,339 | server.py:116 | fit progress: (21, 1.2698417724609374, {'server_test_acc': 0.5945}, 1878.73181398632)
INFO flwr 2023-08-19 15:22:17,339 | server.py:163 | evaluate_round 21: no clients selected, cancel
DEBUG flwr 2023-08-19 15:22:22,156 | server.py:215 | fit_round 22: strategy sampled 8 clients (out of 20)
DEBUG flwr 2023-08-19 15:22:54,224 | server.py:229 | fit_round 22 received 8 results and 0 failures
INFO flwr 2023-08-19 15:22:54,373 | fed_df.py:463 | Performing server side distillation training...
[2m[36m(launch_and_fit pid=941417)[0m Fitting Client 14
[2m[36m(launch_and_fit pid=941438)[0m Fitting Client 11
[2m[36m(launch_and_fit pid=941421)[0m Fitting Client 12
[2m[36m(launch_and_fit pid=941440)[0m Fitting Client 5
[2m[36m(launch_and_fit pid=941437)[0m Fitting Client 15
[2m[36m(launch_and_fit pid=941418)[0m Fitting Client 3
[2m[36m(launch_and_fit pid=941375)[0m Fitting Client 1
[2m[36m(launch_and_fit pid=941419)[0m Fitting Client 18
[2m[36m(launch_and_fit pid=941417)[0m malloc_consolidate(): invalid chunk size
[2m[36m(launch_and_fit pid=941438)[0m double free or corruption (fasttop)
[2m[36m(launch_and_fit pid=941418)[0m malloc_consolidate(): invalid chunk size
[2m[36m(launch_and_fit pid=941375)[0m malloc_consolidate(): invalid chunk size
[2m[36m(launch_and_fit pid=941419)[0m double free or corruption (fasttop)
[2m[36m(launch_and_fit pid=941437)[0m malloc_consolidate(): invalid chunk size
[2m[36m(launch_and_fit pid=941421)[0m malloc_consolidate(): invalid chunk size
[2m[36m(launch_and_fit pid=941440)[0m malloc_consolidate(): invalid chunk size
E0819 15:22:58.297731857  729095 chttp2_transport.cc:1079]             ipv4:145.136.62.14:45363: Received a GOAWAY with error code ENHANCE_YOUR_CALM and debug data equal to "too_many_pings". Current keepalive time (before throttling): ∞
INFO flwr 2023-08-19 15:23:42,949 | fed_df.py:540 | Distillation training stopped at step number : 250
INFO flwr 2023-08-19 15:23:42,949 | fed_df.py:547 | Average fusion training loss : 0.016383136618882417, val accuracy : 0.63608, best val accuracy : 0.6462
INFO flwr 2023-08-19 15:23:42,950 | common.py:35 | Avg. local train loss : 5.218340758979321, train acc : 0.7541833333333333
INFO flwr 2023-08-19 15:23:45,803 | server.py:116 | fit progress: (22, 1.1848706451416016, {'server_test_acc': 0.6364}, 1967.195703594014)
INFO flwr 2023-08-19 15:23:45,803 | server.py:163 | evaluate_round 22: no clients selected, cancel
DEBUG flwr 2023-08-19 15:23:50,845 | server.py:215 | fit_round 23: strategy sampled 8 clients (out of 20)
[2m[36m(launch_and_fit pid=1079814)[0m malloc_consolidate(): invalid chunk size
[2m[36m(launch_and_fit pid=1079932)[0m double free or corruption (fasttop)
[2m[36m(launch_and_fit pid=1079817)[0m malloc_consolidate(): invalid chunk size
DEBUG flwr 2023-08-19 15:24:22,855 | server.py:229 | fit_round 23 received 8 results and 0 failures
INFO flwr 2023-08-19 15:24:23,004 | fed_df.py:463 | Performing server side distillation training...
[2m[36m(launch_and_fit pid=1079814)[0m Fitting Client 3
[2m[36m(launch_and_fit pid=1079817)[0m Fitting Client 7
[2m[36m(launch_and_fit pid=1079933)[0m Fitting Client 6
[2m[36m(launch_and_fit pid=1079932)[0m Fitting Client 17
[2m[36m(launch_and_fit pid=1079934)[0m Fitting Client 15
[2m[36m(launch_and_fit pid=1079937)[0m Fitting Client 16
[2m[36m(launch_and_fit pid=1079935)[0m Fitting Client 14
[2m[36m(launch_and_fit pid=1079936)[0m Fitting Client 2
[2m[36m(launch_and_fit pid=1079936)[0m double free or corruption (fasttop)
[2m[36m(launch_and_fit pid=1079933)[0m malloc_consolidate(): invalid chunk size
[2m[36m(launch_and_fit pid=1079934)[0m malloc_consolidate(): invalid chunk size
[2m[36m(launch_and_fit pid=1079937)[0m malloc_consolidate(): invalid chunk size
[2m[36m(launch_and_fit pid=1079935)[0m malloc_consolidate(): invalid chunk size
E0819 15:24:26.582950927  998319 chttp2_transport.cc:1079]             ipv4:145.136.62.14:45363: Received a GOAWAY with error code ENHANCE_YOUR_CALM and debug data equal to "too_many_pings". Current keepalive time (before throttling): ∞
INFO flwr 2023-08-19 15:25:12,596 | fed_df.py:540 | Distillation training stopped at step number : 250
INFO flwr 2023-08-19 15:25:12,597 | fed_df.py:547 | Average fusion training loss : 0.019551106810569763, val accuracy : 0.65208, best val accuracy : 0.6654
INFO flwr 2023-08-19 15:25:12,598 | common.py:35 | Avg. local train loss : 5.358451648056507, train acc : 0.7420277777777777
INFO flwr 2023-08-19 15:25:15,428 | server.py:116 | fit progress: (23, 1.1647806732177735, {'server_test_acc': 0.6535}, 2056.820768970065)
INFO flwr 2023-08-19 15:25:15,428 | server.py:163 | evaluate_round 23: no clients selected, cancel
DEBUG flwr 2023-08-19 15:25:20,313 | server.py:215 | fit_round 24: strategy sampled 8 clients (out of 20)
[2m[36m(launch_and_fit pid=1238825)[0m malloc_consolidate(): invalid chunk size
DEBUG flwr 2023-08-19 15:25:52,231 | server.py:229 | fit_round 24 received 8 results and 0 failures
INFO flwr 2023-08-19 15:25:52,380 | fed_df.py:463 | Performing server side distillation training...
[2m[36m(launch_and_fit pid=1238825)[0m Fitting Client 18
[2m[36m(launch_and_fit pid=1238895)[0m Fitting Client 12
[2m[36m(launch_and_fit pid=1238896)[0m Fitting Client 19
[2m[36m(launch_and_fit pid=1238822)[0m Fitting Client 7
[2m[36m(launch_and_fit pid=1238824)[0m Fitting Client 14
[2m[36m(launch_and_fit pid=1238823)[0m Fitting Client 8
[2m[36m(launch_and_fit pid=1238847)[0m Fitting Client 13
[2m[36m(launch_and_fit pid=1238870)[0m Fitting Client 2
[2m[36m(launch_and_fit pid=1238896)[0m malloc_consolidate(): invalid chunk size
[2m[36m(launch_and_fit pid=1238824)[0m malloc_consolidate(): invalid chunk size
E0819 15:25:52.922947433 1150202 chttp2_transport.cc:1079]             ipv4:145.136.62.14:45363: Received a GOAWAY with error code ENHANCE_YOUR_CALM and debug data equal to "too_many_pings". Current keepalive time (before throttling): ∞
[2m[36m(launch_and_fit pid=1238822)[0m malloc_consolidate(): invalid chunk size
[2m[36m(launch_and_fit pid=1238895)[0m double free or corruption (fasttop)
[2m[36m(launch_and_fit pid=1238870)[0m double free or corruption (fasttop)
[2m[36m(launch_and_fit pid=1238847)[0m double free or corruption (fasttop)
E0819 15:25:54.755680933 1290640 chttp2_transport.cc:1079]             ipv4:145.136.62.14:45363: Received a GOAWAY with error code ENHANCE_YOUR_CALM and debug data equal to "too_many_pings". Current keepalive time (before throttling): ∞
INFO flwr 2023-08-19 15:26:46,226 | fed_df.py:540 | Distillation training stopped at step number : 250
INFO flwr 2023-08-19 15:26:46,227 | fed_df.py:547 | Average fusion training loss : 0.021065538957715034, val accuracy : 0.63588, best val accuracy : 0.6442
INFO flwr 2023-08-19 15:26:46,228 | common.py:35 | Avg. local train loss : 5.050029376149177, train acc : 0.7716777777777777
INFO flwr 2023-08-19 15:26:48,882 | server.py:116 | fit progress: (24, 1.2098792053222656, {'server_test_acc': 0.6349}, 2150.2748373644426)
INFO flwr 2023-08-19 15:26:48,882 | server.py:163 | evaluate_round 24: no clients selected, cancel
DEBUG flwr 2023-08-19 15:26:53,564 | server.py:215 | fit_round 25: strategy sampled 8 clients (out of 20)
[2m[36m(launch_and_fit pid=1373242)[0m malloc_consolidate(): invalid chunk size
DEBUG flwr 2023-08-19 15:27:25,408 | server.py:229 | fit_round 25 received 8 results and 0 failures
INFO flwr 2023-08-19 15:27:25,516 | fed_df.py:365 | Warm start at round 25
[2m[36m(launch_and_fit pid=1373146)[0m malloc_consolidate(): invalid chunk size
INFO flwr 2023-08-19 15:27:25,615 | fed_df.py:463 | Performing server side distillation training...
[2m[36m(launch_and_fit pid=1373250)[0m Fitting Client 19
[2m[36m(launch_and_fit pid=1373242)[0m Fitting Client 0
[2m[36m(launch_and_fit pid=1373247)[0m Fitting Client 12
[2m[36m(launch_and_fit pid=1373249)[0m Fitting Client 17
[2m[36m(launch_and_fit pid=1373248)[0m Fitting Client 14
[2m[36m(launch_and_fit pid=1373224)[0m Fitting Client 3
[2m[36m(launch_and_fit pid=1373225)[0m Fitting Client 2
[2m[36m(launch_and_fit pid=1373146)[0m Fitting Client 1
[2m[36m(launch_and_fit pid=1373250)[0m malloc_consolidate(): invalid chunk size
E0819 15:27:26.253244278 1293582 chttp2_transport.cc:1079]             ipv4:145.136.62.14:45363: Received a GOAWAY with error code ENHANCE_YOUR_CALM and debug data equal to "too_many_pings". Current keepalive time (before throttling): ∞
[2m[36m(launch_and_fit pid=1373224)[0m malloc_consolidate(): invalid chunk size
[2m[36m(launch_and_fit pid=1373248)[0m malloc_consolidate(): invalid chunk size
[2m[36m(launch_and_fit pid=1373249)[0m malloc_consolidate(): invalid chunk size
[2m[36m(launch_and_fit pid=1373225)[0m malloc_consolidate(): invalid chunk size
[2m[36m(launch_and_fit pid=1373247)[0m malloc_consolidate(): invalid chunk size
E0819 15:27:27.465007869 1424720 chttp2_transport.cc:1079]             ipv4:145.136.62.14:45363: Received a GOAWAY with error code ENHANCE_YOUR_CALM and debug data equal to "too_many_pings". Current keepalive time (before throttling): ∞
INFO flwr 2023-08-19 15:28:14,652 | fed_df.py:540 | Distillation training stopped at step number : 250
INFO flwr 2023-08-19 15:28:14,652 | fed_df.py:547 | Average fusion training loss : 0.017390913743525742, val accuracy : 0.6408399999999999, best val accuracy : 0.6538
INFO flwr 2023-08-19 15:28:14,653 | common.py:35 | Avg. local train loss : 5.159866438060999, train acc : 0.7602333333333333
INFO flwr 2023-08-19 15:28:17,375 | server.py:116 | fit progress: (25, 1.2229421203613282, {'server_test_acc': 0.6482}, 2238.767979211174)
INFO flwr 2023-08-19 15:28:17,375 | server.py:163 | evaluate_round 25: no clients selected, cancel
DEBUG flwr 2023-08-19 15:28:22,135 | server.py:215 | fit_round 26: strategy sampled 8 clients (out of 20)
[2m[36m(launch_and_fit pid=1507072)[0m double free or corruption (fasttop)
DEBUG flwr 2023-08-19 15:28:53,905 | server.py:229 | fit_round 26 received 8 results and 0 failures
INFO flwr 2023-08-19 15:28:54,055 | fed_df.py:463 | Performing server side distillation training...
[2m[36m(launch_and_fit pid=1507072)[0m Fitting Client 13
[2m[36m(launch_and_fit pid=1507163)[0m Fitting Client 18
[2m[36m(launch_and_fit pid=1507075)[0m Fitting Client 5
[2m[36m(launch_and_fit pid=1507174)[0m Fitting Client 6
[2m[36m(launch_and_fit pid=1507177)[0m Fitting Client 0
[2m[36m(launch_and_fit pid=1507176)[0m Fitting Client 16
[2m[36m(launch_and_fit pid=1507175)[0m Fitting Client 17
[2m[36m(launch_and_fit pid=1507074)[0m Fitting Client 15
[2m[36m(launch_and_fit pid=1507075)[0m double free or corruption (fasttop)
[2m[36m(launch_and_fit pid=1507176)[0m malloc_consolidate(): invalid chunk size
[2m[36m(launch_and_fit pid=1507074)[0m malloc_consolidate(): invalid chunk size
[2m[36m(launch_and_fit pid=1507174)[0m double free or corruption (fasttop)
[2m[36m(launch_and_fit pid=1507163)[0m malloc_consolidate(): invalid chunk size
[2m[36m(launch_and_fit pid=1507177)[0m double free or corruption (fasttop)
[2m[36m(launch_and_fit pid=1507175)[0m malloc_consolidate(): invalid chunk size
INFO flwr 2023-08-19 15:29:48,074 | fed_df.py:540 | Distillation training stopped at step number : 250
INFO flwr 2023-08-19 15:29:48,075 | fed_df.py:547 | Average fusion training loss : 0.013560467569157481, val accuracy : 0.59924, best val accuracy : 0.612
INFO flwr 2023-08-19 15:29:48,076 | common.py:35 | Avg. local train loss : 5.021123606711626, train acc : 0.7730777777777779
INFO flwr 2023-08-19 15:29:50,798 | server.py:116 | fit progress: (26, 1.2611714569091796, {'server_test_acc': 0.61}, 2332.1907532601617)
INFO flwr 2023-08-19 15:29:50,798 | server.py:163 | evaluate_round 26: no clients selected, cancel
DEBUG flwr 2023-08-19 15:29:55,530 | server.py:215 | fit_round 27: strategy sampled 8 clients (out of 20)
DEBUG flwr 2023-08-19 15:30:27,162 | server.py:229 | fit_round 27 received 8 results and 0 failures
INFO flwr 2023-08-19 15:30:27,310 | fed_df.py:463 | Performing server side distillation training...
[2m[36m(launch_and_fit pid=1645098)[0m Fitting Client 16
[2m[36m(launch_and_fit pid=1645027)[0m Fitting Client 5
[2m[36m(launch_and_fit pid=1645028)[0m Fitting Client 18
[2m[36m(launch_and_fit pid=1645025)[0m Fitting Client 0
[2m[36m(launch_and_fit pid=1645096)[0m Fitting Client 8
[2m[36m(launch_and_fit pid=1645026)[0m Fitting Client 12
[2m[36m(launch_and_fit pid=1645097)[0m Fitting Client 14
[2m[36m(launch_and_fit pid=1645099)[0m Fitting Client 13
[2m[36m(launch_and_fit pid=1645028)[0m malloc_consolidate(): invalid chunk size
[2m[36m(launch_and_fit pid=1645096)[0m double free or corruption (fasttop)
[2m[36m(launch_and_fit pid=1645027)[0m malloc_consolidate(): invalid chunk size
[2m[36m(launch_and_fit pid=1645025)[0m double free or corruption (fasttop)
[2m[36m(launch_and_fit pid=1645098)[0m malloc_consolidate(): invalid chunk size
[2m[36m(launch_and_fit pid=1645026)[0m malloc_consolidate(): invalid chunk size
[2m[36m(launch_and_fit pid=1645097)[0m double free or corruption (fasttop)
[2m[36m(launch_and_fit pid=1645099)[0m double free or corruption (fasttop)
E0819 15:30:30.967419930 1698117 chttp2_transport.cc:1079]             ipv4:145.136.62.14:45363: Received a GOAWAY with error code ENHANCE_YOUR_CALM and debug data equal to "too_many_pings". Current keepalive time (before throttling): ∞
INFO flwr 2023-08-19 15:31:16,289 | fed_df.py:540 | Distillation training stopped at step number : 250
INFO flwr 2023-08-19 15:31:16,290 | fed_df.py:547 | Average fusion training loss : 0.014132587274536491, val accuracy : 0.65272, best val accuracy : 0.6632
INFO flwr 2023-08-19 15:31:16,291 | common.py:35 | Avg. local train loss : 5.006960947811604, train acc : 0.7783
INFO flwr 2023-08-19 15:31:19,003 | server.py:116 | fit progress: (27, 1.1751733337402344, {'server_test_acc': 0.652}, 2420.396038406063)
INFO flwr 2023-08-19 15:31:19,003 | server.py:163 | evaluate_round 27: no clients selected, cancel
DEBUG flwr 2023-08-19 15:31:23,757 | server.py:215 | fit_round 28: strategy sampled 8 clients (out of 20)
[2m[36m(launch_and_fit pid=1778638)[0m malloc_consolidate(): invalid chunk size
DEBUG flwr 2023-08-19 15:31:55,366 | server.py:229 | fit_round 28 received 8 results and 0 failures
INFO flwr 2023-08-19 15:31:55,514 | fed_df.py:463 | Performing server side distillation training...
[2m[36m(launch_and_fit pid=1778638)[0m Fitting Client 14
[2m[36m(launch_and_fit pid=1778641)[0m Fitting Client 15
[2m[36m(launch_and_fit pid=1778639)[0m Fitting Client 13
[2m[36m(launch_and_fit pid=1778650)[0m Fitting Client 19
[2m[36m(launch_and_fit pid=1778640)[0m Fitting Client 9
[2m[36m(launch_and_fit pid=1778651)[0m Fitting Client 4
[2m[36m(launch_and_fit pid=1778649)[0m Fitting Client 3
[2m[36m(launch_and_fit pid=1778648)[0m Fitting Client 16
[2m[36m(launch_and_fit pid=1778651)[0m double free or corruption (fasttop)
[2m[36m(launch_and_fit pid=1778650)[0m double free or corruption (fasttop)
[2m[36m(launch_and_fit pid=1778640)[0m double free or corruption (fasttop)
[2m[36m(launch_and_fit pid=1778641)[0m malloc_consolidate(): invalid chunk size
[2m[36m(launch_and_fit pid=1778648)[0m malloc_consolidate(): invalid chunk size
[2m[36m(launch_and_fit pid=1778649)[0m malloc_consolidate(): invalid chunk size
E0819 15:31:57.436389143 1700167 chttp2_transport.cc:1079]             ipv4:145.136.62.14:45363: Received a GOAWAY with error code ENHANCE_YOUR_CALM and debug data equal to "too_many_pings". Current keepalive time (before throttling): ∞
[2m[36m(launch_and_fit pid=1778639)[0m malloc_consolidate(): invalid chunk size
INFO flwr 2023-08-19 15:32:44,222 | fed_df.py:540 | Distillation training stopped at step number : 250
INFO flwr 2023-08-19 15:32:44,223 | fed_df.py:547 | Average fusion training loss : 0.01772800813615322, val accuracy : 0.65224, best val accuracy : 0.6618
INFO flwr 2023-08-19 15:32:44,224 | common.py:35 | Avg. local train loss : 5.06449276059866, train acc : 0.7719833333333334
INFO flwr 2023-08-19 15:32:46,946 | server.py:116 | fit progress: (28, 1.202066717529297, {'server_test_acc': 0.6493}, 2508.3391461041756)
INFO flwr 2023-08-19 15:32:46,946 | server.py:163 | evaluate_round 28: no clients selected, cancel
DEBUG flwr 2023-08-19 15:32:51,734 | server.py:215 | fit_round 29: strategy sampled 8 clients (out of 20)
DEBUG flwr 2023-08-19 15:33:23,678 | server.py:229 | fit_round 29 received 8 results and 0 failures
INFO flwr 2023-08-19 15:33:23,826 | fed_df.py:463 | Performing server side distillation training...
[2m[36m(launch_and_fit pid=1911462)[0m Fitting Client 18
[2m[36m(launch_and_fit pid=1911531)[0m Fitting Client 17
[2m[36m(launch_and_fit pid=1911533)[0m Fitting Client 19
[2m[36m(launch_and_fit pid=1911532)[0m Fitting Client 1
[2m[36m(launch_and_fit pid=1911534)[0m Fitting Client 10
[2m[36m(launch_and_fit pid=1911605)[0m Fitting Client 0
[2m[36m(launch_and_fit pid=1911604)[0m Fitting Client 14
[2m[36m(launch_and_fit pid=1911606)[0m Fitting Client 9
[2m[36m(launch_and_fit pid=1911532)[0m double free or corruption (fasttop)
[2m[36m(launch_and_fit pid=1911531)[0m double free or corruption (fasttop)
[2m[36m(launch_and_fit pid=1911462)[0m malloc_consolidate(): invalid chunk size
[2m[36m(launch_and_fit pid=1911533)[0m malloc_consolidate(): invalid chunk size
[2m[36m(launch_and_fit pid=1911534)[0m double free or corruption (fasttop)
[2m[36m(launch_and_fit pid=1911604)[0m malloc_consolidate(): invalid chunk size
[2m[36m(launch_and_fit pid=1911606)[0m malloc_consolidate(): invalid chunk size
[2m[36m(launch_and_fit pid=1911605)[0m double free or corruption (fasttop)
E0819 15:33:26.133153167 1964498 chttp2_transport.cc:1079]             ipv4:145.136.62.14:45363: Received a GOAWAY with error code ENHANCE_YOUR_CALM and debug data equal to "too_many_pings". Current keepalive time (before throttling): ∞
E0819 15:34:03.731861657 1965270 chttp2_transport.cc:1079]             ipv4:145.136.62.14:45363: Received a GOAWAY with error code ENHANCE_YOUR_CALM and debug data equal to "too_many_pings". Current keepalive time (before throttling): ∞
INFO flwr 2023-08-19 15:34:12,689 | fed_df.py:540 | Distillation training stopped at step number : 250
INFO flwr 2023-08-19 15:34:12,689 | fed_df.py:547 | Average fusion training loss : 0.013157998632639646, val accuracy : 0.6470400000000001, best val accuracy : 0.6544
INFO flwr 2023-08-19 15:34:12,690 | common.py:35 | Avg. local train loss : 4.910938161611558, train acc : 0.7859944444444444
INFO flwr 2023-08-19 15:34:15,388 | server.py:116 | fit progress: (29, 1.2009636199951172, {'server_test_acc': 0.6415}, 2596.7809412553906)
INFO flwr 2023-08-19 15:34:15,388 | server.py:163 | evaluate_round 29: no clients selected, cancel
DEBUG flwr 2023-08-19 15:34:20,142 | server.py:215 | fit_round 30: strategy sampled 8 clients (out of 20)
DEBUG flwr 2023-08-19 15:34:52,270 | server.py:229 | fit_round 30 received 8 results and 0 failures
INFO flwr 2023-08-19 15:34:52,379 | fed_df.py:365 | Warm start at round 30
INFO flwr 2023-08-19 15:34:52,478 | fed_df.py:463 | Performing server side distillation training...
[2m[36m(launch_and_fit pid=2045314)[0m Fitting Client 18
[2m[36m(launch_and_fit pid=2045312)[0m Fitting Client 15
[2m[36m(launch_and_fit pid=2045315)[0m Fitting Client 5
[2m[36m(launch_and_fit pid=2045386)[0m Fitting Client 2
[2m[36m(launch_and_fit pid=2045383)[0m Fitting Client 8
[2m[36m(launch_and_fit pid=2045385)[0m Fitting Client 19
[2m[36m(launch_and_fit pid=2045384)[0m Fitting Client 1
[2m[36m(launch_and_fit pid=2045313)[0m Fitting Client 16
[2m[36m(launch_and_fit pid=2045383)[0m malloc_consolidate(): invalid chunk size
[2m[36m(launch_and_fit pid=2045312)[0m malloc_consolidate(): invalid chunk size
[2m[36m(launch_and_fit pid=2045314)[0m malloc_consolidate(): invalid chunk size
[2m[36m(launch_and_fit pid=2045386)[0m corrupted size vs. prev_size in fastbins
[2m[36m(launch_and_fit pid=2045384)[0m double free or corruption (fasttop)
[2m[36m(launch_and_fit pid=2045313)[0m double free or corruption (fasttop)
[2m[36m(launch_and_fit pid=2045385)[0m double free or corruption (fasttop)
E0819 15:34:53.721086118 2021645 chttp2_transport.cc:1079]             ipv4:145.136.62.14:45363: Received a GOAWAY with error code ENHANCE_YOUR_CALM and debug data equal to "too_many_pings". Current keepalive time (before throttling): ∞
[2m[36m(launch_and_fit pid=2045315)[0m malloc_consolidate(): invalid chunk size
INFO flwr 2023-08-19 15:35:38,850 | fed_df.py:540 | Distillation training stopped at step number : 250
INFO flwr 2023-08-19 15:35:38,850 | fed_df.py:547 | Average fusion training loss : 0.018723106306046247, val accuracy : 0.64356, best val accuracy : 0.6482
INFO flwr 2023-08-19 15:35:38,851 | common.py:35 | Avg. local train loss : 4.948178940266371, train acc : 0.7819333333333333
INFO flwr 2023-08-19 15:35:41,500 | server.py:116 | fit progress: (30, 1.2456488098144531, {'server_test_acc': 0.6371}, 2682.893473005388)
INFO flwr 2023-08-19 15:35:41,501 | server.py:163 | evaluate_round 30: no clients selected, cancel
INFO flwr 2023-08-19 15:35:41,501 | server.py:144 | FL finished in 2682.8938395190053
INFO flwr 2023-08-19 15:35:41,501 | app.py:202 | app_fit: losses_distributed []
INFO flwr 2023-08-19 15:35:41,502 | app.py:203 | app_fit: metrics_distributed {}
INFO flwr 2023-08-19 15:35:41,502 | app.py:204 | app_fit: losses_centralized [(0, 2.3234217651367186), (1, 1.8309326049804688), (2, 1.7305515228271484), (3, 1.5635561645507812), (4, 1.573330712890625), (5, 1.5815386535644531), (6, 1.4418718078613282), (7, 1.3818774841308594), (8, 1.374837905883789), (9, 1.2943472839355468), (10, 1.315850082397461), (11, 1.2741052276611329), (12, 1.2850007690429688), (13, 1.2531610321044921), (14, 1.275671908569336), (15, 1.2802856597900392), (16, 1.2453509307861328), (17, 1.284033856201172), (18, 1.209896939086914), (19, 1.1869742004394532), (20, 1.1470969665527344), (21, 1.2698417724609374), (22, 1.1848706451416016), (23, 1.1647806732177735), (24, 1.2098792053222656), (25, 1.2229421203613282), (26, 1.2611714569091796), (27, 1.1751733337402344), (28, 1.202066717529297), (29, 1.2009636199951172), (30, 1.2456488098144531)]
INFO flwr 2023-08-19 15:35:41,502 | app.py:205 | app_fit: metrics_centralized {'server_test_acc': [(0, 0.108), (1, 0.3164), (2, 0.3716), (3, 0.4407), (4, 0.4278), (5, 0.4405), (6, 0.5133), (7, 0.5438), (8, 0.5376), (9, 0.5878), (10, 0.5816), (11, 0.5886), (12, 0.5931), (13, 0.598), (14, 0.5957), (15, 0.5847), (16, 0.6052), (17, 0.586), (18, 0.6234), (19, 0.6418), (20, 0.6546), (21, 0.5945), (22, 0.6364), (23, 0.6535), (24, 0.6349), (25, 0.6482), (26, 0.61), (27, 0.652), (28, 0.6493), (29, 0.6415), (30, 0.6371)]}
double free or corruption (fasttop)
srun: error: gcn14: task 0: Aborted
srun: Terminating StepId=3422100.1
-----EXPERIMENT ENDS-----
-----CLEANING UP DISK------
-----END-----

JOB STATISTICS
==============
Job ID: 3422100
Cluster: snellius
User/Group: sunnys/sunnys
State: COMPLETED (exit code 0)
Nodes: 1
Cores per node: 18
CPU Utilized: 01:51:29
CPU Efficiency: 12.74% of 14:34:48 core-walltime
Job Wall-clock time: 00:48:36
Memory Utilized: 52.95 GB
Memory Efficiency: 44.13% of 120.00 GB
