-----BEGIN-----
-----SETTINGS-----
TOTAL CROPS:25000
STRATEGY:feddf
MODEL_NAME:resnet8
NUM_CLIENTS:20
NUM_ROUNDS:30
FRACTION_FIT:0.4
FRACTION_EVALUATE:0.0
DATASET_NAME:cifar10
PARTITION_ALPHA:1.0
PARTITION_VAL_RATIO:0.1
BATCH_SIZE:512
LOCAL_EPOCHS:10
LOCAL_LR:0.01
DISTILL_BATCH_SIZE:512
SERVER_LR:0.005
SERVER_STEPS:250
SERVER_EARLY_STEPS:1000
USE_EARLY_STOPPING:False
USE_ADAPTIVE_LR:False
USE_ADAPTIVE_LR_ROUND:False
SEED:84
CUDA_DETERMINISTIC:False
USE_CROPS:True
IMG_NAME:ameyoko.jpg
DISTILL_DATASET:organamnist
DISTILL_ALPHA:1.0
NUM_DISTILL_IMAGES:5000
DISTILL_TRANSFORMS:v0
WARM_START:True
WARM_START_ROUNDS:1
WARM_START_INTERVAL:5
KMEANS_N_CLUSTER:100
KMEANS_HEURISTICS:easy
KMEANS_MIXED_FACTOR:50-50
KMEANS_BALANCING:0.1
CONFIDENCE_THRESHOLD:0.5
CONFIDENCE_STRATEGY:top
CONFIDENCE_ADAPTIVE:False
CONFIDENCE_MAX_THRESH:0.5
CLIPPING_FACTOR:2.5
FEDPROX_FACTOR:0.0
FEDPROX_ADAPTIVE:False
USE_CLIPPING:True
USE_ENTROPY:False
USE_KMEANS:True
USE_FEDPROX:False
-----SETTINGS END-----
-----EXPERIMENT BEGINS-----
---------
Generating crops for FedDF
Namespace(img_size=32, batch_size=32, num_imgs=25000, threads=18, vflip=False, deg=30, shear=30, cropfirst=True, initcrop=0.5, scale=[500, 1], randinterp=False, debug=False, imgpath='./static/single_images/ameyoko.jpg', targetpath='/scratch-local/sunnys.3422099/1692449377_841177783', seed=84, img_per_thread=1388)
will save 25000 patches in /scratch-local/sunnys.3422099/1692449377_841177783/single_img_crops/crops
25000 took 0.39min with 18 threads
---------
Simulating feddf training
INFO simulate 2023-08-19 14:50:18,939 | simulate.py:50 | Python script started : simulate.py
DEBUG simulate 2023-08-19 14:50:18,939 | simulate.py:55 | Reading args from argument parser
Downloading https://www.cs.toronto.edu/~kriz/cifar-10-python.tar.gz to /scratch-local/sunnys.3422099/1692449377_841177783/cifar-10-python.tar.gz
Extracting /scratch-local/sunnys.3422099/1692449377_841177783/cifar-10-python.tar.gz to /scratch-local/sunnys.3422099/1692449377_841177783
Generating unified cifar10 dataset
Class histogram for 0-th partition (alpha=1.0, 10 classes): [342 114 363 765  49 204 467  25  55 116]
INFO flwr 2023-08-19 14:50:44,759 | app.py:145 | Starting Flower simulation, config: ServerConfig(num_rounds=30, round_timeout=None)
2023-08-19 14:50:47,565	INFO worker.py:1529 -- Started a local Ray instance. View the dashboard at [1m[32m127.0.0.1:8265 [39m[22m
INFO flwr 2023-08-19 14:50:48,650 | app.py:179 | Flower VCE: Ray initialized with resources: {'object_store_memory': 61847529062.0, 'CPU': 18.0, 'accelerator_type:A100': 1.0, 'memory': 103079215104.0, 'node:145.136.62.14': 1.0, 'GPU': 1.0}
INFO flwr 2023-08-19 14:50:48,650 | server.py:86 | Initializing global parameters
INFO flwr 2023-08-19 14:50:48,650 | server.py:266 | Using initial parameters provided by strategy
INFO flwr 2023-08-19 14:50:48,650 | server.py:88 | Evaluating initial parameters
INFO flwr 2023-08-19 14:50:58,639 | server.py:91 | initial parameters (loss, other metrics): 2.319245477294922, {'server_test_acc': 0.0811}
INFO flwr 2023-08-19 14:50:58,640 | server.py:101 | FL starting
DEBUG flwr 2023-08-19 14:51:03,313 | server.py:215 | fit_round 1: strategy sampled 8 clients (out of 20)
[2m[36m(launch_and_fit pid=2265318)[0m corrupted size vs. prev_size in fastbins
DEBUG flwr 2023-08-19 14:51:42,054 | server.py:229 | fit_round 1 received 8 results and 0 failures
INFO flwr 2023-08-19 14:51:42,165 | fed_df.py:365 | Warm start at round 1
INFO flwr 2023-08-19 14:51:42,262 | fed_df.py:463 | Performing server side distillation training...
[2m[36m(launch_and_fit pid=2265314)[0m Fitting Client 4
[2m[36m(launch_and_fit pid=2265316)[0m Fitting Client 8
[2m[36m(launch_and_fit pid=2265312)[0m Fitting Client 9
[2m[36m(launch_and_fit pid=2265308)[0m Fitting Client 17
[2m[36m(launch_and_fit pid=2265318)[0m Fitting Client 6
[2m[36m(launch_and_fit pid=2265313)[0m Fitting Client 11
[2m[36m(launch_and_fit pid=2265322)[0m Fitting Client 2
[2m[36m(launch_and_fit pid=2265321)[0m Fitting Client 15
[2m[36m(launch_and_fit pid=2265316)[0m malloc_consolidate(): invalid chunk size
E0819 14:51:42.773778406 2258030 chttp2_transport.cc:1079]             ipv4:145.136.62.14:42478: Received a GOAWAY with error code ENHANCE_YOUR_CALM and debug data equal to "too_many_pings". Current keepalive time (before throttling): 60000ms
[2m[36m(launch_and_fit pid=2265322)[0m malloc_consolidate(): invalid chunk size
[2m[36m(launch_and_fit pid=2265312)[0m malloc_consolidate(): invalid chunk size
[2m[36m(launch_and_fit pid=2265321)[0m malloc_consolidate(): invalid chunk size
E0819 14:51:43.380999796 2315923 chttp2_transport.cc:1079]             ipv4:145.136.62.14:42478: Received a GOAWAY with error code ENHANCE_YOUR_CALM and debug data equal to "too_many_pings". Current keepalive time (before throttling): 120000ms
[2m[36m(launch_and_fit pid=2265314)[0m double free or corruption (fasttop)
[2m[36m(launch_and_fit pid=2265308)[0m double free or corruption (fasttop)
[2m[36m(launch_and_fit pid=2265313)[0m double free or corruption (fasttop)
INFO flwr 2023-08-19 14:52:28,229 | fed_df.py:540 | Distillation training stopped at step number : 250
INFO flwr 2023-08-19 14:52:28,229 | fed_df.py:547 | Average fusion training loss : 0.06924410125613213, val accuracy : 0.30788, best val accuracy : 0.3154
INFO flwr 2023-08-19 14:52:28,230 | common.py:35 | Avg. local train loss : 8.282643990218638, train acc : 0.4378666666666666
INFO flwr 2023-08-19 14:52:30,831 | server.py:116 | fit progress: (1, 1.8802344055175781, {'server_test_acc': 0.3169}, 92.19090563012287)
INFO flwr 2023-08-19 14:52:30,831 | server.py:163 | evaluate_round 1: no clients selected, cancel
DEBUG flwr 2023-08-19 14:52:35,332 | server.py:215 | fit_round 2: strategy sampled 8 clients (out of 20)
[2m[36m(launch_and_fit pid=2401540)[0m double free or corruption (fasttop)
DEBUG flwr 2023-08-19 14:53:09,963 | server.py:229 | fit_round 2 received 8 results and 0 failures
INFO flwr 2023-08-19 14:53:10,114 | fed_df.py:463 | Performing server side distillation training...
[2m[36m(launch_and_fit pid=2401540)[0m Fitting Client 2
[2m[36m(launch_and_fit pid=2401502)[0m Fitting Client 0
[2m[36m(launch_and_fit pid=2401608)[0m Fitting Client 9
[2m[36m(launch_and_fit pid=2401586)[0m Fitting Client 15
[2m[36m(launch_and_fit pid=2401634)[0m Fitting Client 1
[2m[36m(launch_and_fit pid=2401577)[0m Fitting Client 19
[2m[36m(launch_and_fit pid=2401636)[0m Fitting Client 4
[2m[36m(launch_and_fit pid=2401594)[0m Fitting Client 7
[2m[36m(launch_and_fit pid=2401636)[0m double free or corruption (fasttop)
[2m[36m(launch_and_fit pid=2401634)[0m malloc_consolidate(): invalid chunk size
E0819 14:53:10.855607842 2460286 chttp2_transport.cc:1079]             ipv4:145.136.62.14:42478: Received a GOAWAY with error code ENHANCE_YOUR_CALM and debug data equal to "too_many_pings". Current keepalive time (before throttling): 240000ms
[2m[36m(launch_and_fit pid=2401608)[0m double free or corruption (fasttop)
[2m[36m(launch_and_fit pid=2401502)[0m malloc_consolidate(): invalid chunk size
[2m[36m(launch_and_fit pid=2401594)[0m malloc_consolidate(): invalid chunk size
[2m[36m(launch_and_fit pid=2401586)[0m malloc_consolidate(): invalid chunk size
[2m[36m(launch_and_fit pid=2401577)[0m malloc_consolidate(): invalid chunk size
INFO flwr 2023-08-19 14:53:56,718 | fed_df.py:540 | Distillation training stopped at step number : 250
INFO flwr 2023-08-19 14:53:56,719 | fed_df.py:547 | Average fusion training loss : 0.07156173059344292, val accuracy : 0.32716, best val accuracy : 0.3554
INFO flwr 2023-08-19 14:53:56,720 | common.py:35 | Avg. local train loss : 7.189138820767403, train acc : 0.5444722222222222
INFO flwr 2023-08-19 14:53:59,335 | server.py:116 | fit progress: (2, 1.868425408935547, {'server_test_acc': 0.3553}, 180.69570527086034)
INFO flwr 2023-08-19 14:53:59,336 | server.py:163 | evaluate_round 2: no clients selected, cancel
DEBUG flwr 2023-08-19 14:54:03,885 | server.py:215 | fit_round 3: strategy sampled 8 clients (out of 20)
DEBUG flwr 2023-08-19 14:54:38,165 | server.py:229 | fit_round 3 received 8 results and 0 failures
INFO flwr 2023-08-19 14:54:38,319 | fed_df.py:463 | Performing server side distillation training...
[2m[36m(launch_and_fit pid=2560145)[0m Fitting Client 9
[2m[36m(launch_and_fit pid=2560140)[0m Fitting Client 16
[2m[36m(launch_and_fit pid=2560141)[0m Fitting Client 4
[2m[36m(launch_and_fit pid=2560142)[0m Fitting Client 17
[2m[36m(launch_and_fit pid=2560139)[0m Fitting Client 12
[2m[36m(launch_and_fit pid=2560144)[0m Fitting Client 10
[2m[36m(launch_and_fit pid=2560143)[0m Fitting Client 19
[2m[36m(launch_and_fit pid=2560138)[0m Fitting Client 13
[2m[36m(launch_and_fit pid=2560141)[0m double free or corruption (fasttop)
[2m[36m(launch_and_fit pid=2560138)[0m malloc_consolidate(): invalid chunk size
[2m[36m(launch_and_fit pid=2560142)[0m malloc_consolidate(): invalid chunk size
E0819 14:54:39.523117741 2461026 chttp2_transport.cc:1079]             ipv4:145.136.62.14:42478: Received a GOAWAY with error code ENHANCE_YOUR_CALM and debug data equal to "too_many_pings". Current keepalive time (before throttling): 480000ms
[2m[36m(launch_and_fit pid=2560145)[0m double free or corruption (fasttop)
[2m[36m(launch_and_fit pid=2560140)[0m double free or corruption (fasttop)
[2m[36m(launch_and_fit pid=2560144)[0m double free or corruption (fasttop)
[2m[36m(launch_and_fit pid=2560139)[0m malloc_consolidate(): invalid chunk size
[2m[36m(launch_and_fit pid=2560143)[0m double free or corruption (fasttop)
E0819 14:54:41.119820158 2610820 chttp2_transport.cc:1079]             ipv4:145.136.62.14:42478: Received a GOAWAY with error code ENHANCE_YOUR_CALM and debug data equal to "too_many_pings". Current keepalive time (before throttling): 960000ms
INFO flwr 2023-08-19 14:55:24,952 | fed_df.py:540 | Distillation training stopped at step number : 250
INFO flwr 2023-08-19 14:55:24,952 | fed_df.py:547 | Average fusion training loss : 0.046817856833338736, val accuracy : 0.4104799999999999, best val accuracy : 0.4372
INFO flwr 2023-08-19 14:55:24,953 | common.py:35 | Avg. local train loss : 6.874051869660615, train acc : 0.5797555555555555
INFO flwr 2023-08-19 14:55:27,604 | server.py:116 | fit progress: (3, 1.6024286254882814, {'server_test_acc': 0.4239}, 268.96413624100387)
INFO flwr 2023-08-19 14:55:27,604 | server.py:163 | evaluate_round 3: no clients selected, cancel
DEBUG flwr 2023-08-19 14:55:32,050 | server.py:215 | fit_round 4: strategy sampled 8 clients (out of 20)
DEBUG flwr 2023-08-19 14:56:05,756 | server.py:229 | fit_round 4 received 8 results and 0 failures
INFO flwr 2023-08-19 14:56:05,908 | fed_df.py:463 | Performing server side distillation training...
[2m[36m(launch_and_fit pid=2692989)[0m Fitting Client 0
[2m[36m(launch_and_fit pid=2692984)[0m Fitting Client 19
[2m[36m(launch_and_fit pid=2692986)[0m Fitting Client 3
[2m[36m(launch_and_fit pid=2692985)[0m Fitting Client 8
[2m[36m(launch_and_fit pid=2692983)[0m Fitting Client 11
[2m[36m(launch_and_fit pid=2692988)[0m Fitting Client 12
[2m[36m(launch_and_fit pid=2692990)[0m Fitting Client 9
[2m[36m(launch_and_fit pid=2692991)[0m Fitting Client 4
[2m[36m(launch_and_fit pid=2692991)[0m malloc_consolidate(): invalid chunk size
[2m[36m(launch_and_fit pid=2692989)[0m malloc_consolidate(): invalid chunk size
[2m[36m(launch_and_fit pid=2692983)[0m double free or corruption (fasttop)
[2m[36m(launch_and_fit pid=2692985)[0m malloc_consolidate(): invalid chunk size
[2m[36m(launch_and_fit pid=2692984)[0m double free or corruption (fasttop)
[2m[36m(launch_and_fit pid=2692990)[0m double free or corruption (!prev)
[2m[36m(launch_and_fit pid=2692986)[0m malloc(): unsorted double linked list corrupted
[2m[36m(launch_and_fit pid=2692988)[0m malloc_consolidate(): invalid chunk size
INFO flwr 2023-08-19 14:56:52,406 | fed_df.py:540 | Distillation training stopped at step number : 250
INFO flwr 2023-08-19 14:56:52,406 | fed_df.py:547 | Average fusion training loss : 0.04546700766682625, val accuracy : 0.4932, best val accuracy : 0.5016
INFO flwr 2023-08-19 14:56:52,407 | common.py:35 | Avg. local train loss : 6.4510575264692305, train acc : 0.6262777777777777
INFO flwr 2023-08-19 14:56:55,071 | server.py:116 | fit progress: (4, 1.4763639007568359, {'server_test_acc': 0.4962}, 356.431148794014)
INFO flwr 2023-08-19 14:56:55,071 | server.py:163 | evaluate_round 4: no clients selected, cancel
DEBUG flwr 2023-08-19 14:56:59,601 | server.py:215 | fit_round 5: strategy sampled 8 clients (out of 20)
DEBUG flwr 2023-08-19 14:57:33,484 | server.py:229 | fit_round 5 received 8 results and 0 failures
INFO flwr 2023-08-19 14:57:33,596 | fed_df.py:365 | Warm start at round 5
[2m[36m(launch_and_fit pid=2822110)[0m malloc_consolidate(): invalid chunk size
INFO flwr 2023-08-19 14:57:33,692 | fed_df.py:463 | Performing server side distillation training...
[2m[36m(launch_and_fit pid=2822028)[0m Fitting Client 17
[2m[36m(launch_and_fit pid=2822099)[0m Fitting Client 7
[2m[36m(launch_and_fit pid=2822097)[0m Fitting Client 2
[2m[36m(launch_and_fit pid=2822098)[0m Fitting Client 9
[2m[36m(launch_and_fit pid=2822135)[0m Fitting Client 19
[2m[36m(launch_and_fit pid=2822110)[0m Fitting Client 14
[2m[36m(launch_and_fit pid=2822168)[0m Fitting Client 6
[2m[36m(launch_and_fit pid=2822096)[0m Fitting Client 11
[2m[36m(launch_and_fit pid=2822028)[0m malloc_consolidate(): invalid chunk size
[2m[36m(launch_and_fit pid=2822099)[0m malloc_consolidate(): invalid chunk size
[2m[36m(launch_and_fit pid=2822097)[0m double free or corruption (fasttop)
[2m[36m(launch_and_fit pid=2822168)[0m malloc_consolidate(): invalid chunk size
[2m[36m(launch_and_fit pid=2822096)[0m double free or corruption (fasttop)
[2m[36m(launch_and_fit pid=2822135)[0m double free or corruption (fasttop)
[2m[36m(launch_and_fit pid=2822098)[0m malloc_consolidate(): invalid chunk size
E0819 14:57:35.856413288 2259368 chttp2_transport.cc:1079]             ipv4:145.136.62.14:42478: Received a GOAWAY with error code ENHANCE_YOUR_CALM and debug data equal to "too_many_pings". Current keepalive time (before throttling): 1920000ms
INFO flwr 2023-08-19 14:58:20,437 | fed_df.py:540 | Distillation training stopped at step number : 250
INFO flwr 2023-08-19 14:58:20,438 | fed_df.py:547 | Average fusion training loss : 0.052291981786489486, val accuracy : 0.42812, best val accuracy : 0.4486
INFO flwr 2023-08-19 14:58:20,439 | common.py:35 | Avg. local train loss : 6.066762811690569, train acc : 0.6593222222222223
INFO flwr 2023-08-19 14:58:23,111 | server.py:116 | fit progress: (5, 1.6420075744628906, {'server_test_acc': 0.444}, 444.4716670191847)
INFO flwr 2023-08-19 14:58:23,112 | server.py:163 | evaluate_round 5: no clients selected, cancel
E0819 14:58:23.771092082 2869304 chttp2_transport.cc:1079]             ipv4:145.136.62.14:42478: Received a GOAWAY with error code ENHANCE_YOUR_CALM and debug data equal to "too_many_pings". Current keepalive time (before throttling): 3840000ms
DEBUG flwr 2023-08-19 14:58:27,630 | server.py:215 | fit_round 6: strategy sampled 8 clients (out of 20)
[2m[36m(launch_and_fit pid=2950433)[0m double free or corruption (fasttop)
DEBUG flwr 2023-08-19 14:58:59,997 | server.py:229 | fit_round 6 received 8 results and 0 failures
INFO flwr 2023-08-19 14:59:00,150 | fed_df.py:463 | Performing server side distillation training...
[2m[36m(launch_and_fit pid=2950433)[0m Fitting Client 18
[2m[36m(launch_and_fit pid=2950502)[0m Fitting Client 19
[2m[36m(launch_and_fit pid=2950504)[0m Fitting Client 15
[2m[36m(launch_and_fit pid=2950505)[0m Fitting Client 10
[2m[36m(launch_and_fit pid=2950507)[0m Fitting Client 7
[2m[36m(launch_and_fit pid=2950503)[0m Fitting Client 17
[2m[36m(launch_and_fit pid=2950434)[0m Fitting Client 8
[2m[36m(launch_and_fit pid=2950506)[0m Fitting Client 4
[2m[36m(launch_and_fit pid=2950506)[0m double free or corruption (fasttop)
[2m[36m(launch_and_fit pid=2950504)[0m double free or corruption (fasttop)
[2m[36m(launch_and_fit pid=2950507)[0m malloc_consolidate(): invalid chunk size
[2m[36m(launch_and_fit pid=2950502)[0m malloc_consolidate(): invalid chunk size
[2m[36m(launch_and_fit pid=2950505)[0m malloc_consolidate(): invalid chunk size
[2m[36m(launch_and_fit pid=2950503)[0m malloc_consolidate(): invalid chunk size
[2m[36m(launch_and_fit pid=2950434)[0m malloc_consolidate(): invalid chunk size
E0819 14:59:03.079442466 2993061 chttp2_transport.cc:1079]             ipv4:145.136.62.14:42478: Received a GOAWAY with error code ENHANCE_YOUR_CALM and debug data equal to "too_many_pings". Current keepalive time (before throttling): 7680000ms
E0819 14:59:18.457953994 2995218 chttp2_transport.cc:1079]             ipv4:145.136.62.14:42478: Received a GOAWAY with error code ENHANCE_YOUR_CALM and debug data equal to "too_many_pings". Current keepalive time (before throttling): 15360000ms
INFO flwr 2023-08-19 14:59:47,899 | fed_df.py:540 | Distillation training stopped at step number : 250
INFO flwr 2023-08-19 14:59:47,900 | fed_df.py:547 | Average fusion training loss : 0.07418463237583638, val accuracy : 0.44084, best val accuracy : 0.4528
INFO flwr 2023-08-19 14:59:47,901 | common.py:35 | Avg. local train loss : 5.538616870343685, train acc : 0.7137333333333333
INFO flwr 2023-08-19 14:59:50,568 | server.py:116 | fit progress: (6, 1.6442220703125, {'server_test_acc': 0.4552}, 531.9283243948594)
INFO flwr 2023-08-19 14:59:50,568 | server.py:163 | evaluate_round 6: no clients selected, cancel
DEBUG flwr 2023-08-19 14:59:55,068 | server.py:215 | fit_round 7: strategy sampled 8 clients (out of 20)
DEBUG flwr 2023-08-19 15:00:27,222 | server.py:229 | fit_round 7 received 8 results and 0 failures
INFO flwr 2023-08-19 15:00:27,375 | fed_df.py:463 | Performing server side distillation training...
[2m[36m(launch_and_fit pid=3083252)[0m Fitting Client 0
[2m[36m(launch_and_fit pid=3083323)[0m Fitting Client 19
[2m[36m(launch_and_fit pid=3083324)[0m Fitting Client 8
[2m[36m(launch_and_fit pid=3083395)[0m Fitting Client 4
[2m[36m(launch_and_fit pid=3083393)[0m Fitting Client 2
[2m[36m(launch_and_fit pid=3083394)[0m Fitting Client 15
[2m[36m(launch_and_fit pid=3083254)[0m Fitting Client 12
[2m[36m(launch_and_fit pid=3083371)[0m Fitting Client 3
[2m[36m(launch_and_fit pid=3083324)[0m malloc_consolidate(): invalid chunk size
[2m[36m(launch_and_fit pid=3083393)[0m double free or corruption (fasttop)
[2m[36m(launch_and_fit pid=3083395)[0m malloc_consolidate(): invalid chunk size
[2m[36m(launch_and_fit pid=3083252)[0m malloc_consolidate(): invalid chunk size
[2m[36m(launch_and_fit pid=3083323)[0m corrupted size vs. prev_size in fastbins
[2m[36m(launch_and_fit pid=3083254)[0m malloc_consolidate(): invalid chunk size
[2m[36m(launch_and_fit pid=3083394)[0m malloc_consolidate(): invalid chunk size
[2m[36m(launch_and_fit pid=3083371)[0m double free or corruption (fasttop)
INFO flwr 2023-08-19 15:01:15,394 | fed_df.py:540 | Distillation training stopped at step number : 250
INFO flwr 2023-08-19 15:01:15,395 | fed_df.py:547 | Average fusion training loss : 0.045600002184510234, val accuracy : 0.5132, best val accuracy : 0.5218
INFO flwr 2023-08-19 15:01:15,396 | common.py:35 | Avg. local train loss : 5.974632129818201, train acc : 0.6743611111111111
INFO flwr 2023-08-19 15:01:18,059 | server.py:116 | fit progress: (7, 1.4197209594726563, {'server_test_acc': 0.5273}, 619.4194686152041)
INFO flwr 2023-08-19 15:01:18,059 | server.py:163 | evaluate_round 7: no clients selected, cancel
DEBUG flwr 2023-08-19 15:01:22,621 | server.py:215 | fit_round 8: strategy sampled 8 clients (out of 20)
DEBUG flwr 2023-08-19 15:01:54,270 | server.py:229 | fit_round 8 received 8 results and 0 failures
INFO flwr 2023-08-19 15:01:54,433 | fed_df.py:463 | Performing server side distillation training...
[2m[36m(launch_and_fit pid=3215523)[0m Fitting Client 14
[2m[36m(launch_and_fit pid=3215527)[0m Fitting Client 15
[2m[36m(launch_and_fit pid=3215525)[0m Fitting Client 5
[2m[36m(launch_and_fit pid=3215757)[0m Fitting Client 4
[2m[36m(launch_and_fit pid=3215596)[0m Fitting Client 7
[2m[36m(launch_and_fit pid=3215597)[0m Fitting Client 19
[2m[36m(launch_and_fit pid=3215759)[0m Fitting Client 13
[2m[36m(launch_and_fit pid=3215758)[0m Fitting Client 9
[2m[36m(launch_and_fit pid=3215527)[0m malloc_consolidate(): invalid chunk size
[2m[36m(launch_and_fit pid=3215523)[0m malloc_consolidate(): invalid chunk size
[2m[36m(launch_and_fit pid=3215759)[0m malloc_consolidate(): invalid chunk size
[2m[36m(launch_and_fit pid=3215597)[0m malloc_consolidate(): invalid chunk size
[2m[36m(launch_and_fit pid=3215758)[0m double free or corruption (fasttop)
[2m[36m(launch_and_fit pid=3215757)[0m malloc_consolidate(): invalid chunk size
[2m[36m(launch_and_fit pid=3215525)[0m malloc_consolidate(): invalid chunk size
[2m[36m(launch_and_fit pid=3215596)[0m malloc_consolidate(): invalid chunk size
INFO flwr 2023-08-19 15:02:41,413 | fed_df.py:540 | Distillation training stopped at step number : 250
INFO flwr 2023-08-19 15:02:41,413 | fed_df.py:547 | Average fusion training loss : 0.03700532738119364, val accuracy : 0.5128, best val accuracy : 0.5288
INFO flwr 2023-08-19 15:02:41,414 | common.py:35 | Avg. local train loss : 5.927203832566739, train acc : 0.6761611111111111
INFO flwr 2023-08-19 15:02:44,057 | server.py:116 | fit progress: (8, 1.457622366333008, {'server_test_acc': 0.5336}, 705.417008658871)
INFO flwr 2023-08-19 15:02:44,057 | server.py:163 | evaluate_round 8: no clients selected, cancel
DEBUG flwr 2023-08-19 15:02:48,596 | server.py:215 | fit_round 9: strategy sampled 8 clients (out of 20)
DEBUG flwr 2023-08-19 15:03:20,477 | server.py:229 | fit_round 9 received 8 results and 0 failures
INFO flwr 2023-08-19 15:03:20,629 | fed_df.py:463 | Performing server side distillation training...
[2m[36m(launch_and_fit pid=3347051)[0m Fitting Client 2
[2m[36m(launch_and_fit pid=3347052)[0m Fitting Client 3
[2m[36m(launch_and_fit pid=3347124)[0m Fitting Client 16
[2m[36m(launch_and_fit pid=3347122)[0m Fitting Client 4
[2m[36m(launch_and_fit pid=3347050)[0m Fitting Client 5
[2m[36m(launch_and_fit pid=3347123)[0m Fitting Client 13
[2m[36m(launch_and_fit pid=3347053)[0m Fitting Client 18
[2m[36m(launch_and_fit pid=3347121)[0m Fitting Client 19
[2m[36m(launch_and_fit pid=3347052)[0m malloc_consolidate(): invalid chunk size
[2m[36m(launch_and_fit pid=3347122)[0m malloc_consolidate(): invalid chunk size
[2m[36m(launch_and_fit pid=3347121)[0m malloc_consolidate(): invalid chunk size
[2m[36m(launch_and_fit pid=3347051)[0m malloc_consolidate(): invalid chunk size
[2m[36m(launch_and_fit pid=3347123)[0m malloc_consolidate(): invalid chunk size
[2m[36m(launch_and_fit pid=3347053)[0m double free or corruption (fasttop)
[2m[36m(launch_and_fit pid=3347050)[0m malloc_consolidate(): invalid chunk size
INFO flwr 2023-08-19 15:04:08,650 | fed_df.py:540 | Distillation training stopped at step number : 250
INFO flwr 2023-08-19 15:04:08,651 | fed_df.py:547 | Average fusion training loss : 0.04633261814713478, val accuracy : 0.54348, best val accuracy : 0.5554
INFO flwr 2023-08-19 15:04:08,652 | common.py:35 | Avg. local train loss : 5.705092173069715, train acc : 0.7032222222222222
INFO flwr 2023-08-19 15:04:11,312 | server.py:116 | fit progress: (9, 1.3759708648681641, {'server_test_acc': 0.5566}, 792.6721671321429)
INFO flwr 2023-08-19 15:04:11,312 | server.py:163 | evaluate_round 9: no clients selected, cancel
DEBUG flwr 2023-08-19 15:04:15,908 | server.py:215 | fit_round 10: strategy sampled 8 clients (out of 20)
[2m[36m(launch_and_fit pid=3479998)[0m double free or corruption (fasttop)
DEBUG flwr 2023-08-19 15:04:47,559 | server.py:229 | fit_round 10 received 8 results and 0 failures
INFO flwr 2023-08-19 15:04:47,672 | fed_df.py:365 | Warm start at round 10
INFO flwr 2023-08-19 15:04:47,768 | fed_df.py:463 | Performing server side distillation training...
[2m[36m(launch_and_fit pid=3479998)[0m Fitting Client 5
[2m[36m(launch_and_fit pid=3480070)[0m Fitting Client 19
[2m[36m(launch_and_fit pid=3480013)[0m Fitting Client 13
[2m[36m(launch_and_fit pid=3480068)[0m Fitting Client 10
[2m[36m(launch_and_fit pid=3480069)[0m Fitting Client 0
[2m[36m(launch_and_fit pid=3480139)[0m Fitting Client 9
[2m[36m(launch_and_fit pid=3480138)[0m Fitting Client 7
[2m[36m(launch_and_fit pid=3480140)[0m Fitting Client 1
[2m[36m(launch_and_fit pid=3480070)[0m malloc_consolidate(): invalid chunk size
[2m[36m(launch_and_fit pid=3480013)[0m malloc_consolidate(): invalid chunk size
E0819 15:04:48.449623634 3518145 chttp2_transport.cc:1079]             ipv4:145.136.62.14:42478: Received a GOAWAY with error code ENHANCE_YOUR_CALM and debug data equal to "too_many_pings". Current keepalive time (before throttling): 30720000ms
[2m[36m(launch_and_fit pid=3480068)[0m malloc_consolidate(): invalid chunk size
[2m[36m(launch_and_fit pid=3480138)[0m double free or corruption (fasttop)
[2m[36m(launch_and_fit pid=3480069)[0m malloc_consolidate(): invalid chunk size
[2m[36m(launch_and_fit pid=3480140)[0m malloc_consolidate(): invalid chunk size
[2m[36m(launch_and_fit pid=3480139)[0m corrupted size vs. prev_size in fastbins
INFO flwr 2023-08-19 15:05:34,937 | fed_df.py:540 | Distillation training stopped at step number : 250
INFO flwr 2023-08-19 15:05:34,938 | fed_df.py:547 | Average fusion training loss : 0.04401930664479733, val accuracy : 0.5503600000000001, best val accuracy : 0.562
INFO flwr 2023-08-19 15:05:34,939 | common.py:35 | Avg. local train loss : 5.849962130933999, train acc : 0.6852722222222223
INFO flwr 2023-08-19 15:05:37,593 | server.py:116 | fit progress: (10, 1.3406435729980468, {'server_test_acc': 0.5567}, 878.953263132833)
INFO flwr 2023-08-19 15:05:37,593 | server.py:163 | evaluate_round 10: no clients selected, cancel
DEBUG flwr 2023-08-19 15:05:42,272 | server.py:215 | fit_round 11: strategy sampled 8 clients (out of 20)
[2m[36m(launch_and_fit pid=3607597)[0m double free or corruption (fasttop)
DEBUG flwr 2023-08-19 15:06:14,421 | server.py:229 | fit_round 11 received 8 results and 0 failures
INFO flwr 2023-08-19 15:06:14,574 | fed_df.py:463 | Performing server side distillation training...
[2m[36m(launch_and_fit pid=3607597)[0m Fitting Client 5
[2m[36m(launch_and_fit pid=3607457)[0m Fitting Client 13
[2m[36m(launch_and_fit pid=3607454)[0m Fitting Client 3
[2m[36m(launch_and_fit pid=3607529)[0m Fitting Client 16
[2m[36m(launch_and_fit pid=3607598)[0m Fitting Client 0
[2m[36m(launch_and_fit pid=3607458)[0m Fitting Client 6
[2m[36m(launch_and_fit pid=3607599)[0m Fitting Client 14
[2m[36m(launch_and_fit pid=3607459)[0m Fitting Client 11
[2m[36m(launch_and_fit pid=3607457)[0m double free or corruption (fasttop)
[2m[36m(launch_and_fit pid=3607458)[0m malloc_consolidate(): invalid chunk size
[2m[36m(launch_and_fit pid=3607459)[0m double free or corruption (fasttop)
[2m[36m(launch_and_fit pid=3607599)[0m malloc_consolidate(): invalid chunk size
[2m[36m(launch_and_fit pid=3607454)[0m double free or corruption (fasttop)
[2m[36m(launch_and_fit pid=3607529)[0m double free or corruption (fasttop)
[2m[36m(launch_and_fit pid=3607598)[0m double free or corruption (fasttop)
E0819 15:06:18.196398895 3650045 chttp2_transport.cc:1079]             ipv4:145.136.62.14:42478: Received a GOAWAY with error code ENHANCE_YOUR_CALM and debug data equal to "too_many_pings". Current keepalive time (before throttling): 61440000ms
INFO flwr 2023-08-19 15:07:02,549 | fed_df.py:540 | Distillation training stopped at step number : 250
INFO flwr 2023-08-19 15:07:02,550 | fed_df.py:547 | Average fusion training loss : 0.027998505137860775, val accuracy : 0.60292, best val accuracy : 0.6124
INFO flwr 2023-08-19 15:07:02,551 | common.py:35 | Avg. local train loss : 6.055988291651011, train acc : 0.6667888888888889
INFO flwr 2023-08-19 15:07:05,208 | server.py:116 | fit progress: (11, 1.2311263122558593, {'server_test_acc': 0.6012}, 966.5683622858487)
INFO flwr 2023-08-19 15:07:05,208 | server.py:163 | evaluate_round 11: no clients selected, cancel
DEBUG flwr 2023-08-19 15:07:09,798 | server.py:215 | fit_round 12: strategy sampled 8 clients (out of 20)
[2m[36m(launch_and_fit pid=3739312)[0m malloc_consolidate(): invalid chunk size
DEBUG flwr 2023-08-19 15:07:41,570 | server.py:229 | fit_round 12 received 8 results and 0 failures
INFO flwr 2023-08-19 15:07:41,723 | fed_df.py:463 | Performing server side distillation training...
[2m[36m(launch_and_fit pid=3739312)[0m Fitting Client 17
[2m[36m(launch_and_fit pid=3739314)[0m Fitting Client 0
[2m[36m(launch_and_fit pid=3739328)[0m Fitting Client 3
[2m[36m(launch_and_fit pid=3739339)[0m Fitting Client 1
[2m[36m(launch_and_fit pid=3739336)[0m Fitting Client 8
[2m[36m(launch_and_fit pid=3739337)[0m Fitting Client 18
[2m[36m(launch_and_fit pid=3739338)[0m Fitting Client 5
[2m[36m(launch_and_fit pid=3739313)[0m Fitting Client 14
[2m[36m(launch_and_fit pid=3739314)[0m malloc_consolidate(): invalid chunk size
[2m[36m(launch_and_fit pid=3739338)[0m corrupted size vs. prev_size in fastbins
E0819 15:07:42.396380056 3651997 chttp2_transport.cc:1079]             ipv4:145.136.62.14:42478: Received a GOAWAY with error code ENHANCE_YOUR_CALM and debug data equal to "too_many_pings". Current keepalive time (before throttling): 122880000ms
[2m[36m(launch_and_fit pid=3739339)[0m double free or corruption (fasttop)
[2m[36m(launch_and_fit pid=3739328)[0m malloc_consolidate(): invalid chunk size
[2m[36m(launch_and_fit pid=3739337)[0m malloc_consolidate(): invalid chunk size
[2m[36m(launch_and_fit pid=3739336)[0m malloc_consolidate(): invalid chunk size
[2m[36m(launch_and_fit pid=3739313)[0m malloc_consolidate(): invalid chunk size
INFO flwr 2023-08-19 15:08:34,439 | fed_df.py:540 | Distillation training stopped at step number : 250
INFO flwr 2023-08-19 15:08:34,439 | fed_df.py:547 | Average fusion training loss : 0.035426072709262374, val accuracy : 0.55684, best val accuracy : 0.58
INFO flwr 2023-08-19 15:08:34,440 | common.py:35 | Avg. local train loss : 5.493102391064167, train acc : 0.7216611111111111
INFO flwr 2023-08-19 15:08:37,156 | server.py:116 | fit progress: (12, 1.2823594970703125, {'server_test_acc': 0.5728}, 1058.5160606130958)
INFO flwr 2023-08-19 15:08:37,156 | server.py:163 | evaluate_round 12: no clients selected, cancel
DEBUG flwr 2023-08-19 15:08:41,867 | server.py:215 | fit_round 13: strategy sampled 8 clients (out of 20)
[2m[36m(launch_and_fit pid=3881372)[0m malloc_consolidate(): invalid chunk size
[2m[36m(launch_and_fit pid=3881436)[0m double free or corruption (fasttop)
[2m[36m(launch_and_fit pid=3881433)[0m double free or corruption (fasttop)
DEBUG flwr 2023-08-19 15:09:14,145 | server.py:229 | fit_round 13 received 8 results and 0 failures
[2m[36m(launch_and_fit pid=3881319)[0m malloc_consolidate(): invalid chunk size
INFO flwr 2023-08-19 15:09:14,300 | fed_df.py:463 | Performing server side distillation training...
[2m[36m(launch_and_fit pid=3881372)[0m Fitting Client 11
[2m[36m(launch_and_fit pid=3881435)[0m Fitting Client 0
[2m[36m(launch_and_fit pid=3881434)[0m Fitting Client 5
[2m[36m(launch_and_fit pid=3881436)[0m Fitting Client 14
[2m[36m(launch_and_fit pid=3881433)[0m Fitting Client 7
[2m[36m(launch_and_fit pid=3881319)[0m Fitting Client 19
[2m[36m(launch_and_fit pid=3881429)[0m Fitting Client 3
[2m[36m(launch_and_fit pid=3881320)[0m Fitting Client 18
[2m[36m(launch_and_fit pid=3881434)[0m malloc_consolidate(): invalid chunk size
[2m[36m(launch_and_fit pid=3881435)[0m malloc_consolidate(): invalid chunk size
[2m[36m(launch_and_fit pid=3881429)[0m double free or corruption (fasttop)
[2m[36m(launch_and_fit pid=3881320)[0m malloc_consolidate(): invalid chunk size
E0819 15:09:19.654221517 3941848 chttp2_transport.cc:1079]             ipv4:145.136.62.14:42478: Received a GOAWAY with error code ENHANCE_YOUR_CALM and debug data equal to "too_many_pings". Current keepalive time (before throttling): 245760000ms
E0819 15:09:44.680196956 3942273 chttp2_transport.cc:1079]             ipv4:145.136.62.14:42478: Received a GOAWAY with error code ENHANCE_YOUR_CALM and debug data equal to "too_many_pings". Current keepalive time (before throttling): 491520000ms
INFO flwr 2023-08-19 15:10:02,367 | fed_df.py:540 | Distillation training stopped at step number : 250
INFO flwr 2023-08-19 15:10:02,368 | fed_df.py:547 | Average fusion training loss : 0.04028078819066286, val accuracy : 0.5844799999999999, best val accuracy : 0.5908
INFO flwr 2023-08-19 15:10:02,369 | common.py:35 | Avg. local train loss : 5.318178889900445, train acc : 0.7384777777777779
INFO flwr 2023-08-19 15:10:05,032 | server.py:116 | fit progress: (13, 1.310666098022461, {'server_test_acc': 0.5798}, 1146.3922947319224)
INFO flwr 2023-08-19 15:10:05,032 | server.py:163 | evaluate_round 13: no clients selected, cancel
DEBUG flwr 2023-08-19 15:10:09,568 | server.py:215 | fit_round 14: strategy sampled 8 clients (out of 20)
DEBUG flwr 2023-08-19 15:10:41,631 | server.py:229 | fit_round 14 received 8 results and 0 failures
INFO flwr 2023-08-19 15:10:41,786 | fed_df.py:463 | Performing server side distillation training...
[2m[36m(launch_and_fit pid=4034735)[0m Fitting Client 16
[2m[36m(launch_and_fit pid=4034635)[0m Fitting Client 8
[2m[36m(launch_and_fit pid=4034737)[0m Fitting Client 10
[2m[36m(launch_and_fit pid=4034738)[0m Fitting Client 4
[2m[36m(launch_and_fit pid=4034739)[0m Fitting Client 18
[2m[36m(launch_and_fit pid=4034734)[0m Fitting Client 9
[2m[36m(launch_and_fit pid=4034740)[0m Fitting Client 14
[2m[36m(launch_and_fit pid=4034736)[0m Fitting Client 3
[2m[36m(launch_and_fit pid=4034739)[0m double free or corruption (fasttop)
[2m[36m(launch_and_fit pid=4034735)[0m malloc_consolidate(): invalid chunk size
[2m[36m(launch_and_fit pid=4034635)[0m malloc_consolidate(): invalid chunk size
[2m[36m(launch_and_fit pid=4034738)[0m corrupted size vs. prev_size in fastbins
[2m[36m(launch_and_fit pid=4034734)[0m malloc_consolidate(): invalid chunk size
E0819 15:10:43.022258905 4075526 chttp2_transport.cc:1079]             ipv4:145.136.62.14:42478: Received a GOAWAY with error code ENHANCE_YOUR_CALM and debug data equal to "too_many_pings". Current keepalive time (before throttling): 983040000ms
[2m[36m(launch_and_fit pid=4034740)[0m malloc_consolidate(): invalid chunk size
[2m[36m(launch_and_fit pid=4034736)[0m malloc_consolidate(): invalid chunk size
[2m[36m(launch_and_fit pid=4034737)[0m malloc_consolidate(): invalid chunk size
INFO flwr 2023-08-19 15:11:30,495 | fed_df.py:540 | Distillation training stopped at step number : 250
INFO flwr 2023-08-19 15:11:30,495 | fed_df.py:547 | Average fusion training loss : 0.04462026853859424, val accuracy : 0.59968, best val accuracy : 0.613
INFO flwr 2023-08-19 15:11:30,497 | common.py:35 | Avg. local train loss : 5.481780949234963, train acc : 0.726588888888889
INFO flwr 2023-08-19 15:11:33,151 | server.py:116 | fit progress: (14, 1.2332225036621094, {'server_test_acc': 0.6163}, 1234.5111771342345)
INFO flwr 2023-08-19 15:11:33,151 | server.py:163 | evaluate_round 14: no clients selected, cancel
DEBUG flwr 2023-08-19 15:11:37,738 | server.py:215 | fit_round 15: strategy sampled 8 clients (out of 20)
DEBUG flwr 2023-08-19 15:12:09,564 | server.py:229 | fit_round 15 received 8 results and 0 failures
INFO flwr 2023-08-19 15:12:09,676 | fed_df.py:365 | Warm start at round 15
[2m[36m(launch_and_fit pid=4167451)[0m malloc_consolidate(): invalid chunk size
INFO flwr 2023-08-19 15:12:09,773 | fed_df.py:463 | Performing server side distillation training...
[2m[36m(launch_and_fit pid=4167451)[0m Fitting Client 14
[2m[36m(launch_and_fit pid=4167395)[0m Fitting Client 12
[2m[36m(launch_and_fit pid=4167381)[0m Fitting Client 15
[2m[36m(launch_and_fit pid=4167378)[0m Fitting Client 8
[2m[36m(launch_and_fit pid=4167450)[0m Fitting Client 1
[2m[36m(launch_and_fit pid=4167379)[0m Fitting Client 7
[2m[36m(launch_and_fit pid=4167452)[0m Fitting Client 18
[2m[36m(launch_and_fit pid=4167380)[0m Fitting Client 5
[2m[36m(launch_and_fit pid=4167379)[0m malloc_consolidate(): invalid chunk size
[2m[36m(launch_and_fit pid=4167380)[0m double free or corruption (fasttop)
[2m[36m(launch_and_fit pid=4167395)[0m malloc_consolidate(): invalid chunk size
[2m[36m(launch_and_fit pid=4167378)[0m malloc_consolidate(): invalid chunk size
E0819 15:12:11.108482616 4075730 chttp2_transport.cc:1079]             ipv4:145.136.62.14:42478: Received a GOAWAY with error code ENHANCE_YOUR_CALM and debug data equal to "too_many_pings". Current keepalive time (before throttling): 1966080000ms
[2m[36m(launch_and_fit pid=4167381)[0m malloc_consolidate(): invalid chunk size
[2m[36m(launch_and_fit pid=4167450)[0m malloc_consolidate(): invalid chunk size
[2m[36m(launch_and_fit pid=4167452)[0m double free or corruption (fasttop)
INFO flwr 2023-08-19 15:12:56,804 | fed_df.py:540 | Distillation training stopped at step number : 250
INFO flwr 2023-08-19 15:12:56,805 | fed_df.py:547 | Average fusion training loss : 0.06520791536569595, val accuracy : 0.5937199999999999, best val accuracy : 0.6086
INFO flwr 2023-08-19 15:12:56,806 | common.py:35 | Avg. local train loss : 5.352360232919455, train acc : 0.7374333333333334
INFO flwr 2023-08-19 15:12:59,464 | server.py:116 | fit progress: (15, 1.2471846252441405, {'server_test_acc': 0.5999}, 1320.8243776070885)
INFO flwr 2023-08-19 15:12:59,464 | server.py:163 | evaluate_round 15: no clients selected, cancel
E0819 15:13:00.590566273   99509 chttp2_transport.cc:1079]             ipv4:145.136.62.14:42478: Received a GOAWAY with error code ENHANCE_YOUR_CALM and debug data equal to "too_many_pings". Current keepalive time (before throttling): ∞
DEBUG flwr 2023-08-19 15:13:04,005 | server.py:215 | fit_round 16: strategy sampled 8 clients (out of 20)
[2m[36m(launch_and_fit pid=104390)[0m malloc_consolidate(): invalid chunk size
DEBUG flwr 2023-08-19 15:13:36,029 | server.py:229 | fit_round 16 received 8 results and 0 failures
INFO flwr 2023-08-19 15:13:36,194 | fed_df.py:463 | Performing server side distillation training...
[2m[36m(launch_and_fit pid=104352)[0m Fitting Client 10
[2m[36m(launch_and_fit pid=104386)[0m Fitting Client 18
[2m[36m(launch_and_fit pid=104384)[0m Fitting Client 11
[2m[36m(launch_and_fit pid=104385)[0m Fitting Client 17
[2m[36m(launch_and_fit pid=104389)[0m Fitting Client 7
[2m[36m(launch_and_fit pid=104387)[0m Fitting Client 12
[2m[36m(launch_and_fit pid=104390)[0m Fitting Client 9
[2m[36m(launch_and_fit pid=104388)[0m Fitting Client 15
[2m[36m(launch_and_fit pid=104385)[0m double free or corruption (fasttop)
[2m[36m(launch_and_fit pid=104386)[0m malloc_consolidate(): invalid chunk size
[2m[36m(launch_and_fit pid=104352)[0m double free or corruption (fasttop)
[2m[36m(launch_and_fit pid=104389)[0m corrupted size vs. prev_size in fastbins
[2m[36m(launch_and_fit pid=104388)[0m malloc_consolidate(): invalid chunk size
[2m[36m(launch_and_fit pid=104384)[0m malloc_consolidate(): invalid chunk size
[2m[36m(launch_and_fit pid=104387)[0m malloc_consolidate(): invalid chunk size
E0819 15:13:38.635234883  148565 chttp2_transport.cc:1079]             ipv4:145.136.62.14:42478: Received a GOAWAY with error code ENHANCE_YOUR_CALM and debug data equal to "too_many_pings". Current keepalive time (before throttling): ∞
INFO flwr 2023-08-19 15:14:24,340 | fed_df.py:540 | Distillation training stopped at step number : 250
INFO flwr 2023-08-19 15:14:24,340 | fed_df.py:547 | Average fusion training loss : 0.05830109290778637, val accuracy : 0.58136, best val accuracy : 0.5918
INFO flwr 2023-08-19 15:14:24,341 | common.py:35 | Avg. local train loss : 5.308464345335961, train acc : 0.7402722222222221
INFO flwr 2023-08-19 15:14:27,021 | server.py:116 | fit progress: (16, 1.295784878540039, {'server_test_acc': 0.5849}, 1408.3817438432015)
INFO flwr 2023-08-19 15:14:27,022 | server.py:163 | evaluate_round 16: no clients selected, cancel
DEBUG flwr 2023-08-19 15:14:31,573 | server.py:215 | fit_round 17: strategy sampled 8 clients (out of 20)
DEBUG flwr 2023-08-19 15:15:03,085 | server.py:229 | fit_round 17 received 8 results and 0 failures
INFO flwr 2023-08-19 15:15:03,237 | fed_df.py:463 | Performing server side distillation training...
[2m[36m(launch_and_fit pid=236358)[0m Fitting Client 9
[2m[36m(launch_and_fit pid=236361)[0m Fitting Client 15
[2m[36m(launch_and_fit pid=236430)[0m Fitting Client 17
[2m[36m(launch_and_fit pid=236429)[0m Fitting Client 1
[2m[36m(launch_and_fit pid=236498)[0m Fitting Client 14
[2m[36m(launch_and_fit pid=236499)[0m Fitting Client 0
[2m[36m(launch_and_fit pid=236501)[0m Fitting Client 11
[2m[36m(launch_and_fit pid=236500)[0m Fitting Client 16
[2m[36m(launch_and_fit pid=236358)[0m malloc_consolidate(): invalid chunk size
[2m[36m(launch_and_fit pid=236499)[0m malloc_consolidate(): invalid chunk size
[2m[36m(launch_and_fit pid=236361)[0m malloc_consolidate(): invalid chunk size
[2m[36m(launch_and_fit pid=236498)[0m malloc_consolidate(): invalid chunk size
[2m[36m(launch_and_fit pid=236429)[0m malloc_consolidate(): invalid chunk size
E0819 15:15:05.264841491  280405 chttp2_transport.cc:1079]             ipv4:145.136.62.14:42478: Received a GOAWAY with error code ENHANCE_YOUR_CALM and debug data equal to "too_many_pings". Current keepalive time (before throttling): ∞
[2m[36m(launch_and_fit pid=236500)[0m malloc_consolidate(): invalid chunk size
[2m[36m(launch_and_fit pid=236501)[0m malloc_consolidate(): invalid chunk size
[2m[36m(launch_and_fit pid=236430)[0m malloc_consolidate(): invalid chunk size
INFO flwr 2023-08-19 15:15:50,828 | fed_df.py:540 | Distillation training stopped at step number : 250
INFO flwr 2023-08-19 15:15:50,828 | fed_df.py:547 | Average fusion training loss : 0.04545350043475628, val accuracy : 0.6171200000000001, best val accuracy : 0.6274
INFO flwr 2023-08-19 15:15:50,829 | common.py:35 | Avg. local train loss : 5.504711216688157, train acc : 0.7205333333333334
INFO flwr 2023-08-19 15:15:53,485 | server.py:116 | fit progress: (17, 1.1859776641845703, {'server_test_acc': 0.6205}, 1494.845797689166)
INFO flwr 2023-08-19 15:15:53,486 | server.py:163 | evaluate_round 17: no clients selected, cancel
DEBUG flwr 2023-08-19 15:15:58,015 | server.py:215 | fit_round 18: strategy sampled 8 clients (out of 20)
[2m[36m(launch_and_fit pid=367006)[0m double free or corruption (fasttop)
[2m[36m(launch_and_fit pid=367080)[0m malloc_consolidate(): invalid chunk size
DEBUG flwr 2023-08-19 15:16:29,921 | server.py:229 | fit_round 18 received 8 results and 0 failures
INFO flwr 2023-08-19 15:16:30,075 | fed_df.py:463 | Performing server side distillation training...
[2m[36m(launch_and_fit pid=367006)[0m Fitting Client 12
[2m[36m(launch_and_fit pid=367003)[0m Fitting Client 3
[2m[36m(launch_and_fit pid=367046)[0m Fitting Client 2
[2m[36m(launch_and_fit pid=367009)[0m Fitting Client 10
[2m[36m(launch_and_fit pid=367078)[0m Fitting Client 14
[2m[36m(launch_and_fit pid=367080)[0m Fitting Client 19
[2m[36m(launch_and_fit pid=367079)[0m Fitting Client 7
[2m[36m(launch_and_fit pid=367008)[0m Fitting Client 16
[2m[36m(launch_and_fit pid=367046)[0m malloc_consolidate(): invalid chunk size
[2m[36m(launch_and_fit pid=367008)[0m double free or corruption (fasttop)
E0819 15:16:31.400715481  280798 chttp2_transport.cc:1079]             ipv4:145.136.62.14:42478: Received a GOAWAY with error code ENHANCE_YOUR_CALM and debug data equal to "too_many_pings". Current keepalive time (before throttling): ∞
[2m[36m(launch_and_fit pid=367078)[0m malloc_consolidate(): invalid chunk size
[2m[36m(launch_and_fit pid=367003)[0m double free or corruption (fasttop)
[2m[36m(launch_and_fit pid=367009)[0m malloc_consolidate(): invalid chunk size
[2m[36m(launch_and_fit pid=367079)[0m double free or corruption (fasttop)
INFO flwr 2023-08-19 15:17:17,530 | fed_df.py:540 | Distillation training stopped at step number : 250
INFO flwr 2023-08-19 15:17:17,531 | fed_df.py:547 | Average fusion training loss : 0.03462514100968838, val accuracy : 0.60732, best val accuracy : 0.617
INFO flwr 2023-08-19 15:17:17,532 | common.py:35 | Avg. local train loss : 5.247065920382738, train acc : 0.7491055555555555
INFO flwr 2023-08-19 15:17:20,212 | server.py:116 | fit progress: (18, 1.2330976684570312, {'server_test_acc': 0.6109}, 1581.571882031858)
INFO flwr 2023-08-19 15:17:20,212 | server.py:163 | evaluate_round 18: no clients selected, cancel
E0819 15:17:21.218022619  413034 chttp2_transport.cc:1079]             ipv4:145.136.62.14:42478: Received a GOAWAY with error code ENHANCE_YOUR_CALM and debug data equal to "too_many_pings". Current keepalive time (before throttling): ∞
DEBUG flwr 2023-08-19 15:17:24,800 | server.py:215 | fit_round 19: strategy sampled 8 clients (out of 20)
DEBUG flwr 2023-08-19 15:17:56,731 | server.py:229 | fit_round 19 received 8 results and 0 failures
INFO flwr 2023-08-19 15:17:56,886 | fed_df.py:463 | Performing server side distillation training...
[2m[36m(launch_and_fit pid=498113)[0m Fitting Client 14
[2m[36m(launch_and_fit pid=498114)[0m Fitting Client 10
[2m[36m(launch_and_fit pid=498116)[0m Fitting Client 6
[2m[36m(launch_and_fit pid=498043)[0m Fitting Client 17
[2m[36m(launch_and_fit pid=498115)[0m Fitting Client 1
[2m[36m(launch_and_fit pid=498117)[0m Fitting Client 8
[2m[36m(launch_and_fit pid=498045)[0m Fitting Client 11
[2m[36m(launch_and_fit pid=498042)[0m Fitting Client 16
[2m[36m(launch_and_fit pid=498114)[0m double free or corruption (fasttop)
[2m[36m(launch_and_fit pid=498117)[0m corrupted size vs. prev_size in fastbins
[2m[36m(launch_and_fit pid=498043)[0m double free or corruption (fasttop)
[2m[36m(launch_and_fit pid=498113)[0m corrupted size vs. prev_size in fastbins
[2m[36m(launch_and_fit pid=498115)[0m double free or corruption (fasttop)
E0819 15:17:57.977219730  494547 chttp2_transport.cc:1079]             ipv4:145.136.62.14:42478: Received a GOAWAY with error code ENHANCE_YOUR_CALM and debug data equal to "too_many_pings". Current keepalive time (before throttling): ∞
[2m[36m(launch_and_fit pid=498116)[0m malloc_consolidate(): invalid chunk size
[2m[36m(launch_and_fit pid=498045)[0m malloc_consolidate(): invalid chunk size
[2m[36m(launch_and_fit pid=498042)[0m malloc_consolidate(): invalid chunk size
INFO flwr 2023-08-19 15:18:49,875 | fed_df.py:540 | Distillation training stopped at step number : 250
INFO flwr 2023-08-19 15:18:49,875 | fed_df.py:547 | Average fusion training loss : 0.049437277138233184, val accuracy : 0.58832, best val accuracy : 0.6066
INFO flwr 2023-08-19 15:18:49,876 | common.py:35 | Avg. local train loss : 5.332602947205305, train acc : 0.740388888888889
INFO flwr 2023-08-19 15:18:52,548 | server.py:116 | fit progress: (19, 1.2273381408691406, {'server_test_acc': 0.6001}, 1673.907962534111)
INFO flwr 2023-08-19 15:18:52,548 | server.py:163 | evaluate_round 19: no clients selected, cancel
DEBUG flwr 2023-08-19 15:18:57,075 | server.py:215 | fit_round 20: strategy sampled 8 clients (out of 20)
DEBUG flwr 2023-08-19 15:19:28,561 | server.py:229 | fit_round 20 received 8 results and 0 failures
INFO flwr 2023-08-19 15:19:28,675 | fed_df.py:365 | Warm start at round 20
INFO flwr 2023-08-19 15:19:28,782 | fed_df.py:463 | Performing server side distillation training...
[2m[36m(launch_and_fit pid=633632)[0m Fitting Client 12
[2m[36m(launch_and_fit pid=633635)[0m Fitting Client 10
[2m[36m(launch_and_fit pid=633645)[0m Fitting Client 11
[2m[36m(launch_and_fit pid=633646)[0m Fitting Client 16
[2m[36m(launch_and_fit pid=633648)[0m Fitting Client 0
[2m[36m(launch_and_fit pid=633647)[0m Fitting Client 5
[2m[36m(launch_and_fit pid=633630)[0m Fitting Client 7
[2m[36m(launch_and_fit pid=633644)[0m Fitting Client 9
[2m[36m(launch_and_fit pid=633635)[0m malloc_consolidate(): invalid chunk size
[2m[36m(launch_and_fit pid=633646)[0m malloc_consolidate(): invalid chunk size
[2m[36m(launch_and_fit pid=633648)[0m malloc_consolidate(): invalid chunk size
[2m[36m(launch_and_fit pid=633630)[0m malloc_consolidate(): invalid chunk size
[2m[36m(launch_and_fit pid=633645)[0m double free or corruption (fasttop)
[2m[36m(launch_and_fit pid=633644)[0m malloc_consolidate(): invalid chunk size
[2m[36m(launch_and_fit pid=633647)[0m malloc_consolidate(): invalid chunk size
[2m[36m(launch_and_fit pid=633632)[0m corrupted size vs. prev_size in fastbins
INFO flwr 2023-08-19 15:20:16,653 | fed_df.py:540 | Distillation training stopped at step number : 250
INFO flwr 2023-08-19 15:20:16,654 | fed_df.py:547 | Average fusion training loss : 0.05533995328843594, val accuracy : 0.64436, best val accuracy : 0.652
INFO flwr 2023-08-19 15:20:16,655 | common.py:35 | Avg. local train loss : 5.561997243016958, train acc : 0.7178
INFO flwr 2023-08-19 15:20:19,344 | server.py:116 | fit progress: (20, 1.1503783630371094, {'server_test_acc': 0.6504}, 1760.7040097299032)
INFO flwr 2023-08-19 15:20:19,344 | server.py:163 | evaluate_round 20: no clients selected, cancel
DEBUG flwr 2023-08-19 15:20:23,939 | server.py:215 | fit_round 21: strategy sampled 8 clients (out of 20)
DEBUG flwr 2023-08-19 15:20:55,539 | server.py:229 | fit_round 21 received 8 results and 0 failures
INFO flwr 2023-08-19 15:20:55,693 | fed_df.py:463 | Performing server side distillation training...
[2m[36m(launch_and_fit pid=765015)[0m Fitting Client 10
[2m[36m(launch_and_fit pid=765012)[0m Fitting Client 11
[2m[36m(launch_and_fit pid=765010)[0m Fitting Client 3
[2m[36m(launch_and_fit pid=765088)[0m Fitting Client 16
[2m[36m(launch_and_fit pid=765018)[0m Fitting Client 12
[2m[36m(launch_and_fit pid=765014)[0m Fitting Client 2
[2m[36m(launch_and_fit pid=765019)[0m Fitting Client 7
[2m[36m(launch_and_fit pid=765020)[0m Fitting Client 5
[2m[36m(launch_and_fit pid=765014)[0m malloc_consolidate(): invalid chunk size
[2m[36m(launch_and_fit pid=765018)[0m malloc_consolidate(): invalid chunk size
[2m[36m(launch_and_fit pid=765020)[0m malloc_consolidate(): invalid chunk size
[2m[36m(launch_and_fit pid=765019)[0m double free or corruption (fasttop)
[2m[36m(launch_and_fit pid=765015)[0m malloc_consolidate(): invalid chunk size
[2m[36m(launch_and_fit pid=765088)[0m malloc_consolidate(): invalid chunk size
[2m[36m(launch_and_fit pid=765010)[0m malloc_consolidate(): invalid chunk size
[2m[36m(launch_and_fit pid=765012)[0m malloc_consolidate(): invalid chunk size
E0819 15:21:02.039000161  814041 chttp2_transport.cc:1079]             ipv4:145.136.62.14:42478: Received a GOAWAY with error code ENHANCE_YOUR_CALM and debug data equal to "too_many_pings". Current keepalive time (before throttling): ∞
INFO flwr 2023-08-19 15:21:43,626 | fed_df.py:540 | Distillation training stopped at step number : 250
INFO flwr 2023-08-19 15:21:43,627 | fed_df.py:547 | Average fusion training loss : 0.032762597806751725, val accuracy : 0.64664, best val accuracy : 0.6566
INFO flwr 2023-08-19 15:21:43,628 | common.py:35 | Avg. local train loss : 5.418358342349529, train acc : 0.733111111111111
INFO flwr 2023-08-19 15:21:46,309 | server.py:116 | fit progress: (21, 1.1581673278808593, {'server_test_acc': 0.6558}, 1847.6697138999589)
INFO flwr 2023-08-19 15:21:46,310 | server.py:163 | evaluate_round 21: no clients selected, cancel
DEBUG flwr 2023-08-19 15:21:50,910 | server.py:215 | fit_round 22: strategy sampled 8 clients (out of 20)
DEBUG flwr 2023-08-19 15:22:22,573 | server.py:229 | fit_round 22 received 8 results and 0 failures
INFO flwr 2023-08-19 15:22:22,724 | fed_df.py:463 | Performing server side distillation training...
[2m[36m(launch_and_fit pid=895486)[0m Fitting Client 12
[2m[36m(launch_and_fit pid=895487)[0m Fitting Client 3
[2m[36m(launch_and_fit pid=895559)[0m Fitting Client 14
[2m[36m(launch_and_fit pid=895560)[0m Fitting Client 0
[2m[36m(launch_and_fit pid=895561)[0m Fitting Client 19
[2m[36m(launch_and_fit pid=895629)[0m Fitting Client 4
[2m[36m(launch_and_fit pid=895501)[0m Fitting Client 17
[2m[36m(launch_and_fit pid=895630)[0m Fitting Client 1
[2m[36m(launch_and_fit pid=895559)[0m double free or corruption (fasttop)
[2m[36m(launch_and_fit pid=895630)[0m malloc_consolidate(): invalid chunk size
[2m[36m(launch_and_fit pid=895486)[0m double free or corruption (fasttop)
[2m[36m(launch_and_fit pid=895561)[0m double free or corruption (fasttop)
[2m[36m(launch_and_fit pid=895501)[0m malloc_consolidate(): invalid chunk size
[2m[36m(launch_and_fit pid=895487)[0m malloc_consolidate(): invalid chunk size
[2m[36m(launch_and_fit pid=895629)[0m malloc_consolidate(): invalid chunk size
E0819 15:22:24.642170354  943413 chttp2_transport.cc:1079]             ipv4:145.136.62.14:42478: Received a GOAWAY with error code ENHANCE_YOUR_CALM and debug data equal to "too_many_pings". Current keepalive time (before throttling): ∞
[2m[36m(launch_and_fit pid=895560)[0m double free or corruption (fasttop)
INFO flwr 2023-08-19 15:23:10,242 | fed_df.py:540 | Distillation training stopped at step number : 250
INFO flwr 2023-08-19 15:23:10,243 | fed_df.py:547 | Average fusion training loss : 0.0365345199406147, val accuracy : 0.60228, best val accuracy : 0.62
INFO flwr 2023-08-19 15:23:10,244 | common.py:35 | Avg. local train loss : 5.1143287293612945, train acc : 0.7622055555555556
INFO flwr 2023-08-19 15:23:12,913 | server.py:116 | fit progress: (22, 1.2344384857177735, {'server_test_acc': 0.615}, 1934.2734290631488)
INFO flwr 2023-08-19 15:23:12,913 | server.py:163 | evaluate_round 22: no clients selected, cancel
DEBUG flwr 2023-08-19 15:23:17,466 | server.py:215 | fit_round 23: strategy sampled 8 clients (out of 20)
DEBUG flwr 2023-08-19 15:23:49,491 | server.py:229 | fit_round 23 received 8 results and 0 failures
INFO flwr 2023-08-19 15:23:49,646 | fed_df.py:463 | Performing server side distillation training...
[2m[36m(launch_and_fit pid=1026716)[0m Fitting Client 19
[2m[36m(launch_and_fit pid=1026718)[0m Fitting Client 17
[2m[36m(launch_and_fit pid=1026646)[0m Fitting Client 9
[2m[36m(launch_and_fit pid=1026717)[0m Fitting Client 16
[2m[36m(launch_and_fit pid=1026647)[0m Fitting Client 6
[2m[36m(launch_and_fit pid=1026715)[0m Fitting Client 11
[2m[36m(launch_and_fit pid=1026644)[0m Fitting Client 3
[2m[36m(launch_and_fit pid=1026645)[0m Fitting Client 4
[2m[36m(launch_and_fit pid=1026716)[0m malloc_consolidate(): invalid chunk size
[2m[36m(launch_and_fit pid=1026717)[0m malloc_consolidate(): invalid chunk size
[2m[36m(launch_and_fit pid=1026715)[0m malloc_consolidate(): invalid chunk size
[2m[36m(launch_and_fit pid=1026644)[0m malloc_consolidate(): invalid chunk size
[2m[36m(launch_and_fit pid=1026718)[0m malloc_consolidate(): invalid chunk size
[2m[36m(launch_and_fit pid=1026647)[0m double free or corruption (fasttop)
[2m[36m(launch_and_fit pid=1026646)[0m malloc_consolidate(): invalid chunk size
[2m[36m(launch_and_fit pid=1026645)[0m double free or corruption (fasttop)
E0819 15:23:51.805258670 1080724 chttp2_transport.cc:1079]             ipv4:145.136.62.14:42478: Received a GOAWAY with error code ENHANCE_YOUR_CALM and debug data equal to "too_many_pings". Current keepalive time (before throttling): ∞
E0819 15:23:51.805381004 1080724 chttp2_transport.cc:1079]             ipv4:145.136.62.14:42478: Received a GOAWAY with error code ENHANCE_YOUR_CALM and debug data equal to "too_many_pings". Current keepalive time (before throttling): ∞
INFO flwr 2023-08-19 15:24:37,157 | fed_df.py:540 | Distillation training stopped at step number : 250
INFO flwr 2023-08-19 15:24:37,158 | fed_df.py:547 | Average fusion training loss : 0.04113678007572889, val accuracy : 0.60792, best val accuracy : 0.6192
INFO flwr 2023-08-19 15:24:37,159 | common.py:35 | Avg. local train loss : 5.105265460908414, train acc : 0.7644055555555556
INFO flwr 2023-08-19 15:24:39,897 | server.py:116 | fit progress: (23, 1.2554046508789063, {'server_test_acc': 0.6104}, 2021.256913762074)
INFO flwr 2023-08-19 15:24:39,897 | server.py:163 | evaluate_round 23: no clients selected, cancel
DEBUG flwr 2023-08-19 15:24:44,487 | server.py:215 | fit_round 24: strategy sampled 8 clients (out of 20)
[2m[36m(launch_and_fit pid=1180358)[0m double free or corruption (fasttop)
DEBUG flwr 2023-08-19 15:25:16,543 | server.py:229 | fit_round 24 received 8 results and 0 failures
INFO flwr 2023-08-19 15:25:16,697 | fed_df.py:463 | Performing server side distillation training...
[2m[36m(launch_and_fit pid=1180258)[0m Fitting Client 10
[2m[36m(launch_and_fit pid=1180255)[0m Fitting Client 1
[2m[36m(launch_and_fit pid=1180256)[0m Fitting Client 8
[2m[36m(launch_and_fit pid=1180253)[0m Fitting Client 4
[2m[36m(launch_and_fit pid=1180337)[0m Fitting Client 2
[2m[36m(launch_and_fit pid=1180336)[0m Fitting Client 5
[2m[36m(launch_and_fit pid=1180358)[0m Fitting Client 15
[2m[36m(launch_and_fit pid=1180359)[0m Fitting Client 9
[2m[36m(launch_and_fit pid=1180258)[0m malloc_consolidate(): invalid chunk size
[2m[36m(launch_and_fit pid=1180256)[0m double free or corruption (fasttop)
[2m[36m(launch_and_fit pid=1180336)[0m malloc_consolidate(): invalid chunk size
[2m[36m(launch_and_fit pid=1180255)[0m malloc_consolidate(): invalid chunk size
[2m[36m(launch_and_fit pid=1180359)[0m malloc_consolidate(): invalid chunk size
E0819 15:25:17.823148287 1081516 chttp2_transport.cc:1079]             ipv4:145.136.62.14:42478: Received a GOAWAY with error code ENHANCE_YOUR_CALM and debug data equal to "too_many_pings". Current keepalive time (before throttling): ∞
[2m[36m(launch_and_fit pid=1180337)[0m double free or corruption (fasttop)
[2m[36m(launch_and_fit pid=1180253)[0m malloc_consolidate(): invalid chunk size
INFO flwr 2023-08-19 15:26:03,718 | fed_df.py:540 | Distillation training stopped at step number : 250
INFO flwr 2023-08-19 15:26:03,719 | fed_df.py:547 | Average fusion training loss : 0.03226695539802313, val accuracy : 0.6264399999999999, best val accuracy : 0.6392
INFO flwr 2023-08-19 15:26:03,720 | common.py:35 | Avg. local train loss : 5.425137723237277, train acc : 0.7325833333333335
INFO flwr 2023-08-19 15:26:06,390 | server.py:116 | fit progress: (24, 1.1917352935791015, {'server_test_acc': 0.6305}, 2107.7507720319554)
INFO flwr 2023-08-19 15:26:06,391 | server.py:163 | evaluate_round 24: no clients selected, cancel
DEBUG flwr 2023-08-19 15:26:11,021 | server.py:215 | fit_round 25: strategy sampled 8 clients (out of 20)
[2m[36m(launch_and_fit pid=1313020)[0m malloc_consolidate(): invalid chunk size
DEBUG flwr 2023-08-19 15:26:42,817 | server.py:229 | fit_round 25 received 8 results and 0 failures
INFO flwr 2023-08-19 15:26:42,931 | fed_df.py:365 | Warm start at round 25
INFO flwr 2023-08-19 15:26:43,027 | fed_df.py:463 | Performing server side distillation training...
[2m[36m(launch_and_fit pid=1313020)[0m Fitting Client 18
[2m[36m(launch_and_fit pid=1313011)[0m Fitting Client 14
[2m[36m(launch_and_fit pid=1313013)[0m Fitting Client 17
[2m[36m(launch_and_fit pid=1313018)[0m Fitting Client 4
[2m[36m(launch_and_fit pid=1313012)[0m Fitting Client 9
[2m[36m(launch_and_fit pid=1313017)[0m Fitting Client 15
[2m[36m(launch_and_fit pid=1313016)[0m Fitting Client 6
[2m[36m(launch_and_fit pid=1313019)[0m Fitting Client 0
[2m[36m(launch_and_fit pid=1313013)[0m double free or corruption (fasttop)
[2m[36m(launch_and_fit pid=1313012)[0m malloc_consolidate(): invalid chunk size
[2m[36m(launch_and_fit pid=1313011)[0m malloc_consolidate(): invalid chunk size
[2m[36m(launch_and_fit pid=1313019)[0m double free or corruption (fasttop)
E0819 15:26:44.384511971 1364773 chttp2_transport.cc:1079]             ipv4:145.136.62.14:42478: Received a GOAWAY with error code ENHANCE_YOUR_CALM and debug data equal to "too_many_pings". Current keepalive time (before throttling): ∞
[2m[36m(launch_and_fit pid=1313017)[0m malloc_consolidate(): invalid chunk size
[2m[36m(launch_and_fit pid=1313018)[0m malloc_consolidate(): invalid chunk size
[2m[36m(launch_and_fit pid=1313016)[0m double free or corruption (fasttop)
INFO flwr 2023-08-19 15:27:35,768 | fed_df.py:540 | Distillation training stopped at step number : 250
INFO flwr 2023-08-19 15:27:35,769 | fed_df.py:547 | Average fusion training loss : 0.039118986949324606, val accuracy : 0.6508, best val accuracy : 0.6586
INFO flwr 2023-08-19 15:27:35,770 | common.py:35 | Avg. local train loss : 5.2253453142941, train acc : 0.74925
INFO flwr 2023-08-19 15:27:38,564 | server.py:116 | fit progress: (25, 1.1650221588134766, {'server_test_acc': 0.6551}, 2199.924058908131)
INFO flwr 2023-08-19 15:27:38,564 | server.py:163 | evaluate_round 25: no clients selected, cancel
DEBUG flwr 2023-08-19 15:27:43,193 | server.py:215 | fit_round 26: strategy sampled 8 clients (out of 20)
[2m[36m(launch_and_fit pid=1449056)[0m malloc_consolidate(): invalid chunk size
[2m[36m(launch_and_fit pid=1448984)[0m malloc_consolidate(): invalid chunk size
DEBUG flwr 2023-08-19 15:28:14,997 | server.py:229 | fit_round 26 received 8 results and 0 failures
INFO flwr 2023-08-19 15:28:15,152 | fed_df.py:463 | Performing server side distillation training...
[2m[36m(launch_and_fit pid=1449056)[0m Fitting Client 1
[2m[36m(launch_and_fit pid=1448985)[0m Fitting Client 13
[2m[36m(launch_and_fit pid=1448984)[0m Fitting Client 15
[2m[36m(launch_and_fit pid=1449059)[0m Fitting Client 6
[2m[36m(launch_and_fit pid=1449125)[0m Fitting Client 5
[2m[36m(launch_and_fit pid=1449055)[0m Fitting Client 8
[2m[36m(launch_and_fit pid=1449126)[0m Fitting Client 9
[2m[36m(launch_and_fit pid=1448982)[0m Fitting Client 12
[2m[36m(launch_and_fit pid=1449055)[0m malloc_consolidate(): invalid chunk size
[2m[36m(launch_and_fit pid=1448982)[0m double free or corruption (fasttop)
E0819 15:28:16.036192095 1499084 chttp2_transport.cc:1079]             ipv4:145.136.62.14:42478: Received a GOAWAY with error code ENHANCE_YOUR_CALM and debug data equal to "too_many_pings". Current keepalive time (before throttling): ∞
[2m[36m(launch_and_fit pid=1449059)[0m double free or corruption (fasttop)
[2m[36m(launch_and_fit pid=1449126)[0m malloc_consolidate(): invalid chunk size
[2m[36m(launch_and_fit pid=1449125)[0m malloc_consolidate(): invalid chunk size
[2m[36m(launch_and_fit pid=1448985)[0m malloc_consolidate(): invalid chunk size
INFO flwr 2023-08-19 15:29:02,511 | fed_df.py:540 | Distillation training stopped at step number : 250
INFO flwr 2023-08-19 15:29:02,512 | fed_df.py:547 | Average fusion training loss : 0.03451038330048323, val accuracy : 0.6572000000000001, best val accuracy : 0.6652
INFO flwr 2023-08-19 15:29:02,513 | common.py:35 | Avg. local train loss : 5.281638760864735, train acc : 0.7469777777777777
INFO flwr 2023-08-19 15:29:05,195 | server.py:116 | fit progress: (26, 1.1654765197753907, {'server_test_acc': 0.6565}, 2286.555004726164)
INFO flwr 2023-08-19 15:29:05,195 | server.py:163 | evaluate_round 26: no clients selected, cancel
DEBUG flwr 2023-08-19 15:29:09,816 | server.py:215 | fit_round 27: strategy sampled 8 clients (out of 20)
[2m[36m(launch_and_fit pid=1575917)[0m malloc_consolidate(): invalid chunk size
DEBUG flwr 2023-08-19 15:29:41,742 | server.py:229 | fit_round 27 received 8 results and 0 failures
INFO flwr 2023-08-19 15:29:41,896 | fed_df.py:463 | Performing server side distillation training...
[2m[36m(launch_and_fit pid=1575917)[0m Fitting Client 14
[2m[36m(launch_and_fit pid=1575920)[0m Fitting Client 8
[2m[36m(launch_and_fit pid=1575919)[0m Fitting Client 3
[2m[36m(launch_and_fit pid=1575918)[0m Fitting Client 15
[2m[36m(launch_and_fit pid=1575924)[0m Fitting Client 13
[2m[36m(launch_and_fit pid=1575957)[0m Fitting Client 4
[2m[36m(launch_and_fit pid=1575977)[0m Fitting Client 6
[2m[36m(launch_and_fit pid=1575921)[0m Fitting Client 18
[2m[36m(launch_and_fit pid=1575920)[0m malloc_consolidate(): invalid chunk size
[2m[36m(launch_and_fit pid=1575918)[0m double free or corruption (fasttop)
[2m[36m(launch_and_fit pid=1575924)[0m malloc_consolidate(): invalid chunk size
E0819 15:29:42.737271485 1499354 chttp2_transport.cc:1079]             ipv4:145.136.62.14:42478: Received a GOAWAY with error code ENHANCE_YOUR_CALM and debug data equal to "too_many_pings". Current keepalive time (before throttling): ∞
[2m[36m(launch_and_fit pid=1575921)[0m malloc_consolidate(): invalid chunk size
[2m[36m(launch_and_fit pid=1575957)[0m double free or corruption (fasttop)
[2m[36m(launch_and_fit pid=1575977)[0m malloc_consolidate(): invalid chunk size
[2m[36m(launch_and_fit pid=1575919)[0m malloc_consolidate(): invalid chunk size
INFO flwr 2023-08-19 15:30:29,715 | fed_df.py:540 | Distillation training stopped at step number : 250
INFO flwr 2023-08-19 15:30:29,715 | fed_df.py:547 | Average fusion training loss : 0.044891628846526144, val accuracy : 0.62832, best val accuracy : 0.6522
INFO flwr 2023-08-19 15:30:29,716 | common.py:35 | Avg. local train loss : 5.129115135222674, train acc : 0.7628277777777779
INFO flwr 2023-08-19 15:30:32,380 | server.py:116 | fit progress: (27, 1.241943667602539, {'server_test_acc': 0.6395}, 2373.739864503965)
INFO flwr 2023-08-19 15:30:32,380 | server.py:163 | evaluate_round 27: no clients selected, cancel
DEBUG flwr 2023-08-19 15:30:36,938 | server.py:215 | fit_round 28: strategy sampled 8 clients (out of 20)
[2m[36m(launch_and_fit pid=1707869)[0m double free or corruption (fasttop)
DEBUG flwr 2023-08-19 15:31:08,897 | server.py:229 | fit_round 28 received 8 results and 0 failures
INFO flwr 2023-08-19 15:31:09,052 | fed_df.py:463 | Performing server side distillation training...
[2m[36m(launch_and_fit pid=1707869)[0m Fitting Client 15
[2m[36m(launch_and_fit pid=1707940)[0m Fitting Client 3
[2m[36m(launch_and_fit pid=1708027)[0m Fitting Client 8
[2m[36m(launch_and_fit pid=1708012)[0m Fitting Client 9
[2m[36m(launch_and_fit pid=1707870)[0m Fitting Client 7
[2m[36m(launch_and_fit pid=1708009)[0m Fitting Client 14
[2m[36m(launch_and_fit pid=1708010)[0m Fitting Client 13
[2m[36m(launch_and_fit pid=1708011)[0m Fitting Client 11
[2m[36m(launch_and_fit pid=1707940)[0m malloc_consolidate(): invalid chunk size
[2m[36m(launch_and_fit pid=1708027)[0m malloc_consolidate(): invalid chunk size
[2m[36m(launch_and_fit pid=1707870)[0m double free or corruption (fasttop)
[2m[36m(launch_and_fit pid=1708009)[0m double free or corruption (fasttop)
[2m[36m(launch_and_fit pid=1708011)[0m malloc_consolidate(): invalid chunk size
[2m[36m(launch_and_fit pid=1708012)[0m malloc_consolidate(): invalid chunk size
[2m[36m(launch_and_fit pid=1708010)[0m malloc_consolidate(): invalid chunk size
E0819 15:31:11.582725225 1759906 chttp2_transport.cc:1079]             ipv4:145.136.62.14:42478: Received a GOAWAY with error code ENHANCE_YOUR_CALM and debug data equal to "too_many_pings". Current keepalive time (before throttling): ∞
INFO flwr 2023-08-19 15:31:57,172 | fed_df.py:540 | Distillation training stopped at step number : 250
INFO flwr 2023-08-19 15:31:57,173 | fed_df.py:547 | Average fusion training loss : 0.05209875398874283, val accuracy : 0.63636, best val accuracy : 0.6568
INFO flwr 2023-08-19 15:31:57,174 | common.py:35 | Avg. local train loss : 5.244559303671122, train acc : 0.7514333333333334
INFO flwr 2023-08-19 15:31:59,842 | server.py:116 | fit progress: (28, 1.193810824584961, {'server_test_acc': 0.6486}, 2461.2023731018417)
INFO flwr 2023-08-19 15:31:59,842 | server.py:163 | evaluate_round 28: no clients selected, cancel
DEBUG flwr 2023-08-19 15:32:04,404 | server.py:215 | fit_round 29: strategy sampled 8 clients (out of 20)
[2m[36m(launch_and_fit pid=1839822)[0m double free or corruption (fasttop)
DEBUG flwr 2023-08-19 15:32:36,464 | server.py:229 | fit_round 29 received 8 results and 0 failures
INFO flwr 2023-08-19 15:32:36,617 | fed_df.py:463 | Performing server side distillation training...
[2m[36m(launch_and_fit pid=1839822)[0m Fitting Client 18
[2m[36m(launch_and_fit pid=1839824)[0m Fitting Client 2
[2m[36m(launch_and_fit pid=1839829)[0m Fitting Client 10
[2m[36m(launch_and_fit pid=1839827)[0m Fitting Client 14
[2m[36m(launch_and_fit pid=1839830)[0m Fitting Client 3
[2m[36m(launch_and_fit pid=1839828)[0m Fitting Client 15
[2m[36m(launch_and_fit pid=1839825)[0m Fitting Client 16
[2m[36m(launch_and_fit pid=1839826)[0m Fitting Client 13
[2m[36m(launch_and_fit pid=1839830)[0m malloc_consolidate(): invalid chunk size
[2m[36m(launch_and_fit pid=1839829)[0m double free or corruption (fasttop)
[2m[36m(launch_and_fit pid=1839828)[0m malloc_consolidate(): invalid chunk size
[2m[36m(launch_and_fit pid=1839824)[0m double free or corruption (fasttop)
[2m[36m(launch_and_fit pid=1839825)[0m malloc_consolidate(): invalid chunk size
[2m[36m(launch_and_fit pid=1839826)[0m malloc_consolidate(): invalid chunk size
[2m[36m(launch_and_fit pid=1839827)[0m malloc_consolidate(): invalid chunk size
E0819 15:32:38.721591946 1893201 chttp2_transport.cc:1079]             ipv4:145.136.62.14:42478: Received a GOAWAY with error code ENHANCE_YOUR_CALM and debug data equal to "too_many_pings". Current keepalive time (before throttling): ∞
INFO flwr 2023-08-19 15:33:24,031 | fed_df.py:540 | Distillation training stopped at step number : 250
INFO flwr 2023-08-19 15:33:24,032 | fed_df.py:547 | Average fusion training loss : 0.04394502414762974, val accuracy : 0.6224000000000001, best val accuracy : 0.6478
INFO flwr 2023-08-19 15:33:24,033 | common.py:35 | Avg. local train loss : 5.236696791648865, train acc : 0.7509333333333333
INFO flwr 2023-08-19 15:33:26,744 | server.py:116 | fit progress: (29, 1.2185063873291015, {'server_test_acc': 0.6347}, 2548.1042389022186)
INFO flwr 2023-08-19 15:33:26,744 | server.py:163 | evaluate_round 29: no clients selected, cancel
DEBUG flwr 2023-08-19 15:33:31,343 | server.py:215 | fit_round 30: strategy sampled 8 clients (out of 20)
DEBUG flwr 2023-08-19 15:34:03,423 | server.py:229 | fit_round 30 received 8 results and 0 failures
INFO flwr 2023-08-19 15:34:03,537 | fed_df.py:365 | Warm start at round 30
[2m[36m(launch_and_fit pid=1971302)[0m malloc_consolidate(): invalid chunk size
INFO flwr 2023-08-19 15:34:03,635 | fed_df.py:463 | Performing server side distillation training...
[2m[36m(launch_and_fit pid=1971300)[0m Fitting Client 4
[2m[36m(launch_and_fit pid=1971373)[0m Fitting Client 8
[2m[36m(launch_and_fit pid=1971303)[0m Fitting Client 10
[2m[36m(launch_and_fit pid=1971301)[0m Fitting Client 14
[2m[36m(launch_and_fit pid=1971304)[0m Fitting Client 19
[2m[36m(launch_and_fit pid=1971302)[0m Fitting Client 2
[2m[36m(launch_and_fit pid=1971374)[0m Fitting Client 9
[2m[36m(launch_and_fit pid=1971372)[0m Fitting Client 18
E0819 15:34:04.034588480 1893474 chttp2_transport.cc:1079]             ipv4:145.136.62.14:42478: Received a GOAWAY with error code ENHANCE_YOUR_CALM and debug data equal to "too_many_pings". Current keepalive time (before throttling): ∞
[2m[36m(launch_and_fit pid=1971373)[0m malloc_consolidate(): invalid chunk size
[2m[36m(launch_and_fit pid=1971300)[0m malloc_consolidate(): invalid chunk size
[2m[36m(launch_and_fit pid=1971301)[0m malloc_consolidate(): invalid chunk size
E0819 15:34:04.751975180 2022960 chttp2_transport.cc:1079]             ipv4:145.136.62.14:42478: Received a GOAWAY with error code ENHANCE_YOUR_CALM and debug data equal to "too_many_pings". Current keepalive time (before throttling): ∞
[2m[36m(launch_and_fit pid=1971304)[0m double free or corruption (fasttop)
[2m[36m(launch_and_fit pid=1971374)[0m malloc_consolidate(): invalid chunk size
[2m[36m(launch_and_fit pid=1971303)[0m double free or corruption (fasttop)
[2m[36m(launch_and_fit pid=1971372)[0m double free or corruption (fasttop)
INFO flwr 2023-08-19 15:34:50,941 | fed_df.py:540 | Distillation training stopped at step number : 250
INFO flwr 2023-08-19 15:34:50,941 | fed_df.py:547 | Average fusion training loss : 0.03722903748601675, val accuracy : 0.6182, best val accuracy : 0.6312
INFO flwr 2023-08-19 15:34:50,943 | common.py:35 | Avg. local train loss : 4.800548504292965, train acc : 0.79395
INFO flwr 2023-08-19 15:34:53,603 | server.py:116 | fit progress: (30, 1.2828197174072267, {'server_test_acc': 0.6174}, 2634.963636719156)
INFO flwr 2023-08-19 15:34:53,604 | server.py:163 | evaluate_round 30: no clients selected, cancel
INFO flwr 2023-08-19 15:34:53,604 | server.py:144 | FL finished in 2634.964029388968
INFO flwr 2023-08-19 15:34:53,604 | app.py:202 | app_fit: losses_distributed []
INFO flwr 2023-08-19 15:34:53,605 | app.py:203 | app_fit: metrics_distributed {}
INFO flwr 2023-08-19 15:34:53,605 | app.py:204 | app_fit: losses_centralized [(0, 2.319245477294922), (1, 1.8802344055175781), (2, 1.868425408935547), (3, 1.6024286254882814), (4, 1.4763639007568359), (5, 1.6420075744628906), (6, 1.6442220703125), (7, 1.4197209594726563), (8, 1.457622366333008), (9, 1.3759708648681641), (10, 1.3406435729980468), (11, 1.2311263122558593), (12, 1.2823594970703125), (13, 1.310666098022461), (14, 1.2332225036621094), (15, 1.2471846252441405), (16, 1.295784878540039), (17, 1.1859776641845703), (18, 1.2330976684570312), (19, 1.2273381408691406), (20, 1.1503783630371094), (21, 1.1581673278808593), (22, 1.2344384857177735), (23, 1.2554046508789063), (24, 1.1917352935791015), (25, 1.1650221588134766), (26, 1.1654765197753907), (27, 1.241943667602539), (28, 1.193810824584961), (29, 1.2185063873291015), (30, 1.2828197174072267)]
INFO flwr 2023-08-19 15:34:53,605 | app.py:205 | app_fit: metrics_centralized {'server_test_acc': [(0, 0.0811), (1, 0.3169), (2, 0.3553), (3, 0.4239), (4, 0.4962), (5, 0.444), (6, 0.4552), (7, 0.5273), (8, 0.5336), (9, 0.5566), (10, 0.5567), (11, 0.6012), (12, 0.5728), (13, 0.5798), (14, 0.6163), (15, 0.5999), (16, 0.5849), (17, 0.6205), (18, 0.6109), (19, 0.6001), (20, 0.6504), (21, 0.6558), (22, 0.615), (23, 0.6104), (24, 0.6305), (25, 0.6551), (26, 0.6565), (27, 0.6395), (28, 0.6486), (29, 0.6347), (30, 0.6174)]}
double free or corruption (fasttop)
srun: error: gcn14: task 0: Aborted
srun: Terminating StepId=3422099.1
-----EXPERIMENT ENDS-----
-----CLEANING UP DISK------
-----END-----

JOB STATISTICS
==============
Job ID: 3422099
Cluster: snellius
User/Group: sunnys/sunnys
State: COMPLETED (exit code 0)
Nodes: 1
Cores per node: 18
CPU Utilized: 01:51:10
CPU Efficiency: 12.71% of 14:34:30 core-walltime
Job Wall-clock time: 00:48:35
Memory Utilized: 50.48 GB
Memory Efficiency: 42.07% of 120.00 GB
