-----BEGIN-----
-----SETTINGS-----
TOTAL CROPS:100000
STRATEGY:feddf
MODEL_NAME:resnet8
NUM_CLIENTS:20
NUM_ROUNDS:30
FRACTION_FIT:0.4
FRACTION_EVALUATE:0.0
DATASET_NAME:cifar10
PARTITION_ALPHA:100.0
PARTITION_VAL_RATIO:0.1
BATCH_SIZE:512
LOCAL_EPOCHS:20
LOCAL_LR:0.01
DISTILL_BATCH_SIZE:512
SERVER_LR:0.005
SERVER_STEPS:250
SERVER_EARLY_STEPS:1000
USE_EARLY_STOPPING:False
USE_ADAPTIVE_LR:False
USE_ADAPTIVE_LR_ROUND:False
SEED:42
CUDA_DETERMINISTIC:False
USE_CROPS:True
IMG_NAME:ameyoko.jpg
DISTILL_DATASET:pathmnist
DISTILL_ALPHA:1.0
NUM_DISTILL_IMAGES:10000
DISTILL_TRANSFORMS:v0
WARM_START:True
WARM_START_ROUNDS:1
WARM_START_INTERVAL:1
KMEANS_N_CLUSTER:10
KMEANS_HEURISTICS:easy
KMEANS_MIXED_FACTOR:50-50
KMEANS_BALANCING:0.05
CONFIDENCE_THRESHOLD:0.1
CONFIDENCE_STRATEGY:top
CONFIDENCE_ADAPTIVE:True
CONFIDENCE_MAX_THRESH:0.5
CLIPPING_FACTOR:2.5
FEDPROX_FACTOR:0.0
FEDPROX_ADAPTIVE:False
USE_CLIPPING:True
USE_ENTROPY:False
USE_KMEANS:True
USE_FEDPROX:False
-----SETTINGS END-----
-----EXPERIMENT BEGINS-----
---------
Generating crops for FedDF
Namespace(img_size=32, batch_size=32, num_imgs=100000, threads=18, vflip=False, deg=30, shear=30, cropfirst=True, initcrop=0.5, scale=[500, 1], randinterp=False, debug=False, imgpath='./static/single_images/ameyoko.jpg', targetpath='/scratch-local/sunnys.3347577/1692127467_209068398', seed=42, img_per_thread=5555)
will save 100000 patches in /scratch-local/sunnys.3347577/1692127467_209068398/single_img_crops/crops
100000 took 0.69min with 18 threads
---------
Simulating feddf training
srun: Job 3347577 step creation temporarily disabled, retrying (Requested nodes are busy)
srun: Step created for StepId=3347577.1
INFO simulate 2023-08-15 21:25:25,842 | simulate.py:50 | Python script started : simulate.py
DEBUG simulate 2023-08-15 21:25:25,842 | simulate.py:55 | Reading args from argument parser
Downloading https://www.cs.toronto.edu/~kriz/cifar-10-python.tar.gz to /scratch-local/sunnys.3347577/1692127467_209068398/cifar-10-python.tar.gz
Extracting /scratch-local/sunnys.3347577/1692127467_209068398/cifar-10-python.tar.gz to /scratch-local/sunnys.3347577/1692127467_209068398
Generating unified cifar10 dataset
Class histogram for 0-th partition (alpha=100.0, 10 classes): [256 249 217 265 244 275 235 226 275 258]
INFO flwr 2023-08-15 21:26:14,384 | app.py:145 | Starting Flower simulation, config: ServerConfig(num_rounds=30, round_timeout=None)
2023-08-15 21:26:17,686	INFO worker.py:1529 -- Started a local Ray instance. View the dashboard at [1m[32m127.0.0.1:8265 [39m[22m
INFO flwr 2023-08-15 21:26:19,844 | app.py:179 | Flower VCE: Ray initialized with resources: {'CPU': 18.0, 'object_store_memory': 61847529062.0, 'accelerator_type:A100': 1.0, 'GPU': 1.0, 'memory': 103079215104.0, 'node:145.136.62.20': 1.0}
INFO flwr 2023-08-15 21:26:19,844 | server.py:86 | Initializing global parameters
INFO flwr 2023-08-15 21:26:19,844 | server.py:266 | Using initial parameters provided by strategy
INFO flwr 2023-08-15 21:26:19,845 | server.py:88 | Evaluating initial parameters
INFO flwr 2023-08-15 21:26:29,112 | server.py:91 | initial parameters (loss, other metrics): 2.3234217651367186, {'server_test_acc': 0.108}
INFO flwr 2023-08-15 21:26:29,113 | server.py:101 | FL starting
DEBUG flwr 2023-08-15 21:26:38,064 | server.py:215 | fit_round 1: strategy sampled 8 clients (out of 20)
[2m[36m(launch_and_fit pid=2317817)[0m malloc_consolidate(): invalid chunk size
DEBUG flwr 2023-08-15 21:27:33,607 | server.py:229 | fit_round 1 received 8 results and 0 failures
INFO flwr 2023-08-15 21:27:33,820 | fed_df.py:365 | Warm start at round 1
INFO flwr 2023-08-15 21:27:33,931 | fed_df.py:463 | Performing server side distillation training...
[2m[36m(launch_and_fit pid=2317808)[0m Fitting Client 8
[2m[36m(launch_and_fit pid=2317806)[0m Fitting Client 3
[2m[36m(launch_and_fit pid=2317807)[0m Fitting Client 7
[2m[36m(launch_and_fit pid=2317819)[0m Fitting Client 10
[2m[36m(launch_and_fit pid=2317813)[0m Fitting Client 14
[2m[36m(launch_and_fit pid=2317817)[0m Fitting Client 12
[2m[36m(launch_and_fit pid=2317820)[0m Fitting Client 5
[2m[36m(launch_and_fit pid=2317818)[0m Fitting Client 13
[2m[36m(launch_and_fit pid=2317806)[0m malloc_consolidate(): invalid chunk size
[2m[36m(launch_and_fit pid=2317818)[0m malloc_consolidate(): invalid chunk size
E0815 21:27:34.646740638 2311561 chttp2_transport.cc:1079]             ipv4:145.136.62.20:50417: Received a GOAWAY with error code ENHANCE_YOUR_CALM and debug data equal to "too_many_pings". Current keepalive time (before throttling): 60000ms
E0815 21:27:34.647262824 2311561 chttp2_transport.cc:1079]             ipv4:145.136.62.20:50417: Received a GOAWAY with error code ENHANCE_YOUR_CALM and debug data equal to "too_many_pings". Current keepalive time (before throttling): 60000ms
[2m[36m(launch_and_fit pid=2317813)[0m malloc_consolidate(): invalid chunk size
[2m[36m(launch_and_fit pid=2317820)[0m malloc_consolidate(): invalid chunk size
[2m[36m(launch_and_fit pid=2317819)[0m malloc_consolidate(): invalid chunk size
[2m[36m(launch_and_fit pid=2317808)[0m malloc_consolidate(): invalid chunk size
E0815 21:27:35.981892107 2412924 chttp2_transport.cc:1079]             ipv4:145.136.62.20:50417: Received a GOAWAY with error code ENHANCE_YOUR_CALM and debug data equal to "too_many_pings". Current keepalive time (before throttling): 120000ms
[2m[36m(launch_and_fit pid=2317807)[0m malloc_consolidate(): invalid chunk size
INFO flwr 2023-08-15 21:28:07,651 | fed_df.py:540 | Distillation training stopped at step number : 250
INFO flwr 2023-08-15 21:28:07,651 | fed_df.py:547 | Average fusion training loss : 0.02770892209559679, val accuracy : 0.43124, best val accuracy : 0.4522
INFO flwr 2023-08-15 21:28:07,652 | common.py:35 | Avg. local train loss : 8.676545514166355, train acc : 0.39965
INFO flwr 2023-08-15 21:28:10,416 | server.py:116 | fit progress: (1, 1.5632239929199219, {'server_test_acc': 0.4438}, 101.30287857027724)
INFO flwr 2023-08-15 21:28:10,416 | server.py:163 | evaluate_round 1: no clients selected, cancel
DEBUG flwr 2023-08-15 21:28:19,717 | server.py:215 | fit_round 2: strategy sampled 8 clients (out of 20)
[2m[36m(launch_and_fit pid=2464113)[0m malloc_consolidate(): invalid chunk size
DEBUG flwr 2023-08-15 21:29:10,704 | server.py:229 | fit_round 2 received 8 results and 0 failures
INFO flwr 2023-08-15 21:29:10,915 | fed_df.py:365 | Warm start at round 2
INFO flwr 2023-08-15 21:29:11,027 | fed_df.py:463 | Performing server side distillation training...
[2m[36m(launch_and_fit pid=2464113)[0m Fitting Client 8
[2m[36m(launch_and_fit pid=2464114)[0m Fitting Client 5
[2m[36m(launch_and_fit pid=2464118)[0m Fitting Client 13
[2m[36m(launch_and_fit pid=2464115)[0m Fitting Client 18
[2m[36m(launch_and_fit pid=2464117)[0m Fitting Client 10
[2m[36m(launch_and_fit pid=2464111)[0m Fitting Client 6
[2m[36m(launch_and_fit pid=2464116)[0m Fitting Client 17
[2m[36m(launch_and_fit pid=2464110)[0m Fitting Client 11
[2m[36m(launch_and_fit pid=2464111)[0m double free or corruption (fasttop)
[2m[36m(launch_and_fit pid=2464110)[0m malloc_consolidate(): invalid chunk size
[2m[36m(launch_and_fit pid=2464115)[0m malloc_consolidate(): invalid chunk size
[2m[36m(launch_and_fit pid=2464118)[0m malloc_consolidate(): invalid chunk size
[2m[36m(launch_and_fit pid=2464117)[0m malloc_consolidate(): invalid chunk size
[2m[36m(launch_and_fit pid=2464114)[0m double free or corruption (fasttop)
E0815 21:29:13.400233419 2413456 chttp2_transport.cc:1079]             ipv4:145.136.62.20:50417: Received a GOAWAY with error code ENHANCE_YOUR_CALM and debug data equal to "too_many_pings". Current keepalive time (before throttling): 240000ms
[2m[36m(launch_and_fit pid=2464116)[0m malloc_consolidate(): invalid chunk size
INFO flwr 2023-08-15 21:29:48,032 | fed_df.py:540 | Distillation training stopped at step number : 250
INFO flwr 2023-08-15 21:29:48,032 | fed_df.py:547 | Average fusion training loss : 0.018920383762568237, val accuracy : 0.5704800000000001, best val accuracy : 0.5766
INFO flwr 2023-08-15 21:29:48,034 | common.py:35 | Avg. local train loss : 7.266981316357851, train acc : 0.5508444444444445
INFO flwr 2023-08-15 21:29:51,027 | server.py:116 | fit progress: (2, 1.3912504760742188, {'server_test_acc': 0.572}, 201.91478964826092)
INFO flwr 2023-08-15 21:29:51,028 | server.py:163 | evaluate_round 2: no clients selected, cancel
DEBUG flwr 2023-08-15 21:30:00,592 | server.py:215 | fit_round 3: strategy sampled 8 clients (out of 20)
[2m[36m(launch_and_fit pid=2610806)[0m double free or corruption (fasttop)
[2m[36m(launch_and_fit pid=2610810)[0m malloc_consolidate(): invalid chunk size
DEBUG flwr 2023-08-15 21:30:51,200 | server.py:229 | fit_round 3 received 8 results and 0 failures
INFO flwr 2023-08-15 21:30:51,413 | fed_df.py:365 | Warm start at round 3
INFO flwr 2023-08-15 21:30:51,524 | fed_df.py:463 | Performing server side distillation training...
[2m[36m(launch_and_fit pid=2610806)[0m Fitting Client 2
[2m[36m(launch_and_fit pid=2610809)[0m Fitting Client 17
[2m[36m(launch_and_fit pid=2610810)[0m Fitting Client 7
[2m[36m(launch_and_fit pid=2610808)[0m Fitting Client 18
[2m[36m(launch_and_fit pid=2610813)[0m Fitting Client 4
[2m[36m(launch_and_fit pid=2610812)[0m Fitting Client 6
[2m[36m(launch_and_fit pid=2610807)[0m Fitting Client 5
[2m[36m(launch_and_fit pid=2610811)[0m Fitting Client 16
[2m[36m(launch_and_fit pid=2610811)[0m malloc_consolidate(): invalid chunk size
[2m[36m(launch_and_fit pid=2610812)[0m malloc_consolidate(): invalid chunk size
E0815 21:30:52.076112259 2560013 chttp2_transport.cc:1079]             ipv4:145.136.62.20:50417: Received a GOAWAY with error code ENHANCE_YOUR_CALM and debug data equal to "too_many_pings". Current keepalive time (before throttling): 480000ms
[2m[36m(launch_and_fit pid=2610813)[0m double free or corruption (fasttop)
[2m[36m(launch_and_fit pid=2610807)[0m malloc_consolidate(): invalid chunk size
[2m[36m(launch_and_fit pid=2610809)[0m double free or corruption (fasttop)
[2m[36m(launch_and_fit pid=2610808)[0m double free or corruption (fasttop)
INFO flwr 2023-08-15 21:31:28,395 | fed_df.py:540 | Distillation training stopped at step number : 250
INFO flwr 2023-08-15 21:31:28,396 | fed_df.py:547 | Average fusion training loss : 0.018794746540486813, val accuracy : 0.61868, best val accuracy : 0.6306
INFO flwr 2023-08-15 21:31:28,397 | common.py:35 | Avg. local train loss : 6.253255723044276, train acc : 0.6599694444444444
INFO flwr 2023-08-15 21:31:31,359 | server.py:116 | fit progress: (3, 1.357510110473633, {'server_test_acc': 0.6208}, 302.24598545907065)
INFO flwr 2023-08-15 21:31:31,359 | server.py:163 | evaluate_round 3: no clients selected, cancel
DEBUG flwr 2023-08-15 21:31:40,897 | server.py:215 | fit_round 4: strategy sampled 8 clients (out of 20)
[2m[36m(launch_and_fit pid=2757236)[0m malloc_consolidate(): invalid chunk size
[2m[36m(launch_and_fit pid=2757239)[0m double free or corruption (fasttop)
DEBUG flwr 2023-08-15 21:32:31,710 | server.py:229 | fit_round 4 received 8 results and 0 failures
[2m[36m(launch_and_fit pid=2757228)[0m malloc_consolidate(): invalid chunk size
[2m[36m(launch_and_fit pid=2757232)[0m malloc_consolidate(): invalid chunk size
INFO flwr 2023-08-15 21:32:31,927 | fed_df.py:365 | Warm start at round 4
INFO flwr 2023-08-15 21:32:32,038 | fed_df.py:463 | Performing server side distillation training...
[2m[36m(launch_and_fit pid=2757228)[0m Fitting Client 17
[2m[36m(launch_and_fit pid=2757232)[0m Fitting Client 10
[2m[36m(launch_and_fit pid=2757234)[0m Fitting Client 7
[2m[36m(launch_and_fit pid=2757235)[0m Fitting Client 1
[2m[36m(launch_and_fit pid=2757237)[0m Fitting Client 18
[2m[36m(launch_and_fit pid=2757236)[0m Fitting Client 13
[2m[36m(launch_and_fit pid=2757239)[0m Fitting Client 12
[2m[36m(launch_and_fit pid=2757238)[0m Fitting Client 0
[2m[36m(launch_and_fit pid=2757235)[0m malloc_consolidate(): invalid chunk size
[2m[36m(launch_and_fit pid=2757238)[0m malloc_consolidate(): invalid chunk size
E0815 21:32:33.023351810 2705300 chttp2_transport.cc:1079]             ipv4:145.136.62.20:50417: Received a GOAWAY with error code ENHANCE_YOUR_CALM and debug data equal to "too_many_pings". Current keepalive time (before throttling): 960000ms
[2m[36m(launch_and_fit pid=2757237)[0m double free or corruption (fasttop)
[2m[36m(launch_and_fit pid=2757234)[0m malloc_consolidate(): invalid chunk size
INFO flwr 2023-08-15 21:33:08,866 | fed_df.py:540 | Distillation training stopped at step number : 250
INFO flwr 2023-08-15 21:33:08,867 | fed_df.py:547 | Average fusion training loss : 0.01686238122358918, val accuracy : 0.65312, best val accuracy : 0.6592
INFO flwr 2023-08-15 21:33:08,868 | common.py:35 | Avg. local train loss : 5.702204934880137, train acc : 0.7181222222222223
INFO flwr 2023-08-15 21:33:11,800 | server.py:116 | fit progress: (4, 1.3831217468261718, {'server_test_acc': 0.6487}, 402.68731818906963)
INFO flwr 2023-08-15 21:33:11,800 | server.py:163 | evaluate_round 4: no clients selected, cancel
DEBUG flwr 2023-08-15 21:33:21,414 | server.py:215 | fit_round 5: strategy sampled 8 clients (out of 20)
[2m[36m(launch_and_fit pid=2903474)[0m double free or corruption (fasttop)
[2m[36m(launch_and_fit pid=2903481)[0m double free or corruption (fasttop)
DEBUG flwr 2023-08-15 21:34:10,934 | server.py:229 | fit_round 5 received 8 results and 0 failures
[2m[36m(launch_and_fit pid=2903482)[0m malloc_consolidate(): invalid chunk size
INFO flwr 2023-08-15 21:34:11,149 | fed_df.py:365 | Warm start at round 5
INFO flwr 2023-08-15 21:34:11,259 | fed_df.py:463 | Performing server side distillation training...
[2m[36m(launch_and_fit pid=2903476)[0m Fitting Client 12
[2m[36m(launch_and_fit pid=2903474)[0m Fitting Client 10
[2m[36m(launch_and_fit pid=2903478)[0m Fitting Client 8
[2m[36m(launch_and_fit pid=2903479)[0m Fitting Client 6
[2m[36m(launch_and_fit pid=2903482)[0m Fitting Client 14
[2m[36m(launch_and_fit pid=2903480)[0m Fitting Client 2
[2m[36m(launch_and_fit pid=2903481)[0m Fitting Client 9
[2m[36m(launch_and_fit pid=2903483)[0m Fitting Client 11
[2m[36m(launch_and_fit pid=2903479)[0m double free or corruption (fasttop)
[2m[36m(launch_and_fit pid=2903476)[0m double free or corruption (fasttop)
[2m[36m(launch_and_fit pid=2903480)[0m malloc_consolidate(): invalid chunk size
E0815 21:34:12.338776777 3000929 chttp2_transport.cc:1079]             ipv4:145.136.62.20:50417: Received a GOAWAY with error code ENHANCE_YOUR_CALM and debug data equal to "too_many_pings". Current keepalive time (before throttling): 1920000ms
[2m[36m(launch_and_fit pid=2903483)[0m malloc_consolidate(): invalid chunk size
[2m[36m(launch_and_fit pid=2903478)[0m malloc_consolidate(): invalid chunk size
INFO flwr 2023-08-15 21:34:48,690 | fed_df.py:540 | Distillation training stopped at step number : 250
INFO flwr 2023-08-15 21:34:48,691 | fed_df.py:547 | Average fusion training loss : 0.014506997613236308, val accuracy : 0.6770799999999999, best val accuracy : 0.6838
INFO flwr 2023-08-15 21:34:48,692 | common.py:35 | Avg. local train loss : 5.402018420398236, train acc : 0.7478944444444445
INFO flwr 2023-08-15 21:34:51,624 | server.py:116 | fit progress: (5, 1.4622511566162109, {'server_test_acc': 0.6784}, 502.51153403613716)
INFO flwr 2023-08-15 21:34:51,625 | server.py:163 | evaluate_round 5: no clients selected, cancel
DEBUG flwr 2023-08-15 21:35:01,424 | server.py:215 | fit_round 6: strategy sampled 8 clients (out of 20)
[2m[36m(launch_and_fit pid=3050038)[0m malloc_consolidate(): invalid chunk size
[2m[36m(launch_and_fit pid=3050039)[0m double free or corruption (fasttop)
[2m[36m(launch_and_fit pid=3050036)[0m double free or corruption (fasttop)
DEBUG flwr 2023-08-15 21:35:51,708 | server.py:229 | fit_round 6 received 8 results and 0 failures
INFO flwr 2023-08-15 21:35:51,923 | fed_df.py:365 | Warm start at round 6
INFO flwr 2023-08-15 21:35:52,034 | fed_df.py:463 | Performing server side distillation training...
[2m[36m(launch_and_fit pid=3050040)[0m Fitting Client 17
[2m[36m(launch_and_fit pid=3050038)[0m Fitting Client 2
[2m[36m(launch_and_fit pid=3050033)[0m Fitting Client 6
[2m[36m(launch_and_fit pid=3050035)[0m Fitting Client 12
[2m[36m(launch_and_fit pid=3050031)[0m Fitting Client 10
[2m[36m(launch_and_fit pid=3050037)[0m Fitting Client 15
[2m[36m(launch_and_fit pid=3050036)[0m Fitting Client 14
[2m[36m(launch_and_fit pid=3050039)[0m Fitting Client 4
[2m[36m(launch_and_fit pid=3050037)[0m malloc_consolidate(): invalid chunk size
[2m[36m(launch_and_fit pid=3050033)[0m double free or corruption (fasttop)
[2m[36m(launch_and_fit pid=3050035)[0m double free or corruption (fasttop)
[2m[36m(launch_and_fit pid=3050040)[0m double free or corruption (fasttop)
E0815 21:35:53.690236755 3152532 chttp2_transport.cc:1079]             ipv4:145.136.62.20:50417: Received a GOAWAY with error code ENHANCE_YOUR_CALM and debug data equal to "too_many_pings". Current keepalive time (before throttling): 3840000ms
[2m[36m(launch_and_fit pid=3050031)[0m malloc_consolidate(): invalid chunk size
INFO flwr 2023-08-15 21:36:29,745 | fed_df.py:540 | Distillation training stopped at step number : 250
INFO flwr 2023-08-15 21:36:29,745 | fed_df.py:547 | Average fusion training loss : 0.013990720760077239, val accuracy : 0.68064, best val accuracy : 0.6926
INFO flwr 2023-08-15 21:36:29,747 | common.py:35 | Avg. local train loss : 5.080388383194804, train acc : 0.7822194444444445
INFO flwr 2023-08-15 21:36:32,716 | server.py:116 | fit progress: (6, 1.5505906555175781, {'server_test_acc': 0.6908}, 603.6031033033505)
INFO flwr 2023-08-15 21:36:32,716 | server.py:163 | evaluate_round 6: no clients selected, cancel
DEBUG flwr 2023-08-15 21:36:42,287 | server.py:215 | fit_round 7: strategy sampled 8 clients (out of 20)
DEBUG flwr 2023-08-15 21:37:31,844 | server.py:229 | fit_round 7 received 8 results and 0 failures
INFO flwr 2023-08-15 21:37:32,058 | fed_df.py:365 | Warm start at round 7
[2m[36m(launch_and_fit pid=3216110)[0m corrupted size vs. prev_size in fastbins
[2m[36m(launch_and_fit pid=3216107)[0m double free or corruption (fasttop)
INFO flwr 2023-08-15 21:37:32,203 | fed_df.py:463 | Performing server side distillation training...
[2m[36m(launch_and_fit pid=3216105)[0m Fitting Client 7
[2m[36m(launch_and_fit pid=3216107)[0m Fitting Client 17
[2m[36m(launch_and_fit pid=3216111)[0m Fitting Client 8
[2m[36m(launch_and_fit pid=3216109)[0m Fitting Client 18
[2m[36m(launch_and_fit pid=3216110)[0m Fitting Client 13
[2m[36m(launch_and_fit pid=3216115)[0m Fitting Client 14
[2m[36m(launch_and_fit pid=3216117)[0m Fitting Client 9
[2m[36m(launch_and_fit pid=3216116)[0m Fitting Client 6
[2m[36m(launch_and_fit pid=3216111)[0m malloc_consolidate(): invalid chunk size
[2m[36m(launch_and_fit pid=3216109)[0m malloc_consolidate(): invalid chunk size
[2m[36m(launch_and_fit pid=3216115)[0m malloc_consolidate(): invalid chunk size
[2m[36m(launch_and_fit pid=3216105)[0m malloc_consolidate(): invalid chunk size
[2m[36m(launch_and_fit pid=3216116)[0m double free or corruption (fasttop)
[2m[36m(launch_and_fit pid=3216117)[0m double free or corruption (fasttop)
E0815 21:37:35.862418517 3324775 chttp2_transport.cc:1079]             ipv4:145.136.62.20:50417: Received a GOAWAY with error code ENHANCE_YOUR_CALM and debug data equal to "too_many_pings". Current keepalive time (before throttling): 7680000ms
E0815 21:38:04.956495890 3363481 chttp2_transport.cc:1079]             ipv4:145.136.62.20:50417: Received a GOAWAY with error code ENHANCE_YOUR_CALM and debug data equal to "too_many_pings". Current keepalive time (before throttling): 15360000ms
INFO flwr 2023-08-15 21:38:09,510 | fed_df.py:540 | Distillation training stopped at step number : 250
INFO flwr 2023-08-15 21:38:09,511 | fed_df.py:547 | Average fusion training loss : 0.015974647533148527, val accuracy : 0.69708, best val accuracy : 0.7036
INFO flwr 2023-08-15 21:38:09,512 | common.py:35 | Avg. local train loss : 4.994975173100829, train acc : 0.7952305555555554
INFO flwr 2023-08-15 21:38:12,473 | server.py:116 | fit progress: (7, 1.5857196746826172, {'server_test_acc': 0.7007}, 703.3599016224034)
INFO flwr 2023-08-15 21:38:12,473 | server.py:163 | evaluate_round 7: no clients selected, cancel
DEBUG flwr 2023-08-15 21:38:22,027 | server.py:215 | fit_round 8: strategy sampled 8 clients (out of 20)
[2m[36m(launch_and_fit pid=3371234)[0m malloc_consolidate(): invalid chunk size
DEBUG flwr 2023-08-15 21:39:11,944 | server.py:229 | fit_round 8 received 8 results and 0 failures
INFO flwr 2023-08-15 21:39:12,157 | fed_df.py:365 | Warm start at round 8
[2m[36m(launch_and_fit pid=3371235)[0m malloc_consolidate(): invalid chunk size
INFO flwr 2023-08-15 21:39:12,271 | fed_df.py:463 | Performing server side distillation training...
[2m[36m(launch_and_fit pid=3371232)[0m Fitting Client 16
[2m[36m(launch_and_fit pid=3371230)[0m Fitting Client 7
[2m[36m(launch_and_fit pid=3371226)[0m Fitting Client 11
[2m[36m(launch_and_fit pid=3371231)[0m Fitting Client 4
[2m[36m(launch_and_fit pid=3371233)[0m Fitting Client 1
[2m[36m(launch_and_fit pid=3371235)[0m Fitting Client 0
[2m[36m(launch_and_fit pid=3371234)[0m Fitting Client 12
[2m[36m(launch_and_fit pid=3371229)[0m Fitting Client 15
[2m[36m(launch_and_fit pid=3371232)[0m malloc_consolidate(): invalid chunk size
[2m[36m(launch_and_fit pid=3371226)[0m malloc_consolidate(): invalid chunk size
[2m[36m(launch_and_fit pid=3371229)[0m malloc_consolidate(): invalid chunk size
E0815 21:39:13.068053687 3364356 chttp2_transport.cc:1079]             ipv4:145.136.62.20:50417: Received a GOAWAY with error code ENHANCE_YOUR_CALM and debug data equal to "too_many_pings". Current keepalive time (before throttling): 30720000ms
[2m[36m(launch_and_fit pid=3371231)[0m malloc_consolidate(): invalid chunk size
[2m[36m(launch_and_fit pid=3371230)[0m malloc_consolidate(): invalid chunk size
[2m[36m(launch_and_fit pid=3371233)[0m malloc_consolidate(): invalid chunk size
INFO flwr 2023-08-15 21:39:49,473 | fed_df.py:540 | Distillation training stopped at step number : 250
INFO flwr 2023-08-15 21:39:49,473 | fed_df.py:547 | Average fusion training loss : 0.014864416173659266, val accuracy : 0.6980799999999999, best val accuracy : 0.7094
INFO flwr 2023-08-15 21:39:49,475 | common.py:35 | Avg. local train loss : 4.9359343137592075, train acc : 0.8051388888888888
INFO flwr 2023-08-15 21:39:52,443 | server.py:116 | fit progress: (8, 1.585119677734375, {'server_test_acc': 0.7075}, 803.3302707392722)
INFO flwr 2023-08-15 21:39:52,443 | server.py:163 | evaluate_round 8: no clients selected, cancel
DEBUG flwr 2023-08-15 21:40:02,154 | server.py:215 | fit_round 9: strategy sampled 8 clients (out of 20)
[2m[36m(launch_and_fit pid=3517772)[0m double free or corruption (fasttop)
[2m[36m(launch_and_fit pid=3517776)[0m malloc_consolidate(): invalid chunk size
[2m[36m(launch_and_fit pid=3517779)[0m malloc_consolidate(): invalid chunk size
DEBUG flwr 2023-08-15 21:40:51,882 | server.py:229 | fit_round 9 received 8 results and 0 failures
INFO flwr 2023-08-15 21:40:52,096 | fed_df.py:365 | Warm start at round 9
[2m[36m(launch_and_fit pid=3517773)[0m double free or corruption (fasttop)
INFO flwr 2023-08-15 21:40:52,211 | fed_df.py:463 | Performing server side distillation training...
[2m[36m(launch_and_fit pid=3517772)[0m Fitting Client 4
[2m[36m(launch_and_fit pid=3517776)[0m Fitting Client 6
[2m[36m(launch_and_fit pid=3517774)[0m Fitting Client 3
[2m[36m(launch_and_fit pid=3517775)[0m Fitting Client 5
[2m[36m(launch_and_fit pid=3517773)[0m Fitting Client 13
[2m[36m(launch_and_fit pid=3517777)[0m Fitting Client 14
[2m[36m(launch_and_fit pid=3517779)[0m Fitting Client 9
[2m[36m(launch_and_fit pid=3517778)[0m Fitting Client 2
[2m[36m(launch_and_fit pid=3517774)[0m double free or corruption (fasttop)
[2m[36m(launch_and_fit pid=3517775)[0m double free or corruption (fasttop)
[2m[36m(launch_and_fit pid=3517777)[0m double free or corruption (fasttop)
E0815 21:40:53.485198562 3617655 chttp2_transport.cc:1079]             ipv4:145.136.62.20:50417: Received a GOAWAY with error code ENHANCE_YOUR_CALM and debug data equal to "too_many_pings". Current keepalive time (before throttling): 61440000ms
[2m[36m(launch_and_fit pid=3517778)[0m malloc_consolidate(): invalid chunk size
INFO flwr 2023-08-15 21:41:29,383 | fed_df.py:540 | Distillation training stopped at step number : 250
INFO flwr 2023-08-15 21:41:29,383 | fed_df.py:547 | Average fusion training loss : 0.013839852447621525, val accuracy : 0.7128, best val accuracy : 0.722
INFO flwr 2023-08-15 21:41:29,385 | common.py:35 | Avg. local train loss : 4.857491774484515, train acc : 0.8150805555555557
INFO flwr 2023-08-15 21:41:32,391 | server.py:116 | fit progress: (9, 1.591845538330078, {'server_test_acc': 0.718}, 903.2783749783412)
INFO flwr 2023-08-15 21:41:32,391 | server.py:163 | evaluate_round 9: no clients selected, cancel
DEBUG flwr 2023-08-15 21:41:41,822 | server.py:215 | fit_round 10: strategy sampled 8 clients (out of 20)
[2m[36m(launch_and_fit pid=3664234)[0m corrupted size vs. prev_size in fastbins
[2m[36m(launch_and_fit pid=3664880)[0m malloc_consolidate(): invalid chunk size
[2m[36m(launch_and_fit pid=3664879)[0m malloc_consolidate(): invalid chunk size
DEBUG flwr 2023-08-15 21:42:32,053 | server.py:229 | fit_round 10 received 8 results and 0 failures
INFO flwr 2023-08-15 21:42:32,268 | fed_df.py:365 | Warm start at round 10
INFO flwr 2023-08-15 21:42:32,380 | fed_df.py:463 | Performing server side distillation training...
[2m[36m(launch_and_fit pid=3664234)[0m Fitting Client 14
[2m[36m(launch_and_fit pid=3664237)[0m Fitting Client 16
[2m[36m(launch_and_fit pid=3664501)[0m Fitting Client 8
[2m[36m(launch_and_fit pid=3664631)[0m Fitting Client 0
[2m[36m(launch_and_fit pid=3664879)[0m Fitting Client 17
[2m[36m(launch_and_fit pid=3664878)[0m Fitting Client 10
[2m[36m(launch_and_fit pid=3664880)[0m Fitting Client 12
[2m[36m(launch_and_fit pid=3664499)[0m Fitting Client 3
[2m[36m(launch_and_fit pid=3664237)[0m double free or corruption (fasttop)
[2m[36m(launch_and_fit pid=3664878)[0m malloc_consolidate(): invalid chunk size
[2m[36m(launch_and_fit pid=3664499)[0m malloc_consolidate(): invalid chunk size
[2m[36m(launch_and_fit pid=3664501)[0m malloc_consolidate(): invalid chunk size
E0815 21:42:33.987181127 3766254 chttp2_transport.cc:1079]             ipv4:145.136.62.20:50417: Received a GOAWAY with error code ENHANCE_YOUR_CALM and debug data equal to "too_many_pings". Current keepalive time (before throttling): 122880000ms
[2m[36m(launch_and_fit pid=3664631)[0m double free or corruption (fasttop)
INFO flwr 2023-08-15 21:43:09,138 | fed_df.py:540 | Distillation training stopped at step number : 250
INFO flwr 2023-08-15 21:43:09,139 | fed_df.py:547 | Average fusion training loss : 0.013897180248051881, val accuracy : 0.72008, best val accuracy : 0.7254
INFO flwr 2023-08-15 21:43:09,141 | common.py:35 | Avg. local train loss : 4.792702021077275, train acc : 0.8217444444444445
INFO flwr 2023-08-15 21:43:12,107 | server.py:116 | fit progress: (10, 1.6205184906005858, {'server_test_acc': 0.7264}, 1002.9946327554062)
INFO flwr 2023-08-15 21:43:12,108 | server.py:163 | evaluate_round 10: no clients selected, cancel
DEBUG flwr 2023-08-15 21:43:21,959 | server.py:215 | fit_round 11: strategy sampled 8 clients (out of 20)
[2m[36m(launch_and_fit pid=3812645)[0m double free or corruption (fasttop)
[2m[36m(launch_and_fit pid=3812644)[0m double free or corruption (fasttop)
DEBUG flwr 2023-08-15 21:44:11,224 | server.py:229 | fit_round 11 received 8 results and 0 failures
INFO flwr 2023-08-15 21:44:11,440 | fed_df.py:365 | Warm start at round 11
INFO flwr 2023-08-15 21:44:11,556 | fed_df.py:463 | Performing server side distillation training...
[2m[36m(launch_and_fit pid=3812645)[0m Fitting Client 2
[2m[36m(launch_and_fit pid=3812639)[0m Fitting Client 3
[2m[36m(launch_and_fit pid=3812640)[0m Fitting Client 10
[2m[36m(launch_and_fit pid=3812642)[0m Fitting Client 13
[2m[36m(launch_and_fit pid=3812644)[0m Fitting Client 7
[2m[36m(launch_and_fit pid=3812646)[0m Fitting Client 0
[2m[36m(launch_and_fit pid=3812637)[0m Fitting Client 8
[2m[36m(launch_and_fit pid=3812641)[0m Fitting Client 9
[2m[36m(launch_and_fit pid=3812642)[0m malloc_consolidate(): invalid chunk size
[2m[36m(launch_and_fit pid=3812640)[0m malloc_consolidate(): invalid chunk size
E0815 21:44:12.047408443 3767129 chttp2_transport.cc:1079]             ipv4:145.136.62.20:50417: Received a GOAWAY with error code ENHANCE_YOUR_CALM and debug data equal to "too_many_pings". Current keepalive time (before throttling): 245760000ms
[2m[36m(launch_and_fit pid=3812637)[0m malloc_consolidate(): invalid chunk size
[2m[36m(launch_and_fit pid=3812641)[0m malloc_consolidate(): invalid chunk size
[2m[36m(launch_and_fit pid=3812639)[0m double free or corruption (fasttop)
[2m[36m(launch_and_fit pid=3812646)[0m double free or corruption (fasttop)
INFO flwr 2023-08-15 21:44:53,458 | fed_df.py:540 | Distillation training stopped at step number : 250
INFO flwr 2023-08-15 21:44:53,458 | fed_df.py:547 | Average fusion training loss : 0.013656226457096637, val accuracy : 0.72828, best val accuracy : 0.7346
INFO flwr 2023-08-15 21:44:53,460 | common.py:35 | Avg. local train loss : 4.671247876062989, train acc : 0.8363694444444444
INFO flwr 2023-08-15 21:44:56,455 | server.py:116 | fit progress: (11, 1.6228863189697265, {'server_test_acc': 0.7324}, 1107.3426226861775)
INFO flwr 2023-08-15 21:44:56,456 | server.py:163 | evaluate_round 11: no clients selected, cancel
DEBUG flwr 2023-08-15 21:45:06,235 | server.py:215 | fit_round 12: strategy sampled 8 clients (out of 20)
[2m[36m(launch_and_fit pid=3966649)[0m malloc_consolidate(): invalid chunk size
[2m[36m(launch_and_fit pid=3966655)[0m double free or corruption (fasttop)
DEBUG flwr 2023-08-15 21:45:55,222 | server.py:229 | fit_round 12 received 8 results and 0 failures
INFO flwr 2023-08-15 21:45:55,437 | fed_df.py:365 | Warm start at round 12
INFO flwr 2023-08-15 21:45:55,550 | fed_df.py:463 | Performing server side distillation training...
[2m[36m(launch_and_fit pid=3966649)[0m Fitting Client 8
[2m[36m(launch_and_fit pid=3966657)[0m Fitting Client 5
[2m[36m(launch_and_fit pid=3966655)[0m Fitting Client 16
[2m[36m(launch_and_fit pid=3966788)[0m Fitting Client 3
[2m[36m(launch_and_fit pid=3966825)[0m Fitting Client 18
[2m[36m(launch_and_fit pid=3966925)[0m Fitting Client 4
[2m[36m(launch_and_fit pid=3966889)[0m Fitting Client 13
[2m[36m(launch_and_fit pid=3966924)[0m Fitting Client 10
[2m[36m(launch_and_fit pid=3966924)[0m malloc_consolidate(): invalid chunk size
[2m[36m(launch_and_fit pid=3966925)[0m malloc_consolidate(): invalid chunk size
[2m[36m(launch_and_fit pid=3966788)[0m malloc_consolidate(): invalid chunk size
[2m[36m(launch_and_fit pid=3966825)[0m malloc_consolidate(): invalid chunk size
[2m[36m(launch_and_fit pid=3966657)[0m malloc_consolidate(): invalid chunk size
[2m[36m(launch_and_fit pid=3966889)[0m malloc_consolidate(): invalid chunk size
INFO flwr 2023-08-15 21:46:32,727 | fed_df.py:540 | Distillation training stopped at step number : 250
INFO flwr 2023-08-15 21:46:32,728 | fed_df.py:547 | Average fusion training loss : 0.012315705775283277, val accuracy : 0.7342799999999999, best val accuracy : 0.7422
INFO flwr 2023-08-15 21:46:32,730 | common.py:35 | Avg. local train loss : 4.613326157629491, train acc : 0.8438444444444444
INFO flwr 2023-08-15 21:46:35,751 | server.py:116 | fit progress: (12, 1.6315000396728516, {'server_test_acc': 0.7394}, 1206.6386660570279)
INFO flwr 2023-08-15 21:46:35,752 | server.py:163 | evaluate_round 12: no clients selected, cancel
DEBUG flwr 2023-08-15 21:46:45,341 | server.py:215 | fit_round 13: strategy sampled 8 clients (out of 20)
DEBUG flwr 2023-08-15 21:47:33,778 | server.py:229 | fit_round 13 received 8 results and 0 failures
INFO flwr 2023-08-15 21:47:33,992 | fed_df.py:365 | Warm start at round 13
INFO flwr 2023-08-15 21:47:34,105 | fed_df.py:463 | Performing server side distillation training...
[2m[36m(launch_and_fit pid=4114275)[0m Fitting Client 11
[2m[36m(launch_and_fit pid=4114476)[0m Fitting Client 16
[2m[36m(launch_and_fit pid=4114477)[0m Fitting Client 8
[2m[36m(launch_and_fit pid=4114611)[0m Fitting Client 5
[2m[36m(launch_and_fit pid=4114235)[0m Fitting Client 6
[2m[36m(launch_and_fit pid=4114612)[0m Fitting Client 14
[2m[36m(launch_and_fit pid=4114613)[0m Fitting Client 4
[2m[36m(launch_and_fit pid=4114615)[0m Fitting Client 12
[2m[36m(launch_and_fit pid=4114476)[0m malloc_consolidate(): invalid chunk size
[2m[36m(launch_and_fit pid=4114275)[0m malloc_consolidate(): invalid chunk size
[2m[36m(launch_and_fit pid=4114613)[0m malloc_consolidate(): invalid chunk size
[2m[36m(launch_and_fit pid=4114235)[0m malloc_consolidate(): invalid chunk size
[2m[36m(launch_and_fit pid=4114615)[0m double free or corruption (fasttop)
[2m[36m(launch_and_fit pid=4114477)[0m double free or corruption (fasttop)
[2m[36m(launch_and_fit pid=4114611)[0m double free or corruption (fasttop)
[2m[36m(launch_and_fit pid=4114612)[0m malloc_consolidate(): invalid chunk size
E0815 21:47:37.667467278   18721 chttp2_transport.cc:1079]             ipv4:145.136.62.20:50417: Received a GOAWAY with error code ENHANCE_YOUR_CALM and debug data equal to "too_many_pings". Current keepalive time (before throttling): 491520000ms
INFO flwr 2023-08-15 21:48:10,698 | fed_df.py:540 | Distillation training stopped at step number : 250
INFO flwr 2023-08-15 21:48:10,698 | fed_df.py:547 | Average fusion training loss : 0.011959057256579399, val accuracy : 0.7314, best val accuracy : 0.7394
INFO flwr 2023-08-15 21:48:10,700 | common.py:35 | Avg. local train loss : 4.552309226617217, train acc : 0.849113888888889
INFO flwr 2023-08-15 21:48:13,755 | server.py:116 | fit progress: (13, 1.6509808898925782, {'server_test_acc': 0.7402}, 1304.6422233381309)
INFO flwr 2023-08-15 21:48:13,755 | server.py:163 | evaluate_round 13: no clients selected, cancel
DEBUG flwr 2023-08-15 21:48:23,402 | server.py:215 | fit_round 14: strategy sampled 8 clients (out of 20)
[2m[36m(launch_and_fit pid=68806)[0m malloc_consolidate(): invalid chunk size
[2m[36m(launch_and_fit pid=68795)[0m double free or corruption (fasttop)
[2m[36m(launch_and_fit pid=68774)[0m malloc_consolidate(): invalid chunk size
DEBUG flwr 2023-08-15 21:49:12,059 | server.py:229 | fit_round 14 received 8 results and 0 failures
INFO flwr 2023-08-15 21:49:12,273 | fed_df.py:365 | Warm start at round 14
INFO flwr 2023-08-15 21:49:12,416 | fed_df.py:463 | Performing server side distillation training...
[2m[36m(launch_and_fit pid=68795)[0m Fitting Client 15
[2m[36m(launch_and_fit pid=68769)[0m Fitting Client 10
[2m[36m(launch_and_fit pid=68774)[0m Fitting Client 0
[2m[36m(launch_and_fit pid=68804)[0m Fitting Client 5
[2m[36m(launch_and_fit pid=68777)[0m Fitting Client 19
[2m[36m(launch_and_fit pid=68806)[0m Fitting Client 3
[2m[36m(launch_and_fit pid=68796)[0m Fitting Client 14
[2m[36m(launch_and_fit pid=68810)[0m Fitting Client 12
[2m[36m(launch_and_fit pid=68804)[0m malloc_consolidate(): invalid chunk size
[2m[36m(launch_and_fit pid=68796)[0m malloc_consolidate(): invalid chunk size
[2m[36m(launch_and_fit pid=68777)[0m malloc_consolidate(): invalid chunk size
E0815 21:49:13.412415618   21131 chttp2_transport.cc:1079]             ipv4:145.136.62.20:50417: Received a GOAWAY with error code ENHANCE_YOUR_CALM and debug data equal to "too_many_pings". Current keepalive time (before throttling): 983040000ms
[2m[36m(launch_and_fit pid=68769)[0m double free or corruption (fasttop)
INFO flwr 2023-08-15 21:49:49,022 | fed_df.py:540 | Distillation training stopped at step number : 250
INFO flwr 2023-08-15 21:49:49,023 | fed_df.py:547 | Average fusion training loss : 0.013950498630292714, val accuracy : 0.7434399999999999, best val accuracy : 0.7506
INFO flwr 2023-08-15 21:49:49,024 | common.py:35 | Avg. local train loss : 4.4450834460556505, train acc : 0.85675
INFO flwr 2023-08-15 21:49:51,993 | server.py:116 | fit progress: (14, 1.5967969451904296, {'server_test_acc': 0.7421}, 1402.8801406631246)
INFO flwr 2023-08-15 21:49:51,993 | server.py:163 | evaluate_round 14: no clients selected, cancel
DEBUG flwr 2023-08-15 21:50:01,508 | server.py:215 | fit_round 15: strategy sampled 8 clients (out of 20)
[2m[36m(launch_and_fit pid=216961)[0m double free or corruption (fasttop)
DEBUG flwr 2023-08-15 21:50:49,998 | server.py:229 | fit_round 15 received 8 results and 0 failures
[2m[36m(launch_and_fit pid=216960)[0m malloc_consolidate(): invalid chunk size
[2m[36m(launch_and_fit pid=216962)[0m malloc_consolidate(): invalid chunk size
INFO flwr 2023-08-15 21:50:50,212 | fed_df.py:365 | Warm start at round 15
INFO flwr 2023-08-15 21:50:50,323 | fed_df.py:463 | Performing server side distillation training...
[2m[36m(launch_and_fit pid=216960)[0m Fitting Client 1
[2m[36m(launch_and_fit pid=216961)[0m Fitting Client 9
[2m[36m(launch_and_fit pid=216962)[0m Fitting Client 7
[2m[36m(launch_and_fit pid=216971)[0m Fitting Client 18
[2m[36m(launch_and_fit pid=216973)[0m Fitting Client 2
[2m[36m(launch_and_fit pid=216970)[0m Fitting Client 16
[2m[36m(launch_and_fit pid=216968)[0m Fitting Client 11
[2m[36m(launch_and_fit pid=216972)[0m Fitting Client 17
[2m[36m(launch_and_fit pid=216973)[0m double free or corruption (fasttop)
[2m[36m(launch_and_fit pid=216968)[0m double free or corruption (fasttop)
[2m[36m(launch_and_fit pid=216970)[0m malloc_consolidate(): invalid chunk size
[2m[36m(launch_and_fit pid=216972)[0m malloc_consolidate(): invalid chunk size
INFO flwr 2023-08-15 21:51:26,983 | fed_df.py:540 | Distillation training stopped at step number : 250
INFO flwr 2023-08-15 21:51:26,984 | fed_df.py:547 | Average fusion training loss : 0.013572758698835969, val accuracy : 0.73804, best val accuracy : 0.7556
INFO flwr 2023-08-15 21:51:26,986 | common.py:35 | Avg. local train loss : 4.51746811196208, train acc : 0.8483416666666665
INFO flwr 2023-08-15 21:51:29,986 | server.py:116 | fit progress: (15, 1.6463229400634765, {'server_test_acc': 0.741}, 1500.8737145802006)
INFO flwr 2023-08-15 21:51:29,987 | server.py:163 | evaluate_round 15: no clients selected, cancel
DEBUG flwr 2023-08-15 21:51:39,901 | server.py:215 | fit_round 16: strategy sampled 8 clients (out of 20)
[2m[36m(launch_and_fit pid=369367)[0m malloc_consolidate(): invalid chunk size
[2m[36m(launch_and_fit pid=369017)[0m malloc_consolidate(): invalid chunk size
[2m[36m(launch_and_fit pid=368960)[0m malloc_consolidate(): invalid chunk size
DEBUG flwr 2023-08-15 21:52:28,498 | server.py:229 | fit_round 16 received 8 results and 0 failures
INFO flwr 2023-08-15 21:52:28,712 | fed_df.py:365 | Warm start at round 16
INFO flwr 2023-08-15 21:52:28,821 | fed_df.py:463 | Performing server side distillation training...
[2m[36m(launch_and_fit pid=369367)[0m Fitting Client 8
[2m[36m(launch_and_fit pid=368910)[0m Fitting Client 2
[2m[36m(launch_and_fit pid=368960)[0m Fitting Client 17
[2m[36m(launch_and_fit pid=369017)[0m Fitting Client 18
[2m[36m(launch_and_fit pid=369456)[0m Fitting Client 15
[2m[36m(launch_and_fit pid=368959)[0m Fitting Client 4
[2m[36m(launch_and_fit pid=369469)[0m Fitting Client 16
[2m[36m(launch_and_fit pid=369467)[0m Fitting Client 19
[2m[36m(launch_and_fit pid=368910)[0m malloc_consolidate(): invalid chunk size
[2m[36m(launch_and_fit pid=369469)[0m double free or corruption (fasttop)
[2m[36m(launch_and_fit pid=369467)[0m double free or corruption (fasttop)
[2m[36m(launch_and_fit pid=368959)[0m double free or corruption (fasttop)
[2m[36m(launch_and_fit pid=369456)[0m malloc_consolidate(): invalid chunk size
E0815 21:52:31.183156002  476456 chttp2_transport.cc:1079]             ipv4:145.136.62.20:50417: Received a GOAWAY with error code ENHANCE_YOUR_CALM and debug data equal to "too_many_pings". Current keepalive time (before throttling): 1966080000ms
INFO flwr 2023-08-15 21:53:05,748 | fed_df.py:540 | Distillation training stopped at step number : 250
INFO flwr 2023-08-15 21:53:05,748 | fed_df.py:547 | Average fusion training loss : 0.011704436947591603, val accuracy : 0.74184, best val accuracy : 0.7532
INFO flwr 2023-08-15 21:53:05,750 | common.py:35 | Avg. local train loss : 4.3513891562819484, train acc : 0.8674027777777779
INFO flwr 2023-08-15 21:53:08,864 | server.py:116 | fit progress: (16, 1.6922082611083984, {'server_test_acc': 0.7489}, 1599.751239770092)
INFO flwr 2023-08-15 21:53:08,864 | server.py:163 | evaluate_round 16: no clients selected, cancel
DEBUG flwr 2023-08-15 21:53:18,574 | server.py:215 | fit_round 17: strategy sampled 8 clients (out of 20)
[2m[36m(launch_and_fit pid=542414)[0m malloc_consolidate(): invalid chunk size
DEBUG flwr 2023-08-15 21:54:06,821 | server.py:229 | fit_round 17 received 8 results and 0 failures
INFO flwr 2023-08-15 21:54:07,036 | fed_df.py:365 | Warm start at round 17
INFO flwr 2023-08-15 21:54:07,168 | fed_df.py:463 | Performing server side distillation training...
[2m[36m(launch_and_fit pid=542414)[0m Fitting Client 13
[2m[36m(launch_and_fit pid=542415)[0m Fitting Client 17
[2m[36m(launch_and_fit pid=542301)[0m Fitting Client 16
[2m[36m(launch_and_fit pid=542566)[0m Fitting Client 10
[2m[36m(launch_and_fit pid=542417)[0m Fitting Client 6
[2m[36m(launch_and_fit pid=542568)[0m Fitting Client 19
[2m[36m(launch_and_fit pid=542532)[0m Fitting Client 9
[2m[36m(launch_and_fit pid=542567)[0m Fitting Client 18
[2m[36m(launch_and_fit pid=542566)[0m double free or corruption (fasttop)
[2m[36m(launch_and_fit pid=542417)[0m malloc_consolidate(): invalid chunk size
[2m[36m(launch_and_fit pid=542415)[0m double free or corruption (fasttop)
[2m[36m(launch_and_fit pid=542568)[0m malloc_consolidate(): invalid chunk size
[2m[36m(launch_and_fit pid=542567)[0m malloc_consolidate(): invalid chunk size
[2m[36m(launch_and_fit pid=542301)[0m malloc_consolidate(): invalid chunk size
[2m[36m(launch_and_fit pid=542532)[0m double free or corruption (fasttop)
INFO flwr 2023-08-15 21:54:49,034 | fed_df.py:540 | Distillation training stopped at step number : 250
INFO flwr 2023-08-15 21:54:49,034 | fed_df.py:547 | Average fusion training loss : 0.016191088505089282, val accuracy : 0.7514, best val accuracy : 0.7582
INFO flwr 2023-08-15 21:54:49,036 | common.py:35 | Avg. local train loss : 4.295185859501362, train acc : 0.8723222222222222
INFO flwr 2023-08-15 21:54:52,104 | server.py:116 | fit progress: (17, 1.5790369750976563, {'server_test_acc': 0.7585}, 1702.99106231099)
INFO flwr 2023-08-15 21:54:52,104 | server.py:163 | evaluate_round 17: no clients selected, cancel
DEBUG flwr 2023-08-15 21:55:01,658 | server.py:215 | fit_round 18: strategy sampled 8 clients (out of 20)
[2m[36m(launch_and_fit pid=695525)[0m double free or corruption (fasttop)
DEBUG flwr 2023-08-15 21:55:50,962 | server.py:229 | fit_round 18 received 8 results and 0 failures
INFO flwr 2023-08-15 21:55:51,178 | fed_df.py:365 | Warm start at round 18
INFO flwr 2023-08-15 21:55:51,309 | fed_df.py:463 | Performing server side distillation training...
[2m[36m(launch_and_fit pid=695525)[0m Fitting Client 11
[2m[36m(launch_and_fit pid=695613)[0m Fitting Client 16
[2m[36m(launch_and_fit pid=695755)[0m Fitting Client 18
[2m[36m(launch_and_fit pid=695612)[0m Fitting Client 14
[2m[36m(launch_and_fit pid=695892)[0m Fitting Client 1
[2m[36m(launch_and_fit pid=695891)[0m Fitting Client 17
[2m[36m(launch_and_fit pid=695759)[0m Fitting Client 3
[2m[36m(launch_and_fit pid=695857)[0m Fitting Client 15
[2m[36m(launch_and_fit pid=695892)[0m malloc_consolidate(): invalid chunk size
[2m[36m(launch_and_fit pid=695759)[0m malloc_consolidate(): invalid chunk size
[2m[36m(launch_and_fit pid=695857)[0m malloc_consolidate(): invalid chunk size
[2m[36m(launch_and_fit pid=695613)[0m double free or corruption (fasttop)
[2m[36m(launch_and_fit pid=695891)[0m malloc_consolidate(): invalid chunk size
[2m[36m(launch_and_fit pid=695612)[0m double free or corruption (fasttop)
[2m[36m(launch_and_fit pid=695755)[0m malloc_consolidate(): invalid chunk size
INFO flwr 2023-08-15 21:56:33,499 | fed_df.py:540 | Distillation training stopped at step number : 250
INFO flwr 2023-08-15 21:56:33,499 | fed_df.py:547 | Average fusion training loss : 0.013138405937701464, val accuracy : 0.74444, best val accuracy : 0.7542
INFO flwr 2023-08-15 21:56:33,502 | common.py:35 | Avg. local train loss : 4.342346419766545, train acc : 0.8683361111111111
INFO flwr 2023-08-15 21:56:36,571 | server.py:116 | fit progress: (18, 1.6346228637695313, {'server_test_acc': 0.7553}, 1807.4586682002991)
INFO flwr 2023-08-15 21:56:36,572 | server.py:163 | evaluate_round 18: no clients selected, cancel
DEBUG flwr 2023-08-15 21:56:46,144 | server.py:215 | fit_round 19: strategy sampled 8 clients (out of 20)
[2m[36m(launch_and_fit pid=852597)[0m double free or corruption (fasttop)
[2m[36m(launch_and_fit pid=852598)[0m malloc_consolidate(): invalid chunk size
[2m[36m(launch_and_fit pid=852647)[0m malloc_consolidate(): invalid chunk size
DEBUG flwr 2023-08-15 21:57:35,926 | server.py:229 | fit_round 19 received 8 results and 0 failures
[2m[36m(launch_and_fit pid=852644)[0m malloc_consolidate(): invalid chunk size
INFO flwr 2023-08-15 21:57:36,143 | fed_df.py:365 | Warm start at round 19
INFO flwr 2023-08-15 21:57:36,253 | fed_df.py:463 | Performing server side distillation training...
[2m[36m(launch_and_fit pid=852598)[0m Fitting Client 10
[2m[36m(launch_and_fit pid=852597)[0m Fitting Client 0
[2m[36m(launch_and_fit pid=852636)[0m Fitting Client 17
[2m[36m(launch_and_fit pid=852639)[0m Fitting Client 16
[2m[36m(launch_and_fit pid=852638)[0m Fitting Client 7
[2m[36m(launch_and_fit pid=852644)[0m Fitting Client 18
[2m[36m(launch_and_fit pid=852647)[0m Fitting Client 1
[2m[36m(launch_and_fit pid=852645)[0m Fitting Client 11
E0815 21:57:36.741025608  477104 chttp2_transport.cc:1079]             ipv4:145.136.62.20:50417: Received a GOAWAY with error code ENHANCE_YOUR_CALM and debug data equal to "too_many_pings". Current keepalive time (before throttling): ∞
[2m[36m(launch_and_fit pid=852636)[0m double free or corruption (fasttop)
[2m[36m(launch_and_fit pid=852645)[0m malloc_consolidate(): invalid chunk size
[2m[36m(launch_and_fit pid=852639)[0m malloc_consolidate(): invalid chunk size
[2m[36m(launch_and_fit pid=852638)[0m double free or corruption (fasttop)
E0815 21:57:38.533496238  935971 chttp2_transport.cc:1079]             ipv4:145.136.62.20:50417: Received a GOAWAY with error code ENHANCE_YOUR_CALM and debug data equal to "too_many_pings". Current keepalive time (before throttling): ∞
INFO flwr 2023-08-15 21:58:13,206 | fed_df.py:540 | Distillation training stopped at step number : 250
INFO flwr 2023-08-15 21:58:13,206 | fed_df.py:547 | Average fusion training loss : 0.015504519671201707, val accuracy : 0.75284, best val accuracy : 0.764
INFO flwr 2023-08-15 21:58:13,208 | common.py:35 | Avg. local train loss : 4.268572587147355, train acc : 0.875875
INFO flwr 2023-08-15 21:58:16,465 | server.py:116 | fit progress: (19, 1.6409905212402345, {'server_test_acc': 0.7594}, 1907.3524931049906)
INFO flwr 2023-08-15 21:58:16,465 | server.py:163 | evaluate_round 19: no clients selected, cancel
DEBUG flwr 2023-08-15 21:58:26,004 | server.py:215 | fit_round 20: strategy sampled 8 clients (out of 20)
[2m[36m(launch_and_fit pid=997693)[0m malloc_consolidate(): invalid chunk size
[2m[36m(launch_and_fit pid=997692)[0m malloc_consolidate(): invalid chunk size
DEBUG flwr 2023-08-15 21:59:15,267 | server.py:229 | fit_round 20 received 8 results and 0 failures
INFO flwr 2023-08-15 21:59:15,481 | fed_df.py:365 | Warm start at round 20
INFO flwr 2023-08-15 21:59:15,593 | fed_df.py:463 | Performing server side distillation training...
[2m[36m(launch_and_fit pid=997693)[0m Fitting Client 1
[2m[36m(launch_and_fit pid=997692)[0m Fitting Client 7
[2m[36m(launch_and_fit pid=997699)[0m Fitting Client 19
[2m[36m(launch_and_fit pid=997957)[0m Fitting Client 16
[2m[36m(launch_and_fit pid=998091)[0m Fitting Client 8
[2m[36m(launch_and_fit pid=997837)[0m Fitting Client 2
[2m[36m(launch_and_fit pid=998092)[0m Fitting Client 10
[2m[36m(launch_and_fit pid=998090)[0m Fitting Client 3
[2m[36m(launch_and_fit pid=997699)[0m malloc_consolidate(): invalid chunk size
[2m[36m(launch_and_fit pid=998091)[0m malloc_consolidate(): invalid chunk size
E0815 21:59:16.234693624  936307 chttp2_transport.cc:1079]             ipv4:145.136.62.20:50417: Received a GOAWAY with error code ENHANCE_YOUR_CALM and debug data equal to "too_many_pings". Current keepalive time (before throttling): ∞
[2m[36m(launch_and_fit pid=998090)[0m malloc_consolidate(): invalid chunk size
[2m[36m(launch_and_fit pid=997837)[0m malloc_consolidate(): invalid chunk size
[2m[36m(launch_and_fit pid=997957)[0m double free or corruption (fasttop)
[2m[36m(launch_and_fit pid=998092)[0m malloc_consolidate(): invalid chunk size
INFO flwr 2023-08-15 21:59:52,757 | fed_df.py:540 | Distillation training stopped at step number : 250
INFO flwr 2023-08-15 21:59:52,757 | fed_df.py:547 | Average fusion training loss : 0.017026707340031862, val accuracy : 0.75868, best val accuracy : 0.7648
INFO flwr 2023-08-15 21:59:52,759 | common.py:35 | Avg. local train loss : 4.210643020272255, train acc : 0.8798249999999999
INFO flwr 2023-08-15 21:59:55,991 | server.py:116 | fit progress: (20, 1.5822381866455077, {'server_test_acc': 0.7589}, 2006.8785366630182)
INFO flwr 2023-08-15 21:59:55,991 | server.py:163 | evaluate_round 20: no clients selected, cancel
DEBUG flwr 2023-08-15 22:00:05,543 | server.py:215 | fit_round 21: strategy sampled 8 clients (out of 20)
[2m[36m(launch_and_fit pid=1145884)[0m double free or corruption (fasttop)
[2m[36m(launch_and_fit pid=1145632)[0m malloc_consolidate(): invalid chunk size
[2m[36m(launch_and_fit pid=1145886)[0m malloc_consolidate(): invalid chunk size
DEBUG flwr 2023-08-15 22:00:54,094 | server.py:229 | fit_round 21 received 8 results and 0 failures
INFO flwr 2023-08-15 22:00:54,308 | fed_df.py:365 | Warm start at round 21
INFO flwr 2023-08-15 22:00:54,422 | fed_df.py:463 | Performing server side distillation training...
[2m[36m(launch_and_fit pid=1145887)[0m corrupted size vs. prev_size in fastbins
[2m[36m(launch_and_fit pid=1145632)[0m Fitting Client 8
[2m[36m(launch_and_fit pid=1145884)[0m Fitting Client 15
[2m[36m(launch_and_fit pid=1145887)[0m Fitting Client 4
[2m[36m(launch_and_fit pid=1145906)[0m Fitting Client 12
[2m[36m(launch_and_fit pid=1145907)[0m Fitting Client 7
[2m[36m(launch_and_fit pid=1145888)[0m Fitting Client 18
[2m[36m(launch_and_fit pid=1145886)[0m Fitting Client 6
[2m[36m(launch_and_fit pid=1145889)[0m Fitting Client 3
[2m[36m(launch_and_fit pid=1145906)[0m malloc_consolidate(): invalid chunk size
[2m[36m(launch_and_fit pid=1145889)[0m double free or corruption (fasttop)
[2m[36m(launch_and_fit pid=1145907)[0m malloc_consolidate(): invalid chunk size
E0815 22:00:55.828466218 1228247 chttp2_transport.cc:1079]             ipv4:145.136.62.20:50417: Received a GOAWAY with error code ENHANCE_YOUR_CALM and debug data equal to "too_many_pings". Current keepalive time (before throttling): ∞
[2m[36m(launch_and_fit pid=1145888)[0m malloc_consolidate(): invalid chunk size
E0815 22:01:29.181062972 1228382 chttp2_transport.cc:1079]             ipv4:145.136.62.20:50417: Received a GOAWAY with error code ENHANCE_YOUR_CALM and debug data equal to "too_many_pings". Current keepalive time (before throttling): ∞
INFO flwr 2023-08-15 22:01:31,787 | fed_df.py:540 | Distillation training stopped at step number : 250
INFO flwr 2023-08-15 22:01:31,788 | fed_df.py:547 | Average fusion training loss : 0.013654881311580538, val accuracy : 0.7580800000000001, best val accuracy : 0.7664
INFO flwr 2023-08-15 22:01:31,789 | common.py:35 | Avg. local train loss : 4.262172697111964, train acc : 0.8758
INFO flwr 2023-08-15 22:01:34,893 | server.py:116 | fit progress: (21, 1.5666633117675781, {'server_test_acc': 0.7595}, 2105.7806009440683)
INFO flwr 2023-08-15 22:01:34,894 | server.py:163 | evaluate_round 21: no clients selected, cancel
DEBUG flwr 2023-08-15 22:01:44,383 | server.py:215 | fit_round 22: strategy sampled 8 clients (out of 20)
[2m[36m(launch_and_fit pid=1293195)[0m malloc_consolidate(): invalid chunk size
DEBUG flwr 2023-08-15 22:02:33,840 | server.py:229 | fit_round 22 received 8 results and 0 failures
INFO flwr 2023-08-15 22:02:34,056 | fed_df.py:365 | Warm start at round 22
INFO flwr 2023-08-15 22:02:34,169 | fed_df.py:463 | Performing server side distillation training...
[2m[36m(launch_and_fit pid=1293195)[0m Fitting Client 17
[2m[36m(launch_and_fit pid=1293177)[0m Fitting Client 6
[2m[36m(launch_and_fit pid=1293194)[0m Fitting Client 3
[2m[36m(launch_and_fit pid=1293327)[0m Fitting Client 19
[2m[36m(launch_and_fit pid=1293459)[0m Fitting Client 5
[2m[36m(launch_and_fit pid=1293196)[0m Fitting Client 13
[2m[36m(launch_and_fit pid=1293462)[0m Fitting Client 18
[2m[36m(launch_and_fit pid=1293461)[0m Fitting Client 15
[2m[36m(launch_and_fit pid=1293177)[0m malloc_consolidate(): invalid chunk size
[2m[36m(launch_and_fit pid=1293327)[0m malloc_consolidate(): invalid chunk size
[2m[36m(launch_and_fit pid=1293462)[0m double free or corruption (fasttop)
E0815 22:02:34.856100318 1267716 chttp2_transport.cc:1079]             ipv4:145.136.62.20:50417: Received a GOAWAY with error code ENHANCE_YOUR_CALM and debug data equal to "too_many_pings". Current keepalive time (before throttling): ∞
[2m[36m(launch_and_fit pid=1293194)[0m malloc_consolidate(): invalid chunk size
[2m[36m(launch_and_fit pid=1293461)[0m malloc_consolidate(): invalid chunk size
[2m[36m(launch_and_fit pid=1293459)[0m malloc_consolidate(): invalid chunk size
[2m[36m(launch_and_fit pid=1293196)[0m double free or corruption (fasttop)
INFO flwr 2023-08-15 22:03:11,215 | fed_df.py:540 | Distillation training stopped at step number : 250
INFO flwr 2023-08-15 22:03:11,216 | fed_df.py:547 | Average fusion training loss : 0.014887840932235122, val accuracy : 0.76144, best val accuracy : 0.7674
INFO flwr 2023-08-15 22:03:11,217 | common.py:35 | Avg. local train loss : 4.151753921434283, train acc : 0.884713888888889
INFO flwr 2023-08-15 22:03:14,241 | server.py:116 | fit progress: (22, 1.5622967041015625, {'server_test_acc': 0.7675}, 2205.1285575651564)
INFO flwr 2023-08-15 22:03:14,242 | server.py:163 | evaluate_round 22: no clients selected, cancel
DEBUG flwr 2023-08-15 22:03:24,010 | server.py:215 | fit_round 23: strategy sampled 8 clients (out of 20)
[2m[36m(launch_and_fit pid=1441279)[0m double free or corruption (fasttop)
DEBUG flwr 2023-08-15 22:04:13,214 | server.py:229 | fit_round 23 received 8 results and 0 failures
[2m[36m(launch_and_fit pid=1441274)[0m double free or corruption (fasttop)
INFO flwr 2023-08-15 22:04:13,431 | fed_df.py:365 | Warm start at round 23
[2m[36m(launch_and_fit pid=1441013)[0m malloc_consolidate(): invalid chunk size
INFO flwr 2023-08-15 22:04:13,544 | fed_df.py:463 | Performing server side distillation training...
[2m[36m(launch_and_fit pid=1441013)[0m Fitting Client 14
[2m[36m(launch_and_fit pid=1441277)[0m Fitting Client 11
[2m[36m(launch_and_fit pid=1441278)[0m Fitting Client 5
[2m[36m(launch_and_fit pid=1441047)[0m Fitting Client 1
[2m[36m(launch_and_fit pid=1441279)[0m Fitting Client 15
[2m[36m(launch_and_fit pid=1441275)[0m Fitting Client 12
[2m[36m(launch_and_fit pid=1441042)[0m Fitting Client 3
[2m[36m(launch_and_fit pid=1441274)[0m Fitting Client 18
[2m[36m(launch_and_fit pid=1441275)[0m malloc_consolidate(): invalid chunk size
E0815 22:04:14.184237198 1374129 chttp2_transport.cc:1079]             ipv4:145.136.62.20:50417: Received a GOAWAY with error code ENHANCE_YOUR_CALM and debug data equal to "too_many_pings". Current keepalive time (before throttling): ∞
[2m[36m(launch_and_fit pid=1441042)[0m malloc_consolidate(): invalid chunk size
[2m[36m(launch_and_fit pid=1441278)[0m double free or corruption (fasttop)
[2m[36m(launch_and_fit pid=1441277)[0m double free or corruption (fasttop)
[2m[36m(launch_and_fit pid=1441047)[0m malloc_consolidate(): invalid chunk size
INFO flwr 2023-08-15 22:04:50,906 | fed_df.py:540 | Distillation training stopped at step number : 250
INFO flwr 2023-08-15 22:04:50,907 | fed_df.py:547 | Average fusion training loss : 0.015941159833222626, val accuracy : 0.76808, best val accuracy : 0.7764
INFO flwr 2023-08-15 22:04:50,908 | common.py:35 | Avg. local train loss : 4.1818807344883675, train acc : 0.8824111111111109
INFO flwr 2023-08-15 22:04:53,980 | server.py:116 | fit progress: (23, 1.55346728515625, {'server_test_acc': 0.7659}, 2304.8677559173666)
INFO flwr 2023-08-15 22:04:53,981 | server.py:163 | evaluate_round 23: no clients selected, cancel
DEBUG flwr 2023-08-15 22:05:03,537 | server.py:215 | fit_round 24: strategy sampled 8 clients (out of 20)
DEBUG flwr 2023-08-15 22:05:52,385 | server.py:229 | fit_round 24 received 8 results and 0 failures
[2m[36m(launch_and_fit pid=1580817)[0m malloc_consolidate(): invalid chunk size
INFO flwr 2023-08-15 22:05:52,603 | fed_df.py:365 | Warm start at round 24
INFO flwr 2023-08-15 22:05:52,717 | fed_df.py:463 | Performing server side distillation training...
[2m[36m(launch_and_fit pid=1580820)[0m Fitting Client 17
[2m[36m(launch_and_fit pid=1580957)[0m Fitting Client 6
[2m[36m(launch_and_fit pid=1580817)[0m Fitting Client 7
[2m[36m(launch_and_fit pid=1580680)[0m Fitting Client 3
[2m[36m(launch_and_fit pid=1581059)[0m Fitting Client 14
[2m[36m(launch_and_fit pid=1581060)[0m Fitting Client 2
[2m[36m(launch_and_fit pid=1581062)[0m Fitting Client 15
[2m[36m(launch_and_fit pid=1581063)[0m Fitting Client 16
[2m[36m(launch_and_fit pid=1581059)[0m malloc_consolidate(): invalid chunk size
[2m[36m(launch_and_fit pid=1581060)[0m double free or corruption (fasttop)
[2m[36m(launch_and_fit pid=1580957)[0m malloc_consolidate(): invalid chunk size
[2m[36m(launch_and_fit pid=1580820)[0m malloc_consolidate(): invalid chunk size
[2m[36m(launch_and_fit pid=1580680)[0m double free or corruption (fasttop)
[2m[36m(launch_and_fit pid=1581063)[0m double free or corruption (fasttop)
[2m[36m(launch_and_fit pid=1581062)[0m double free or corruption (fasttop)
INFO flwr 2023-08-15 22:06:30,454 | fed_df.py:540 | Distillation training stopped at step number : 250
INFO flwr 2023-08-15 22:06:30,455 | fed_df.py:547 | Average fusion training loss : 0.014003007872030139, val accuracy : 0.7683199999999999, best val accuracy : 0.774
INFO flwr 2023-08-15 22:06:30,457 | common.py:35 | Avg. local train loss : 4.1222302809357645, train acc : 0.88765
INFO flwr 2023-08-15 22:06:33,514 | server.py:116 | fit progress: (24, 1.5622507232666016, {'server_test_acc': 0.7683}, 2404.401313522365)
INFO flwr 2023-08-15 22:06:33,514 | server.py:163 | evaluate_round 24: no clients selected, cancel
DEBUG flwr 2023-08-15 22:06:43,047 | server.py:215 | fit_round 25: strategy sampled 8 clients (out of 20)
DEBUG flwr 2023-08-15 22:07:32,611 | server.py:229 | fit_round 25 received 8 results and 0 failures
[2m[36m(launch_and_fit pid=1730929)[0m double free or corruption (fasttop)
INFO flwr 2023-08-15 22:07:32,826 | fed_df.py:365 | Warm start at round 25
INFO flwr 2023-08-15 22:07:32,940 | fed_df.py:463 | Performing server side distillation training...
[2m[36m(launch_and_fit pid=1730806)[0m Fitting Client 8
[2m[36m(launch_and_fit pid=1730929)[0m Fitting Client 7
[2m[36m(launch_and_fit pid=1730930)[0m Fitting Client 18
[2m[36m(launch_and_fit pid=1730933)[0m Fitting Client 12
[2m[36m(launch_and_fit pid=1730932)[0m Fitting Client 19
[2m[36m(launch_and_fit pid=1730928)[0m Fitting Client 2
[2m[36m(launch_and_fit pid=1730931)[0m Fitting Client 13
[2m[36m(launch_and_fit pid=1730841)[0m Fitting Client 14
[2m[36m(launch_and_fit pid=1730933)[0m double free or corruption (fasttop)
E0815 22:07:33.405570966 1826503 chttp2_transport.cc:1079]             ipv4:145.136.62.20:50417: Received a GOAWAY with error code ENHANCE_YOUR_CALM and debug data equal to "too_many_pings". Current keepalive time (before throttling): ∞
[2m[36m(launch_and_fit pid=1730841)[0m malloc_consolidate(): invalid chunk size
[2m[36m(launch_and_fit pid=1730931)[0m malloc_consolidate(): invalid chunk size
[2m[36m(launch_and_fit pid=1730932)[0m malloc_consolidate(): invalid chunk size
[2m[36m(launch_and_fit pid=1730806)[0m double free or corruption (fasttop)
[2m[36m(launch_and_fit pid=1730928)[0m malloc_consolidate(): invalid chunk size
[2m[36m(launch_and_fit pid=1730930)[0m malloc_consolidate(): invalid chunk size
INFO flwr 2023-08-15 22:08:11,287 | fed_df.py:540 | Distillation training stopped at step number : 250
INFO flwr 2023-08-15 22:08:11,287 | fed_df.py:547 | Average fusion training loss : 0.01997441614419222, val accuracy : 0.76664, best val accuracy : 0.7726
INFO flwr 2023-08-15 22:08:11,289 | common.py:35 | Avg. local train loss : 4.070139986276626, train acc : 0.8902916666666666
INFO flwr 2023-08-15 22:08:14,489 | server.py:116 | fit progress: (25, 1.5432450134277345, {'server_test_acc': 0.7642}, 2505.376190320123)
INFO flwr 2023-08-15 22:08:14,489 | server.py:163 | evaluate_round 25: no clients selected, cancel
DEBUG flwr 2023-08-15 22:08:24,309 | server.py:215 | fit_round 26: strategy sampled 8 clients (out of 20)
[2m[36m(launch_and_fit pid=1906024)[0m malloc_consolidate(): invalid chunk size
DEBUG flwr 2023-08-15 22:09:13,043 | server.py:229 | fit_round 26 received 8 results and 0 failures
INFO flwr 2023-08-15 22:09:13,256 | fed_df.py:365 | Warm start at round 26
[2m[36m(launch_and_fit pid=1906238)[0m malloc_consolidate(): invalid chunk size
INFO flwr 2023-08-15 22:09:13,369 | fed_df.py:463 | Performing server side distillation training...
[2m[36m(launch_and_fit pid=1906024)[0m Fitting Client 3
[2m[36m(launch_and_fit pid=1906238)[0m Fitting Client 17
[2m[36m(launch_and_fit pid=1906243)[0m Fitting Client 1
[2m[36m(launch_and_fit pid=1906409)[0m Fitting Client 12
[2m[36m(launch_and_fit pid=1906244)[0m Fitting Client 2
[2m[36m(launch_and_fit pid=1906408)[0m Fitting Client 14
[2m[36m(launch_and_fit pid=1906407)[0m Fitting Client 19
[2m[36m(launch_and_fit pid=1906406)[0m Fitting Client 0
[2m[36m(launch_and_fit pid=1906244)[0m malloc_consolidate(): invalid chunk size
[2m[36m(launch_and_fit pid=1906409)[0m malloc_consolidate(): invalid chunk size
[2m[36m(launch_and_fit pid=1906243)[0m malloc_consolidate(): invalid chunk size
[2m[36m(launch_and_fit pid=1906407)[0m malloc_consolidate(): invalid chunk size
[2m[36m(launch_and_fit pid=1906406)[0m malloc_consolidate(): invalid chunk size
[2m[36m(launch_and_fit pid=1906408)[0m malloc_consolidate(): invalid chunk size
E0815 22:09:14.971255819 1988673 chttp2_transport.cc:1079]             ipv4:145.136.62.20:50417: Received a GOAWAY with error code ENHANCE_YOUR_CALM and debug data equal to "too_many_pings". Current keepalive time (before throttling): ∞
INFO flwr 2023-08-15 22:09:50,804 | fed_df.py:540 | Distillation training stopped at step number : 250
INFO flwr 2023-08-15 22:09:50,804 | fed_df.py:547 | Average fusion training loss : 0.019305848967283965, val accuracy : 0.76816, best val accuracy : 0.776
INFO flwr 2023-08-15 22:09:50,806 | common.py:35 | Avg. local train loss : 4.066071363538503, train acc : 0.8915444444444446
INFO flwr 2023-08-15 22:09:53,829 | server.py:116 | fit progress: (26, 1.5359988616943359, {'server_test_acc': 0.7708}, 2604.716570863966)
INFO flwr 2023-08-15 22:09:53,830 | server.py:163 | evaluate_round 26: no clients selected, cancel
E0815 22:09:55.570512832 2041788 chttp2_transport.cc:1079]             ipv4:145.136.62.20:50417: Received a GOAWAY with error code ENHANCE_YOUR_CALM and debug data equal to "too_many_pings". Current keepalive time (before throttling): ∞
DEBUG flwr 2023-08-15 22:10:03,398 | server.py:215 | fit_round 27: strategy sampled 8 clients (out of 20)
DEBUG flwr 2023-08-15 22:10:52,404 | server.py:229 | fit_round 27 received 8 results and 0 failures
[2m[36m(launch_and_fit pid=2054568)[0m double free or corruption (fasttop)
[2m[36m(launch_and_fit pid=2054413)[0m double free or corruption (fasttop)
INFO flwr 2023-08-15 22:10:52,618 | fed_df.py:365 | Warm start at round 27
[2m[36m(launch_and_fit pid=2054412)[0m malloc_consolidate(): invalid chunk size
INFO flwr 2023-08-15 22:10:52,729 | fed_df.py:463 | Performing server side distillation training...
[2m[36m(launch_and_fit pid=2054413)[0m Fitting Client 13
[2m[36m(launch_and_fit pid=2054412)[0m Fitting Client 5
[2m[36m(launch_and_fit pid=2054552)[0m Fitting Client 15
[2m[36m(launch_and_fit pid=2054569)[0m Fitting Client 16
[2m[36m(launch_and_fit pid=2054568)[0m Fitting Client 18
[2m[36m(launch_and_fit pid=2054554)[0m Fitting Client 17
[2m[36m(launch_and_fit pid=2054559)[0m Fitting Client 6
[2m[36m(launch_and_fit pid=2054570)[0m Fitting Client 0
[2m[36m(launch_and_fit pid=2054554)[0m double free or corruption (fasttop)
[2m[36m(launch_and_fit pid=2054552)[0m malloc_consolidate(): invalid chunk size
[2m[36m(launch_and_fit pid=2054569)[0m double free or corruption (fasttop)
E0815 22:10:53.973711606 2134635 chttp2_transport.cc:1079]             ipv4:145.136.62.20:50417: Received a GOAWAY with error code ENHANCE_YOUR_CALM and debug data equal to "too_many_pings". Current keepalive time (before throttling): ∞
[2m[36m(launch_and_fit pid=2054559)[0m double free or corruption (fasttop)
[2m[36m(launch_and_fit pid=2054570)[0m malloc_consolidate(): invalid chunk size
INFO flwr 2023-08-15 22:11:30,321 | fed_df.py:540 | Distillation training stopped at step number : 250
INFO flwr 2023-08-15 22:11:30,321 | fed_df.py:547 | Average fusion training loss : 0.018646433506160975, val accuracy : 0.76936, best val accuracy : 0.7814
INFO flwr 2023-08-15 22:11:30,323 | common.py:35 | Avg. local train loss : 4.077670222520828, train acc : 0.8902611111111112
INFO flwr 2023-08-15 22:11:33,420 | server.py:116 | fit progress: (27, 1.517845135498047, {'server_test_acc': 0.7693}, 2704.307529776357)
INFO flwr 2023-08-15 22:11:33,420 | server.py:163 | evaluate_round 27: no clients selected, cancel
DEBUG flwr 2023-08-15 22:11:43,104 | server.py:215 | fit_round 28: strategy sampled 8 clients (out of 20)
[2m[36m(launch_and_fit pid=2201979)[0m double free or corruption (fasttop)
DEBUG flwr 2023-08-15 22:12:31,698 | server.py:229 | fit_round 28 received 8 results and 0 failures
[2m[36m(launch_and_fit pid=2201978)[0m double free or corruption (fasttop)
[2m[36m(launch_and_fit pid=2201993)[0m double free or corruption (fasttop)
INFO flwr 2023-08-15 22:12:31,914 | fed_df.py:365 | Warm start at round 28
INFO flwr 2023-08-15 22:12:32,027 | fed_df.py:463 | Performing server side distillation training...
[2m[36m(launch_and_fit pid=2201978)[0m Fitting Client 12
[2m[36m(launch_and_fit pid=2201979)[0m Fitting Client 5
[2m[36m(launch_and_fit pid=2201990)[0m Fitting Client 18
[2m[36m(launch_and_fit pid=2201981)[0m Fitting Client 0
[2m[36m(launch_and_fit pid=2201991)[0m Fitting Client 14
[2m[36m(launch_and_fit pid=2201985)[0m Fitting Client 8
[2m[36m(launch_and_fit pid=2201994)[0m Fitting Client 16
[2m[36m(launch_and_fit pid=2201993)[0m Fitting Client 13
E0815 22:12:32.472957899 2134770 chttp2_transport.cc:1079]             ipv4:145.136.62.20:50417: Received a GOAWAY with error code ENHANCE_YOUR_CALM and debug data equal to "too_many_pings". Current keepalive time (before throttling): ∞
[2m[36m(launch_and_fit pid=2201981)[0m malloc_consolidate(): invalid chunk size
[2m[36m(launch_and_fit pid=2201985)[0m malloc_consolidate(): invalid chunk size
[2m[36m(launch_and_fit pid=2201994)[0m malloc_consolidate(): invalid chunk size
[2m[36m(launch_and_fit pid=2201990)[0m double free or corruption (fasttop)
[2m[36m(launch_and_fit pid=2201991)[0m double free or corruption (fasttop)
INFO flwr 2023-08-15 22:13:09,775 | fed_df.py:540 | Distillation training stopped at step number : 250
INFO flwr 2023-08-15 22:13:09,776 | fed_df.py:547 | Average fusion training loss : 0.024137071549892426, val accuracy : 0.7722, best val accuracy : 0.782
INFO flwr 2023-08-15 22:13:09,777 | common.py:35 | Avg. local train loss : 4.035104535147548, train acc : 0.8957888888888889
INFO flwr 2023-08-15 22:13:13,054 | server.py:116 | fit progress: (28, 1.527201953125, {'server_test_acc': 0.7717}, 2803.9412909089588)
INFO flwr 2023-08-15 22:13:13,054 | server.py:163 | evaluate_round 28: no clients selected, cancel
DEBUG flwr 2023-08-15 22:13:22,720 | server.py:215 | fit_round 29: strategy sampled 8 clients (out of 20)
[2m[36m(launch_and_fit pid=2352305)[0m double free or corruption (fasttop)
DEBUG flwr 2023-08-15 22:14:11,238 | server.py:229 | fit_round 29 received 8 results and 0 failures
[2m[36m(launch_and_fit pid=2352812)[0m malloc_consolidate(): invalid chunk size
[2m[36m(launch_and_fit pid=2352813)[0m malloc_consolidate(): invalid chunk size
INFO flwr 2023-08-15 22:14:11,454 | fed_df.py:365 | Warm start at round 29
INFO flwr 2023-08-15 22:14:11,568 | fed_df.py:463 | Performing server side distillation training...
[2m[36m(launch_and_fit pid=2352281)[0m Fitting Client 9
[2m[36m(launch_and_fit pid=2352305)[0m Fitting Client 14
[2m[36m(launch_and_fit pid=2352282)[0m Fitting Client 13
[2m[36m(launch_and_fit pid=2352811)[0m Fitting Client 4
[2m[36m(launch_and_fit pid=2352810)[0m Fitting Client 15
[2m[36m(launch_and_fit pid=2352813)[0m Fitting Client 19
[2m[36m(launch_and_fit pid=2352812)[0m Fitting Client 3
[2m[36m(launch_and_fit pid=2352814)[0m Fitting Client 16
[2m[36m(launch_and_fit pid=2352810)[0m double free or corruption (fasttop)
[2m[36m(launch_and_fit pid=2352811)[0m double free or corruption (fasttop)
[2m[36m(launch_and_fit pid=2352281)[0m malloc_consolidate(): invalid chunk size
[2m[36m(launch_and_fit pid=2352282)[0m malloc_consolidate(): invalid chunk size
[2m[36m(launch_and_fit pid=2352814)[0m malloc_consolidate(): invalid chunk size
INFO flwr 2023-08-15 22:14:54,887 | fed_df.py:540 | Distillation training stopped at step number : 250
INFO flwr 2023-08-15 22:14:54,888 | fed_df.py:547 | Average fusion training loss : 0.015484408367425203, val accuracy : 0.7778, best val accuracy : 0.784
INFO flwr 2023-08-15 22:14:54,890 | common.py:35 | Avg. local train loss : 4.0212362676858895, train acc : 0.8963388888888889
INFO flwr 2023-08-15 22:14:57,924 | server.py:116 | fit progress: (29, 1.620944873046875, {'server_test_acc': 0.7763}, 2908.8115743300878)
INFO flwr 2023-08-15 22:14:57,925 | server.py:163 | evaluate_round 29: no clients selected, cancel
DEBUG flwr 2023-08-15 22:15:07,598 | server.py:215 | fit_round 30: strategy sampled 8 clients (out of 20)
[2m[36m(launch_and_fit pid=2503728)[0m malloc_consolidate(): invalid chunk size
DEBUG flwr 2023-08-15 22:15:55,279 | server.py:229 | fit_round 30 received 8 results and 0 failures
INFO flwr 2023-08-15 22:15:55,494 | fed_df.py:365 | Warm start at round 30
INFO flwr 2023-08-15 22:15:55,607 | fed_df.py:463 | Performing server side distillation training...
[2m[36m(launch_and_fit pid=2503870)[0m double free or corruption (fasttop)
[2m[36m(launch_and_fit pid=2503728)[0m Fitting Client 1
[2m[36m(launch_and_fit pid=2503938)[0m Fitting Client 14
[2m[36m(launch_and_fit pid=2503867)[0m Fitting Client 17
[2m[36m(launch_and_fit pid=2503869)[0m Fitting Client 19
[2m[36m(launch_and_fit pid=2503870)[0m Fitting Client 10
[2m[36m(launch_and_fit pid=2503868)[0m Fitting Client 18
[2m[36m(launch_and_fit pid=2503951)[0m Fitting Client 0
[2m[36m(launch_and_fit pid=2503974)[0m Fitting Client 9
[2m[36m(launch_and_fit pid=2503867)[0m double free or corruption (fasttop)
[2m[36m(launch_and_fit pid=2503938)[0m malloc_consolidate(): invalid chunk size
[2m[36m(launch_and_fit pid=2503869)[0m malloc_consolidate(): invalid chunk size
[2m[36m(launch_and_fit pid=2503974)[0m double free or corruption (fasttop)
E0815 22:15:56.982469918 2573550 chttp2_transport.cc:1079]             ipv4:145.136.62.20:50417: Received a GOAWAY with error code ENHANCE_YOUR_CALM and debug data equal to "too_many_pings". Current keepalive time (before throttling): ∞
[2m[36m(launch_and_fit pid=2503868)[0m malloc_consolidate(): invalid chunk size
[2m[36m(launch_and_fit pid=2503951)[0m double free or corruption (fasttop)
INFO flwr 2023-08-15 22:16:33,857 | fed_df.py:540 | Distillation training stopped at step number : 250
INFO flwr 2023-08-15 22:16:33,857 | fed_df.py:547 | Average fusion training loss : 0.022575610980391504, val accuracy : 0.78384, best val accuracy : 0.7888
INFO flwr 2023-08-15 22:16:33,859 | common.py:35 | Avg. local train loss : 3.970471280813217, train acc : 0.9010444444444443
INFO flwr 2023-08-15 22:16:36,828 | server.py:116 | fit progress: (30, 1.5184721435546875, {'server_test_acc': 0.7747}, 3007.7148904250935)
INFO flwr 2023-08-15 22:16:36,828 | server.py:163 | evaluate_round 30: no clients selected, cancel
INFO flwr 2023-08-15 22:16:36,828 | server.py:144 | FL finished in 3007.7153458483517
INFO flwr 2023-08-15 22:16:36,828 | app.py:202 | app_fit: losses_distributed []
INFO flwr 2023-08-15 22:16:36,829 | app.py:203 | app_fit: metrics_distributed {}
INFO flwr 2023-08-15 22:16:36,829 | app.py:204 | app_fit: losses_centralized [(0, 2.3234217651367186), (1, 1.5632239929199219), (2, 1.3912504760742188), (3, 1.357510110473633), (4, 1.3831217468261718), (5, 1.4622511566162109), (6, 1.5505906555175781), (7, 1.5857196746826172), (8, 1.585119677734375), (9, 1.591845538330078), (10, 1.6205184906005858), (11, 1.6228863189697265), (12, 1.6315000396728516), (13, 1.6509808898925782), (14, 1.5967969451904296), (15, 1.6463229400634765), (16, 1.6922082611083984), (17, 1.5790369750976563), (18, 1.6346228637695313), (19, 1.6409905212402345), (20, 1.5822381866455077), (21, 1.5666633117675781), (22, 1.5622967041015625), (23, 1.55346728515625), (24, 1.5622507232666016), (25, 1.5432450134277345), (26, 1.5359988616943359), (27, 1.517845135498047), (28, 1.527201953125), (29, 1.620944873046875), (30, 1.5184721435546875)]
INFO flwr 2023-08-15 22:16:36,829 | app.py:205 | app_fit: metrics_centralized {'server_test_acc': [(0, 0.108), (1, 0.4438), (2, 0.572), (3, 0.6208), (4, 0.6487), (5, 0.6784), (6, 0.6908), (7, 0.7007), (8, 0.7075), (9, 0.718), (10, 0.7264), (11, 0.7324), (12, 0.7394), (13, 0.7402), (14, 0.7421), (15, 0.741), (16, 0.7489), (17, 0.7585), (18, 0.7553), (19, 0.7594), (20, 0.7589), (21, 0.7595), (22, 0.7675), (23, 0.7659), (24, 0.7683), (25, 0.7642), (26, 0.7708), (27, 0.7693), (28, 0.7717), (29, 0.7763), (30, 0.7747)]}
malloc_consolidate(): invalid chunk size
srun: error: gcn20: task 0: Aborted
srun: Terminating StepId=3347577.1
-----EXPERIMENT ENDS-----
-----CLEANING UP DISK------
-----END-----

JOB STATISTICS
==============
Job ID: 3347577
Cluster: snellius
User/Group: sunnys/sunnys
State: COMPLETED (exit code 0)
Nodes: 1
Cores per node: 18
CPU Utilized: 02:02:45
CPU Efficiency: 12.38% of 16:31:30 core-walltime
Job Wall-clock time: 00:55:05
Memory Utilized: 57.54 GB
Memory Efficiency: 47.95% of 120.00 GB
